   1              		.cpu cortex-m4
   2              		.eabi_attribute 27, 1
   3              		.eabi_attribute 28, 1
   4              		.eabi_attribute 23, 1
   5              		.eabi_attribute 24, 1
   6              		.eabi_attribute 25, 1
   7              		.eabi_attribute 26, 1
   8              		.eabi_attribute 30, 2
   9              		.eabi_attribute 34, 0
  10              		.eabi_attribute 18, 2
  11              		.file	"sync_timer.c"
  12              		.file 1 "/usr/lib/gcc/arm-none-eabi/10.3.1/include/stdint.h"
  13              		.file 2 "tmk_core/common/sync_timer.c"
  14              		.section	.gnu.debuglto_.debug_info,"e",%progbits
  15              	.Ldebug_info0:
  16              		.hidden	sync_timer.c.2f097f37
  17              		.weak	sync_timer.c.2f097f37
  18              	sync_timer.c.2f097f37:
  19 0000 1B010000 		.4byte	0x11b
  20 0004 0400     		.2byte	0x4
  21 0006 00000000 		.4byte	.Ldebug_abbrev0
  22 000a 04       		.byte	0x4
  23 000b 01       		.uleb128 0x1
  24 000c E5000000 		.4byte	.LASF20
  25 0010 0C       		.byte	0xc
  26 0011 13000000 		.4byte	.LASF21
  27 0015 86000000 		.4byte	.LASF22
  28 0019 00000000 		.4byte	.Ldebug_line0
  29 001d 02       		.uleb128 0x2
  30 001e 01       		.byte	0x1
  31 001f 06       		.byte	0x6
  32 0020 92020000 		.4byte	.LASF0
  33 0024 02       		.uleb128 0x2
  34 0025 02       		.byte	0x2
  35 0026 05       		.byte	0x5
  36 0027 4B020000 		.4byte	.LASF1
  37 002b 03       		.uleb128 0x3
  38 002c 0E020000 		.4byte	.LASF4
  39 0030 01       		.byte	0x1
  40 0031 28       		.byte	0x28
  41 0032 18       		.byte	0x18
  42 0033 3C000000 		.4byte	0x3c
  43 0037 04       		.uleb128 0x4
  44 0038 2B000000 		.4byte	0x2b
  45 003c 02       		.uleb128 0x2
  46 003d 04       		.byte	0x4
  47 003e 05       		.byte	0x5
  48 003f 89020000 		.4byte	.LASF2
  49 0043 02       		.uleb128 0x2
  50 0044 08       		.byte	0x8
  51 0045 05       		.byte	0x5
  52 0046 16020000 		.4byte	.LASF3
  53 004a 03       		.uleb128 0x3
  54 004b D8000000 		.4byte	.LASF5
  55 004f 01       		.byte	0x1
  56 0050 2E       		.byte	0x2e
  57 0051 18       		.byte	0x18
  58 0052 56000000 		.4byte	0x56
  59 0056 02       		.uleb128 0x2
  60 0057 01       		.byte	0x1
  61 0058 08       		.byte	0x8
  62 0059 40000000 		.4byte	.LASF6
  63 005d 03       		.uleb128 0x3
  64 005e 65020000 		.4byte	.LASF7
  65 0062 01       		.byte	0x1
  66 0063 31       		.byte	0x31
  67 0064 19       		.byte	0x19
  68 0065 69000000 		.4byte	0x69
  69 0069 02       		.uleb128 0x2
  70 006a 02       		.byte	0x2
  71 006b 07       		.byte	0x7
  72 006c 60000000 		.4byte	.LASF8
  73 0070 03       		.uleb128 0x3
  74 0071 80020000 		.4byte	.LASF9
  75 0075 01       		.byte	0x1
  76 0076 34       		.byte	0x34
  77 0077 19       		.byte	0x19
  78 0078 7C000000 		.4byte	0x7c
  79 007c 02       		.uleb128 0x2
  80 007d 04       		.byte	0x4
  81 007e 07       		.byte	0x7
  82 007f 4E000000 		.4byte	.LASF10
  83 0083 02       		.uleb128 0x2
  84 0084 08       		.byte	0x8
  85 0085 07       		.byte	0x7
  86 0086 C1000000 		.4byte	.LASF11
  87 008a 05       		.uleb128 0x5
  88 008b 04       		.byte	0x4
  89 008c 05       		.byte	0x5
  90 008d 696E7400 		.ascii	"int\000"
  91 0091 02       		.uleb128 0x2
  92 0092 04       		.byte	0x4
  93 0093 07       		.byte	0x7
  94 0094 B4000000 		.4byte	.LASF12
  95 0098 02       		.uleb128 0x2
  96 0099 01       		.byte	0x1
  97 009a 02       		.byte	0x2
  98 009b 9E020000 		.4byte	.LASF13
  99 009f 06       		.uleb128 0x6
 100 00a0 73000000 		.4byte	.LASF23
 101 00a4 02       		.byte	0x2
 102 00a5 1E       		.byte	0x1e
 103 00a6 12       		.byte	0x12
 104 00a7 37000000 		.4byte	0x37
 105 00ab 07       		.uleb128 0x7
 106 00ac 36020000 		.4byte	.LASF14
 107 00b0 02       		.byte	0x2
 108 00b1 36       		.byte	0x36
 109 00b2 0A       		.byte	0xa
 110 00b3 70000000 		.4byte	0x70
 111 00b7 C8000000 		.4byte	0xc8
 112 00bb 08       		.uleb128 0x8
 113 00bc E0000000 		.4byte	.LASF16
 114 00c0 02       		.byte	0x2
 115 00c1 36       		.byte	0x36
 116 00c2 28       		.byte	0x28
 117 00c3 70000000 		.4byte	0x70
 118 00c7 00       		.byte	0
 119 00c8 07       		.uleb128 0x7
 120 00c9 00000000 		.4byte	.LASF15
 121 00cd 02       		.byte	0x2
 122 00ce 31       		.byte	0x31
 123 00cf 0A       		.byte	0xa
 124 00d0 5D000000 		.4byte	0x5d
 125 00d4 E5000000 		.4byte	0xe5
 126 00d8 08       		.uleb128 0x8
 127 00d9 E0000000 		.4byte	.LASF16
 128 00dd 02       		.byte	0x2
 129 00de 31       		.byte	0x31
 130 00df 26       		.byte	0x26
 131 00e0 5D000000 		.4byte	0x5d
 132 00e4 00       		.byte	0
 133 00e5 09       		.uleb128 0x9
 134 00e6 24020000 		.4byte	.LASF17
 135 00ea 02       		.byte	0x2
 136 00eb 2C       		.byte	0x2c
 137 00ec 0A       		.byte	0xa
 138 00ed 70000000 		.4byte	0x70
 139 00f1 09       		.uleb128 0x9
 140 00f2 30000000 		.4byte	.LASF18
 141 00f6 02       		.byte	0x2
 142 00f7 27       		.byte	0x27
 143 00f8 0A       		.byte	0xa
 144 00f9 5D000000 		.4byte	0x5d
 145 00fd 0A       		.uleb128 0xa
 146 00fe 6E020000 		.4byte	.LASF24
 147 0102 02       		.byte	0x2
 148 0103 22       		.byte	0x22
 149 0104 06       		.byte	0x6
 150 0105 16010000 		.4byte	0x116
 151 0109 08       		.uleb128 0x8
 152 010a 81000000 		.4byte	.LASF19
 153 010e 02       		.byte	0x2
 154 010f 22       		.byte	0x22
 155 0110 21       		.byte	0x21
 156 0111 70000000 		.4byte	0x70
 157 0115 00       		.byte	0
 158 0116 0B       		.uleb128 0xb
 159 0117 55020000 		.4byte	.LASF25
 160 011b 02       		.byte	0x2
 161 011c 20       		.byte	0x20
 162 011d 06       		.byte	0x6
 163 011e 00       		.byte	0
 164              		.section	.gnu.debuglto_.debug_abbrev,"e",%progbits
 165              	.Ldebug_abbrev0:
 166 0000 01       		.uleb128 0x1
 167 0001 11       		.uleb128 0x11
 168 0002 01       		.byte	0x1
 169 0003 25       		.uleb128 0x25
 170 0004 0E       		.uleb128 0xe
 171 0005 13       		.uleb128 0x13
 172 0006 0B       		.uleb128 0xb
 173 0007 03       		.uleb128 0x3
 174 0008 0E       		.uleb128 0xe
 175 0009 1B       		.uleb128 0x1b
 176 000a 0E       		.uleb128 0xe
 177 000b 10       		.uleb128 0x10
 178 000c 17       		.uleb128 0x17
 179 000d 00       		.byte	0
 180 000e 00       		.byte	0
 181 000f 02       		.uleb128 0x2
 182 0010 24       		.uleb128 0x24
 183 0011 00       		.byte	0
 184 0012 0B       		.uleb128 0xb
 185 0013 0B       		.uleb128 0xb
 186 0014 3E       		.uleb128 0x3e
 187 0015 0B       		.uleb128 0xb
 188 0016 03       		.uleb128 0x3
 189 0017 0E       		.uleb128 0xe
 190 0018 00       		.byte	0
 191 0019 00       		.byte	0
 192 001a 03       		.uleb128 0x3
 193 001b 16       		.uleb128 0x16
 194 001c 00       		.byte	0
 195 001d 03       		.uleb128 0x3
 196 001e 0E       		.uleb128 0xe
 197 001f 3A       		.uleb128 0x3a
 198 0020 0B       		.uleb128 0xb
 199 0021 3B       		.uleb128 0x3b
 200 0022 0B       		.uleb128 0xb
 201 0023 39       		.uleb128 0x39
 202 0024 0B       		.uleb128 0xb
 203 0025 49       		.uleb128 0x49
 204 0026 13       		.uleb128 0x13
 205 0027 00       		.byte	0
 206 0028 00       		.byte	0
 207 0029 04       		.uleb128 0x4
 208 002a 35       		.uleb128 0x35
 209 002b 00       		.byte	0
 210 002c 49       		.uleb128 0x49
 211 002d 13       		.uleb128 0x13
 212 002e 00       		.byte	0
 213 002f 00       		.byte	0
 214 0030 05       		.uleb128 0x5
 215 0031 24       		.uleb128 0x24
 216 0032 00       		.byte	0
 217 0033 0B       		.uleb128 0xb
 218 0034 0B       		.uleb128 0xb
 219 0035 3E       		.uleb128 0x3e
 220 0036 0B       		.uleb128 0xb
 221 0037 03       		.uleb128 0x3
 222 0038 08       		.uleb128 0x8
 223 0039 00       		.byte	0
 224 003a 00       		.byte	0
 225 003b 06       		.uleb128 0x6
 226 003c 34       		.uleb128 0x34
 227 003d 00       		.byte	0
 228 003e 03       		.uleb128 0x3
 229 003f 0E       		.uleb128 0xe
 230 0040 3A       		.uleb128 0x3a
 231 0041 0B       		.uleb128 0xb
 232 0042 3B       		.uleb128 0x3b
 233 0043 0B       		.uleb128 0xb
 234 0044 39       		.uleb128 0x39
 235 0045 0B       		.uleb128 0xb
 236 0046 49       		.uleb128 0x49
 237 0047 13       		.uleb128 0x13
 238 0048 3F       		.uleb128 0x3f
 239 0049 19       		.uleb128 0x19
 240 004a 00       		.byte	0
 241 004b 00       		.byte	0
 242 004c 07       		.uleb128 0x7
 243 004d 2E       		.uleb128 0x2e
 244 004e 01       		.byte	0x1
 245 004f 3F       		.uleb128 0x3f
 246 0050 19       		.uleb128 0x19
 247 0051 03       		.uleb128 0x3
 248 0052 0E       		.uleb128 0xe
 249 0053 3A       		.uleb128 0x3a
 250 0054 0B       		.uleb128 0xb
 251 0055 3B       		.uleb128 0x3b
 252 0056 0B       		.uleb128 0xb
 253 0057 39       		.uleb128 0x39
 254 0058 0B       		.uleb128 0xb
 255 0059 27       		.uleb128 0x27
 256 005a 19       		.uleb128 0x19
 257 005b 49       		.uleb128 0x49
 258 005c 13       		.uleb128 0x13
 259 005d 01       		.uleb128 0x1
 260 005e 13       		.uleb128 0x13
 261 005f 00       		.byte	0
 262 0060 00       		.byte	0
 263 0061 08       		.uleb128 0x8
 264 0062 05       		.uleb128 0x5
 265 0063 00       		.byte	0
 266 0064 03       		.uleb128 0x3
 267 0065 0E       		.uleb128 0xe
 268 0066 3A       		.uleb128 0x3a
 269 0067 0B       		.uleb128 0xb
 270 0068 3B       		.uleb128 0x3b
 271 0069 0B       		.uleb128 0xb
 272 006a 39       		.uleb128 0x39
 273 006b 0B       		.uleb128 0xb
 274 006c 49       		.uleb128 0x49
 275 006d 13       		.uleb128 0x13
 276 006e 00       		.byte	0
 277 006f 00       		.byte	0
 278 0070 09       		.uleb128 0x9
 279 0071 2E       		.uleb128 0x2e
 280 0072 00       		.byte	0
 281 0073 3F       		.uleb128 0x3f
 282 0074 19       		.uleb128 0x19
 283 0075 03       		.uleb128 0x3
 284 0076 0E       		.uleb128 0xe
 285 0077 3A       		.uleb128 0x3a
 286 0078 0B       		.uleb128 0xb
 287 0079 3B       		.uleb128 0x3b
 288 007a 0B       		.uleb128 0xb
 289 007b 39       		.uleb128 0x39
 290 007c 0B       		.uleb128 0xb
 291 007d 27       		.uleb128 0x27
 292 007e 19       		.uleb128 0x19
 293 007f 49       		.uleb128 0x49
 294 0080 13       		.uleb128 0x13
 295 0081 00       		.byte	0
 296 0082 00       		.byte	0
 297 0083 0A       		.uleb128 0xa
 298 0084 2E       		.uleb128 0x2e
 299 0085 01       		.byte	0x1
 300 0086 3F       		.uleb128 0x3f
 301 0087 19       		.uleb128 0x19
 302 0088 03       		.uleb128 0x3
 303 0089 0E       		.uleb128 0xe
 304 008a 3A       		.uleb128 0x3a
 305 008b 0B       		.uleb128 0xb
 306 008c 3B       		.uleb128 0x3b
 307 008d 0B       		.uleb128 0xb
 308 008e 39       		.uleb128 0x39
 309 008f 0B       		.uleb128 0xb
 310 0090 27       		.uleb128 0x27
 311 0091 19       		.uleb128 0x19
 312 0092 01       		.uleb128 0x1
 313 0093 13       		.uleb128 0x13
 314 0094 00       		.byte	0
 315 0095 00       		.byte	0
 316 0096 0B       		.uleb128 0xb
 317 0097 2E       		.uleb128 0x2e
 318 0098 00       		.byte	0
 319 0099 3F       		.uleb128 0x3f
 320 009a 19       		.uleb128 0x19
 321 009b 03       		.uleb128 0x3
 322 009c 0E       		.uleb128 0xe
 323 009d 3A       		.uleb128 0x3a
 324 009e 0B       		.uleb128 0xb
 325 009f 3B       		.uleb128 0x3b
 326 00a0 0B       		.uleb128 0xb
 327 00a1 39       		.uleb128 0x39
 328 00a2 0B       		.uleb128 0xb
 329 00a3 27       		.uleb128 0x27
 330 00a4 19       		.uleb128 0x19
 331 00a5 00       		.byte	0
 332 00a6 00       		.byte	0
 333 00a7 00       		.byte	0
 334              		.section	.gnu.debuglto_.debug_line,"e",%progbits
 335              	.Ldebug_line0:
 336 0000 70000000 		.4byte	.LELT0-.LSLT0
 337              	.LSLT0:
 338 0004 0400     		.2byte	0x4
 339 0006 6A000000 		.4byte	.LELTP0-.LASLTP0
 340              	.LASLTP0:
 341 000a 01       		.byte	0x1
 342 000b 01       		.byte	0x1
 343 000c 01       		.byte	0x1
 344 000d F6       		.byte	0xf6
 345 000e F2       		.byte	0xf2
 346 000f 0D       		.byte	0xd
 347 0010 00       		.byte	0
 348 0011 01       		.byte	0x1
 349 0012 01       		.byte	0x1
 350 0013 01       		.byte	0x1
 351 0014 01       		.byte	0x1
 352 0015 00       		.byte	0
 353 0016 00       		.byte	0
 354 0017 00       		.byte	0
 355 0018 01       		.byte	0x1
 356 0019 00       		.byte	0
 357 001a 00       		.byte	0
 358 001b 01       		.byte	0x1
 359 001c 746D6B5F 		.ascii	"tmk_core/common"
 359      636F7265 
 359      2F636F6D 
 359      6D6F6E
 360 002b 00       		.byte	0
 361 002c 2F757372 		.ascii	"/usr/lib/gcc/arm-none-eabi/10.3.1/include"
 361      2F6C6962 
 361      2F676363 
 361      2F61726D 
 361      2D6E6F6E 
 362 0055 00       		.byte	0
 363 0056 00       		.byte	0
 364 0057 73746469 		.ascii	"stdint.h\000"
 364      6E742E68 
 364      00
 365 0060 02       		.uleb128 0x2
 366 0061 00       		.uleb128 0
 367 0062 00       		.uleb128 0
 368 0063 73796E63 		.ascii	"sync_timer.c\000"
 368      5F74696D 
 368      65722E63 
 368      00
 369 0070 01       		.uleb128 0x1
 370 0071 00       		.uleb128 0
 371 0072 00       		.uleb128 0
 372 0073 00       		.byte	0
 373              	.LELTP0:
 374              	.LELT0:
 375              		.section	.gnu.debuglto_.debug_str,"eMS",%progbits,1
 376              	.LASF15:
 377 0000 73796E63 		.ascii	"sync_timer_elapsed\000"
 377      5F74696D 
 377      65725F65 
 377      6C617073 
 377      656400
 378              	.LASF21:
 379 0013 746D6B5F 		.ascii	"tmk_core/common/sync_timer.c\000"
 379      636F7265 
 379      2F636F6D 
 379      6D6F6E2F 
 379      73796E63 
 380              	.LASF18:
 381 0030 73796E63 		.ascii	"sync_timer_read\000"
 381      5F74696D 
 381      65725F72 
 381      65616400 
 382              	.LASF6:
 383 0040 756E7369 		.ascii	"unsigned char\000"
 383      676E6564 
 383      20636861 
 383      7200
 384              	.LASF10:
 385 004e 6C6F6E67 		.ascii	"long unsigned int\000"
 385      20756E73 
 385      69676E65 
 385      6420696E 
 385      7400
 386              	.LASF8:
 387 0060 73686F72 		.ascii	"short unsigned int\000"
 387      7420756E 
 387      7369676E 
 387      65642069 
 387      6E7400
 388              	.LASF23:
 389 0073 73796E63 		.ascii	"sync_timer_ms\000"
 389      5F74696D 
 389      65725F6D 
 389      7300
 390              	.LASF19:
 391 0081 74696D65 		.ascii	"time\000"
 391      00
 392              	.LASF22:
 393 0086 2F686F6D 		.ascii	"/home/jstewart/source/yaemk-split-kb/Firmware\000"
 393      652F6A73 
 393      74657761 
 393      72742F73 
 393      6F757263 
 394              	.LASF12:
 395 00b4 756E7369 		.ascii	"unsigned int\000"
 395      676E6564 
 395      20696E74 
 395      00
 396              	.LASF11:
 397 00c1 6C6F6E67 		.ascii	"long long unsigned int\000"
 397      206C6F6E 
 397      6720756E 
 397      7369676E 
 397      65642069 
 398              	.LASF5:
 399 00d8 75696E74 		.ascii	"uint8_t\000"
 399      385F7400 
 400              	.LASF16:
 401 00e0 6C617374 		.ascii	"last\000"
 401      00
 402              	.LASF20:
 403 00e5 474E5520 		.ascii	"GNU C99 10.3.1 20210621 (release) -mcpu=cortex-m4 -"
 403      43393920 
 403      31302E33 
 403      2E312032 
 403      30323130 
 404 0118 6D746875 		.ascii	"mthumb -mno-thumb-interwork -mno-unaligned-access -"
 404      6D62202D 
 404      6D6E6F2D 
 404      7468756D 
 404      622D696E 
 405 014b 6D666C6F 		.ascii	"mfloat-abi=hard -mfpu=fpv4-sp-d16 -march=armv7e-m+f"
 405      61742D61 
 405      62693D68 
 405      61726420 
 405      2D6D6670 
 406 017e 70202D67 		.ascii	"p -ggdb -Os -Ofast -std=gnu99 -fsingle-precision-co"
 406      67646220 
 406      2D4F7320 
 406      2D4F6661 
 406      7374202D 
 407 01b1 6E737461 		.ascii	"nstant -fomit-frame-pointer -ffunction-sections -fd"
 407      6E74202D 
 407      666F6D69 
 407      742D6672 
 407      616D652D 
 408 01e4 6174612D 		.ascii	"ata-sections -fshort-wchar -fcommon -flto\000"
 408      73656374 
 408      696F6E73 
 408      202D6673 
 408      686F7274 
 409              	.LASF4:
 410 020e 696E7433 		.ascii	"int32_t\000"
 410      325F7400 
 411              	.LASF3:
 412 0216 6C6F6E67 		.ascii	"long long int\000"
 412      206C6F6E 
 412      6720696E 
 412      7400
 413              	.LASF17:
 414 0224 73796E63 		.ascii	"sync_timer_read32\000"
 414      5F74696D 
 414      65725F72 
 414      65616433 
 414      3200
 415              	.LASF14:
 416 0236 73796E63 		.ascii	"sync_timer_elapsed32\000"
 416      5F74696D 
 416      65725F65 
 416      6C617073 
 416      65643332 
 417              	.LASF1:
 418 024b 73686F72 		.ascii	"short int\000"
 418      7420696E 
 418      7400
 419              	.LASF25:
 420 0255 73796E63 		.ascii	"sync_timer_init\000"
 420      5F74696D 
 420      65725F69 
 420      6E697400 
 421              	.LASF7:
 422 0265 75696E74 		.ascii	"uint16_t\000"
 422      31365F74 
 422      00
 423              	.LASF24:
 424 026e 73796E63 		.ascii	"sync_timer_update\000"
 424      5F74696D 
 424      65725F75 
 424      70646174 
 424      6500
 425              	.LASF9:
 426 0280 75696E74 		.ascii	"uint32_t\000"
 426      33325F74 
 426      00
 427              	.LASF2:
 428 0289 6C6F6E67 		.ascii	"long int\000"
 428      20696E74 
 428      00
 429              	.LASF0:
 430 0292 7369676E 		.ascii	"signed char\000"
 430      65642063 
 430      68617200 
 431              	.LASF13:
 432 029e 5F426F6F 		.ascii	"_Bool\000"
 432      6C00
 433              		.text
 434              		.section	.gnu.lto_.profile.ab03faec3868813d,"e",%progbits
 435 0000 789C6362 		.ascii	"x\234cb\000\001\000\000\022\000\003"
 435      00010000 
 435      120003
 436              		.text
 437              		.section	.gnu.lto_.icf.ab03faec3868813d,"e",%progbits
 438 0000 789C3362 		.ascii	"x\2343b@\000\016\206s7?<\343c\272\327\377\241\201\231"
 438      40000E86 
 438      73373F3C 
 438      E363BAD7 
 438      FFA18199 
 439 0014 79DAD3A9 		.ascii	"y\332\323\251\337\270Y~_\354\334\315\310z\373\350\202"
 439      DFB8597E 
 439      5FECDCCD 
 439      C87AFBE8 
 439      82
 440 0025 0F5C6CA7 		.ascii	"\017\\l\247\367m\277\304\301~\355\372\345\213|\034`"
 440      F76DBFC4 
 440      C17EEDFA 
 440      E58B7C1C 
 440      60
 441 0036 92010099 		.ascii	"\222\001\000\231\015\031\375"
 441      0D19FD
 442              		.text
 443              		.section	.gnu.lto_.ipa_sra.ab03faec3868813d,"e",%progbits
 444 0000 789C0B63 		.ascii	"x\234\013c@\000\016\006F\020\005$\230\030\230\031\230"
 444      40000E06 
 444      46100524 
 444      98189819 
 444      98
 445 0011 98191859 		.ascii	"\230\031\030Y@\002\214@\000\021f\005\011\003!\003\033"
 445      40028C40 
 445      00116605 
 445      09032103 
 445      1B
 446 0022 8CC10ED6 		.ascii	"\214\301\016\326\001\344\200\225\000\0058\320\005\030"
 446      01E48095 
 446      000538D0 
 446      0518
 447 0030 0031B900 		.ascii	"\0001\271\000\262"
 447      B2
 448              		.text
 449              		.section	.gnu.lto_.inline.ab03faec3868813d,"e",%progbits
 450 0000 789CAB60 		.ascii	"x\234\253`d\200\003\016\006\006\366\206\206\206\007"
 450      6480030E 
 450      0606F686 
 450      868607
 451 000f CC698C0C 		.ascii	"\314i\214\014L,@V\003S\012\003\003\033\204\301\304\300"
 451      4C2C4056 
 451      03530A03 
 451      031B84C1 
 451      C4C0
 452 0021 0454C2C4 		.ascii	"\004T\302\304\015R\310D\244:f\006\260,s\012P\035\023"
 452      0D52C844 
 452      A43A6606 
 452      B02C730A 
 452      501D13
 453 0034 583A194D 		.ascii	"X:\031M\035\013\003\347\333\353\315\307\230\322\361"
 453      1D0B03E7 
 453      DBEBCDC7 
 453      98D2F1
 454 0043 9BC438C1 		.ascii	"\233\3048\301\017b\"+\0037Pn\0013\001\365($\033\003"
 454      0F62222B 
 454      0337506E 
 454      013301F5 
 454      28241B03 
 455 0057 7723A97A 		.ascii	"w#\251z\330\031x\201z6\200\365\260\255\330\261\367\012"
 455      D8197881 
 455      7A3680F5 
 455      B0ADD8B1 
 455      F70A
 456 0069 2E1FF220 		.ascii	".\037\362 \273\216\203,]\014\000F\377B\346"
 456      BB8E832C 
 456      5D0C0046 
 456      FF42E6
 457              		.text
 458              		.section	.gnu.lto_.jmpfuncs.ab03faec3868813d,"e",%progbits
 459 0000 789C2B65 		.ascii	"x\234+e@\000\016\006FF\306\372%\314\014\014L@\036\220"
 459      40000E06 
 459      4646C6FA 
 459      25CC0C0C 
 459      4C401E90 
 460 0014 6201F219 		.ascii	"b\001\362\031\201|&\226:\240\000\343\001\026F\006 \376"
 460      817C2696 
 460      3AA000E3 
 460      01164606 
 460      20FE
 461 0026 0F04FC0C 		.ascii	"\017\004\374\014\014\254`=l`\222\035\242\221\021C%\320"
 461      0CAC603D 
 461      6C60921D 
 461      A2911143 
 461      25D0
 462 0038 100EB8A1 		.ascii	"\020\016\270\241\330La\000\000\"\206\025\014"
 462      D84C6100 
 462      00228615 
 462      0C
 463              		.text
 464              		.section	.gnu.lto_.pureconst.ab03faec3868813d,"e",%progbits
 465 0000 789C05C1 		.ascii	"x\234\005\301\201\021\000 \010\003\261\036>\312\012"
 465      81110020 
 465      0803B11E 
 465      3ECA0A
 466 000f 6CDEEBB4 		.ascii	"l\336\353\264&+i\024*\234\200is\3153c>BR\005+"
 466      262B6914 
 466      2A9C8069 
 466      73CD3363 
 466      3E425205 
 467              		.text
 468              		.section	.gnu.lto_.lto.ab03faec3868813d,"e",%progbits
 469 0000 09000400 		.ascii	"\011\000\004\000\001\000\000\000"
 469      01000000 
 470              		.text
 471              		.section	.gnu.lto_sync_timer_init.6.ab03faec3868813d,"e",%progbits
 472 0000 789C458D 		.ascii	"x\234E\215\275J\003A\024\205\357\231Q\203\340\003\330"
 472      BD4A0341 
 472      1485EF99 
 472      5183E003 
 472      D8
 473 0011 08829545 		.ascii	"\010\202\225Ev^\301\312\322W\010q\030p]'\023fG$\205"
 473      765EC1CA 
 473      D2570871 
 473      18705D27 
 473      13664724 
 474 0026 6422DAA4 		.ascii	"d\"\332\244Y\023;\021\021\335H\272Tj\033\254\254\365"
 474      59133B11 
 474      11DD48BA 
 474      546A1BAC 
 474      ACF5
 475 0038 196C2C2C 		.ascii	"\031l,,RY\010z\023\025/\034\270\337\3759g@D[\2545\026"
 475      5259087A 
 475      13152F1C 
 475      B8DFFD39 
 475      6740445B 
 476 004f 24A1DFEB 		.ascii	"$\241\337\353\012\2121nT\004:\275\356\"\3560#P[\240"
 476      0A8A316E 
 476      54043ABD 
 476      EE22EE30 
 476      23505BA0 
 477 0063 8D33B9CE 		.ascii	"\2153\271\316\37018\177Z:Y.%\321%\353\267\026\376\010"
 477      F831387F 
 477      5A3A592E 
 477      25D125EB 
 477      B716FE08 
 478 0077 ACD1F3FC 		.ascii	"\254\321\363\3748~~\0251\276\336 \345q!\247\266q\016"
 478      387E7E15 
 478      31BEDE20 
 478      E57121A7 
 478      B6710E
 479 008a 714C742A 		.ascii	"qLt*\305\017t\030\336\020\257\017\351\035\217\223ar"
 479      C50F7418 
 479      DE10AF0F 
 479      E91D8F93 
 479      6172
 480 009c 21D197A5 		.ascii	"!\321\227\245\004\210\273c\010n\207\374|\213\325R\012"
 480      0488BB63 
 480      086E87FC 
 480      7C8BD552 
 480      0A
 481 00ad 3C00F7A0 		.ascii	"<\000\367\240\351\201\340\214\011\216\256^0\213.$\376"
 481      E981E08C 
 481      098EAE5E 
 481      308B2E24 
 481      FE
 482 00be CD8912B5 		.ascii	"\315\211\022\265\343\254Q\273y0\007u\037T\356\366\275"
 482      E3AC51BB 
 482      79300775 
 482      1F54EEF6 
 482      BD
 483 00cf 36AA5537 		.ascii	"6\252U76\253\346\315\2754T\263m\265\231z\313kC+\301"
 483      36ABE6CD 
 483      BD3454B3 
 483      6DB5997A 
 483      CB6B432B 
 484 00e4 6635EDBC 		.ascii	"f5\355\274Q\332Y\353\032*o5t-\244\326\370D\3237\\RS"
 484      51DA59EB 
 484      1A2A6F35 
 484      742DA4D6 
 484      F844D337 
 485 00fb 59       		.ascii	"Y"
 486              		.text
 487              		.section	.gnu.lto_sync_timer_update.7.ab03faec3868813d,"e",%progbits
 488 0000 789C4D8E 		.ascii	"x\234M\216O(DQ\024\306\317w\317\035\203d)\033\215\235"
 488      4F284451 
 488      14C6CF77 
 488      CF1D8364 
 488      291B8D9D 
 489 0014 2CCC130B 		.ascii	",\314\023\013\331\261\261\265a=\361z2\306\233\2477O"
 489      D9B1B1B5 
 489      613DF17A 
 489      32C69BA7 
 489      374F
 490 0026 B2723112 		.ascii	"\262r1\022\026\363\207R\322`z\326V\376\355\246lPJ\266"
 490      16F38752 
 490      D2607AD6 
 490      56FEEDA6 
 490      6C504AB6 
 491 003a 3692CD58 		.ascii	"6\222\315X\311\012\021w\336S\334:\365\235s\356\367\235"
 491      C90A1177 
 491      DE53DC3A 
 491      F59D73EE 
 491      F79D
 492 004c 5F0C4453 		.ascii	"_\014DSD4\250\013\021B\261\260.H)5\020\025\"[\330\020"
 492      4434A80B 
 492      1142B1B0 
 492      2E482935 
 492      1015225B 
 493 0062 38C7EAC3 		.ascii	"8\307\352\303}\273\\.4\277\357\3711\311\330\252\017"
 493      7DBB5C2E 
 493      34BFEFF9 
 493      31C9D8AA 
 493      0F
 494 0073 F7128B85 		.ascii	"\367\022\213\205\306@\201\026\004K,`\223;\365\340\355"
 494      C6408116 
 494      044B2C60 
 494      933BF5E0 
 494      ED
 495 0084 70E7BA69 		.ascii	"p\347\272i\245\325g\242\222\256\340\3552\212\3543 \177"
 495      A5D567A2 
 495      92AEE0ED 
 495      328AEC33 
 495      207F
 496 0096 9540BB56 		.ascii	"\225@\273V<L\035\025\245n\257\316\224j \237\031\247"
 496      3C4C1D15 
 496      A56EAFCE 
 496      946A209F 
 496      19A7
 497 00a8 D01E9C00 		.ascii	"\320\036\234\000\307 \234A\217F\326\004Q]\220\245a4"
 497      C7209C41 
 497      8F46D604 
 497      515D90A5 
 497      6134
 498 00ba A58E3BBA 		.ascii	"\245\216;\272\213T\324\347wN\251\257'\334\010M\340\263"
 498      8B54D4E7 
 498      774EA9AF 
 498      27DC084D 
 498      E0B3
 499 00cc 94D006A2 		.ascii	"\224\320\006\242\034\327\370\224\204\252\020\345Y\204"
 499      1CD7F894 
 499      84AA10E5 
 499      5984
 500 00da CDA26E9E 		.ascii	"\315\242n\236\241\036\267Gk!/X\336\357-3\262\020>GJ"
 500      A11EB747 
 500      6B212F58 
 500      DEEF2D33 
 500      B2103E47 
 501 00ef AC6D3ED7 		.ascii	"\254m>\327Q\025\331\352\305x9$\224\010\321\363\314\227"
 501      5115D9EA 
 501      C5783924 
 501      9408D1F3 
 501      CC97
 502 0101 DF071F08 		.ascii	"\337\007\037\010\"^ )0EK\254\261\312,}\256\017>\311"
 502      225E2029 
 502      30454BAC 
 502      B1CA2C7D 
 502      AE0F3EC9 
 503 0115 BF3BAF58 		.ascii	"\277;\257X\032\010\2759\306\037\013Q\334\230tl\313\230"
 503      1A08BD39 
 503      C61F0B51 
 503      DC98746C 
 503      CB98
 504 0127 CA78D6DC 		.ascii	"\312x\326\334\230\353\031\031g\3265-c~\314\262S]\231"
 504      98EB1919 
 504      67D6352D 
 504      637ECCB2 
 504      535D99
 505 013a 99E9A4D7 		.ascii	"\231\351\244\327\225\0327\206\222\256\255\327\026\265"
 505      951A3786 
 505      92AEADD7 
 505      16B5
 506 0148 79762A61 		.ascii	"yv*a:\256e\230\216m;i#3\2376\023^\322\266\334\270I\262"
 506      3AAE6598 
 506      8E6D3B69 
 506      23339F36 
 506      135ED2B6 
 507 0160 265AFE8F 		.ascii	"&Z\376\217\342=\023\335\375}\023\275}\364\003\347\020"
 507      E23D13DD 
 507      FD7D13BD 
 507      7DF403E7 
 507      10
 508 0171 845E     		.ascii	"\204^"
 509              		.text
 510              		.section	.gnu.lto_sync_timer_read.8.ab03faec3868813d,"e",%progbits
 511 0000 789C454F 		.ascii	"x\234EO\317+\005Q\024>\347\236\231\367K\311\306\322"
 511      CF2B0551 
 511      143EE79E 
 511      99F74BC9 
 511      C6D2
 512 0012 1F40310B 		.ascii	"\037@1\0136vV\2266X\3731My\236y\243y#Y\275\213W\352"
 512      36765696 
 512      3658FB31 
 512      4D799E79 
 512      A3792359 
 513 002a 29BC878D 		.ascii	")\274\207\215\037\023c\224\025\011\331\276\222,,\304"
 513      1F136394 
 513      1509D9BE 
 513      922C2CC4 
 514 003a 52168805 		.ascii	"R\026\210\005IRJR\234;\304\255s\272\337\275\337w\276"
 514      49524A52 
 514      9C3BC4AD 
 514      73BADFBD 
 514      DF77BE
 515 004d EFF42240 		.ascii	"\357\364\"@\007\000tqa\014\260\\*\012\220R\266\305\205"
 515      07007471 
 515      610CB05C 
 515      2A0A9052 
 515      B6C585
 516 0060 982C4D0B 		.ascii	"\230,M\013<\304\247\215\233Z\255P\252^\270\362\0334"
 516      3CC4A78D 
 516      9B5AAD50 
 516      AA5EB8F2 
 516      1B34
 517 0072 C2C552F1 		.ascii	"\302\305R\361\344>\031Q4\005\316\216)\002:\216\377i"
 517      E43E1951 
 517      3405CE8E 
 517      29023A8E 
 517      FF69
 518 0084 11F28234 		.ascii	"\021\362\2024\035\3638O+\204e\012\011P\374\336\020k"
 518      1DF3384F 
 518      2B84650A 
 518      0950FCDE 
 518      106B
 519 0096 EA2B52BE 		.ascii	"\352+R\276o.\235\265,oUDH\002|\376?@\334\3474\352\304"
 519      6F2E9DB5 
 519      2C6F5544 
 519      48027CFE 
 519      3F40DCE7 
 520 00ad 40BDA848 		.ascii	"@\275\250H\\;\027zE~~\315Jy|\207\227\242\012!$\226\204"
 520      5C3B177A 
 520      457E7ECD 
 520      4A797C87 
 520      97A20A21 
 521 00c4 A4113791 		.ascii	"\244\0217\221P-\245\032\300,)\177\251\241\254\000\314"
 521      502DA51A 
 521      C02C297F 
 521      A9A1AC00 
 521      CC
 522 00d5 91F801E3 		.ascii	"\221\370\001\343\014\036Q\336\356v\3636\360\202\223"
 522      0C1E51DE 
 522      EE76F336 
 522      F08293
 523 00e4 6BCD0161 		.ascii	"k\315\001a\001\331Y\367\211-B\212\301\003\026\036\216"
 523      01D959F7 
 523      892D428A 
 523      C103161E 
 523      8E
 524 00f5 FA839F88 		.ascii	"\372\203\237\210\364\233c\216\350\332/n\243\032\201"
 524      F49B638E 
 524      E8DA2F6E 
 524      A31A81
 525 0104 3C22C847 		.ascii	"<\"\310G\362U\014(\025\351\343\276\262\015)\021\221"
 525      F2550C28 
 525      15E9E3BE 
 525      B20D2911 
 525      91
 526 0115 B5F59BB7 		.ascii	"\265\365\233\267s\361\347\267W\033\261[\003\022\021"
 526      73F1E7B7 
 526      571BB15B 
 526      031211
 527 0124 39E91329 		.ascii	"9\351\023)r\012\236q\342s\212\207$\002%g\245\376\237"
 527      720A9E71 
 527      E2738A87 
 527      24022567 
 527      A5FE9F
 528 0137 F41527DA 		.ascii	"\364\025'\332 PL\370@b#\2329\355\344\340\314\326\374"
 528      20504CF8 
 528      4062239A 
 528      39EDE4E0 
 528      CCD6FC
 529 014a E938EF88 		.ascii	"\3518\357\210\377;\0024\031\003\216m\031\2039\317\032"
 529      FF3B0234 
 529      19038E6D 
 529      198339CF 
 529      1A
 530 015b ED733D23 		.ascii	"\355s=#\347\214\270\246e\214\365Yv\24617<\224\366\032"
 530      E78CB8A6 
 530      658CF559 
 530      76A63137 
 530      3C94F61A 
 531 016f 33FD467B 		.ascii	"3\375F{\332\265\371\333\202:\317\316\364\230\216k\031"
 531      DAB5F9DB 
 531      823ACFCE 
 531      F4988E6B 
 531      19
 532 0180 A663DB4E 		.ascii	"\246c\333N\326\310\215e\315\036/m[n\223\011\337Pp\230"
 532      D6C88D65 
 532      CD1E2F6D 
 532      5B6E9309 
 532      DF507098 
 533 0194 E9       		.ascii	"\351"
 534              		.text
 535              		.section	.gnu.lto_sync_timer_read32.9.ab03faec3868813d,"e",%progbits
 536 0000 789C454F 		.ascii	"x\234EO=K\303P\024\275\367\335\227\264vp\020\034\005"
 536      3D4BC350 
 536      14BDF7DD 
 536      97B47670 
 536      101C05
 537 0013 57953683 		.ascii	"W\2256\203\376\200\202\340\250?\241\264!`\255i$\215"
 537      FE8082E0 
 537      A83FA1B4 
 537      2160AD69 
 537      248D
 538 0025 88535FB5 		.ascii	"\210S_\265S\035l\252]\244\206\022#8\351\242t-\370\013"
 538      531D6CAA 
 538      5DA48612 
 538      2338E9A2 
 538      742DF80B 
 539 0039 14DC0A5A 		.ascii	"\024\334\012Z\320\241\"(\202 \"\350K\252\364\301\273"
 539      D0A12228 
 539      822022E8 
 539      4BAAF4C1 
 539      BB
 540 004a DC8F73CE 		.ascii	"\334\217s\316=w\021\001\226\001`E~T\001\033n\215\201"
 540      3D771101 
 540      96016045 
 540      7E54011B 
 540      6E8D81
 541 005d 10221D63 		.ascii	"\020\"\035cl\327\335c\330\301\227\223\376$\257\272\343"
 541      6CD7DD63 
 541      D8C19793 
 541      FE24AFBA 
 541      E3
 542 006e 873D6F96 		.ascii	"\207=o\226\0236\335\332\353\323X\004\341\330\214\017"
 542      1336DDDA 
 542      EBD35804 
 542      E1D88C0F 
 543 007e C10A56DC 		.ascii	"\301\012V\334D\224!\224\031q\005\313x@-\302\006\005"
 543      44942194 
 543      197105CB 
 543      78402DC2 
 543      0605
 544 0090 04C8FF32 		.ascii	"\004\310\3772\304\351\231\256\020\237\247G\275\205\326"
 544      C4E999AE 
 544      109FA747 
 544      BD85D6
 545 009f 599707C4 		.ascii	"Y\227\007\304\300\223\363+\304Ki$|*D\235\216,\303\316"
 545      C093F32B 
 545      C44B6924 
 545      7C2A449D 
 545      8E2CC3CE 
 546 00b3 C5ADD215 		.ascii	"\305\255\322\025\337?\373B\334=\342=K \004$I\222\250"
 546      DF3FFB42 
 546      DC3DE23D 
 546      4B200424 
 546      4992A8
 547 00c6 86212603 		.ascii	"\206!&\003\007\330\247\320\206\340(\272\000ub\303\242"
 547      07D8A7D0 
 547      86E028BA 
 547      007562C3 
 547      A2
 548 00d7 228B6714 		.ascii	"\"\213g\024\376\\\250\366\206\273\355y\237\260\212,"
 548      FE5CA8F6 
 548      86BBED79 
 548      9FB08A2C 
 549 00e7 20C52329 		.ascii	" \305#)\036\220\012\003\254\016\256s\376\320\036\375"
 549      1E900A03 
 549      AC0EAE73 
 549      FED01EFD 
 550 00f7 79A8133D 		.ascii	"y\250\023=x\265s\014\0250T(G\364c\364I\215\3701Oz\220"
 550      78B5730C 
 550      15305428 
 550      47F463F4 
 550      498DF831 
 551 010e FC7804E6 		.ascii	"\374x\004\346\355\376\307\015\213\326\275!\371\024\373"
 551      EDFEC70D 
 551      8BD6BD21 
 551      F914FB
 552 011d C7D008A3 		.ascii	"\307\320\010\243\214,\275\343N\032\374P\000\276\220"
 552      8C2CBDE3 
 552      4E1AFC50 
 552      00BE90
 553 012c 49499A90 		.ascii	"II\232\220\006%\215G\227\340\350\022\200\224\266j\231"
 553      06258D47 
 553      97E0E812 
 553      8094B66A 
 553      99
 554 013d 86B65672 		.ascii	"\206\266Vr\214\255\254\355h%k\323\326\015m;k\230\205"
 554      8CADACED 
 554      68256BD3 
 554      D60D6D3B 
 554      6B9885
 555 0150 6469633D 		.ascii	"dic=\357$\0139m)o\233rl\300\224c\0262\272e\033\232n"
 555      EF240B39 
 555      6D296F9B 
 555      726CC094 
 555      631632BA 
 556 0168 99A655D4 		.ascii	"\231\246U\324J\333E=\343\344M\303N\351\360\013\226R"
 556      4ADB453D 
 556      E3E44DC3 
 556      4EE9F00B 
 556      9652
 557 017a 895E     		.ascii	"\211^"
 558              		.text
 559              		.section	.gnu.lto_sync_timer_elapsed.10.ab03faec3868813d,"e",%progbits
 560 0000 789C4D50 		.ascii	"x\234MP;h\024Q\024\275\347\3357\3731\"6\261\263\026"
 560      3B681451 
 560      14BDE7DD 
 560      37FB3122 
 560      36B1B316 
 561 0014 85EC8811 		.ascii	"\205\354\210\021B\272T\266\026\306:l\206\011n6\223\221"
 561      42BA54B6 
 561      16C63A6C 
 561      86096E36 
 561      9391
 562 0026 991149B5 		.ascii	"\231\021I\265/\356\222bE\342&\332\370\031\342\270\202"
 562      2FEE9262 
 562      45E226DA 
 562      F819E2B8 
 562      82
 563 0037 556CFC36 		.ascii	"Ul\3746\262 \330)*H,\004\215\020a%\210\010\202\210\240"
 563      B220D829 
 563      2A482C04 
 563      8D106125 
 563      88088288 
 564 004c F74D4292 		.ascii	"\367MB\222\342}\356\273\347w\3372\210\246\211h\\\026"
 564      E27DEEBB 
 564      E777DF32 
 564      88A68968 
 564      5C16
 565 005e 0A84A54E 		.ascii	"\012\204\245N[\2211f\254\250T\263sY\341\0316\357\256"
 565      5B913166 
 565      ACA854B3 
 565      7359E119 
 565      36EFAE
 566 0071 0FEA56E7 		.ascii	"\017\352V\347\300\265\217\3511\315\270\336i\257}-\347"
 566      C0B58FE9 
 566      31CDB8DE 
 566      69AF7D2D 
 566      E7
 567 0082 106D8B4F 		.ascii	"\020m\213O/9/\034\314\357pA\015\305\332A\003\313|\213"
 567      2F392F1C 
 567      CCEF7041 
 567      0DC5DA41 
 567      03CB7C8B 
 568 0096 B1C45D26 		.ascii	"\261\304]&\250\355\033p\360h\317\230\337\367n\364O\336"
 568      A8ED1B70 
 568      F068CF98 
 568      DFF76EF4 
 568      4FDE
 569 00a8 BCDF535D 		.ascii	"\274\337S]V\224J\377\021\360P\322\020\011\216O\323\021"
 569      56944AFF 
 569      11F050D2 
 569      10098E4F 
 569      D311
 570 00ba C1BC79FD 		.ascii	"\301\274y\375\330\030\207\004\201'\330\203\221\207\361"
 570      D8188704 
 570      8127D883 
 570      9187F1
 571 00c9 0F7216C8 		.ascii	"\017r\026\3102mtY\017\3369=\363\367\337\2421\033\033"
 571      326D7459 
 571      0FDE393D 
 571      F3F7DFA2 
 571      311B1B
 572 00dc D854FB21 		.ascii	"\330T\373!0\221\356\262fK(\001OQ\266\267\001\273\021"
 572      3091EEB2 
 572      664B2801 
 572      4F51B6B7 
 572      01BB11
 573 00ef 2DB20D6B 		.ascii	"-\262\015k4L\217\350*\253\255b^\212o0_\336\237\225\321"
 573      344C8FE8 
 573      2AABAD62 
 573      5E8A6F30 
 573      5FDE9F95 
 574 0104 E9079A2B 		.ascii	"\351\007\232+\303\031\243\005\211\351\244\234{\027\250"
 574      C319A305 
 574      89E9A49C 
 574      7B17A8
 575 0113 8F56FFC5 		.ascii	"\217V\377\305d\2665\017\347\241\255\004\177N\333\253"
 575      64B6350F 
 575      E7A1AD04 
 575      7F4EDBAB 
 576 0123 B0121089 		.ascii	"\260\022\020\211\254!\364\326\312md<\220\363\213\251"
 576      AC21F4D6 
 576      CA6D643C 
 576      90F38BA9 
 577 0133 B5CDB8D4 		.ascii	"\265\315\270\324\345R\216\327w\326\177\275U;\226k\203"
 577      E5528ED7 
 577      77D67FBD 
 577      553B966B 
 577      83
 578 0144 B9DF68C6 		.ascii	"\271\337h\306*\307\227Sf\353\267\217\276\243\231.\210"
 578      2AC79753 
 578      66EBB78F 
 578      BEA3992E 
 578      88
 579 0155 4E595AD9 		.ascii	"NYZ\3316\331\331\315\373\023\227\306D\327\376\304\037"
 579      36D9D9CD 
 579      FB1397C6 
 579      44D7FEC4 
 579      1F
 580 0166 B0D8F1EA 		.ascii	"\260\330\361\352\2533\022_\010\372\371\225\242L\212"
 580      AB33125F 
 580      08FAF995 
 580      A24C8A
 581 0175 DD49892A 		.ascii	"\335I\211*\356\2710\360\335\3518\361/V\243\304\215\303"
 581      EEB930F0 
 581      DDE938F1 
 581      2F56A3C4 
 581      8DC3
 582 0187 0B91E7BB 		.ascii	"\013\221\347\273sU?\250\017\305\347gj\311P}\322=U\213"
 582      73553FA8 
 582      0FC5E767 
 582      6AC9507D 
 582      D23D558B 
 583 019b 0269FB74 		.ascii	"\002i\373t8\011\352\023^\030\371\256\027\006A8\353\306"
 583      3809EA13 
 583      5E18F9AE 
 583      17064138 
 583      EBC6
 584 01ad 73B3DE44 		.ascii	"s\263\336DR\013\374\250\342\221\236\251\306\311\241"
 584      520BFCA8 
 584      E2919EA9 
 584      C6C9A1
 585 01bc BD4F9513 		.ascii	"\275O\225\023S\307GG\246\206G\350?\020\265\260J"
 585      53C74747 
 585      A68647E8 
 585      3F10B5B0 
 585      4A
 586              		.text
 587              		.section	.gnu.lto_sync_timer_elapsed32.11.ab03faec3868813d,"e",%progbits
 588 0000 789C4D50 		.ascii	"x\234MP=h\024A\024~\337\274\331\3731b\027;\301N\024"
 588      3D681441 
 588      147EDFBC 
 588      D9FB3162 
 588      173BC14E 
 589 0015 722B4608 		.ascii	"r+F\010\351R\331Z\030\353pY6x\271lVvW$\325M\274#\305"
 589      E952D95A 
 589      18EB7059 
 589      3678B96C 
 589      56765724 
 590 002e 099E9768 		.ascii	"\011\236\227h#q\211\353\011V\332(Fl\016,R\011je!h\004"
 590      237189EB 
 590      0956DA28 
 590      466C0E2C 
 590      52096A65 
 591 0045 85880415 		.ascii	"\205\210\004\025\002*b|\263\011I\212\371y\363\276\277"
 591      022A627C 
 591      B309498A 
 591      F979F3BE 
 591      BF
 592 0056 374B209A 		.ascii	"7K \232&\242qY(\020\026\273mE\306\230\261\242R\315\356"
 592      26A27159 
 592      281016BB 
 592      6D45C698 
 592      B1A252CD 
 593 006b 7585E7F8 		.ascii	"u\205\347\370v\177}P\267\272Gn\275OOi\306\355n{\373"
 593      767F7D50 
 593      B7BA476E 
 593      BD4F4F69 
 593      C6ED6E7B 
 594 0080 4B398768 		.ascii	"K9\207h[\254\255q^8\230\337\343\202\032\212\265\203"
 594      5BACAD71 
 594      5E3898DF 
 594      E3821A8A 
 594      B583
 595 0092 06967899 		.ascii	"\006\226x\231\261\310=&\350\335\033p\374d\337\230_\017"
 595      B1C83D26 
 595      E8DD1B70 
 595      FC64DF98 
 595      5F0F
 596 00a4 EE6C9E5D 		.ascii	"\356l\236]~\330\327=V\224J\377)\360D\322\020\011\216"
 596      7ED8D73D 
 596      56944AFF 
 596      29F044D2 
 596      10098E
 597 00b7 CFD309C1 		.ascii	"\317\323\011\301\274~\267jL\231\004\201g8\200\221\207"
 597      BC7EB76A 
 597      4C990481 
 597      67388091 
 597      87
 598 00c8 F1177216 		.ascii	"\361\027r\026\3102mtY\217\337:}\363w\273c\314\326g\374"
 598      C8326D74 
 598      598FDF3A 
 598      7DF377BB 
 598      63CCD667 
 599 00dd 56872130 		.ascii	"V\207!0\221\356\261fK(\001\253\310\265\006\354F\324"
 599      91EEB166 
 599      4B2801AB 
 599      C8B506EC 
 599      46D4
 600 00ef 611BD668 		.ascii	"a\033\326h\230>\321MV;\305\274\024_a>}\270(\243\323"
 600      983ED14D 
 600      563BC5BC 
 600      145F613E 
 600      7DB828A3 
 601 0104 77345786 		.ascii	"w4W\2063F\013\252\307N\312\271w\2016\320\332x9\231\355"
 601      33460BAA 
 601      C74ECAB9 
 601      778136D0 
 601      DA783999 
 602 0119 CCC37968 		.ascii	"\314\303yh+\301\037\323\366#X\011\210D\326\020zk\345"
 602      2BC11FD3 
 602      F6235809 
 602      8844D610 
 602      7A6BE5
 603 012c 2E321EC8 		.ascii	".2\036\310\371\305\324\332f\\\352q)\307\353{\353[o\324"
 603      F9C5D4DA 
 603      665CEA71 
 603      29C7EB7B 
 603      EB5B6FD4 
 604 0140 9EE58FC1 		.ascii	"\236\345\217\301\334o4c\225\343\313)\263\365;D\233h"
 604      DC6F3463 
 604      95E3CB29 
 604      B3F53B44 
 604      9B68
 605 0152 A60BA253 		.ascii	"\246\013\242S\226V\266Kv\366\363\376\304\2651\321\265"
 605      9656B64B 
 605      76F6F3FE 
 605      C4B531D1 
 605      B5
 606 0163 3FF1072C 		.ascii	"?\361\007,v\374\357\325\005\211/\004}\243S\224I\261"
 606      76FCEFD5 
 606      05892F04 
 606      7DA35394 
 606      49B1
 607 0175 3F2951C5 		.ascii	"?)Q\305\275\024\006\276;\035'\376\325j\224\270qx%\362"
 607      BD1406BE 
 607      3B1D27FE 
 607      D56A94B8 
 607      717825F2 
 608 0189 7C77AEEA 		.ascii	"|w\256\352\007\365\241\370\362L-\031\252O\272\347jQ"
 608      07F5A1F8 
 608      F24C2D19 
 608      AA4FBAE7 
 608      6A51
 609 019b 206D9F8E 		.ascii	" m\237\216%A}\302\013#\337\365\302 \010g\335xn\326\233"
 609      25417DC2 
 609      0B23DFF5 
 609      C2200867 
 609      DD786ED6 
 610 01b0 486A811F 		.ascii	"Hj\201\037U<\3223\32589z\360\251rf\352\364\350\310\324"
 610      553CD233 
 610      D538397A 
 610      F0A97266 
 610      EAF4E8C8 
 611 01c5 F008FD07 		.ascii	"\360\010\375\007\265\357\260\313"
 611      B5EFB0CB 
 612              		.text
 613              		.section	.gnu.lto_sync_timer_update.part.0.17.ab03faec3868813d,"e",%progbits
 614 0000 789C5590 		.ascii	"x\234U\220?H[Q\024\306\317w\317\215\211\245S\013\342"
 614      3F485B51 
 614      14C6CF77 
 614      CF8D89A5 
 614      530BE2
 615 0013 22B8950E 		.ascii	"\"\270\225\016\346\331v\220nN\256]t\016\361\361\304"
 615      E6D97690 
 615      6E4EAE5D 
 615      740EF1F1 
 615      C4
 616 0024 243E9FBC 		.ascii	"$>\237\274\274R2y\325Vi\226D\343\242\204P\302S\334\\"
 616      BC523279 
 616      D5566996 
 616      44E3A284 
 616      50C253DC 
 617 0039 4A9B56D1 		.ascii	"J\233V\321\320\255\235D\350\330\245c\007\021\247\016"
 617      D0AD9D44 
 617      E8D8A563 
 617      0711A70E 
 618 0049 427BEE4B 		.ascii	"B{\356K\002\372\270\177~\357;\347\236\357\334[\005Q"
 618      02FAB87F 
 618      7EEF3BE7 
 618      9EEFDC5B 
 618      0551
 619 005b 91889EC9 		.ascii	"\221\210\236\311D\212\260\233!c\314tZ\343Q\262+4\266"
 619      448AB09B 
 619      2163CC74 
 619      5AE351B2 
 619      2B34B6
 620 006e 1F24C458 		.ascii	"\037$\304X\353\023hU+\306*\032\334d<\025\355\357\301"
 620      EB136855 
 620      2BC62A1A 
 620      DC643C15 
 620      EDEFC1
 621 0081 FE8F87EF 		.ascii	"\376\217\207\357Fc&j\311L>\253\327\315Q\027=\025\326"
 621      4663266A 
 621      C94C3EAB 
 621      D7CD5117 
 621      3D15D6
 622 0094 E0A3AC72 		.ascii	"\340\243\254rd\207c\006t\237\024\306\205\370\225\215"
 622      64876306 
 622      749F14C6 
 622      85F8958D 
 623 00a4 3CE91A73 		.ascii	"<\351\032s\361\275c\3140\305\314\350@\312\3413\360\011"
 623      F1BD63CC 
 623      30C5CCE8 
 623      40CAE133 
 623      F009
 624 00b6 842F5289 		.ascii	"\204/R\211g\337+\233So\232\256\036d\340^\006%\026CI"
 624      67DF2B9B 
 624      536F9AAE 
 624      1E64E05E 
 624      06251643 
 625 00cb 27380125 		.ascii	"'8\001%\004Kd{8\276L\031s\373\257f\314\351cd 6Z\001"
 625      044B647B 
 625      38BE4C19 
 625      73FBAF66 
 625      CCE96364 
 626 00e3 5FC196B4 		.ascii	"_\301\226\264,)\242\032\333G0\032\026u\017\231\352\254"
 626      2C29A21A 
 626      DB47301A 
 626      16750F99 
 626      EAAC
 627 00f5 06F807E6 		.ascii	"\006\370\007\346\367\336\034NA\327\330\370Pi3\336B\305"
 627      F7DE1C4E 
 627      41D7D8F8 
 627      506933DE 
 627      42C5
 628 0107 3CD46245 		.ascii	"<\324bER\"MW\330hm\376\3446\313P\022\026a\375v\013m"
 628      52224D57 
 628      D8686DFE 
 628      E436CB50 
 628      121661FD 
 629 011e D622C9CF 		.ascii	"\326\"\311\317\267\353\352/\325\277\2774\321\354\027"
 629      B7EBEA2F 
 629      D5BFBF34 
 629      D1EC17
 630 012d C81C49FB 		.ascii	"\310\034I\373\207\030\217y\030\347\300\031HNH\323u\346"
 630      87188F79 
 630      18E7C019 
 630      484E48D3 
 630      75E6
 631 013f 81F50DD6 		.ascii	"\201\365\015\326\247{\017\\c\364D\361\244\254\263\030"
 631      A77B0F5C 
 631      63F444F1 
 631      A4ACB318 
 632 014f F89E532C 		.ascii	"\370\236S,G\336\233|\0309\345\340u\350zN%\357\371\245"
 632      47DE9B7C 
 632      1839E5E0 
 632      75E87A4E 
 632      25EFF9A5 
 633 0163 89F2CA52 		.ascii	"\211\362\312R!\232(\315;3\205\320\227\260Gc\221_\312"
 633      219A28CD 
 633      3B3385D0 
 633      97B04763 
 633      915FCA
 634 0176 B941E839 		.ascii	"\271A\3509n\340\373\301\262S\256,\273\271\250\340{a"
 634      6EE0FBC1 
 634      B253AE2C 
 634      BBB9A8E0 
 634      7B61
 635 0188 D6256D61 		.ascii	"\326%ma\344\256\224}\2760\371rj\341\305\024\375\007"
 635      E4AE947D 
 635      BE30F972 
 635      6AE1C514 
 635      FD07
 636 019a 2E0A9491 		.ascii	".\012\224\221"
 637              		.text
 638              		.section	.gnu.lto_sync_timer_read32.part.0.18.ab03faec3868813d,"e",%progbits
 639 0000 789C454F 		.ascii	"x\234EO=K\003Q\020\334\271}gR\247\261\022\354D$\271"
 639      3D4B0351 
 639      10DCB97D 
 639      6752A7B1 
 639      12EC4424 
 640 0015 C6C62E95 		.ascii	"\306\306.\225\245\245m\320\343\300\030/'\227\023I\225"
 640      A5A56DD0 
 640      E3C0182F 
 640      27971349 
 640      95
 641 0026 67148534 		.ascii	"g\024\2054\361\013\013\011\"\307)\261\262QQ\264\010"
 641      F10B0B09 
 641      22C729B1 
 641      B25151B4 
 641      08
 642 0037 FE046B7F 		.ascii	"\376\004k\177\201E\020\033E\002\272\357\022\261x\373"
 642      8145101B 
 642      4502BAEF 
 642      12B178FB 
 643 0047 6699D999 		.ascii	"f\231\331\231\335E\020-\020\321\234<\330\204\343,i\255"
 643      DD45102D 
 643      10D19C3C 
 643      D884E32C 
 643      69AD
 644 0059 8B19855C 		.ascii	"\213\031\205\\\372[8:h}^L\341\001i\317\330:hYC\015\250"
 644      FA5B383A 
 644      687D5E4C 
 644      E10169CF 
 644      D83A6859 
 645 0070 A12C4603 		.ascii	"\241,F\003G\334a\034r\302\0045B\300\244\240\351\236"
 645      47DC611C 
 645      72C20435 
 645      42C0A4A0 
 645      E99E
 646 0082 D65F17A7 		.ascii	"\326_\027\247\257\263\235nO%l\321\231Hn\201\033I%2\354"
 646      AFB39D6E 
 646      4F256CD1 
 646      99486E81 
 646      1B492532 
 647 0097 FE3F8311 		.ascii	"\376?\203\021\203\273\224\225\3611J\007\356A)\202Ad"
 647      83BB9495 
 647      F1314A07 
 647      EE412982 
 647      4164
 648 00a9 C8EB175B 		.ascii	"\310\353\027[\353\301O[\3128\262\240\204\305!a\305\006"
 648      EBC14F5B 
 648      CA38B2A0 
 648      84C52161 
 648      C506
 649 00bb 29536C53 		.ascii	")SlS\210\332lV\325\012\006\252!d\332g\353\017\276A\307"
 649      88DA6C56 
 649      D50A06AA 
 649      2164DA67 
 649      EB0FBE41 
 650 00d0 33721CBD 		.ascii	"3r\034\275c\373\274\0363v`%l\237\211\2378\214Q\037\317"
 650      63FBBC1E 
 650      33766025 
 650      6C9F899F 
 650      388C511F 
 651 00e5 27571331 		.ascii	"'W\0231[\243\273\344\350\316H\224\351J\300%&\023\316"
 651      5BA3BBE4 
 651      E8CE4894 
 651      E94AC025 
 651      2613CE
 652 00f8 E2097894 		.ascii	"\342\011x\224\214>\232\203=\304\3142 \315vgW\032%\256"
 652      8C3E9A83 
 652      3DC4CC32 
 652      20CD7667 
 652      571A25AE 
 653 010c B1594672 		.ascii	"\261YFr\371/\367\003\315\"\305\262&\3217l\021Y9\263"
 653      F92FF703 
 653      CD22C5B2 
 653      26D1376C 
 653      115939B3 
 654 0120 459B3154 		.ascii	"E\2331TH<\025\234\225\300\367\234\325Z\344m.\205\221"
 654      483C159C 
 654      95C0F79C 
 654      D55AE46D 
 654      2E8591
 655 0133 530B3642 		.ascii	"S\0136B\327s\352K\236_\311\327\326\327\312Q\276\262"
 655      D773EA4B 
 655      9E5FC9D7 
 655      D6D7CA51 
 655      BEB2
 656 0145 ECCC9743 		.ascii	"\354\314\227C_h\217&\"\277Rr\203\320s\334\300\367\203"
 656      5F688F26 
 656      22BF5272 
 656      83D073DC 
 656      C0F783
 657 0158 AA53AB57 		.ascii	"\252S\253W\335RT\366\275\260\340\322/\200\240\177n"
 657      DD5254F6 
 657      BDB0E0D2 
 657      2F80A07F 
 657      6E
 658              		.text
 659              		.section	.gnu.lto_.symbol_nodes.ab03faec3868813d,"e",%progbits
 660 0000 789C75CF 		.ascii	"x\234u\317\273\015\302@\014\006`\373.\367\312\203\327"
 660      BB0DC240 
 660      0C0660FB 
 660      2EF7CA83 
 660      D7
 661 0011 00B00B62 		.ascii	"\000\260\013b/'\010\032*&@D\242\246\207\222\212\012"
 661      2F27081A 
 661      2A264044 
 661      A2A68792 
 661      8A0A
 662 0023 890D801D 		.ascii	"\211\015\200\035hhB.\200%\012\377\225\345\317\226\354"
 662      6868422E 
 662      80250AFF 
 662      95E5CF96 
 662      EC
 663 0034 B1020035 		.ascii	"\261\002\0005$(\333$\270\276\000\020\300aQU\245\002"
 663      2428DB24 
 663      B8BE0010 
 663      C0615155 
 663      A502
 664 0046 84186360 		.ascii	"\204\030c`9\215S#ByJYR\177z,+\374\231#-Z\240D4OF\264"
 664      398D5323 
 664      42794A59 
 664      527F7A2C 
 664      2BFC9923 
 665 0062 94AC6819 		.ascii	"\224\254h\0319\311\260 \337|3\351\034\342\357\0211\247"
 665      39C9B020 
 665      DF7C33E9 
 665      1CE2EF11 
 665      31A7
 666 0074 20518F52 		.ascii	" Q\217R\211\372\224I4\240\\ \015\341s\341L+\256\222"
 666      89FA9449 
 666      34A05C20 
 666      0DE173E1 
 666      4C2BAE92 
 667 0088 942B3837 		.ascii	"\224+87\365\013q\216\332p\323\204\333f\265G\334\265"
 667      F50B718E 
 667      DA70D384 
 667      DB66B547 
 667      DCB5
 668 009a 4DB5BD3F 		.ascii	"M\265\275?\257\012O\250-\273\315\330\255\251;\177\240"
 668      AF0A4FA8 
 668      2DBBCDD8 
 668      ADA93B7F 
 668      A0
 669 00ab 76EC2E67 		.ascii	"v\354.gw\226\335\263\373\202\335\363>\274\001!\227\241"
 669      7796DDB3 
 669      FB82DDF3 
 669      3EBC0121 
 669      97A1
 670 00bd 35       		.ascii	"5"
 671              		.text
 672              		.section	.gnu.lto_.refs.ab03faec3868813d,"e",%progbits
 673 0000 789C1366 		.ascii	"x\234\023f```d`dde`db`d\006\"F \203\001\000\002\275"
 673      60606064 
 673      60646465 
 673      60646260 
 673      64062246 
 674 001a 002B     		.ascii	"\000+"
 675              		.text
 676              		.section	.gnu.lto_.decls.ab03faec3868813d,"e",%progbits
 677 0000 789C8595 		.ascii	"x\234\205\225mLSW\030\307\317sN\241\355\245X\306\352"
 677      6D4C5357 
 677      18C7CF73 
 677      4EA1EDA5 
 677      58C6EA
 678 0013 4BB2CD10 		.ascii	"K\262\315\020\223i\223\005\353\212\321\371idK\334\022"
 678      93699305 
 678      EB8AD1F9 
 678      69644BDC 
 678      12
 679 0024 13E387ED 		.ascii	"\023\343\207\355\313\2764\225[\003\323RV\312\246\337"
 679      CBBE3495 
 679      5B03D352 
 679      56CAA6DF 
 680 0034 4ED4A973 		.ascii	"N\324\251s\250U7e\023\225E\267\350\\\034F\235\257S\004"
 680      A8553765 
 680      139545B7 
 680      E85C1C46 
 680      9DAF5304 
 681 0048 85AAA0F3 		.ascii	"\205\252\240\363\025\005\024_\300UP\207\212\312\334"
 681      1505145F 
 681      C0555087 
 681      8ACADC
 682 0057 D43DE7BE 		.ascii	"\324=\347\276S\253;\360\364\236{\316\377\374\236\377"
 682      53AB3BF0 
 682      F49E7BCE 
 682      FFFC9EFF 
 683 0067 79B9F70E 		.ascii	"y\271\367\016s\020\222\004B\376\245\204<\303\342$\204"
 683      73109204 
 683      42FEA584 
 683      3CC3E224 
 683      84
 684 0078 9CC2C05B 		.ascii	"\234\302\300[\262\017\343\020QK6\306Q\214\023Z\177\002"
 684      B20FE310 
 684      514B36C6 
 684      518C135A 
 684      7F02
 685 008a A305E32C 		.ascii	"\243\005\343,\306\005\214\016\214\313\030\335\030\177"
 685      C6058C0E 
 685      8CCB18DD 
 685      187F
 686 0098 62DCC4E8 		.ascii	"b\334\304\350\305@4\271K\006\227\015\330\310\360Z\214"
 686      C54034B9 
 686      4B06970D 
 686      D8C8F05A 
 686      8C
 687 00a9 710FA34F 		.ascii	"q\017\243Ok\007\215\235n\314rltjcr1<\232\277\353\030"
 687      6B078D9D 
 687      6ECC726C 
 687      746A6372 
 687      313C9ABF 
 688 00bf F731BA30 		.ascii	"\3671\2720\3721\2324=\323<vk\276S\313f\344eYX\2074\326"
 688      FA319A34 
 688      3DD33C76 
 688      6BBE53CB 
 688      66E46559 
 689 00d7 180BEF01 		.ascii	"\030\013\357\001\306\031\214\207\030\315\3328\2336g"
 689      C6198C87 
 689      18CDDA38 
 689      9B3667
 690 00e6 7D9E2D69 		.ascii	"}\236-i\330k4\257\251>\255\354Tf\213\306\024kx\"\015"
 690      D86B34AF 
 690      A93EADEC 
 690      54668BC6 
 690      146B7822 
 691 00fb 73DB0BFC 		.ascii	"s\333\013\374\216\2660\037a\264Z|\353\354\013\032\373"
 691      8EB6301F 
 691      61B45A7C 
 691      EBEC0B1A 
 691      FB
 692 010c A6E63DB5 		.ascii	"\246\346=\265\354Ia\247\363;\200\321\236\306w\207\306"
 692      EC4961A7 
 692      F33B80D1 
 692      9EC67787 
 692      C6
 693 011d EE7DC15A 		.ascii	"\356}\301Z\254D\266D\236\3377\301\316\264\360\254\347"
 693      AC44B644 
 693      9EDF37C1 
 693      CEB4F0AC 
 693      E7
 694 012e 40DFBBA3 		.ascii	"@\337\273\243\332z\244;\017k\323\254\361\3771\205\277"
 694      DA7AA43B 
 694      0F6BD3AC 
 694      F1FF3185 
 694      BF
 695 013f 132F61AE 		.ascii	"\023/a\256`0\006\304C\340Vj\204Q\342\343J\271\346&\360"
 695      603006C4 
 695      43E0566A 
 695      8451E2E3 
 695      4AB9E626 
 696 0154 1B28226F 		.ascii	"\033(\"o\026{W(s\301\206\277\036\310[\303\350\255#7"
 696      167B5728 
 696      73C186BF 
 696      1EC85BC3 
 696      E8AD2337 
 697 0168 9BB3A53A 		.ascii	"\233\263\245:\316\373x\335|'\201\275\000\270\246\260"
 697      CEFB78DD 
 697      7C2781BD 
 697      00B8A6B0 
 698 0178 1B90B20B 		.ascii	"\033\220\262\013`'\300\016@\361h\2043\345J\330\207*"
 698      6027C00E 
 698      40F16884 
 698      33E54AD8 
 698      872A
 699 018a 832A8C1C 		.ascii	"\203*\214\034d<Z\260i]\226`\334\342us3\010\324\001\034"
 699      643C5AB0 
 699      695D9660 
 699      DCE27573 
 699      3308D401 
 700 019f 44C60140 		.ascii	"D\306\001@92~\007\330\017(;\336\276\256\326\331\015"
 700      39327E07 
 700      D80F283B 
 700      DEBEAED6 
 700      D90D
 701 01b1 623E6093 		.ascii	"b>`\223\001\340\302\004\374\221\310'\214x8\345t\210"
 701      01E0C204 
 701      FC91C827 
 701      8C7838E5 
 701      7488
 702 01c3 CCA8C424 		.ascii	"\314\250\304$&K\027lno?+tP\257[rlj\200\034)\303Ai\322"
 702      264B176C 
 702      6E6F3F2B 
 702      7450AF5B 
 702      726C6A80 
 703 01dd 2E4BDEC7 		.ascii	".K\336\307\360\013\255\311\314+\3446\271rh\322\316i"
 703      F00BADC9 
 703      CC2BE436 
 703      B97268D2 
 703      CE69
 704 01ef 7CAAA7A0 		.ascii	"|\252\247\240\020\177\223\366\004\3108j\232\315\221"
 704      107F93F6 
 704      04C8386A 
 704      9ACD91
 705 01fe 83B5A45D 		.ascii	"\203\265\244]\352g5K2\345\026\272h\014$@\222\375\036"
 705      EA67354B 
 705      32E516BA 
 705      680C2440 
 705      92FD1E
 706 0211 5C8D4287 		.ascii	"\\\215B\207c\344\310zV\317\022\270$\016G\355\326\241"
 706      63E4C87A 
 706      56CF12B8 
 706      240E47ED 
 706      D6A1
 707 0223 52D2EE46 		.ascii	"R\322\356F\206W\316\313\221\363\334\011\310\220e\311"
 707      8657CECB 
 707      91F3DC09 
 707      C89065C9 
 708 0233 E325E842 		.ascii	"\343%\350B\366\373\013\251\204h\233#\001~\006.?\277"
 708      F6FB0BA9 
 708      84689B23 
 708      017E062E 
 708      3FBF
 709 0245 DA3B5CCA 		.ascii	"\332;\\\312\220\234#\363\274\204\310d2E0{\246\027\260"
 709      909C23F3 
 709      BC84C864 
 709      3245307B 
 709      A617B0
 710 0258 6352D9BC 		.ascii	"cR\331\274\005\360J\324O\331\224\244\035_J4\217\020"
 710      05F04AD4 
 710      4FD994A4 
 710      1D5F4A34 
 710      8F10
 711 026a 6E73B85C 		.ascii	"ns\270\\\300\361\342\014L\221\247\371%\222\264S\354"
 711      C0F1E20C 
 711      4C91A7F9 
 711      2592B453 
 711      EC
 712 027b F2D88053 		.ascii	"\362\330\200S0GJ\231\004`3\3035\024\177X\010\2505\002"
 712      30474A99 
 712      046033C3 
 712      35147F58 
 712      08A83502 
 713 028f 5A106B1A 		.ascii	"Z\020k\032\243\237j\025B\364V\243\020\343J\250\306\240"
 713      A39F6A15 
 713      42F456A3 
 713      10E34AA8 
 713      C6A0
 714 02a1 EA5902D0 		.ascii	"\352Y\002\320\256\004\364\024\0268\321p\0044\211\316"
 714      AE04F414 
 714      1638D170 
 714      043489CE 
 715 02b1 D1C6AA27 		.ascii	"\321\306\252'Ko\321\275\210\034\212\230\352\255Fy\316"
 715      4B6FD1BD 
 715      881C8A98 
 715      EAAD4679 
 715      CE
 716 02c2 F8A062DA 		.ascii	"\370\240b\332\020\014\201\306\203\263\262{\337|\347"
 716      100C81C6 
 716      83B3B27B 
 716      DF7CE7
 717 02d1 0D5C375E 		.ascii	"\015\\7^\273\344(\203!\361B|(f\021\366%\210\336\370"
 717      BBE42883 
 717      21F1427C 
 717      286611F6 
 717      2588DEF8 
 718 02e5 A2B313C4 		.ascii	"\242\263\023\304\343\014\373\000\"x\337\266\344\273"
 718      E30CFB00 
 718      2278DFB6 
 718      E4BB
 719 02f3 AFECC3B9 		.ascii	"\257\354\303\2718\215\334\003\305\332i$\320\204\330"
 719      388DDC03 
 719      C5DA6924 
 719      D084D8
 720 0302 465080BB 		.ascii	"FP\200\273\326~\273\3306\252\252\212\017t.nj\310m\234"
 720      D67EBBD8 
 720      36AAAA8A 
 720      0F742E6E 
 720      6AC86D9C 
 721 0316 C737711E 		.ascii	"\3077q\036/D\011\034\001<\262\202\226\020u\002\015\000"
 721      2F44091C 
 721      013CB282 
 721      96107502 
 721      0D00
 722 0328 F5E07D02 		.ascii	"\365\340}\002\243\342U<^]SG9gBw\330\242;\254\353\010"
 722      A3E2553C 
 722      5E5D5347 
 722      39674277 
 722      D8A23BAC 
 723 033e EBC278A2 		.ascii	"\353\302x\242\330:\267\342\3511j\330@o\272\217fTG\024"
 723      D83AB7E2 
 723      E9316AD8 
 723      406FBA8F 
 723      66544714 
 724 0352 1B8D0F57 		.ascii	"\033\215\017W\361,a\243\257cG\231\352\240\031\340\270"
 724      F12C61A3 
 724      AF634799 
 724      EAA019E0 
 724      B8
 725 0363 4E6E1175 		.ascii	"Nn\021u\335A\367`\007\250;f\321\0353\035,\243\002\275"
 725      DD41F760 
 725      07A83B66 
 725      D11D331D 
 725      2CA302BD 
 726 0377 70DFD2E3 		.ascii	"p\337\322\343R\232E\370\303H\276h\371\337O\035J\362"
 726      529A45F8 
 726      C348BE68 
 726      F9DF4F1D 
 726      4AF2
 727 0389 44E5429E 		.ascii	"D\345B\2363\027\2656\354\206\223\032\226`MO\276\212"
 727      3317B536 
 727      EC86931A 
 727      96604D4F 
 727      BE8A
 728 039b B2F50AB6 		.ascii	"\262\365\012\266\243\346\3075\346\244\016\231\223:c"
 728      A3E6C735 
 728      E6A40E99 
 728      933A63
 729 03aa 709B7B57 		.ascii	"p\233{WV\016Q\270'\225I\361B\354\204\323\006\365\264"
 729      560E51B8 
 729      279549F1 
 729      42EC84D3 
 729      06F5B4
 730 03bd 41BD0BEC 		.ascii	"A\275\013\354W\205\272\361\353\376\036\273\262\205\207"
 730      5785BAF1 
 730      EBFE1EBB 
 730      B28587
 731 03cc D42DAC59 		.ascii	"\324-\254Y\276\275\313\225.M+\016>\257\356\341\341\252"
 731      BEBDCB95 
 731      2E4D2B0E 
 731      3EAFEEE1 
 731      E1AA
 732 03de 93DB40E4 		.ascii	"\223\333@\344\251\275\271\233\363\014\305~+\3009#\321"
 732      A9BDB99B 
 732      F30CC57E 
 732      2BC03923 
 732      D1
 733 03ef 3923113E 		.ascii	"9#\021>\244\3654\335Qi:\271\341\276=\335\036\265\343"
 733      A4F534DD 
 733      51693AB9 
 733      E1BE3DDD 
 733      1EB5E3
 734 0402 D83635CF 		.ascii	"\33065\317\262\375\325\235\312|j\357\030y\332\001.\032"
 734      B2FDD59D 
 734      CA7C6AEF 
 734      1879DA01 
 734      2E1A
 735 0414 792E1A79 		.ascii	"y.\032y\266\000kU\362\\\356l\232\2279\252\212\363\335"
 735      B6006B55 
 735      F25CEE6C 
 735      9A9739AA 
 735      8AF3DD
 736 0427 55ABDBDE 		.ascii	"U\253\333\336\251\247b\273.\031\003.)\027\366\204\022"
 736      A9A762BB 
 736      2E19032E 
 736      2917F684 
 736      12
 737 0438 166728CF 		.ascii	"\026g(\317\334\273x\307\006\333k\000\370\357\244p\035"
 737      DCBB78C7 
 737      06DB6B00 
 737      F8EFA470 
 737      1D
 738 0449 E68A1CD7 		.ascii	"\346\212\034\327\001_\250I>\337E\240\000\306\021\270"
 738      015FA849 
 738      3EDF45A0 
 738      00C611B8 
 739 0459 02D844E0 		.ascii	"\002\330D\340*\3005\3612\375\251n\315\0250\254_7\255"
 739      2AC035F1 
 739      32FDA96E 
 739      CD1530AC 
 739      5F37AD
 740 046c 77193BD1 		.ascii	"w\031;\321\272\261\261Vq1\320\361\375\242\006\250\346"
 740      BAB1B156 
 740      7131D0F1 
 740      FDA206A8 
 740      E6
 741 047d 68A40BA0 		.ascii	"h\244\013\240\3230\322\251\032\371Y\230\240\211\376"
 741      D330D2A9 
 741      1AF95998 
 741      A089FE
 742 048c 53CBB315 		.ascii	"S\313\263\025u\325\352\213\343\0251\356\333\015C|C\025"
 742      75D5EA8B 
 742      E31531EE 
 742      DB0D437C 
 742      4315
 743 049e EF54C4E7 		.ascii	"\357T\304\347\227u\034s\011qm\373n>?Cl\014$\015iR\225"
 743      97751C73 
 743      09716DFB 
 743      6E3E3F43 
 743      6C0C240D 
 744 04b5 3628D2AB 		.ascii	"6(\322\253\377l\212;\025i\207*\305\305\3531\244=\252"
 744      FF6C8A3B 
 744      1569872A 
 744      C5C5EB31 
 744      A43DAA
 745 04c8 F40C13DF 		.ascii	"\364\014\023\337\224L\345\345`Wj\342\3235\233]U\020"
 745      944CE5E5 
 745      60576AE2 
 745      D3359B5D 
 745      5510
 746 04da A70E26B6 		.ascii	"\247\016&\266\333\245\232\324o\324_\200:\374\276\334"
 746      DBA59AD4 
 746      6FD45F80 
 746      3AFCBEDC 
 747 04ea 01B82D96 		.ascii	"\001\270-\226\244\362^\343\001\367\233{\342|\240z\351"
 747      A4F25EE3 
 747      01F79B7B 
 747      E27CA07A 
 747      E9
 748 04fb 818FAA51 		.ascii	"\201\217\252Qk\203>\200[\"\2316\206\340\035\361\256"
 748      6B833E80 
 748      5B229936 
 748      86E01DF1 
 748      AE
 749 050c 17EAC76D 		.ascii	"\027\352\307m\355=\031.\345\303WS\257\010u\311=u\343"
 749      ED3D192E 
 749      E5C35753 
 749      AF0875C9 
 749      3D75E3
 750 051f BFB9DCB9 		.ascii	"\277\271\334\271\300f\012\272L\301}U\360\303\345\245"
 750      C0660ABA 
 750      4CC17D55 
 750      F0C3E5A5 
 751 052f 5BB24D41 		.ascii	"[\262MA\223)\350W\005\225\315m\253\300\024\2341\005"
 751      9329E857 
 751      0595CD6D 
 751      ABC0149C 
 751      3105
 752 0541 0F54C19D 		.ascii	"\017T\301\235\247\253\3563S\320l\012\036\252\202\333"
 752      A7ABEE33 
 752      53D06C0A 
 752      1EAA82DB 
 753 0551 576E7565 		.ascii	"Wnue\231\202VS\360H{\223\355\330\332gI\321n\012\006"
 753      99825653 
 753      F0487B93 
 753      EDD8DA67 
 753      49D16E0A 
 754 0566 C4CABE1E 		.ascii	"\304\312\276\036\013\317\014\024E\242!_Q$\034\216\224"
 754      0BCF0C14 
 754      45A2215F 
 754      51241C8E 
 754      94
 755 0577 FACAE794 		.ascii	"\372\312\347\224\026\005b%\341Ptl\221\343\203\251\037"
 755      16056225 
 755      E150746C 
 755      91E383A9 
 755      1F
 756 0588 E7BD3F69 		.ascii	"\347\275?i\022\031fm\035\353\2371n\322\304\031\005\023"
 756      1219666D 
 756      1DEB9F31 
 756      6ED2C419 
 756      0513
 757 059a 89A3A2A4 		.ascii	"\211\243\242\2444V\340\017\304\224\312\333\023\0021"
 757      3456E00F 
 757      C494CADB 
 757      130231
 758 05a9 3A9EB882 		.ascii	":\236\270\202\321\360\347\023C\371\341\267f\224\021"
 758      D1F0E713 
 758      43F9E1B7 
 758      669411
 759 05b8 09D1B1D0 		.ascii	"\011\321\261\320\354\374\360x2\302d\004*\312\344`,4"
 759      ECFCF078 
 759      32C26404 
 759      2ACAE460 
 759      2C34
 760 05ca B62C188D 		.ascii	"\266,\030\215\215\035\367\312\363\035\276\342H8\344"
 760      8D1DF7CA 
 760      F31DBEE2 
 760      4838E4
 761 05d9 FBB43C16 		.ascii	"\373\264<\026\372\002%\276\362HE\264(\344\233\023\014"
 761      FA0225BE 
 761      F24845B4 
 761      28E49B13 
 761      0C
 762 05ea 8567E697 		.ascii	"\205g\346\227\227\315*\211\345\317\234\356\233\\\022"
 762      97CD2A89 
 762      E5CF9CEE 
 762      9B5C12
 763 05f9 0D637788 		.ascii	"\015cw\210\274\361\2629\014\312\033\015\005\345\002"
 763      BCF1B239 
 763      0CCA1B0D 
 763      05E502
 764 0608 7F9ABC6A 		.ascii	"\177\232\274j\207\333\322RRZ\022s\247(r-\367\241Y\301"
 764      87DBD252 
 764      525A1273 
 764      A728722D 
 764      F7A159C1 
 765 061c B2F290EC 		.ascii	"\262\362\220\354y\276\251\300\357\262BG\244\272S\215"
 765      79BEA9C0 
 765      EFB24247 
 765      A4BA538D 
 766 062c 1593DC92 		.ascii	"\025\223\334\222\362\300\314\320\234\351\221`T\016\204"
 766      F2C0CCD0 
 766      9CE99160 
 766      540E84
 767 063b 8338D968 		.ascii	"\2038\331hF\340\275Hd\326\253\237U\004Kc\025a\237\336"
 767      46E0BD48 
 767      64D6AB9F 
 767      55044B63 
 767      15619FDE 
 768 064f 8B62C944 		.ascii	"\213b\311Df\017\312\346N\311\235m1\024.\267k\033\364"
 768      660FCAE6 
 768      4EC99D6D 
 768      31142EB7 
 768      6B1BF4
 769 0662 1FFE165E 		.ascii	"\037\376\026^M"
 769      4D
 770              		.text
 771              		.section	.gnu.lto_.symtab.ab03faec3868813d,"e",%progbits
 772 0000 73796E63 		.ascii	"sync_timer_ms\000"
 772      5F74696D 
 772      65725F6D 
 772      7300
 773 000e 00       		.ascii	"\000"
 774 000f 04       		.ascii	"\004"
 775 0010 00       		.ascii	"\000"
 776 0011 04000000 		.ascii	"\004\000\000\000\000\000\000\000"
 776      00000000 
 777 0019 F1000000 		.ascii	"\361\000\000\000"
 778 001d 73796E63 		.ascii	"sync_timer_init\000"
 778      5F74696D 
 778      65725F69 
 778      6E697400 
 779 002d 00       		.ascii	"\000"
 780 002e 00       		.ascii	"\000"
 781 002f 00       		.ascii	"\000"
 782 0030 00000000 		.ascii	"\000\000\000\000\000\000\000\000"
 782      00000000 
 783 0038 D1000000 		.ascii	"\321\000\000\000"
 784 003c 73796E63 		.ascii	"sync_timer_update\000"
 784      5F74696D 
 784      65725F75 
 784      70646174 
 784      6500
 785 004e 00       		.ascii	"\000"
 786 004f 00       		.ascii	"\000"
 787 0050 00       		.ascii	"\000"
 788 0051 00000000 		.ascii	"\000\000\000\000\000\000\000\000"
 788      00000000 
 789 0059 C8000000 		.ascii	"\310\000\000\000"
 790 005d 73796E63 		.ascii	"sync_timer_read32\000"
 790      5F74696D 
 790      65725F72 
 790      65616433 
 790      3200
 791 006f 00       		.ascii	"\000"
 792 0070 00       		.ascii	"\000"
 793 0071 00       		.ascii	"\000"
 794 0072 00000000 		.ascii	"\000\000\000\000\000\000\000\000"
 794      00000000 
 795 007a CD000000 		.ascii	"\315\000\000\000"
 796 007e 73796E63 		.ascii	"sync_timer_read\000"
 796      5F74696D 
 796      65725F72 
 796      65616400 
 797 008e 00       		.ascii	"\000"
 798 008f 00       		.ascii	"\000"
 799 0090 00       		.ascii	"\000"
 800 0091 00000000 		.ascii	"\000\000\000\000\000\000\000\000"
 800      00000000 
 801 0099 D4000000 		.ascii	"\324\000\000\000"
 802 009d 73796E63 		.ascii	"sync_timer_elapsed\000"
 802      5F74696D 
 802      65725F65 
 802      6C617073 
 802      656400
 803 00b0 00       		.ascii	"\000"
 804 00b1 00       		.ascii	"\000"
 805 00b2 00       		.ascii	"\000"
 806 00b3 00000000 		.ascii	"\000\000\000\000\000\000\000\000"
 806      00000000 
 807 00bb D8000000 		.ascii	"\330\000\000\000"
 808 00bf 73796E63 		.ascii	"sync_timer_elapsed32\000"
 808      5F74696D 
 808      65725F65 
 808      6C617073 
 808      65643332 
 809 00d4 00       		.ascii	"\000"
 810 00d5 00       		.ascii	"\000"
 811 00d6 00       		.ascii	"\000"
 812 00d7 00000000 		.ascii	"\000\000\000\000\000\000\000\000"
 812      00000000 
 813 00df DC000000 		.ascii	"\334\000\000\000"
 814 00e3 74696D65 		.ascii	"timer_read32\000"
 814      725F7265 
 814      61643332 
 814      00
 815 00f0 00       		.ascii	"\000"
 816 00f1 02       		.ascii	"\002"
 817 00f2 00       		.ascii	"\000"
 818 00f3 00000000 		.ascii	"\000\000\000\000\000\000\000\000"
 818      00000000 
 819 00fb DE000000 		.ascii	"\336\000\000\000"
 820 00ff 69735F6B 		.ascii	"is_keyboard_master\000"
 820      6579626F 
 820      6172645F 
 820      6D617374 
 820      657200
 821 0112 00       		.ascii	"\000"
 822 0113 02       		.ascii	"\002"
 823 0114 00       		.ascii	"\000"
 824 0115 00000000 		.ascii	"\000\000\000\000\000\000\000\000"
 824      00000000 
 825 011d E5000000 		.ascii	"\345\000\000\000"
 826 0121 74696D65 		.ascii	"timer_read\000"
 826      725F7265 
 826      616400
 827 012c 00       		.ascii	"\000"
 828 012d 02       		.ascii	"\002"
 829 012e 00       		.ascii	"\000"
 830 012f 00000000 		.ascii	"\000\000\000\000\000\000\000\000"
 830      00000000 
 831 0137 E7000000 		.ascii	"\347\000\000\000"
 832 013b 74696D65 		.ascii	"timer_elapsed\000"
 832      725F656C 
 832      61707365 
 832      6400
 833 0149 00       		.ascii	"\000"
 834 014a 02       		.ascii	"\002"
 835 014b 00       		.ascii	"\000"
 836 014c 00000000 		.ascii	"\000\000\000\000\000\000\000\000"
 836      00000000 
 837 0154 E9000000 		.ascii	"\351\000\000\000"
 838 0158 74696D65 		.ascii	"timer_elapsed32\000"
 838      725F656C 
 838      61707365 
 838      64333200 
 839 0168 00       		.ascii	"\000"
 840 0169 02       		.ascii	"\002"
 841 016a 00       		.ascii	"\000"
 842 016b 00000000 		.ascii	"\000\000\000\000\000\000\000\000"
 842      00000000 
 843 0173 EB000000 		.ascii	"\353\000\000\000"
 844              		.text
 845              		.section	.gnu.lto_.ext_symtab.ab03faec3868813d,"e",%progbits
 846 0000 01       		.ascii	"\001"
 847 0001 02       		.ascii	"\002"
 848 0002 01       		.ascii	"\001"
 849 0003 01       		.ascii	"\001"
 850 0004 00       		.ascii	"\000"
 851 0005 01       		.ascii	"\001"
 852 0006 00       		.ascii	"\000"
 853 0007 01       		.ascii	"\001"
 854 0008 00       		.ascii	"\000"
 855 0009 01       		.ascii	"\001"
 856 000a 00       		.ascii	"\000"
 857 000b 01       		.ascii	"\001"
 858 000c 00       		.ascii	"\000"
 859 000d 01       		.ascii	"\001"
 860 000e 00       		.ascii	"\000"
 861 000f 01       		.ascii	"\001"
 862 0010 00       		.ascii	"\000"
 863 0011 01       		.ascii	"\001"
 864 0012 00       		.ascii	"\000"
 865 0013 01       		.ascii	"\001"
 866 0014 00       		.ascii	"\000"
 867 0015 01       		.ascii	"\001"
 868 0016 00       		.ascii	"\000"
 869 0017 01       		.ascii	"\001"
 870 0018 00       		.ascii	"\000"
 871              		.text
 872              		.section	.gnu.lto_.opts,"e",%progbits
 873 0000 272D666E 		.ascii	"'-fno-openmp' '-fno-openacc' '-fno-pie' '-fcf-prote"
 873      6F2D6F70 
 873      656E6D70 
 873      2720272D 
 873      666E6F2D 
 874 0033 6374696F 		.ascii	"ction=none' '-g' '-mcpu=cortex-m4' '-mthumb' '-mno-"
 874      6E3D6E6F 
 874      6E652720 
 874      272D6727 
 874      20272D6D 
 875 0066 7468756D 		.ascii	"thumb-interwork' '-mno-unaligned-access' '-mfloat-a"
 875      622D696E 
 875      74657277 
 875      6F726B27 
 875      20272D6D 
 876 0099 62693D68 		.ascii	"bi=hard' '-mfpu=fpv4-sp-d16' '-mlibarch=armv7e-m+fp"
 876      61726427 
 876      20272D6D 
 876      6670753D 
 876      66707634 
 877 00cc 2720272D 		.ascii	"' '-march=armv7e-m+fp' '-Os' '-Ofast' '-fsingle-pre"
 877      6D617263 
 877      683D6172 
 877      6D763765 
 877      2D6D2B66 
 878 00ff 63697369 		.ascii	"cision-constant' '-fomit-frame-pointer' '-ffunction"
 878      6F6E2D63 
 878      6F6E7374 
 878      616E7427 
 878      20272D66 
 879 0132 2D736563 		.ascii	"-sections' '-fdata-sections' '-fshort-wchar' '-fcom"
 879      74696F6E 
 879      73272027 
 879      2D666461 
 879      74612D73 
 880 0165 6D6F6E27 		.ascii	"mon' '-flto' '-Xassembler' '-adhlns=.build/obj_karl"
 880      20272D66 
 880      6C746F27 
 880      20272D58 
 880      61737365 
 881 0198 6B39305F 		.ascii	"k90_yaemk_moonlanderlike/common/sync_timer.lst'\000"
 881      7961656D 
 881      6B5F6D6F 
 881      6F6E6C61 
 881      6E646572 
 882              		.text
 883              		.comm	__gnu_lto_slim,1,1
 884              		.ident	"GCC: (15:10.3-2021.07-4) 10.3.1 20210621 (release)"
DEFINED SYMBOLS
                            *ABS*:0000000000000000 sync_timer.c
     /tmp/ccICbWId.s:18     .gnu.debuglto_.debug_info:0000000000000000 sync_timer.c.2f097f37
                            *COM*:0000000000000001 __gnu_lto_slim

NO UNDEFINED SYMBOLS
