   1              		.cpu cortex-m4
   2              		.eabi_attribute 27, 1
   3              		.eabi_attribute 28, 1
   4              		.eabi_attribute 23, 1
   5              		.eabi_attribute 24, 1
   6              		.eabi_attribute 25, 1
   7              		.eabi_attribute 26, 1
   8              		.eabi_attribute 30, 2
   9              		.eabi_attribute 34, 0
  10              		.eabi_attribute 18, 2
  11              		.file	"print.c"
  12              		.file 1 "/usr/lib/gcc/arm-none-eabi/10.3.1/include/stdint.h"
  13              		.file 2 "quantum/logging/sendchar.h"
  14              		.file 3 "quantum/logging/print.c"
  15              		.section	.gnu.debuglto_.debug_info,"e",%progbits
  16              	.Ldebug_info0:
  17              		.hidden	print.c.7d04cfd6
  18              		.weak	print.c.7d04cfd6
  19              	print.c.7d04cfd6:
  20 0000 F5000000 		.4byte	0xf5
  21 0004 0400     		.2byte	0x4
  22 0006 00000000 		.4byte	.Ldebug_abbrev0
  23 000a 04       		.byte	0x4
  24 000b 01       		.uleb128 0x1
  25 000c D0000000 		.4byte	.LASF17
  26 0010 0C       		.byte	0xc
  27 0011 1A000000 		.4byte	.LASF18
  28 0015 71000000 		.4byte	.LASF19
  29 0019 00000000 		.4byte	.Ldebug_line0
  30 001d 02       		.uleb128 0x2
  31 001e 04       		.byte	0x4
  32 001f 05       		.byte	0x5
  33 0020 696E7400 		.ascii	"int\000"
  34 0024 03       		.uleb128 0x3
  35 0025 04       		.byte	0x4
  36 0026 07       		.byte	0x7
  37 0027 9F000000 		.4byte	.LASF0
  38 002b 03       		.uleb128 0x3
  39 002c 02       		.byte	0x2
  40 002d 07       		.byte	0x7
  41 002e 59000000 		.4byte	.LASF1
  42 0032 04       		.uleb128 0x4
  43 0033 32000000 		.4byte	.LASF6
  44 0037 01       		.byte	0x1
  45 0038 22       		.byte	0x22
  46 0039 17       		.byte	0x17
  47 003a 3E000000 		.4byte	0x3e
  48 003e 03       		.uleb128 0x3
  49 003f 01       		.byte	0x1
  50 0040 06       		.byte	0x6
  51 0041 3B020000 		.4byte	.LASF2
  52 0045 03       		.uleb128 0x3
  53 0046 02       		.byte	0x2
  54 0047 05       		.byte	0x5
  55 0048 28020000 		.4byte	.LASF3
  56 004c 03       		.uleb128 0x3
  57 004d 04       		.byte	0x4
  58 004e 05       		.byte	0x5
  59 004f 32020000 		.4byte	.LASF4
  60 0053 03       		.uleb128 0x3
  61 0054 08       		.byte	0x8
  62 0055 05       		.byte	0x5
  63 0056 F9010000 		.4byte	.LASF5
  64 005a 04       		.uleb128 0x4
  65 005b C8000000 		.4byte	.LASF7
  66 005f 01       		.byte	0x1
  67 0060 2E       		.byte	0x2e
  68 0061 18       		.byte	0x18
  69 0062 66000000 		.4byte	0x66
  70 0066 03       		.uleb128 0x3
  71 0067 01       		.byte	0x1
  72 0068 08       		.byte	0x8
  73 0069 39000000 		.4byte	.LASF8
  74 006d 03       		.uleb128 0x3
  75 006e 04       		.byte	0x4
  76 006f 07       		.byte	0x7
  77 0070 47000000 		.4byte	.LASF9
  78 0074 03       		.uleb128 0x3
  79 0075 08       		.byte	0x8
  80 0076 07       		.byte	0x7
  81 0077 B1000000 		.4byte	.LASF10
  82 007b 04       		.uleb128 0x4
  83 007c 00000000 		.4byte	.LASF11
  84 0080 02       		.byte	0x2
  85 0081 1A       		.byte	0x1a
  86 0082 12       		.byte	0x12
  87 0083 87000000 		.4byte	0x87
  88 0087 05       		.uleb128 0x5
  89 0088 04       		.byte	0x4
  90 0089 8D000000 		.4byte	0x8d
  91 008d 06       		.uleb128 0x6
  92 008e 32000000 		.4byte	0x32
  93 0092 9C000000 		.4byte	0x9c
  94 0096 07       		.uleb128 0x7
  95 0097 5A000000 		.4byte	0x5a
  96 009b 00       		.byte	0
  97 009c 08       		.uleb128 0x8
  98 009d 6C000000 		.4byte	.LASF20
  99 00a1 03       		.byte	0x3
 100 00a2 17       		.byte	0x17
 101 00a3 18       		.byte	0x18
 102 00a4 7B000000 		.4byte	0x7b
 103 00a8 09       		.uleb128 0x9
 104 00a9 1F020000 		.4byte	.LASF13
 105 00ad 03       		.byte	0x3
 106 00ae 1B       		.byte	0x1b
 107 00af 06       		.byte	0x6
 108 00b0 C1000000 		.4byte	0xc1
 109 00b4 0A       		.uleb128 0xa
 110 00b5 10000000 		.4byte	.LASF15
 111 00b9 03       		.byte	0x3
 112 00ba 1B       		.byte	0x1b
 113 00bb 14       		.byte	0x14
 114 00bc C1000000 		.4byte	0xc1
 115 00c0 00       		.byte	0
 116 00c1 03       		.uleb128 0x3
 117 00c2 01       		.byte	0x1
 118 00c3 08       		.byte	0x8
 119 00c4 07020000 		.4byte	.LASF12
 120 00c8 09       		.uleb128 0x9
 121 00c9 47020000 		.4byte	.LASF14
 122 00cd 03       		.byte	0x3
 123 00ce 19       		.byte	0x19
 124 00cf 06       		.byte	0x6
 125 00d0 E1000000 		.4byte	0xe1
 126 00d4 0A       		.uleb128 0xa
 127 00d5 AC000000 		.4byte	.LASF16
 128 00d9 03       		.byte	0x3
 129 00da 19       		.byte	0x19
 130 00db 29       		.byte	0x29
 131 00dc 7B000000 		.4byte	0x7b
 132 00e0 00       		.byte	0
 133 00e1 0B       		.uleb128 0xb
 134 00e2 0C020000 		.4byte	.LASF21
 135 00e6 03       		.byte	0x3
 136 00e7 16       		.byte	0x16
 137 00e8 18       		.byte	0x18
 138 00e9 32000000 		.4byte	0x32
 139 00ed 0C       		.uleb128 0xc
 140 00ee 6300     		.ascii	"c\000"
 141 00f0 03       		.byte	0x3
 142 00f1 16       		.byte	0x16
 143 00f2 33       		.byte	0x33
 144 00f3 5A000000 		.4byte	0x5a
 145 00f7 00       		.byte	0
 146 00f8 00       		.byte	0
 147              		.section	.gnu.debuglto_.debug_abbrev,"e",%progbits
 148              	.Ldebug_abbrev0:
 149 0000 01       		.uleb128 0x1
 150 0001 11       		.uleb128 0x11
 151 0002 01       		.byte	0x1
 152 0003 25       		.uleb128 0x25
 153 0004 0E       		.uleb128 0xe
 154 0005 13       		.uleb128 0x13
 155 0006 0B       		.uleb128 0xb
 156 0007 03       		.uleb128 0x3
 157 0008 0E       		.uleb128 0xe
 158 0009 1B       		.uleb128 0x1b
 159 000a 0E       		.uleb128 0xe
 160 000b 10       		.uleb128 0x10
 161 000c 17       		.uleb128 0x17
 162 000d 00       		.byte	0
 163 000e 00       		.byte	0
 164 000f 02       		.uleb128 0x2
 165 0010 24       		.uleb128 0x24
 166 0011 00       		.byte	0
 167 0012 0B       		.uleb128 0xb
 168 0013 0B       		.uleb128 0xb
 169 0014 3E       		.uleb128 0x3e
 170 0015 0B       		.uleb128 0xb
 171 0016 03       		.uleb128 0x3
 172 0017 08       		.uleb128 0x8
 173 0018 00       		.byte	0
 174 0019 00       		.byte	0
 175 001a 03       		.uleb128 0x3
 176 001b 24       		.uleb128 0x24
 177 001c 00       		.byte	0
 178 001d 0B       		.uleb128 0xb
 179 001e 0B       		.uleb128 0xb
 180 001f 3E       		.uleb128 0x3e
 181 0020 0B       		.uleb128 0xb
 182 0021 03       		.uleb128 0x3
 183 0022 0E       		.uleb128 0xe
 184 0023 00       		.byte	0
 185 0024 00       		.byte	0
 186 0025 04       		.uleb128 0x4
 187 0026 16       		.uleb128 0x16
 188 0027 00       		.byte	0
 189 0028 03       		.uleb128 0x3
 190 0029 0E       		.uleb128 0xe
 191 002a 3A       		.uleb128 0x3a
 192 002b 0B       		.uleb128 0xb
 193 002c 3B       		.uleb128 0x3b
 194 002d 0B       		.uleb128 0xb
 195 002e 39       		.uleb128 0x39
 196 002f 0B       		.uleb128 0xb
 197 0030 49       		.uleb128 0x49
 198 0031 13       		.uleb128 0x13
 199 0032 00       		.byte	0
 200 0033 00       		.byte	0
 201 0034 05       		.uleb128 0x5
 202 0035 0F       		.uleb128 0xf
 203 0036 00       		.byte	0
 204 0037 0B       		.uleb128 0xb
 205 0038 0B       		.uleb128 0xb
 206 0039 49       		.uleb128 0x49
 207 003a 13       		.uleb128 0x13
 208 003b 00       		.byte	0
 209 003c 00       		.byte	0
 210 003d 06       		.uleb128 0x6
 211 003e 15       		.uleb128 0x15
 212 003f 01       		.byte	0x1
 213 0040 27       		.uleb128 0x27
 214 0041 19       		.uleb128 0x19
 215 0042 49       		.uleb128 0x49
 216 0043 13       		.uleb128 0x13
 217 0044 01       		.uleb128 0x1
 218 0045 13       		.uleb128 0x13
 219 0046 00       		.byte	0
 220 0047 00       		.byte	0
 221 0048 07       		.uleb128 0x7
 222 0049 05       		.uleb128 0x5
 223 004a 00       		.byte	0
 224 004b 49       		.uleb128 0x49
 225 004c 13       		.uleb128 0x13
 226 004d 00       		.byte	0
 227 004e 00       		.byte	0
 228 004f 08       		.uleb128 0x8
 229 0050 34       		.uleb128 0x34
 230 0051 00       		.byte	0
 231 0052 03       		.uleb128 0x3
 232 0053 0E       		.uleb128 0xe
 233 0054 3A       		.uleb128 0x3a
 234 0055 0B       		.uleb128 0xb
 235 0056 3B       		.uleb128 0x3b
 236 0057 0B       		.uleb128 0xb
 237 0058 39       		.uleb128 0x39
 238 0059 0B       		.uleb128 0xb
 239 005a 49       		.uleb128 0x49
 240 005b 13       		.uleb128 0x13
 241 005c 00       		.byte	0
 242 005d 00       		.byte	0
 243 005e 09       		.uleb128 0x9
 244 005f 2E       		.uleb128 0x2e
 245 0060 01       		.byte	0x1
 246 0061 3F       		.uleb128 0x3f
 247 0062 19       		.uleb128 0x19
 248 0063 03       		.uleb128 0x3
 249 0064 0E       		.uleb128 0xe
 250 0065 3A       		.uleb128 0x3a
 251 0066 0B       		.uleb128 0xb
 252 0067 3B       		.uleb128 0x3b
 253 0068 0B       		.uleb128 0xb
 254 0069 39       		.uleb128 0x39
 255 006a 0B       		.uleb128 0xb
 256 006b 27       		.uleb128 0x27
 257 006c 19       		.uleb128 0x19
 258 006d 01       		.uleb128 0x1
 259 006e 13       		.uleb128 0x13
 260 006f 00       		.byte	0
 261 0070 00       		.byte	0
 262 0071 0A       		.uleb128 0xa
 263 0072 05       		.uleb128 0x5
 264 0073 00       		.byte	0
 265 0074 03       		.uleb128 0x3
 266 0075 0E       		.uleb128 0xe
 267 0076 3A       		.uleb128 0x3a
 268 0077 0B       		.uleb128 0xb
 269 0078 3B       		.uleb128 0x3b
 270 0079 0B       		.uleb128 0xb
 271 007a 39       		.uleb128 0x39
 272 007b 0B       		.uleb128 0xb
 273 007c 49       		.uleb128 0x49
 274 007d 13       		.uleb128 0x13
 275 007e 00       		.byte	0
 276 007f 00       		.byte	0
 277 0080 0B       		.uleb128 0xb
 278 0081 2E       		.uleb128 0x2e
 279 0082 01       		.byte	0x1
 280 0083 03       		.uleb128 0x3
 281 0084 0E       		.uleb128 0xe
 282 0085 3A       		.uleb128 0x3a
 283 0086 0B       		.uleb128 0xb
 284 0087 3B       		.uleb128 0x3b
 285 0088 0B       		.uleb128 0xb
 286 0089 39       		.uleb128 0x39
 287 008a 0B       		.uleb128 0xb
 288 008b 27       		.uleb128 0x27
 289 008c 19       		.uleb128 0x19
 290 008d 49       		.uleb128 0x49
 291 008e 13       		.uleb128 0x13
 292 008f 00       		.byte	0
 293 0090 00       		.byte	0
 294 0091 0C       		.uleb128 0xc
 295 0092 05       		.uleb128 0x5
 296 0093 00       		.byte	0
 297 0094 03       		.uleb128 0x3
 298 0095 08       		.uleb128 0x8
 299 0096 3A       		.uleb128 0x3a
 300 0097 0B       		.uleb128 0xb
 301 0098 3B       		.uleb128 0x3b
 302 0099 0B       		.uleb128 0xb
 303 009a 39       		.uleb128 0x39
 304 009b 0B       		.uleb128 0xb
 305 009c 49       		.uleb128 0x49
 306 009d 13       		.uleb128 0x13
 307 009e 00       		.byte	0
 308 009f 00       		.byte	0
 309 00a0 00       		.byte	0
 310              		.section	.gnu.debuglto_.debug_line,"e",%progbits
 311              	.Ldebug_line0:
 312 0000 79000000 		.4byte	.LELT0-.LSLT0
 313              	.LSLT0:
 314 0004 0400     		.2byte	0x4
 315 0006 73000000 		.4byte	.LELTP0-.LASLTP0
 316              	.LASLTP0:
 317 000a 01       		.byte	0x1
 318 000b 01       		.byte	0x1
 319 000c 01       		.byte	0x1
 320 000d F6       		.byte	0xf6
 321 000e F2       		.byte	0xf2
 322 000f 0D       		.byte	0xd
 323 0010 00       		.byte	0
 324 0011 01       		.byte	0x1
 325 0012 01       		.byte	0x1
 326 0013 01       		.byte	0x1
 327 0014 01       		.byte	0x1
 328 0015 00       		.byte	0
 329 0016 00       		.byte	0
 330 0017 00       		.byte	0
 331 0018 01       		.byte	0x1
 332 0019 00       		.byte	0
 333 001a 00       		.byte	0
 334 001b 01       		.byte	0x1
 335 001c 7175616E 		.ascii	"quantum/logging"
 335      74756D2F 
 335      6C6F6767 
 335      696E67
 336 002b 00       		.byte	0
 337 002c 2F757372 		.ascii	"/usr/lib/gcc/arm-none-eabi/10.3.1/include"
 337      2F6C6962 
 337      2F676363 
 337      2F61726D 
 337      2D6E6F6E 
 338 0055 00       		.byte	0
 339 0056 00       		.byte	0
 340 0057 73746469 		.ascii	"stdint.h\000"
 340      6E742E68 
 340      00
 341 0060 02       		.uleb128 0x2
 342 0061 00       		.uleb128 0
 343 0062 00       		.uleb128 0
 344 0063 73656E64 		.ascii	"sendchar.h\000"
 344      63686172 
 344      2E6800
 345 006e 01       		.uleb128 0x1
 346 006f 00       		.uleb128 0
 347 0070 00       		.uleb128 0
 348 0071 7072696E 		.ascii	"print.c\000"
 348      742E6300 
 349 0079 01       		.uleb128 0x1
 350 007a 00       		.uleb128 0
 351 007b 00       		.uleb128 0
 352 007c 00       		.byte	0
 353              	.LELTP0:
 354              	.LELT0:
 355              		.section	.gnu.debuglto_.debug_str,"eMS",%progbits,1
 356              	.LASF11:
 357 0000 73656E64 		.ascii	"sendchar_func_t\000"
 357      63686172 
 357      5F66756E 
 357      635F7400 
 358              	.LASF15:
 359 0010 63686172 		.ascii	"character\000"
 359      61637465 
 359      7200
 360              	.LASF18:
 361 001a 7175616E 		.ascii	"quantum/logging/print.c\000"
 361      74756D2F 
 361      6C6F6767 
 361      696E672F 
 361      7072696E 
 362              	.LASF6:
 363 0032 696E7438 		.ascii	"int8_t\000"
 363      5F7400
 364              	.LASF8:
 365 0039 756E7369 		.ascii	"unsigned char\000"
 365      676E6564 
 365      20636861 
 365      7200
 366              	.LASF9:
 367 0047 6C6F6E67 		.ascii	"long unsigned int\000"
 367      20756E73 
 367      69676E65 
 367      6420696E 
 367      7400
 368              	.LASF1:
 369 0059 73686F72 		.ascii	"short unsigned int\000"
 369      7420756E 
 369      7369676E 
 369      65642069 
 369      6E7400
 370              	.LASF20:
 371 006c 66756E63 		.ascii	"func\000"
 371      00
 372              	.LASF19:
 373 0071 2F686F6D 		.ascii	"/home/jstewart/source/yaemk-split-kb/Firmware\000"
 373      652F6A73 
 373      74657761 
 373      72742F73 
 373      6F757263 
 374              	.LASF0:
 375 009f 756E7369 		.ascii	"unsigned int\000"
 375      676E6564 
 375      20696E74 
 375      00
 376              	.LASF16:
 377 00ac 73656E64 		.ascii	"send\000"
 377      00
 378              	.LASF10:
 379 00b1 6C6F6E67 		.ascii	"long long unsigned int\000"
 379      206C6F6E 
 379      6720756E 
 379      7369676E 
 379      65642069 
 380              	.LASF7:
 381 00c8 75696E74 		.ascii	"uint8_t\000"
 381      385F7400 
 382              	.LASF17:
 383 00d0 474E5520 		.ascii	"GNU C99 10.3.1 20210621 (release) -mcpu=cortex-m4 -"
 383      43393920 
 383      31302E33 
 383      2E312032 
 383      30323130 
 384 0103 6D746875 		.ascii	"mthumb -mno-thumb-interwork -mno-unaligned-access -"
 384      6D62202D 
 384      6D6E6F2D 
 384      7468756D 
 384      622D696E 
 385 0136 6D666C6F 		.ascii	"mfloat-abi=hard -mfpu=fpv4-sp-d16 -march=armv7e-m+f"
 385      61742D61 
 385      62693D68 
 385      61726420 
 385      2D6D6670 
 386 0169 70202D67 		.ascii	"p -ggdb -Os -Ofast -std=gnu99 -fsingle-precision-co"
 386      67646220 
 386      2D4F7320 
 386      2D4F6661 
 386      7374202D 
 387 019c 6E737461 		.ascii	"nstant -fomit-frame-pointer -ffunction-sections -fd"
 387      6E74202D 
 387      666F6D69 
 387      742D6672 
 387      616D652D 
 388 01cf 6174612D 		.ascii	"ata-sections -fshort-wchar -fcommon -flto\000"
 388      73656374 
 388      696F6E73 
 388      202D6673 
 388      686F7274 
 389              	.LASF5:
 390 01f9 6C6F6E67 		.ascii	"long long int\000"
 390      206C6F6E 
 390      6720696E 
 390      7400
 391              	.LASF12:
 392 0207 63686172 		.ascii	"char\000"
 392      00
 393              	.LASF21:
 394 020c 6E756C6C 		.ascii	"null_sendchar_func\000"
 394      5F73656E 
 394      64636861 
 394      725F6675 
 394      6E6300
 395              	.LASF13:
 396 021f 5F707574 		.ascii	"_putchar\000"
 396      63686172 
 396      00
 397              	.LASF3:
 398 0228 73686F72 		.ascii	"short int\000"
 398      7420696E 
 398      7400
 399              	.LASF4:
 400 0232 6C6F6E67 		.ascii	"long int\000"
 400      20696E74 
 400      00
 401              	.LASF2:
 402 023b 7369676E 		.ascii	"signed char\000"
 402      65642063 
 402      68617200 
 403              	.LASF14:
 404 0247 7072696E 		.ascii	"print_set_sendchar\000"
 404      745F7365 
 404      745F7365 
 404      6E646368 
 404      617200
 405              		.text
 406              		.section	.gnu.lto_.profile.2dbd7d29e6c03e4d,"e",%progbits
 407 0000 789C6361 		.ascii	"x\234ca\000\002Ff\006\000\0001\000\011"
 407      00024666 
 407      06000031 
 407      0009
 408              		.text
 409              		.section	.gnu.lto_.icf.2dbd7d29e6c03e4d,"e",%progbits
 410 0000 789C9364 		.ascii	"x\234\223d@\000\026\206\313\333\337U1\036Y\272\341 "
 410      40001686 
 410      CBDBDF55 
 410      311E59BA 
 410      E120
 411 0012 2BD3C2ED 		.ascii	"+\323\302\355\237n\3631_?q\243\207\231\001\000\242s"
 411      9F6EF331 
 411      5F3F71A3 
 411      87990100 
 411      A273
 412 0024 0C2E     		.ascii	"\014."
 413              		.text
 414              		.section	.gnu.lto_.ipa_sra.2dbd7d29e6c03e4d,"e",%progbits
 415 0000 789C9365 		.ascii	"x\234\223e@\000f\006F \311\310\314\010\242@4\210d\004"
 415      40006606 
 415      4620C9C8 
 415      CC08A240 
 415      34886404 
 416 0014 F3181900 		.ascii	"\363\030\031\000\006(\0002"
 416      06280032 
 417              		.text
 418              		.section	.gnu.lto_.inline.2dbd7d29e6c03e4d,"e",%progbits
 419 0000 789C2B60 		.ascii	"x\234+`@\000f j\000\002\246\024F\006&\006\206F \263"
 419      40006620 
 419      6A0002A6 
 419      14460626 
 419      06864620 
 420 0015 8E81810D 		.ascii	"\216\201\201\015\"\304\004\022b`d`\001q\231A*\230\300"
 420      22C40412 
 420      62606460 
 420      01719941 
 420      2A98C0
 421 0028 12C9682A 		.ascii	"\022\311h*\230\0318\200\274\015L\3518U\260\010\200\014"
 421      98193880 
 421      BC0D4CE9 
 421      3855B008 
 421      800C
 422 003a 9AE0C700 		.ascii	"\232\340\307\000\000\227T\027\206"
 422      00975417 
 422      86
 423              		.text
 424              		.section	.gnu.lto_.jmpfuncs.2dbd7d29e6c03e4d,"e",%progbits
 425 0000 789CD365 		.ascii	"x\234\323e@\000f\006FF\006\206% \212\221\261~\0113#"
 425      40006606 
 425      46460686 
 425      25208A91 
 425      B17E0933 
 426 0015 3388B184 		.ascii	"3\210\261\204\231\211\211\245\016(\315x\200\205\221"
 426      998989A5 
 426      0E28CD78 
 426      808591
 427 0024 0188FF33 		.ascii	"\001\210\37732\324+0\000\000{#\006c"
 427      32D42B30 
 427      00007B23 
 427      0663
 428              		.text
 429              		.section	.gnu.lto_.pureconst.2dbd7d29e6c03e4d,"e",%progbits
 430 0000 789CE362 		.ascii	"x\234\343b```fh`a\234\301\302<\203\005\000\011\037\001"
 430      60606066 
 430      6860619C 
 430      C1C23C83 
 430      0500091F 
 431 0015 CE       		.ascii	"\316"
 432              		.text
 433              		.section	.gnu.lto_.lto.2dbd7d29e6c03e4d,"e",%progbits
 434 0000 09000400 		.ascii	"\011\000\004\000\001\000\000\000"
 434      01000000 
 435              		.text
 436              		.section	.gnu.lto_null_sendchar_func.0.2dbd7d29e6c03e4d,"e",%progbits
 437 0000 789C458E 		.ascii	"x\234E\216\275J\003Q\024\204g\366\372S[\351\003\010"
 437      BD4A0351 
 437      148467F6 
 437      FA535BE9 
 437      0308
 438 0012 6291BD01 		.ascii	"b\221\275\001E[+\013\361\025,\342f]\327d\177\334\354"
 438      455B2B0B 
 438      F1152CE2 
 438      665DD764 
 438      7FDCEC
 439 0025 225639B1 		.ascii	"\"V9\261L\023\023\273 \"\222\210\2256\212\355>\202\370"
 439      4C1313BB 
 439      20229288 
 439      95368AED 
 439      3E82F8
 440 0038 188A8582 		.ascii	"\030\212\205\202`\241\304\273Q\264\0308\037\347\314"
 440      60A1C4BB 
 440      51B41838 
 440      1FE7CC
 441 0047 CC1902D8 		.ascii	"\314\031\002\3302\2327\242\002{\335\266\005\021Y\233"
 441      329A37A2 
 441      027BDDB6 
 441      0511599B 
 442 0057 B6D8EAB6 		.ascii	"\266\330\352\266\277fy\3171\022M\213M\236\250E\203\037"
 442      BF6679CF 
 442      31124D8B 
 442      4D9EA845 
 442      831F
 443 0069 C3FE75DC 		.ascii	"\303\376u\334\277\3129P\300\231\261-\261l\002p\252\250"
 443      BFCA3950 
 443      C099B12D 
 443      B16C0270 
 443      AAA8
 444 007b 36B0908B 		.ascii	"6\260\220\213<<\337\212(\014\024y\307\277\013\203\233"
 444      3C3CDF8A 
 444      280C1479 
 444      C7BF0B83 
 444      9B
 445 008c 2F04A6C6 		.ascii	"/\004\246\306\256\242\322\350\346q2\227\317QG\344\375"
 445      AEA2D2E8 
 445      E6713297 
 445      CF5147E4 
 445      FD
 446 009d 926D6501 		.ascii	"\222me\001\035U\274 \023\224\0348V\326\017\264\014<"
 446      1D55BC20 
 446      13941C38 
 446      56D60FB4 
 446      0C3C
 447 00af 512E5E89 		.ascii	"Q.^\2117\036\235\217\330S\246\276H(\034\374w\000\266"
 447      371E9D8F 
 447      D853A6BE 
 447      48281CFC 
 447      7700B6
 448 00c2 DE8D0257 		.ascii	"\336\215\002W\3575R\367\240\222\244\272\021e\211\343"
 448      EF3552F7 
 448      A092A4BA 
 448      116589E3 
 449 00d2 EAC38A1B 		.ascii	"\352\303\212\033\324J\215\270\356\247\245\332\266^\367"
 449      D44A8DB8 
 449      EEA7A5DA 
 449      B65EF7
 450 00e1 93C0AC5D 		.ascii	"\223\300\254]\314\355g\2250\315\002]\217<\317\017=\035"
 450      CCED6795 
 450      30CD025D 
 450      8F3CCF0F 
 450      3D1D
 451 00f3 277E98DA 		.ascii	"'~\230\332\016\350\314\374\216\366j\265\274\354\354"
 451      0EE8CCFC 
 451      8EF66AB5 
 451      BCECEC
 452 0102 5457F00D 		.ascii	"TW\360\0154\034Z\376"
 452      341C5AFE 
 453              		.text
 454              		.section	.gnu.lto_func.1.2dbd7d29e6c03e4d,"e",%progbits
 455 0000 789C1364 		.ascii	"x\234\023d``\360d\200\200\026\306\246\206\206?\223\316"
 455      6060F064 
 455      808016C6 
 455      A686863F 
 455      93CE
 456 0012 4EB75FC2 		.ascii	"N\267_\302\3140\217\031(\242\247\237\221\237\233\252"
 456      CC308F19 
 456      28A2A79F 
 456      919F9BAA 
 457 0022 9F555C92 		.ascii	"\237U\\\222Z\236XT\242_\234_Z\224\234\252_\231\230\232"
 457      5A9E5854 
 457      A25F9C5F 
 457      5A949CAA 
 457      5F99989A 
 458 0036 9BAD5B5C 		.ascii	"\233\255[\\\220\223Y\242\233\235\244\357\226Y\224\013"
 458      909359A2 
 458      9B9DA4EF 
 458      9659940B 
 459 0046 944E6590 		.ascii	"\224Ne\220(,M\314+)\315\325\317\311OO\317\314K\327/"
 459      282C4DCC 
 459      2B29CDD5 
 459      CFC94F4F 
 459      CFCC4BD7 
 460 005b 28CACC2B 		.ascii	"(\312\314+\321Kf\000\000\030\217!o"
 460      D14B6600 
 460      00188F21 
 460      6F
 461              		.text
 462              		.section	.gnu.lto_print_set_sendchar.2.2dbd7d29e6c03e4d,"e",%progbits
 463 0000 789C458E 		.ascii	"x\234E\2161O\002A\024\204\337\354\236\032\022\033;J"
 463      314F0241 
 463      1484DFEC 
 463      9E1A121B 
 463      3B4A
 464 0012 130B6301 		.ascii	"\023\013c\001ka\244\265\262\260\361/\210p\236'\334\201"
 464      6B61A4B5 
 464      B2B0F12F 
 464      88709E27 
 464      DC81
 465 0024 77478C8D 		.ascii	"wG\214\215<\21064\010t\304\030C\016\243\225\225\012"
 465      3C883634 
 465      0874C418 
 465      430EA395 
 465      950A
 466 0036 DAF0138C 		.ascii	"\332\360\023\214\332X\333YXXYHt91n2\331\371\336f\347"
 466      DA58DB59 
 466      58585948 
 466      7439316E 
 466      32D9F9DE 
 467 004c CD2B116D 		.ascii	"\315+\021mh\315iA\022\232\215\232 f^\231\022\2504j1"
 467      68CD6941 
 467      129A8D9A 
 467      20665E99 
 467      12A8346A 
 468 0061 F41111A8 		.ascii	"\364\021\021\250,PFK.h\374\354\266\373\323G\361P\022"
 468      2C50464B 
 468      2E68FCEC 
 468      B6FBD347 
 468      F15012
 469 0074 9D6A45E7 		.ascii	"\235jE\347D\242)C\011\030c'0\253\235\\\243\371\001\363"
 469      44A22943 
 469      09186327 
 469      30AB9D5C 
 469      A3F901F3 
 470 0088 C34B8F39 		.ascii	"\303K\2179F\241\224\270\205\376\203\033\340\0324\032"
 470      46A194B8 
 470      85FE831B 
 470      E01A341A 
 471 0098 AC3FEB7B 		.ascii	"\254?\353{\362/I{\272z\234\030\360\327w\235y\330\305"
 471      F22F497B 
 471      BA7A9C18 
 471      F0D7779D 
 471      79D8C5
 472 00ab 8121809E 		.ascii	"\201!\200\236\036\327\345\250\027\033\340\001\321\261"
 472      1ED7E5A8 
 472      171BE001 
 472      D1B1
 473 00b9 14BF50D1 		.ascii	"\024\277P\321\360\006\356<\201\336Qm_\246\306\333\015"
 473      F006EE3C 
 473      81DE516D 
 473      5FA6C6DB 
 473      0D
 474 00ca 8C1A1D42 		.ascii	"\214\032\035Bh{\241\223\317\021-\277\007\356@\035)\350"
 474      687BA193 
 474      CF112DBF 
 474      07EE401D 
 474      29E8
 475 00dc 03D5B321 		.ascii	"\003\325\263!\242\352u\211\377d\242\244\332.8\246\332"
 475      A2EA7589 
 475      FF64A2A4 
 475      DA2E38A6 
 475      DA
 476 00ed F103732F 		.ascii	"\361\003s/\355\005\312/\224\274\214\251\366\323\246"
 476      ED05CA2F 
 476      94BC8CA9 
 476      F6D3A6
 477 00fc 934BF8C5 		.ascii	"\223K\370\305\274\035$r\233j\325\366\034\375lR|\267"
 477      BC1D2472 
 477      9B6AD5F6 
 477      1CFD6C52 
 477      7CB7
 478 010e 94768392 		.ascii	"\224v\203\222\243\362\005\313\262]K\025=\333\015\222"
 478      A3F205CB 
 478      B25D4B15 
 478      3DDB0D92 
 479 011e 19327CD3 		.ascii	"\0312|\323\315\316\214)\231\312..e\266\262\313\364\003"
 479      CDCE8C29 
 479      99CA2E2E 
 479      65B6B2CB 
 479      F403
 480 0130 0D706842 		.ascii	"\015phB"
 481              		.text
 482              		.section	.gnu.lto__putchar.3.2dbd7d29e6c03e4d,"e",%progbits
 483 0000 789C454E 		.ascii	"x\234EN\277KBa\024\275\347]-\204\2266\307\240!\032\364"
 483      BF4B4261 
 483      14BDE75D 
 483      2D849636 
 483      C7A0211A 
 484 0015 138A5A9B 		.ascii	"\023\212Z\233\032\232\373\007^\317/}\352S{>\211\246"
 484      1A9AFB07 
 484      5ECF2F7D 
 484      EA537B3E 
 484      89A6
 485 0027 3EC51617 		.ascii	">\305\026\027S\241!\"\302,\032\202\026\373E\213\177"
 485      53A12122 
 485      C22C1A82 
 485      16FB458B 
 485      7F
 486 0038 4204FD01 		.ascii	"B\004\375\001\255\015\021M\015E\335gE\037\034\270\347"
 486      AD0D114D 
 486      0D45DD67 
 486      451F1CB8 
 486      E7
 487 0049 3BE7DE73 		.ascii	";\347\336s\236\210H\013\246\005`B\247\335\264\310\030"
 487      9E88480B 
 487      A6056042 
 487      A7DDB4C8 
 487      18
 488 005a B3346EA1 		.ascii	"\2634n\241\326n\306p\215\021\003m[\330F\227g\205\276"
 488      D66EC670 
 488      8D11036D 
 488      5BD84697 
 488      6785BE
 489 006d 9FECDF4D 		.ascii	"\237\354\337M\354\304\373Lt(\030\275\003\006\257\320"
 489      ECC4FB4C 
 489      742818BD 
 489      0306AFD0 
 490 007d CCD098FB 		.ascii	"\314\320\230\373\363\2011L}\006.!:\346\220\242\220\256"
 490      F381314C 
 490      7D062E21 
 490      3AE690A2 
 490      90AE
 491 008f 0E4034F6 		.ascii	"\016@4\366\267#3]<D\207\346\343\253e\314\3471rQ\210"
 491      B723335D 
 491      3C4487E6 
 491      E3AB65CC 
 491      E7317251 
 492 00a4 CB92B52B 		.ascii	"\313\222\265+\321Z\034\3260\021\230!\321.[?\244&\344"
 492      D15A1CD6 
 492      30119821 
 492      D12E5B3F 
 492      A426E4
 493 00b7 19A6D705 		.ascii	"\031\246\327\005\275\240\276\027\3531$\270\303}f\204"
 493      BDA0BE17 
 493      EB3124B8 
 493      C37D6684 
 494 00c7 151AB064 		.ascii	"\025\032\260d<\223\200\323\360X\004\267\300\215\\{E"
 494      3C9380D3 
 494      F05804B7 
 494      C08D5C7B 
 494      45
 495 00d8 638AC42C 		.ascii	"c\212\304,\020o\224\336P?z\304\250x\213\361\037D\224"
 495      106F94DE 
 495      503F7AC4 
 495      A8788BF1 
 495      1F4494
 496 00eb 54D992A7 		.ascii	"T\331\222\247U\256\022\350M\333\017T\245T\365\035\255"
 496      55AE12E8 
 496      4DDB0F54 
 496      A554F51D 
 496      AD
 497 00fc B66CEDE5 		.ascii	"\266l\355\345\023\225r\301\015\022\3715\265\354\372"
 497      139572C1 
 497      0D12F935 
 497      B5ECFA
 498 010b 9EC89AE2 		.ascii	"\236\310\232\342\033U\273\030T=U(e2n1\243\312\276[\014"
 498      1B55BB18 
 498      543D5528 
 498      65326E31 
 498      A3CABE5B 
 499 0120 920EC59C 		.ascii	"\222\016\305\234\254\355\333N\240\375\311\337\257\344"
 499      ACEDDB4E 
 499      A0FDC9DF 
 499      AFE4
 500 012e 623A35EF 		.ascii	"b:5\357\254\247\027\350\033\177\236g\344"
 500      ACA717E8 
 500      1B7F9E67 
 500      E4
 501              		.text
 502              		.section	.gnu.lto_.symbol_nodes.2dbd7d29e6c03e4d,"e",%progbits
 503 0000 789CCB60 		.ascii	"x\234\313`\000\002&\206z\206\006 `a\234p\216\001\310"
 503      00022686 
 503      7A860620 
 503      60619C70 
 503      8E01C8
 504 0013 66D8B1A0 		.ascii	"f\330\261\240\261\321\200\201\221\001,\311T\317\210"
 504      B1D18081 
 504      91012CC9 
 504      54CF88
 505 0022 22B9ABA1 		.ascii	"\"\271\253\241\221\021*\307\312\310\320\340\304\300"
 505      91112AC7 
 505      CAC8D0E0 
 505      C4C0
 506 0030 C0CCC45C 		.ascii	"\300\314\304\\\317\204K\015\0133D\246\224\001\000\003"
 506      CF844B0D 
 506      0B3344A6 
 506      94010003 
 507 0040 F616EB   		.ascii	"\366\026\353"
 508              		.text
 509              		.section	.gnu.lto_.refs.2dbd7d29e6c03e4d,"e",%progbits
 510 0000 789C1364 		.ascii	"x\234\023d```dddbb\000cf\006 \311\000\000\0028\000&"
 510      60606064 
 510      64646262 
 510      00636606 
 510      20C90000 
 511              		.text
 512              		.section	.gnu.lto_.decls.2dbd7d29e6c03e4d,"e",%progbits
 513 0000 789C8554 		.ascii	"x\234\205Tmh\233U\024>\347\336\267y\337\336eM,\031\025"
 513      6D689B55 
 513      143EE7DE 
 513      B779DFDE 
 513      654D2C19 
 514 0015 941A56C4 		.ascii	"\224\032V\304\300h3\262\272\271\037B@\231\302`\354\207"
 514      C06833B2 
 514      BAB91F42 
 514      4099C260 
 514      EC87
 515 0027 FEF14FA8 		.ascii	"\376\361O\250y\323\017\327|\230\276\361\343\227\327"
 515      79D30FD7 
 515      7C98BEF1 
 515      E397D7
 516 0036 A954C70A 		.ascii	"\251T\307\012\305\017\250\314u\365\2070pj\305\257\326"
 516      C50FA8CC 
 516      75F58730 
 516      706AC5AF 
 516      D6
 517 0047 6AADE956 		.ascii	"j\255\351V\243\353\307\332\256\263E\0057\250\0047Xt"
 517      A3EBC7DA 
 517      AEB34505 
 517      37A80437 
 517      5874
 518 0059 03BFA9E7 		.ascii	"\003\277\251\347\276y\363\246u+\236\344\334{r>\236\347"
 518      BE79F3A6 
 518      752B9EE4 
 518      DC7B723E 
 518      9EE7
 519 006b DCCB3DB9 		.ascii	"\334\313=\271\242\001\\\005\000?\002\254\221\324\220"
 519      A2015C05 
 519      003F02AC 
 519      91D490
 520 007a 3D4FCA49 		.ascii	"=O\312IGI\247H\013P\026\345\233%] \275@J%\260\014\033"
 520      4749A748 
 520      0B5016E5 
 520      9B255D20 
 520      BD404A25 
 521 0091 E5383919 		.ascii	"\34589\031\355y\247\036\234\274Y\270Q\336\307r\354\364"
 521      ED79A71E 
 521      9CBC59B8 
 521      51DEC772 
 521      ECF4
 522 00a3 FFE4BD45 		.ascii	"\377\344\275E\001\325W'i=i\300\351ke]\335\302&\375\274"
 522      01D55727 
 522      693D69C0 
 522      E96B655D 
 522      DDC226FD 
 523 00b8 434E8F53 		.ascii	"CN\217S[p\270V\234\372\311u\365\233\235\347e\216\267"
 523      5B70B856 
 523      9CFAC975 
 523      F59B9DE7 
 523      658EB7
 524 00cb E31ADA1B 		.ascii	"\343\032\332\033p\006aiK\276\016\360c\2643\232\266\360"
 524      70066169 
 524      4BBE0EF0 
 524      63B4339A 
 524      B6F0
 525 00dd BBE11867 		.ascii	"\273\341\030g\323S}\005\024\023R\026e\376Y\016\270\013"
 525      D3537D05 
 525      14135216 
 525      65FE590E 
 525      B80B
 526 00ef 77028E20 		.ascii	"w\002\216 \325}\202\370\021\342\207\012\244\0365Z\003"
 526      D57D82F8 
 526      11E2870A 
 526      A41E355A 
 526      03
 527 0100 18A48263 		.ascii	"\030\244\202c\277\236\030\366j\212w\0241m\007\231\035"
 527      BF9E18F6 
 527      6A8A7714 
 527      316D0799 
 527      1D
 528 0111 F4D3DA80 		.ascii	"\364\323\332\200k`o\362\031~\257\202\177\356\365\351"
 528      6B606FF2 
 528      197EAF82 
 528      7FEEF5E9 
 529 0121 3FEA84DC 		.ascii	"?\352\204\334\010\377%R\006\301O ~\201\012\362\360\370"
 529      08FF2552 
 529      06C14F20 
 529      7E810AF2 
 529      F0F8
 530 0133 29A38192 		.ascii	")\243\201\222\256H\031\300<\3428\342\347\352\226'\021"
 530      AE4819C0 
 530      3CE238E2 
 530      E7EA9627 
 530      11
 531 0144 F0333228 		.ascii	"\36032(\347\332\342\221\022\363R\237%9\224\327(\202"
 531      E7DAE291 
 531      12F3529F 
 531      253994D7 
 531      2882
 532 0156 63889FAA 		.ascii	"c\210\237\252\244\323HX\300\357WY?\\\370\340\232q\223"
 532      A4D34858 
 532      C0EF5759 
 532      3F5CF8E0 
 532      9A7193
 533 0169 2C3C8395 		.ascii	",<\203\225\274\207(\317\363\317\371\245s\272\270\015"
 533      BC8728CF 
 533      F3CFF9A5 
 533      73BAB80D 
 534 0179 91BEFF39 		.ascii	"\221\276\3779\373W\210\005*\370\032\361\033dd\036\226"
 534      FB578805 
 534      2AF81AF1 
 534      1B64641E 
 534      96
 535 018a F2EF3B68 		.ascii	"\362\357;h'\364\263\337\015\016\327\256\242zQ\250\231"
 535      27F4B3DF 
 535      0D0ED7AE 
 535      A27A51A8 
 535      99
 536 019b 88B8BC9B 		.ascii	"\210\270\274\233\026\001\217p\010H&Y\235\311\231\340"
 536      16018F70 
 536      08482659 
 536      9DC999E0 
 537 01ab 829B6259 		.ascii	"\202\233bY\363\205\256\363\250\301B>a\234\234D\277\250"
 537      F385AEF3 
 537      A8C1423E 
 537      619C9C44 
 537      BFA8
 538 01bd 31182BEA 		.ascii	"1\030+\352\246\010\375\211\247\330\220'\030\225\232"
 538      A608FD89 
 538      A7D89027 
 538      18959A
 539 01cc 79745B51 		.ascii	"yt[Q\227\254\377@`W\224\326\242^@\223\252\016j\206\237"
 539      97ACFF40 
 539      605794D6 
 539      A25E4093 
 539      AA0E6A86 
 540 01e1 ACA22EAE 		.ascii	"\254\242.\256\363\241>\2179\303^\274\213\370\205\031"
 540      F3A13E8F 
 540      39C35EBC 
 540      8BF88519 
 541 01f1 09D01545 		.ascii	"\011\320\025E\015\243\2611\317\363\234\232\004\303\030"
 541      0DA3B131 
 541      CFF39C9A 
 541      04C318
 542 0200 7E779B28 		.ascii	"~w\233(\352>\302\010\231A\277\031\364\025\260\3064E"
 542      EA3EC208 
 542      9941BF19 
 542      F415B0C6 
 542      3445
 543 0212 2004D485 		.ascii	" \004\324\205\031\211D\231 h\315(`\204\2437\"/^n\020"
 543      19894499 
 543      2068CD28 
 543      6084A337 
 543      222F5E6E 
 544 0227 35A2B631 		.ascii	"5\242\2661\030\0020a\237: _\253\010\352DjV\177\"\206"
 544      18023061 
 544      9F3A205F 
 544      AB08EA44 
 544      6A567F22 
 545 023c 048B30BE 		.ascii	"\004\2130\276\277\250\323x\260 \200\324\014\257\027"
 545      BFA8D378 
 545      B02080D4 
 545      0CAF17
 546 024b 256DB5B1 		.ascii	"%m\265\261\375\346\301\210\200\242\316(\024\320P2\254"
 546      FDE6C188 
 546      80A2CE28 
 546      14D05032 
 546      AC
 547 025c 560A0F20 		.ascii	"V\012\017 \216r\272G\365!\001,[\200\216\302z\0327\316"
 547      8E72BA47 
 547      F521012C 
 547      5B808EC2 
 547      7A1A37CE 
 548 0270 1C03A0E2 		.ascii	"\034\003\240\342u\005\334\035\230\203\301\312\257\037"
 548      7505DC1D 
 548      9883C1CA 
 548      AF1F
 549 027e D1D9012B 		.ascii	"\321\331\001+\024\353\300\301\201\003tR*8Nmy\034*\236"
 549      14EBC0C1 
 549      81037452 
 549      2A384E6D 
 549      791C2A9E 
 550 0292 4A2F8AC3 		.ascii	"J/\212\303Nf\025\257+74\276A\252m(\014\005M\017\347"
 550      4E6615AF 
 550      2B3734BE 
 550      41AA6D28 
 550      0C054D0F 
 551 02a7 95D5B1E7 		.ascii	"\225\325\261\347k\177\242{\223\245\276\025\216u\375"
 551      6B7FA27B 
 551      93A5BE15 
 551      8E75FD
 552 02b6 51FA5BB2 		.ascii	"Q\372[\262`\373\253\003\362\367\023G~\313o\031\031\221"
 552      60FBAB03 
 552      F2F71347 
 552      7ECB6F19 
 552      1991
 553 02c8 F2050A1B 		.ascii	"\362\005\012\033\352\315\343\214\375R\025\361\014!M"
 553      EACDE38C 
 553      FD5215F1 
 553      0C214D
 554 02d7 239EC5A6 		.ascii	"#\236\305\246\213\310\347Pa\225\026\306^\323\355\371"
 554      8BC8E750 
 554      619516C6 
 554      5ED3EDF9 
 555 02e7 9BA2F923 		.ascii	"\233\242\371#\307\333\203\343\003\272;=\235\356\360"
 555      C7DB83E3 
 555      03BA3B3D 
 555      9DEEF0
 556 02f6 CC53EDB9 		.ascii	"\314S\355\271\362\360\034\377y\365\027\276}`@\226F\217"
 556      F2F01CFF 
 556      79F517BE 
 556      7D604096 
 556      468F
 557 0308 F64A3F3D 		.ascii	"\366J?=i\251Q\034\347\\\2429\227\210\036\304%\233\350"
 557      69A9511C 
 557      E75CA239 
 557      97881EC4 
 557      259BE8
 558 031b EAA5C1D9 		.ascii	"\352\245\301\331\2556Q\241LT\354\353\375\213\337\204"
 558      AD3651A1 
 558      4C54ECEB 
 558      FD8BDF84 
 559 032b 68896ACF 		.ascii	"h\211j\317\227\211\226\177,\315\333D\303ct\242\032\233"
 559      9789967F 
 559      2CCDDB44 
 559      C36374A2 
 559      1A9B
 560 033d 670971D1 		.ascii	"g\011q\321\345YtyN\"\277\214p\347D\277,\275W\312<\250"
 560      E5597479 
 560      4E22BF8C 
 560      70E744BF 
 560      2CBD57CA 
 561 0353 4EF3AD4A 		.ascii	"N\363\255Js\347\232~\245\232\336Ps\367\322\233\337\367"
 561      73E79A7E 
 561      A59ADE50 
 561      73F7D29B 
 561      DFF7
 562 0365 6EAD4EF5 		.ascii	"n\255N\365T5gE\2416<\236kKY\271d\270;\335\321\321\225"
 562      54356745 
 562      A1363C9E 
 562      6B4B59B9 
 562      64B83BDD 
 563 037c EA0867B2 		.ascii	"\352\010g\262])\253%n<p\340\341\340}{\367\302-\216\243"
 563      5D29AB25 
 563      6E3C70E0 
 563      E1E07D7B 
 563      F7C22D8E 
 564 0391 658FB9B3 		.ascii	"e\217\271\2635\336n\356\006=G\216{b\226\247\274\371"
 564      35DE6EEE 
 564      063D478E 
 564      7B6296A7 
 564      BCF9
 565 03a3 7A122933 		.ascii	"z\022)3\336\331\226\215\265\347R\361\230\245)\233\265"
 565      DED9968D 
 565      B5E752F1 
 565      98A5299B 
 565      B5
 566 03b4 82B72D9B 		.ascii	"\202\267-\233|bO\2429\271\243=\003\"\236\316Z\211\247"
 566      7C624FA2 
 566      39B9A33D 
 566      03229ECE 
 566      5A89A7
 567 03c7 9A93AD50 		.ascii	"\232\223\255P\237\312uw\3076\024\265\204;\323\311D\370"
 567      9FCA7577 
 567      C73614B5 
 567      843BD3C9 
 567      44F8
 568 03d9 B11E2BF1 		.ascii	"\261\036+\361d[\326\012\367\244s\331x\"\374t[\"y\250"
 568      645BD60A 
 568      F7A473D9 
 568      7822FC74 
 568      5B2279A8 
 569 03ed B927D3DD 		.ascii	"\271'\323\335e5\037z4\274\257+\233\244p\002n\335\244"
 569      65351F7A 
 569      34BCAF2B 
 569      9BA47002 
 569      6EDDA4
 570 0400 67A8B70D 		.ascii	"g\250\267\015\302\266\\|#\226\311Y\312\320\024\321\277"
 570      C2B65C7C 
 570      2396C959 
 570      CAD014D1 
 570      BF
 571 0411 1BA7B560 		.ascii	"\033\247\265`"
 572              		.text
 573              		.section	.gnu.lto_.symtab.2dbd7d29e6c03e4d,"e",%progbits
 574 0000 7072696E 		.ascii	"print_set_sendchar\000"
 574      745F7365 
 574      745F7365 
 574      6E646368 
 574      617200
 575 0013 00       		.ascii	"\000"
 576 0014 00       		.ascii	"\000"
 577 0015 00       		.ascii	"\000"
 578 0016 00000000 		.ascii	"\000\000\000\000\000\000\000\000"
 578      00000000 
 579 001e D2000000 		.ascii	"\322\000\000\000"
 580 0022 5F707574 		.ascii	"_putchar\000"
 580      63686172 
 580      00
 581 002b 00       		.ascii	"\000"
 582 002c 00       		.ascii	"\000"
 583 002d 00       		.ascii	"\000"
 584 002e 00000000 		.ascii	"\000\000\000\000\000\000\000\000"
 584      00000000 
 585 0036 D6000000 		.ascii	"\326\000\000\000"
 586              		.text
 587              		.section	.gnu.lto_.ext_symtab.2dbd7d29e6c03e4d,"e",%progbits
 588 0000 01       		.ascii	"\001"
 589 0001 01       		.ascii	"\001"
 590 0002 00       		.ascii	"\000"
 591 0003 01       		.ascii	"\001"
 592 0004 00       		.ascii	"\000"
 593              		.text
 594              		.section	.gnu.lto_.opts,"e",%progbits
 595 0000 272D666E 		.ascii	"'-fno-openmp' '-fno-openacc' '-fno-pie' '-fcf-prote"
 595      6F2D6F70 
 595      656E6D70 
 595      2720272D 
 595      666E6F2D 
 596 0033 6374696F 		.ascii	"ction=none' '-g' '-mcpu=cortex-m4' '-mthumb' '-mno-"
 596      6E3D6E6F 
 596      6E652720 
 596      272D6727 
 596      20272D6D 
 597 0066 7468756D 		.ascii	"thumb-interwork' '-mno-unaligned-access' '-mfloat-a"
 597      622D696E 
 597      74657277 
 597      6F726B27 
 597      20272D6D 
 598 0099 62693D68 		.ascii	"bi=hard' '-mfpu=fpv4-sp-d16' '-mlibarch=armv7e-m+fp"
 598      61726427 
 598      20272D6D 
 598      6670753D 
 598      66707634 
 599 00cc 2720272D 		.ascii	"' '-march=armv7e-m+fp' '-Os' '-Ofast' '-fsingle-pre"
 599      6D617263 
 599      683D6172 
 599      6D763765 
 599      2D6D2B66 
 600 00ff 63697369 		.ascii	"cision-constant' '-fomit-frame-pointer' '-ffunction"
 600      6F6E2D63 
 600      6F6E7374 
 600      616E7427 
 600      20272D66 
 601 0132 2D736563 		.ascii	"-sections' '-fdata-sections' '-fshort-wchar' '-fcom"
 601      74696F6E 
 601      73272027 
 601      2D666461 
 601      74612D73 
 602 0165 6D6F6E27 		.ascii	"mon' '-flto' '-Xassembler' '-adhlns=.build/obj_karl"
 602      20272D66 
 602      6C746F27 
 602      20272D58 
 602      61737365 
 603 0198 6B39305F 		.ascii	"k90_yaemk_moonlanderlike/quantum/logging/print.lst'"
 603      7961656D 
 603      6B5F6D6F 
 603      6F6E6C61 
 603      6E646572 
 604 01cb 00       		.ascii	"\000"
 605              		.text
 606              		.comm	__gnu_lto_slim,1,1
 607              		.ident	"GCC: (15:10.3-2021.07-4) 10.3.1 20210621 (release)"
DEFINED SYMBOLS
                            *ABS*:0000000000000000 print.c
     /tmp/ccOWuA1Z.s:19     .gnu.debuglto_.debug_info:0000000000000000 print.c.7d04cfd6
                            *COM*:0000000000000001 __gnu_lto_slim

NO UNDEFINED SYMBOLS
