   1              		.cpu cortex-m4
   2              		.eabi_attribute 27, 1
   3              		.eabi_attribute 28, 1
   4              		.eabi_attribute 23, 1
   5              		.eabi_attribute 24, 1
   6              		.eabi_attribute 25, 1
   7              		.eabi_attribute 26, 1
   8              		.eabi_attribute 30, 2
   9              		.eabi_attribute 34, 0
  10              		.eabi_attribute 18, 2
  11              		.file	"hal_st_lld.c"
  12              		.file 1 "./lib/chibios/os/common/ext/ST/STM32F3xx/stm32f303xc.h"
  13              		.file 2 "/usr/lib/gcc/arm-none-eabi/10.3.1/include/stdint.h"
  14              		.file 3 "./lib/chibios/os/hal/ports/STM32/LLD/TIMv1/stm32_tim.h"
  15              		.file 4 "lib/chibios/os/hal/ports/STM32/LLD/TIMv1/hal_st_lld.c"
  16              		.file 5 "./lib/chibios/os/hal/osal/rt-nil/osal.h"
  17              		.file 6 "./lib/chibios/os/rt/include/chsys.h"
  18              		.file 7 "./lib/chibios/os/common/ports/ARMCMx/chcore_v7m.h"
  19              		.file 8 "./lib/chibios/os/common/ext/ARM/CMSIS/Core/Include/cmsis_gcc.h"
  20              		.section	.gnu.debuglto_.debug_info,"e",%progbits
  21              	.Ldebug_info0:
  22              		.hidden	hal_st_lld.c.a843edce
  23              		.weak	hal_st_lld.c.a843edce
  24              	hal_st_lld.c.a843edce:
  25 0000 9A030000 		.4byte	0x39a
  26 0004 0400     		.2byte	0x4
  27 0006 00000000 		.4byte	.Ldebug_abbrev0
  28 000a 04       		.byte	0x4
  29 000b 01       		.uleb128 0x1
  30 000c 94020000 		.4byte	.LASF49
  31 0010 0C       		.byte	0xc
  32 0011 61000000 		.4byte	.LASF50
  33 0015 66020000 		.4byte	.LASF51
  34 0019 00000000 		.4byte	.Ldebug_line0
  35 001d 02       		.uleb128 0x2
  36 001e 04       		.byte	0x4
  37 001f 05       		.byte	0x5
  38 0020 696E7400 		.ascii	"int\000"
  39 0024 03       		.uleb128 0x3
  40 0025 04       		.byte	0x4
  41 0026 07       		.byte	0x7
  42 0027 7F010000 		.4byte	.LASF0
  43 002b 03       		.uleb128 0x3
  44 002c 02       		.byte	0x2
  45 002d 07       		.byte	0x7
  46 002e 9D010000 		.4byte	.LASF1
  47 0032 03       		.uleb128 0x3
  48 0033 01       		.byte	0x1
  49 0034 06       		.byte	0x6
  50 0035 5C010000 		.4byte	.LASF2
  51 0039 03       		.uleb128 0x3
  52 003a 02       		.byte	0x2
  53 003b 05       		.byte	0x5
  54 003c A1000000 		.4byte	.LASF3
  55 0040 03       		.uleb128 0x3
  56 0041 04       		.byte	0x4
  57 0042 05       		.byte	0x5
  58 0043 F1000000 		.4byte	.LASF4
  59 0047 03       		.uleb128 0x3
  60 0048 08       		.byte	0x8
  61 0049 05       		.byte	0x5
  62 004a E3000000 		.4byte	.LASF5
  63 004e 03       		.uleb128 0x3
  64 004f 01       		.byte	0x1
  65 0050 08       		.byte	0x8
  66 0051 46010000 		.4byte	.LASF6
  67 0055 04       		.uleb128 0x4
  68 0056 BF000000 		.4byte	.LASF12
  69 005a 02       		.byte	0x2
  70 005b 34       		.byte	0x34
  71 005c 19       		.byte	0x19
  72 005d 66000000 		.4byte	0x66
  73 0061 05       		.uleb128 0x5
  74 0062 55000000 		.4byte	0x55
  75 0066 03       		.uleb128 0x3
  76 0067 04       		.byte	0x4
  77 0068 07       		.byte	0x7
  78 0069 07020000 		.4byte	.LASF7
  79 006d 03       		.uleb128 0x3
  80 006e 08       		.byte	0x8
  81 006f 07       		.byte	0x7
  82 0070 68010000 		.4byte	.LASF8
  83 0074 06       		.uleb128 0x6
  84 0075 10       		.byte	0x10
  85 0076 01       		.byte	0x1
  86 0077 5901     		.2byte	0x159
  87 0079 09       		.byte	0x9
  88 007a B6000000 		.4byte	0xb6
  89 007e 07       		.uleb128 0x7
  90 007f 27020000 		.4byte	.LASF9
  91 0083 01       		.byte	0x1
  92 0084 5B01     		.2byte	0x15b
  93 0086 11       		.byte	0x11
  94 0087 61000000 		.4byte	0x61
  95 008b 00       		.byte	0
  96 008c 08       		.uleb128 0x8
  97 008d 435200   		.ascii	"CR\000"
  98 0090 01       		.byte	0x1
  99 0091 5C01     		.2byte	0x15c
 100 0093 11       		.byte	0x11
 101 0094 61000000 		.4byte	0x61
 102 0098 04       		.byte	0x4
 103 0099 07       		.uleb128 0x7
 104 009a 16010000 		.4byte	.LASF10
 105 009e 01       		.byte	0x1
 106 009f 5D01     		.2byte	0x15d
 107 00a1 11       		.byte	0x11
 108 00a2 61000000 		.4byte	0x61
 109 00a6 08       		.byte	0x8
 110 00a7 07       		.uleb128 0x7
 111 00a8 B0000000 		.4byte	.LASF11
 112 00ac 01       		.byte	0x1
 113 00ad 5E01     		.2byte	0x15e
 114 00af 11       		.byte	0x11
 115 00b0 61000000 		.4byte	0x61
 116 00b4 0C       		.byte	0xc
 117 00b5 00       		.byte	0
 118 00b6 09       		.uleb128 0x9
 119 00b7 E6010000 		.4byte	.LASF13
 120 00bb 01       		.byte	0x1
 121 00bc 5F01     		.2byte	0x15f
 122 00be 02       		.byte	0x2
 123 00bf 74000000 		.4byte	0x74
 124 00c3 0A       		.uleb128 0xa
 125 00c4 61000000 		.4byte	0x61
 126 00c8 D3000000 		.4byte	0xd3
 127 00cc 0B       		.uleb128 0xb
 128 00cd 24000000 		.4byte	0x24
 129 00d1 01       		.byte	0x1
 130 00d2 00       		.byte	0
 131 00d3 05       		.uleb128 0x5
 132 00d4 C3000000 		.4byte	0xc3
 133 00d8 0A       		.uleb128 0xa
 134 00d9 61000000 		.4byte	0x61
 135 00dd E8000000 		.4byte	0xe8
 136 00e1 0B       		.uleb128 0xb
 137 00e2 24000000 		.4byte	0x24
 138 00e6 03       		.byte	0x3
 139 00e7 00       		.byte	0
 140 00e8 05       		.uleb128 0x5
 141 00e9 D8000000 		.4byte	0xd8
 142 00ed 06       		.uleb128 0x6
 143 00ee 34       		.byte	0x34
 144 00ef 01       		.byte	0x1
 145 00f0 FE01     		.2byte	0x1fe
 146 00f2 09       		.byte	0x9
 147 00f3 AD010000 		.4byte	0x1ad
 148 00f7 08       		.uleb128 0x8
 149 00f8 435200   		.ascii	"CR\000"
 150 00fb 01       		.byte	0x1
 151 00fc 0002     		.2byte	0x200
 152 00fe 11       		.byte	0x11
 153 00ff 61000000 		.4byte	0x61
 154 0103 00       		.byte	0
 155 0104 07       		.uleb128 0x7
 156 0105 AB000000 		.4byte	.LASF14
 157 0109 01       		.byte	0x1
 158 010a 0102     		.2byte	0x201
 159 010c 11       		.byte	0x11
 160 010d 61000000 		.4byte	0x61
 161 0111 04       		.byte	0x4
 162 0112 08       		.uleb128 0x8
 163 0113 43495200 		.ascii	"CIR\000"
 164 0117 01       		.byte	0x1
 165 0118 0202     		.2byte	0x202
 166 011a 11       		.byte	0x11
 167 011b 61000000 		.4byte	0x61
 168 011f 08       		.byte	0x8
 169 0120 07       		.uleb128 0x7
 170 0121 0D010000 		.4byte	.LASF15
 171 0125 01       		.byte	0x1
 172 0126 0302     		.2byte	0x203
 173 0128 11       		.byte	0x11
 174 0129 61000000 		.4byte	0x61
 175 012d 0C       		.byte	0xc
 176 012e 07       		.uleb128 0x7
 177 012f 2C000000 		.4byte	.LASF16
 178 0133 01       		.byte	0x1
 179 0134 0402     		.2byte	0x204
 180 0136 11       		.byte	0x11
 181 0137 61000000 		.4byte	0x61
 182 013b 10       		.byte	0x10
 183 013c 07       		.uleb128 0x7
 184 013d 06010000 		.4byte	.LASF17
 185 0141 01       		.byte	0x1
 186 0142 0502     		.2byte	0x205
 187 0144 11       		.byte	0x11
 188 0145 61000000 		.4byte	0x61
 189 0149 14       		.byte	0x14
 190 014a 07       		.uleb128 0x7
 191 014b 54010000 		.4byte	.LASF18
 192 014f 01       		.byte	0x1
 193 0150 0602     		.2byte	0x206
 194 0152 11       		.byte	0x11
 195 0153 61000000 		.4byte	0x61
 196 0157 18       		.byte	0x18
 197 0158 07       		.uleb128 0x7
 198 0159 B7000000 		.4byte	.LASF19
 199 015d 01       		.byte	0x1
 200 015e 0702     		.2byte	0x207
 201 0160 11       		.byte	0x11
 202 0161 61000000 		.4byte	0x61
 203 0165 1C       		.byte	0x1c
 204 0166 07       		.uleb128 0x7
 205 0167 4B000000 		.4byte	.LASF20
 206 016b 01       		.byte	0x1
 207 016c 0802     		.2byte	0x208
 208 016e 11       		.byte	0x11
 209 016f 61000000 		.4byte	0x61
 210 0173 20       		.byte	0x20
 211 0174 08       		.uleb128 0x8
 212 0175 43535200 		.ascii	"CSR\000"
 213 0179 01       		.byte	0x1
 214 017a 0902     		.2byte	0x209
 215 017c 11       		.byte	0x11
 216 017d 61000000 		.4byte	0x61
 217 0181 24       		.byte	0x24
 218 0182 07       		.uleb128 0x7
 219 0183 DB000000 		.4byte	.LASF21
 220 0187 01       		.byte	0x1
 221 0188 0A02     		.2byte	0x20a
 222 018a 11       		.byte	0x11
 223 018b 61000000 		.4byte	0x61
 224 018f 28       		.byte	0x28
 225 0190 07       		.uleb128 0x7
 226 0191 8C010000 		.4byte	.LASF22
 227 0195 01       		.byte	0x1
 228 0196 0B02     		.2byte	0x20b
 229 0198 11       		.byte	0x11
 230 0199 61000000 		.4byte	0x61
 231 019d 2C       		.byte	0x2c
 232 019e 07       		.uleb128 0x7
 233 019f 92010000 		.4byte	.LASF23
 234 01a3 01       		.byte	0x1
 235 01a4 0C02     		.2byte	0x20c
 236 01a6 11       		.byte	0x11
 237 01a7 61000000 		.4byte	0x61
 238 01ab 30       		.byte	0x30
 239 01ac 00       		.byte	0
 240 01ad 09       		.uleb128 0x9
 241 01ae FA000000 		.4byte	.LASF24
 242 01b2 01       		.byte	0x1
 243 01b3 0D02     		.2byte	0x20d
 244 01b5 03       		.byte	0x3
 245 01b6 ED000000 		.4byte	0xed
 246 01ba 03       		.uleb128 0x3
 247 01bb 01       		.byte	0x1
 248 01bc 08       		.byte	0x8
 249 01bd BD010000 		.4byte	.LASF25
 250 01c1 06       		.uleb128 0x6
 251 01c2 60       		.byte	0x60
 252 01c3 03       		.byte	0x3
 253 01c4 F601     		.2byte	0x1f6
 254 01c6 09       		.byte	0x9
 255 01c7 E2020000 		.4byte	0x2e2
 256 01cb 08       		.uleb128 0x8
 257 01cc 43523100 		.ascii	"CR1\000"
 258 01d0 03       		.byte	0x3
 259 01d1 F701     		.2byte	0x1f7
 260 01d3 19       		.byte	0x19
 261 01d4 61000000 		.4byte	0x61
 262 01d8 00       		.byte	0
 263 01d9 08       		.uleb128 0x8
 264 01da 43523200 		.ascii	"CR2\000"
 265 01de 03       		.byte	0x3
 266 01df F801     		.2byte	0x1f8
 267 01e1 19       		.byte	0x19
 268 01e2 61000000 		.4byte	0x61
 269 01e6 04       		.byte	0x4
 270 01e7 07       		.uleb128 0x7
 271 01e8 41010000 		.4byte	.LASF26
 272 01ec 03       		.byte	0x3
 273 01ed F901     		.2byte	0x1f9
 274 01ef 19       		.byte	0x19
 275 01f0 61000000 		.4byte	0x61
 276 01f4 08       		.byte	0x8
 277 01f5 07       		.uleb128 0x7
 278 01f6 98010000 		.4byte	.LASF27
 279 01fa 03       		.byte	0x3
 280 01fb FA01     		.2byte	0x1fa
 281 01fd 19       		.byte	0x19
 282 01fe 61000000 		.4byte	0x61
 283 0202 0C       		.byte	0xc
 284 0203 08       		.uleb128 0x8
 285 0204 535200   		.ascii	"SR\000"
 286 0207 03       		.byte	0x3
 287 0208 FB01     		.2byte	0x1fb
 288 020a 19       		.byte	0x19
 289 020b 61000000 		.4byte	0x61
 290 020f 10       		.byte	0x10
 291 0210 08       		.uleb128 0x8
 292 0211 45475200 		.ascii	"EGR\000"
 293 0215 03       		.byte	0x3
 294 0216 FC01     		.2byte	0x1fc
 295 0218 19       		.byte	0x19
 296 0219 61000000 		.4byte	0x61
 297 021d 14       		.byte	0x14
 298 021e 07       		.uleb128 0x7
 299 021f 3A000000 		.4byte	.LASF28
 300 0223 03       		.byte	0x3
 301 0224 FD01     		.2byte	0x1fd
 302 0226 19       		.byte	0x19
 303 0227 61000000 		.4byte	0x61
 304 022b 18       		.byte	0x18
 305 022c 07       		.uleb128 0x7
 306 022d 40000000 		.4byte	.LASF29
 307 0231 03       		.byte	0x3
 308 0232 FE01     		.2byte	0x1fe
 309 0234 19       		.byte	0x19
 310 0235 61000000 		.4byte	0x61
 311 0239 1C       		.byte	0x1c
 312 023a 07       		.uleb128 0x7
 313 023b 13000000 		.4byte	.LASF30
 314 023f 03       		.byte	0x3
 315 0240 FF01     		.2byte	0x1ff
 316 0242 19       		.byte	0x19
 317 0243 61000000 		.4byte	0x61
 318 0247 20       		.byte	0x20
 319 0248 08       		.uleb128 0x8
 320 0249 434E5400 		.ascii	"CNT\000"
 321 024d 03       		.byte	0x3
 322 024e 0002     		.2byte	0x200
 323 0250 19       		.byte	0x19
 324 0251 61000000 		.4byte	0x61
 325 0255 24       		.byte	0x24
 326 0256 08       		.uleb128 0x8
 327 0257 50534300 		.ascii	"PSC\000"
 328 025b 03       		.byte	0x3
 329 025c 0102     		.2byte	0x201
 330 025e 19       		.byte	0x19
 331 025f 61000000 		.4byte	0x61
 332 0263 28       		.byte	0x28
 333 0264 08       		.uleb128 0x8
 334 0265 41525200 		.ascii	"ARR\000"
 335 0269 03       		.byte	0x3
 336 026a 0202     		.2byte	0x202
 337 026c 19       		.byte	0x19
 338 026d 61000000 		.4byte	0x61
 339 0271 2C       		.byte	0x2c
 340 0272 08       		.uleb128 0x8
 341 0273 52435200 		.ascii	"RCR\000"
 342 0277 03       		.byte	0x3
 343 0278 0302     		.2byte	0x203
 344 027a 19       		.byte	0x19
 345 027b 61000000 		.4byte	0x61
 346 027f 30       		.byte	0x30
 347 0280 08       		.uleb128 0x8
 348 0281 43435200 		.ascii	"CCR\000"
 349 0285 03       		.byte	0x3
 350 0286 0402     		.2byte	0x204
 351 0288 19       		.byte	0x19
 352 0289 E8000000 		.4byte	0xe8
 353 028d 34       		.byte	0x34
 354 028e 07       		.uleb128 0x7
 355 028f CE010000 		.4byte	.LASF31
 356 0293 03       		.byte	0x3
 357 0294 0502     		.2byte	0x205
 358 0296 19       		.byte	0x19
 359 0297 61000000 		.4byte	0x61
 360 029b 44       		.byte	0x44
 361 029c 08       		.uleb128 0x8
 362 029d 44435200 		.ascii	"DCR\000"
 363 02a1 03       		.byte	0x3
 364 02a2 0602     		.2byte	0x206
 365 02a4 19       		.byte	0x19
 366 02a5 61000000 		.4byte	0x61
 367 02a9 48       		.byte	0x48
 368 02aa 07       		.uleb128 0x7
 369 02ab 35000000 		.4byte	.LASF32
 370 02af 03       		.byte	0x3
 371 02b0 0702     		.2byte	0x207
 372 02b2 19       		.byte	0x19
 373 02b3 61000000 		.4byte	0x61
 374 02b7 4C       		.byte	0x4c
 375 02b8 08       		.uleb128 0x8
 376 02b9 4F5200   		.ascii	"OR\000"
 377 02bc 03       		.byte	0x3
 378 02bd 0802     		.2byte	0x208
 379 02bf 19       		.byte	0x19
 380 02c0 61000000 		.4byte	0x61
 381 02c4 50       		.byte	0x50
 382 02c5 07       		.uleb128 0x7
 383 02c6 26010000 		.4byte	.LASF33
 384 02ca 03       		.byte	0x3
 385 02cb 0902     		.2byte	0x209
 386 02cd 19       		.byte	0x19
 387 02ce 61000000 		.4byte	0x61
 388 02d2 54       		.byte	0x54
 389 02d3 07       		.uleb128 0x7
 390 02d4 46000000 		.4byte	.LASF34
 391 02d8 03       		.byte	0x3
 392 02d9 0A02     		.2byte	0x20a
 393 02db 19       		.byte	0x19
 394 02dc D3000000 		.4byte	0xd3
 395 02e0 58       		.byte	0x58
 396 02e1 00       		.byte	0
 397 02e2 09       		.uleb128 0x9
 398 02e3 C2010000 		.4byte	.LASF35
 399 02e7 03       		.byte	0x3
 400 02e8 0B02     		.2byte	0x20b
 401 02ea 03       		.byte	0x3
 402 02eb C1010000 		.4byte	0x1c1
 403 02ef 03       		.uleb128 0x3
 404 02f0 01       		.byte	0x1
 405 02f1 02       		.byte	0x2
 406 02f2 F5010000 		.4byte	.LASF36
 407 02f6 0C       		.uleb128 0xc
 408 02f7 04       		.byte	0x4
 409 02f8 E2020000 		.4byte	0x2e2
 410 02fc 0D       		.uleb128 0xd
 411 02fd 43020000 		.4byte	.LASF52
 412 0301 04       		.byte	0x4
 413 0302 C101     		.2byte	0x1c1
 414 0304 06       		.byte	0x6
 415 0305 23030000 		.4byte	0x323
 416 0309 0E       		.uleb128 0xe
 417 030a 737200   		.ascii	"sr\000"
 418 030d 04       		.byte	0x4
 419 030e C301     		.2byte	0x1c3
 420 0310 0C       		.byte	0xc
 421 0311 55000000 		.4byte	0x55
 422 0315 0F       		.uleb128 0xf
 423 0316 B8010000 		.4byte	.LASF37
 424 031a 04       		.byte	0x4
 425 031b C401     		.2byte	0x1c4
 426 031d 10       		.byte	0x10
 427 031e F6020000 		.4byte	0x2f6
 428 0322 00       		.byte	0
 429 0323 10       		.uleb128 0x10
 430 0324 5A020000 		.4byte	.LASF38
 431 0328 04       		.byte	0x4
 432 0329 8C01     		.2byte	0x18c
 433 032b 06       		.byte	0x6
 434 032c 10       		.uleb128 0x10
 435 032d 1D010000 		.4byte	.LASF39
 436 0331 04       		.byte	0x4
 437 0332 7901     		.2byte	0x179
 438 0334 01       		.byte	0x1
 439 0335 11       		.uleb128 0x11
 440 0336 18000000 		.4byte	.LASF40
 441 033a 05       		.byte	0x5
 442 033b 9902     		.2byte	0x299
 443 033d 14       		.byte	0x14
 444 033e 11       		.uleb128 0x11
 445 033f 2C010000 		.4byte	.LASF41
 446 0343 05       		.byte	0x5
 447 0344 5E02     		.2byte	0x25e
 448 0346 14       		.byte	0x14
 449 0347 11       		.uleb128 0x11
 450 0348 D3010000 		.4byte	.LASF42
 451 034c 05       		.byte	0x5
 452 034d 5302     		.2byte	0x253
 453 034f 14       		.byte	0x14
 454 0350 11       		.uleb128 0x11
 455 0351 C8000000 		.4byte	.LASF43
 456 0355 06       		.byte	0x6
 457 0356 9F01     		.2byte	0x19f
 458 0358 14       		.byte	0x14
 459 0359 11       		.uleb128 0x11
 460 035a 50000000 		.4byte	.LASF44
 461 035e 06       		.byte	0x6
 462 035f 8B01     		.2byte	0x18b
 463 0361 14       		.byte	0x14
 464 0362 11       		.uleb128 0x11
 465 0363 2E020000 		.4byte	.LASF45
 466 0367 07       		.byte	0x7
 467 0368 CF02     		.2byte	0x2cf
 468 036a 1B       		.byte	0x1b
 469 036b 11       		.uleb128 0x11
 470 036c 00000000 		.4byte	.LASF46
 471 0370 07       		.byte	0x7
 472 0371 C402     		.2byte	0x2c4
 473 0373 1B       		.byte	0x1b
 474 0374 11       		.uleb128 0x11
 475 0375 FB010000 		.4byte	.LASF47
 476 0379 07       		.byte	0x7
 477 037a B502     		.2byte	0x2b5
 478 037c 1B       		.byte	0x1b
 479 037d 11       		.uleb128 0x11
 480 037e 97000000 		.4byte	.LASF48
 481 0382 07       		.byte	0x7
 482 0383 9D02     		.2byte	0x29d
 483 0385 1B       		.byte	0x1b
 484 0386 12       		.uleb128 0x12
 485 0387 19020000 		.4byte	.LASF53
 486 038b 08       		.byte	0x8
 487 038c EB01     		.2byte	0x1eb
 488 038e 1B       		.byte	0x1b
 489 038f 13       		.uleb128 0x13
 490 0390 B0010000 		.4byte	.LASF54
 491 0394 08       		.byte	0x8
 492 0395 EB01     		.2byte	0x1eb
 493 0397 32       		.byte	0x32
 494 0398 55000000 		.4byte	0x55
 495 039c 00       		.byte	0
 496 039d 00       		.byte	0
 497              		.section	.gnu.debuglto_.debug_abbrev,"e",%progbits
 498              	.Ldebug_abbrev0:
 499 0000 01       		.uleb128 0x1
 500 0001 11       		.uleb128 0x11
 501 0002 01       		.byte	0x1
 502 0003 25       		.uleb128 0x25
 503 0004 0E       		.uleb128 0xe
 504 0005 13       		.uleb128 0x13
 505 0006 0B       		.uleb128 0xb
 506 0007 03       		.uleb128 0x3
 507 0008 0E       		.uleb128 0xe
 508 0009 1B       		.uleb128 0x1b
 509 000a 0E       		.uleb128 0xe
 510 000b 10       		.uleb128 0x10
 511 000c 17       		.uleb128 0x17
 512 000d 00       		.byte	0
 513 000e 00       		.byte	0
 514 000f 02       		.uleb128 0x2
 515 0010 24       		.uleb128 0x24
 516 0011 00       		.byte	0
 517 0012 0B       		.uleb128 0xb
 518 0013 0B       		.uleb128 0xb
 519 0014 3E       		.uleb128 0x3e
 520 0015 0B       		.uleb128 0xb
 521 0016 03       		.uleb128 0x3
 522 0017 08       		.uleb128 0x8
 523 0018 00       		.byte	0
 524 0019 00       		.byte	0
 525 001a 03       		.uleb128 0x3
 526 001b 24       		.uleb128 0x24
 527 001c 00       		.byte	0
 528 001d 0B       		.uleb128 0xb
 529 001e 0B       		.uleb128 0xb
 530 001f 3E       		.uleb128 0x3e
 531 0020 0B       		.uleb128 0xb
 532 0021 03       		.uleb128 0x3
 533 0022 0E       		.uleb128 0xe
 534 0023 00       		.byte	0
 535 0024 00       		.byte	0
 536 0025 04       		.uleb128 0x4
 537 0026 16       		.uleb128 0x16
 538 0027 00       		.byte	0
 539 0028 03       		.uleb128 0x3
 540 0029 0E       		.uleb128 0xe
 541 002a 3A       		.uleb128 0x3a
 542 002b 0B       		.uleb128 0xb
 543 002c 3B       		.uleb128 0x3b
 544 002d 0B       		.uleb128 0xb
 545 002e 39       		.uleb128 0x39
 546 002f 0B       		.uleb128 0xb
 547 0030 49       		.uleb128 0x49
 548 0031 13       		.uleb128 0x13
 549 0032 00       		.byte	0
 550 0033 00       		.byte	0
 551 0034 05       		.uleb128 0x5
 552 0035 35       		.uleb128 0x35
 553 0036 00       		.byte	0
 554 0037 49       		.uleb128 0x49
 555 0038 13       		.uleb128 0x13
 556 0039 00       		.byte	0
 557 003a 00       		.byte	0
 558 003b 06       		.uleb128 0x6
 559 003c 13       		.uleb128 0x13
 560 003d 01       		.byte	0x1
 561 003e 0B       		.uleb128 0xb
 562 003f 0B       		.uleb128 0xb
 563 0040 3A       		.uleb128 0x3a
 564 0041 0B       		.uleb128 0xb
 565 0042 3B       		.uleb128 0x3b
 566 0043 05       		.uleb128 0x5
 567 0044 39       		.uleb128 0x39
 568 0045 0B       		.uleb128 0xb
 569 0046 01       		.uleb128 0x1
 570 0047 13       		.uleb128 0x13
 571 0048 00       		.byte	0
 572 0049 00       		.byte	0
 573 004a 07       		.uleb128 0x7
 574 004b 0D       		.uleb128 0xd
 575 004c 00       		.byte	0
 576 004d 03       		.uleb128 0x3
 577 004e 0E       		.uleb128 0xe
 578 004f 3A       		.uleb128 0x3a
 579 0050 0B       		.uleb128 0xb
 580 0051 3B       		.uleb128 0x3b
 581 0052 05       		.uleb128 0x5
 582 0053 39       		.uleb128 0x39
 583 0054 0B       		.uleb128 0xb
 584 0055 49       		.uleb128 0x49
 585 0056 13       		.uleb128 0x13
 586 0057 38       		.uleb128 0x38
 587 0058 0B       		.uleb128 0xb
 588 0059 00       		.byte	0
 589 005a 00       		.byte	0
 590 005b 08       		.uleb128 0x8
 591 005c 0D       		.uleb128 0xd
 592 005d 00       		.byte	0
 593 005e 03       		.uleb128 0x3
 594 005f 08       		.uleb128 0x8
 595 0060 3A       		.uleb128 0x3a
 596 0061 0B       		.uleb128 0xb
 597 0062 3B       		.uleb128 0x3b
 598 0063 05       		.uleb128 0x5
 599 0064 39       		.uleb128 0x39
 600 0065 0B       		.uleb128 0xb
 601 0066 49       		.uleb128 0x49
 602 0067 13       		.uleb128 0x13
 603 0068 38       		.uleb128 0x38
 604 0069 0B       		.uleb128 0xb
 605 006a 00       		.byte	0
 606 006b 00       		.byte	0
 607 006c 09       		.uleb128 0x9
 608 006d 16       		.uleb128 0x16
 609 006e 00       		.byte	0
 610 006f 03       		.uleb128 0x3
 611 0070 0E       		.uleb128 0xe
 612 0071 3A       		.uleb128 0x3a
 613 0072 0B       		.uleb128 0xb
 614 0073 3B       		.uleb128 0x3b
 615 0074 05       		.uleb128 0x5
 616 0075 39       		.uleb128 0x39
 617 0076 0B       		.uleb128 0xb
 618 0077 49       		.uleb128 0x49
 619 0078 13       		.uleb128 0x13
 620 0079 00       		.byte	0
 621 007a 00       		.byte	0
 622 007b 0A       		.uleb128 0xa
 623 007c 01       		.uleb128 0x1
 624 007d 01       		.byte	0x1
 625 007e 49       		.uleb128 0x49
 626 007f 13       		.uleb128 0x13
 627 0080 01       		.uleb128 0x1
 628 0081 13       		.uleb128 0x13
 629 0082 00       		.byte	0
 630 0083 00       		.byte	0
 631 0084 0B       		.uleb128 0xb
 632 0085 21       		.uleb128 0x21
 633 0086 00       		.byte	0
 634 0087 49       		.uleb128 0x49
 635 0088 13       		.uleb128 0x13
 636 0089 2F       		.uleb128 0x2f
 637 008a 0B       		.uleb128 0xb
 638 008b 00       		.byte	0
 639 008c 00       		.byte	0
 640 008d 0C       		.uleb128 0xc
 641 008e 0F       		.uleb128 0xf
 642 008f 00       		.byte	0
 643 0090 0B       		.uleb128 0xb
 644 0091 0B       		.uleb128 0xb
 645 0092 49       		.uleb128 0x49
 646 0093 13       		.uleb128 0x13
 647 0094 00       		.byte	0
 648 0095 00       		.byte	0
 649 0096 0D       		.uleb128 0xd
 650 0097 2E       		.uleb128 0x2e
 651 0098 01       		.byte	0x1
 652 0099 3F       		.uleb128 0x3f
 653 009a 19       		.uleb128 0x19
 654 009b 03       		.uleb128 0x3
 655 009c 0E       		.uleb128 0xe
 656 009d 3A       		.uleb128 0x3a
 657 009e 0B       		.uleb128 0xb
 658 009f 3B       		.uleb128 0x3b
 659 00a0 05       		.uleb128 0x5
 660 00a1 39       		.uleb128 0x39
 661 00a2 0B       		.uleb128 0xb
 662 00a3 27       		.uleb128 0x27
 663 00a4 19       		.uleb128 0x19
 664 00a5 01       		.uleb128 0x1
 665 00a6 13       		.uleb128 0x13
 666 00a7 00       		.byte	0
 667 00a8 00       		.byte	0
 668 00a9 0E       		.uleb128 0xe
 669 00aa 34       		.uleb128 0x34
 670 00ab 00       		.byte	0
 671 00ac 03       		.uleb128 0x3
 672 00ad 08       		.uleb128 0x8
 673 00ae 3A       		.uleb128 0x3a
 674 00af 0B       		.uleb128 0xb
 675 00b0 3B       		.uleb128 0x3b
 676 00b1 05       		.uleb128 0x5
 677 00b2 39       		.uleb128 0x39
 678 00b3 0B       		.uleb128 0xb
 679 00b4 49       		.uleb128 0x49
 680 00b5 13       		.uleb128 0x13
 681 00b6 00       		.byte	0
 682 00b7 00       		.byte	0
 683 00b8 0F       		.uleb128 0xf
 684 00b9 34       		.uleb128 0x34
 685 00ba 00       		.byte	0
 686 00bb 03       		.uleb128 0x3
 687 00bc 0E       		.uleb128 0xe
 688 00bd 3A       		.uleb128 0x3a
 689 00be 0B       		.uleb128 0xb
 690 00bf 3B       		.uleb128 0x3b
 691 00c0 05       		.uleb128 0x5
 692 00c1 39       		.uleb128 0x39
 693 00c2 0B       		.uleb128 0xb
 694 00c3 49       		.uleb128 0x49
 695 00c4 13       		.uleb128 0x13
 696 00c5 00       		.byte	0
 697 00c6 00       		.byte	0
 698 00c7 10       		.uleb128 0x10
 699 00c8 2E       		.uleb128 0x2e
 700 00c9 00       		.byte	0
 701 00ca 3F       		.uleb128 0x3f
 702 00cb 19       		.uleb128 0x19
 703 00cc 03       		.uleb128 0x3
 704 00cd 0E       		.uleb128 0xe
 705 00ce 3A       		.uleb128 0x3a
 706 00cf 0B       		.uleb128 0xb
 707 00d0 3B       		.uleb128 0x3b
 708 00d1 05       		.uleb128 0x5
 709 00d2 39       		.uleb128 0x39
 710 00d3 0B       		.uleb128 0xb
 711 00d4 27       		.uleb128 0x27
 712 00d5 19       		.uleb128 0x19
 713 00d6 00       		.byte	0
 714 00d7 00       		.byte	0
 715 00d8 11       		.uleb128 0x11
 716 00d9 2E       		.uleb128 0x2e
 717 00da 00       		.byte	0
 718 00db 03       		.uleb128 0x3
 719 00dc 0E       		.uleb128 0xe
 720 00dd 3A       		.uleb128 0x3a
 721 00de 0B       		.uleb128 0xb
 722 00df 3B       		.uleb128 0x3b
 723 00e0 05       		.uleb128 0x5
 724 00e1 39       		.uleb128 0x39
 725 00e2 0B       		.uleb128 0xb
 726 00e3 27       		.uleb128 0x27
 727 00e4 19       		.uleb128 0x19
 728 00e5 00       		.byte	0
 729 00e6 00       		.byte	0
 730 00e7 12       		.uleb128 0x12
 731 00e8 2E       		.uleb128 0x2e
 732 00e9 01       		.byte	0x1
 733 00ea 03       		.uleb128 0x3
 734 00eb 0E       		.uleb128 0xe
 735 00ec 3A       		.uleb128 0x3a
 736 00ed 0B       		.uleb128 0xb
 737 00ee 3B       		.uleb128 0x3b
 738 00ef 05       		.uleb128 0x5
 739 00f0 39       		.uleb128 0x39
 740 00f1 0B       		.uleb128 0xb
 741 00f2 27       		.uleb128 0x27
 742 00f3 19       		.uleb128 0x19
 743 00f4 00       		.byte	0
 744 00f5 00       		.byte	0
 745 00f6 13       		.uleb128 0x13
 746 00f7 05       		.uleb128 0x5
 747 00f8 00       		.byte	0
 748 00f9 03       		.uleb128 0x3
 749 00fa 0E       		.uleb128 0xe
 750 00fb 3A       		.uleb128 0x3a
 751 00fc 0B       		.uleb128 0xb
 752 00fd 3B       		.uleb128 0x3b
 753 00fe 05       		.uleb128 0x5
 754 00ff 39       		.uleb128 0x39
 755 0100 0B       		.uleb128 0xb
 756 0101 49       		.uleb128 0x49
 757 0102 13       		.uleb128 0x13
 758 0103 00       		.byte	0
 759 0104 00       		.byte	0
 760 0105 00       		.byte	0
 761              		.section	.gnu.debuglto_.debug_line,"e",%progbits
 762              	.Ldebug_line0:
 763 0000 91010000 		.4byte	.LELT0-.LSLT0
 764              	.LSLT0:
 765 0004 0400     		.2byte	0x4
 766 0006 8B010000 		.4byte	.LELTP0-.LASLTP0
 767              	.LASLTP0:
 768 000a 01       		.byte	0x1
 769 000b 01       		.byte	0x1
 770 000c 01       		.byte	0x1
 771 000d F6       		.byte	0xf6
 772 000e F2       		.byte	0xf2
 773 000f 0D       		.byte	0xd
 774 0010 00       		.byte	0
 775 0011 01       		.byte	0x1
 776 0012 01       		.byte	0x1
 777 0013 01       		.byte	0x1
 778 0014 01       		.byte	0x1
 779 0015 00       		.byte	0
 780 0016 00       		.byte	0
 781 0017 00       		.byte	0
 782 0018 01       		.byte	0x1
 783 0019 00       		.byte	0
 784 001a 00       		.byte	0
 785 001b 01       		.byte	0x1
 786 001c 6C69622F 		.ascii	"lib/chibios/os/common/ext/ARM/CMSIS/Core/Include"
 786      63686962 
 786      696F732F 
 786      6F732F63 
 786      6F6D6D6F 
 787 004c 00       		.byte	0
 788 004d 6C69622F 		.ascii	"lib/chibios/os/common/ext/ST/STM32F3xx"
 788      63686962 
 788      696F732F 
 788      6F732F63 
 788      6F6D6D6F 
 789 0073 00       		.byte	0
 790 0074 6C69622F 		.ascii	"lib/chibios/os/common/ports/ARMCMx"
 790      63686962 
 790      696F732F 
 790      6F732F63 
 790      6F6D6D6F 
 791 0096 00       		.byte	0
 792 0097 6C69622F 		.ascii	"lib/chibios/os/hal/osal/rt-nil"
 792      63686962 
 792      696F732F 
 792      6F732F68 
 792      616C2F6F 
 793 00b5 00       		.byte	0
 794 00b6 6C69622F 		.ascii	"lib/chibios/os/hal/ports/STM32/LLD/TIMv1"
 794      63686962 
 794      696F732F 
 794      6F732F68 
 794      616C2F70 
 795 00de 00       		.byte	0
 796 00df 6C69622F 		.ascii	"lib/chibios/os/rt/include"
 796      63686962 
 796      696F732F 
 796      6F732F72 
 796      742F696E 
 797 00f8 00       		.byte	0
 798 00f9 2F757372 		.ascii	"/usr/lib/gcc/arm-none-eabi/10.3.1/include"
 798      2F6C6962 
 798      2F676363 
 798      2F61726D 
 798      2D6E6F6E 
 799 0122 00       		.byte	0
 800 0123 00       		.byte	0
 801 0124 73746D33 		.ascii	"stm32f303xc.h\000"
 801      32663330 
 801      3378632E 
 801      6800
 802 0132 02       		.uleb128 0x2
 803 0133 00       		.uleb128 0
 804 0134 00       		.uleb128 0
 805 0135 73746469 		.ascii	"stdint.h\000"
 805      6E742E68 
 805      00
 806 013e 07       		.uleb128 0x7
 807 013f 00       		.uleb128 0
 808 0140 00       		.uleb128 0
 809 0141 73746D33 		.ascii	"stm32_tim.h\000"
 809      325F7469 
 809      6D2E6800 
 810 014d 05       		.uleb128 0x5
 811 014e 00       		.uleb128 0
 812 014f 00       		.uleb128 0
 813 0150 68616C5F 		.ascii	"hal_st_lld.c\000"
 813      73745F6C 
 813      6C642E63 
 813      00
 814 015d 05       		.uleb128 0x5
 815 015e 00       		.uleb128 0
 816 015f 00       		.uleb128 0
 817 0160 6F73616C 		.ascii	"osal.h\000"
 817      2E6800
 818 0167 04       		.uleb128 0x4
 819 0168 00       		.uleb128 0
 820 0169 00       		.uleb128 0
 821 016a 63687379 		.ascii	"chsys.h\000"
 821      732E6800 
 822 0172 06       		.uleb128 0x6
 823 0173 00       		.uleb128 0
 824 0174 00       		.uleb128 0
 825 0175 6368636F 		.ascii	"chcore_v7m.h\000"
 825      72655F76 
 825      376D2E68 
 825      00
 826 0182 03       		.uleb128 0x3
 827 0183 00       		.uleb128 0
 828 0184 00       		.uleb128 0
 829 0185 636D7369 		.ascii	"cmsis_gcc.h\000"
 829      735F6763 
 829      632E6800 
 830 0191 01       		.uleb128 0x1
 831 0192 00       		.uleb128 0
 832 0193 00       		.uleb128 0
 833 0194 00       		.byte	0
 834              	.LELTP0:
 835              	.LELT0:
 836              		.section	.gnu.debuglto_.debug_str,"eMS",%progbits,1
 837              	.LASF46:
 838 0000 706F7274 		.ascii	"port_lock_from_isr\000"
 838      5F6C6F63 
 838      6B5F6672 
 838      6F6D5F69 
 838      737200
 839              	.LASF30:
 840 0013 43434552 		.ascii	"CCER\000"
 840      00
 841              	.LASF40:
 842 0018 6F73616C 		.ascii	"osalOsTimerHandlerI\000"
 842      4F735469 
 842      6D657248 
 842      616E646C 
 842      65724900 
 843              	.LASF16:
 844 002c 41504231 		.ascii	"APB1RSTR\000"
 844      52535452 
 844      00
 845              	.LASF32:
 846 0035 444D4152 		.ascii	"DMAR\000"
 846      00
 847              	.LASF28:
 848 003a 43434D52 		.ascii	"CCMR1\000"
 848      3100
 849              	.LASF29:
 850 0040 43434D52 		.ascii	"CCMR2\000"
 850      3200
 851              	.LASF34:
 852 0046 43435852 		.ascii	"CCXR\000"
 852      00
 853              	.LASF20:
 854 004b 42444352 		.ascii	"BDCR\000"
 854      00
 855              	.LASF44:
 856 0050 63685379 		.ascii	"chSysLockFromISR\000"
 856      734C6F63 
 856      6B46726F 
 856      6D495352 
 856      00
 857              	.LASF50:
 858 0061 6C69622F 		.ascii	"lib/chibios/os/hal/ports/STM32/LLD/TIMv1/hal_st_lld"
 858      63686962 
 858      696F732F 
 858      6F732F68 
 858      616C2F70 
 859 0094 2E6300   		.ascii	".c\000"
 860              	.LASF48:
 861 0097 706F7274 		.ascii	"port_lock\000"
 861      5F6C6F63 
 861      6B00
 862              	.LASF3:
 863 00a1 73686F72 		.ascii	"short int\000"
 863      7420696E 
 863      7400
 864              	.LASF14:
 865 00ab 43464752 		.ascii	"CFGR\000"
 865      00
 866              	.LASF11:
 867 00b0 41504232 		.ascii	"APB2FZ\000"
 867      465A00
 868              	.LASF19:
 869 00b7 41504231 		.ascii	"APB1ENR\000"
 869      454E5200 
 870              	.LASF12:
 871 00bf 75696E74 		.ascii	"uint32_t\000"
 871      33325F74 
 871      00
 872              	.LASF43:
 873 00c8 63685379 		.ascii	"chSysUnlockFromISR\000"
 873      73556E6C 
 873      6F636B46 
 873      726F6D49 
 873      535200
 874              	.LASF21:
 875 00db 41484252 		.ascii	"AHBRSTR\000"
 875      53545200 
 876              	.LASF5:
 877 00e3 6C6F6E67 		.ascii	"long long int\000"
 877      206C6F6E 
 877      6720696E 
 877      7400
 878              	.LASF4:
 879 00f1 6C6F6E67 		.ascii	"long int\000"
 879      20696E74 
 879      00
 880              	.LASF24:
 881 00fa 5243435F 		.ascii	"RCC_TypeDef\000"
 881      54797065 
 881      44656600 
 882              	.LASF17:
 883 0106 41484245 		.ascii	"AHBENR\000"
 883      4E5200
 884              	.LASF15:
 885 010d 41504232 		.ascii	"APB2RSTR\000"
 885      52535452 
 885      00
 886              	.LASF10:
 887 0116 41504231 		.ascii	"APB1FZ\000"
 887      465A00
 888              	.LASF39:
 889 011d 56656374 		.ascii	"VectorB0\000"
 889      6F724230 
 889      00
 890              	.LASF33:
 891 0126 43434D52 		.ascii	"CCMR3\000"
 891      3300
 892              	.LASF41:
 893 012c 6F73616C 		.ascii	"osalSysUnlockFromISR\000"
 893      53797355 
 893      6E6C6F63 
 893      6B46726F 
 893      6D495352 
 894              	.LASF26:
 895 0141 534D4352 		.ascii	"SMCR\000"
 895      00
 896              	.LASF6:
 897 0146 756E7369 		.ascii	"unsigned char\000"
 897      676E6564 
 897      20636861 
 897      7200
 898              	.LASF18:
 899 0154 41504232 		.ascii	"APB2ENR\000"
 899      454E5200 
 900              	.LASF2:
 901 015c 7369676E 		.ascii	"signed char\000"
 901      65642063 
 901      68617200 
 902              	.LASF8:
 903 0168 6C6F6E67 		.ascii	"long long unsigned int\000"
 903      206C6F6E 
 903      6720756E 
 903      7369676E 
 903      65642069 
 904              	.LASF0:
 905 017f 756E7369 		.ascii	"unsigned int\000"
 905      676E6564 
 905      20696E74 
 905      00
 906              	.LASF22:
 907 018c 43464752 		.ascii	"CFGR2\000"
 907      3200
 908              	.LASF23:
 909 0192 43464752 		.ascii	"CFGR3\000"
 909      3300
 910              	.LASF27:
 911 0198 44494552 		.ascii	"DIER\000"
 911      00
 912              	.LASF1:
 913 019d 73686F72 		.ascii	"short unsigned int\000"
 913      7420756E 
 913      7369676E 
 913      65642069 
 913      6E7400
 914              	.LASF54:
 915 01b0 62617365 		.ascii	"basePri\000"
 915      50726900 
 916              	.LASF37:
 917 01b8 74696D70 		.ascii	"timp\000"
 917      00
 918              	.LASF25:
 919 01bd 63686172 		.ascii	"char\000"
 919      00
 920              	.LASF35:
 921 01c2 73746D33 		.ascii	"stm32_tim_t\000"
 921      325F7469 
 921      6D5F7400 
 922              	.LASF31:
 923 01ce 42445452 		.ascii	"BDTR\000"
 923      00
 924              	.LASF42:
 925 01d3 6F73616C 		.ascii	"osalSysLockFromISR\000"
 925      5379734C 
 925      6F636B46 
 925      726F6D49 
 925      535200
 926              	.LASF13:
 927 01e6 4442474D 		.ascii	"DBGMCU_TypeDef\000"
 927      43555F54 
 927      79706544 
 927      656600
 928              	.LASF36:
 929 01f5 5F426F6F 		.ascii	"_Bool\000"
 929      6C00
 930              	.LASF47:
 931 01fb 706F7274 		.ascii	"port_unlock\000"
 931      5F756E6C 
 931      6F636B00 
 932              	.LASF7:
 933 0207 6C6F6E67 		.ascii	"long unsigned int\000"
 933      20756E73 
 933      69676E65 
 933      6420696E 
 933      7400
 934              	.LASF53:
 935 0219 5F5F7365 		.ascii	"__set_BASEPRI\000"
 935      745F4241 
 935      53455052 
 935      4900
 936              	.LASF9:
 937 0227 4944434F 		.ascii	"IDCODE\000"
 937      444500
 938              	.LASF45:
 939 022e 706F7274 		.ascii	"port_unlock_from_isr\000"
 939      5F756E6C 
 939      6F636B5F 
 939      66726F6D 
 939      5F697372 
 940              	.LASF52:
 941 0243 73745F6C 		.ascii	"st_lld_serve_interrupt\000"
 941      6C645F73 
 941      65727665 
 941      5F696E74 
 941      65727275 
 942              	.LASF38:
 943 025a 73745F6C 		.ascii	"st_lld_init\000"
 943      6C645F69 
 943      6E697400 
 944              	.LASF51:
 945 0266 2F686F6D 		.ascii	"/home/jstewart/source/yaemk-split-kb/Firmware\000"
 945      652F6A73 
 945      74657761 
 945      72742F73 
 945      6F757263 
 946              	.LASF49:
 947 0294 474E5520 		.ascii	"GNU C99 10.3.1 20210621 (release) -mcpu=cortex-m4 -"
 947      43393920 
 947      31302E33 
 947      2E312032 
 947      30323130 
 948 02c7 6D746875 		.ascii	"mthumb -mno-thumb-interwork -mno-unaligned-access -"
 948      6D62202D 
 948      6D6E6F2D 
 948      7468756D 
 948      622D696E 
 949 02fa 6D666C6F 		.ascii	"mfloat-abi=hard -mfpu=fpv4-sp-d16 -march=armv7e-m+f"
 949      61742D61 
 949      62693D68 
 949      61726420 
 949      2D6D6670 
 950 032d 70202D67 		.ascii	"p -ggdb -Os -Ofast -std=gnu99 -fsingle-precision-co"
 950      67646220 
 950      2D4F7320 
 950      2D4F6661 
 950      7374202D 
 951 0360 6E737461 		.ascii	"nstant -fomit-frame-pointer -ffunction-sections -fd"
 951      6E74202D 
 951      666F6D69 
 951      742D6672 
 951      616D652D 
 952 0393 6174612D 		.ascii	"ata-sections -fshort-wchar -fcommon -flto\000"
 952      73656374 
 952      696F6E73 
 952      202D6673 
 952      686F7274 
 953              		.text
 954              		.section	.gnu.lto_.profile.b7f4bcdee2b6ab81,"e",%progbits
 955 0000 789C6362 		.ascii	"x\234cb\000\001\000\000\022\000\003"
 955      00010000 
 955      120003
 956              		.text
 957              		.section	.gnu.lto_.icf.b7f4bcdee2b6ab81,"e",%progbits
 958 0000 789C9362 		.ascii	"x\234\223b@\000\026\206\331\223\257nec\334\365~a\027"
 958      40001686 
 958      D993AF6E 
 958      6563DCF5 
 958      7E6117
 959 0013 23D3E40B 		.ascii	"#\323\344\013\353622?\332p\246\227\233\001\000\233\271"
 959      EB363232 
 959      3FDA70A6 
 959      979B0100 
 959      9BB9
 960 0025 0B71     		.ascii	"\013q"
 961              		.text
 962              		.section	.gnu.lto_.ipa_sra.b7f4bcdee2b6ab81,"e",%progbits
 963 0000 789C9360 		.ascii	"x\234\223`@\000\026\006\006F\006FF\020\301\004\"\230"
 963      40001606 
 963      06460646 
 963      4610C104 
 963      2298
 964 0012 19C06C06 		.ascii	"\031\300l\006\000\004\216\000,"
 964      00048E00 
 964      2C
 965              		.text
 966              		.section	.gnu.lto_.inline.b7f4bcdee2b6ab81,"e",%progbits
 967 0000 789C5BC5 		.ascii	"x\234[\305\200\000,\014\014l\015\015\015\007\230\323"
 967      80002C0C 
 967      0C6C0D0D 
 967      0D0798D3 
 968 0010 18199858 		.ascii	"\030\031\230X\200\254\006\246\024\210\020\220\301\304"
 968      80AC06A6 
 968      14881090 
 968      C1C4
 969 001e C00454C2 		.ascii	"\300\004T\302\310\005R\310\310 \012\024\273\300\234"
 969      C80552C8 
 969      C8200A14 
 969      BBC09C
 970 002d 0E542707 		.ascii	"\016T'\007d=`NCS\307\314\003$\230@\210w\323\2633'\301"
 970      643D604E 
 970      4353C7CC 
 970      03249840 
 970      8877D3B3 
 971 0044 260A01E5 		.ascii	"&\012\001\345\0270\241\253\204\230\310\314\300\0122"
 971      1730A1AB 
 971      8498C8CC 
 971      C00A32
 972 0053 87096422 		.ascii	"\207\011d\"\003C#\220]\207\335f0\311\000\000>\344!\027"
 972      03432390 
 972      5D87DD66 
 972      30C90000 
 972      3EE42117 
 973              		.text
 974              		.section	.gnu.lto_.jmpfuncs.b7f4bcdee2b6ab81,"e",%progbits
 975 0000 789CB364 		.ascii	"x\234\263d@\000\026\020\301\010\244\231&1/af`\224a`"
 975      40001610 
 975      C108A499 
 975      26312F61 
 975      66609461 
 976 0015 3CC0C228 		.ascii	"<\300\302(\003\304\014\014P!\016\260\020\007D\010\250"
 976      03C40C0C 
 976      50210EB0 
 976      10074408 
 976      A8
 977 0026 9A19AC11 		.ascii	"\232\031\254\021\000\307\240\006$"
 977      00C7A006 
 977      24
 978              		.text
 979              		.section	.gnu.lto_.pureconst.b7f4bcdee2b6ab81,"e",%progbits
 980 0000 789CE365 		.ascii	"x\234\343e```a\330\305\3128\213\205i\026\013\363\014"
 980      60606061 
 980      D8C5CA38 
 980      8B856916 
 980      0BF30C
 981 0013 160012A2 		.ascii	"\026\000\022\242\002\257"
 981      02AF
 982              		.text
 983              		.section	.gnu.lto_.lto.b7f4bcdee2b6ab81,"e",%progbits
 984 0000 09000400 		.ascii	"\011\000\004\000\001\000\000\000"
 984      01000000 
 985              		.text
 986              		.section	.gnu.lto_VectorB0.282.b7f4bcdee2b6ab81,"e",%progbits
 987 0000 789CBBCB 		.ascii	"x\234\273\313\300\300\220\016\304\312@\314\310\314\300"
 987      C0C0900E 
 987      C4CA40CC 
 987      C8CCC0
 988 000f 38696217 		.ascii	"8ib\027\023CCC\203\003;\023c\343\304.N\306\255\214`"
 988      13434343 
 988      83033B13 
 988      63E3C42E 
 988      4EC6AD8C 
 989 0024 1E23433D 		.ascii	"\036#C=\023c=\343dfM \367\307\322Y?\265\033V\034`\\"
 989      13633DE3 
 989      64664D20 
 989      F7C7D259 
 989      3FB51B56 
 990 003b C2CCC030 		.ascii	"\302\314\3000\017\210\241\200\015\306c\004\342\365\227"
 990      0F88A180 
 990      0DC66304 
 990      E2F597
 991 004a 580F34FC 		.ascii	"X\0174\374\371\337\337\320\360\3651c\207.\013\003C?"
 991      F9DFDFD0 
 991      F0F53163 
 991      872E0B03 
 991      433F
 992 005c 33C8E406 		.ascii	"3\310\344\006\026\306\206\003\014\014\023\230\231 \234"
 992      16C68603 
 992      0C0C1398 
 992      99209C
 993 006b 4620E715 		.ascii	"F \347\025c\303\243\357\327\031A\264\022\026bQ,X\305"
 993      63C3A3EF 
 993      D71941B4 
 993      12166251 
 993      2C58C5
 994 007e 6FA08A0F 		.ascii	"o\240\212\017\214\315\012\014-\214LK\230\031\3471\003"
 994      8CCD0A0C 
 994      2D8C4C4B 
 994      9819E731 
 994      03
 995 008f AD59C2CC 		.ascii	"\255Y\302\314\004\226\373'\216U3\212r&\210\362O\214"
 995      0496FB27 
 995      8E55338A 
 995      722688F2 
 995      4F8C
 996 00a1 4D0F2646 		.ascii	"M\017&F\201\035\334\317\314\210p\021\003\203\236~F~"
 996      811DDCCF 
 996      CC887011 
 996      03839E7E 
 996      467E
 997 00b3 6EAA7E56 		.ascii	"n\252~VqIjybQ\211~q~iQr\252~ebjn\266nqANf\211nv\222"
 997      71496A79 
 997      6251897E 
 997      717E6951 
 997      72AA7E65 
 998 00d4 BE5B6651 		.ascii	"\276[fQ.P:\225\301,'3I?9#3)3\277X\037\2102\022s\364"
 998      2E503A95 
 998      C12C2733 
 998      493F3923 
 998      332933BF 
 999 00ef 0BF28B4A 		.ascii	"\013\362\213J\212\365\203C|\215\215\364}|\\\364C<}\313"
 999      8AF58343 
 999      7C8D8DF4 
 999      7D7C5CF4 
 999      433C7DCB 
 1000 0103 0C4132F1 		.ascii	"\014A2\361\305%\36199)z\311\014\000\242\267q\250"
 1000      C525F139 
 1000      39297AC9 
 1000      0C00A2B7 
 1000      71A8
 1001              		.text
 1002              		.section	.gnu.lto_st_lld_init.283.b7f4bcdee2b6ab81,"e",%progbits
 1003 0000 789C8D93 		.ascii	"x\234\215\223Kh\023Q\024\206\317?w\222IT\024\\\270\220"
 1003      4B681351 
 1003      1486CF3F 
 1003      77924954 
 1003      145CB890 
 1004 0014 2E7CAC14 		.ascii	".|\254\024\322\253\025\304\245\013\021\204ve7\342\242"
 1004      D2AB15C4 
 1004      A50B1184 
 1004      766537E2 
 1004      A2
 1005 0025 243198D8 		.ascii	"$1\230\330\204\224L\254\270\352\255\017\224l\322\306"
 1005      84944CAC 
 1005      B8EAAD0F 
 1005      946CD2C6 
 1006 0035 9DF6A161 		.ascii	"\235\366\241a\224\354\304\205o\305\250TA(\276(b\273"
 1006      94ECC485 
 1006      6FC5A854 
 1006      4128BE28 
 1006      62BB
 1007 0047 11BB1117 		.ascii	"\021\273\021\027%TD\205B<w&\223Dh%\303\3343s\346\336"
 1007      25544485 
 1007      423C7726 
 1007      93446825 
 1007      C3DC3373 
 1008 005d EF3FFF19 		.ascii	"\357?\377\031\356]\024D'\211h'\017\010Bi\274`\220R\352"
 1008      EE5D1444 
 1008      27896827 
 1008      0F084269 
 1008      BC609052 
 1009 0072 A0656074 		.ascii	"\240e`t\274\020\306]\270\031h\304\300\010\256\210]\234"
 1009      BC10C65D 
 1009      B81968C4 
 1009      C008AE88 
 1009      5D9C
 1010 0084 FEBE7975 		.ascii	"\376\276yub\026\252R\205\303\370\024\217\306\025\364"
 1010      6216AA52 
 1010      85C3F814 
 1010      8FC615F4 
 1011 0094 33F0B8FD 		.ascii	"3\360\270\375!PU+\365\242R3\213X\211l\0069\002\206\016"
 1011      2150552B 
 1011      F5A25233 
 1011      8B58896C 
 1011      06390286 
 1012 00a9 42075307 		.ascii	"B\007S\007K\007\242\242\3205\225\011U%\032\023\206\227"
 1012      4B07A2A2 
 1012      D0359509 
 1012      55251A13 
 1012      8697
 1013 00bb 8C72F21D 		.ascii	"\214r\362\035\352\353\334<h\011/\236\204\313\002\023"
 1013      EAEBDC3C 
 1013      68092F9E 
 1013      84CB0213 
 1014 00cb 0225E108 		.ascii	"\002%\341\010\003\324|S\327/+\223\263[\332i\310\021"
 1014      03D47C53 
 1014      D72F2B93 
 1014      B35BDA69 
 1014      C811
 1015 00dd 02F7817B 		.ascii	"\002\367\201{\240=\333\035a\342\001&]GK8_\272\204\262"
 1015      A03DDB1D 
 1015      61E20126 
 1015      5D474B38 
 1015      5FBA84B2 
 1016 00f1 30CA1E07 		.ascii	"0\312\036\007\270\242\265\002\326D\037{(3\332\306\016"
 1016      B8A2B502 
 1016      D6441F7B 
 1016      2833DAC6 
 1016      0E
 1017 0102 DF83B51A 		.ascii	"\337\203\265\032p\303MM<m\224c\240|\314u\277\320r/\032"
 1017      70C34D4D 
 1017      3C6D9463 
 1017      A07CCC75 
 1017      BFD0722F 
 1018 0117 9E034DF7 		.ascii	"\236\003M\367\001\356xLmlS\014\242\012<\363-<g9\264"
 1018      01EE784C 
 1018      6D6C530C 
 1018      A20A3CF3 
 1018      2D3C6739 
 1019 012c B9375904 		.ascii	"\2717Y\004\217Vq\376/\366\322\303x\275k\241\266U\003"
 1019      8F5671FE 
 1019      2FF6D2C3 
 1019      78BD6BA1 
 1019      B65503
 1020 013f CB95AE46 		.ascii	"\313\225\256FU\253Y\337\202\373\253}\241o\233\034\021"
 1020      55AB59DF 
 1020      82FBAB7D 
 1020      A16F9B1C 
 1020      11
 1021 0150 C22B60A6 		.ascii	"\302+`\246\255\245\327,f\020\351\345&\246\017\270\212"
 1021      ADA5D72C 
 1021      6610E9E5 
 1021      26A60FB8 
 1021      8A
 1022 0161 3FBCA63C 		.ascii	"?\274\246<\311\265\3217\214\012\037\255\327\205\313"
 1022      C9B5D137 
 1022      8C0A1FAD 
 1022      D785CB
 1023 0170 FEEC8C9D 		.ascii	"\376\354\214\235e\326\364Yo#\374\372/\311\337\032p\030"
 1023      65D6F459 
 1023      6F23FCFA 
 1023      2FC9DF1A 
 1023      7018
 1024 0182 EF180E10 		.ascii	"\357\030\016\020\365p^\331\242\005\336\003\273\365\276"
 1024      F5705ED9 
 1024      A205DE03 
 1024      BBF5BE
 1025 0191 7C0B57E9 		.ascii	"|\013W\351\332BG\036>\262L\260EMvF\3151e\265\250\351"
 1025      DA42471E 
 1025      3EB24CB0 
 1025      454D7646 
 1025      CD3165B5 
 1026 01a7 CEA84F4C 		.ascii	"\316\250OL\205\374~=\362Ng\344<\223a\256\367\331\243"
 1026      85FC7E3D 
 1026      F24E67E4 
 1026      3C9361AE 
 1026      F7D9A3
 1027 01ba 1E3255C3 		.ascii	"\0362U\303\305mt\001\206#\326M\351\235\240U\327\243"
 1027      C56D7401 
 1027      8623D64D 
 1027      E99DA055 
 1027      D7A3
 1028 01cc CB7B30B4 		.ascii	"\313{0\264\201\226q\356\313\237\343\356\251-\012\264"
 1028      819671EE 
 1028      CB9FE3EE 
 1028      A92D0AB4 
 1029 01dc 4E1F51B7 		.ascii	"N\037Q\267Lf3\011y\312\316'\316DsyigO\347\342\011y6"
 1029      4C663309 
 1029      79CACE27 
 1029      CE447379 
 1029      69674FE7 
 1030 01f4 9AC80C46 		.ascii	"\232\310\014F\354\241t*\037\031\214\311\303\251\\\206"
 1030      ECA1742A 
 1030      1F198CC9 
 1030      C3A95C86 
 1031 0204 A713B43F 		.ascii	"\247\023\264?\235\212\311x2\025Kem\311w2\232\226C\331"
 1031      9D8AC978 
 1031      32154B65 
 1031      6DC97732 
 1031      9A9643D9 
 1032 0218 5CDE9647 		.ascii	"\\\336\226G\373\373\366\365\310\336\336C\262\377H\337"
 1032      FBFBF6F5 
 1032      C8DEDE43 
 1032      B2FF48DF 
 1033 0228 F05E3D33 		.ascii	"\360^=3`\347\007\322\351\023\335q\372\013<\355V\265"
 1033      60E707D2 
 1033      E913DD71 
 1033      FA0B3CED 
 1033      56B5
 1034              		.text
 1035              		.section	.gnu.lto_st_lld_serve_interrupt.284.b7f4bcdee2b6ab81,"e",%progbits
 1036 0000 789C6D52 		.ascii	"x\234mRKh\023Q\024}\367\335I2\245\020W\272p!\335\270"
 1036      4B681351 
 1036      147DF7DD 
 1036      4932A510 
 1036      57BA7021 
 1037 0016 50689E5A 		.ascii	"Ph\236Z\025\227.T\020\332\205\330}H\322\201\214MH\310"
 1037      15972E54 
 1037      10DA85D8 
 1037      7D48D281 
 1037      8C4D48C8 
 1038 002a 8CBF555F 		.ascii	"\214\277U_\223hh*LR\177E\332\252a\224\256\224.\352\257"
 1038      9368682A 
 1038      4C527F45 
 1038      DAAA6194 
 1038      AE942EEA 
 1039 003f 5506BB74 		.ascii	"U\006\273tQuo\021\241\320\272\220 XD\204z\337\233\264"
 1039      51756F11 
 1039      A1D0BA90 
 1039      20584484 
 1039      7ADF9BB4 
 1040 0053 76D1E17D 		.ascii	"v\321\341}\317=\367\234w/s\2033v\2231v\226&D\030L4\353"
 1040      CF3DF79C 
 1040      772F7383 
 1040      33769331 
 1040      76962644 
 1041 006b 9C49294F 		.ascii	"\234I)O\3078\2574\3079,@\375\231\267\327\2506\343\033"
 1041      C738AF34 
 1041      C7392C40 
 1041      FD99B7D7 
 1041      A836E31B 
 1042 007f 9FDA870D 		.ascii	"\237\332\207\015\204;f\0307`\264Y\357\242\270\276\001"
 1042      843B6618 
 1042      3760B459 
 1042      EFA2B8BE 
 1042      01
 1043 0090 1BE168C0 		.ascii	"\033\341h\300\010\334\306C\004\374~\362`l\031\344l\000"
 1043      08DCC643 
 1043      04FC7EF2 
 1043      606C19E4 
 1043      6C00
 1044 00a2 3E323643 		.ascii	">26C\263\363M!L\240\217\000F\347\304\241\207N\230U\221"
 1044      B3F34D21 
 1044      4CA08F00 
 1044      46E7C4A1 
 1044      874E9855 
 1045 00b7 838194ED 		.ascii	"\203\201\224\355[^=\336\0305}Dx\011\224\011/\000\346"
 1045      5B5E3DDE 
 1045      18357D44 
 1045      78099409 
 1045      2F00E6
 1046 00ca 81C12B60 		.ascii	"\201\301+`,\1777\252\310U\330f\217{\265\220m\300\353"
 1046      2C7F37AA 
 1046      C855D866 
 1046      8F7BB590 
 1046      6DC0EB
 1047 00dd 9DEC378A 		.ascii	"\235\3547\212=\026\215\252\223JU\241\005\302\324 \350"
 1047      3D168DAA 
 1047      934A55A1 
 1047      05C2D420 
 1047      E8
 1048 00ee F9E74820 		.ascii	"\371\347H \377nzR._\3730\265\321\335\015\314\307\010"
 1048      FF6E7A52 
 1048      2E5FFB30 
 1048      B5D1DD0D 
 1048      CCC708
 1049 0101 570BAA45 		.ascii	"W\013\252E\347\305\324\311\014\265<TUK\003d\300X\003"
 1049      E7C5D4C9 
 1049      0CB53C54 
 1049      554B0364 
 1049      C05803
 1050 0114 7978A9D0 		.ascii	"yx\251\320\345;\310o\367W@\357\223\007h+?\272@\216\252"
 1050      E53BC86F 
 1050      F75740EF 
 1050      9307682B 
 1050      3FBA408E 
 1051 0129 36044DD3 		.ascii	"6\004M\323\241i\242\374\200\367\213\353\330\302h\247"
 1051      A169A2FC 
 1051      80F78BEB 
 1051      D8C268A7 
 1052 0139 76D4753C 		.ascii	"v\324u<U\254\265\270\217QX\004x\013\354\310c)\251\242"
 1052      55ACB5B8 
 1052      8F515804 
 1052      780BECC8 
 1052      6329A9A2 
 1053 014d 18BC8369 		.ascii	"\030\274\203i\3359\245\271\207\236A\231Z\353\341\226"
 1053      DD39A5B9 
 1053      879E4199 
 1053      5AEBE196 
 1054 015d 56BC85B0 		.ascii	"V\274\205\260\245`\356\"\020\220\000=\236\310\225{\265"
 1054      A560EE22 
 1054      1090003D 
 1054      9EC8957B 
 1054      B5
 1055 016e 55DEC258 		.ascii	"U\336\302X+t\216\300&\204\350\211\026\232\244K!e\323"
 1055      2B748EC0 
 1055      2684E889 
 1055      169AA44B 
 1055      2165D3
 1056 0181 A35D4CED 		.ascii	"\243]L\3552\247]\312\223\265_\004q\205\222g\273\276"
 1056      32A75DCA 
 1056      93B55F04 
 1056      71859267 
 1056      BBBE
 1057 0193 BAEDB886 		.ascii	"\272\355\270\206\273X.\205o\246\014-2\277\322\361\371"
 1057      BB582E85 
 1057      6FA60C2D 
 1057      32BFD2F1 
 1057      F9
 1058 01a4 422254BA 		.ascii	"B\"T\272\031\272s\266\016\325\365\245\375\204\205@\370"
 1058      19BA73B6 
 1058      0ED5F5A5 
 1058      FD848540 
 1058      F8
 1059 01b5 7734103F 		.ascii	"w4\020?\266\377\314\202nl\033\220U\201\373h\316\250"
 1059      B6FFCC82 
 1059      6E6C1B90 
 1059      5581FB68 
 1059      CEA8
 1060 01c7 227CECD2 		.ascii	"\"|\354\322\014\343\177\353\177B\371\353\\Rgz\235^C"
 1060      0CE37FEB 
 1060      7F42F9EB 
 1060      5C52677A 
 1060      9D5E43
 1061 01da 3950D784 		.ascii	"9P\327\204\310\026\362\226\270\344\270\326\325T\311"
 1061      C816F296 
 1061      B8E4B8D6 
 1061      D554C9
 1062 01e9 154EE172 		.ascii	"\025N\341r)c\211\353)+?\334\353\024s\266\333;\234\026"
 1062      296389EB 
 1062      292B3FDC 
 1062      EB1473B6 
 1062      DB3B9C16 
 1063 01fd E7EC529E 		.ascii	"\347\354R\236\302\026;\231\263\323\"\223\265\323v\301"
 1063      C2163B99 
 1063      B3D32293 
 1063      B5D376C1 
 1064 020d 1134B2A9 		.ascii	"\0214\262\251\234(\026J\256#.\016\016\364\035\023\375"
 1064      9C28164A 
 1064      AE232E0E 
 1064      0EF41D13 
 1064      FD
 1065 021e FD67C4E0 		.ascii	"\375g\304\340\371\201+GU$\351\270\311\\n(\221a\206k"
 1065      F9812B47 
 1065      5524E9B8 
 1065      C95C6E28 
 1065      9161866B 
 1066 0232 E78BFB76 		.ascii	"\347\213\373vB\211\324\251\343}\326P\306b\334)\375\003"
 1066      4289D4A9 
 1066      E37DD650 
 1066      C662DC29 
 1066      FD03
 1067 0244 68E1001A 		.ascii	"h\341\000\032"
 1068              		.text
 1069              		.section	.gnu.lto_st_lld_serve_interrupt.part.0.289.b7f4bcdee2b6ab81,"e",%progbits
 1070 0000 789C7D54 		.ascii	"x\234}T]L\034U\024\276g\356\354\017j\214\251\211&\232"
 1070      5D4C1C55 
 1070      14BE67EE 
 1070      EC0F6A8C 
 1070      A989269A 
 1071 0014 98AD96A8 		.ascii	"\230\255\226\250I\331\321\266Q\337\254AMH\272\211)5"
 1071      49D9D1B6 
 1071      51DFAC41 
 1071      4D48BA89 
 1071      2935
 1072 0026 3E926599 		.ascii	">\222e\231\270#;,\231\331\326\362\324i\251\326\372\267"
 1072      B8233B2C 
 1072      99D9D6F2 
 1072      D469A9D6 
 1072      FAB7
 1073 0038 FCB48208 		.ascii	"\374\264\202\010\230&K\342\213\361\245`k\227\026m\021"
 1073      98264BE2 
 1073      8BF1A560 
 1073      6B97166D 
 1073      11
 1074 0049 A4CAF227 		.ascii	"\244\312\362'\0226\266\366GT\250\025\341A\222\022\365"
 1074      1236B6F6 
 1074      4754A815 
 1074      E1419212 
 1074      F5
 1075 005a 9C7B6777 		.ascii	"\234{gw'\251\270\331\235{\347;\3379\347~\337\231\331"
 1075      27A9B8D9 
 1075      9D7BE73B 
 1075      DF39E77E 
 1075      DF99D9
 1076 006d 721F63F5 		.ascii	"r\037c\365\300\330N\306\030\370\030\034\0132\307qv\006"
 1076      C0D84EC6 
 1076      18F8181C 
 1076      0B32C771 
 1076      7606
 1077 007f 54D82456 		.ascii	"T\330$V\005\332[\307V'G\273\037\201\034\010\204\303"
 1077      05DA5BC7 
 1077      562747BB 
 1077      1F811C08 
 1077      84C3
 1078 0091 C1D6B1F6 		.ascii	"\301\326\261\366\367n\334\017\347$\000\354\200\252p"
 1078      F76EDC0F 
 1078      E72400EC 
 1078      80AA70
 1079 00a0 3800EDBC 		.ascii	"8\000\355\274\233\303\343\210\255\365u\035E\366'C\220"
 1079      9BC3E388 
 1079      ADF5751D 
 1079      45F62743 
 1079      90
 1080 00b1 E18CF5E2 		.ascii	"\341\214\365\342O|(\324RB\201Z\236\244+\303\2746\236"
 1080      4F7C28D4 
 1080      5242815A 
 1080      9EA42BC3 
 1080      BC369E
 1081 00c4 E100AABB 		.ascii	"\341\000\252\273S \204;\036\247H\371\220\343,\277\233"
 1081      5320843B 
 1081      1EA748F9 
 1081      90E32CBF 
 1081      9B
 1082 00d5 7EFBEE96 		.ascii	"~\373\356\226\203\301\014\347p\012\260\"|\0160\000\014"
 1082      83C10CE7 
 1082      700AB022 
 1082      7C0E3000 
 1082      0C
 1083 00e6 4E63BE79 		.ascii	"Nc\276y\334O\344\303Pd\277\223>\"\331*|\341e\237!\366"
 1083      DC4FE4C3 
 1083      5064BF93 
 1083      3E22D92A 
 1083      7CE1659F 
 1084 00fc 5162FBE9 		.ascii	"Qb\373\351\206\262)\232\205\215\372\200\267\317F\345"
 1084      86B2299A 
 1084      858DFA80 
 1084      B7CF46E5 
 1085 010c C15B9E61 		.ascii	"\301[\236a\345\263\000\203T\031\2502\027\335\360N\201"
 1085      E5B30083 
 1085      5419A832 
 1085      17DDF04E 
 1085      81
 1086 011d 21D1C74F 		.ascii	"!\321\307O\016\215\277\302\320\277^\316\013H6=<\373"
 1086      0E8DBFC2 
 1086      D0BF5ECE 
 1086      0B48363D 
 1086      3CFB
 1087 012f 21E67E89 		.ascii	"!\346~\211\240Z\000\273\177\035\036G\354+\304|E\354"
 1087      A05A00BB 
 1087      7F1D1E47 
 1087      EC2BC47C 
 1087      45EC
 1088 0141 D323230F 		.ascii	"\323##\01728\217\230\2370\376\226B\313\243x\260\265"
 1088      32388F98 
 1088      9F30FE96 
 1088      42CBA378 
 1088      B0B5
 1089 0153 89B67CEE 		.ascii	"\211\266|\356\201ngH\245\243\015\003\365t\217\3665\232"
 1089      816E6748 
 1089      A5A30D03 
 1089      F5748FF6 
 1089      359A
 1090 0165 AE9AE980 		.ascii	"\256\232\351\200+am\376\375\301\376\255\347\233\235"
 1090      2B616DFE 
 1090      FDC1FEAD 
 1090      E79B9D
 1091 0174 51A7C885 		.ascii	"Q\247\310\205\022Wj\025\007]\350\362\303\010\202\027"
 1091      12576A15 
 1091      075DE8F2 
 1091      C3088217 
 1092 0184 A81A8A63 		.ascii	"\250\032\212c0\012\005!\244*\000cEU\331\337\326\262"
 1092      300A0521 
 1092      A42A0063 
 1092      4555D9DF 
 1092      D6B2
 1093 0196 3EA92B20 		.ascii	">\251+ \250\027\241\020%j\020\276+R\347r\001I\014\272"
 1093      A817A110 
 1093      256A10BE 
 1093      2B52E772 
 1093      01490CBA 
 1094 01aa 6118074F 		.ascii	"a\030\007O8\233~\343:\271\221CF\231\307\215\237\021"
 1094      389B7EE3 
 1094      3AB99143 
 1094      4699C78D 
 1094      9F11
 1095 01bc 9B40EC8E 		.ascii	"\233@\354\216\222\033#3\350\306$bw\026\347\363{\377"
 1095      921B2333 
 1095      E8C62462 
 1095      7716E7F3 
 1095      7BFF
 1096 01ce 8D2BE0B4 		.ascii	"\215+\340\2649\360\277\322N\255\243\264i\004\247\212"
 1096      39F0BFD2 
 1096      4EADA3B4 
 1096      6904A78A 
 1097 01de D2668434 		.ascii	"\322f\2044\344(8@\034\343gS>\307Y\377'\3558\227v\314"
 1097      E4283840 
 1097      1CE36753 
 1097      3EC759FF 
 1097      27ED3897 
 1098 01f4 69F8AAA4 		.ascii	"i\370\252\2449\275\036\216\012\264U\345\226\263\026"
 1098      39BD1E8E 
 1098      0AB455E5 
 1098      96B316
 1099 0203 AE14B68B 		.ascii	"\256\024\266\213\340\\=sI\241uu\360\330\354\302O\233"
 1099      E05C3D73 
 1099      49A17575 
 1099      F0D8ECC2 
 1099      4F9B
 1100 0215 70A202CD 		.ascii	"p\242\002\315/tb\026\341':\006\272>\000\234\252d\317"
 1100      2F746216 
 1100      E1273A06 
 1100      BA3E009C 
 1100      AA64CF
 1101 0228 9749B8BF 		.ascii	"\227I\270\277\247\363\346\334\2758X\001\367\334t\351"
 1101      A7F3E6DC 
 1101      BD385801 
 1101      F7DC74E9 
 1102 0238 D76E2D22 		.ascii	"\327n-\"zA\242\037-I\364P\010\207B/\212\012!Y\263o\340"
 1102      7A41A21F 
 1102      2D49F450 
 1102      0887422F 
 1102      8A0A2159 
 1103 024f 720FE06C 		.ascii	"r\017\340ld\315\313e\360\015\260?\340\320\303$gBA\311"
 1103      64CDCB65 
 1103      F00DB03F 
 1103      E0D0C324 
 1103      674241C9 
 1104 0263 9BAF286F 		.ascii	"\233\257(o\342#\353\303\255Jo\336\017\300p\2059\200"
 1104      E223EBC3 
 1104      AD4A6FDE 
 1104      0FC07085 
 1104      3980
 1105 0275 5961FBE6 		.ascii	"Ya\373\346\353\"\356\027\301y\331e\371dO\327R\220\321"
 1105      EB22EE17 
 1105      C179D965 
 1105      F9644FD7 
 1105      5290D1
 1106 0288 03407557 		.ascii	"\003@uWNtd\273\312E\207s\363\017\011\244\357\332\352"
 1106      4E7464BB 
 1106      CA458773 
 1106      F30F09A4 
 1106      EFDAEA
 1107 029b CB384757 		.ascii	"\3138GW\357\312\"\352\275(\317\360\327b'\300\267\300"
 1107      EFCA22EA 
 1107      BD28CFF0 
 1107      D76227C0 
 1107      B7C0
 1108 02ad 96A139C4 		.ascii	"\226\2419\304\016\203\222\341\201^~\027E38t\221\273"
 1108      0E8392E1 
 1108      815E7E17 
 1108      45333874 
 1108      91BB
 1109 02bf EACD5D27 		.ascii	"\352\315]'\257\306en\353/\230\233\003\327\255\277\311"
 1109      AFC6656E 
 1109      EB2F989B 
 1109      03D7ADBF 
 1109      C9
 1110 02d0 AD091969 		.ascii	"\255\011\031i\317\177,\317r\365x~\213X;\362\340\332"
 1110      CF7F2CCF 
 1110      72F5787E 
 1110      8B583BF2 
 1110      E0DA
 1111 02e2 7796EC9B 		.ascii	"w\226\354\233\224\274\351\242}\371%D\247$\372g\311\276"
 1111      94BCE9A2 
 1111      7DF92544 
 1111      A724FA67 
 1111      C9BE
 1112 02f4 69D73EE6 		.ascii	"i\327>\346\265o\246d\337\367^\373\\\243~\024\226y\335"
 1112      B56FA664 
 1112      DFF75EFB 
 1112      5CA37E14 
 1112      9679DD
 1113 0307 592677A6 		.ascii	"Y&w\246\305\177X\013\347\205\207`\005c}\315\267^ q\364"
 1113      C57F580B 
 1113      E7858760 
 1113      05637DCD 
 1113      B75E2071 
 1114 031c 49739021 		.ascii	"Is\220!\005o\302Z<i\352\332kvJ\177=j\2454;\271\327\212"
 1114      056FC25A 
 1114      3C69EADA 
 1114      6B764A7F 
 1114      3D6AA534 
 1115 0334 E95A5354 		.ascii	"\351ZST7\353+\354\306\204\221\252\250\257\325^4,\023"
 1115      37EB2BEC 
 1115      C68491AA 
 1115      A8AFD55E 
 1115      342C13
 1116 0347 C33A7B2A 		.ascii	"\303:{*a\324j\261\270Qk$m\015\277\361hBkLZ)[\253\336"
 1116      61D46AB1 
 1116      B8516B24 
 1116      6D0DBFF1 
 1116      68426B4C 
 1117 0360 13D9BE4D 		.ascii	"\023\331\276M\333\265\353ymOUd\337\223\024\251\261S"
 1117      DBB5EB79 
 1117      6D4F5564 
 1117      DF9314A9 
 1117      B153
 1118 0372 3589445D 		.ascii	"5\211D]8\306\324\224a6\336\347\205\302\321gvl\327\353"
 1118      38C6D494 
 1118      6136DEE7 
 1118      85C2D167 
 1118      766CD7EB 
 1119 0386 623A536C 		.ascii	"b:Sl\353\261\260\366\037u\2236^\254TE\203!\367\3418"
 1119      EBB1B0F6 
 1119      1F759336 
 1119      5EAC5445 
 1119      8321F7E1 
 1120 039b DB721B11 		.ascii	"\333r\033\021\217l4\304\022{\353tD\355&\033I\333n#\305"
 1120      8F6C34C4 
 1120      127BEB74 
 1120      44ED261B 
 1120      49DB6E23 
 1121 03b0 92A6996C 		.ascii	"\222\246\231lp\017\372\334\356Hed?\206cIK\257\331\367"
 1121      700FFADC 
 1121      EE486564 
 1121      3F866349 
 1121      4BAFD9F7 
 1122 03c4 B4892981 		.ascii	"\264\211)\201\332\250\255\277d\031\317n\224\252\357"
 1122      DAA8ADBF 
 1122      6419CF6E 
 1122      94AAEF
 1123 03d3 4F51A256 		.ascii	"OQ\242V\031\251\256\252\326*1S\253*\2645m\303\256y5"
 1123      19A9AEAA 
 1123      D62A3153 
 1123      AB2AB435 
 1123      6DC3AE79 
 1124 03e8 16C33AF7 		.ascii	"\026\303:\367D\252w\207\250V\243el\015\225?\301\024"
 1124      44AA7787 
 1124      A856A365 
 1124      6C0D953F 
 1124      C114
 1125 03fa 8B054CDD 		.ascii	"\213\005L\335LZM\354_\233&;\216"
 1125      4C5A4DEC 
 1125      5F9B263B 
 1125      8E
 1126              		.text
 1127              		.section	.gnu.lto_.symbol_nodes.b7f4bcdee2b6ab81,"e",%progbits
 1128 0000 789C75CE 		.ascii	"x\234u\3161\016\3020\020\004\300\275=\307H\241\340\011"
 1128      310EC230 
 1128      1004C0BD 
 1128      3DC748A1 
 1128      E009
 1129 0012 3CF56C94 		.ascii	"<\365l\224\007\244N\002\010\211\202/@\211\250#\236B"
 1129      07A44E02 
 1129      0889822F 
 1129      4089A823 
 1129      9E42
 1130 0024 4D43621C 		.ascii	"MCb\034\012\012o\265\322\234t\253\002\200'\032\302\034"
 1130      0A0A6FB5 
 1130      D29C74AB 
 1130      0280271A 
 1130      C21C
 1131 0036 27ED0818 		.ascii	"'\355\010\030pmb\014D\302\231{\232\374\361-D\371\341"
 1131      706D620C 
 1131      44C2997B 
 1131      9AFCF12D 
 1131      44F9E1
 1132 0049 4063113B 		.ascii	"@c\021;\232\226P\2164\367Y\262\375\036 \255H*\007ZU"
 1132      9A96508E 
 1132      34F759B2 
 1132      FD1E20AD 
 1132      482A075A 
 1133 005e B23DCD17 		.ascii	"\262=\315\027L\341\362\273f\255R\345z\336(\361|\275"
 1133      4CE1F2BB 
 1133      66AD52E5 
 1133      7ADE28F1 
 1133      7CBD
 1134 0070 2F22F75A 		.ascii	"/\"\367Zu\031\273\363\252>\327\307\012\023e]O`"
 1134      7519BBF3 
 1134      AA3ED7C7 
 1134      0A13655D 
 1134      4F60
 1135              		.text
 1136              		.section	.gnu.lto_.refs.b7f4bcdee2b6ab81,"e",%progbits
 1137 0000 789C6364 		.ascii	"x\234cd\000\002\000\000\012\000\002"
 1137      00020000 
 1137      0A0002
 1138              		.text
 1139              		.section	.gnu.lto_.decls.b7f4bcdee2b6ab81,"e",%progbits
 1140 0000 789CAD57 		.ascii	"x\234\255W{pT\325\031?\3379\273w77\201\244\020\0373"
 1140      7B7054D5 
 1140      193FDF39 
 1140      BB773737 
 1140      81A4101F 
 1141 0015 6D6986B1 		.ascii	"mi\206\261CF\205M6\024\265\177\324\204M\242\251\006"
 1141      4346854D 
 1141      3614B57F 
 1141      D4844DA2 
 1141      A906
 1142 0027 994DAC0E 		.ascii	"\231M\254\016\323\351\032v\027\263e7\233\356.\0103\375"
 1142      D3E91A76 
 1142      17B36537 
 1142      9BEE2E08 
 1142      33FD
 1143 0039 E30A4188 		.ascii	"\343\012A\210!\020\245V\014\024c\361\201\225\312Z\211"
 1143      2110A556 
 1143      0C1463F1 
 1143      8195CA5A 
 1143      89
 1144 004a 46C3634D 		.ascii	"F\303cM@\002\001\214\020\302S\345\025\010\002\012\030"
 1144      4002018C 
 1144      10C253E5 
 1144      1508020A 
 1144      18
 1145 005b 150860BF 		.ascii	"\025\010`\277s\237\273\331\305\231:\275\311w\3579\347"
 1145      739FBBD9 
 1145      C5993ABD 
 1145      C977EF39 
 1145      E7
 1146 006c FEBEDFF7 		.ascii	"\376\276\337\3678\337\375\356]\367\317\010\231i\"\244"
 1146      38DFFDEE 
 1146      5DF7CF08 
 1146      996922A4 
 1147 007c 0708F901 		.ascii	"\007\010\371\001\0173!\344S\024\234\222v\242\034\026"
 1147      0F3321E4 
 1147      53149C92 
 1147      76A21C16 
 1148 008c 942D281F 		.ascii	"\224-(\037\243t\242t\241\354@\371D\305\016?\236Ce\206"
 1148      A374A274 
 1148      A1EC40F9 
 1148      44C50E3F 
 1148      9E436586 
 1149 00a0 D76A943D 		.ascii	"\327j\224=(\035\352:Su;o\242\327\210z#T\275q(WP.\243"
 1149      281DEA3A 
 1149      53753B6F 
 1149      A2D7887A 
 1149      2354BD71 
 1150 00b9 F4A198F1 		.ascii	"\364\241\230\361\236\011\345~\224\337\241d\243\024\202"
 1150      9E09E57E 
 1150      94DFA164 
 1150      A31482
 1151 00c8 E2E36E14 		.ascii	"\342\343n\024\021e\220(\216\347\243\374\026e\022\312"
 1151      11659028 
 1151      8EE7A3FC 
 1151      166512CA 
 1152 00d8 DD28F7A2 		.ascii	"\335(\367\242LD\271\013\305\216B\325X>I\341\303BP\270"
 1152      4C44B90B 
 1152      C58E42D5 
 1152      583E49E1 
 1152      C34250B8 
 1153 00ec B80FA350 		.ascii	"\270\017\243P\262\211b\263]\365\211\333\356\213\213"
 1153      B28962B3 
 1153      5DF589DB 
 1153      EE8B8B
 1154 00fb 8B73DDA9 		.ascii	"\213s\335\251\332\240jl[R\360\326\343\375\264\233\360"
 1154      DAA06A6C 
 1154      5B52F0D6 
 1154      E3FDB49B 
 1154      F0
 1155 010c 96E0F5F7 		.ascii	"\226\340\365\367\220\230\253\021q\\S\361\236\023\245"
 1155      9098AB11 
 1155      715C53F1 
 1155      9E13A5
 1156 011b 12E53194 		.ascii	"\022\3451\224i(\177D\371\023\312\023(n\224\031\240\354"
 1156      69287F44 
 1156      F913CA13 
 1156      286E9419 
 1156      A0EC
 1157 012d C9F0E379 		.ascii	"\311\360\343y\006\343\200ol\246<\"\214\022\233$\037"
 1157      06E3806F 
 1157      6CA63C22 
 1157      8C129B24 
 1157      1F
 1158 013e F3C61078 		.ascii	"\363\306\020x\017dPQ:{\234#G\201\011\317\331\220\263"
 1158      0F645051 
 1158      3A7B9C23 
 1158      478109CF 
 1158      D990B3
 1159 0151 82D1735B 		.ascii	"\202\321s[\317\354\034!\306$\351\202\024\253K#\360!"
 1159      CFEC1C21 
 1159      C624E982 
 1159      14AB4B23 
 1159      F021
 1160 0163 C00740A0 		.ascii	"\300\007@\240\015\220\345}\200V\200\365\200\260\356"
 1160      0D90E57D 
 1160      805680F5 
 1160      80B0EE
 1161 0172 C3ABA269 		.ascii	"\303\253\242i\375\300\367\026L\036\00080\011O\"\231"
 1161      FDC0F716 
 1161      4C1E0038 
 1161      30094F22 
 1161      99
 1162 0183 C648B644 		.ascii	"\306H\266D%:\322\303\250\310D\346\021\017\2302s\007"
 1162      253AD2C3 
 1162      A8C844E6 
 1162      110F9832 
 1162      7307
 1163 0195 59A195E6 		.ascii	"Y\241\225\346f\212\3265\235\220%\232\255\224\016X<b"
 1163      668AD635 
 1163      9D90259A 
 1163      AD940E58 
 1163      3C62
 1164 01a7 EE55584B 		.ascii	"\356UXK[\204\234B\311\344Y|\313\200E\242MS\262\013\012"
 1164      5B849C42 
 1164      C9E4597C 
 1164      CB8045A2 
 1164      4D53B20B 
 1165 01bc F13C60E9 		.ascii	"\361<`\351\002\017jM5Y\263p4`\021\007YK\243\340\331"
 1165      020F6A4D 
 1165      3559B370 
 1165      34601107 
 1165      594BA3E0 
 1166 01d1 45178D83 		.ascii	"E\027\215\203.\020=\366l\214\244\320j\0353\246\203u"
 1166      2E103DF6 
 1166      6C8CA4D0 
 1166      6A1D33A6 
 1166      8375
 1167 01e3 B02E0CC7 		.ascii	"\260.\014\307j\215\276}\2138`\311D\216\\ON\226''\263"
 1167      6A8DBE7D 
 1167      8B3860C9 
 1167      448E5C4F 
 1167      4E962727 
 1168 01f8 0BCC1E8F 		.ascii	"\013\314\036\217\230\235K\320\013\217\335^HE\2446Y\273"
 1168      989D4BD0 
 1168      0B8FDD5E 
 1168      4845A436 
 1168      59BB
 1169 020a C0CE20C3 		.ascii	"\300\316 \303.\035;{\233h\026\323\306\344\344\022\342"
 1169      2E1D3B7B 
 1169      9B6816D3 
 1169      C6E4E412 
 1169      E2
 1170 021b 21A51489 		.ascii	"!\245\024\211\331\017\332\001\0264\3521\246\000\271"
 1170      D90FDA01 
 1170      1634EA31 
 1170      A600B9
 1171 022a 22B553F6 		.ascii	"\"\265S\366\320\000>\025\224\346\020\"\231\254\031\031"
 1171      D0003E15 
 1171      94E61022 
 1171      99AC1919 
 1172 023a 20E125CD 		.ascii	" \341%\315\365\220g\252]$\003\026\212\267\262M Q04E"
 1172      F59067AA 
 1172      5D240316 
 1172      8AB7B24D 
 1172      20513034 
 1173 024f 81006C67 		.ascii	"\201\000lg\230C\376\207\007\001eD@\025\022oF\277O\325"
 1173      9843FE87 
 1173      07016544 
 1173      4015126F 
 1173      46BF4FD5 
 1174 0263 0121DAAA 		.ascii	"\001!\332\252~\020\375J\250\312A\225G\000@\275\022\320"
 1174      7E10FD4A 
 1174      A8CA4195 
 1174      470040BD 
 1174      12D0
 1175 0275 4CC49113 		.ascii	"L\304\221\023\225\216\200\012\321xT]\245*\264\025\315"
 1175      958E800A 
 1175      D178545D 
 1175      A52AB415 
 1175      CD
 1176 0286 176E4306 		.ascii	"\027nC\006SmU?\222\034O8\01478\007\247\306\302Y\326"
 1176      536D553F 
 1176      921C4F38 
 1176      0C373807 
 1176      A7C6C259 
 1177 029b DF5E9776 		.ascii	"\337^\227v\012\363&E\227\234a0\262\251\020\033\304_"
 1177      0AF32645 
 1177      979C6130 
 1177      B2A9101B 
 1177      C45F
 1178 02ad 096B06A5 		.ascii	"\011k\006\245\022\251\\\211Y\210\\\330\276\244[\274"
 1178      12A95C89 
 1178      59885CD8 
 1178      BEA45BBC 
 1179 02bd 0D81E724 		.ascii	"\015\201\347$)\033\252\341#\200\030\347\354@\312\240"
 1179      291BAAE1 
 1179      238018E7 
 1179      EC40CAA0 
 1180 02cd CCD5D7FF 		.ascii	"\314\325\327\377V\177\346\330\345\313\245\313{\033N"
 1180      567FE6D8 
 1180      E5CBA5CB 
 1180      7B1B4E
 1181 02dc AE1E7BBA 		.ascii	"\256\036{\272M\222\026`\201[9\0066\003\326+\367\270"
 1181      4D921660 
 1181      815B3906 
 1181      3603D62B 
 1181      F7B8
 1182 02ee 938F096C 		.ascii	"\223\217\011l\004\330\000E\327\314c\233\226KM+[bT\222"
 1182      04D80045 
 1182      D7CC639B 
 1182      964B4D2B 
 1182      5B625492 
 1183 0302 18C76D8A 		.ascii	"\030\307m\212\303m\322p\204\275H\271\205u\247\277}."
 1183      C36DD270 
 1183      84BD48B9 
 1183      8575A7BF 
 1183      7D2E
 1184 0314 8D5B88AE 		.ascii	"\215[\210\256l\\(e\315CoL\\i\253\252Dp\244Q\257\026"
 1184      6C5C2865 
 1184      CD436F4C 
 1184      5C69ABAA 
 1184      4470A451 
 1185 032a D86A59A9 		.ascii	"\330jY\251\241w\333>\023W\272p\345\255\3325\274P\271"
 1185      A177DB3E 
 1185      1357BA70 
 1185      E5ADDA35 
 1185      BC50B9
 1186 033d CA365D65 		.ascii	"\3126]e\233\256\262V`ke\225mu}\347\305\261\313%\351"
 1186      9BAEB256 
 1186      606B6595 
 1186      6D757DE7 
 1186      C5B1CB25 
 1187 0352 F28D65DB 		.ascii	"\362\215e\333\353\205\225R\007\345:\333u\235\355\362"
 1187      EB859552 
 1187      07E53ADB 
 1187      759DEDF2 
 1188 0362 859D94D1 		.ascii	"\205\235\224\321M\213z'\231\370j;@\020\347;:b\261\221"
 1188      4D8B7A27 
 1188      99F86A3B 
 1188      4010E73B 
 1188      3A62B191 
 1189 0376 DAC24EFE 		.ascii	"\332\302N\376x\036\352\213\035\265\244\310\335n4\275"
 1189      781EEA8B 
 1189      1DB5A4C8 
 1189      DD6E34BD 
 1190 0386 0BE4E49D 		.ascii	"\013\344\344\235\3325\370\254\211\233l;\364\342\252"
 1190      DA35F8AC 
 1190      899B6C3B 
 1190      F4E2AA
 1191 0395 F996965C 		.ascii	"\371\226\226\\\274\011\335\272\301n\305\340\353\214"
 1191      BC09DDBA 
 1191      C16EC5E0 
 1191      EB8C
 1192 03a3 63D1BBAE 		.ascii	"c\321\273\256L\031{i\305\207\005\232w=:\270G\333\335"
 1192      4C197B69 
 1192      C587059A 
 1192      773D3AB8 
 1192      47DBDD
 1193 03b6 1D47A243 		.ascii	"\035G\242C\326\014\271{\264t\310\231R\372\007\201=@"
 1193      D60CB97B 
 1193      B474C899 
 1193      52FA0781 
 1193      3D40
 1194 03c8 940DCE93 		.ascii	"\224\015\316\223\317\271\354\234\314\374L\354t\217U"
 1194      CFB9EC9C 
 1194      CCFC4CEC 
 1194      748F55
 1195 03d7 3CFAA3ED 		.ascii	"<\372\243\355\206]b\212j\016\273\312\010\273\241\316"
 1195      865D628A 
 1195      6A0EBBCA 
 1195      08BBA1CE 
 1196 03e7 6E67F34D 		.ascii	"ng\363M\2045\230\224Y\026[\206\263fufe\253q\266\026"
 1196      84359894 
 1196      59165B86 
 1196      B3667566 
 1196      65AB71B6 
 1197 03fc 258AD2AA 		.ascii	"%\212\322\252\256N\224k\253\205\2616\023\332\376\305"
 1197      AE4E946B 
 1197      AB85B136 
 1197      13DAFEC5 
 1198 040c 91DE863E 		.ascii	"\221\336\206>v\207z\214\226\317\307p\007\256\235\210"
 1198      76877A8C 
 1198      96CFC770 
 1198      07AE9D88 
 1199 041c 2D13DEC4 		.ascii	"-\023\336\304Z\252\277\035\372\000\006\000.\032a\354"
 1199      5AAABF1D 
 1199      FA000600 
 1199      2E1A61EC 
 1200 042c E5A77C82 		.ascii	"\345\247|\202\270\350\212wj\273b\300!\373\022 \275\374"
 1200      B8E88A77 
 1200      6ABB62C0 
 1200      21FB1220 
 1200      BDFC
 1201 043e F421C898 		.ascii	"\364!\310\230\345:\346P\002\346\200A\323\250C\276H\200"
 1201      E53AE650 
 1201      02E68041 
 1201      D3A843BE 
 1201      4880
 1202 0450 7C1E47B3 		.ascii	"|\036G\263H\307\364'`l:K\203\2168\236\2008\026\307R"
 1202      48C7F427 
 1202      606C3A4B 
 1202      838E389E 
 1202      803816C7 
 1203 0465 AF634E26 		.ascii	"\257cN&\261\250\220gu\310\211d\232|\202\005U'I1\023"
 1203      B1A89067 
 1203      75C88964 
 1203      9A7C8205 
 1203      55274931 
 1204 047a 81D300A7 		.ascii	"\201\323\000\247\370\332E^\003p\036\340k\200\013\000"
 1204      F8DA455E 
 1204      03701EE0 
 1204      6B800B00 
 1205 048a 5F015C02 		.ascii	"_\001\\\0028\007\360\015\300 \300Y\200\357\000\276\005"
 1205      3807F00D 
 1205      C020C059 
 1205      80EF00BE 
 1205      05
 1206 049b F812E00C 		.ascii	"\370\022\340\014\257\021nc\261n\343hr\300J4Kt\310g\011"
 1206      AF116E63 
 1206      B16EE368 
 1206      72C04A34 
 1206      4B74C867 
 1207 04b0 90C30664 		.ascii	"\220\303\006d\251\0169\222\014Q\243i\3261\373\223wH"
 1207      A90E3992 
 1207      0C51A369 
 1207      D631FB93 
 1207      7748
 1208 04c2 A1794987 		.ascii	"\241yI\207\034L\336 \244a\337\361R\241g^\337s\321:z"
 1208      1C4CDE20 
 1208      A461DFF1 
 1208      52A1675E 
 1208      DF73D13A 
 1209 04d7 78F8F03D 		.ascii	"x\370\360=\374\257\011@\256\363\207/~\234f<#\227\015"
 1209      FCAF0940 
 1209      AEF3872F 
 1209      7E9C663C 
 1209      23970D
 1210 04ea A357F807 		.ascii	"\243W\370\007\324<3a\365f\"\227\252\004\254\311\214"
 1210      D43C3361 
 1210      F5662297 
 1210      AA04ACC9 
 1210      8C
 1211 04fb 3AE2E6BA 		.ascii	":\342\346\272]\217\311\025j\270p\015\224\214\335\220"
 1211      5D8FC915 
 1211      6AB8700D 
 1211      948CDD90 
 1212 050b 1D9847E1 		.ascii	"\035\230G\341i*\277x\2644oj\300\206U\227\301C\273\016"
 1212      692ABF78 
 1212      B4346F6A 
 1212      C0865597 
 1212      C143BB0E 
 1213 051f 1C95AA24 		.ascii	"\034\225\252$6\032\240\253\311 %E\033\014L\177\002&"
 1213      361AA0AB 
 1213      C9202545 
 1213      1B0C4C7F 
 1213      0226
 1214 0531 AE6EDA0D 		.ascii	"\256n\332\015\314P\022&\037\273)\217\202.^\260\263E"
 1214      CC501226 
 1214      1FBB298F 
 1214      822E5EB0 
 1214      B345
 1215 0543 1C3D3C04 		.ascii	"\034=<\004\230OS\006\201\012[\366ln7\033\251\252\243"
 1215      984F5306 
 1215      810A5BF6 
 1215      6C6E371B 
 1215      A9AAA3
 1216 0556 3AEF02AA 		.ascii	":\357\002\252\266\223\003J\246b\312\254\007;\026\346"
 1216      B693034A 
 1216      A662CAAC 
 1216      073B16E6 
 1217 0566 6FAD5999 		.ascii	"o\255Y\231v\021\266\016\247\353\325i\214\2606\234nT"
 1217      7611B60E 
 1217      A7EBD569 
 1217      8CB0369C 
 1217      6E54
 1218 0578 A78CBF8E 		.ascii	"\247\214\277\216\276\034Z\227!Jj\377\301E\315\300\363"
 1218      BE1C5A97 
 1218      214A6AFF 
 1218      C145CDC0 
 1218      F3
 1219 0589 149D87E7 		.ascii	"\024\235\207\347(b\336n>\\\017\243\024\267[(\357\261"
 1219      2862DE6E 
 1219      3E5C0FA3 
 1219      14B75B28 
 1219      EFB1
 1220 059b 5AEE9751 		.ascii	"Z\356\227Q\031\310]m\351]\324\236n\200\372\222A\354"
 1220      19C85D6D 
 1220      E95DD49E 
 1220      6E80FA92 
 1220      41EC
 1221 05ad 23B4BD15 		.ascii	"#\264\275\025e;\312.\224OQ\372P\216\240\034G9\205r\006"
 1221      653BCA2E 
 1221      944F51FA 
 1221      508EA01C 
 1221      47398572 
 1222 05c2 E52B946F 		.ascii	"\345+\224oP\276W\375<\252\026\203\300\206\3444\266~"
 1222      50BE57FD 
 1222      3CAA1683 
 1222      C086E434 
 1222      B67E
 1223 05d4 752D6A4E 		.ascii	"u-jN\345\363k\262\317y\010Y\337\336\275\206&\270\274"
 1223      E5F36BB2 
 1223      CF790859 
 1223      DFDEBD86 
 1223      26B8BC
 1224 05e7 902A7BFA 		.ascii	"\220*{\372:\225q\234g\315\253g\335\011\036'c\356<\327"
 1224      3A95719C 
 1224      67CDAB67 
 1224      DD091E27 
 1224      63EE3CD7 
 1225 05fb DB7432FD 		.ascii	"\333t2\375\216\341\307h\265U6]\272\360\303\257;\347"
 1225      8EE1C768 
 1225      B555365D 
 1225      BAF0C3AF 
 1225      3BE7
 1226 060d 4BEA23F4 		.ascii	"K\352#\364\022\205\017h\252\036g<\254\213\023 \015\324"
 1226      12850F68 
 1226      AA1E673C 
 1226      AC8B1320 
 1226      0DD4
 1227 061f 28A1A1A5 		.ascii	"(\241\241\245z\011\375#\001\024\327\027\256\031\230"
 1227      7A09FD23 
 1227      0114D717 
 1227      AE1998
 1228 062e 95C91824 		.ascii	"\225\311\030$zE\356/&n\354o\024\232d\214\266\017{\343"
 1228      7A45EE2F 
 1228      266EEC6F 
 1228      149A648C 
 1228      B60F7BE3 
 1229 0642 EAFE8A41 		.ascii	"\352\376\212A\364r\002Q\\\335\033\275\373\331\004\310"
 1229      F4720251 
 1229      5CDD1BBD 
 1229      FBD904C8 
 1230 0652 229AA277 		.ascii	"\"\232\242w/M\200,\211\213\353\206a\2529\001\024\337"
 1230      2F4D802C 
 1230      898BEB86 
 1230      61AA3901 
 1230      14DF
 1231 0664 A98CD6FC 		.ascii	"\251\214\326\374b\002&\256S}m\360\274\222\2001^\002"
 1231      620226AE 
 1231      537D6DF0 
 1231      BC928031 
 1231      5E02
 1232 0676 46DB6C4C 		.ascii	"F\333lLN\263\002\271l\260\264$\261\250\011lV\022\370"
 1232      4EB302B9 
 1232      6CB0B424 
 1232      B1A8096C 
 1232      5612F8
 1233 0689 06855765 		.ascii	"\006\205We\210V\026\317\0304\327\015\232\025\311A\015"
 1233      885616CF 
 1233      1834D70D 
 1233      9A15C941 
 1233      0D
 1234 069a 7F25BD90 		.ascii	"\177%\275\220\000\211{\205^5hV%o\003\272c\364\212\325"
 1234      00897B85 
 1234      5E356856 
 1234      256F03BA 
 1234      63F48AD5 
 1235 06ae 14FEC9ED 		.ascii	"\024\376\311\355#\010;\305\177(\254\247\360o\012m\024"
 1235      23083BC5 
 1235      7F28ACA7 
 1235      F06F0A6D 
 1235      14
 1236 06bf FE45E12D 		.ascii	"\376E\341-\012\357Q\210RXCa\003\205w\220\010a\024\177"
 1236      0AEF5188 
 1236      52584361 
 1236      03857790 
 1236      0861147F 
 1237 06d3 5EC03A0A 		.ascii	"^\300:\012\357Rx\223\302\333\370\030Ph\245j{4\336t\177"
 1237      EF527893 
 1237      C2DBF818 
 1237      5068A56A 
 1237      7B34DE74 
 1238 06e8 4FCEB8BA 		.ascii	"O\316\270\272+\306\313\241>\271\002\222^\315\313\223"
 1238      2BC6CBA1 
 1238      3EB90292 
 1238      5ECDCB93 
 1239 06f8 AB9FBF40 		.ascii	"\253\237\277@\332\004\376\254u\035\354\032\022F\017"
 1239      DA04FEAC 
 1239      751DEC1A 
 1239      12460F
 1240 0707 0F0736D2 		.ascii	"\017\0076\322\377K@h\340\330\376\275/\304\265\312M\206"
 1240      FF4B4068 
 1240      E0D8FEBD 
 1240      2FC4B5CA 
 1240      4D86
 1241 0719 279B95A7 		.ascii	"'\233\225\247\375\313\301\2267\005\003\260\333\350\321"
 1241      FDCBC196 
 1241      370503B0 
 1241      DBE8D1
 1242 0728 31DE9CB6 		.ascii	"1\336\234\266p7\205\353\275\373z,\342\317\001\360\037"
 1242      703785EB 
 1242      BDFB7A2C 
 1242      E2CF01F0 
 1242      1F
 1243 0739 A10352C7 		.ascii	"\241\003R\307\323\214@\001\344\021\370\010\277\371\320"
 1243      D38C4001 
 1243      E411F808 
 1243      BFF9D0
 1244 0748 E34E0A5B 		.ascii	"\343N\012[(\037\342\267\360\265_\341\025\251\367\255"
 1244      281FE2B7 
 1244      F0B55FE1 
 1244      15A9F7AD 
 1245 0758 BEBA81A9 		.ascii	"\276\272\201\251\235\344\011\\\322?7\267\252\215Dnc"
 1245      9DE4095C 
 1245      D23F37B7 
 1245      AA8D446E 
 1245      63
 1246 0769 0222DFF8 		.ascii	"\002\"\337\370`QwZ\252\326\265Mn]\037S\031i\221\373"
 1246      6051775A 
 1246      AAD6B54D 
 1246      6E5D1F53 
 1246      196991FB 
 1247 077d DDBD88DF 		.ascii	"\335\275\210\337{\342TGf<\363v\374\231\306\263\277\203"
 1247      7BE25447 
 1247      663CF376 
 1247      FC99C6B3 
 1247      BF83
 1248 078f CA3AD84C 		.ascii	"\312:\330L\005\302\366\313)n\350\350\\)\340W0\354T\002"
 1248      05C2F6CB 
 1248      296EE8E8 
 1248      5C29E057 
 1248      30EC5402 
 1249 07a3 1EFE957C 		.ascii	"\036\376\225|\250\361\245\372T\337\304\237 \325nT\341"
 1249      A8F1A5FA 
 1249      54DFC49F 
 1249      20D56E54 
 1249      E1
 1250 07b4 3F0C2E37 		.ascii	"?\014.7\177\037\035\032\217\035\015?\333\233\272(\336"
 1250      7F1F1D1A 
 1250      8F1D0D3F 
 1250      DB9BBA28 
 1250      DE
 1251 07c5 836E2A7F 		.ascii	"\203n*\177\345\302.\012=|\246"
 1251      E5C22E0A 
 1251      3D7CA6
 1252 07d0 7DBB3F63 		.ascii	"}\273?ca\257Y\024\245\013C\321Va\255\372\353#M\376\365"
 1252      61AF5914 
 1252      A50B43D1 
 1252      5661ADFA 
 1252      EB234DFE 
 1253 07e5 F129557F 		.ascii	"\361)U\177U\354\2418\326t\266\011\354\230\242\323vc"
 1253      55ECA138 
 1253      D674B609 
 1253      EC98A2D3 
 1253      7663
 1254 07f7 D98A468B 		.ascii	"\331\212F\213l\346A\216\337\253\341{)\2165\374A\201"
 1254      6CE6418E 
 1254      DFABE17B 
 1254      298E35FC 
 1254      4181
 1255 0809 5DB224C5 		.ascii	"]\262$\305&\333\274\264b\361\373w\033\216\"\305>\325"
 1255      26DBBCB4 
 1255      62F1FB77 
 1255      1B8E22C5 
 1255      3ED5
 1256 081b D13E0AFB 		.ascii	"\321>\012\373)\3164\222\263\002[`MI\022\335\330Zk\350"
 1256      29CE3492 
 1256      B3025B60 
 1256      4D4912DD 
 1256      D85A6BE8 
 1257 082f 1F50F50F 		.ascii	"\037P\365\017R8Dq\246\351_\027\330R\253\026h\323\376"
 1257      52384471 
 1257      A6E95F17 
 1257      D852AB16 
 1257      68D3FE
 1258 0842 61811ED6 		.ascii	"a\201\036\326\034?Bq\254\351\264\342o!E'\272\351\335"
 1258      1C3F4271 
 1258      ACE9B4E2 
 1258      6F214527 
 1258      BAE9DD
 1259 0855 5A3DCACF 		.ascii	"Z=\312\3174\360\347\024\307\032x\223\300\332\254ZV6"
 1259      34F0E714 
 1259      C71A7893 
 1259      C0DAAC5A 
 1259      5636
 1260 0867 C767E50B 		.ascii	"\307g\345\013\015\177\224\342X\303\367\010\254;u@\230"
 1260      0D7F94E2 
 1260      58C3F708 
 1260      AC3B7540 
 1260      98
 1261 0878 95978765 		.ascii	"\225\227\207e\345\230\032\325q\012'\260\217\351$\307"
 1261      E5981AD5 
 1261      710A27B0 
 1261      8FE924C7 
 1262 0888 0576F426 		.ascii	"\005v\364&Y9\037\237\225\223\252~?\205S\024g\232\376"
 1262      59391F9F 
 1262      9593AA7E 
 1262      3F855314 
 1262      679AFE
 1263 089b A0407EE3 		.ascii	"\240@~\343\367M\267\271\253}\323}\301\260\015\377\253"
 1263      F74DB7B9 
 1263      AB7DD37D 
 1263      C1B00DFF 
 1263      AB
 1264 08ac ABFCB6DA 		.ascii	"\253\374\266\332`(\022\266UT\226\027\330m\017?\\l\253"
 1264      602812B6 
 1264      55549617 
 1264      D86D0F3F 
 1264      5C6CAB
 1265 08bf 2C2B9F9D 		.ascii	",+\237\235\317\357\270\302\021\227\337\357\231\340\266"
 1265      CFEFB8C2 
 1265      1197DFEF 
 1265      99E0B6
 1266 08ce 3E30E5D1 		.ascii	">0\345\321\034\307}\367\221[\343W'T\335;\261\300\353"
 1266      1CC77DF7 
 1266      915BE357 
 1266      2754DD3B 
 1266      B1C0EB
 1267 08e1 717B8975 		.ascii	"q{\211u\226\257&R`wE\350D\222Q\025\012\314\276\307;"
 1267      96AF2652 
 1267      607745E8 
 1267      44925115 
 1267      0ACCBEC7 
 1268 08f6 3E70D78C 		.ascii	">p\327\214Z\"\272\221\333;g|`\"\371\245\242\346\012"
 1268      5A22BA91 
 1268      DB3B677C 
 1268      6022F9A5 
 1268      A2E60A
 1269 0909 7B43B3BD 		.ascii	"{C\263\275.\304{C\241Y\265\221\011\265U\241\310\204"
 1269      2EC47B43 
 1269      A159B591 
 1269      09B555A1 
 1269      C884
 1270 091b BC5B6F72 		.ascii	"\274[or\327V\035\014xm\177\016G\274O!\316\026\016\316"
 1270      D7561D0C 
 1270      786D7F0E 
 1270      47BC4F21 
 1270      CE160ECE 
 1271 092f 0AB9BDB6 		.ascii	"\012\271\275\266\271U\336\300\314\361\341Z\277/2~\346"
 1271      B955DEC0 
 1271      CCF1E15A 
 1271      BF2F327E 
 1271      E6
 1272 0940 745BA92F 		.ascii	"t[\251/\024\300\333^2\351'EG\322U\343\276\032_\304\372"
 1272      14C0DB5E 
 1272      32E92745 
 1272      47D255E3 
 1272      BE1A5FC4 
 1273 0955 07AF3B12 		.ascii	"\007\257;\022\014M\316\033\345\256\256\230\033\256\364"
 1273      0C4DCE1B 
 1273      E5AEAE98 
 1273      1BAEF4
 1274 0964 05BCA107 		.ascii	"\005\274\241\007\253j<~o\250\354\216\011\266a\006\320"
 1274      AB6A3C7E 
 1274      6FA8EC8E 
 1274      09B66106 
 1274      D0
 1275 0975 255F8DDB 		.ascii	"%_\215\333?\313\343\305\325\360\334\360\204j\222U3\333"
 1275      3FCBE3C5 
 1275      D5F0DCF0 
 1275      846A9255 
 1275      33DB
 1276 0987 E72EA9A9 		.ascii	"\347.\251\251\232\356\367*TyIZ\206[\356` \020\254\261"
 1276      9AEEF72A 
 1276      5479495A 
 1276      865BEE60 
 1276      2010ACB1 
 1277 099b 1539CB1D 		.ascii	"\0259\313\035\345sl\\\023\031F\271\370M\227/\364\027"
 1277      E5736C5C 
 1277      131946B9 
 1277      F84D972F 
 1277      F417
 1278 09ad 97B7D6E7 		.ascii	"\227\267\326\347\017>9\313kO\342P5\025\032U\337]\215"
 1278      0F3E39CB 
 1278      6B4FE250 
 1278      35151A55 
 1278      DF5D8D
 1279 09c0 E9F6BA66 		.ascii	"\351\366\272f\337\023@\026\263\243\364\001\247\335R"
 1279      DF134016 
 1279      B3A3F401 
 1279      A7DD52
 1280 09cf F4E06467 		.ascii	"\364\340dgE\245\2239*\234\246\311\305\016\247\245h\352"
 1280      45A59339 
 1280      2A9CA6C9 
 1280      C50EA7A5 
 1280      68EA
 1281 09e1 E4FC9229 		.ascii	"\344\374\222)\362\325\216W\001\001x\261\362e\016\344"
 1281      F2D58E57 
 1281      010178B1 
 1281      F2650EE4 
 1282 09f1 03BBA251 		.ascii	"\003\273\242Q\3464q\016\352p\312\\\005\367\334\314\011"
 1282      E634710E 
 1282      EA70CA5C 
 1282      05F7DCCC 
 1282      09
 1283 0a02 EF9C0826 		.ascii	"\357\234\010&X\311qi\301\2349\266p$P`\237Q\220W0\207"
 1283      58C97169 
 1283      C19C39B6 
 1283      70245060 
 1283      9F519057 
 1284 0a18 C793EE74 		.ascii	"\307\223\356t8\\\225sk\275\305\336\031\002\267S:M(+"
 1284      385C9573 
 1284      6BBDC5DE 
 1284      1902B753 
 1284      3A4D282B 
 1285 0a2c 763C525C 		.ascii	"v<R\\\302g\366\322i#\213'?P\356xT\303\230\035\216rg"
 1285      C267F6D2 
 1285      69238B27 
 1285      3F50EE78 
 1285      54C3981D 
 1286 0a43 017DC469 		.ascii	"\001}\304i*./r2t\032=\347\0169\234\314\211R\344t\262"
 1286      2A2E2F72 
 1286      32741A3D 
 1286      E70E399C 
 1286      CC8952E4 
 1287 0a59 A9150EE6 		.ascii	"\251\025\016\346\230Rir8J\2342\336.\237\363Y\011:\214"
 1287      98526972 
 1287      384A9C32 
 1287      DE2E9FF3 
 1287      59093A8C 
 1288 0a6d A1169795 		.ascii	"\241\026\227\2258M\025\345\210v8\355(\371\210|\334\231"
 1288      384D15E5 
 1288      887638ED 
 1288      28F9887C 
 1288      DC99
 1289 0a7f 1CC1CD2B 		.ascii	"\034\301\315+D\216\301\025\361\361\\\246\353\023W\304"
 1289      448EC115 
 1289      F1F15CA6 
 1289      EB1357C4 
 1290 0a8f E4AEAE0A 		.ascii	"\344\256\256\012\215pa\245F\\\223\213*J\246:\313FT\371"
 1290      8D7061A5 
 1290      465C938B 
 1290      2A4AA63A 
 1290      CB4654F9 
 1291 0aa3 9FAA9A1B 		.ascii	"\237\252\232\033\306\372\361\373j\274\367\377X\232p"
 1291      C6FAF1FB 
 1291      6ABCF7FF 
 1291      589A70
 1292 0ab2 A76C8EF2 		.ascii	"\247l\216\362\212\262\012\233\003\267\312V\246\025O"
 1292      8AB20A9B 
 1292      03B7CA56 
 1292      A6154F
 1293 0ac1 20EC0BBB 		.ascii	" \354\013\273\236t\313\333\037\014W\371\261\364\036"
 1293      9E74CBDB 
 1293      1F0C57F9 
 1293      B1F41E
 1294 0ad0 0EBA6796 		.ascii	"\016\272g\226\206\202\201\262\012gnJ\2779\016+p|\215"
 1294      868281B2 
 1294      0A676E4A 
 1294      BF390E2B 
 1294      707C8D
 1295 0ae3 4F19F3E2 		.ascii	"O\031\363\342\223\2136Ns\224\\J~\\p\315\300\025\227"
 1295      938B364E 
 1295      73945C4A 
 1295      7E5C70CD 
 1295      C01597
 1296 0af6 2F1C4AD3 		.ascii	"/\034J\323\227Fs\255G\022k<[\265\376h\215?\216E\246"
 1296      974673AD 
 1296      47126B3C 
 1296      5BB5FE68 
 1296      8D3F8E45 
 1297 0b0b 4D58CA96 		.ascii	"MX\312\226Yf\325$P\247\307-\376\027\275q\232Y"
 1297      5966D524 
 1297      50A7C72D 
 1297      FE17BD71 
 1297      9A59
 1298              		.text
 1299              		.section	.gnu.lto_.symtab.b7f4bcdee2b6ab81,"e",%progbits
 1300 0000 73745F6C 		.ascii	"st_lld_init\000"
 1300      6C645F69 
 1300      6E697400 
 1301 000c 00       		.ascii	"\000"
 1302 000d 00       		.ascii	"\000"
 1303 000e 00       		.ascii	"\000"
 1304 000f 00000000 		.ascii	"\000\000\000\000\000\000\000\000"
 1304      00000000 
 1305 0017 C6000000 		.ascii	"\306\000\000\000"
 1306 001b 73745F6C 		.ascii	"st_lld_serve_interrupt\000"
 1306      6C645F73 
 1306      65727665 
 1306      5F696E74 
 1306      65727275 
 1307 0032 00       		.ascii	"\000"
 1308 0033 00       		.ascii	"\000"
 1309 0034 00       		.ascii	"\000"
 1310 0035 00000000 		.ascii	"\000\000\000\000\000\000\000\000"
 1310      00000000 
 1311 003d C3000000 		.ascii	"\303\000\000\000"
 1312 0041 56656374 		.ascii	"VectorB0\000"
 1312      6F724230 
 1312      00
 1313 004a 00       		.ascii	"\000"
 1314 004b 00       		.ascii	"\000"
 1315 004c 00       		.ascii	"\000"
 1316 004d 00000000 		.ascii	"\000\000\000\000\000\000\000\000"
 1316      00000000 
 1317 0055 C8000000 		.ascii	"\310\000\000\000"
 1318 0059 63685379 		.ascii	"chSysTimerHandlerI\000"
 1318      7354696D 
 1318      65724861 
 1318      6E646C65 
 1318      724900
 1319 006c 00       		.ascii	"\000"
 1320 006d 02       		.ascii	"\002"
 1321 006e 00       		.ascii	"\000"
 1322 006f 00000000 		.ascii	"\000\000\000\000\000\000\000\000"
 1322      00000000 
 1323 0077 CA000000 		.ascii	"\312\000\000\000"
 1324 007b 6E766963 		.ascii	"nvicEnableVector\000"
 1324      456E6162 
 1324      6C655665 
 1324      63746F72 
 1324      00
 1325 008c 00       		.ascii	"\000"
 1326 008d 02       		.ascii	"\002"
 1327 008e 00       		.ascii	"\000"
 1328 008f 00000000 		.ascii	"\000\000\000\000\000\000\000\000"
 1328      00000000 
 1329 0097 CF000000 		.ascii	"\317\000\000\000"
 1330 009b 5F706F72 		.ascii	"_port_irq_epilogue\000"
 1330      745F6972 
 1330      715F6570 
 1330      696C6F67 
 1330      756500
 1331 00ae 00       		.ascii	"\000"
 1332 00af 02       		.ascii	"\002"
 1333 00b0 00       		.ascii	"\000"
 1334 00b1 00000000 		.ascii	"\000\000\000\000\000\000\000\000"
 1334      00000000 
 1335 00b9 D1000000 		.ascii	"\321\000\000\000"
 1336              		.text
 1337              		.section	.gnu.lto_.ext_symtab.b7f4bcdee2b6ab81,"e",%progbits
 1338 0000 01       		.ascii	"\001"
 1339 0001 01       		.ascii	"\001"
 1340 0002 00       		.ascii	"\000"
 1341 0003 01       		.ascii	"\001"
 1342 0004 00       		.ascii	"\000"
 1343 0005 01       		.ascii	"\001"
 1344 0006 00       		.ascii	"\000"
 1345 0007 01       		.ascii	"\001"
 1346 0008 00       		.ascii	"\000"
 1347 0009 01       		.ascii	"\001"
 1348 000a 00       		.ascii	"\000"
 1349 000b 01       		.ascii	"\001"
 1350 000c 00       		.ascii	"\000"
 1351              		.text
 1352              		.section	.gnu.lto_.opts,"e",%progbits
 1353 0000 272D666E 		.ascii	"'-fno-openmp' '-fno-openacc' '-fno-pie' '-fcf-prote"
 1353      6F2D6F70 
 1353      656E6D70 
 1353      2720272D 
 1353      666E6F2D 
 1354 0033 6374696F 		.ascii	"ction=none' '-g' '-mcpu=cortex-m4' '-mthumb' '-mno-"
 1354      6E3D6E6F 
 1354      6E652720 
 1354      272D6727 
 1354      20272D6D 
 1355 0066 7468756D 		.ascii	"thumb-interwork' '-mno-unaligned-access' '-mfloat-a"
 1355      622D696E 
 1355      74657277 
 1355      6F726B27 
 1355      20272D6D 
 1356 0099 62693D68 		.ascii	"bi=hard' '-mfpu=fpv4-sp-d16' '-mlibarch=armv7e-m+fp"
 1356      61726427 
 1356      20272D6D 
 1356      6670753D 
 1356      66707634 
 1357 00cc 2720272D 		.ascii	"' '-march=armv7e-m+fp' '-Os' '-Ofast' '-fsingle-pre"
 1357      6D617263 
 1357      683D6172 
 1357      6D763765 
 1357      2D6D2B66 
 1358 00ff 63697369 		.ascii	"cision-constant' '-fomit-frame-pointer' '-ffunction"
 1358      6F6E2D63 
 1358      6F6E7374 
 1358      616E7427 
 1358      20272D66 
 1359 0132 2D736563 		.ascii	"-sections' '-fdata-sections' '-fshort-wchar' '-fcom"
 1359      74696F6E 
 1359      73272027 
 1359      2D666461 
 1359      74612D73 
 1360 0165 6D6F6E27 		.ascii	"mon' '-flto' '-Xassembler' '-adhlns=.build/obj_karl"
 1360      20272D66 
 1360      6C746F27 
 1360      20272D58 
 1360      61737365 
 1361 0198 6B39305F 		.ascii	"k90_yaemk/lib/chibios/os/hal/ports/STM32/LLD/TIMv1/"
 1361      7961656D 
 1361      6B2F6C69 
 1361      622F6368 
 1361      6962696F 
 1362 01cb 68616C5F 		.ascii	"hal_st_lld.lst'\000"
 1362      73745F6C 
 1362      6C642E6C 
 1362      73742700 
 1363              		.text
 1364              		.comm	__gnu_lto_slim,1,1
 1365              		.ident	"GCC: (15:10.3-2021.07-4) 10.3.1 20210621 (release)"
DEFINED SYMBOLS
                            *ABS*:0000000000000000 hal_st_lld.c
     /tmp/ccl7cfS8.s:24     .gnu.debuglto_.debug_info:0000000000000000 hal_st_lld.c.a843edce
                            *COM*:0000000000000001 __gnu_lto_slim

NO UNDEFINED SYMBOLS
