   1              		.cpu cortex-m4
   2              		.eabi_attribute 27, 1
   3              		.eabi_attribute 28, 1
   4              		.eabi_attribute 23, 1
   5              		.eabi_attribute 24, 1
   6              		.eabi_attribute 25, 1
   7              		.eabi_attribute 26, 1
   8              		.eabi_attribute 30, 2
   9              		.eabi_attribute 34, 0
  10              		.eabi_attribute 18, 2
  11              		.file	"bootmagic_lite.c"
  12              		.file 1 "/usr/lib/gcc/arm-none-eabi/10.3.1/include/stdint.h"
  13              		.file 2 "./lib/chibios/os/rt/include/chtime.h"
  14              		.file 3 "quantum/bootmagic/bootmagic_lite.c"
  15              		.section	.gnu.debuglto_.debug_info,"e",%progbits
  16              	.Ldebug_info0:
  17              		.hidden	bootmagic_lite.c.25c71b3b
  18              		.weak	bootmagic_lite.c.25c71b3b
  19              	bootmagic_lite.c.25c71b3b:
  20 0000 DF000000 		.4byte	0xdf
  21 0004 0400     		.2byte	0x4
  22 0006 00000000 		.4byte	.Ldebug_abbrev0
  23 000a 04       		.byte	0x4
  24 000b 01       		.uleb128 0x1
  25 000c 30000000 		.4byte	.LASF18
  26 0010 0C       		.byte	0xc
  27 0011 00000000 		.4byte	.LASF19
  28 0015 C4010000 		.4byte	.LASF20
  29 0019 00000000 		.4byte	.Ldebug_line0
  30 001d 02       		.uleb128 0x2
  31 001e 04       		.byte	0x4
  32 001f 05       		.byte	0x5
  33 0020 696E7400 		.ascii	"int\000"
  34 0024 03       		.uleb128 0x3
  35 0025 04       		.byte	0x4
  36 0026 07       		.byte	0x7
  37 0027 23000000 		.4byte	.LASF0
  38 002b 03       		.uleb128 0x3
  39 002c 02       		.byte	0x2
  40 002d 07       		.byte	0x7
  41 002e 22020000 		.4byte	.LASF1
  42 0032 03       		.uleb128 0x3
  43 0033 01       		.byte	0x1
  44 0034 06       		.byte	0x6
  45 0035 66020000 		.4byte	.LASF2
  46 0039 03       		.uleb128 0x3
  47 003a 02       		.byte	0x2
  48 003b 05       		.byte	0x5
  49 003c 5C020000 		.4byte	.LASF3
  50 0040 03       		.uleb128 0x3
  51 0041 04       		.byte	0x4
  52 0042 05       		.byte	0x5
  53 0043 BB010000 		.4byte	.LASF4
  54 0047 03       		.uleb128 0x3
  55 0048 08       		.byte	0x8
  56 0049 05       		.byte	0x5
  57 004a 14020000 		.4byte	.LASF5
  58 004e 04       		.uleb128 0x4
  59 004f 9C010000 		.4byte	.LASF7
  60 0053 01       		.byte	0x1
  61 0054 2E       		.byte	0x2e
  62 0055 18       		.byte	0x18
  63 0056 5A000000 		.4byte	0x5a
  64 005a 03       		.uleb128 0x3
  65 005b 01       		.byte	0x1
  66 005c 08       		.byte	0x8
  67 005d A4010000 		.4byte	.LASF6
  68 0061 04       		.uleb128 0x4
  69 0062 B2010000 		.4byte	.LASF8
  70 0066 01       		.byte	0x1
  71 0067 34       		.byte	0x34
  72 0068 19       		.byte	0x19
  73 0069 6D000000 		.4byte	0x6d
  74 006d 03       		.uleb128 0x3
  75 006e 04       		.byte	0x4
  76 006f 07       		.byte	0x7
  77 0070 59010000 		.4byte	.LASF9
  78 0074 04       		.uleb128 0x4
  79 0075 8E010000 		.4byte	.LASF10
  80 0079 01       		.byte	0x1
  81 007a 37       		.byte	0x37
  82 007b 19       		.byte	0x19
  83 007c 80000000 		.4byte	0x80
  84 0080 03       		.uleb128 0x3
  85 0081 08       		.byte	0x8
  86 0082 07       		.byte	0x7
  87 0083 77010000 		.4byte	.LASF11
  88 0087 04       		.uleb128 0x4
  89 0088 4E020000 		.4byte	.LASF12
  90 008c 02       		.byte	0x2
  91 008d 79       		.byte	0x79
  92 008e 12       		.byte	0x12
  93 008f 61000000 		.4byte	0x61
  94 0093 04       		.uleb128 0x4
  95 0094 6B010000 		.4byte	.LASF13
  96 0098 02       		.byte	0x2
  97 0099 96       		.byte	0x96
  98 009a 12       		.byte	0x12
  99 009b 74000000 		.4byte	0x74
 100 009f 03       		.uleb128 0x3
 101 00a0 01       		.byte	0x1
 102 00a1 08       		.byte	0x8
 103 00a2 97010000 		.4byte	.LASF14
 104 00a6 03       		.uleb128 0x3
 105 00a7 01       		.byte	0x1
 106 00a8 02       		.byte	0x2
 107 00a9 0E020000 		.4byte	.LASF15
 108 00ad 05       		.uleb128 0x5
 109 00ae 35020000 		.4byte	.LASF16
 110 00b2 03       		.byte	0x3
 111 00b3 3C       		.byte	0x3c
 112 00b4 06       		.byte	0x6
 113 00b5 06       		.uleb128 0x6
 114 00b6 3F020000 		.4byte	.LASF21
 115 00ba 03       		.byte	0x3
 116 00bb 1C       		.byte	0x1c
 117 00bc 1C       		.byte	0x1c
 118 00bd DA000000 		.4byte	0xda
 119 00c1 07       		.uleb128 0x7
 120 00c2 726F7700 		.ascii	"row\000"
 121 00c6 03       		.byte	0x3
 122 00c7 2A       		.byte	0x2a
 123 00c8 0D       		.byte	0xd
 124 00c9 4E000000 		.4byte	0x4e
 125 00cd 07       		.uleb128 0x7
 126 00ce 636F6C00 		.ascii	"col\000"
 127 00d2 03       		.byte	0x3
 128 00d3 2B       		.byte	0x2b
 129 00d4 0D       		.byte	0xd
 130 00d5 4E000000 		.4byte	0x4e
 131 00d9 00       		.byte	0
 132 00da 05       		.uleb128 0x5
 133 00db F2010000 		.4byte	.LASF17
 134 00df 03       		.byte	0x3
 135 00e0 16       		.byte	0x16
 136 00e1 1C       		.byte	0x1c
 137 00e2 00       		.byte	0
 138              		.section	.gnu.debuglto_.debug_abbrev,"e",%progbits
 139              	.Ldebug_abbrev0:
 140 0000 01       		.uleb128 0x1
 141 0001 11       		.uleb128 0x11
 142 0002 01       		.byte	0x1
 143 0003 25       		.uleb128 0x25
 144 0004 0E       		.uleb128 0xe
 145 0005 13       		.uleb128 0x13
 146 0006 0B       		.uleb128 0xb
 147 0007 03       		.uleb128 0x3
 148 0008 0E       		.uleb128 0xe
 149 0009 1B       		.uleb128 0x1b
 150 000a 0E       		.uleb128 0xe
 151 000b 10       		.uleb128 0x10
 152 000c 17       		.uleb128 0x17
 153 000d 00       		.byte	0
 154 000e 00       		.byte	0
 155 000f 02       		.uleb128 0x2
 156 0010 24       		.uleb128 0x24
 157 0011 00       		.byte	0
 158 0012 0B       		.uleb128 0xb
 159 0013 0B       		.uleb128 0xb
 160 0014 3E       		.uleb128 0x3e
 161 0015 0B       		.uleb128 0xb
 162 0016 03       		.uleb128 0x3
 163 0017 08       		.uleb128 0x8
 164 0018 00       		.byte	0
 165 0019 00       		.byte	0
 166 001a 03       		.uleb128 0x3
 167 001b 24       		.uleb128 0x24
 168 001c 00       		.byte	0
 169 001d 0B       		.uleb128 0xb
 170 001e 0B       		.uleb128 0xb
 171 001f 3E       		.uleb128 0x3e
 172 0020 0B       		.uleb128 0xb
 173 0021 03       		.uleb128 0x3
 174 0022 0E       		.uleb128 0xe
 175 0023 00       		.byte	0
 176 0024 00       		.byte	0
 177 0025 04       		.uleb128 0x4
 178 0026 16       		.uleb128 0x16
 179 0027 00       		.byte	0
 180 0028 03       		.uleb128 0x3
 181 0029 0E       		.uleb128 0xe
 182 002a 3A       		.uleb128 0x3a
 183 002b 0B       		.uleb128 0xb
 184 002c 3B       		.uleb128 0x3b
 185 002d 0B       		.uleb128 0xb
 186 002e 39       		.uleb128 0x39
 187 002f 0B       		.uleb128 0xb
 188 0030 49       		.uleb128 0x49
 189 0031 13       		.uleb128 0x13
 190 0032 00       		.byte	0
 191 0033 00       		.byte	0
 192 0034 05       		.uleb128 0x5
 193 0035 2E       		.uleb128 0x2e
 194 0036 00       		.byte	0
 195 0037 3F       		.uleb128 0x3f
 196 0038 19       		.uleb128 0x19
 197 0039 03       		.uleb128 0x3
 198 003a 0E       		.uleb128 0xe
 199 003b 3A       		.uleb128 0x3a
 200 003c 0B       		.uleb128 0xb
 201 003d 3B       		.uleb128 0x3b
 202 003e 0B       		.uleb128 0xb
 203 003f 39       		.uleb128 0x39
 204 0040 0B       		.uleb128 0xb
 205 0041 27       		.uleb128 0x27
 206 0042 19       		.uleb128 0x19
 207 0043 00       		.byte	0
 208 0044 00       		.byte	0
 209 0045 06       		.uleb128 0x6
 210 0046 2E       		.uleb128 0x2e
 211 0047 01       		.byte	0x1
 212 0048 3F       		.uleb128 0x3f
 213 0049 19       		.uleb128 0x19
 214 004a 03       		.uleb128 0x3
 215 004b 0E       		.uleb128 0xe
 216 004c 3A       		.uleb128 0x3a
 217 004d 0B       		.uleb128 0xb
 218 004e 3B       		.uleb128 0x3b
 219 004f 0B       		.uleb128 0xb
 220 0050 39       		.uleb128 0x39
 221 0051 0B       		.uleb128 0xb
 222 0052 27       		.uleb128 0x27
 223 0053 19       		.uleb128 0x19
 224 0054 01       		.uleb128 0x1
 225 0055 13       		.uleb128 0x13
 226 0056 00       		.byte	0
 227 0057 00       		.byte	0
 228 0058 07       		.uleb128 0x7
 229 0059 34       		.uleb128 0x34
 230 005a 00       		.byte	0
 231 005b 03       		.uleb128 0x3
 232 005c 08       		.uleb128 0x8
 233 005d 3A       		.uleb128 0x3a
 234 005e 0B       		.uleb128 0xb
 235 005f 3B       		.uleb128 0x3b
 236 0060 0B       		.uleb128 0xb
 237 0061 39       		.uleb128 0x39
 238 0062 0B       		.uleb128 0xb
 239 0063 49       		.uleb128 0x49
 240 0064 13       		.uleb128 0x13
 241 0065 00       		.byte	0
 242 0066 00       		.byte	0
 243 0067 00       		.byte	0
 244              		.section	.gnu.debuglto_.debug_line,"e",%progbits
 245              	.Ldebug_line0:
 246 0000 9C000000 		.4byte	.LELT0-.LSLT0
 247              	.LSLT0:
 248 0004 0400     		.2byte	0x4
 249 0006 96000000 		.4byte	.LELTP0-.LASLTP0
 250              	.LASLTP0:
 251 000a 01       		.byte	0x1
 252 000b 01       		.byte	0x1
 253 000c 01       		.byte	0x1
 254 000d F6       		.byte	0xf6
 255 000e F2       		.byte	0xf2
 256 000f 0D       		.byte	0xd
 257 0010 00       		.byte	0
 258 0011 01       		.byte	0x1
 259 0012 01       		.byte	0x1
 260 0013 01       		.byte	0x1
 261 0014 01       		.byte	0x1
 262 0015 00       		.byte	0
 263 0016 00       		.byte	0
 264 0017 00       		.byte	0
 265 0018 01       		.byte	0x1
 266 0019 00       		.byte	0
 267 001a 00       		.byte	0
 268 001b 01       		.byte	0x1
 269 001c 6C69622F 		.ascii	"lib/chibios/os/rt/include"
 269      63686962 
 269      696F732F 
 269      6F732F72 
 269      742F696E 
 270 0035 00       		.byte	0
 271 0036 7175616E 		.ascii	"quantum/bootmagic"
 271      74756D2F 
 271      626F6F74 
 271      6D616769 
 271      63
 272 0047 00       		.byte	0
 273 0048 2F757372 		.ascii	"/usr/lib/gcc/arm-none-eabi/10.3.1/include"
 273      2F6C6962 
 273      2F676363 
 273      2F61726D 
 273      2D6E6F6E 
 274 0071 00       		.byte	0
 275 0072 00       		.byte	0
 276 0073 73746469 		.ascii	"stdint.h\000"
 276      6E742E68 
 276      00
 277 007c 03       		.uleb128 0x3
 278 007d 00       		.uleb128 0
 279 007e 00       		.uleb128 0
 280 007f 63687469 		.ascii	"chtime.h\000"
 280      6D652E68 
 280      00
 281 0088 01       		.uleb128 0x1
 282 0089 00       		.uleb128 0
 283 008a 00       		.uleb128 0
 284 008b 626F6F74 		.ascii	"bootmagic_lite.c\000"
 284      6D616769 
 284      635F6C69 
 284      74652E63 
 284      00
 285 009c 02       		.uleb128 0x2
 286 009d 00       		.uleb128 0
 287 009e 00       		.uleb128 0
 288 009f 00       		.byte	0
 289              	.LELTP0:
 290              	.LELT0:
 291              		.section	.gnu.debuglto_.debug_str,"eMS",%progbits,1
 292              	.LASF19:
 293 0000 7175616E 		.ascii	"quantum/bootmagic/bootmagic_lite.c\000"
 293      74756D2F 
 293      626F6F74 
 293      6D616769 
 293      632F626F 
 294              	.LASF0:
 295 0023 756E7369 		.ascii	"unsigned int\000"
 295      676E6564 
 295      20696E74 
 295      00
 296              	.LASF18:
 297 0030 474E5520 		.ascii	"GNU C99 10.3.1 20210621 (release) -mcpu=cortex-m4 -"
 297      43393920 
 297      31302E33 
 297      2E312032 
 297      30323130 
 298 0063 6D746875 		.ascii	"mthumb -mno-thumb-interwork -mno-unaligned-access -"
 298      6D62202D 
 298      6D6E6F2D 
 298      7468756D 
 298      622D696E 
 299 0096 6D666C6F 		.ascii	"mfloat-abi=hard -mfpu=fpv4-sp-d16 -march=armv7e-m+f"
 299      61742D61 
 299      62693D68 
 299      61726420 
 299      2D6D6670 
 300 00c9 70202D67 		.ascii	"p -ggdb -Os -Ofast -std=gnu99 -fsingle-precision-co"
 300      67646220 
 300      2D4F7320 
 300      2D4F6661 
 300      7374202D 
 301 00fc 6E737461 		.ascii	"nstant -fomit-frame-pointer -ffunction-sections -fd"
 301      6E74202D 
 301      666F6D69 
 301      742D6672 
 301      616D652D 
 302 012f 6174612D 		.ascii	"ata-sections -fshort-wchar -fcommon -flto\000"
 302      73656374 
 302      696F6E73 
 302      202D6673 
 302      686F7274 
 303              	.LASF9:
 304 0159 6C6F6E67 		.ascii	"long unsigned int\000"
 304      20756E73 
 304      69676E65 
 304      6420696E 
 304      7400
 305              	.LASF13:
 306 016b 74696D65 		.ascii	"time_conv_t\000"
 306      5F636F6E 
 306      765F7400 
 307              	.LASF11:
 308 0177 6C6F6E67 		.ascii	"long long unsigned int\000"
 308      206C6F6E 
 308      6720756E 
 308      7369676E 
 308      65642069 
 309              	.LASF10:
 310 018e 75696E74 		.ascii	"uint64_t\000"
 310      36345F74 
 310      00
 311              	.LASF14:
 312 0197 63686172 		.ascii	"char\000"
 312      00
 313              	.LASF7:
 314 019c 75696E74 		.ascii	"uint8_t\000"
 314      385F7400 
 315              	.LASF6:
 316 01a4 756E7369 		.ascii	"unsigned char\000"
 316      676E6564 
 316      20636861 
 316      7200
 317              	.LASF8:
 318 01b2 75696E74 		.ascii	"uint32_t\000"
 318      33325F74 
 318      00
 319              	.LASF4:
 320 01bb 6C6F6E67 		.ascii	"long int\000"
 320      20696E74 
 320      00
 321              	.LASF20:
 322 01c4 2F686F6D 		.ascii	"/home/jstewart/source/yaemk-split-kb/Firmware\000"
 322      652F6A73 
 322      74657761 
 322      72742F73 
 322      6F757263 
 323              	.LASF17:
 324 01f2 626F6F74 		.ascii	"bootmagic_lite_reset_eeprom\000"
 324      6D616769 
 324      635F6C69 
 324      74655F72 
 324      65736574 
 325              	.LASF15:
 326 020e 5F426F6F 		.ascii	"_Bool\000"
 326      6C00
 327              	.LASF5:
 328 0214 6C6F6E67 		.ascii	"long long int\000"
 328      206C6F6E 
 328      6720696E 
 328      7400
 329              	.LASF1:
 330 0222 73686F72 		.ascii	"short unsigned int\000"
 330      7420756E 
 330      7369676E 
 330      65642069 
 330      6E7400
 331              	.LASF16:
 332 0235 626F6F74 		.ascii	"bootmagic\000"
 332      6D616769 
 332      6300
 333              	.LASF21:
 334 023f 626F6F74 		.ascii	"bootmagic_lite\000"
 334      6D616769 
 334      635F6C69 
 334      746500
 335              	.LASF12:
 336 024e 73797369 		.ascii	"sysinterval_t\000"
 336      6E746572 
 336      76616C5F 
 336      7400
 337              	.LASF3:
 338 025c 73686F72 		.ascii	"short int\000"
 338      7420696E 
 338      7400
 339              	.LASF2:
 340 0266 7369676E 		.ascii	"signed char\000"
 340      65642063 
 340      68617200 
 341              		.text
 342              		.section	.gnu.lto_.profile.d195967c30e12a7d,"e",%progbits
 343 0000 789C6362 		.ascii	"x\234cb\000\001\000\000\022\000\003"
 343      00010000 
 343      120003
 344              		.text
 345              		.section	.gnu.lto_.icf.d195967c30e12a7d,"e",%progbits
 346 0000 789C1361 		.ascii	"x\234\023a@\000f\206\031\2536\037fe\\6\377\324J.&0\233"
 346      40006686 
 346      19AB361F 
 346      66655C36 
 346      FFD44A2E 
 347 0017 01005897 		.ascii	"\001\000X\227\010W"
 347      0857
 348              		.text
 349              		.section	.gnu.lto_.ipa_sra.d195967c30e12a7d,"e",%progbits
 350 0000 789C9366 		.ascii	"x\234\223f@\000f\006\006F\006FF\006\010d\200\320L`\012"
 350      40006606 
 350      06460646 
 350      46060864 
 350      80D04C60 
 351 0015 00053800 		.ascii	"\000\0058\000,"
 351      2C
 352              		.text
 353              		.section	.gnu.lto_.inline.d195967c30e12a7d,"e",%progbits
 354 0000 789C9BC5 		.ascii	"x\234\233\305\200\000\314\014\014,\015@\300\234\306"
 354      8000CC0C 
 354      0C2C0D40 
 354      C09CC6
 355 000f C8C0C4C0 		.ascii	"\310\300\304\300\320\010d\32610\260\201\204\230R\230"
 355      D00864D6 
 355      3130B081 
 355      84985298 
 356 001f 40420C8C 		.ascii	"@B\014\214\\ \205\214\014\37437?\333\302\234\001T\007"
 356      5C20858C 
 356      0CFC3337 
 356      3FDBC29C 
 356      015407
 357 0032 96664EC1 		.ascii	"\226fN\301\256\016L2\363\200\265@8L\334\310\034\"\355"
 357      AE0E4C32 
 357      F380B540 
 357      384CDCC8 
 357      1C22ED
 358 0045 6300006A 		.ascii	"c\000\000j\367\027\377"
 358      F717FF
 359              		.text
 360              		.section	.gnu.lto_.jmpfuncs.d195967c30e12a7d,"e",%progbits
 361 0000 789CB366 		.ascii	"x\234\263f@\000f\020\301\010\"\230\230&1/a\006\261\031"
 361      40006610 
 361      C1082298 
 361      9826312F 
 361      6106B119 
 362 0014 0FB03032 		.ascii	"\017\26002\2000L\220\221\361\011D\364\011L\030\244\001"
 362      80304C90 
 362      91F10944 
 362      F4094C18 
 362      A401
 363 0026 00D44107 		.ascii	"\000\324A\007\243"
 363      A3
 364              		.text
 365              		.section	.gnu.lto_.pureconst.d195967c30e12a7d,"e",%progbits
 366 0000 789CE362 		.ascii	"x\234\343b```f\230\301\3028\203\205i\006\013\000\011"
 366      60606066 
 366      98C1C238 
 366      83856906 
 366      0B0009
 367 0013 DC01E5   		.ascii	"\334\001\345"
 368              		.text
 369              		.section	.gnu.lto_.lto.d195967c30e12a7d,"e",%progbits
 370 0000 09000400 		.ascii	"\011\000\004\000\001\000\000\000"
 370      01000000 
 371              		.text
 372              		.section	.gnu.lto_bootmagic_lite_reset_eeprom.295.d195967c30e12a7d,"e",%progbits
 373 0000 789CEB66 		.ascii	"x\234\353f``\010\001be fdf`\2344\261\213\211\241\241"
 373      60600801 
 373      62652066 
 373      6466609C 
 373      34B18B89 
 374 0016 A1C1819D 		.ascii	"\241\301\201\235\211\261qb\027'\343VF0\217\221\241\236"
 374      89B17162 
 374      1727E356 
 374      46308F91 
 374      A19E
 375 0028 89B19E71 		.ascii	"\211\261\236q2\263&\220\373c\351\254u\025\015+\0160"
 375      32B32690 
 375      FB63E9AC 
 375      75150D2B 
 375      0E30
 376 003a 2E616660 		.ascii	".af`\230\007\304P\300\006\3431\002\361\372K\254\007"
 376      9807C450 
 376      C006E331 
 376      02F1FA4B 
 376      AC07
 377 004c 1AFEFCEF 		.ascii	"\032\376\374\357oh\370\272\234q\0153P\274\237\031dr"
 377      6F68F8BA 
 377      9C710D33 
 377      50BC9F19 
 377      6472
 378 005e 030B63C3 		.ascii	"\003\013c\303\001\006\206\011\314L\020N#\220\363\212"
 378      01068609 
 378      CC4C104E 
 378      2390F38A 
 379 006e B161D144 		.ascii	"\261a\321D6\206\017\214\315\012\014-\214LK\230\031\347"
 379      36860F8C 
 379      CD0A0C2D 
 379      8C4C4B98 
 379      19E7
 380 0080 3103CD58 		.ascii	"1\003\315X\302\314\304\360\211\261i\301M6\260\361\375"
 380      C2CCC4F0 
 380      89B169C1 
 380      4D36B0F1 
 380      FD
 381 0091 CC8C08FD 		.ascii	"\314\214\010\375\014\014z\372\031\371\271\251\372Y\305"
 381      0C0C7AFA 
 381      19F9B9A9 
 381      FA59C5
 382 00a0 25A9E589 		.ascii	"%\251\345\211E%\372\305\371\245E\311\251\372\225\211"
 382      4525FAC5 
 382      F9A545C9 
 382      A9FA9589 
 383 00b0 A9B9D9BA 		.ascii	"\251\271\331\272\305\0059\231%\272\331I\372n\231E\271"
 383      C5053999 
 383      25BAD949 
 383      FA6E9945 
 383      B9
 384 00c1 40E95406 		.ascii	"@\351T\006\345\302\322\304\274\222\322\\\375\244\374"
 384      E5C2D2C4 
 384      BC92D25C 
 384      FDA4FC
 385 00d0 FC92DCC4 		.ascii	"\374\222\334\304\364\314d\004+\036\2508U/\231\001\000"
 385      F4CC6404 
 385      2B1EA838 
 385      552F9901 
 385      00
 386 00e1 76D04FED 		.ascii	"v\320O\355"
 387              		.text
 388              		.section	.gnu.lto_bootmagic_lite.296.d195967c30e12a7d,"e",%progbits
 389 0000 789C7591 		.ascii	"x\234u\221\301k\023Q\020\306\347{\263\333\264\026<\231"
 389      C16B1351 
 389      10C6E77B 
 389      B3DBB416 
 389      3C99
 390 0012 8BA7A278 		.ascii	"\213\247\242xPhV\015\342\301\213'\375\013<x\222dYll"
 390      5068560D 
 390      E2C18B27 
 390      FD0B3C78 
 390      9264596C 
 391 0027 E36AB221 		.ascii	"\343j\262!z\352k\023\020\342!I+RDB)+\364\244\036j\253"
 391      7AEA6B13 
 391      10E22149 
 391      2B524442 
 391      292BF4A4 
 392 003e 2212F12C 		.ascii	"\"\022\361,\2507\355E\202(\365 \213P\021Qt\336nL\254"
 392      A837ED45 
 392      8228F520 
 392      8B501151 
 392      74DE6E4C 
 393 0053 E0C29BDD 		.ascii	"\340\302\233\335\231\357\267\337\314{\317RDU\":-\013"
 393      99EFB7DF 
 393      CC7BCF52 
 393      4455223A 
 393      2D0B
 394 0065 3661A1DD 		.ascii	"6a\241\335P\244\265>\231R\252\326\276\256\360\010\215"
 394      50A4B53E 
 394      9952AAD6 
 394      BEAEF008 
 394      8D
 395 0076 BBCDB455 		.ascii	"\273\315\264Uo\357\376\372*:d1n\014\010\013s\355\306"
 395      6FEFFEFA 
 395      2A3A6431 
 395      6E0C080B 
 395      73EDC6
 396 0089 98107106 		.ascii	"\230\020q\006\232Ula\026\213|P\012\337\356\334zrE\257"
 396      9A556C61 
 396      168B7C50 
 396      0ADFEEDC 
 396      7A7245AF 
 397 009d 76113251 		.ascii	"v\0212QGV\377\271\315\3403&\036\350j\035m>\236Z\322"
 397      4756FFB9 
 397      CDE03326 
 397      1EE86A1D 
 397      6D3E9E5A 
 398 00b2 56C8C003 		.ascii	"V\310\300\003\010\204,\016\033\350\354\013\030.\370"
 398      08842C0E 
 398      1BE8EC0B 
 398      182EF8
 399 00c1 C3DD7FBB 		.ascii	"\303\335\177\273\2465O\030nc\007\367\014#\204\207\300"
 399      A6354F18 
 399      6E6307F7 
 399      0C238487 
 399      C0
 400 00d2 3AFA3D20 		.ascii	":\372= \353\336k\273\253\177\374jj\375q\021\037\266"
 400      EBDE6BBB 
 400      AB7FFC6A 
 400      6AFD7111 
 400      1FB6
 401 00e4 ED7150C8 		.ascii	"\355qP\310*e\002Q\223\315\360\332\202\356\022\265X%"
 401      2A650251 
 401      93CDF0DA 
 401      82EE12B5 
 401      5825
 402 00f6 C99C249F 		.ascii	"\311\234$\237\240{?\367P\204\332\004\325\241B\346\016"
 402      A07B3FF7 
 402      5084DA04 
 402      D5A142E6 
 402      0E
 403 0107 8B5DC856 		.ascii	"\213]\310V,\265`^\373\222\020\241\336\207\354\216q]"
 403      2CB5605E 
 403      FB9210A1 
 403      DE87EC8E 
 403      715D
 404 0119 E09047F0 		.ascii	"\340\220G\360^\340\324\200\352-\341\277fk\306l~\371"
 404      5EE0D480 
 404      EA2DE1BF 
 404      666BC66C 
 404      7EF9
 405 012b 84CC6E7E 		.ascii	"\204\314n~\005\222\366\033\351~y\035x\032\367\353\275"
 405      0592F61B 
 405      E97E791D 
 405      781AF7EB 
 405      BD
 406 013c 499B66CB 		.ascii	"I\233f\313\331\025F\3543\332a\331\250\250!\217\321g"
 406      D91546EC 
 406      33DA61D9 
 406      A8A8218F 
 406      D167
 407 014e D46E5E53 		.ascii	"\324n^S\264\302)\221\215\221\022\247-\324\267\236\367"
 407      B4C22991 
 407      8D9112A7 
 407      2DD4B79E 
 407      F7
 408 015f 46E55EA4 		.ascii	"F\345^\244\236\024\223\243o1\277\214\276\257b\260\333"
 408      9E1493A3 
 408      6F31BF8C 
 408      BEAF62B0 
 408      DB
 409 0170 4DEFAF01 		.ascii	"M\357\257\001wud6\031p<\226\"\354\224\354D2&\326\360"
 409      77756436 
 409      19703C96 
 409      22EC94EC 
 409      443226D6 
 410 0185 C8BE60FE 		.ascii	"\310\276`\376\335\266\035\2337\031\303s%\3128S~\321"
 410      DDB61D9B 
 410      3719C373 
 410      25CA3853 
 410      7ED1
 411 0197 732E9403 		.ascii	"s.\224\003\257\232+\005N\331\257\224\\\317\271\232\363"
 411      AF9A2B05 
 411      4ED9AF94 
 411      5CCFB99A 
 411      F3
 412 01a8 8AD393E5 		.ascii	"\212\323\223\345K3\205`r:\357\234*\224\212\"{\264\377"
 412      4B338560 
 412      723AEF9C 
 412      2A948A22 
 412      7BB4FF
 413 01bb 72257731 		.ascii	"r%w1\250\024\235\274\357\007\305\334\371\202;\374:'"
 413      A8149DBC 
 413      EF07C5DC 
 413      F9823BFC 
 413      3A27
 414 01cd B0977189 		.ascii	"\260\227q\211]\177f\357\277\325\314\321c\356\361#\371"
 414      5D7F66EF 
 414      BFD5CCD1 
 414      63EEF123 
 414      F9
 415 01de 6C9EB8E4 		.ascii	"l\236\270\344W\177\003R}\321\277"
 415      577F0352 
 415      7DD1BF
 416              		.text
 417              		.section	.gnu.lto_bootmagic.297.d195967c30e12a7d,"e",%progbits
 418 0000 789C6B67 		.ascii	"x\234kg``\010\001be fdf`\2344\261\213\211\241\241\241"
 418      60600801 
 418      62652066 
 418      6466609C 
 418      34B18B89 
 419 0017 C1819D89 		.ascii	"\301\201\235\211\261qb\027'\343VF0\217\221\241\236\211"
 419      B1716217 
 419      27E35646 
 419      308F91A1 
 419      9E89
 420 0029 B19E7132 		.ascii	"\261\236q2\263&\220\373c\351\254?<\255\022K\230\031"
 420      B32690FB 
 420      63E9AC3F 
 420      3CAD124B 
 420      9819
 421 003b 18E60131 		.ascii	"\030\346\0011\024\260\301x\214@\274\376\022\353\201"
 421      14B0C178 
 421      8C40BCFE 
 421      12EB81
 422 004a 863FFFFB 		.ascii	"\206?\377\373\033\032\276.b\214\002\012\3673\203\214"
 422      1B1ABE2E 
 422      628C020A 
 422      F733838C 
 423 005a 6D60616C 		.ascii	"m`al8\300\3000\201\231\011\302i\004r^16,*d\370\300\330"
 423      38C0C030 
 423      819909C2 
 423      6904725E 
 423      31362C2A 
 424 0072 ACC0D0C2 		.ascii	"\254\300\320\302\310\264\204\231q\0363\320\204%\314"
 424      C8B48499 
 424      711E33D0 
 424      8425CC
 425 0081 4C0C9F18 		.ascii	"L\014\237\030\233\026le\004\033\336\317\314\210\320"
 425      9B166C65 
 425      041BDECF 
 425      CC88D0
 426 0090 CEC0A0A7 		.ascii	"\316\300\240\247\237\221\237\233\252\237U\\\222Z\236"
 426      9F919F9B 
 426      AA9F555C 
 426      925A9E
 427 009f 5854A25F 		.ascii	"XT\242_\234_Z\224\234\252_\231\230\232\233\255[\\\220"
 427      9C5F5A94 
 427      9CAA5F99 
 427      989A9BAD 
 427      5B5C90
 428 00b2 9359A29B 		.ascii	"\223Y\242\233\235\244\357\226Y\224\013\224NeP.,M\314"
 428      9DA4EF96 
 428      59940B94 
 428      4E65502E 
 428      2C4DCC
 429 00c5 2B29CDD5 		.ascii	"+)\315\325O\312\317/\311ML\317LF\260\342\201\212S\365"
 429      4FCACF2F 
 429      C94D4CCF 
 429      4C46B0E2 
 429      818A53F5 
 430 00d9 9219008C 		.ascii	"\222\031\000\214KM\326"
 430      4B4DD6
 431              		.text
 432              		.section	.gnu.lto_.symbol_nodes.d195967c30e12a7d,"e",%progbits
 433 0000 789C75D0 		.ascii	"x\234u\320\275\015\302@\014\005\340\367\236/w\022\014"
 433      BD0DC240 
 433      0C05E0F7 
 433      9E2F7712 
 433      0C
 434 0011 C11E9488 		.ascii	"\301\036\224\210\275\0346`\210H\204\337\001\250\251"
 434      BD1C3660 
 434      884884DF 
 434      01A8A9
 435 0020 11332006 		.ascii	"\0213 \006\240\246\201\034\027\245;WO\376,\331\362\222"
 435      A0A6811C 
 435      17A53B57 
 435      4FFE2CD9 
 435      F292
 436 0032 00B493A3 		.ascii	"\000\264\223\243\035*p{\007\034\270\266\033\"\323\200"
 436      1D2A707B 
 436      071CB8B6 
 436      1B22D380 
 437 0042 BD9C55DC 		.ascii	"\275\234U\334\313UC\036\344\366\035k\361\037@^\223\225"
 437      CB55431E 
 437      E4F61D6B 
 437      F11F405E 
 437      9395
 438 0054 1779A8D9 		.ascii	"\027y\250\331Y\336\324\354(\2175;\311S\305\014V\316"
 438      59DED4EC 
 438      288F353B 
 438      C953C50C 
 438      56CE
 439 0066 5C1BE394 		.ascii	"\\\033\343\224RI7N\315.\032\233\022_\311\210\307\373"
 439      5249374E 
 439      CD2E1A9B 
 439      125FC988 
 439      C7FB
 440 0078 D393CF99 		.ascii	"\323\223\317\2311\224\330\315M\343;V\370\001\314\026"
 440      3194D8CD 
 440      4DE33B56 
 440      F801CC16 
 441 0088 6954     		.ascii	"iT"
 442              		.text
 443              		.section	.gnu.lto_.refs.d195967c30e12a7d,"e",%progbits
 444 0000 789C6364 		.ascii	"x\234cd\000\002\000\000\012\000\002"
 444      00020000 
 444      0A0002
 445              		.text
 446              		.section	.gnu.lto_.decls.d195967c30e12a7d,"e",%progbits
 447 0000 789C8554 		.ascii	"x\234\205TmlSe\024~\317\373v\353\335]\335\246\224\220"
 447      6D6C5365 
 447      147ECFFB 
 447      76EBDD5D 
 447      DDA69490 
 448 0014 E824CDFC 		.ascii	"\350$\315\374A\023\263V\013\012$\376Xb\2021$\204D\375"
 448      4113B356 
 448      0B0A24FE 
 448      58628231 
 448      248444FD 
 449 0028 E39FA6ED 		.ascii	"\343\237\246\355\275\254e\275\273\263\275c\360\357\005"
 449      BDAC65BD 
 449      BBB3BD63 
 449      F0EF05
 450 0037 F9980A82 		.ascii	"\371\230\012\202\020\343\224\017\027\224d\030\201\306"
 450      10E3940F 
 450      17946418 
 450      81C6
 451 0045 30656EBA 		.ascii	"0en\272\321\351\350>\230\033\033:\030\2031\203i\002"
 451      D1E9E83E 
 451      981B1B3A 
 451      18833183 
 451      6902
 452 0057 EAD48520 		.ascii	"\352\324\205 \022\346\271\037\275\205m\321w;\367\375"
 452      12E6B91F 
 452      BD856DD1 
 452      773BF7FD 
 453 0067 38CF79CE 		.ascii	"8\317y\316\363\236{n\377( \344\034\020R\2166\213\303"
 453      F39E7B6E 
 453      FF2820E4 
 453      1C10528E 
 453      368BC3
 454 007a 41081946 		.ascii	"A\010\031F\243hmh\313\2109\004\2644\332\367h\347\320"
 454      A3686D68 
 454      CB883904 
 454      B434DAF7 
 454      68E7D0
 455 008d 7AD1FA2D 		.ascii	"z\321\372-\354(\332U2\177\354@N\206s\024\355\032\332"
 455      EC28DA55 
 455      327FEC40 
 455      4E867314 
 455      ED1ADA
 456 00a0 59EB9C5A 		.ascii	"Y\353\234Z\\\275\013\304\274\2031.+F\317_\2166\2116"
 456      5CBD0BC4 
 456      BC83312E 
 456      2B46CF5F 
 456      8E368936 
 457 00b4 8276DDD2 		.ascii	"\202v\335\3223\2016\20564\207\267\320\322\227\3233l"
 457      33813685 
 457      363487B7 
 457      D0D297D3 
 457      336C
 458 00c6 E5E95F20 		.ascii	"\345\351_ \317\336\377\320v\316\342\231;\3663(\207Y"
 458      CFDEFFD0 
 458      76CEE299 
 458      3BF63328 
 458      8759
 459 00d8 3026C228 		.ascii	"0&\302(\361sc\034]D\340K0\020\276b\36629\310\350@\317"
 459      F173631C 
 459      5D44E04B 
 459      3010BE62 
 459      F63239C8 
 460 00ef 9E0C885D 		.ascii	"\236\014\210]\234gyz+#\260\034\236!p\0060\356+\200V"
 460      9C67797A 
 460      2B23B01C 
 460      9E217006 
 460      30EE2B80 
 461 0104 80D380A0 		.ascii	"\200\323\200\240\376\361#\251\242\033\240\313\000\207"
 461      FEF123A9 
 461      A21BA0CB 
 461      0087
 462 0112 040063CF 		.ascii	"\004\000c\317\343C$\2573\342\346\224\323\022\211Q\221"
 462      E34324AF 
 462      33E2E694 
 462      D3128951 
 462      91
 463 0123 894C12C7 		.ascii	"\211L\022\307\034\245\336\031V%Po\251(\264tC\231X P"
 463      1CA5DE19 
 463      5625506F 
 463      A928B474 
 463      43995820 
 464 0138 9A754AA2 		.ascii	"\232uJ\242\367.|N\233\013=U\334!\355^\234ur\272o\235"
 464      F72E7C4E 
 464      9B0B3D55 
 464      DC21ED5E 
 464      9C7572BA 
 465 014e 7B79153E 		.ascii	"{y\025>\263\316\014H\030\265\336!\224\341*\353\024g"
 465      B3CE0C48 
 465      18B5DE21 
 465      94E12AEB 
 465      1467
 466 0160 58F39E42 		.ascii	"X\363\236B\351<m\\\006(N\012\270Q{\225 ,]\232fi\226"
 466      E93C6D5C 
 466      06284E0A 
 466      B8517B95 
 466      202C5D9A 
 467 0177 C10B0842 		.ascii	"\301\013\010B\352\344b1\353,E\016\257\344)\223<\245"
 467      EAE46231 
 467      EB2C450E 
 467      AFE42993 
 467      3CA5
 468 0189 19289024 		.ascii	"\031(\220$\321\355%\250B\012\004\252\250\210\324\016"
 468      D1ED25A8 
 468      420A04AA 
 468      A888D40E 
 469 0199 21030106 		.ascii	"!\003\001\006\256\000\277~s\211X \026-\365x\011\221"
 469      AE00BF7E 
 469      73895820 
 469      162DF578 
 469      0991
 470 01ab C81A8AC4 		.ascii	"\310\032\212\304l67\300\211I\245\374\026\300+\322\000"
 470      6C3637C0 
 470      8949A5FC 
 470      16C02BD2 
 470      00
 471 01bc 656BB34E 		.ascii	"ek\263N\2543\365\020\302\035\202\313\005\034\247\242"
 471      AC33F510 
 471      C21D82CB 
 471      051CA7A2 
 472 01cc E05A697D 		.ascii	"\340Zi}@$Y'E\227\333\001\234B>R,$\000\307\031\020\343"
 472      40245927 
 472      4597DB01 
 472      9C423E52 
 472      2C2400C7 
 473 01e3 0F070173 		.ascii	"\017\007\001sE\3002\362`\032\333O\255\005!\271S{\020"
 473      45C032F2 
 473      601ADB4F 
 473      AD0521B9 
 473      537B10
 474 01f6 7B26D4E2 		.ascii	"{&\324\342\320_=\350Pk&\220K\361\0009\261\350\010X\220"
 474      D05F3DE8 
 474      506B2690 
 474      4BF10039 
 474      B1E80858 
 475 020b 1C8F156B 		.ascii	"\034\217\025k\366A\356$\247E\317a\200i\356\324\036\363"
 475      F641EE24 
 475      A745CF61 
 475      8069EED4 
 475      1EF3
 476 021d 843F34F2 		.ascii	"\204?4\3622t\016\235\032\033\347\300\215\366\355E\277"
 476      32740E9D 
 476      1A1BE7C0 
 476      8DF6ED45 
 476      BF
 477 022e 60DD786A 		.ascii	"`\335xjO/\203\222}U\330\313q\302\032A\367\246\016\335"
 477      4F2F8392 
 477      7D55D8CB 
 477      71C21A41 
 477      F7A60EDD 
 478 0242 1B16F033 		.ascii	"\033\026\3603\206o\300h\331\307\200\342\323\015e\350"
 478      866FC068 
 478      D9C780E2 
 478      D30D65E8 
 479 0252 DBD5FE6E 		.ascii	"\333\325\376n\277\270\004\003oq\356\206(t\001t\3529"
 479      BFB80403 
 479      6F71EE86 
 479      28740174 
 479      EA39
 480 0264 CE620AD5 		.ascii	"\316b\012\325\340\356k\375\264\251\240\242i\037\277"
 480      E0EE6BFD 
 480      B4A9A0A2 
 480      691FBF
 481 0273 D3FEF6FD 		.ascii	"\323\376\366\375tq\307\031\316wl\343\\\3201\320\001"
 481      7471C719 
 481      CE776CE3 
 481      5CD031D0 
 481      01
 482 0284 D8BF08FF 		.ascii	"\330\277\010\377\026\341\035h\355\000_\203\3572\260"
 482      16E11D68 
 482      ED005F83 
 482      EF32B0
 483 0293 C9F99971 		.ascii	"\311\371\231q?\335\331\322\313t\256\224NS\260\025_\264"
 483      3FDDD9D2 
 483      CB74AE94 
 483      4E53B015 
 483      5FB4
 484 02a5 CED26DB1 		.ascii	"\316\322m\261|\207\014\3356K+\260\337\015\226\226\346"
 484      7C870CDD 
 484      364B2BB0 
 484      DF0D9696 
 484      E6
 485 02b6 5B598C6A 		.ascii	"[Y\214j\342\323\367v\357\342e\230\334\014\3531\3030"
 485      E2D3F776 
 485      EFE26598 
 485      DC0CEB31 
 485      C330
 486 02c8 B0C70E3A 		.ascii	"\260\307\016:\001\354o#\350\257\303;O\272*\2328?sz\377"
 486      01EC6F23 
 486      E8AFC33B 
 486      4FBA2A9A 
 486      383F737A 
 487 02dd C9379DCD 		.ascii	"\3117\235\315^=\"cGd\214\211\035\241:\266ugj\252\320"
 487      5E3D2263 
 487      47648C89 
 487      1DA13AB6 
 487      75676AAA 
 488 02f2 C0761C38 		.ascii	"\300v\0348\261*Muh\237\015\3553\241\003\006\364\340"
 488      B12A4D75 
 488      689F0DED 
 488      33A10306 
 488      F4E0
 489 0304 9F1FA75C 		.ascii	"\237\037\247\\\372O\"\264\001\250l\3348\354\334\326"
 489      FA4F22B4 
 489      01A86CDC 
 489      38ECDCD6 
 490 0314 F7D9BC8F 		.ascii	"\367\331\274\217{p\316\307\375\363\373\375\267K\354"
 490      7B70CEC7 
 490      FDF3FBFD 
 490      B74BEC
 491 0323 4AFF0076 		.ascii	"J\377\000v\251\207P\374y\263>\243GF\216\202.\344N\352"
 491      A98750FC 
 491      79B33EA3 
 491      47468E82 
 491      2EE44EEA 
 492 0337 83DF5E38 		.ascii	"\203\337^8\304Q\312\020\300\200-e\300\224r\327\310z"
 492      C451CA10 
 492      C0802D65 
 492      C09472D7 
 492      C87A
 493 0349 7368AAB1 		.ascii	"sh\252\261\330&l\313\023\216\330\357n\364\370\261\275"
 493      D8266CCB 
 493      138ED8EF 
 493      6EF4F8B1 
 493      BD
 494 035a 54E79BCE 		.ascii	"T\347\233\316~1\315\005/\272\340\202\315v\301d\333\311"
 494      7E31CD05 
 494      2FBAE082 
 494      CD76C164 
 494      DBC9
 495 036c F4A65866 		.ascii	"\364\246Xf\364]\251\261\"\354=f6\212\303h\024\017R\015"
 495      F45DA9B1 
 495      22EC3D66 
 495      368AC368 
 495      140F520D 
 496 0380 66BA6E97 		.ascii	"f\272n\227\350w\234\346]\333\213\010\\\006\270\204y"
 496      E8779CE6 
 496      5DDB8B08 
 496      5C06B884 
 496      79
 497 0391 C600F178 		.ascii	"\306\000\361x\313\237\000~\324o9r\352\366%\301\250\317"
 497      CB9F007E 
 497      D46F3972 
 497      EAF625C1 
 497      A8CF
 498 03a3 38D6070F 		.ascii	"8\326\007\017\256\215\317|X\274@\203M`\360\025\363\326"
 498      AE8DCF7C 
 498      58BC4083 
 498      4D60F015 
 498      F3D6
 499 03b5 9F8CEE1D 		.ascii	"\237\214\356\035u\030\267\276\377Q\343[\205\306\265"
 499      7518B7BE 
 499      FF51E35B 
 499      85C6B5
 500 03c4 27002EDA 		.ascii	"'\000.\332B/\346\372\274\357J\352\037\301e\210hN\033"
 500      422FE6FA 
 500      BCEF4AEA 
 500      1FC16588 
 500      684E1B
 501 03d7 3D60CA20 		.ascii	"=`\312 p\315\244:vxb\273+\017\030\311\003&M\300`\367"
 501      70CDA43A 
 501      767862BB 
 501      2B0F18C9 
 501      03264DC0 
 502 03ed D55F591E 		.ascii	"\325_Y\0360\221\007\\7\001\027v_\235| \305P\0360\245"
 502      3091075C 
 502      37011776 
 502      5F9D7C20 
 502      C5501E30 
 503 0402 ABA878A3 		.ascii	"\253\250x\243>T\253\325+\376\260\252jJ\250:\026\311"
 503      3E54ABD5 
 503      2BFEB0AA 
 503      6A4AA83A 
 503      16C9
 504 0414 AF82F198 		.ascii	"\257\202\361\230&\373\"\302K\353^\363\274\270z5y|\256"
 504      26FB22C2 
 504      4BEB5EF3 
 504      BCB87A35 
 504      797CAE
 505 0427 C717782E 		.ascii	"\307\027x.\262\362\331\360\3620q\326\307j\265UA\215"
 505      B2F2D9F0 
 505      F23071D6 
 505      C76AB555 
 505      418D
 506 0439 AE20AE50 		.ascii	"\256 \256PB\331\264R\256T\236\336PG\304\210\232\320"
 506      42D9B452 
 506      AE549EDE 
 506      5047C488 
 506      9AD0
 507 044b E4CD95CA 		.ascii	"\344\315\225\312\012\362\304\303\321\301\204\234\224"
 507      0AF2C4C3 
 507      D1C1849C 
 507      94
 508 0458 B5A02CD7 		.ascii	"\265\240,\327%T\305\321 \207j|\376\250\252\310\376\215"
 508      2554C5D1 
 508      20876A7C 
 508      FEA8AAC8 
 508      FE8D
 509 046a 494D6E08 		.ascii	"IMn\010%4\177R\255ODd\377\226\220\254\324T&\3530\250"
 509      25347F52 
 509      AD4F4464 
 509      FF9690AC 
 509      D45426EB 
 510 0480 B226EC5F 		.ascii	"\262&\354_\023K(\350\226\311S\377\257\234\224<|Rdo\313"
 510      134B28E8 
 510      96C953FF 
 510      AF9C943C 
 510      7C52646F 
 511 0495 6439A2D6 		.ascii	"d9\242\326n\210U\007\245X2\024\216\313\213rl9\207/J"
 511      6E885507 
 511      A5583214 
 511      8ECB8B72 
 511      6C39872F 
 512 04aa 4A75785C 		.ascii	"Jux\\\015Ir\"\270\261^\251{RSj\202x!\331\037Q\025E\255"
 512      0D497222 
 512      B8B15EA9 
 512      7B52536A 
 512      827821D9 
 513 04c3 F5E7FD88 		.ascii	"\365\347\375\210.QBZ\"\2669X\215\267J\250\015.k\213"
 513      2E51425A 
 513      22B63958 
 513      8DB74AA8 
 513      0D2E6B8B 
 514 04d7 CBA0F668 		.ascii	"\313\240\366h\216\335<Dt\261\345NFB\265b$\372jTz%\216"
 514      8EDD3C44 
 514      74B1E54E 
 514      4642B562 
 514      24FA6A54 
 515 04ee B57824B9 		.ascii	"\265x$\271%\211\225\224\023\233B\361\240\346\365\371"
 515      25899594 
 515      139B42F1 
 515      A0E6F5F9 
 516 04fe E3B1B03F 		.ascii	"\343\261\260?\022\215\205cj\322\217\377X\226Xm$^/\241"
 516      128D8563 
 516      6AD28FFF 
 516      5896586D 
 516      245E2FA1 
 517 0512 86A8164D 		.ascii	"\206\250\026M\310!)\211l\377\002*\264es"
 517      C8212989 
 517      6CFF022A 
 517      B46573
 518              		.text
 519              		.section	.gnu.lto_.symtab.d195967c30e12a7d,"e",%progbits
 520 0000 626F6F74 		.ascii	"bootmagic_lite_reset_eeprom\000"
 520      6D616769 
 520      635F6C69 
 520      74655F72 
 520      65736574 
 521 001c 00       		.ascii	"\000"
 522 001d 01       		.ascii	"\001"
 523 001e 00       		.ascii	"\000"
 524 001f 00000000 		.ascii	"\000\000\000\000\000\000\000\000"
 524      00000000 
 525 0027 C2000000 		.ascii	"\302\000\000\000"
 526 002b 626F6F74 		.ascii	"bootmagic_lite\000"
 526      6D616769 
 526      635F6C69 
 526      746500
 527 003a 00       		.ascii	"\000"
 528 003b 01       		.ascii	"\001"
 529 003c 00       		.ascii	"\000"
 530 003d 00000000 		.ascii	"\000\000\000\000\000\000\000\000"
 530      00000000 
 531 0045 C5000000 		.ascii	"\305\000\000\000"
 532 0049 626F6F74 		.ascii	"bootmagic\000"
 532      6D616769 
 532      6300
 533 0053 00       		.ascii	"\000"
 534 0054 00       		.ascii	"\000"
 535 0055 00       		.ascii	"\000"
 536 0056 00000000 		.ascii	"\000\000\000\000\000\000\000\000"
 536      00000000 
 537 005e C7000000 		.ascii	"\307\000\000\000"
 538 0062 6565636F 		.ascii	"eeconfig_disable\000"
 538      6E666967 
 538      5F646973 
 538      61626C65 
 538      00
 539 0073 00       		.ascii	"\000"
 540 0074 02       		.ascii	"\002"
 541 0075 00       		.ascii	"\000"
 542 0076 00000000 		.ascii	"\000\000\000\000\000\000\000\000"
 542      00000000 
 543 007e C9000000 		.ascii	"\311\000\000\000"
 544 0082 626F6F74 		.ascii	"bootloader_jump\000"
 544      6C6F6164 
 544      65725F6A 
 544      756D7000 
 545 0092 00       		.ascii	"\000"
 546 0093 02       		.ascii	"\002"
 547 0094 00       		.ascii	"\000"
 548 0095 00000000 		.ascii	"\000\000\000\000\000\000\000\000"
 548      00000000 
 549 009d CB000000 		.ascii	"\313\000\000\000"
 550 00a1 6D617472 		.ascii	"matrix_get_row\000"
 550      69785F67 
 550      65745F72 
 550      6F7700
 551 00b0 00       		.ascii	"\000"
 552 00b1 02       		.ascii	"\002"
 553 00b2 00       		.ascii	"\000"
 554 00b3 00000000 		.ascii	"\000\000\000\000\000\000\000\000"
 554      00000000 
 555 00bb D1000000 		.ascii	"\321\000\000\000"
 556 00bf 6D617472 		.ascii	"matrix_scan\000"
 556      69785F73 
 556      63616E00 
 557 00cb 00       		.ascii	"\000"
 558 00cc 02       		.ascii	"\002"
 559 00cd 00       		.ascii	"\000"
 560 00ce 00000000 		.ascii	"\000\000\000\000\000\000\000\000"
 560      00000000 
 561 00d6 D4000000 		.ascii	"\324\000\000\000"
 562 00da 63685468 		.ascii	"chThdSleep\000"
 562      64536C65 
 562      657000
 563 00e5 00       		.ascii	"\000"
 564 00e6 02       		.ascii	"\002"
 565 00e7 00       		.ascii	"\000"
 566 00e8 00000000 		.ascii	"\000\000\000\000\000\000\000\000"
 566      00000000 
 567 00f0 DE000000 		.ascii	"\336\000\000\000"
 568              		.text
 569              		.section	.gnu.lto_.ext_symtab.d195967c30e12a7d,"e",%progbits
 570 0000 01       		.ascii	"\001"
 571 0001 01       		.ascii	"\001"
 572 0002 00       		.ascii	"\000"
 573 0003 01       		.ascii	"\001"
 574 0004 00       		.ascii	"\000"
 575 0005 01       		.ascii	"\001"
 576 0006 00       		.ascii	"\000"
 577 0007 01       		.ascii	"\001"
 578 0008 00       		.ascii	"\000"
 579 0009 01       		.ascii	"\001"
 580 000a 00       		.ascii	"\000"
 581 000b 01       		.ascii	"\001"
 582 000c 00       		.ascii	"\000"
 583 000d 01       		.ascii	"\001"
 584 000e 00       		.ascii	"\000"
 585 000f 01       		.ascii	"\001"
 586 0010 00       		.ascii	"\000"
 587              		.text
 588              		.section	.gnu.lto_.opts,"e",%progbits
 589 0000 272D666E 		.ascii	"'-fno-openmp' '-fno-openacc' '-fno-pie' '-fcf-prote"
 589      6F2D6F70 
 589      656E6D70 
 589      2720272D 
 589      666E6F2D 
 590 0033 6374696F 		.ascii	"ction=none' '-g' '-mcpu=cortex-m4' '-mthumb' '-mno-"
 590      6E3D6E6F 
 590      6E652720 
 590      272D6727 
 590      20272D6D 
 591 0066 7468756D 		.ascii	"thumb-interwork' '-mno-unaligned-access' '-mfloat-a"
 591      622D696E 
 591      74657277 
 591      6F726B27 
 591      20272D6D 
 592 0099 62693D68 		.ascii	"bi=hard' '-mfpu=fpv4-sp-d16' '-mlibarch=armv7e-m+fp"
 592      61726427 
 592      20272D6D 
 592      6670753D 
 592      66707634 
 593 00cc 2720272D 		.ascii	"' '-march=armv7e-m+fp' '-Os' '-Ofast' '-fsingle-pre"
 593      6D617263 
 593      683D6172 
 593      6D763765 
 593      2D6D2B66 
 594 00ff 63697369 		.ascii	"cision-constant' '-fomit-frame-pointer' '-ffunction"
 594      6F6E2D63 
 594      6F6E7374 
 594      616E7427 
 594      20272D66 
 595 0132 2D736563 		.ascii	"-sections' '-fdata-sections' '-fshort-wchar' '-fcom"
 595      74696F6E 
 595      73272027 
 595      2D666461 
 595      74612D73 
 596 0165 6D6F6E27 		.ascii	"mon' '-flto' '-Xassembler' '-adhlns=.build/obj_karl"
 596      20272D66 
 596      6C746F27 
 596      20272D58 
 596      61737365 
 597 0198 6B39305F 		.ascii	"k90_yaemk_moonlanderlike/quantum/bootmagic/bootmagi"
 597      7961656D 
 597      6B5F6D6F 
 597      6F6E6C61 
 597      6E646572 
 598 01cb 635F6C69 		.ascii	"c_lite.lst'\000"
 598      74652E6C 
 598      73742700 
 599              		.text
 600              		.comm	__gnu_lto_slim,1,1
 601              		.ident	"GCC: (15:10.3-2021.07-4) 10.3.1 20210621 (release)"
DEFINED SYMBOLS
                            *ABS*:0000000000000000 bootmagic_lite.c
     /tmp/ccEwqq0D.s:19     .gnu.debuglto_.debug_info:0000000000000000 bootmagic_lite.c.25c71b3b
                            *COM*:0000000000000001 __gnu_lto_slim

NO UNDEFINED SYMBOLS
