   1              		.cpu cortex-m4
   2              		.eabi_attribute 27, 1
   3              		.eabi_attribute 28, 1
   4              		.eabi_attribute 23, 1
   5              		.eabi_attribute 24, 1
   6              		.eabi_attribute 25, 1
   7              		.eabi_attribute 26, 1
   8              		.eabi_attribute 30, 2
   9              		.eabi_attribute 34, 0
  10              		.eabi_attribute 18, 2
  11              		.file	"magic.c"
  12              		.file 1 "/usr/lib/gcc/arm-none-eabi/10.3.1/include/stdint.h"
  13              		.file 2 "quantum/logging/debug.h"
  14              		.file 3 "quantum/keycode_config.h"
  15              		.file 4 "quantum/action_layer.h"
  16              		.file 5 "quantum/sequencer/sequencer.h"
  17              		.file 6 "quantum/bootmagic/magic.c"
  18              		.section	.gnu.debuglto_.debug_info,"e",%progbits
  19              	.Ldebug_info0:
  20              		.hidden	magic.c.10c91b4f
  21              		.weak	magic.c.10c91b4f
  22              	magic.c.10c91b4f:
  23 0000 8C020000 		.4byte	0x28c
  24 0004 0400     		.2byte	0x4
  25 0006 00000000 		.4byte	.Ldebug_abbrev0
  26 000a 04       		.byte	0x4
  27 000b 01       		.uleb128 0x1
  28 000c 04020000 		.4byte	.LASF45
  29 0010 0C       		.byte	0xc
  30 0011 49000000 		.4byte	.LASF46
  31 0015 61010000 		.4byte	.LASF47
  32 0019 00000000 		.4byte	.Ldebug_line0
  33 001d 02       		.uleb128 0x2
  34 001e 01       		.byte	0x1
  35 001f 06       		.byte	0x6
  36 0020 AA030000 		.4byte	.LASF0
  37 0024 02       		.uleb128 0x2
  38 0025 02       		.byte	0x2
  39 0026 05       		.byte	0x5
  40 0027 6C030000 		.4byte	.LASF1
  41 002b 02       		.uleb128 0x2
  42 002c 04       		.byte	0x4
  43 002d 05       		.byte	0x5
  44 002e A1030000 		.4byte	.LASF2
  45 0032 02       		.uleb128 0x2
  46 0033 08       		.byte	0x8
  47 0034 05       		.byte	0x5
  48 0035 48030000 		.4byte	.LASF3
  49 0039 03       		.uleb128 0x3
  50 003a E2010000 		.4byte	.LASF5
  51 003e 01       		.byte	0x1
  52 003f 2E       		.byte	0x2e
  53 0040 18       		.byte	0x18
  54 0041 45000000 		.4byte	0x45
  55 0045 02       		.uleb128 0x2
  56 0046 01       		.byte	0x1
  57 0047 08       		.byte	0x8
  58 0048 E4000000 		.4byte	.LASF4
  59 004c 03       		.uleb128 0x3
  60 004d 8A030000 		.4byte	.LASF6
  61 0051 01       		.byte	0x1
  62 0052 31       		.byte	0x31
  63 0053 19       		.byte	0x19
  64 0054 58000000 		.4byte	0x58
  65 0058 02       		.uleb128 0x2
  66 0059 02       		.byte	0x2
  67 005a 07       		.byte	0x7
  68 005b 03010000 		.4byte	.LASF7
  69 005f 02       		.uleb128 0x2
  70 0060 04       		.byte	0x4
  71 0061 07       		.byte	0x7
  72 0062 4F010000 		.4byte	.LASF8
  73 0066 02       		.uleb128 0x2
  74 0067 08       		.byte	0x8
  75 0068 07       		.byte	0x7
  76 0069 B1000000 		.4byte	.LASF9
  77 006d 04       		.uleb128 0x4
  78 006e 04       		.byte	0x4
  79 006f 05       		.byte	0x5
  80 0070 696E7400 		.ascii	"int\000"
  81 0074 02       		.uleb128 0x2
  82 0075 04       		.byte	0x4
  83 0076 07       		.byte	0x7
  84 0077 B8010000 		.4byte	.LASF10
  85 007b 02       		.uleb128 0x2
  86 007c 01       		.byte	0x1
  87 007d 08       		.byte	0x8
  88 007e DD010000 		.4byte	.LASF11
  89 0082 02       		.uleb128 0x2
  90 0083 01       		.byte	0x1
  91 0084 02       		.byte	0x2
  92 0085 BB030000 		.4byte	.LASF12
  93 0089 05       		.uleb128 0x5
  94 008a 01       		.byte	0x1
  95 008b 02       		.byte	0x2
  96 008c 1F       		.byte	0x1f
  97 008d 05       		.byte	0x5
  98 008e E3000000 		.4byte	0xe3
  99 0092 06       		.uleb128 0x6
 100 0093 8A000000 		.4byte	.LASF13
 101 0097 02       		.byte	0x2
 102 0098 20       		.byte	0x20
 103 0099 11       		.byte	0x11
 104 009a 82000000 		.4byte	0x82
 105 009e 01       		.byte	0x1
 106 009f 01       		.byte	0x1
 107 00a0 07       		.byte	0x7
 108 00a1 00       		.byte	0
 109 00a2 06       		.uleb128 0x6
 110 00a3 65030000 		.4byte	.LASF14
 111 00a7 02       		.byte	0x2
 112 00a8 21       		.byte	0x21
 113 00a9 11       		.byte	0x11
 114 00aa 82000000 		.4byte	0x82
 115 00ae 01       		.byte	0x1
 116 00af 01       		.byte	0x1
 117 00b0 06       		.byte	0x6
 118 00b1 00       		.byte	0
 119 00b2 06       		.uleb128 0x6
 120 00b3 AF010000 		.4byte	.LASF15
 121 00b7 02       		.byte	0x2
 122 00b8 22       		.byte	0x22
 123 00b9 11       		.byte	0x11
 124 00ba 82000000 		.4byte	0x82
 125 00be 01       		.byte	0x1
 126 00bf 01       		.byte	0x1
 127 00c0 05       		.byte	0x5
 128 00c1 00       		.byte	0
 129 00c2 06       		.uleb128 0x6
 130 00c3 43000000 		.4byte	.LASF16
 131 00c7 02       		.byte	0x2
 132 00c8 23       		.byte	0x23
 133 00c9 11       		.byte	0x11
 134 00ca 82000000 		.4byte	0x82
 135 00ce 01       		.byte	0x1
 136 00cf 01       		.byte	0x1
 137 00d0 04       		.byte	0x4
 138 00d1 00       		.byte	0
 139 00d2 06       		.uleb128 0x6
 140 00d3 63000000 		.4byte	.LASF17
 141 00d7 02       		.byte	0x2
 142 00d8 24       		.byte	0x24
 143 00d9 11       		.byte	0x11
 144 00da 39000000 		.4byte	0x39
 145 00de 01       		.byte	0x1
 146 00df 04       		.byte	0x4
 147 00e0 00       		.byte	0
 148 00e1 00       		.byte	0
 149 00e2 00       		.byte	0
 150 00e3 07       		.uleb128 0x7
 151 00e4 01       		.byte	0x1
 152 00e5 02       		.byte	0x2
 153 00e6 1E       		.byte	0x1e
 154 00e7 09       		.byte	0x9
 155 00e8 FE000000 		.4byte	0xfe
 156 00ec 08       		.uleb128 0x8
 157 00ed 89000000 		.4byte	0x89
 158 00f1 09       		.uleb128 0x9
 159 00f2 72617700 		.ascii	"raw\000"
 160 00f6 02       		.byte	0x2
 161 00f7 26       		.byte	0x26
 162 00f8 0D       		.byte	0xd
 163 00f9 39000000 		.4byte	0x39
 164 00fd 00       		.byte	0
 165 00fe 03       		.uleb128 0x3
 166 00ff 56030000 		.4byte	.LASF18
 167 0103 02       		.byte	0x2
 168 0104 27       		.byte	0x27
 169 0105 03       		.byte	0x3
 170 0106 E3000000 		.4byte	0xe3
 171 010a 0A       		.uleb128 0xa
 172 010b C8000000 		.4byte	.LASF31
 173 010f 02       		.byte	0x2
 174 0110 29       		.byte	0x29
 175 0111 17       		.byte	0x17
 176 0112 FE000000 		.4byte	0xfe
 177 0116 05       		.uleb128 0x5
 178 0117 02       		.byte	0x2
 179 0118 03       		.byte	0x3
 180 0119 1D       		.byte	0x1d
 181 011a 05       		.byte	0x5
 182 011b D0010000 		.4byte	0x1d0
 183 011f 06       		.uleb128 0x6
 184 0120 2B010000 		.4byte	.LASF19
 185 0124 03       		.byte	0x3
 186 0125 1E       		.byte	0x1e
 187 0126 0E       		.byte	0xe
 188 0127 82000000 		.4byte	0x82
 189 012b 01       		.byte	0x1
 190 012c 01       		.byte	0x1
 191 012d 07       		.byte	0x7
 192 012e 00       		.byte	0
 193 012f 06       		.uleb128 0x6
 194 0130 76030000 		.4byte	.LASF20
 195 0134 03       		.byte	0x3
 196 0135 1F       		.byte	0x1f
 197 0136 0E       		.byte	0xe
 198 0137 82000000 		.4byte	0x82
 199 013b 01       		.byte	0x1
 200 013c 01       		.byte	0x1
 201 013d 06       		.byte	0x6
 202 013e 00       		.byte	0
 203 013f 06       		.uleb128 0x6
 204 0140 39030000 		.4byte	.LASF21
 205 0144 03       		.byte	0x3
 206 0145 20       		.byte	0x20
 207 0146 0E       		.byte	0xe
 208 0147 82000000 		.4byte	0x82
 209 014b 01       		.byte	0x1
 210 014c 01       		.byte	0x1
 211 014d 05       		.byte	0x5
 212 014e 00       		.byte	0
 213 014f 06       		.uleb128 0x6
 214 0150 D5000000 		.4byte	.LASF22
 215 0154 03       		.byte	0x3
 216 0155 21       		.byte	0x21
 217 0156 0E       		.byte	0xe
 218 0157 82000000 		.4byte	0x82
 219 015b 01       		.byte	0x1
 220 015c 01       		.byte	0x1
 221 015d 04       		.byte	0x4
 222 015e 00       		.byte	0
 223 015f 06       		.uleb128 0x6
 224 0160 F2000000 		.4byte	.LASF23
 225 0164 03       		.byte	0x3
 226 0165 22       		.byte	0x22
 227 0166 0E       		.byte	0xe
 228 0167 82000000 		.4byte	0x82
 229 016b 01       		.byte	0x1
 230 016c 01       		.byte	0x1
 231 016d 03       		.byte	0x3
 232 016e 00       		.byte	0
 233 016f 06       		.uleb128 0x6
 234 0170 7B000000 		.4byte	.LASF24
 235 0174 03       		.byte	0x3
 236 0175 23       		.byte	0x23
 237 0176 0E       		.byte	0xe
 238 0177 82000000 		.4byte	0x82
 239 017b 01       		.byte	0x1
 240 017c 01       		.byte	0x1
 241 017d 02       		.byte	0x2
 242 017e 00       		.byte	0
 243 017f 06       		.uleb128 0x6
 244 0180 2A000000 		.4byte	.LASF25
 245 0184 03       		.byte	0x3
 246 0185 24       		.byte	0x24
 247 0186 0E       		.byte	0xe
 248 0187 82000000 		.4byte	0x82
 249 018b 01       		.byte	0x1
 250 018c 01       		.byte	0x1
 251 018d 01       		.byte	0x1
 252 018e 00       		.byte	0
 253 018f 06       		.uleb128 0x6
 254 0190 B6030000 		.4byte	.LASF26
 255 0194 03       		.byte	0x3
 256 0195 25       		.byte	0x25
 257 0196 0E       		.byte	0xe
 258 0197 82000000 		.4byte	0x82
 259 019b 01       		.byte	0x1
 260 019c 01       		.byte	0x1
 261 019d 00       		.byte	0
 262 019e 00       		.byte	0
 263 019f 06       		.uleb128 0x6
 264 01a0 12000000 		.4byte	.LASF27
 265 01a4 03       		.byte	0x3
 266 01a5 26       		.byte	0x26
 267 01a6 0E       		.byte	0xe
 268 01a7 82000000 		.4byte	0x82
 269 01ab 01       		.byte	0x1
 270 01ac 01       		.byte	0x1
 271 01ad 07       		.byte	0x7
 272 01ae 01       		.byte	0x1
 273 01af 06       		.uleb128 0x6
 274 01b0 6C000000 		.4byte	.LASF28
 275 01b4 03       		.byte	0x3
 276 01b5 27       		.byte	0x27
 277 01b6 0E       		.byte	0xe
 278 01b7 82000000 		.4byte	0x82
 279 01bb 01       		.byte	0x1
 280 01bc 01       		.byte	0x1
 281 01bd 06       		.byte	0x6
 282 01be 01       		.byte	0x1
 283 01bf 06       		.uleb128 0x6
 284 01c0 91000000 		.4byte	.LASF29
 285 01c4 03       		.byte	0x3
 286 01c5 28       		.byte	0x28
 287 01c6 0E       		.byte	0xe
 288 01c7 82000000 		.4byte	0x82
 289 01cb 01       		.byte	0x1
 290 01cc 01       		.byte	0x1
 291 01cd 05       		.byte	0x5
 292 01ce 01       		.byte	0x1
 293 01cf 00       		.byte	0
 294 01d0 07       		.uleb128 0x7
 295 01d1 02       		.byte	0x2
 296 01d2 03       		.byte	0x3
 297 01d3 1B       		.byte	0x1b
 298 01d4 09       		.byte	0x9
 299 01d5 EB010000 		.4byte	0x1eb
 300 01d9 09       		.uleb128 0x9
 301 01da 72617700 		.ascii	"raw\000"
 302 01de 03       		.byte	0x3
 303 01df 1C       		.byte	0x1c
 304 01e0 0E       		.byte	0xe
 305 01e1 4C000000 		.4byte	0x4c
 306 01e5 08       		.uleb128 0x8
 307 01e6 16010000 		.4byte	0x116
 308 01ea 00       		.byte	0
 309 01eb 03       		.uleb128 0x3
 310 01ec F4010000 		.4byte	.LASF30
 311 01f0 03       		.byte	0x3
 312 01f1 2A       		.byte	0x2a
 313 01f2 03       		.byte	0x3
 314 01f3 D0010000 		.4byte	0x1d0
 315 01f7 0A       		.uleb128 0xa
 316 01f8 C5010000 		.4byte	.LASF32
 317 01fc 03       		.byte	0x3
 318 01fd 2C       		.byte	0x2c
 319 01fe 18       		.byte	0x18
 320 01ff EB010000 		.4byte	0x1eb
 321 0203 0B       		.uleb128 0xb
 322 0204 07       		.byte	0x7
 323 0205 01       		.byte	0x1
 324 0206 45000000 		.4byte	0x45
 325 020a 05       		.byte	0x5
 326 020b 2D       		.byte	0x2d
 327 020c 0E       		.byte	0xe
 328 020d 4E020000 		.4byte	0x24e
 329 0211 0C       		.uleb128 0xc
 330 0212 00000000 		.4byte	.LASF33
 331 0216 00       		.byte	0
 332 0217 0C       		.uleb128 0xc
 333 0218 F9000000 		.4byte	.LASF34
 334 021c 01       		.byte	0x1
 335 021d 0C       		.uleb128 0xc
 336 021e 09000000 		.4byte	.LASF35
 337 0222 02       		.byte	0x2
 338 0223 0C       		.uleb128 0xc
 339 0224 16010000 		.4byte	.LASF36
 340 0228 03       		.byte	0x3
 341 0229 0C       		.uleb128 0xc
 342 022a 21000000 		.4byte	.LASF37
 343 022e 04       		.byte	0x4
 344 022f 0C       		.uleb128 0xc
 345 0230 A5010000 		.4byte	.LASF38
 346 0234 05       		.byte	0x5
 347 0235 0C       		.uleb128 0xc
 348 0236 D3010000 		.4byte	.LASF39
 349 023a 06       		.byte	0x6
 350 023b 0C       		.uleb128 0xc
 351 023c 20010000 		.4byte	.LASF40
 352 0240 07       		.byte	0x7
 353 0241 0C       		.uleb128 0xc
 354 0242 EA010000 		.4byte	.LASF41
 355 0246 08       		.byte	0x8
 356 0247 0C       		.uleb128 0xc
 357 0248 8F010000 		.4byte	.LASF42
 358 024c 09       		.byte	0x9
 359 024d 00       		.byte	0
 360 024e 03       		.uleb128 0x3
 361 024f 93030000 		.4byte	.LASF43
 362 0253 04       		.byte	0x4
 363 0254 30       		.byte	0x30
 364 0255 11       		.byte	0x11
 365 0256 39000000 		.4byte	0x39
 366 025a 0A       		.uleb128 0xa
 367 025b 2D030000 		.4byte	.LASF44
 368 025f 04       		.byte	0x4
 369 0260 61       		.byte	0x61
 370 0261 16       		.byte	0x16
 371 0262 4E020000 		.4byte	0x24e
 372 0266 0D       		.uleb128 0xd
 373 0267 F7010000 		.4byte	0x1f7
 374 026b 06       		.byte	0x6
 375 026c 1C       		.byte	0x1c
 376 026d 11       		.byte	0x11
 377 026e 0E       		.uleb128 0xe
 378 026f AB000000 		.4byte	.LASF48
 379 0273 06       		.byte	0x6
 380 0274 24       		.byte	0x24
 381 0275 06       		.byte	0x6
 382 0276 87020000 		.4byte	0x287
 383 027a 0F       		.uleb128 0xf
 384 027b 41010000 		.4byte	.LASF49
 385 027f 06       		.byte	0x6
 386 0280 31       		.byte	0x31
 387 0281 13       		.byte	0x13
 388 0282 4E020000 		.4byte	0x24e
 389 0286 00       		.byte	0
 390 0287 10       		.uleb128 0x10
 391 0288 A1000000 		.4byte	.LASF50
 392 028c 06       		.byte	0x6
 393 028d 1E       		.byte	0x1e
 394 028e 1C       		.byte	0x1c
 395 028f 00       		.byte	0
 396              		.section	.gnu.debuglto_.debug_abbrev,"e",%progbits
 397              	.Ldebug_abbrev0:
 398 0000 01       		.uleb128 0x1
 399 0001 11       		.uleb128 0x11
 400 0002 01       		.byte	0x1
 401 0003 25       		.uleb128 0x25
 402 0004 0E       		.uleb128 0xe
 403 0005 13       		.uleb128 0x13
 404 0006 0B       		.uleb128 0xb
 405 0007 03       		.uleb128 0x3
 406 0008 0E       		.uleb128 0xe
 407 0009 1B       		.uleb128 0x1b
 408 000a 0E       		.uleb128 0xe
 409 000b 10       		.uleb128 0x10
 410 000c 17       		.uleb128 0x17
 411 000d 00       		.byte	0
 412 000e 00       		.byte	0
 413 000f 02       		.uleb128 0x2
 414 0010 24       		.uleb128 0x24
 415 0011 00       		.byte	0
 416 0012 0B       		.uleb128 0xb
 417 0013 0B       		.uleb128 0xb
 418 0014 3E       		.uleb128 0x3e
 419 0015 0B       		.uleb128 0xb
 420 0016 03       		.uleb128 0x3
 421 0017 0E       		.uleb128 0xe
 422 0018 00       		.byte	0
 423 0019 00       		.byte	0
 424 001a 03       		.uleb128 0x3
 425 001b 16       		.uleb128 0x16
 426 001c 00       		.byte	0
 427 001d 03       		.uleb128 0x3
 428 001e 0E       		.uleb128 0xe
 429 001f 3A       		.uleb128 0x3a
 430 0020 0B       		.uleb128 0xb
 431 0021 3B       		.uleb128 0x3b
 432 0022 0B       		.uleb128 0xb
 433 0023 39       		.uleb128 0x39
 434 0024 0B       		.uleb128 0xb
 435 0025 49       		.uleb128 0x49
 436 0026 13       		.uleb128 0x13
 437 0027 00       		.byte	0
 438 0028 00       		.byte	0
 439 0029 04       		.uleb128 0x4
 440 002a 24       		.uleb128 0x24
 441 002b 00       		.byte	0
 442 002c 0B       		.uleb128 0xb
 443 002d 0B       		.uleb128 0xb
 444 002e 3E       		.uleb128 0x3e
 445 002f 0B       		.uleb128 0xb
 446 0030 03       		.uleb128 0x3
 447 0031 08       		.uleb128 0x8
 448 0032 00       		.byte	0
 449 0033 00       		.byte	0
 450 0034 05       		.uleb128 0x5
 451 0035 13       		.uleb128 0x13
 452 0036 01       		.byte	0x1
 453 0037 0B       		.uleb128 0xb
 454 0038 0B       		.uleb128 0xb
 455 0039 3A       		.uleb128 0x3a
 456 003a 0B       		.uleb128 0xb
 457 003b 3B       		.uleb128 0x3b
 458 003c 0B       		.uleb128 0xb
 459 003d 39       		.uleb128 0x39
 460 003e 0B       		.uleb128 0xb
 461 003f 01       		.uleb128 0x1
 462 0040 13       		.uleb128 0x13
 463 0041 00       		.byte	0
 464 0042 00       		.byte	0
 465 0043 06       		.uleb128 0x6
 466 0044 0D       		.uleb128 0xd
 467 0045 00       		.byte	0
 468 0046 03       		.uleb128 0x3
 469 0047 0E       		.uleb128 0xe
 470 0048 3A       		.uleb128 0x3a
 471 0049 0B       		.uleb128 0xb
 472 004a 3B       		.uleb128 0x3b
 473 004b 0B       		.uleb128 0xb
 474 004c 39       		.uleb128 0x39
 475 004d 0B       		.uleb128 0xb
 476 004e 49       		.uleb128 0x49
 477 004f 13       		.uleb128 0x13
 478 0050 0B       		.uleb128 0xb
 479 0051 0B       		.uleb128 0xb
 480 0052 0D       		.uleb128 0xd
 481 0053 0B       		.uleb128 0xb
 482 0054 0C       		.uleb128 0xc
 483 0055 0B       		.uleb128 0xb
 484 0056 38       		.uleb128 0x38
 485 0057 0B       		.uleb128 0xb
 486 0058 00       		.byte	0
 487 0059 00       		.byte	0
 488 005a 07       		.uleb128 0x7
 489 005b 17       		.uleb128 0x17
 490 005c 01       		.byte	0x1
 491 005d 0B       		.uleb128 0xb
 492 005e 0B       		.uleb128 0xb
 493 005f 3A       		.uleb128 0x3a
 494 0060 0B       		.uleb128 0xb
 495 0061 3B       		.uleb128 0x3b
 496 0062 0B       		.uleb128 0xb
 497 0063 39       		.uleb128 0x39
 498 0064 0B       		.uleb128 0xb
 499 0065 01       		.uleb128 0x1
 500 0066 13       		.uleb128 0x13
 501 0067 00       		.byte	0
 502 0068 00       		.byte	0
 503 0069 08       		.uleb128 0x8
 504 006a 0D       		.uleb128 0xd
 505 006b 00       		.byte	0
 506 006c 49       		.uleb128 0x49
 507 006d 13       		.uleb128 0x13
 508 006e 00       		.byte	0
 509 006f 00       		.byte	0
 510 0070 09       		.uleb128 0x9
 511 0071 0D       		.uleb128 0xd
 512 0072 00       		.byte	0
 513 0073 03       		.uleb128 0x3
 514 0074 08       		.uleb128 0x8
 515 0075 3A       		.uleb128 0x3a
 516 0076 0B       		.uleb128 0xb
 517 0077 3B       		.uleb128 0x3b
 518 0078 0B       		.uleb128 0xb
 519 0079 39       		.uleb128 0x39
 520 007a 0B       		.uleb128 0xb
 521 007b 49       		.uleb128 0x49
 522 007c 13       		.uleb128 0x13
 523 007d 00       		.byte	0
 524 007e 00       		.byte	0
 525 007f 0A       		.uleb128 0xa
 526 0080 34       		.uleb128 0x34
 527 0081 00       		.byte	0
 528 0082 03       		.uleb128 0x3
 529 0083 0E       		.uleb128 0xe
 530 0084 3A       		.uleb128 0x3a
 531 0085 0B       		.uleb128 0xb
 532 0086 3B       		.uleb128 0x3b
 533 0087 0B       		.uleb128 0xb
 534 0088 39       		.uleb128 0x39
 535 0089 0B       		.uleb128 0xb
 536 008a 49       		.uleb128 0x49
 537 008b 13       		.uleb128 0x13
 538 008c 3F       		.uleb128 0x3f
 539 008d 19       		.uleb128 0x19
 540 008e 3C       		.uleb128 0x3c
 541 008f 19       		.uleb128 0x19
 542 0090 00       		.byte	0
 543 0091 00       		.byte	0
 544 0092 0B       		.uleb128 0xb
 545 0093 04       		.uleb128 0x4
 546 0094 01       		.byte	0x1
 547 0095 3E       		.uleb128 0x3e
 548 0096 0B       		.uleb128 0xb
 549 0097 0B       		.uleb128 0xb
 550 0098 0B       		.uleb128 0xb
 551 0099 49       		.uleb128 0x49
 552 009a 13       		.uleb128 0x13
 553 009b 3A       		.uleb128 0x3a
 554 009c 0B       		.uleb128 0xb
 555 009d 3B       		.uleb128 0x3b
 556 009e 0B       		.uleb128 0xb
 557 009f 39       		.uleb128 0x39
 558 00a0 0B       		.uleb128 0xb
 559 00a1 01       		.uleb128 0x1
 560 00a2 13       		.uleb128 0x13
 561 00a3 00       		.byte	0
 562 00a4 00       		.byte	0
 563 00a5 0C       		.uleb128 0xc
 564 00a6 28       		.uleb128 0x28
 565 00a7 00       		.byte	0
 566 00a8 03       		.uleb128 0x3
 567 00a9 0E       		.uleb128 0xe
 568 00aa 1C       		.uleb128 0x1c
 569 00ab 0B       		.uleb128 0xb
 570 00ac 00       		.byte	0
 571 00ad 00       		.byte	0
 572 00ae 0D       		.uleb128 0xd
 573 00af 34       		.uleb128 0x34
 574 00b0 00       		.byte	0
 575 00b1 47       		.uleb128 0x47
 576 00b2 13       		.uleb128 0x13
 577 00b3 3A       		.uleb128 0x3a
 578 00b4 0B       		.uleb128 0xb
 579 00b5 3B       		.uleb128 0x3b
 580 00b6 0B       		.uleb128 0xb
 581 00b7 39       		.uleb128 0x39
 582 00b8 0B       		.uleb128 0xb
 583 00b9 00       		.byte	0
 584 00ba 00       		.byte	0
 585 00bb 0E       		.uleb128 0xe
 586 00bc 2E       		.uleb128 0x2e
 587 00bd 01       		.byte	0x1
 588 00be 3F       		.uleb128 0x3f
 589 00bf 19       		.uleb128 0x19
 590 00c0 03       		.uleb128 0x3
 591 00c1 0E       		.uleb128 0xe
 592 00c2 3A       		.uleb128 0x3a
 593 00c3 0B       		.uleb128 0xb
 594 00c4 3B       		.uleb128 0x3b
 595 00c5 0B       		.uleb128 0xb
 596 00c6 39       		.uleb128 0x39
 597 00c7 0B       		.uleb128 0xb
 598 00c8 27       		.uleb128 0x27
 599 00c9 19       		.uleb128 0x19
 600 00ca 01       		.uleb128 0x1
 601 00cb 13       		.uleb128 0x13
 602 00cc 00       		.byte	0
 603 00cd 00       		.byte	0
 604 00ce 0F       		.uleb128 0xf
 605 00cf 34       		.uleb128 0x34
 606 00d0 00       		.byte	0
 607 00d1 03       		.uleb128 0x3
 608 00d2 0E       		.uleb128 0xe
 609 00d3 3A       		.uleb128 0x3a
 610 00d4 0B       		.uleb128 0xb
 611 00d5 3B       		.uleb128 0x3b
 612 00d6 0B       		.uleb128 0xb
 613 00d7 39       		.uleb128 0x39
 614 00d8 0B       		.uleb128 0xb
 615 00d9 49       		.uleb128 0x49
 616 00da 13       		.uleb128 0x13
 617 00db 00       		.byte	0
 618 00dc 00       		.byte	0
 619 00dd 10       		.uleb128 0x10
 620 00de 2E       		.uleb128 0x2e
 621 00df 00       		.byte	0
 622 00e0 3F       		.uleb128 0x3f
 623 00e1 19       		.uleb128 0x19
 624 00e2 03       		.uleb128 0x3
 625 00e3 0E       		.uleb128 0xe
 626 00e4 3A       		.uleb128 0x3a
 627 00e5 0B       		.uleb128 0xb
 628 00e6 3B       		.uleb128 0x3b
 629 00e7 0B       		.uleb128 0xb
 630 00e8 39       		.uleb128 0x39
 631 00e9 0B       		.uleb128 0xb
 632 00ea 27       		.uleb128 0x27
 633 00eb 19       		.uleb128 0x19
 634 00ec 00       		.byte	0
 635 00ed 00       		.byte	0
 636 00ee 00       		.byte	0
 637              		.section	.gnu.debuglto_.debug_line,"e",%progbits
 638              	.Ldebug_line0:
 639 0000 D7000000 		.4byte	.LELT0-.LSLT0
 640              	.LSLT0:
 641 0004 0400     		.2byte	0x4
 642 0006 D1000000 		.4byte	.LELTP0-.LASLTP0
 643              	.LASLTP0:
 644 000a 01       		.byte	0x1
 645 000b 01       		.byte	0x1
 646 000c 01       		.byte	0x1
 647 000d F6       		.byte	0xf6
 648 000e F2       		.byte	0xf2
 649 000f 0D       		.byte	0xd
 650 0010 00       		.byte	0
 651 0011 01       		.byte	0x1
 652 0012 01       		.byte	0x1
 653 0013 01       		.byte	0x1
 654 0014 01       		.byte	0x1
 655 0015 00       		.byte	0
 656 0016 00       		.byte	0
 657 0017 00       		.byte	0
 658 0018 01       		.byte	0x1
 659 0019 00       		.byte	0
 660 001a 00       		.byte	0
 661 001b 01       		.byte	0x1
 662 001c 7175616E 		.ascii	"quantum/bootmagic"
 662      74756D2F 
 662      626F6F74 
 662      6D616769 
 662      63
 663 002d 00       		.byte	0
 664 002e 7175616E 		.ascii	"quantum/logging"
 664      74756D2F 
 664      6C6F6767 
 664      696E67
 665 003d 00       		.byte	0
 666 003e 7175616E 		.ascii	"quantum/sequencer"
 666      74756D2F 
 666      73657175 
 666      656E6365 
 666      72
 667 004f 00       		.byte	0
 668 0050 7175616E 		.ascii	"quantum"
 668      74756D
 669 0057 00       		.byte	0
 670 0058 2F757372 		.ascii	"/usr/lib/gcc/arm-none-eabi/10.3.1/include"
 670      2F6C6962 
 670      2F676363 
 670      2F61726D 
 670      2D6E6F6E 
 671 0081 00       		.byte	0
 672 0082 00       		.byte	0
 673 0083 73746469 		.ascii	"stdint.h\000"
 673      6E742E68 
 673      00
 674 008c 05       		.uleb128 0x5
 675 008d 00       		.uleb128 0
 676 008e 00       		.uleb128 0
 677 008f 64656275 		.ascii	"debug.h\000"
 677      672E6800 
 678 0097 02       		.uleb128 0x2
 679 0098 00       		.uleb128 0
 680 0099 00       		.uleb128 0
 681 009a 6B657963 		.ascii	"keycode_config.h\000"
 681      6F64655F 
 681      636F6E66 
 681      69672E68 
 681      00
 682 00ab 04       		.uleb128 0x4
 683 00ac 00       		.uleb128 0
 684 00ad 00       		.uleb128 0
 685 00ae 61637469 		.ascii	"action_layer.h\000"
 685      6F6E5F6C 
 685      61796572 
 685      2E6800
 686 00bd 04       		.uleb128 0x4
 687 00be 00       		.uleb128 0
 688 00bf 00       		.uleb128 0
 689 00c0 73657175 		.ascii	"sequencer.h\000"
 689      656E6365 
 689      722E6800 
 690 00cc 03       		.uleb128 0x3
 691 00cd 00       		.uleb128 0
 692 00ce 00       		.uleb128 0
 693 00cf 6D616769 		.ascii	"magic.c\000"
 693      632E6300 
 694 00d7 01       		.uleb128 0x1
 695 00d8 00       		.uleb128 0
 696 00d9 00       		.uleb128 0
 697 00da 00       		.byte	0
 698              	.LELTP0:
 699              	.LELT0:
 700              		.section	.gnu.debuglto_.debug_str,"eMS",%progbits,1
 701              	.LASF33:
 702 0000 53515F52 		.ascii	"SQ_RES_2\000"
 702      45535F32 
 702      00
 703              	.LASF35:
 704 0009 53515F52 		.ascii	"SQ_RES_4\000"
 704      45535F34 
 704      00
 705              	.LASF27:
 706 0012 73776170 		.ascii	"swap_lctl_lgui\000"
 706      5F6C6374 
 706      6C5F6C67 
 706      756900
 707              	.LASF37:
 708 0021 53515F52 		.ascii	"SQ_RES_8\000"
 708      45535F38 
 708      00
 709              	.LASF25:
 710 002a 73776170 		.ascii	"swap_backslash_backspace\000"
 710      5F626163 
 710      6B736C61 
 710      73685F62 
 710      61636B73 
 711              	.LASF16:
 712 0043 6D6F7573 		.ascii	"mouse\000"
 712      6500
 713              	.LASF46:
 714 0049 7175616E 		.ascii	"quantum/bootmagic/magic.c\000"
 714      74756D2F 
 714      626F6F74 
 714      6D616769 
 714      632F6D61 
 715              	.LASF17:
 716 0063 72657365 		.ascii	"reserved\000"
 716      72766564 
 716      00
 717              	.LASF28:
 718 006c 73776170 		.ascii	"swap_rctl_rgui\000"
 718      5F726374 
 718      6C5F7267 
 718      756900
 719              	.LASF24:
 720 007b 73776170 		.ascii	"swap_grave_esc\000"
 720      5F677261 
 720      76655F65 
 720      736300
 721              	.LASF13:
 722 008a 656E6162 		.ascii	"enable\000"
 722      6C6500
 723              	.LASF29:
 724 0091 6F6E6573 		.ascii	"oneshot_disable\000"
 724      686F745F 
 724      64697361 
 724      626C6500 
 725              	.LASF50:
 726 00a1 626F6F74 		.ascii	"bootmagic\000"
 726      6D616769 
 726      6300
 727              	.LASF48:
 728 00ab 6D616769 		.ascii	"magic\000"
 728      6300
 729              	.LASF9:
 730 00b1 6C6F6E67 		.ascii	"long long unsigned int\000"
 730      206C6F6E 
 730      6720756E 
 730      7369676E 
 730      65642069 
 731              	.LASF31:
 732 00c8 64656275 		.ascii	"debug_config\000"
 732      675F636F 
 732      6E666967 
 732      00
 733              	.LASF22:
 734 00d5 73776170 		.ascii	"swap_ralt_rgui\000"
 734      5F72616C 
 734      745F7267 
 734      756900
 735              	.LASF4:
 736 00e4 756E7369 		.ascii	"unsigned char\000"
 736      676E6564 
 736      20636861 
 736      7200
 737              	.LASF23:
 738 00f2 6E6F5F67 		.ascii	"no_gui\000"
 738      756900
 739              	.LASF34:
 740 00f9 53515F52 		.ascii	"SQ_RES_2T\000"
 740      45535F32 
 740      5400
 741              	.LASF7:
 742 0103 73686F72 		.ascii	"short unsigned int\000"
 742      7420756E 
 742      7369676E 
 742      65642069 
 742      6E7400
 743              	.LASF36:
 744 0116 53515F52 		.ascii	"SQ_RES_4T\000"
 744      45535F34 
 744      5400
 745              	.LASF40:
 746 0120 53515F52 		.ascii	"SQ_RES_16T\000"
 746      45535F31 
 746      365400
 747              	.LASF19:
 748 012b 73776170 		.ascii	"swap_control_capslock\000"
 748      5F636F6E 
 748      74726F6C 
 748      5F636170 
 748      736C6F63 
 749              	.LASF49:
 750 0141 64656661 		.ascii	"default_layer\000"
 750      756C745F 
 750      6C617965 
 750      7200
 751              	.LASF8:
 752 014f 6C6F6E67 		.ascii	"long unsigned int\000"
 752      20756E73 
 752      69676E65 
 752      6420696E 
 752      7400
 753              	.LASF47:
 754 0161 2F686F6D 		.ascii	"/home/jstewart/source/yaemk-split-kb/Firmware\000"
 754      652F6A73 
 754      74657761 
 754      72742F73 
 754      6F757263 
 755              	.LASF42:
 756 018f 53455155 		.ascii	"SEQUENCER_RESOLUTIONS\000"
 756      454E4345 
 756      525F5245 
 756      534F4C55 
 756      54494F4E 
 757              	.LASF38:
 758 01a5 53515F52 		.ascii	"SQ_RES_8T\000"
 758      45535F38 
 758      5400
 759              	.LASF15:
 760 01af 6B657962 		.ascii	"keyboard\000"
 760      6F617264 
 760      00
 761              	.LASF10:
 762 01b8 756E7369 		.ascii	"unsigned int\000"
 762      676E6564 
 762      20696E74 
 762      00
 763              	.LASF32:
 764 01c5 6B65796D 		.ascii	"keymap_config\000"
 764      61705F63 
 764      6F6E6669 
 764      6700
 765              	.LASF39:
 766 01d3 53515F52 		.ascii	"SQ_RES_16\000"
 766      45535F31 
 766      3600
 767              	.LASF11:
 768 01dd 63686172 		.ascii	"char\000"
 768      00
 769              	.LASF5:
 770 01e2 75696E74 		.ascii	"uint8_t\000"
 770      385F7400 
 771              	.LASF41:
 772 01ea 53515F52 		.ascii	"SQ_RES_32\000"
 772      45535F33 
 772      3200
 773              	.LASF30:
 774 01f4 6B65796D 		.ascii	"keymap_config_t\000"
 774      61705F63 
 774      6F6E6669 
 774      675F7400 
 775              	.LASF45:
 776 0204 474E5520 		.ascii	"GNU C99 10.3.1 20210621 (release) -mcpu=cortex-m4 -"
 776      43393920 
 776      31302E33 
 776      2E312032 
 776      30323130 
 777 0237 6D746875 		.ascii	"mthumb -mno-thumb-interwork -mno-unaligned-access -"
 777      6D62202D 
 777      6D6E6F2D 
 777      7468756D 
 777      622D696E 
 778 026a 6D666C6F 		.ascii	"mfloat-abi=hard -mfpu=fpv4-sp-d16 -march=armv7e-m+f"
 778      61742D61 
 778      62693D68 
 778      61726420 
 778      2D6D6670 
 779 029d 70202D67 		.ascii	"p -ggdb -Os -Ofast -std=gnu99 -fsingle-precision-co"
 779      67646220 
 779      2D4F7320 
 779      2D4F6661 
 779      7374202D 
 780 02d0 6E737461 		.ascii	"nstant -fomit-frame-pointer -ffunction-sections -fd"
 780      6E74202D 
 780      666F6D69 
 780      742D6672 
 780      616D652D 
 781 0303 6174612D 		.ascii	"ata-sections -fshort-wchar -fcommon -flto\000"
 781      73656374 
 781      696F6E73 
 781      202D6673 
 781      686F7274 
 782              	.LASF44:
 783 032d 6C617965 		.ascii	"layer_state\000"
 783      725F7374 
 783      61746500 
 784              	.LASF21:
 785 0339 73776170 		.ascii	"swap_lalt_lgui\000"
 785      5F6C616C 
 785      745F6C67 
 785      756900
 786              	.LASF3:
 787 0348 6C6F6E67 		.ascii	"long long int\000"
 787      206C6F6E 
 787      6720696E 
 787      7400
 788              	.LASF18:
 789 0356 64656275 		.ascii	"debug_config_t\000"
 789      675F636F 
 789      6E666967 
 789      5F7400
 790              	.LASF14:
 791 0365 6D617472 		.ascii	"matrix\000"
 791      697800
 792              	.LASF1:
 793 036c 73686F72 		.ascii	"short int\000"
 793      7420696E 
 793      7400
 794              	.LASF20:
 795 0376 63617073 		.ascii	"capslock_to_control\000"
 795      6C6F636B 
 795      5F746F5F 
 795      636F6E74 
 795      726F6C00 
 796              	.LASF6:
 797 038a 75696E74 		.ascii	"uint16_t\000"
 797      31365F74 
 797      00
 798              	.LASF43:
 799 0393 6C617965 		.ascii	"layer_state_t\000"
 799      725F7374 
 799      6174655F 
 799      7400
 800              	.LASF2:
 801 03a1 6C6F6E67 		.ascii	"long int\000"
 801      20696E74 
 801      00
 802              	.LASF0:
 803 03aa 7369676E 		.ascii	"signed char\000"
 803      65642063 
 803      68617200 
 804              	.LASF26:
 805 03b6 6E6B726F 		.ascii	"nkro\000"
 805      00
 806              	.LASF12:
 807 03bb 5F426F6F 		.ascii	"_Bool\000"
 807      6C00
 808              		.text
 809              		.section	.gnu.lto_.profile.b0f312d005efd312,"e",%progbits
 810 0000 789C6362 		.ascii	"x\234cb\000\001\000\000\022\000\003"
 810      00010000 
 810      120003
 811              		.text
 812              		.section	.gnu.lto_.icf.b0f312d005efd312,"e",%progbits
 813 0000 789C1361 		.ascii	"x\234\023a@\000f\206\347\357\356\316\347e\274\270\246"
 813      40006686 
 813      E7EFEECE 
 813      E765BCB8 
 813      A6
 814 0011 751A33F3 		.ascii	"u\0323\363\202Gs\272\270\030\000b\355\010\307"
 814      824773BA 
 814      B8180062 
 814      ED08C7
 815              		.text
 816              		.section	.gnu.lto_.ipa_sra.b0f312d005efd312,"e",%progbits
 817 0000 789C9360 		.ascii	"x\234\223`@\000&\006\006FF\006\010d\000c\010\011\000"
 817      40002606 
 817      06464606 
 817      08640063 
 817      080900
 818 0013 041B0022 		.ascii	"\004\033\000\""
 819              		.text
 820              		.section	.gnu.lto_.inline.b0f312d005efd312,"e",%progbits
 821 0000 789CAB62 		.ascii	"x\234\253b@\000&\006\006\346\006 `Ja\004\261\033\201"
 821      40002606 
 821      06E60620 
 821      604A6104 
 821      B11B81
 822 0013 CC3A0606 		.ascii	"\314:\006\0066\210\020\023H\210\201\221A\354\331\231"
 822      36881013 
 822      48888191 
 822      41ECD999 
 823 0023 99379932 		.ascii	"\2317\2312\201*\270\200\342\007\230R\321T0q\203\224"
 823      812AB880 
 823      E2079852 
 823      D1543071 
 823      8394
 824 0035 4DF043A1 		.ascii	"M\360C\241\031\030\271\030`r\014\230\"\014\000)\276"
 824      1918B918 
 824      60720C98 
 824      220C0029 
 824      BE
 825 0046 12C4     		.ascii	"\022\304"
 826              		.text
 827              		.section	.gnu.lto_.jmpfuncs.b0f312d005efd312,"e",%progbits
 828 0000 789CD362 		.ascii	"x\234\323b@\000& f\004S\214\007X\030\031\200\370?#\032"
 828      40002620 
 828      6604538C 
 828      07581819 
 828      80F83F23 
 829 0015 0F0A006F 		.ascii	"\017\012\000o\314\005H"
 829      CC0548
 830              		.text
 831              		.section	.gnu.lto_.pureconst.b0f312d005efd312,"e",%progbits
 832 0000 789C6367 		.ascii	"x\234cg```b\230\301\3028\203\005\000\004\245\001C"
 832      60606062 
 832      98C1C238 
 832      83050004 
 832      A50143
 833              		.text
 834              		.section	.gnu.lto_.lto.b0f312d005efd312,"e",%progbits
 835 0000 09000400 		.ascii	"\011\000\004\000\001\000\000\000"
 835      01000000 
 836              		.text
 837              		.section	.gnu.lto_bootmagic.291.b0f312d005efd312,"e",%progbits
 838 0000 789C2B62 		.ascii	"x\234+b``\360\006be fdf`\2344\261\213\211\241\241\241"
 838      6060F006 
 838      62652066 
 838      6466609C 
 838      34B18B89 
 839 0017 C1819D89 		.ascii	"\301\201\235\211\261qb\027'\343VF0\217\221\241\236\211"
 839      B1716217 
 839      27E35646 
 839      308F91A1 
 839      9E89
 840 0029 B19E7132 		.ascii	"\261\236q2\263&\220\373c\351\254}\025\015+\0160.af`"
 840      B32690FB 
 840      63E9AC7D 
 840      150D2B0E 
 840      302E6166 
 841 003e 9807C450 		.ascii	"\230\007\304P\300\006\3431\002\361\372K\254\007\032"
 841      C006E331 
 841      02F1FA4B 
 841      AC071A
 842 004d FEFCEF6F 		.ascii	"\376\374\357ohx\272\2241\226\211\201\241\237\031dp\003"
 842      6878BA94 
 842      31968981 
 842      A19F1964 
 842      7003
 843 005f 0B63C301 		.ascii	"\013c\303\001\006\206\011\314L\020N#\220\363\212\261"
 843      068609CC 
 843      4C104E23 
 843      90F38AB1 
 844 006f 4189E113 		.ascii	"A\211\341\023c\223\002\330\224~fF\204:\006\006=\375"
 844      639302D8 
 844      947E6646 
 844      843A0606 
 844      3DFD
 845 0081 8CFCDC54 		.ascii	"\214\374\334T\375\254\342\222\324\362\304\242\022\375"
 845      FDACE292 
 845      D4F2C4A2 
 845      12FD
 846 008f E2FCD2A2 		.ascii	"\342\374\322\242\344T\375\312\304\324\334l\335\342\202"
 846      E454FDCA 
 846      C4D4DC6C 
 846      DDE282
 847 009e 9CCC12DD 		.ascii	"\234\314\022\335\354$}\267\314\242\\\240t*\203Taib^"
 847      EC247DB7 
 847      CCA25CA0 
 847      742A8354 
 847      6169625E 
 848 00b2 4969AE7E 		.ascii	"Ii\256~R~~Inbzf\262>\230\324Kf\000\000\371\031E("
 848      527E7E49 
 848      6E627A66 
 848      B23E98D4 
 848      4B660000 
 849              		.text
 850              		.section	.gnu.lto_magic.292.b0f312d005efd312,"e",%progbits
 851 0000 789C5D51 		.ascii	"x\234]Q\317k\023Q\020\236\357\315&1\2465mmT<\365\342"
 851      CF6B1351 
 851      109EEFCD 
 851      2631A635 
 851      6D6D543C 
 852 0016 41A1D914 		.ascii	"A\241\331\024\365\340\315\223^\374\013\274H\022\267"
 852      F5E0CD93 
 852      5EFC0BBC 
 852      4812B7
 853 0025 3626319A 		.ascii	"6&1\232\037HO\335\246\361\222\203I\252\210H\273JX%'"
 853      1F484FDD 
 853      A6F19283 
 853      49AA8848 
 853      BB4A5825 
 854 003a 3D6911AC 		.ascii	"=i\021\254D{Q\360\240\205z\020\012\322\213\246\007\011"
 854      447B51F0 
 854      A0857A10 
 854      0AD28BA6 
 854      0709
 855 004c 1E448AA2 		.ascii	"\036D\212\242\357\275\215\011u\331\035v\336|\337|\337"
 855      EFBD8D09 
 855      75D91D76 
 855      DE7CDF7C 
 855      DF
 856 005d CCAB0BA2 		.ascii	"\314\253\013\2424\021\235\225\037|\204\305FU\220m\333"
 856      34119D95 
 856      1F7C84C5 
 856      4655906D 
 856      DB
 857 006e A703422C 		.ascii	"\247\003B,4n\012\254\240\372\270\0261*\215\320\217\017"
 857      346E0AAC 
 857      A0FAB816 
 857      312A8DD0 
 857      8F0F
 858 0080 DD6306E3 		.ascii	"\335c\006\343v\037a`\276Q\015J\204\316@s\202\015\314"
 858      761F6160 
 858      BE510D4A 
 858      84CE4073 
 858      820DCC
 859 0093 E1161F95 		.ascii	"\341\026\037\225\007?\037\336{7t\343\220\313D\216\374"
 859      073F1FDE 
 859      7B3774E3 
 859      90CB448E 
 859      FC
 860 00a4 7ACF1283 		.ascii	"z\317\022\203\317\251x\244m\333\335\316\307\231\273"
 860      CFA978A4 
 860      6DDBDDCE 
 860      C799BB
 861 00b3 B6E132F0 		.ascii	"\266\3412\360\024\022\204\343\210)\320\371\035\303O"
 861      141284E3 
 861      8829D0F9 
 861      1DC34F
 862 00c2 78861E11 		.ascii	"x\206\036\021\362\225\331\223u_\333\376\365\247f\333"
 862      F295D993 
 862      755FDBFE 
 862      F5A766DB 
 863 00d2 5F5C6C6D 		.ascii	"_\\lm\372\306@.\013!\003\263\014\206\241\376\302\232"
 863      FAC6402E 
 863      0B2103B3 
 863      0C86A1FE 
 863      C29A
 864 00e4 4735560E 		.ascii	"G5V\016m\003v\233\250\316\302K\346e\262\015{k9B],<8"
 864      6D03769B 
 864      A8CEC24B 
 864      E665B20D 
 864      7B6B3942 
 865 00fc D9645420 		.ascii	"\331dT \\\3669,9.\373\251\203Jg-!\317\027Y\366\206\347"
 865      5CF6392C 
 865      392EFBA9 
 865      834A672D 
 865      21CF1759 
 866 0113 B9CEFCBE 		.ascii	"\271\316\374\276\273\323B\237\177\337R\374\011\322\344"
 866      BBD3429F 
 866      7FDF52FC 
 866      09D2E4
 867 0122 80C34291 		.ascii	"\200\303B\221\367h\244\261[i\305S*4Yhp\320\221^%x/}"
 867      F768A4B1 
 867      5B69C553 
 867      2A345968 
 867      70D0915E 
 868 013a 43B95BFD 		.ascii	"C\271[\375-\226<\251\020\324N4$\324b\275\246Gj\274!"
 868      2D963CA9 
 868      10D44E34 
 868      24D462BD 
 868      A6476ABC 
 869 014f AC022F40 		.ascii	"\254\002/@1\331\365\353\270\313\303x\211e\265\024\331"
 869      31D9F5EB 
 869      B8CBC378 
 869      8965B514 
 869      D9
 870 0160 500B3CEF 		.ascii	"P\013<\357\013\260f\357s\330P\002\341\377\004F\006\002"
 870      0BB066EF 
 870      73D85002 
 870      E1FF0446 
 870      0602
 871 0172 232D465F 		.ascii	"#-F_`\024\257\201W\236@+\342\362\030\326\244\000\224"
 871      6014AF81 
 871      579E402B 
 871      E2F218D6 
 871      A40094
 872 0185 006B81D5 		.ascii	"\000k\201\325\310\356Y}\336\254\252\264\016\255\275"
 872      C8EE597D 
 872      DEACAAB4 
 872      0EADBD
 873 0194 812687FF 		.ascii	"\201&\207\377M\347\367\246\333FyB^\204,h\344\206jR\351"
 873      4DE7F7A6 
 873      DB467942 
 873      5E842C68 
 873      E4866A52 
 874 01a9 35D9EF70 		.ascii	"5\331\357p@\365\017\273<\256\253\237\240\314\336\011"
 874      40F50FBB 
 874      3CAEAB9F 
 874      A0CCDE09 
 875 01b9 36D9E8B9 		.ascii	"6\331\350\271\215\014\334FZrRm\025x\013\274\221\326"
 875      8D0CDC46 
 875      5A72526D 
 875      15780BBC 
 875      91D6
 876 01cb 06AD0E38 		.ascii	"\006\255\0168j\355\222\347\362A\372\216\362\347M\237"
 876      6AED92E7 
 876      F241FA8E 
 876      F2E74D9F 
 877 01db BEB11A63 		.ascii	"\276\261\032cp\375DQs&\227\265\314\313\205\242u=\236"
 877      70FD4451 
 877      732697B5 
 877      CCCB85A2 
 877      753D9E
 878 01ee 2F9A855C 		.ascii	"/\232\205\\)\237\264\314\331\270\225MO\026\256fR\305"
 878      299FB4CC 
 878      D9B8954D 
 878      4F16AE66 
 878      52C5
 879 0200 C974C23C 		.ascii	"\311t\302<\223\312ge\331\242\303\327J\361+\305R\326"
 879      93CA6765 
 879      D9A2C3D7 
 879      4AF12BC5 
 879      52D6
 880 0212 4CE472C5 		.ascii	"L\344r\305l\374R*i\352\030M\322\360Ek:^\312\024/d\342"
 880      6CFC522A 
 880      69EA184D 
 880      D2F0456B 
 880      3A5ECA14 
 881 0229 B3567EB4 		.ascii	"\263V~\264w\034\235\212%OM%NL\323_#v\354$"
 881      771C9D8A 
 881      254F4D25 
 881      4E4CD35F 
 881      2376EC24 
 882              		.text
 883              		.section	.gnu.lto_.symbol_nodes.b0f312d005efd312,"e",%progbits
 884 0000 789C7590 		.ascii	"x\234u\220\275\021\3020\014F\365}N\342\220\014\001\263"
 884      BD11C230 
 884      0C46F57D 
 884      4EE2900C 
 884      01B3
 885 0012 700CC406 		.ascii	"p\014\304\006J6`\206\020 \374-@M\3151\004\003P\323\200"
 885      4A366086 
 885      1020FC2D 
 885      404DCD31 
 885      040350D3 
 886 0027 8DDD4A8D 		.ascii	"\215\335J\215\336\351I\247\223\326\020\021n\251\322"
 886      DEE949A7 
 886      93D61011 
 886      6EA9D2
 887 0036 8528B079 		.ascii	"\205(\260y\210\250\310\255\353!Q\0059Ra\311r\242,b\036"
 887      88A8C8AD 
 887      EB215105 
 887      395261C9 
 887      72A22C62 
 888 004b 887E19E1 		.ascii	"\210~\031\341B\306\002\256T~s\314\377\223\022W\3041"
 888      42C602AE 
 888      547E73CC 
 888      FF931257 
 888      C431
 889 005d 9CA9CE72 		.ascii	"\234\251\316r'ja\271#\265\264\334\201ZYnO\365\226\333"
 889      276A61B9 
 889      23B5B4DC 
 889      815A596E 
 889      4FF596DB 
 890 0071 516BC339 		.ascii	"Qk\3039\264\351\356\225C\363|\177&`\204\303,\025_\001"
 890      B4E9EE95 
 890      43F37C7F 
 890      266084C3 
 890      2C155F01 
 891 0085 EB84F7CA 		.ascii	"\353\204\367\312!\377o\360\016>7\004\254rC\343P&\034"
 891      21FF6FF0 
 891      0E3E3704 
 891      AC7243E3 
 891      50261C
 892 0098 5BF9018B 		.ascii	"[\371\001\213\351}\246"
 892      E97DA6
 893              		.text
 894              		.section	.gnu.lto_.refs.b0f312d005efd312,"e",%progbits
 895 0000 789CE367 		.ascii	"x\234\343g```fdd\342``d\346f``\021a`\000\000\002\242"
 895      60606066 
 895      6464E260 
 895      6064E666 
 895      60601161 
 896 0019 0046     		.ascii	"\000F"
 897              		.text
 898              		.section	.gnu.lto_.decls.b0f312d005efd312,"e",%progbits
 899 0000 789C8556 		.ascii	"x\234\205VmPT\327\031>\3579\227\335\345\262\002\211"
 899      6D5054D7 
 899      193EEF39 
 899      97DDE5B2 
 899      0289
 900 0012 EB6813EB 		.ascii	"\353h\023\353P\353\007m\242\033\321\261\365\037\223"
 900      50EB076D 
 900      A21BD1B1 
 900      F51F93
 901 0021 CEA43F32 		.ascii	"\316\244?2\023\235\316\364O\377\354\354\307\025\266"
 901      139DCEF4 
 901      4FFFECEC 
 901      C715B6
 902 0030 EC72EDEE 		.ascii	"\354r\355\356\242q\246\235\271 \001\212\212TM\202\237"
 902      A271A69D 
 902      B920018A 
 902      8A544D82 
 902      9F
 903 0041 A11A2D7E 		.ascii	"\241\032-~\304\241\215I\014~\255\020\025\004\024\215"
 903      C4A18D49 
 903      0C7EAD10 
 903      1504148D 
 904 0051 55445131 		.ascii	"UDQ1j\326\210J\214\215&\242\366=\347\336\275\027\326"
 904      6AD6884A 
 904      8C8D26A2 
 904      F63DE7DE 
 904      BD17D6
 905 0064 EDF4E8BB 		.ascii	"\355\364\350\273\357\371x\336\347}\336\363\261\313:"
 905      EFF978DE 
 905      E77DDEF3 
 905      B1CB3A
 906 0073 27217D94 		.ascii	"'!}\224\2209@\3103l\214\020r\232X-\023\355\020Z\034"
 906      903940C8 
 906      336C8C10 
 906      729A582D 
 906      13ED105A 
 907 0088 AD1DADCB 		.ascii	"\255\035\255\313X\357E\353C\273\204\366\025\032\217"
 907      58EF45EB 
 907      43BB84F6 
 907      151A8F
 908 0097 7B82F633 		.ascii	"{\202\3663\344\3719\220Q\355/8\346S\305\306\030\014"
 908      E4F93990 
 908      51ED2F38 
 908      E653C5C6 
 908      180C
 909 00a9 CED4568E 		.ascii	"\316\324V\216\013\023\014\334Q\264\001\264\211h\323"
 909      0B130CDC 
 909      51B401B4 
 909      8968D3
 910 00b8 B8E1DA35 		.ascii	"\270\341\3325\364\323\321\037D\237\217\276\007\375/"
 910      F4D3D11F 
 910      449F8FBE 
 910      07FD2F
 911 00c7 D00FA33F 		.ascii	"\320\017\243?\205\366K\354\237G\377\012\372<\264s\330"
 911      85F64BEC 
 911      9F47FF0A 
 911      FA3CB473 
 911      D8
 912 00d8 7F157D27 		.ascii	"\177\025}'\372\031\350g\242\035\307>\226K\036\241M\002"
 912      FA19E867 
 912      A21DC73E 
 912      964B1EA1 
 912      4D02
 913 00ea BDBEB851 		.ascii	"\275\276\270Q\303%\243\246^C\337i\243\336\366\377S\337"
 913      C325A3A6 
 913      5E43DF69 
 913      A3DEF6FF 
 913      53DF
 914 00fc 06463B2F 		.ascii	"\006F;/nn\316\274\001\034\006R\000\000z\347\342\207"
 914      6E6ECEBC 
 914      011C0652 
 914      00007AE7 
 914      E287
 915 010e 4CFEC088 		.ascii	"L\376\300\210K\243\032\315\0160*3\231\005\344^)'\377"
 915      4BA31ACD 
 915      0E302A33 
 915      9905E45E 
 915      2927FF
 916 0121 012B74D0 		.ascii	"\001+t\320\374\034\331\321\324\006\271r\206\203\322"
 916      FC1CD9D1 
 916      D406B972 
 916      8683D2
 917 0130 843D20E7 		.ascii	"\204= \347\377\010\273i\243-\257P\223\002+\306%\354"
 917      FF08BB69 
 917      A32DAF50 
 917      93022BC6 
 917      25EC
 918 0142 1AAD7FCB 		.ascii	"\032\255\177\3135\273\020?\023\366v\010`\324\002\311"
 918      35BB103F 
 918      13F67608 
 918      60D402C9 
 919 0152 918BBD84 		.ascii	"\221\213\275\204]~\300\032W\332\002\335\264f:\264\203"
 919      5D7EC01A 
 919      57DA02DD 
 919      B4663AB4 
 919      83
 920 0163 1C287069 		.ascii	"\034(pi\232V\350pL\232\324\312ZY;\352s8\232\367\214"
 920      9A56E870 
 920      4C9AD4CA 
 920      5A593BEA 
 920      73389AF7 
 921 0178 9313F61C 		.ascii	"\223\023\366\034\344\310\017\344\345\006\362r\332!#"
 921      E4C80FE4 
 921      E506F272 
 921      DA2123
 922 0187 10905DF9 		.ascii	"\020\220]\371\004U\004\012\012\012\251\214\324\222\243"
 922      0455040A 
 922      0A0AA98C 
 922      D492A3
 923 0196 1D0A1838 		.ascii	"\035\012\0308\013\264\201\333\343\345\0149sR^>!\001"
 923      0BB481DB 
 923      E3E50C39 
 923      73525E3E 
 923      2101
 924 01a8 F2064562 		.ascii	"\362\006Eb\366,\331\300\216I\003\326\020 _\246\005\224"
 924      F62CD9C0 
 924      8E4903D6 
 924      10205FA6 
 924      0594
 925 01ba BD99B0E3 		.ascii	"\275\231\260\343~\322<B4\311\341t\202\206.\323\363f"
 925      7ED23C42 
 925      34C9E174 
 925      82862ED3 
 925      F366
 926 01cc 6041814C 		.ascii	"`A\201L\022v\212K.\0114\012V\244l#\000\024\210\370\207"
 926      12768A4B 
 926      2E09340A 
 926      56A46C23 
 926      001488F8 
 927 01e1 8D80DE23 		.ascii	"\215\200\336#`\030\031\231\305\\\247F\207\220\344\254"
 927      60181999 
 927      C55CA746 
 927      8790E4AC 
 928 01f1 D988E909 		.ascii	"\331\210\351\01158\250~\313\000\014O \231b\00491\350"
 928      3538A87E 
 928      CB000C4F 
 928      20996204 
 928      3931E8
 929 0204 08189024 		.ascii	"\010\030\220$\217\021\253\237rr&\251\205\347\020`\232"
 929      8F11AB9F 
 929      727226A9 
 929      85E71060 
 929      9A
 930 0215 9C35DB73 		.ascii	"\2345\333s\302G5K\006\3470\356\315\232\033\373+3o\342"
 930      C247354B 
 930      06E730EE 
 930      CD9A1BFB 
 930      2B336FE2 
 931 0229 B6696BC7 		.ascii	"\266ik\307Av}!^\264\237\0226\235/5o\034>\355\2200\352"
 931      41767D21 
 931      5EB49F12 
 931      369D2F35 
 931      6F1C3EED 
 932 0240 3304B357 		.ascii	"3\004\263W\211[\023\255\325O\340s]\332\374\254\325\014"
 932      895B13AD 
 932      D54FE073 
 932      5DDAFCAC 
 932      D50C
 933 0252 5E048A9F 		.ascii	"^\004\212\237.\310\305\220\352\375u\235\362x\004\015"
 933      2EC8C590 
 933      EAFD759D 
 933      F278040D 
 934 0262 6A9A0B8A 		.ascii	"j\232\013\212\341\000\300~\236\367 \246UE\276]\313:"
 934      E100C07E 
 934      9EF720A6 
 934      5545BE5D 
 934      CB3A
 935 0274 6FD82737 		.ascii	"o\330'7\324k\217\326T\237m\3159\260O\323\336\251\320"
 935      D46B8FD6 
 935      549F6DCD 
 935      39B04FD3 
 935      DEA9D0
 936 0287 3407C7C0 		.ascii	"4\007\307\300\247\000-\034\276\017\341\237\242}\002"
 936      A7002D1C 
 936      BE0FE19F 
 936      A27D02
 937 0296 B017E657 		.ascii	"\260\027\346Wg\260]\300c\343\357o\255\0333\271\241A"
 937      67B05DC0 
 937      63E3EF6F 
 937      AD1B33B9 
 937      A141
 938 02a8 1BEA5A51 		.ascii	"\033\352ZQ\255\345b\230&\361\260\303z\030\006\0366\203"
 938      ADE56298 
 938      26F1B0C3 
 938      7A18061E 
 938      3683
 939 02ba EE4AEC9F 		.ascii	"\356J\354\237@P\330Dx\006\302\021\366\205`9Rs\344n\206"
 939      4050D844 
 939      7806C211 
 939      F6856039 
 939      5273E46E 
 940 02cf 1CD7B484 		.ascii	"\034\327\264\204\326Z\316\010\314\206\327\010|\001\210"
 940      D65ACE08 
 940      CC86D708 
 940      7C0188
 941 02de 68016803 		.ascii	"h\001h\003h\005\004\255\253\031\274*I\234\362(\200\212"
 941      680504AD 
 941      AB19BC2A 
 941      499CF228 
 941      808A
 942 02f0 13EDE75B 		.ascii	"\023\355\347[\3568\314\312p2Y\332qLy\014Dmu\367\336"
 942      EE38CCCA 
 942      703259DA 
 942      714C790C 
 942      446D75F7 
 943 0305 DD472737 		.ascii	"\335G'7h\332\243\263u\337|e\337\250\265R\\\206#\246"
 943      68DAA3B3 
 943      75DF7C65 
 943      DFA8B552 
 943      5C8623A6 
 944 0319 BC23C2B1 		.ascii	"\274#\302\261o\204\216\347Rl?=\334oO\263y\235\230\341"
 944      6F848EE7 
 944      526C3F3D 
 944      DC6F4FB3 
 944      799D98E1 
 945 032d 849EE1D8 		.ascii	"\204\236\341\330\262\252\3011<\303\320\246\266\345u"
 945      B2AAC131 
 945      3CC3D0A6 
 945      B6E575
 946 033c 1A2CC045 		.ascii	"\032,\300E\3500\371;t\376a\254\265\201r|\327\261\225"
 946      E830F93B 
 946      74FE61AC 
 946      B581727C 
 946      D7B195
 947 034f F83A536A 		.ascii	"\370:Sj=\231R\353\355\236k5Yf\336SVi=\346\251}\274\345"
 947      3D9952EB 
 947      ED9E6B35 
 947      5966DE53 
 947      56693DE6 
 948 0367 FA41262A 		.ascii	"\372A&*\253_\263\177\253MT\326\003\320mf\356\3263\357"
 948      AB5FB37F 
 948      AB4D54D6 
 948      03D06D66 
 948      EED633EF 
 949 037b A57CCBA7 		.ascii	"\245|\313\247\341Ed\302\023\326!t<\254j\332\234\305"
 949      E14564C2 
 949      13D62174 
 949      3CAC6ADA 
 949      9CC5
 950 038d 750C6AF1 		.ascii	"u\014j\361\212\014bd\200\177\003bP\311Y\200/\271\222"
 950      8A0C6264 
 950      807F0362 
 950      50C95980 
 950      2FB992
 951 03a0 4B8DDB36 		.ascii	"K\215\3336PS\3119K\311yS\311\325\301\036\237\330\200"
 951      5053C939 
 951      4BC97953 
 951      C9D5C11E 
 951      9FD880
 952 03b3 436D5562 		.ascii	"CmUb\003\316\003\2341e\234\321e\234\021I\357\3276U\200"
 952      03CE039C 
 952      31659CD1 
 952      659C1149 
 952      EFD73655 
 953 03c8 C0EEDBAA 		.ascii	"\300\356\333\252cQ\362\005\023{A\307\336\024\330\033"
 953      6351F205 
 953      137B41C7 
 953      DE14D81B 
 954 03d8 E50F3B1D 		.ascii	"\345\017;\035\002\373A\333\267\232#\237_\253\213&\364"
 954      02FB41DB 
 954      B79A239F 
 954      5FAB8B26 
 954      F4
 955 03e9 A20E7D40 		.ascii	"\242\016}@\011\253a\010\267\265\324\356\335*\275\014"
 955      09AB6108 
 955      B7B5D4EE 
 955      DD2ABD0C 
 956 03f9 80FF3329 		.ascii	"\200\3773)\014@\005\277\211\003 6\272\322i\354\363e"
 956      0C4005BF 
 956      89032036 
 956      BAD269EC 
 956      F365
 957 040b C0290257 		.ascii	"\300)\002W\000\256\362\342\266\3077\\\005\263\270\001"
 957      00AEF2E2 
 957      B6C7375C 
 957      05B3B801 
 958 041b ABB86B66 		.ascii	"\253\270kfq\365\211#\337\211mn\336\270\254:\236Kq\011"
 958      71F58923 
 958      DF896D6E 
 958      DEB8AC3A 
 958      9E4B7109 
 959 042f FA4D15FD 		.ascii	"\372M\025\375\272\212:F\304{\223\330\006\241\345\312"
 959      BA8A3A46 
 959      C47B93D8 
 959      06A1E5CA 
 960 043f 07FDBD36 		.ascii	"\007\375\2756]\213\214:\376\014\267\360\273\352\226"
 960      5D8B8C3A 
 960      FE0CB7F0 
 960      BBEA96
 961 044e AEA57182 		.ascii	"\256\245q\202\256\205\340\004\201\004\300\327 b\031"
 961      AE85E004 
 961      8104C0D7 
 961      206219
 962 045d FBD060A1 		.ascii	"\373\320`\241l'#\354c\264\026\316\226}\263\347I3\233"
 962      6C2723EC 
 962      63B416CE 
 962      967DB3E7 
 962      49339B
 963 0470 3265EC14 		.ascii	"2e\354\024lH\361h\365\346\216\337\255\327j}\\\360]\200"
 963      6C48F168 
 963      F5E68EDF 
 963      ADD76A7D 
 963      5CF05D80 
 964 0484 FB000582 		.ascii	"\373\000\005\202\317\315'\036\340\210 \252\271}\257"
 964      CFCD271E 
 964      E08820AA 
 964      B97DAF
 965 0493 B656B2F1 		.ascii	"\266V\262\361\251{i0\263\210\306\305hqH\252\271\317"
 965      A97B6930 
 965      B388C6C5 
 965      687148AA 
 965      B9CF
 966 04a5 8B826F01 		.ascii	"\213\202o\001\206\000\276\007\370\016\340?\2748N\325"
 966      8600BE07 
 966      F80EE03F 
 966      BC384ED5 
 967 04b5 6952DD4E 		.ascii	"iR\335NC\205O\007\271\206\272OTi\257;a\242`\322)\335"
 967      43854F07 
 967      B986BA4F 
 967      5469AF3B 
 967      61A260D2 
 968 04cb 68B338C3 		.ascii	"h\2638\303P\327\231\204\346\370\273\023K\206\233\202"
 968      50D79984 
 968      E6F8BB13 
 968      4B869B82 
 969 04db E206181C 		.ascii	"\342\006\030\034\247\004\007\376J\362D'\314Dw\322$\032"
 969      A70407FE 
 969      4AF24427 
 969      CC4477D2 
 969      241A
 970 04ed C4BBDB27 		.ascii	"\304\273\333'\366w\327\323m\323\246\270\370f\014\235"
 970      F677D7D3 
 970      6DD3A6B8 
 970      F8660C9D 
 971 04fd 6C296E88 		.ascii	"l)n\210\003\247y\010\360\303\350\314\251%\376 J\374"
 971      03A77908 
 971      F0C3E8CC 
 971      A925FE20 
 971      4AFC
 972 050f 11E011AF 		.ascii	"\021\340\021\257,):\267\334\211\271Hj0\273\314S\321"
 972      2C293AB7 
 972      DC89B948 
 972      6A30BBCC 
 972      53D1
 973 0521 7F756CDA 		.ascii	"\177ul\332\233\343\032\315\004\217!\205\013\201M\345"
 973      9BE31ACD 
 973      048F2185 
 973      0B814DE5 
 974 0531 AD5F674F 		.ascii	"\255_gO\345\327\365\302e,\266\241\020\206\001\256\013"
 974      E5D7F5C2 
 974      652CB6A1 
 974      108601AE 
 974      0B
 975 0542 944E7B1D 		.ascii	"\224N{\035\310\374Z\312\356\030\247,\263\307F/\223-"
 975      C8FC5ACA 
 975      EE18A72C 
 975      B3C7462F 
 975      932D
 976 0554 97085B2F 		.ascii	"\227\010[/\351#;\333a\364ll\217\321\313`\307\021q\016"
 976      E9233BDB 
 976      61F46C6C 
 976      8FD1CB60 
 976      C711710E 
 977 0568 AD1F6D10 		.ascii	"\255\037m\020\3551\332\252\014\314\373\322\255\253\361"
 977      ED31DAAA 
 977      0CCCFBD2 
 977      ADABF1
 978 0577 ADB2B81B 		.ascii	"\255\262\270\033\311\206b+u\261\311\353\274\212r\031"
 978      C986622B 
 978      75B1C9EB 
 978      BC8A7219 
 979 0587 AB29BC4F 		.ascii	"\253)\274O\341=\012\033(\254\247\360.\205\265\024\032"
 979      E13D0A1B 
 979      28ACA7F0 
 979      2E85B514 
 979      1A
 980 0598 28ACA1F0 		.ascii	"(\254\241\3607\012\353\250\276'\275\353o\367\314\255"
 980      370AEBA8 
 980      BE27BDEB 
 980      6FF7CCAD 
 981 05a8 F1C13411 		.ascii	"\361\3014\021\226d\260\216\362\324\001\375(\361L*(\207"
 981      9664B08E 
 981      F2D401FD 
 981      28F14C2A 
 981      2887
 982 05ba 8C38A47A 		.ascii	"\2148\244z\012\345T\234\344!\363$\353\322\200\004S\363"
 982      0AE5549C 
 982      E421F324 
 982      EBD28004 
 982      53F3
 983 05cc 4913B32C 		.ascii	"I\023\263,\015f\266\300t\231\230\3524\230*\232r?\377"
 983      0D66B6C0 
 983      749998EA 
 983      34982A9A 
 983      723FFF
 984 05df 9A065443 		.ascii	"\232\006TCS\336\303\2124\240A\375\002\0366A+\323\200"
 984      53DEC38A 
 984      34A041FD 
 984      021E3641 
 984      2BD380
 985 05f2 F487D56D 		.ascii	"\364\207\325mb\336I\203\251\324\263\365\232 -\015\350"
 985      62DE4983 
 985      A9D4B3F5 
 985      9A202D0D 
 985      E8
 986 0603 59EA75AF 		.ascii	"Y\352u\257M\0032\336D\207\011Z\236\006$~\267l\035\303"
 986      4D0332DE 
 986      4487095A 
 986      9E06247E 
 986      B76C1DC3 
 987 0617 C706725C 		.ascii	"\307\006r\\\342\344\361\233,N\255\223\337(N~3\205M\306"
 987      E2E4F19B 
 987      2C4EAD93 
 987      DF284E7E 
 987      33854DC6 
 988 062b F10E5DD8 		.ascii	"\361\016]\330\251\211+\277\212\212\325\347\017\370\300"
 988      A9892BBF 
 988      8A8AD5E7 
 988      0FF8C0
 989 063a 815013BE 		.ascii	"\201P\023\276\250s\342E=\207`\207\371\255\243;W\\\333"
 989      A873E245 
 989      3D876087 
 989      F9ADA33B 
 989      575CDB
 990 064d 425DA9F9 		.ascii	"B]\251\371\340\003\232\222\021\241\332\321[\335\231"
 990      E0039A92 
 990      11A1DAD1 
 990      5BDD99
 991 065c 53F1CF8B 		.ascii	"S\361\317\213\336\236\332\035s\343\025\0224Rx*\036F"
 991      DE9EDA1D 
 991      73E31512 
 991      3452782A 
 991      1E46
 992 066e 92FA293E 		.ascii	"\222\372)>\215\233\022;%\250\2736\237\331\346\230\332"
 992      8D9B123B 
 992      25A8BB36 
 992      9FD9E698 
 992      DA
 993 067f 2B7EB23B 		.ascii	"+~\262;\332\262\326\343\317\244\304\177\217\267P\353"
 993      DAB2D6E3 
 993      CFA4C47F 
 993      8FB750EB 
 994 068f 2D6DA164 		.ascii	"-m\241d~\237$\376\322\221\304\013\311\303\300\265\227"
 994      7E9F24FE 
 994      D291C40B 
 994      C9C3C0B5 
 994      97
 995 06a0 AF54494E 		.ascii	"\257TIN^\202\326\330*\361/\352m\024>D\025\260\235\012"
 995      5E82D6D8 
 995      2AF12FEA 
 995      6D143E44 
 995      15B09D0A 
 996 06b4 25272E35 		.ascii	"%'.5?vX\200\203\026\340\037:`\333\246\376J\247\005\350"
 996      3F765880 
 996      8316E01F 
 996      3A60DBA6 
 996      FE4AA705 
 997 06c9 B1004D3A 		.ascii	"\261\000M:\340\243\317\017o\311\266\000\303\026`\207"
 997      E0A3CF0F 
 997      6FC9B600 
 997      C3166087 
 998 06d9 0E58D1D5 		.ascii	"\016X\321\325\367\036X\200\363\026`\247\016h_WY\225"
 998      F71E5880 
 998      F31660A7 
 998      0E685F57 
 998      5995
 999 06eb 6501702B 		.ascii	"e\001p+\222\200]:\240\362\336\345/s,@\247\305\260[\007"
 999      92805D3A 
 999      A0F2DEE5 
 999      2F732C40 
 999      A7C5B05B 
 1000 0700 7CFF6477 		.ascii	"|\377dw\363\210*\216Z\200\217t@K\337'\2371\013p\334"
 1000      F3882A8E 
 1000      5A808F74 
 1000      404BDF27 
 1000      9F310B70 
 1001 0715 02ECE147 		.ascii	"\002\354\341GB\347\020\2477\022^\374+eF\370\225\205"
 1001      42E710A7 
 1001      37125EFC 
 1001      2B6546F8 
 1001      9585
 1002 0727 8B88EC57 		.ascii	"\213\210\354W#1\345\355\031\3419$\323\247\252\261\260"
 1002      2331E5ED 
 1002      19E13924 
 1002      D3A7AAB1 
 1002      B0
 1003 0738 B728E897 		.ascii	"\267(\350\227\226(\336\222\237\374\251\314[\032+\013"
 1003      9628DE92 
 1003      9FFCA9CC 
 1003      5B1A2B0B 
 1004 0748 BBCD69B7 		.ascii	"\273\315i\267\370\234\351w\374\366\255\337\347\375f"
 1004      F89CE977 
 1004      FCF6ADDF 
 1004      E7FD66
 1005 0757 DE3CF282 		.ascii	"\336<\362\20211s\326k\376y\263|s\026\222\231\356b5\254"
 1005      313173D6 
 1005      6BFE79B3 
 1005      7C731692 
 1005      99EE6235 
 1006 076c B8FF188D 		.ascii	"\270\377\030\215)K\274\221\230;\252\226E\374\212{\251"
 1006      294BBC91 
 1006      983BAA96 
 1006      45FC8A7B 
 1006      A9
 1007 077d 570997CC 		.ascii	"W\011\227\314\210.\012\005c3J|\3567\202\2210.+\344\245"
 1007      882E0A05 
 1007      63334A7C 
 1007      EE378291 
 1007      302E2BE4 
 1008 0792 FF998364 		.ascii	"\377\231\203d\210\316\213!\357R%\342\211\306\2741\305"
 1008      88CE8B21 
 1008      EF5225E2 
 1008      89C6BC31 
 1008      C5
 1009 07a3 1355629E 		.ascii	"\023Ub\236\022\337\230\221S\261\361I\006\257?\026TK"
 1009      12DF9891 
 1009      53B1F149 
 1009      06AF3F16 
 1009      544B
 1010 07b5 3D627166 		.ascii	"=bqf1y!\240,\364\226\205b\036\003\255\304^V\024\277"
 1010      317921A0 
 1010      2CF49685 
 1010      621E03AD 
 1010      C45E5614 
 1011 07ca 5ABA3058 		.ascii	"Z\2720X\344\211"
 1011      E489
 1012 07d0 28DE8067 		.ascii	"(\336\200g\324\272\275,X\032\373\265'66\311\226\304"
 1012      D4BABD2C 
 1012      581AFBB5 
 1012      273636C9 
 1012      96C4
 1013 07e2 22936B74 		.ascii	"\"\223kt\\\211\2624\354]\344\340\001\263\346bD*\253"
 1013      5C89B234 
 1013      EC5DE4E0 
 1013      01B3E662 
 1013      442AAB
 1014 07f5 AFAC688C 		.ascii	"\257\254h\2149\027,\015\216@\004\243\036\245\324\353"
 1014      39172C0D 
 1014      8E4004A3 
 1014      1EA5D4EB 
 1015 0805 0B29810C 		.ascii	"\013)\201\014\317\353\252\032r\012\264G_uD\224\250\022"
 1015      CFEBAA1A 
 1015      720AB447 
 1015      5F754494 
 1015      A812
 1016 0817 598C6B61 		.ascii	"Y\214ka\265,\25280\217O\365F\002\266\2607\026\011\276"
 1016      B52CAA38 
 1016      308F4FF5 
 1016      4602B6B0 
 1016      371609BE 
 1017 082b 6DD32327 		.ascii	"m\323#'$\005\206\324\242\242`i\221[P\240J\026\361.\311"
 1017      240586D4 
 1017      A2A26069 
 1017      915B50A0 
 1017      4A16F12E 
 1018 0840 1EC9E789 		.ascii	"\036\311\347\211\215\321\245\032\343\034\265T\211\026"
 1018      8DD1A51A 
 1018      E31CB554 
 1018      8916
 1019 084e AB314F20 		.ascii	"\2531O \030\345L\331\321%\270\026\361\307B\236HQYP\037"
 1019      18E54CD9 
 1019      D125B816 
 1019      F1C7429E 
 1019      48515950 
 1020 0863 86F83084 		.ascii	"\206\3700\204C\251\264$\242N\020s>\257\277$\032\362"
 1020      43A9B424 
 1020      A24E1073 
 1020      3EAFBF24 
 1020      1AF2
 1021 0875 468BF5DE 		.ascii	"F\213\365\336\"\257\337\210-\212x\027+\036%\352\267"
 1021      22AFDF88 
 1021      2D8A7817 
 1021      2B1E25EA 
 1021      B7
 1022 0886 95AA1E93 		.ascii	"\225\252\036\223\"\342\305M\035\301\310\207\234q\254"
 1022      22E2C54D 
 1022      1DC1C887 
 1022      9C71AC
 1023 0895 DFBB281A 		.ascii	"\337\273(\032R\375%\236\230\312%\305\"jh\234\200\030"
 1023      52FD259E 
 1023      98CA25C5 
 1023      226A689C 
 1023      8018
 1024 08a7 034F1260 		.ascii	"\003O\022`^<\324\357W\003\212\307<\212\234Q\025ybY#"
 1024      5E3CD4EF 
 1024      57038AC7 
 1024      3C8A9C51 
 1024      15796259 
 1025 08bc AEC27F01 		.ascii	"\256\302\177\001m\031\255\325"
 1025      6D19ADD5 
 1026              		.text
 1027              		.section	.gnu.lto_.symtab.b0f312d005efd312,"e",%progbits
 1028 0000 626F6F74 		.ascii	"bootmagic\000"
 1028      6D616769 
 1028      6300
 1029 000a 00       		.ascii	"\000"
 1030 000b 01       		.ascii	"\001"
 1031 000c 00       		.ascii	"\000"
 1032 000d 00000000 		.ascii	"\000\000\000\000\000\000\000\000"
 1032      00000000 
 1033 0015 BE000000 		.ascii	"\276\000\000\000"
 1034 0019 6D616769 		.ascii	"magic\000"
 1034      6300
 1035 001f 00       		.ascii	"\000"
 1036 0020 00       		.ascii	"\000"
 1037 0021 00       		.ascii	"\000"
 1038 0022 00000000 		.ascii	"\000\000\000\000\000\000\000\000"
 1038      00000000 
 1039 002a C0000000 		.ascii	"\300\000\000\000"
 1040 002e 6B65796D 		.ascii	"keymap_config\000"
 1040      61705F63 
 1040      6F6E6669 
 1040      6700
 1041 003c 00       		.ascii	"\000"
 1042 003d 04       		.ascii	"\004"
 1043 003e 00       		.ascii	"\000"
 1044 003f 02000000 		.ascii	"\002\000\000\000\000\000\000\000"
 1044      00000000 
 1045 0047 21010000 		.ascii	"!\001\000\000"
 1046 004b 64656275 		.ascii	"debug_config\000"
 1046      675F636F 
 1046      6E666967 
 1046      00
 1047 0058 00       		.ascii	"\000"
 1048 0059 02       		.ascii	"\002"
 1049 005a 00       		.ascii	"\000"
 1050 005b 00000000 		.ascii	"\000\000\000\000\000\000\000\000"
 1050      00000000 
 1051 0063 FD000000 		.ascii	"\375\000\000\000"
 1052 0067 6C617965 		.ascii	"layer_state\000"
 1052      725F7374 
 1052      61746500 
 1053 0073 00       		.ascii	"\000"
 1054 0074 02       		.ascii	"\002"
 1055 0075 00       		.ascii	"\000"
 1056 0076 00000000 		.ascii	"\000\000\000\000\000\000\000\000"
 1056      00000000 
 1057 007e 23010000 		.ascii	"#\001\000\000"
 1058 0082 6C617965 		.ascii	"layer_state_set_kb\000"
 1058      725F7374 
 1058      6174655F 
 1058      7365745F 
 1058      6B6200
 1059 0095 00       		.ascii	"\000"
 1060 0096 02       		.ascii	"\002"
 1061 0097 00       		.ascii	"\000"
 1062 0098 00000000 		.ascii	"\000\000\000\000\000\000\000\000"
 1062      00000000 
 1063 00a0 C8000000 		.ascii	"\310\000\000\000"
 1064 00a4 64656661 		.ascii	"default_layer_set\000"
 1064      756C745F 
 1064      6C617965 
 1064      725F7365 
 1064      7400
 1065 00b6 00       		.ascii	"\000"
 1066 00b7 02       		.ascii	"\002"
 1067 00b8 00       		.ascii	"\000"
 1068 00b9 00000000 		.ascii	"\000\000\000\000\000\000\000\000"
 1068      00000000 
 1069 00c1 CC000000 		.ascii	"\314\000\000\000"
 1070 00c5 6565636F 		.ascii	"eeconfig_read_default_layer\000"
 1070      6E666967 
 1070      5F726561 
 1070      645F6465 
 1070      6661756C 
 1071 00e1 00       		.ascii	"\000"
 1072 00e2 02       		.ascii	"\002"
 1073 00e3 00       		.ascii	"\000"
 1074 00e4 00000000 		.ascii	"\000\000\000\000\000\000\000\000"
 1074      00000000 
 1075 00ec D1000000 		.ascii	"\321\000\000\000"
 1076 00f0 6565636F 		.ascii	"eeconfig_read_keymap\000"
 1076      6E666967 
 1076      5F726561 
 1076      645F6B65 
 1076      796D6170 
 1077 0105 00       		.ascii	"\000"
 1078 0106 02       		.ascii	"\002"
 1079 0107 00       		.ascii	"\000"
 1080 0108 00000000 		.ascii	"\000\000\000\000\000\000\000\000"
 1080      00000000 
 1081 0110 D8000000 		.ascii	"\330\000\000\000"
 1082 0114 6565636F 		.ascii	"eeconfig_read_debug\000"
 1082      6E666967 
 1082      5F726561 
 1082      645F6465 
 1082      62756700 
 1083 0128 00       		.ascii	"\000"
 1084 0129 02       		.ascii	"\002"
 1085 012a 00       		.ascii	"\000"
 1086 012b 00000000 		.ascii	"\000\000\000\000\000\000\000\000"
 1086      00000000 
 1087 0133 DA000000 		.ascii	"\332\000\000\000"
 1088 0137 6565636F 		.ascii	"eeconfig_init\000"
 1088      6E666967 
 1088      5F696E69 
 1088      7400
 1089 0145 00       		.ascii	"\000"
 1090 0146 02       		.ascii	"\002"
 1091 0147 00       		.ascii	"\000"
 1092 0148 00000000 		.ascii	"\000\000\000\000\000\000\000\000"
 1092      00000000 
 1093 0150 DC000000 		.ascii	"\334\000\000\000"
 1094 0154 6565636F 		.ascii	"eeconfig_is_enabled\000"
 1094      6E666967 
 1094      5F69735F 
 1094      656E6162 
 1094      6C656400 
 1095 0168 00       		.ascii	"\000"
 1096 0169 02       		.ascii	"\002"
 1097 016a 00       		.ascii	"\000"
 1098 016b 00000000 		.ascii	"\000\000\000\000\000\000\000\000"
 1098      00000000 
 1099 0173 E3000000 		.ascii	"\343\000\000\000"
 1100              		.text
 1101              		.section	.gnu.lto_.ext_symtab.b0f312d005efd312,"e",%progbits
 1102 0000 01       		.ascii	"\001"
 1103 0001 01       		.ascii	"\001"
 1104 0002 00       		.ascii	"\000"
 1105 0003 01       		.ascii	"\001"
 1106 0004 00       		.ascii	"\000"
 1107 0005 02       		.ascii	"\002"
 1108 0006 01       		.ascii	"\001"
 1109 0007 02       		.ascii	"\002"
 1110 0008 01       		.ascii	"\001"
 1111 0009 02       		.ascii	"\002"
 1112 000a 01       		.ascii	"\001"
 1113 000b 01       		.ascii	"\001"
 1114 000c 00       		.ascii	"\000"
 1115 000d 01       		.ascii	"\001"
 1116 000e 00       		.ascii	"\000"
 1117 000f 01       		.ascii	"\001"
 1118 0010 00       		.ascii	"\000"
 1119 0011 01       		.ascii	"\001"
 1120 0012 00       		.ascii	"\000"
 1121 0013 01       		.ascii	"\001"
 1122 0014 00       		.ascii	"\000"
 1123 0015 01       		.ascii	"\001"
 1124 0016 00       		.ascii	"\000"
 1125 0017 01       		.ascii	"\001"
 1126 0018 00       		.ascii	"\000"
 1127              		.text
 1128              		.section	.gnu.lto_.opts,"e",%progbits
 1129 0000 272D666E 		.ascii	"'-fno-openmp' '-fno-openacc' '-fno-pie' '-fcf-prote"
 1129      6F2D6F70 
 1129      656E6D70 
 1129      2720272D 
 1129      666E6F2D 
 1130 0033 6374696F 		.ascii	"ction=none' '-g' '-mcpu=cortex-m4' '-mthumb' '-mno-"
 1130      6E3D6E6F 
 1130      6E652720 
 1130      272D6727 
 1130      20272D6D 
 1131 0066 7468756D 		.ascii	"thumb-interwork' '-mno-unaligned-access' '-mfloat-a"
 1131      622D696E 
 1131      74657277 
 1131      6F726B27 
 1131      20272D6D 
 1132 0099 62693D68 		.ascii	"bi=hard' '-mfpu=fpv4-sp-d16' '-mlibarch=armv7e-m+fp"
 1132      61726427 
 1132      20272D6D 
 1132      6670753D 
 1132      66707634 
 1133 00cc 2720272D 		.ascii	"' '-march=armv7e-m+fp' '-Os' '-Ofast' '-fsingle-pre"
 1133      6D617263 
 1133      683D6172 
 1133      6D763765 
 1133      2D6D2B66 
 1134 00ff 63697369 		.ascii	"cision-constant' '-fomit-frame-pointer' '-ffunction"
 1134      6F6E2D63 
 1134      6F6E7374 
 1134      616E7427 
 1134      20272D66 
 1135 0132 2D736563 		.ascii	"-sections' '-fdata-sections' '-fshort-wchar' '-fcom"
 1135      74696F6E 
 1135      73272027 
 1135      2D666461 
 1135      74612D73 
 1136 0165 6D6F6E27 		.ascii	"mon' '-flto' '-Xassembler' '-adhlns=.build/obj_karl"
 1136      20272D66 
 1136      6C746F27 
 1136      20272D58 
 1136      61737365 
 1137 0198 6B39305F 		.ascii	"k90_yaemk_moonlanderlike/quantum/bootmagic/magic.ls"
 1137      7961656D 
 1137      6B5F6D6F 
 1137      6F6E6C61 
 1137      6E646572 
 1138 01cb 742700   		.ascii	"t'\000"
 1139              		.text
 1140              		.comm	__gnu_lto_slim,1,1
 1141              		.ident	"GCC: (15:10.3-2021.07-4) 10.3.1 20210621 (release)"
DEFINED SYMBOLS
                            *ABS*:0000000000000000 magic.c
     /tmp/ccs6MNRd.s:22     .gnu.debuglto_.debug_info:0000000000000000 magic.c.10c91b4f
                            *COM*:0000000000000001 __gnu_lto_slim

NO UNDEFINED SYMBOLS
