   1              		.cpu cortex-m4
   2              		.eabi_attribute 27, 1
   3              		.eabi_attribute 28, 1
   4              		.eabi_attribute 23, 1
   5              		.eabi_attribute 24, 1
   6              		.eabi_attribute 25, 1
   7              		.eabi_attribute 26, 1
   8              		.eabi_attribute 30, 2
   9              		.eabi_attribute 34, 0
  10              		.eabi_attribute 18, 2
  11              		.file	"hal_lld.c"
  12              		.file 1 "./lib/chibios/os/common/ext/ST/STM32F3xx/stm32f303xc.h"
  13              		.file 2 "/usr/lib/gcc/arm-none-eabi/10.3.1/include/stdint.h"
  14              		.file 3 "lib/chibios/os/hal/ports/STM32/STM32F3xx/hal_lld.c"
  15              		.file 4 "./lib/chibios/os/common/ext/ST/STM32F3xx/system_stm32f3xx.h"
  16              		.section	.gnu.debuglto_.debug_info,"e",%progbits
  17              	.Ldebug_info0:
  18              		.hidden	hal_lld.c.383fb434
  19              		.weak	hal_lld.c.383fb434
  20              	hal_lld.c.383fb434:
  21 0000 A3020000 		.4byte	0x2a3
  22 0004 0400     		.2byte	0x4
  23 0006 00000000 		.4byte	.Ldebug_abbrev0
  24 000a 04       		.byte	0x4
  25 000b 01       		.uleb128 0x1
  26 000c 59010000 		.4byte	.LASF34
  27 0010 0C       		.byte	0xc
  28 0011 35000000 		.4byte	.LASF35
  29 0015 EF000000 		.4byte	.LASF36
  30 0019 00000000 		.4byte	.Ldebug_line0
  31 001d 02       		.uleb128 0x2
  32 001e 04       		.byte	0x4
  33 001f 05       		.byte	0x5
  34 0020 696E7400 		.ascii	"int\000"
  35 0024 03       		.uleb128 0x3
  36 0025 04       		.byte	0x4
  37 0026 07       		.byte	0x7
  38 0027 47010000 		.4byte	.LASF0
  39 002b 03       		.uleb128 0x3
  40 002c 02       		.byte	0x2
  41 002d 07       		.byte	0x7
  42 002e B6000000 		.4byte	.LASF1
  43 0032 03       		.uleb128 0x3
  44 0033 01       		.byte	0x1
  45 0034 06       		.byte	0x6
  46 0035 FD020000 		.4byte	.LASF2
  47 0039 03       		.uleb128 0x3
  48 003a 02       		.byte	0x2
  49 003b 05       		.byte	0x5
  50 003c B0020000 		.4byte	.LASF3
  51 0040 03       		.uleb128 0x3
  52 0041 04       		.byte	0x4
  53 0042 05       		.byte	0x5
  54 0043 EF020000 		.4byte	.LASF4
  55 0047 03       		.uleb128 0x3
  56 0048 08       		.byte	0x8
  57 0049 05       		.byte	0x5
  58 004a 00000000 		.4byte	.LASF5
  59 004e 03       		.uleb128 0x3
  60 004f 01       		.byte	0x1
  61 0050 08       		.byte	0x8
  62 0051 8A000000 		.4byte	.LASF6
  63 0055 04       		.uleb128 0x4
  64 0056 E6020000 		.4byte	.LASF13
  65 005a 02       		.byte	0x2
  66 005b 34       		.byte	0x34
  67 005c 19       		.byte	0x19
  68 005d 66000000 		.4byte	0x66
  69 0061 05       		.uleb128 0x5
  70 0062 55000000 		.4byte	0x55
  71 0066 03       		.uleb128 0x3
  72 0067 04       		.byte	0x4
  73 0068 07       		.byte	0x7
  74 0069 9E000000 		.4byte	.LASF7
  75 006d 03       		.uleb128 0x3
  76 006e 08       		.byte	0x8
  77 006f 07       		.byte	0x7
  78 0070 6D000000 		.4byte	.LASF8
  79 0074 06       		.uleb128 0x6
  80 0075 93020000 		.4byte	.LASF37
  81 0079 04       		.byte	0x4
  82 007a 4A       		.byte	0x4a
  83 007b 11       		.byte	0x11
  84 007c 55000000 		.4byte	0x55
  85 0080 07       		.uleb128 0x7
  86 0081 24       		.byte	0x24
  87 0082 01       		.byte	0x1
  88 0083 8D01     		.2byte	0x18d
  89 0085 09       		.byte	0x9
  90 0086 06010000 		.4byte	0x106
  91 008a 08       		.uleb128 0x8
  92 008b 41435200 		.ascii	"ACR\000"
  93 008f 01       		.byte	0x1
  94 0090 8F01     		.2byte	0x18f
  95 0092 11       		.byte	0x11
  96 0093 61000000 		.4byte	0x61
  97 0097 00       		.byte	0
  98 0098 09       		.uleb128 0x9
  99 0099 F8020000 		.4byte	.LASF9
 100 009d 01       		.byte	0x1
 101 009e 9001     		.2byte	0x190
 102 00a0 11       		.byte	0x11
 103 00a1 61000000 		.4byte	0x61
 104 00a5 04       		.byte	0x4
 105 00a6 09       		.uleb128 0x9
 106 00a7 C9000000 		.4byte	.LASF10
 107 00ab 01       		.byte	0x1
 108 00ac 9101     		.2byte	0x191
 109 00ae 11       		.byte	0x11
 110 00af 61000000 		.4byte	0x61
 111 00b3 08       		.byte	0x8
 112 00b4 08       		.uleb128 0x8
 113 00b5 535200   		.ascii	"SR\000"
 114 00b8 01       		.byte	0x1
 115 00b9 9201     		.2byte	0x192
 116 00bb 11       		.byte	0x11
 117 00bc 61000000 		.4byte	0x61
 118 00c0 0C       		.byte	0xc
 119 00c1 08       		.uleb128 0x8
 120 00c2 435200   		.ascii	"CR\000"
 121 00c5 01       		.byte	0x1
 122 00c6 9301     		.2byte	0x193
 123 00c8 11       		.byte	0x11
 124 00c9 61000000 		.4byte	0x61
 125 00cd 10       		.byte	0x10
 126 00ce 08       		.uleb128 0x8
 127 00cf 415200   		.ascii	"AR\000"
 128 00d2 01       		.byte	0x1
 129 00d3 9401     		.2byte	0x194
 130 00d5 11       		.byte	0x11
 131 00d6 61000000 		.4byte	0x61
 132 00da 14       		.byte	0x14
 133 00db 09       		.uleb128 0x9
 134 00dc DD000000 		.4byte	.LASF11
 135 00e0 01       		.byte	0x1
 136 00e1 9501     		.2byte	0x195
 137 00e3 11       		.byte	0x11
 138 00e4 55000000 		.4byte	0x55
 139 00e8 18       		.byte	0x18
 140 00e9 08       		.uleb128 0x8
 141 00ea 4F425200 		.ascii	"OBR\000"
 142 00ee 01       		.byte	0x1
 143 00ef 9601     		.2byte	0x196
 144 00f1 11       		.byte	0x11
 145 00f2 61000000 		.4byte	0x61
 146 00f6 1C       		.byte	0x1c
 147 00f7 09       		.uleb128 0x9
 148 00f8 68000000 		.4byte	.LASF12
 149 00fc 01       		.byte	0x1
 150 00fd 9701     		.2byte	0x197
 151 00ff 11       		.byte	0x11
 152 0100 61000000 		.4byte	0x61
 153 0104 20       		.byte	0x20
 154 0105 00       		.byte	0
 155 0106 0A       		.uleb128 0xa
 156 0107 20000000 		.4byte	.LASF14
 157 010b 01       		.byte	0x1
 158 010c 9901     		.2byte	0x199
 159 010e 03       		.byte	0x3
 160 010f 80000000 		.4byte	0x80
 161 0113 07       		.uleb128 0x7
 162 0114 1C       		.byte	0x1c
 163 0115 01       		.byte	0x1
 164 0116 C901     		.2byte	0x1c9
 165 0118 09       		.byte	0x9
 166 0119 56010000 		.4byte	0x156
 167 011d 09       		.uleb128 0x9
 168 011e 98000000 		.4byte	.LASF15
 169 0122 01       		.byte	0x1
 170 0123 CB01     		.2byte	0x1cb
 171 0125 11       		.byte	0x11
 172 0126 61000000 		.4byte	0x61
 173 012a 00       		.byte	0
 174 012b 08       		.uleb128 0x8
 175 012c 52435200 		.ascii	"RCR\000"
 176 0130 01       		.byte	0x1
 177 0131 CC01     		.2byte	0x1cc
 178 0133 11       		.byte	0x11
 179 0134 61000000 		.4byte	0x61
 180 0138 04       		.byte	0x4
 181 0139 09       		.uleb128 0x9
 182 013a 40010000 		.4byte	.LASF16
 183 013e 01       		.byte	0x1
 184 013f CD01     		.2byte	0x1cd
 185 0141 11       		.byte	0x11
 186 0142 66010000 		.4byte	0x166
 187 0146 08       		.byte	0x8
 188 0147 09       		.uleb128 0x9
 189 0148 84000000 		.4byte	.LASF17
 190 014c 01       		.byte	0x1
 191 014d CE01     		.2byte	0x1ce
 192 014f 11       		.byte	0x11
 193 0150 61000000 		.4byte	0x61
 194 0154 18       		.byte	0x18
 195 0155 00       		.byte	0
 196 0156 0B       		.uleb128 0xb
 197 0157 61000000 		.4byte	0x61
 198 015b 66010000 		.4byte	0x166
 199 015f 0C       		.uleb128 0xc
 200 0160 24000000 		.4byte	0x24
 201 0164 03       		.byte	0x3
 202 0165 00       		.byte	0
 203 0166 05       		.uleb128 0x5
 204 0167 56010000 		.4byte	0x156
 205 016b 0A       		.uleb128 0xa
 206 016c CB020000 		.4byte	.LASF18
 207 0170 01       		.byte	0x1
 208 0171 CF01     		.2byte	0x1cf
 209 0173 03       		.byte	0x3
 210 0174 13010000 		.4byte	0x113
 211 0178 07       		.uleb128 0x7
 212 0179 08       		.byte	0x8
 213 017a 01       		.byte	0x1
 214 017b F501     		.2byte	0x1f5
 215 017d 09       		.byte	0x9
 216 017e 9E010000 		.4byte	0x19e
 217 0182 08       		.uleb128 0x8
 218 0183 435200   		.ascii	"CR\000"
 219 0186 01       		.byte	0x1
 220 0187 F701     		.2byte	0x1f7
 221 0189 11       		.byte	0x11
 222 018a 61000000 		.4byte	0x61
 223 018e 00       		.byte	0
 224 018f 08       		.uleb128 0x8
 225 0190 43535200 		.ascii	"CSR\000"
 226 0194 01       		.byte	0x1
 227 0195 F801     		.2byte	0x1f8
 228 0197 11       		.byte	0x11
 229 0198 61000000 		.4byte	0x61
 230 019c 04       		.byte	0x4
 231 019d 00       		.byte	0
 232 019e 0A       		.uleb128 0xa
 233 019f D1000000 		.4byte	.LASF19
 234 01a3 01       		.byte	0x1
 235 01a4 F901     		.2byte	0x1f9
 236 01a6 03       		.byte	0x3
 237 01a7 78010000 		.4byte	0x178
 238 01ab 07       		.uleb128 0x7
 239 01ac 34       		.byte	0x34
 240 01ad 01       		.byte	0x1
 241 01ae FE01     		.2byte	0x1fe
 242 01b0 09       		.byte	0x9
 243 01b1 6B020000 		.4byte	0x26b
 244 01b5 08       		.uleb128 0x8
 245 01b6 435200   		.ascii	"CR\000"
 246 01b9 01       		.byte	0x1
 247 01ba 0002     		.2byte	0x200
 248 01bc 11       		.byte	0x11
 249 01bd 61000000 		.4byte	0x61
 250 01c1 00       		.byte	0
 251 01c2 09       		.uleb128 0x9
 252 01c3 13000000 		.4byte	.LASF20
 253 01c7 01       		.byte	0x1
 254 01c8 0102     		.2byte	0x201
 255 01ca 11       		.byte	0x11
 256 01cb 61000000 		.4byte	0x61
 257 01cf 04       		.byte	0x4
 258 01d0 08       		.uleb128 0x8
 259 01d1 43495200 		.ascii	"CIR\000"
 260 01d5 01       		.byte	0x1
 261 01d6 0202     		.2byte	0x202
 262 01d8 11       		.byte	0x11
 263 01d9 61000000 		.4byte	0x61
 264 01dd 08       		.byte	0x8
 265 01de 09       		.uleb128 0x9
 266 01df 82020000 		.4byte	.LASF21
 267 01e3 01       		.byte	0x1
 268 01e4 0302     		.2byte	0x203
 269 01e6 11       		.byte	0x11
 270 01e7 61000000 		.4byte	0x61
 271 01eb 0C       		.byte	0xc
 272 01ec 09       		.uleb128 0x9
 273 01ed E6000000 		.4byte	.LASF22
 274 01f1 01       		.byte	0x1
 275 01f2 0402     		.2byte	0x204
 276 01f4 11       		.byte	0x11
 277 01f5 61000000 		.4byte	0x61
 278 01f9 10       		.byte	0x10
 279 01fa 09       		.uleb128 0x9
 280 01fb 2E000000 		.4byte	.LASF23
 281 01ff 01       		.byte	0x1
 282 0200 0502     		.2byte	0x205
 283 0202 11       		.byte	0x11
 284 0203 61000000 		.4byte	0x61
 285 0207 14       		.byte	0x14
 286 0208 09       		.uleb128 0x9
 287 0209 8B020000 		.4byte	.LASF24
 288 020d 01       		.byte	0x1
 289 020e 0602     		.2byte	0x206
 290 0210 11       		.byte	0x11
 291 0211 61000000 		.4byte	0x61
 292 0215 18       		.byte	0x18
 293 0216 09       		.uleb128 0x9
 294 0217 38010000 		.4byte	.LASF25
 295 021b 01       		.byte	0x1
 296 021c 0702     		.2byte	0x207
 297 021e 11       		.byte	0x11
 298 021f 61000000 		.4byte	0x61
 299 0223 1C       		.byte	0x1c
 300 0224 09       		.uleb128 0x9
 301 0225 0E000000 		.4byte	.LASF26
 302 0229 01       		.byte	0x1
 303 022a 0802     		.2byte	0x208
 304 022c 11       		.byte	0x11
 305 022d 61000000 		.4byte	0x61
 306 0231 20       		.byte	0x20
 307 0232 08       		.uleb128 0x8
 308 0233 43535200 		.ascii	"CSR\000"
 309 0237 01       		.byte	0x1
 310 0238 0902     		.2byte	0x209
 311 023a 11       		.byte	0x11
 312 023b 61000000 		.4byte	0x61
 313 023f 24       		.byte	0x24
 314 0240 09       		.uleb128 0x9
 315 0241 18000000 		.4byte	.LASF27
 316 0245 01       		.byte	0x1
 317 0246 0A02     		.2byte	0x20a
 318 0248 11       		.byte	0x11
 319 0249 61000000 		.4byte	0x61
 320 024d 28       		.byte	0x28
 321 024e 09       		.uleb128 0x9
 322 024f 84000000 		.4byte	.LASF17
 323 0253 01       		.byte	0x1
 324 0254 0B02     		.2byte	0x20b
 325 0256 11       		.byte	0x11
 326 0257 61000000 		.4byte	0x61
 327 025b 2C       		.byte	0x2c
 328 025c 09       		.uleb128 0x9
 329 025d B0000000 		.4byte	.LASF28
 330 0261 01       		.byte	0x1
 331 0262 0C02     		.2byte	0x20c
 332 0264 11       		.byte	0x11
 333 0265 61000000 		.4byte	0x61
 334 0269 30       		.byte	0x30
 335 026a 00       		.byte	0
 336 026b 0A       		.uleb128 0xa
 337 026c DA020000 		.4byte	.LASF29
 338 0270 01       		.byte	0x1
 339 0271 0D02     		.2byte	0x20d
 340 0273 03       		.byte	0x3
 341 0274 AB010000 		.4byte	0x1ab
 342 0278 03       		.uleb128 0x3
 343 0279 01       		.byte	0x1
 344 027a 08       		.byte	0x8
 345 027b 54010000 		.4byte	.LASF30
 346 027f 03       		.uleb128 0x3
 347 0280 01       		.byte	0x1
 348 0281 02       		.byte	0x2
 349 0282 09030000 		.4byte	.LASF31
 350 0286 0D       		.uleb128 0xd
 351 0287 74000000 		.4byte	0x74
 352 028b 03       		.byte	0x3
 353 028c 27       		.byte	0x27
 354 028d 0A       		.byte	0xa
 355 028e 0E       		.uleb128 0xe
 356 028f BA020000 		.4byte	.LASF32
 357 0293 03       		.byte	0x3
 358 0294 96       		.byte	0x96
 359 0295 06       		.byte	0x6
 360 0296 0E       		.uleb128 0xe
 361 0297 A3020000 		.4byte	.LASF33
 362 029b 03       		.byte	0x3
 363 029c 69       		.byte	0x69
 364 029d 06       		.byte	0x6
 365 029e 0F       		.uleb128 0xf
 366 029f 1D010000 		.4byte	.LASF38
 367 02a3 03       		.byte	0x3
 368 02a4 36       		.byte	0x36
 369 02a5 0D       		.byte	0xd
 370 02a6 00       		.byte	0
 371              		.section	.gnu.debuglto_.debug_abbrev,"e",%progbits
 372              	.Ldebug_abbrev0:
 373 0000 01       		.uleb128 0x1
 374 0001 11       		.uleb128 0x11
 375 0002 01       		.byte	0x1
 376 0003 25       		.uleb128 0x25
 377 0004 0E       		.uleb128 0xe
 378 0005 13       		.uleb128 0x13
 379 0006 0B       		.uleb128 0xb
 380 0007 03       		.uleb128 0x3
 381 0008 0E       		.uleb128 0xe
 382 0009 1B       		.uleb128 0x1b
 383 000a 0E       		.uleb128 0xe
 384 000b 10       		.uleb128 0x10
 385 000c 17       		.uleb128 0x17
 386 000d 00       		.byte	0
 387 000e 00       		.byte	0
 388 000f 02       		.uleb128 0x2
 389 0010 24       		.uleb128 0x24
 390 0011 00       		.byte	0
 391 0012 0B       		.uleb128 0xb
 392 0013 0B       		.uleb128 0xb
 393 0014 3E       		.uleb128 0x3e
 394 0015 0B       		.uleb128 0xb
 395 0016 03       		.uleb128 0x3
 396 0017 08       		.uleb128 0x8
 397 0018 00       		.byte	0
 398 0019 00       		.byte	0
 399 001a 03       		.uleb128 0x3
 400 001b 24       		.uleb128 0x24
 401 001c 00       		.byte	0
 402 001d 0B       		.uleb128 0xb
 403 001e 0B       		.uleb128 0xb
 404 001f 3E       		.uleb128 0x3e
 405 0020 0B       		.uleb128 0xb
 406 0021 03       		.uleb128 0x3
 407 0022 0E       		.uleb128 0xe
 408 0023 00       		.byte	0
 409 0024 00       		.byte	0
 410 0025 04       		.uleb128 0x4
 411 0026 16       		.uleb128 0x16
 412 0027 00       		.byte	0
 413 0028 03       		.uleb128 0x3
 414 0029 0E       		.uleb128 0xe
 415 002a 3A       		.uleb128 0x3a
 416 002b 0B       		.uleb128 0xb
 417 002c 3B       		.uleb128 0x3b
 418 002d 0B       		.uleb128 0xb
 419 002e 39       		.uleb128 0x39
 420 002f 0B       		.uleb128 0xb
 421 0030 49       		.uleb128 0x49
 422 0031 13       		.uleb128 0x13
 423 0032 00       		.byte	0
 424 0033 00       		.byte	0
 425 0034 05       		.uleb128 0x5
 426 0035 35       		.uleb128 0x35
 427 0036 00       		.byte	0
 428 0037 49       		.uleb128 0x49
 429 0038 13       		.uleb128 0x13
 430 0039 00       		.byte	0
 431 003a 00       		.byte	0
 432 003b 06       		.uleb128 0x6
 433 003c 34       		.uleb128 0x34
 434 003d 00       		.byte	0
 435 003e 03       		.uleb128 0x3
 436 003f 0E       		.uleb128 0xe
 437 0040 3A       		.uleb128 0x3a
 438 0041 0B       		.uleb128 0xb
 439 0042 3B       		.uleb128 0x3b
 440 0043 0B       		.uleb128 0xb
 441 0044 39       		.uleb128 0x39
 442 0045 0B       		.uleb128 0xb
 443 0046 49       		.uleb128 0x49
 444 0047 13       		.uleb128 0x13
 445 0048 3F       		.uleb128 0x3f
 446 0049 19       		.uleb128 0x19
 447 004a 3C       		.uleb128 0x3c
 448 004b 19       		.uleb128 0x19
 449 004c 00       		.byte	0
 450 004d 00       		.byte	0
 451 004e 07       		.uleb128 0x7
 452 004f 13       		.uleb128 0x13
 453 0050 01       		.byte	0x1
 454 0051 0B       		.uleb128 0xb
 455 0052 0B       		.uleb128 0xb
 456 0053 3A       		.uleb128 0x3a
 457 0054 0B       		.uleb128 0xb
 458 0055 3B       		.uleb128 0x3b
 459 0056 05       		.uleb128 0x5
 460 0057 39       		.uleb128 0x39
 461 0058 0B       		.uleb128 0xb
 462 0059 01       		.uleb128 0x1
 463 005a 13       		.uleb128 0x13
 464 005b 00       		.byte	0
 465 005c 00       		.byte	0
 466 005d 08       		.uleb128 0x8
 467 005e 0D       		.uleb128 0xd
 468 005f 00       		.byte	0
 469 0060 03       		.uleb128 0x3
 470 0061 08       		.uleb128 0x8
 471 0062 3A       		.uleb128 0x3a
 472 0063 0B       		.uleb128 0xb
 473 0064 3B       		.uleb128 0x3b
 474 0065 05       		.uleb128 0x5
 475 0066 39       		.uleb128 0x39
 476 0067 0B       		.uleb128 0xb
 477 0068 49       		.uleb128 0x49
 478 0069 13       		.uleb128 0x13
 479 006a 38       		.uleb128 0x38
 480 006b 0B       		.uleb128 0xb
 481 006c 00       		.byte	0
 482 006d 00       		.byte	0
 483 006e 09       		.uleb128 0x9
 484 006f 0D       		.uleb128 0xd
 485 0070 00       		.byte	0
 486 0071 03       		.uleb128 0x3
 487 0072 0E       		.uleb128 0xe
 488 0073 3A       		.uleb128 0x3a
 489 0074 0B       		.uleb128 0xb
 490 0075 3B       		.uleb128 0x3b
 491 0076 05       		.uleb128 0x5
 492 0077 39       		.uleb128 0x39
 493 0078 0B       		.uleb128 0xb
 494 0079 49       		.uleb128 0x49
 495 007a 13       		.uleb128 0x13
 496 007b 38       		.uleb128 0x38
 497 007c 0B       		.uleb128 0xb
 498 007d 00       		.byte	0
 499 007e 00       		.byte	0
 500 007f 0A       		.uleb128 0xa
 501 0080 16       		.uleb128 0x16
 502 0081 00       		.byte	0
 503 0082 03       		.uleb128 0x3
 504 0083 0E       		.uleb128 0xe
 505 0084 3A       		.uleb128 0x3a
 506 0085 0B       		.uleb128 0xb
 507 0086 3B       		.uleb128 0x3b
 508 0087 05       		.uleb128 0x5
 509 0088 39       		.uleb128 0x39
 510 0089 0B       		.uleb128 0xb
 511 008a 49       		.uleb128 0x49
 512 008b 13       		.uleb128 0x13
 513 008c 00       		.byte	0
 514 008d 00       		.byte	0
 515 008e 0B       		.uleb128 0xb
 516 008f 01       		.uleb128 0x1
 517 0090 01       		.byte	0x1
 518 0091 49       		.uleb128 0x49
 519 0092 13       		.uleb128 0x13
 520 0093 01       		.uleb128 0x1
 521 0094 13       		.uleb128 0x13
 522 0095 00       		.byte	0
 523 0096 00       		.byte	0
 524 0097 0C       		.uleb128 0xc
 525 0098 21       		.uleb128 0x21
 526 0099 00       		.byte	0
 527 009a 49       		.uleb128 0x49
 528 009b 13       		.uleb128 0x13
 529 009c 2F       		.uleb128 0x2f
 530 009d 0B       		.uleb128 0xb
 531 009e 00       		.byte	0
 532 009f 00       		.byte	0
 533 00a0 0D       		.uleb128 0xd
 534 00a1 34       		.uleb128 0x34
 535 00a2 00       		.byte	0
 536 00a3 47       		.uleb128 0x47
 537 00a4 13       		.uleb128 0x13
 538 00a5 3A       		.uleb128 0x3a
 539 00a6 0B       		.uleb128 0xb
 540 00a7 3B       		.uleb128 0x3b
 541 00a8 0B       		.uleb128 0xb
 542 00a9 39       		.uleb128 0x39
 543 00aa 0B       		.uleb128 0xb
 544 00ab 00       		.byte	0
 545 00ac 00       		.byte	0
 546 00ad 0E       		.uleb128 0xe
 547 00ae 2E       		.uleb128 0x2e
 548 00af 00       		.byte	0
 549 00b0 3F       		.uleb128 0x3f
 550 00b1 19       		.uleb128 0x19
 551 00b2 03       		.uleb128 0x3
 552 00b3 0E       		.uleb128 0xe
 553 00b4 3A       		.uleb128 0x3a
 554 00b5 0B       		.uleb128 0xb
 555 00b6 3B       		.uleb128 0x3b
 556 00b7 0B       		.uleb128 0xb
 557 00b8 39       		.uleb128 0x39
 558 00b9 0B       		.uleb128 0xb
 559 00ba 27       		.uleb128 0x27
 560 00bb 19       		.uleb128 0x19
 561 00bc 00       		.byte	0
 562 00bd 00       		.byte	0
 563 00be 0F       		.uleb128 0xf
 564 00bf 2E       		.uleb128 0x2e
 565 00c0 00       		.byte	0
 566 00c1 03       		.uleb128 0x3
 567 00c2 0E       		.uleb128 0xe
 568 00c3 3A       		.uleb128 0x3a
 569 00c4 0B       		.uleb128 0xb
 570 00c5 3B       		.uleb128 0x3b
 571 00c6 0B       		.uleb128 0xb
 572 00c7 39       		.uleb128 0x39
 573 00c8 0B       		.uleb128 0xb
 574 00c9 27       		.uleb128 0x27
 575 00ca 19       		.uleb128 0x19
 576 00cb 00       		.byte	0
 577 00cc 00       		.byte	0
 578 00cd 00       		.byte	0
 579              		.section	.gnu.debuglto_.debug_line,"e",%progbits
 580              	.Ldebug_line0:
 581 0000 D4000000 		.4byte	.LELT0-.LSLT0
 582              	.LSLT0:
 583 0004 0400     		.2byte	0x4
 584 0006 CE000000 		.4byte	.LELTP0-.LASLTP0
 585              	.LASLTP0:
 586 000a 01       		.byte	0x1
 587 000b 01       		.byte	0x1
 588 000c 01       		.byte	0x1
 589 000d F6       		.byte	0xf6
 590 000e F2       		.byte	0xf2
 591 000f 0D       		.byte	0xd
 592 0010 00       		.byte	0
 593 0011 01       		.byte	0x1
 594 0012 01       		.byte	0x1
 595 0013 01       		.byte	0x1
 596 0014 01       		.byte	0x1
 597 0015 00       		.byte	0
 598 0016 00       		.byte	0
 599 0017 00       		.byte	0
 600 0018 01       		.byte	0x1
 601 0019 00       		.byte	0
 602 001a 00       		.byte	0
 603 001b 01       		.byte	0x1
 604 001c 6C69622F 		.ascii	"lib/chibios/os/common/ext/ST/STM32F3xx"
 604      63686962 
 604      696F732F 
 604      6F732F63 
 604      6F6D6D6F 
 605 0042 00       		.byte	0
 606 0043 6C69622F 		.ascii	"lib/chibios/os/hal/ports/STM32/STM32F3xx"
 606      63686962 
 606      696F732F 
 606      6F732F68 
 606      616C2F70 
 607 006b 00       		.byte	0
 608 006c 2F757372 		.ascii	"/usr/lib/gcc/arm-none-eabi/10.3.1/include"
 608      2F6C6962 
 608      2F676363 
 608      2F61726D 
 608      2D6E6F6E 
 609 0095 00       		.byte	0
 610 0096 00       		.byte	0
 611 0097 73746D33 		.ascii	"stm32f303xc.h\000"
 611      32663330 
 611      3378632E 
 611      6800
 612 00a5 01       		.uleb128 0x1
 613 00a6 00       		.uleb128 0
 614 00a7 00       		.uleb128 0
 615 00a8 73746469 		.ascii	"stdint.h\000"
 615      6E742E68 
 615      00
 616 00b1 03       		.uleb128 0x3
 617 00b2 00       		.uleb128 0
 618 00b3 00       		.uleb128 0
 619 00b4 68616C5F 		.ascii	"hal_lld.c\000"
 619      6C6C642E 
 619      6300
 620 00be 02       		.uleb128 0x2
 621 00bf 00       		.uleb128 0
 622 00c0 00       		.uleb128 0
 623 00c1 73797374 		.ascii	"system_stm32f3xx.h\000"
 623      656D5F73 
 623      746D3332 
 623      66337878 
 623      2E6800
 624 00d4 01       		.uleb128 0x1
 625 00d5 00       		.uleb128 0
 626 00d6 00       		.uleb128 0
 627 00d7 00       		.byte	0
 628              	.LELTP0:
 629              	.LELT0:
 630              		.section	.gnu.debuglto_.debug_str,"eMS",%progbits,1
 631              	.LASF5:
 632 0000 6C6F6E67 		.ascii	"long long int\000"
 632      206C6F6E 
 632      6720696E 
 632      7400
 633              	.LASF26:
 634 000e 42444352 		.ascii	"BDCR\000"
 634      00
 635              	.LASF20:
 636 0013 43464752 		.ascii	"CFGR\000"
 636      00
 637              	.LASF27:
 638 0018 41484252 		.ascii	"AHBRSTR\000"
 638      53545200 
 639              	.LASF14:
 640 0020 464C4153 		.ascii	"FLASH_TypeDef\000"
 640      485F5479 
 640      70654465 
 640      6600
 641              	.LASF23:
 642 002e 41484245 		.ascii	"AHBENR\000"
 642      4E5200
 643              	.LASF35:
 644 0035 6C69622F 		.ascii	"lib/chibios/os/hal/ports/STM32/STM32F3xx/hal_lld.c\000"
 644      63686962 
 644      696F732F 
 644      6F732F68 
 644      616C2F70 
 645              	.LASF12:
 646 0068 57525052 		.ascii	"WRPR\000"
 646      00
 647              	.LASF8:
 648 006d 6C6F6E67 		.ascii	"long long unsigned int\000"
 648      206C6F6E 
 648      6720756E 
 648      7369676E 
 648      65642069 
 649              	.LASF17:
 650 0084 43464752 		.ascii	"CFGR2\000"
 650      3200
 651              	.LASF6:
 652 008a 756E7369 		.ascii	"unsigned char\000"
 652      676E6564 
 652      20636861 
 652      7200
 653              	.LASF15:
 654 0098 43464752 		.ascii	"CFGR1\000"
 654      3100
 655              	.LASF7:
 656 009e 6C6F6E67 		.ascii	"long unsigned int\000"
 656      20756E73 
 656      69676E65 
 656      6420696E 
 656      7400
 657              	.LASF28:
 658 00b0 43464752 		.ascii	"CFGR3\000"
 658      3300
 659              	.LASF1:
 660 00b6 73686F72 		.ascii	"short unsigned int\000"
 660      7420756E 
 660      7369676E 
 660      65642069 
 660      6E7400
 661              	.LASF10:
 662 00c9 4F50544B 		.ascii	"OPTKEYR\000"
 662      45595200 
 663              	.LASF19:
 664 00d1 5057525F 		.ascii	"PWR_TypeDef\000"
 664      54797065 
 664      44656600 
 665              	.LASF11:
 666 00dd 52455345 		.ascii	"RESERVED\000"
 666      52564544 
 666      00
 667              	.LASF22:
 668 00e6 41504231 		.ascii	"APB1RSTR\000"
 668      52535452 
 668      00
 669              	.LASF36:
 670 00ef 2F686F6D 		.ascii	"/home/jstewart/source/yaemk-split-kb/Firmware\000"
 670      652F6A73 
 670      74657761 
 670      72742F73 
 670      6F757263 
 671              	.LASF38:
 672 011d 68616C5F 		.ascii	"hal_lld_backup_domain_init\000"
 672      6C6C645F 
 672      6261636B 
 672      75705F64 
 672      6F6D6169 
 673              	.LASF25:
 674 0138 41504231 		.ascii	"APB1ENR\000"
 674      454E5200 
 675              	.LASF16:
 676 0140 45585449 		.ascii	"EXTICR\000"
 676      435200
 677              	.LASF0:
 678 0147 756E7369 		.ascii	"unsigned int\000"
 678      676E6564 
 678      20696E74 
 678      00
 679              	.LASF30:
 680 0154 63686172 		.ascii	"char\000"
 680      00
 681              	.LASF34:
 682 0159 474E5520 		.ascii	"GNU C99 10.3.1 20210621 (release) -mcpu=cortex-m4 -"
 682      43393920 
 682      31302E33 
 682      2E312032 
 682      30323130 
 683 018c 6D746875 		.ascii	"mthumb -mno-thumb-interwork -mno-unaligned-access -"
 683      6D62202D 
 683      6D6E6F2D 
 683      7468756D 
 683      622D696E 
 684 01bf 6D666C6F 		.ascii	"mfloat-abi=hard -mfpu=fpv4-sp-d16 -march=armv7e-m+f"
 684      61742D61 
 684      62693D68 
 684      61726420 
 684      2D6D6670 
 685 01f2 70202D67 		.ascii	"p -ggdb -Os -Ofast -std=gnu99 -fsingle-precision-co"
 685      67646220 
 685      2D4F7320 
 685      2D4F6661 
 685      7374202D 
 686 0225 6E737461 		.ascii	"nstant -fomit-frame-pointer -ffunction-sections -fd"
 686      6E74202D 
 686      666F6D69 
 686      742D6672 
 686      616D652D 
 687 0258 6174612D 		.ascii	"ata-sections -fshort-wchar -fcommon -flto\000"
 687      73656374 
 687      696F6E73 
 687      202D6673 
 687      686F7274 
 688              	.LASF21:
 689 0282 41504232 		.ascii	"APB2RSTR\000"
 689      52535452 
 689      00
 690              	.LASF24:
 691 028b 41504232 		.ascii	"APB2ENR\000"
 691      454E5200 
 692              	.LASF37:
 693 0293 53797374 		.ascii	"SystemCoreClock\000"
 693      656D436F 
 693      7265436C 
 693      6F636B00 
 694              	.LASF33:
 695 02a3 68616C5F 		.ascii	"hal_lld_init\000"
 695      6C6C645F 
 695      696E6974 
 695      00
 696              	.LASF3:
 697 02b0 73686F72 		.ascii	"short int\000"
 697      7420696E 
 697      7400
 698              	.LASF32:
 699 02ba 73746D33 		.ascii	"stm32_clock_init\000"
 699      325F636C 
 699      6F636B5F 
 699      696E6974 
 699      00
 700              	.LASF18:
 701 02cb 53595343 		.ascii	"SYSCFG_TypeDef\000"
 701      46475F54 
 701      79706544 
 701      656600
 702              	.LASF29:
 703 02da 5243435F 		.ascii	"RCC_TypeDef\000"
 703      54797065 
 703      44656600 
 704              	.LASF13:
 705 02e6 75696E74 		.ascii	"uint32_t\000"
 705      33325F74 
 705      00
 706              	.LASF4:
 707 02ef 6C6F6E67 		.ascii	"long int\000"
 707      20696E74 
 707      00
 708              	.LASF9:
 709 02f8 4B455952 		.ascii	"KEYR\000"
 709      00
 710              	.LASF2:
 711 02fd 7369676E 		.ascii	"signed char\000"
 711      65642063 
 711      68617200 
 712              	.LASF31:
 713 0309 5F426F6F 		.ascii	"_Bool\000"
 713      6C00
 714              		.text
 715              		.section	.gnu.lto_.profile.fbda2209b9f3d153,"e",%progbits
 716 0000 789C6362 		.ascii	"x\234cb\000\001\000\000\022\000\003"
 716      00010000 
 716      120003
 717              		.text
 718              		.section	.gnu.lto_.icf.fbda2209b9f3d153,"e",%progbits
 719 0000 789C1361 		.ascii	"x\234\023a@\000f\206Y\327\276n\345d\234t\277c%\037\323"
 719      40006686 
 719      59D7BE6E 
 719      E5649C74 
 719      BF63251F 
 720 0015 CC65931F 		.ascii	"\314e\223\037\3611\000\000^j\010\260"
 720      F1310000 
 720      5E6A08B0 
 721              		.text
 722              		.section	.gnu.lto_.ipa_sra.fbda2209b9f3d153,"e",%progbits
 723 0000 789CE361 		.ascii	"x\234\343a@\000&\006\006F\020\004\021\000\001k\000\024"
 723      40002606 
 723      06461004 
 723      1100016B 
 723      0014
 724              		.text
 725              		.section	.gnu.lto_.inline.fbda2209b9f3d153,"e",%progbits
 726 0000 789C0B62 		.ascii	"x\234\013b@\000&\006\006\255\206\206\206\013\314\031"
 726      40002606 
 726      06AD8686 
 726      860BCC19 
 727 0010 8C0C4C5E 		.ascii	"\214\014L^@\326\002\246\014\006\0066 \243\201)\205\011"
 727      40D602A6 
 727      0C060636 
 727      20A38129 
 727      8509
 728 0022 24CDC0C8 		.ascii	"$\315\300\310\305\200 \031\254\037\2758:\207)\033\250"
 728      C5802019 
 728      AC1FBD38 
 728      3A87291B 
 728      A8
 729 0033 BA00C89A 		.ascii	"\272\000\310\232\305\224\215\246\232\001\000'}\022\344"
 729      C5948DA6 
 729      9A010027 
 729      7D12E4
 730              		.text
 731              		.section	.gnu.lto_.jmpfuncs.fbda2209b9f3d153,"e",%progbits
 732 0000 789CE362 		.ascii	"x\234\343b@\000&0\311\010\304\000\001\012\000\016"
 732      40002630 
 732      C908C400 
 732      010A000E 
 733              		.text
 734              		.section	.gnu.lto_.pureconst.fbda2209b9f3d153,"e",%progbits
 735 0000 789C6367 		.ascii	"x\234cg```b\230\305\3028\213\005\000\004\263\001G"
 735      60606062 
 735      98C5C238 
 735      8B050004 
 735      B30147
 736              		.text
 737              		.section	.gnu.lto_.lto.fbda2209b9f3d153,"e",%progbits
 738 0000 09000400 		.ascii	"\011\000\004\000\001\000\000\000"
 738      01000000 
 739              		.text
 740              		.section	.gnu.lto_hal_lld_init.284.fbda2209b9f3d153,"e",%progbits
 741 0000 789C8D55 		.ascii	"x\234\215U\335K\024Q\024\277g\356\354'\351\"\232\210"
 741      DD4B1451 
 741      14BF67EE 
 741      EC27E922 
 741      9A88
 742 0012 90ACFA52 		.ascii	"\220\254\372R\017:\225\377@O\006\201O\365\036~,\270"
 742      0F3A95FF 
 742      404F0681 
 742      4FF51E7E 
 742      2CB8
 743 0024 B9B2E21A 		.ascii	"\271\262\342\032\331C8\272\013\206=\350Z\030DI-[\371"
 743      D94338BA 
 743      0B863DE8 
 743      5A184449 
 743      2D5BF9
 744 0037 1604A5A6 		.ascii	"\026\004\245\246\325\242\304\322\007\225\205\210\204"
 744      D5A2C4D2 
 744      07958588 
 744      84
 745 0044 20F64116 		.ascii	" \366A\026\210\031V\222\266\235sgfw\007\035\327e\367"
 745      88195692 
 745      B69D7367 
 745      6677071D 
 745      D765F7
 746 0057 B77BE79E 		.ascii	"\267{\347\236\337\371\375\316\2313w\357;\030kb\214\035"
 746      DFF9FDCE 
 746      993377EF 
 746      3B186B62 
 746      8C1D
 747 0069 C70FD818 		.ascii	"\307\017\330\030\014F\373$\246\252\3521\207$\205\243"
 747      0C46FB24 
 747      A6AAEA31 
 747      872485A3 
 748 0079 97241803 		.ascii	"\227$\030\003\\y\345H4_|s\270\222\216\220\241;\332\347"
 748      5C79E548 
 748      345F7C73 
 748      B8928E90 
 748      A13BDAE7 
 749 008d 82072056 		.ascii	"\202\007 V\300\272$.C\027\\\346\207\360\302\237\333"
 749      C0BA242E 
 749      43175CE6 
 749      87F0C29F 
 749      DB
 750 009e D7E6A741 		.ascii	"\327\346\247A\035I@\23436\214\037\375e\327Wp\235\203"
 750      1D49409C 
 750      33368C1F 
 750      FD65D757 
 750      709D83
 751 00b1 F80DF010 		.ascii	"\370\015\360\020\030-\2205\366\373\010\303\204x\221"
 751      182D9035 
 751      F6FB08C3 
 751      847891
 752 00c0 E26054EC 		.ascii	"\342`T\354\001F\337{gK\250\233\251~U}s`|\362\256\353"
 752      0146DF7B 
 752      674BA89B 
 752      A97E557D 
 752      73607CF2 
 753 00d6 20B03807 		.ascii	" \2608\007\211\200\023\310\0046\002;\201\203\300I\340"
 753      898013C8 
 753      0436023B 
 753      8183C049 
 753      E0
 754 00e7 227013E4 		.ascii	"\"p\023\344\023x\010\012\010\012\011\212\010\212\011"
 754      1378080A 
 754      080A098A 
 754      088A09
 755 00f6 4A084A09 		.ascii	"J\010J\011\312\010\274\004\345\004\025\004\225\004\214"
 755      CA08BC04 
 755      E5041504 
 755      95048C
 756 0105 F573AA5C 		.ascii	"\365s\252\\\225AM06\300%m\021\306\3057P\227\036'\201"
 756      95414D30 
 756      36C0256D 
 756      11C6C537 
 756      50971E27 
 757 011a ADC0D4A4 		.ascii	"\255\300\324\244+\306\251\270A\036\347\222\250L\373"
 757      2BC6A9B8 
 757      411EE792 
 757      A84CFB
 758 0129 A5DEBCA8 		.ascii	"\245\336\274\250\312\270\272C\375r\3069\207G\000\343"
 758      CAB8BA43 
 758      FD72C639 
 758      874700E3 
 759 0139 C00E97C7 		.ascii	"\300\016\227\307\261o\023pC\364h\005\302\203\275\020"
 759      B16F1370 
 759      43F46805 
 759      C283BD10 
 760 0149 E3524CE3 		.ascii	"\343RL\343\001\244R\275\233\036J\274\332\007\226\364"
 760      01A452BD 
 760      9B1E4ABC 
 760      DA0796F4 
 761 0159 271A1D79 		.ascii	"'\032\035yd\245\302\360\301-\011\211\214\336\020\351"
 761      64A5C2F0 
 761      C12D0989 
 761      8CDE10E9 
 762 0169 C918ACE9 		.ascii	"\311\030\254\351\341\275\343\271\344\246\0159\331$\227"
 762      E1BDE3B9 
 762      E4A60D39 
 762      D92497
 763 0178 BF13E196 		.ascii	"\277\023\341\226X\312\360LWDB\354*\210\216=\315t\314"
 763      58CAF04C 
 763      574442EC 
 763      2A888E3D 
 763      CD74CC
 764 018b 63A99544 		.ascii	"c\251\225D\036\010\247SkN\313\250\347Z\224\321\262T"
 764      1E08A753 
 764      6B4ECBA8 
 764      E75A94D1 
 764      B254
 765 019d CA637256 		.ascii	"\312crV`I|\265\247\364\257\263\3233S\352\302\335\212"
 765      60497CB5 
 765      A7F4AFB3 
 765      D33353EA 
 765      C2DD8A
 766 01b0 9ED1B353 		.ascii	"\236\321\263S\321\347D\3153\231\232\213,\345\336#M\312"
 766      D1E744CD 
 766      33999A8B 
 766      2CE5DE23 
 766      4DCA
 767 01c2 696A568B 		.ascii	"ijV\213\202\227`2TlI\230\333S\332y=\355[s\332\222\335"
 767      82976032 
 767      546C4998 
 767      DB53DA79 
 767      3DED5B73 
 768 01d9 EAFCA067 		.ascii	"\352\374\240g\316\3249\227\251\323f)\265\2004\2365\365"
 768      CED43997 
 768      A9D36629 
 768      B580349E 
 768      35F5
 769 01eb 760C36A6 		.ascii	"v\0146\246PU!\327\030.jt\344\231\234\226\356\346tI\227"
 769      505521D7 
 769      182E6A74 
 769      E4999C96 
 769      EEE67449 
 770 0200 24A71784 		.ascii	"$\247\027\204\323\205\244(\364\343\302\272\023O\034"
 770      D385A428 
 770      F4E3C2BA 
 770      134F1C
 771 020f 71E9671D 		.ascii	"q\351g\035\036|\"\335r^\214{\365g\330\226~\232m\240"
 771      1E7C22DD 
 771      725E8C7B 
 771      F567D896 
 771      7E9A6DA0 
 772 0223 2E76EB4F 		.ascii	".v\353O3\036\015v\370\014\360\311p\365\005\025d:\274"
 772      331E0D76 
 772      F80CF0C9 
 772      70F50515 
 772      643ABC
 773 0236 D2659563 		.ascii	"\322e\225c\016\275,)\273\246m\324e\203\212\034ad#/\355"
 773      0EBD2C29 
 773      BBA66DD4 
 773      65838A1C 
 773      6164232F 
 774 024b A2C2A06C 		.ascii	"\242\302\240l+\351;\262l\206\340P\357,\236\035\225\030"
 774      2BE93BB2 
 774      6C86E050 
 774      EF2C9E1D 
 774      9518
 775 025d AF2BDAD9 		.ascii	"\257+\332\3312D\226\247K\361\"\335Rz\015p\336\215\355"
 775      324496A7 
 775      4BF122DD 
 775      527A0D70 
 775      DE8DED
 776 0270 91D247D7 		.ascii	"\221\322G\327\326~1\023_=;i\214\354#\221\025C\204\322"
 776      D67E3113 
 776      5F3D3B69 
 776      8CEC2391 
 776      154384D2 
 777 0284 E209A88A 		.ascii	"\342\011\250\212G\177)\225\233\371\303\314\324\014\310"
 777      477F2995 
 777      9BF9C3CC 
 777      D40CC8
 778 0293 E6B3733D 		.ascii	"\346\263s=I\177$l\025\302^\026\001)\316\035\3034Oq\356"
 778      497F246C 
 778      15C25E16 
 778      0129CE1D 
 778      C3344F71 
 779 02a8 14DB9B0E 		.ascii	"\024\333\233\016\363\026\317l\015\273\215\333\356\260"
 779      F316CF6C 
 779      0DBB8DDB 
 779      EEB0
 780 02b6 9C935FE8 		.ascii	"\234\223_\350\300\2365fN\014\326\272\223s\30464jLSK"
 780      C09E3566 
 780      4E0CD6BA 
 780      9373C436 
 780      346A4C53 
 781 02cb 8F58D96E 		.ascii	"\217X\331n#\366W\227\243\021\033\327\006j\364\205>N"
 781      23F65797 
 781      A3111BD7 
 781      066AF485 
 781      3E4E
 782 02dd 4531EED2 		.ascii	"E1\356\322\207\310\225\036'\027f\212\230\376\034\334"
 782      87C8951E 
 782      2717668A 
 782      98FE1CDC 
 783 02ed F00F60CB 		.ascii	"\360\017`\3130\221\302\204\216,\377nL\242\371\367n\367"
 783      3091C284 
 783      8E2CFF6E 
 783      4CA2F9F7 
 783      6EF7
 784 02ff 6FA6F648 		.ascii	"o\246\366H\202\212\034\266\006=\213\023'\304\000\364"
 784      828A1CB6 
 784      063D8B13 
 784      27C400F4 
 785 030f 73D0FADF 		.ascii	"s\320\372\337\223\240e\265\322\034l\365)gB\035\276s"
 785      93A065B5 
 785      D21C6CF5 
 785      2967421D 
 785      BE73
 786 0321 F5ED1D4A 		.ascii	"\365\355\035J(x\266\275\321\247\234\257\367\265\266"
 786      2878B6BD 
 786      D1A79CAF 
 786      F7B5B6
 787 0330 5485DA02 		.ascii	"T\205\332\002\376\216\252\226\006\245\326\337\336\212"
 787      FE8EAA96 
 787      06A5D6DF 
 787      DE8A
 788 033e DB3E5613 		.ascii	"\333>V\023\3607(\215\315\376\006\1770\244\340\273\271"
 788      F037288D 
 788      CDFE067F 
 788      30A4E0BB 
 788      B9
 789 034f 3EA0B405 		.ascii	">\240\264\005\333;B\312\311Su5G5\254\255\351\354\244"
 789      DB3B42CA 
 789      C9537535 
 789      4735ACAD 
 789      E9ECA4
 790 0362 9DD38140 		.ascii	"\235\323\201@Su#\373\017c\026[\201"
 790      537523FB 
 790      0F63165B 
 790      81
 791              		.text
 792              		.section	.gnu.lto_stm32_clock_init.285.fbda2209b9f3d153,"e",%progbits
 793 0000 789C8D56 		.ascii	"x\234\215V[L\\U\024=\373\236;\357'\3030PJ?41\215\211"
 793      5B4C5C55 
 793      143DFB9E 
 793      3BEF27C3 
 793      30504A3F 
 794 0018 ED34F2D3 		.ascii	"\3554\362\323O\277\372g\374\320\177\003\024\003\026"
 794      4FBFFA67 
 794      FCD07F03 
 794      140316
 795 0027 420318EB 		.ascii	"B\003\030\353W/\332W\370\201\201 \026\373\320\311h\006"
 795      572FDA57 
 795      F8818120 
 795      16FBD0C9 
 795      6806
 796 0039 5B69A8A9 		.ascii	"[i\250\251m\264\006\254\217V0\223\2646\222\332\230\032"
 796      6DB406AC 
 796      8F563093 
 796      B43692DA 
 796      981A
 797 004b 4C236868 		.ascii	"L#hh\200J\332\"f\334\373\236s\356\003;3%d\345\334{\326"
 797      804ADA22 
 797      66DCFB9E 
 797      73EE033B 
 797      332564E5 
 798 0062 3E7BAFB5 		.ascii	">{\257\265\367\275w\246\002\214\355e\214\375\002\214"
 798      F7BD77A6 
 798      028CED65 
 798      8CFD028C 
 799 0072 411D83A1 		.ascii	"A\035\203\241L\277\306\014\303x\301\247\301p\246\377"
 799      4CBFC60C 
 799      C378C1A7 
 799      C170A6FF 
 800 0082 8F33E775 		.ascii	"\2173\347u\270\000\346\015\256\235\033<\0177\226\327"
 800      B800E60D 
 800      AE9D1B3C 
 800      0F3796D7 
 801 0092 77EB8732 		.ascii	"w\353\2072\321\211\201\303>\275\026\206'\343\202\256"
 801      D18981C3 
 801      3EBD1686 
 801      27E382AE 
 802 00a2 C348A6FF 		.ascii	"\303H\246\377\366YM\261=\332\204b\037\221\354\024\214"
 802      F6594DB1 
 802      3DDA8462 
 802      1F91EC14 
 802      8C
 803 00b3 28B61746 		.ascii	"(\266\027F\221=a\261}\332\247\212\375\336\340<\230\364"
 803      913D61B1 
 803      7DDAA78A 
 803      FDDEE03C 
 803      98F4
 804 00c5 1A185574 		.ascii	"\032\030Ut?\034\037\312N\256?\243\350\001\355\254\242"
 804      3F1C1FCA 
 804      4EAE3FA3 
 804      E801EDAC 
 804      A2
 805 00d6 8F297A12 		.ascii	"\217)z\0229Gd\355Ax\037\371c\333\025?\244\235Q\374\023"
 805      394764ED 
 805      41781FF9 
 805      63DB153F 
 805      A49D51FC 
 806 00eb 8A5F8D1C 		.ascii	"\212_\215\034\305\017\303I\344\347-~D\373D\361O)~\002"
 806      C50FC349 
 806      E4E72D7E 
 806      44FB44F1 
 806      4F297E02 
 807 00ff 398A1F85 		.ascii	"9\212\037\205\323\310\277d\361c\332\270\342\347\025"
 807      D3C8BF64 
 807      F163DAB8 
 807      E2E715
 808 010e BF0A398A 		.ascii	"\277\0129\212\037\207\276L\377\325\313O+>\260\203\032"
 808      1F87BE4C 
 808      FFD5CB4F 
 808      2B3EB083 
 808      1A
 809 011f AFD53D29 		.ascii	"\257\325=)\257\257\306\037H\006C\325\341H\"\032\253"
 809      AFAFC61F 
 809      480643D5 
 809      E148221A 
 809      AB
 810 0130 8AC3413F 		.ascii	"\212\303A?g\366\237\307\261\3669\326\001\307:\344XG"
 810      67F69FC7 
 810      B1F639D6 
 810      01C73AE4 
 810      5847
 811 0142 1CEB9863 		.ascii	"\034\353\230c=\314\237\305\274\017?\032\233\370\016"
 811      3DCC9FC5 
 811      BC0F3F1A 
 811      9BF80E
 812 0151 8CFC34E4 		.ascii	"\214\3744\3440\311);\221W]\341\020\260s7<\323\306Fq"
 812      30C9293B 
 812      91575DE1 
 812      10B07337 
 812      3CD3C646 
 813 0166 C030967E 		.ascii	"\3000\226~\207k\333\237\003\226\343\240\021p\002\235"
 813      876BDB9F 
 813      0396E3A0 
 813      1170029D 
 814 0176 C043E025 		.ascii	"\300C\340%\360\021\370\011\002\004A\202\020A\230 B\020"
 814      F011F809 
 814      02044182 
 814      10419820 
 814      4210
 815 0188 258811C4 		.ascii	"%\210\021\304\011\252\010\022\004\325\004I\202\032\202"
 815      09AA0812 
 815      04D50449 
 815      821A82
 816 0197 14412D41 		.ascii	"\024A-A\035\301\026\202z\202\255\004\015\004\333\010"
 816      1DC11682 
 816      7A82AD04 
 816      0D04DB08 
 817 01a7 181BE06C 		.ascii	"\030\033\340ly=\277\033\214i\306\006\271f\256\373p\375"
 817      793DBF1B 
 817      8C69C606 
 817      B966AEFB 
 817      70FD
 818 01b9 2718F30F 		.ascii	"'\030\363\017f\200\335\203+\227\027#Y\016'8\014\361"
 818      6680DD83 
 818      2B971723 
 818      590E2738 
 818      0CF1
 819 01cb 1CD78059 		.ascii	"\034\327\200Y+\343\203c\206\216W\037S'\3749\316\341"
 819      2BE38363 
 819      868E571F 
 819      5327FC39 
 819      CEE1
 820 01dd 22C0E7C0 		.ascii	"\"\300\347\300v=\225\343:\\\202\223\246\021\367\340"
 820      763D95E3 
 820      3A5C8293 
 820      A611F7E0 
 821 01ed 9DA1A390 		.ascii	"\235\241\243\220\345ZV\304\001\230\247.\367C\311\320"
 821      E55A56C4 
 821      0198A72E 
 821      F743C9D0 
 822 01fd 2F4528C6 		.ascii	"/E(\306\230u<\232!3\0079G\256\241Sy@\267\377\231Q\333"
 822      98753C9A 
 822      21330739 
 822      47AEA153 
 822      7940B7FF 
 823 0214 6151662C 		.ascii	"aQf,\313\371\343\316\374\320\274\324\341+\273\242w\217"
 823      CBF9E3CE 
 823      FCD0BCD4 
 823      E12BBBA2 
 823      778F
 824 0226 DEC57A74 		.ascii	"\336\305zt\014\020%il\021\016-|\363\032\336\0237D7\007"
 824      0C102569 
 824      6C110E2D 
 824      7CF31ADE 
 824      13374437 
 825 023b 786DE6F0 		.ascii	"xm\346\360\334U\272\036\344\272\313\234\221YiN4\313"
 825      DC55BA1E 
 825      E4BACB9C 
 825      9159694E 
 825      34CB
 826 024d 3D25957C 		.ascii	"=%\225|\215)A\245D\023\274H\026\0116\212\305b\254\222"
 826      8D2941A5 
 826      4413BC48 
 826      1609368A 
 826      C562AC92 
 827 0261 11DF8A70 		.ascii	"\021\337\212p\2143s\216\316\012#<n#\216\317jr[\0301"
 827      8C33738E 
 827      CE0A233C 
 827      6E238ECF 
 827      6A725B18 
 828 0276 8E46F8CA 		.ascii	"\216F\370\312\031\361\275\263\252%4\302\217\001\242"
 828      19F1BDB3 
 828      AA2534C2 
 828      8F01A2
 829 0285 AC3019B1 		.ascii	"\2540\031\261HF\370a\032\244\011)\333\004\257\313\204"
 829      4846F861 
 829      1AA40929 
 829      DB04AFCB 
 829      84
 830 0296 D3B3F684 		.ascii	"\323\263\366\204\004J\252\370\301\351;\232\020D\262"
 830      044AAAF8 
 830      C1E93B9A 
 830      1044B2
 831 02a5 C8F6A8E2 		.ascii	"\310\366\250\342(\374\250F!h&\234\024\011W\027\242*"
 831      28FCA846 
 831      2168269C 
 831      14095717 
 831      A22A
 832 02b7 22CF1F23 		.ascii	"\"\317\037#\260 \004R\022\035D\251?9J\015\225Lw}\323"
 832      B0200452 
 832      121D44A9 
 832      3F394A0D 
 832      954C777D 
 833 02cc D086912C 		.ascii	"\320\206\221,JE\303+\325zS\325\03263\316\311n\371\334"
 833      4A45C32B 
 833      D57A53D5 
 833      1A3633CE 
 833      C96EF9DC 
 834 02e0 DDBA25BB 		.ascii	"\335\272%\27357k\217m\244\\\267~\336<\2668q\021U\224"
 834      35376B8F 
 834      6DA45CB7 
 834      7EDE3CB6 
 834      38711155 
 835 02f5 DF1ADCA8 		.ascii	"\337\032\334\250\335\257\032\273_~W\277\356K\023\306"
 835      DDAF1ABB 
 835      5F7E57BF 
 835      EE4B13C6 
 836 0305 F1885849 		.ascii	"\361\210XI\035\2670\241\3460!\216d\370\242b\253n\213"
 836      1DB730A1 
 836      E630218E 
 836      64F8A262 
 836      AB6E8B
 837 0318 30E49BB9 		.ascii	"0\344\233\271\326\244\374\200[\376\003)\177\3151\254"
 837      D6A4FC80 
 837      5BFE0329 
 837      7FCD31AC 
 838 0328 55E5E4FF 		.ascii	"U\345\344\377jW#\344'0\000\246\300\022\236\260\205'"
 838      6A5723E4 
 838      273000A6 
 838      C0129EB0 
 838      8527
 839 033a 6DE14197 		.ascii	"m\341A\227\360\242\234\233|\254\354\334\334q\316\215"
 839      F0A29C9B 
 839      7CACECDC 
 839      DC71CE8D 
 840 034a 71EC6FF9 		.ascii	"q\354o\371\250\027\236(x\036\203\271\025|E\304\216>"
 840      A8179E28 
 840      781E83B9 
 840      157C45C4 
 840      8E3E
 841 035c 59EC5D8C 		.ascii	"Y\354]\214\325U\354.3\362\263\202\375\202\251.i\372"
 841      D555EC2E 
 841      33F2B382 
 841      FD82A92E 
 841      69FA
 842 036e C2A6814D 		.ascii	"\302\246\201M\"Y\315\006\016G\205\226\375\245&6i\246"
 842      2259CD06 
 842      0E478596 
 842      FDA52636 
 842      69A6
 843 0380 BC50102D 		.ascii	"\274P\020-\013\271[v\261\240\311m{bk\312\265li\363\304"
 843      0BB95B76 
 843      B1A0C96D 
 843      7B626BCA 
 843      B56C69F3 
 844 0395 A630C0AA 		.ascii	"\2460\300\252*nu.ew\256\332\356\\\330\325\271)\247\201"
 844      2A6E752E 
 844      6577AEDA 
 844      EE5CD8D5 
 844      B929A781 
 845 03a9 7486C7FA 		.ascii	"t\206\307\372\002y\360\253\345\370\002\345\3039\356"
 845      0279F0AB 
 845      E5F802E5 
 845      C339EE
 846 03b8 85158065 		.ascii	"\205\025\200eG)\253X\212G\031\2330O\274.UF\334*oF\345"
 846      4729AB58 
 846      8A47199B 
 846      304FBC2E 
 846      5546DC2A 
 847 03cf AE9C4B74 		.ascii	"\256\234Kt\262\326!\362\177'\257\211\223\205\3105\024"
 847      B2D621F2 
 847      7F27AF89 
 847      9385C835 
 847      14
 848 03e0 59870142 		.ascii	"Y\207\001B\244\317z\211\326\321\240\012\205\011[a\324"
 848      A4CF7A89 
 848      D6D1A00A 
 848      85095B61 
 848      D4
 849 03f1 A5F08EA3 		.ascii	"\245\360\216\243\321[J\266\352\241\375\3166\033]\217"
 849      D15B4AB6 
 849      EAA1FDCE 
 849      361B5D8F 
 850 0401 643ABC42 		.ascii	"d:\274B\207\327\325\027\244\336\314\265\"\265\307\334"
 850      87D7D517 
 850      A4DECCB5 
 850      22B5C7DC 
 851 0411 DAEFCB0E 		.ascii	"\332\357\313\016\257\024\354\207rk\271\016ol\376\202"
 851      AF14EC87 
 851      726BB90E 
 851      6F6CFE82 
 852 0421 3460005C 		.ascii	"4`\000\\\003Kx\203p\302/\305W\331\342\343.\361\377J"
 852      034B7883 
 852      70C22FC5 
 852      57D9E2E3 
 852      2EF1FF4A 
 853 0435 F194715B 		.ascii	"\361\224q[I\025E\361xT\022\333\247\2314<\211\255\302"
 853      491545F1 
 853      785412DB 
 853      A799343C 
 853      89ADC2
 854 0448 DBBF655E 		.ascii	"\333\277e^\222\331\301\372\211\303\330\316t[Wgk\372"
 854      92D9C1FA 
 854      89C3D8CE 
 854      745B5767 
 854      6BFA
 855 045a F59EDED6 		.ascii	"\365\236\336\3267\233\272{\323=]ot\267\264\246\337j"
 855      379BBA7B 
 855      D33D5D6F 
 855      74B7B4A6 
 855      DF6A
 856 046c 6AEDDCB7 		.ascii	"j\355\334\267\243g\177G{\357\216}\315\351=\355\335\235"
 856      A3677F47 
 856      7BEF8E7D 
 856      CDE93DED 
 856      DD9D
 857 047e B8DDCA1A 		.ascii	"\270\335\312\032;\332\233\323-m\355\315\355]=i\374o"
 857      3BDA9BD3 
 857      2D6DEDCD 
 857      ED5D3D69 
 857      FC6F
 858 0490 6BEA48EF 		.ascii	"k\352H\357\357\352\356\355I\277\374\312\213\215\317"
 858      EFEAEEED 
 858      49BFFCCA 
 858      8B8DCF
 859 049f 0BDCD378 		.ascii	"\013\334\323x\340\000\355\274\332\321\261wg\013\373"
 859      E000EDBC 
 859      DAD1B177 
 859      670BFB
 860 04ae 0F929CA1 		.ascii	"\017\222\234\2415"
 860      35
 861              		.text
 862              		.section	.gnu.lto_.symbol_nodes.fbda2209b9f3d153,"e",%progbits
 863 0000 789C9BC4 		.ascii	"x\234\233\304\000\004Ls\230\352\031\032\200\200\205"
 863      00044C73 
 863      98EA191A 
 863      808085
 864 000f 71C23906 		.ascii	"q\3029\006\206z\006\206]\015\215\214\014\214\014`\311"
 864      867A0686 
 864      5D0D8D8C 
 864      0C8C0C60 
 864      C9
 865 0020 B94CF58C 		.ascii	"\271L\365\214\037~\255\260\300\"\307:\213\211\241\321"
 865      1F7EADB0 
 865      C022C73A 
 865      8B89A1D1 
 866 0030 09C8609C 		.ascii	"\011\310`\234\317T\317\364\037\012\344\301*\031@&\202"
 866      CF54CFF4 
 866      1F0AE4C1 
 866      2A194026 
 866      82
 867 0041 9431CE63 		.ascii	"\2241\316c\252g\306!\307\314\300\002\261\267E\232\231"
 867      AA67C621 
 867      C7CCC002 
 867      B1B7459A 
 867      99
 868 0052 8119C23C 		.ascii	"\201\031\302<\"\315\000\000\342X.\004"
 868      22CD0000 
 868      E2582E04 
 869              		.text
 870              		.section	.gnu.lto_.refs.fbda2209b9f3d153,"e",%progbits
 871 0000 789C6364 		.ascii	"x\234cd\000\002\000\000\012\000\002"
 871      00020000 
 871      0A0002
 872              		.text
 873              		.section	.gnu.lto_.decls.fbda2209b9f3d153,"e",%progbits
 874 0000 789C9595 		.ascii	"x\234\225\225\177PT\307\035\300\367\273\373\356\356"
 874      7F5054C7 
 874      1DC0F7BB 
 874      FBEEEE
 875 000f F1388189 		.ascii	"\3618\201\211\347\244\223I\035\3061#\323\214\\\270c"
 875      E7A49349 
 875      1DC63123 
 875      D38C5CB8 
 875      63
 876 0020 92A67F81 		.ascii	"\222\246\177\201\007$\216\3060\017\3324\371\207\001"
 876      07248EC6 
 876      300FDA34 
 876      F98701
 877 002f DE315CE5 		.ascii	"\3361\\\345<\012\230\342\037\235y\032T\024Q\022\223"
 877      3C0A98E2 
 877      1F9D791A 
 877      54145112 
 877      93
 878 0040 888A8418 		.ascii	"\210\212\204\030\353\3044\"v\222\306\204h\010\371!\011"
 878      EBC43422 
 878      7692C684 
 878      6808F921 
 878      09
 879 0051 1A88DAD4 		.ascii	"\032\210\332\324F\322b\342\217S\020\203%\221h\252\375"
 879      46D262E2 
 879      8F531083 
 879      259168AA 
 879      FD
 880 0062 EEBE77EF 		.ascii	"\356\276w\357q\034\355\230\205\357\276\335}\237\357"
 880      711CED98 
 880      85EFBEDD 
 880      7D9FEF
 881 0071 CFDDDB37 		.ascii	"\317\335\3337\232L\310\016J\210\033\010\271\215\215"
 881      9A4CC80E 
 881      4A881B08 
 881      B98D8D
 882 0080 11423E27 		.ascii	"\021B>'v\223P\336E9\202\322\203\322\213\202(\351'\361"
 882      769350DE 
 882      453982D2 
 882      83D28B82 
 882      28E927F1 
 883 0094 6D152EA2 		.ascii	"m\025.\242)R\211\262\000\345\032\3128\312\000\312\017"
 883      295289B2 
 883      00E51ACA 
 883      38CA00CA 
 883      0F
 884 00a5 28932837 		.ascii	"(\223(7P\272\211\341+\031E\306\361\030\312\010\312E"
 884      50BA89E1 
 884      2B1945C6 
 884      F118CA08 
 884      CA45
 885 00b7 942B2813 		.ascii	"\224+(\023(\347PFQ\034`\373O\001\303w\017Il\177\304"
 885      28E75046 
 885      511C60FB 
 885      4F01C377 
 885      0F496C7F 
 886 00cc 77AEFFE1 		.ascii	"w\256\377\341\373>|7\037\305\211\343\013(Q\224\253("
 886      FB3E7C37 
 886      1FC589E3 
 886      0B285194 
 886      AB28
 887 00de DFA07C8D 		.ascii	"\337\240|\215r\017\030\371\034\231\301\356NF\373\317"
 887      720F18F9 
 887      1C99C1EE 
 887      4E46FBCF 
 888 00ee B477259D 		.ascii	"\264w%\235\007\202e\001I\003\200\323\017b\247\220\247"
 888      07826501 
 888      490380D3 
 888      0F62A790 
 888      A7
 889 00ff 18F1E854 		.ascii	"\030\361\350T\247)\032\243\012S\230\246\234\226R3&X"
 889      A7291AA3 
 889      0A5398A6 
 889      9C965233 
 889      2658
 890 0111 8E4C3352 		.ascii	"\216L3R\025\371\325\017 Mq\310\224F]\232\222q\003^\247"
 890      15F9D50F 
 890      204D71C8 
 890      94465D9A 
 890      9271035E 
 891 0126 1DCEF41C 		.ascii	"\035\316\364\034]\3226\315\211\272t\332\262\314\343"
 891      5DD236CD 
 891      89BA74DA 
 891      B2CCE3
 892 0135 CFC13EEA 		.ascii	"\317\301>\352\352\003\015\265\012%9\015GQ\2272\301:"
 892      EA030DB5 
 892      0A25390D 
 892      47519732 
 892      C13A
 893 0147 9A9DDA71 		.ascii	"\232\235\332q\332\270\000\372@\321|\036]\327sdy\356"
 893      DAB800FA 
 893      40D17C1E 
 893      5DD77364 
 893      79EE
 894 0159 DC5ED6CB 		.ascii	"\334^\326\313\372x\315\344\256\3169J\324\225\21262\264"
 894      FA78CDE4 
 894      AECE394A 
 894      D4958A36 
 894      32B4
 895 016b F4342D3D 		.ascii	"\3644-=\265\017\034\232\246x2\010F\241\371|9TA\323\222"
 895      B50F1C9A 
 895      A6783208 
 895      46A1F97C 
 895      395441D3 
 896 0180 DC073E06 		.ascii	"\334\007>\006n\237~v\344n\305\241$\315M\317 D#\005\024"
 896      6E9F7E76 
 896      E46EC5A1 
 896      24CD4DCF 
 896      20442305 
 897 0195 0DB3DBB1 		.ascii	"\015\263\333\261\006.t\252\331S\200\014\205\372([\022"
 897      062E74AA 
 897      D953800C 
 897      85FA285B 
 897      12
 898 01a6 C582529A 		.ascii	"\305\202R\232N\210.\311n7\350\370H*Y\242\025\372\024"
 898      4E882EC9 
 898      6E37E8F8 
 898      482A59A2 
 898      15FA14
 899 01b9 1275517C 		.ascii	"\022uQ|\345\221@\247`k*N\002@\201\210?l\004\214\021"
 899      E59140A7 
 899      606B2A4E 
 899      02408188 
 899      3F6C048C 
 900 01ce 0153C854 		.ascii	"\001S\310T/\326{j\016\010\211\255Z\215XOBM\033\3248"
 900      2FD67B6A 
 900      0E0889AD 
 900      5A8D584F 
 900      424D1BD4 
 901 01e3 7D00E693 		.ascii	"}\000\346\223@\314\305\024\343\3044G\300DbvL]\020\233"
 901      40CCC514 
 901      E3C43447 
 901      C0446276 
 901      4C5D109B 
 902 01f7 1B5B89C5 		.ascii	"\033[\211\305\302}\010\230\306V\255\226\020x\\\263\303"
 902      C27D0898 
 902      C656AD96 
 902      10785CB3 
 902      C3
 903 0208 E036CC73 		.ascii	"\3406\314s\263\365|wC\322\005,\233\376\374\034Hi\311"
 903      B3F57C77 
 903      43D2052C 
 903      9BFEFC1C 
 903      4869C9
 904 021b 2184FD9C 		.ascii	"!\204\375\234\260_\020\257.\332\356\010\201\267\214"
 904      B05F10AF 
 904      2EDAEE08 
 904      81B78C
 905 022a 382A929F 		.ascii	"8*\222\237cp\027P\354=\220\206\252\353\2737\367+w#4"
 905      63701750 
 905      EC3D9086 
 905      AAEBBB37 
 905      F72B7723 
 906 023f AAEB1EA8 		.ascii	"\252\353\036\250\204w\000\336\346N\272\321GD\030\277"
 906      847700DE 
 906      E64EBAD1 
 906      474418BF 
 907 024f DC7F7C7B 		.ascii	"\334\177|{\352\274\326V}\362\273\243\243\273\037<{H"
 907      EABCD656 
 907      7DF2BBA3 
 907      A3BB1F3C 
 907      7B48
 908 0261 D7D7222F 		.ascii	"\327\327\"/s\006\376\012pHX\306\021\2017\001\336\200"
 908      7306FE0A 
 908      704858C6 
 908      11813701 
 908      DE80
 909 0273 8A171DEC 		.ascii	"\212\027\035\354+\340\232M\327?;\306\270fW\347\332\365"
 909      2BE09A4D 
 909      D73F3BC6 
 909      B86657E7 
 909      DAF5
 910 0285 7ADA1AD4 		.ascii	"z\332\032\324\222\270\322aK\351\260\245\264\331\301"
 910      92B8D261 
 910      4BE9B0A5 
 910      B4D9C1
 911 0294 C68452F7 		.ascii	"\306\204R\367\266\201\221\244y\255\272>9\264\245\265"
 911      B68191A4 
 911      79ADBA3E 
 911      39B4A5B5 
 912 02a4 D9D9A6F7 		.ascii	"\331\331\246\367R\256\363\236\245\363\236x\260N\312"
 912      52AEF39E 
 912      A5F39E78 
 912      B04ECA
 913 02b3 E9BE93EB 		.ascii	"\351\276\223\353\016:9}hh\353\376\254\030\374\276\005"
 913      0E3A397D 
 913      6868EBFE 
 913      AC18FCBE 
 913      05
 914 02c4 BF2F1E98 		.ascii	"\277/\036\230\355\002Q\327T1\"l\214\022Q\007I\324!\035"
 914      ED0251D7 
 914      5431226C 
 914      8C125107 
 914      49D4211D 
 915 02d8 0D8D7E74 		.ascii	"\015\215~t\351\330,\245G\327\277\325{\032\222\010\034"
 915      E9D82CA5 
 915      47D7BFD5 
 915      7B1A9208 
 915      1C
 916 02e9 05F81883 		.ascii	"\005\370\030\203\373\010\220?\004\360!\300\007\200p"
 916      FB08903F 
 916      04F021C0 
 916      078070
 917 02f8 1F80FEE1 		.ascii	"\037\200\376\341k\363\330u\341}\315\336\326\336\344"
 917      6BF3D875 
 917      E17DCDDE 
 917      D6DEE4
 918 0307 FB4EB7E8 		.ascii	"\373N\267\350\223\177i\032\310n\323{$\016|\312\275\233"
 918      937F691A 
 918      C86ED37B 
 918      240E7CCA 
 918      BD9B
 919 0319 06089F7D 		.ascii	"\006\010\237}\002\025\353\034\302\337\003\242\317`\353"
 919      0215EB1C 
 919      C2DF03A2 
 919      CF60EB
 920 0328 19575FD7 		.ascii	"\031W_\327sqPV\206\377\257O\326\314\214P\323\331\013"
 920      73715056 
 920      86FFAF4F 
 920      D6CC8C50 
 920      D3D90B
 921 033b 8CB0EDE6 		.ascii	"\214\260\355\346\354g\254\035g{\315Y\032\353\304\331"
 921      EC67AC1D 
 921      677BCD59 
 921      1AEBC4D9 
 922 034b 9BE64C66 		.ascii	"\233\346LfGpv\024\245\037e\320\\\315\026\251v0v\222"
 922      47707614 
 922      A51F65D0 
 922      5CCD16A9 
 922      76307692 
 923 035f FBBE77E8 		.ascii	"\373\276w\350T\323\027l\276\331f\213\376,\326\374Z{"
 923      54D3176C 
 923      BED9668B 
 923      FE2CD6FC 
 923      5A7B
 924 0371 DBC1F9BD 		.ascii	"\333\301\371\275\317\350}=\000\003\000g\001.\333\251"
 924      CFE87D3D 
 924      00030067 
 924      012EDBA9 
 925 0381 1CE35D16 		.ascii	"\034\343]\026A\256k\347\301j\023\371,\0169\316\273\243"
 925      41AE6BE7 
 925      C16A13F9 
 925      2C0E39CE 
 925      BBA3
 926 0393 2098568B 		.ascii	" \230V\2139\031\307|n\233i\266\220\323q\310\337\247"
 926      3919C77C 
 926      6E9B69B6 
 926      90D371C8 
 926      DFA7
 927 03a5 9869B498 		.ascii	"\230i\264\230\177\3061^\313J\223E\234\211#\276\234b"
 927      7FC6315E 
 927      CB4A9345 
 927      9C8923BE 
 927      9C62
 928 03b7 6583C57C 		.ascii	"e\203\305|\225`\305D6Z\310P\242\231,\202\247\267A\307"
 928      9560C544 
 928      365AC850 
 928      A2992C82 
 928      A7B741C7 
 929 03cb 2D26300C 		.ascii	"-&0\014\360/\276vYl\364\005\200(\300%\200\213\000#\000"
 929      F02FBE76 
 929      596CF405 
 929      8028C025 
 929      808B0023 
 930 03e0 E7014601 		.ascii	"\347\001F\001\256\000\234\003\270\0120\006\360\015\300"
 930      AE009C03 
 930      B80A3006 
 930      F00DC0
 931 03ef D7FC1872 		.ascii	"\327\374\030r\037\233,\037\377HL\330\310f\263\205|\021"
 931      1F9B2C1F 
 931      FF484CD8 
 931      C866B385 
 931      7C11
 932 0401 879CB291 		.ascii	"\207\234\262\221-\026\362\267D\304\314f\207\305\014"
 932      2D16F2B7 
 932      44C4CC66 
 932      87C50C
 933 0410 26EE9061 		.ascii	"&\356\220af\273\205\234H\334 4\303\236\225\3701\275"
 933      66BB859C 
 933      48DC2034 
 933      C39E95F8 
 933      31BD
 934 0422 B4F7C4B8 		.ascii	"\264\367\304\270<{z\372\360-\374\324\002\240\255+g\306"
 934      3C7B7AFA 
 934      F02DFCD4 
 934      02A0AD2B 
 934      67C6
 935 0434 3F4E728B 		.ascii	"?Nr\213\237YG\257\004\343\266\323k ~\247\036\350A\316"
 935      9F5947AF 
 935      04E3B6D3 
 935      6B207EA7 
 935      1EE841CE 
 936 0448 B9E75D7D 		.ascii	"\271\347]}[\012\036L\036\346\325-xy4\270\315\023\360"
 936      5B0A1E4C 
 936      1EE6D52D 
 936      787934B8 
 936      CD13F0
 937 045b FD4C2760 		.ascii	"\375L'`\322FN$ \230\211\035\374\277\301\330\317\357"
 937      D2464E24 
 937      2098891D 
 937      FCBFC1D8 
 937      CFEF
 938 046d 45E81300 		.ascii	"E\350\023\000\337\361\310\330.\221it\360\326F\230=\035"
 938      DFF1C8D8 
 938      2E916974 
 938      F0D64698 
 938      3D1D
 939 047f 86EB300D 		.ascii	"\206\3530\015G\364\326\306K\203\263\354D&m\227?\200"
 939      47F4D6C6 
 939      4B83B3EC 
 939      44266D97 
 939      3F80
 940 0491 003E1DEA 		.ascii	"\000>\035\352\272)\333@\267\015\334\210e\252\003\333"
 940      BA29DB40 
 940      B70DDC88 
 940      65AA03DB 
 941 04a1 2719BF4E 		.ascii	"'\031\277N\306o\361\3137\017\270\025\335\274\016p1\246"
 941      C66FF1CB 
 941      370FB815 
 941      DDBC0E70 
 941      31A6
 942 04b3 700B63F0 		.ascii	"p\013c\360\302\177\000\231\316\035g6\300]F\204\035\374"
 942      C27F0099 
 942      CE1D6736 
 942      C05D4684 
 942      1DFC
 943 04c5 E30A37C1 		.ascii	"\343\0127\3018<\267A\200\334u\307\251\306\356d\033\032"
 943      383CB741 
 943      80DC75C7 
 943      A9C6EE64 
 943      1B1A
 944 04d7 48845897 		.ascii	"H\204X\227D\330\033\246\357{E0\303h^\031\034\371\361"
 944      44D81BA6 
 944      EF7B4530 
 944      C3685E19 
 944      1CF9F1
 945 04ea 5A92B811 		.ascii	"Z\222\270\021\304\217\334\256\352\032\012\033\350\014"
 945      C48FDCAE 
 945      EA1A0A1B 
 945      E80C
 946 04f8 856FB711 		.ascii	"\205o\267\021\274\010\246 \346i}\031\231]\007t\301\340"
 946      BC08A620 
 946      E6697D19 
 946      995D0774 
 946      C1E0
 947 050a 07FC47C1 		.ascii	"\007\374G\301\304\242\371\322>\212m\266\235\325\011"
 947      C4A2F9D2 
 947      3E8A6DB6 
 947      9DD509
 948 0519 AEE236B0 		.ascii	"\256\3426\260\201\3023\370\321\344\014\356\310Z\012"
 948      81C233F8 
 948      D1E40CEE 
 948      C85A0A
 949 0528 8D14D653 		.ascii	"\215\024\326SX\307?\244\354\035\261\215\247\326\014"
 949      58C73FA4 
 949      EC1DB18D 
 949      A7D60C
 950 0537 BF3D751B 		.ascii	"\277=u\033\015\025\330HgTB\205\336\033o\335r\333{\325"
 950      0D15D848 
 950      67544285 
 950      DE1B6FDD 
 950      72DB7BD5 
 951 054b 64BBDF84 		.ascii	"d\273\337\204\004\373D\"\363ZZ\371%?\366+\274\344\361"
 951      04FB4422 
 951      F35A5AF9 
 951      253FF62B 
 951      BCE4F1
 952 055e 3BB65A6C 		.ascii	";\266Zlh35>3\260\231\3428\366%kw\260sX\335(\3128\312"
 952      6833353E 
 952      33B099E2 
 952      38F6256B 
 952      77B07358 
 953 0577 04CA7594 		.ascii	"\004\312u\224\333(\015\016\243\342\363\215\273\230\262"
 953      DB280D0E 
 953      A3E2F38D 
 953      BB98B2
 954 0586 4607BAF7 		.ascii	"F\007\272\367\354^\275o[\222}\021\033\367\360k\373\025"
 954      EC5EBD6F 
 954      5B927D11 
 954      1BF7F06B 
 954      FB15
 955 0598 F46594E4 		.ascii	"\364e\224\3449\012\355t\306k\355\245f\253n/\304A\306"
 955      390AED74 
 955      C66BEDA5 
 955      66AB6E2F 
 955      C441C6
 956 05ab 16614A5D 		.ascii	"\026aJ]\373M\004\317JK\0342\345B\331g\233\331\232\350"
 956      FB4D04CF 
 956      4A4B1C32 
 956      E542D967 
 956      9BD99AE8 
 957 05bf CB605EB7 		.ascii	"\313`^\267\231g\343\230\330em\027|\033\205\027\371\036"
 957      9967E398 
 957      D8656D17 
 957      7C1B8517 
 957      F91E
 958 05d1 B58B72EF 		.ascii	"\265\213r\357\240\360\022\2056\012\333)\274La\027\205"
 958      A0F01285 
 958      360ADB29 
 958      BC4C6117 
 958      85
 959 05e2 9D147653 		.ascii	"\235\024vS\314\337\274\024_\265-?\237\220\204\231\350"
 959      CCDFBC14 
 959      5FB52D3F 
 959      9F908499 
 959      E8
 960 05f3 019B698D 		.ascii	"\001\233i\215c\246|M\376\334<\365\242\230\036\241\301"
 960      63A67C4D 
 960      FEDC3CF5 
 960      A2981EA1 
 960      C1
 961 0604 74DACC96 		.ascii	"t\332\314\226\304j\360K\257\231\357\011\335s` \356\014"
 961      C46AF04B 
 961      AF99EF09 
 961      DD736020 
 961      EE0C
 962 0616 1929C12B 		.ascii	"\031)\301+\364N\222\342Gj\370\360\270\323>R{lG\177\342"
 962      F44E92E2 
 962      476AF8F0 
 962      B8D33E52 
 962      7B6C477F 
 963 062b 04CD26EE 		.ascii	"\004\315&\356\322\232\360\323\017\005\027\206\357\257"
 963      D29AF0D3 
 963      0F051786 
 963      EFAF
 964 0639 A8264A79 		.ascii	"\250&Jy\244\246.X\2770\214\353\225\245U%UUZIhE\250\316"
 964      A4A62E58 
 964      BF308CEB 
 964      95A55525 
 964      55555A49 
 965 0651 57152AF3 		.ascii	"W\025*\363\226W\206\312B\221Z/\376\343;o5\242\265\336"
 965      965786CA 
 965      42915A2F 
 965      FEE33B6F 
 965      35A2B5DE 
 966 0665 A2E2C7FC 		.ascii	"\242\342\307\374>\243/\360\327\327{M\255\314r\371\221"
 966      3EA32FF0 
 966      D7D77B4D 
 966      ADCC72F9 
 966      91
 967 0676 65BF4E0F 		.ascii	"e\277N\017<\3740\231m-e\372\177\351\257(\313\366g\223"
 967      3CFC3099 
 967      6D2D65FA 
 967      7FE9AF28 
 967      CBF66793 
 968 068a 4C6F6524 		.ascii	"Loe$\034\364\376\256\266.\370\207\322\232:omdeMy\320"
 968      1CF4FEAE 
 968      B62EF887 
 968      D29A3A6F 
 968      6D64654D 
 969 06a0 BBAA3418 		.ascii	"\273\2524\030^\276\260\266\272*T\267py\231\267 T\023"
 969      5EBEB0B6 
 969      BA2A54B7 
 969      707999B7 
 969      205413
 970 06b3 C6D741E2 		.ascii	"\306\327A\342\377\351\356IZm]\330\357+)\257\212\224"
 970      FFE9EE49 
 970      5A6D5DD8 
 970      EF2B29AF 
 970      8A94
 971 06c5 2F1739B8 		.ascii	"/\0279\270B5\277_\214\317\2072\275wl\316\260\021\252"
 971      4235BF5F 
 971      8CCF8732 
 971      BD776CCE 
 971      B011AA
 972 06d8 ADC9AC24 		.ascii	"\255\311\254$.-\\zg\372K\227\346y\363\036\313}:\313"
 972      2E2D5C7A 
 972      67FA4B97 
 972      E679F31E 
 972      CB7D3ACB 
 973 06ec D44745D4 		.ascii	"\324GE\324\227W\206V\324\341\254.\265h\025\346\035\016"
 973      97578656 
 973      D4E1AC2E 
 973      B56815E6 
 973      1D0E
 974 06fe 446A8201 		.ascii	"Dj\202\001\036\235#P\360\210\352s\345>\272H-*VY\240"
 974      1E9D2350 
 974      F088EA73 
 974      E53EBA48 
 974      2D2A5659 
 975 0713 489516E5 		.ascii	"H\225\026\345\005TWn\341\242\254\374e\342\351\303\247"
 975      0554576E 
 975      E1A2ACFC 
 975      65E2E9C3 
 975      A7
 976 0724 13017CC8 		.ascii	"\023\001|\310|\231\203|\34034\026\253\022\267A\003\252"
 976      7C99837C 
 976      E0333416 
 976      AB12B741 
 976      03AA
 977 0736 B0E54F0C 		.ascii	"\260\345O\014\261<\022\016GVx\203\365u\030\343\364\004"
 977      B13C120E 
 977      47567883 
 977      F57518E3 
 977      F404
 978 0748 2BFC0FF8 		.ascii	"+\374\017\370\353\3131\304d5\020()^U\035\314\013V$\027"
 978      EBCB31C4 
 978      64351028 
 978      295E551D 
 978      CC0B5624 
 979 075d 3EA1C6C6 		.ascii	">\241\306\306\316\374\337\026/\016\250L5\035d\245\024"
 979      CEFCDF16 
 979      2F0EA84C 
 979      351D64A5 
 979      14
 980 076e 3D598483 		.ascii	"=Y\204\203\330\373{bg\245\254\264|\371\312\352\022-"
 980      D8FB7B62 
 980      67A5ACB4 
 980      7CF9CAEA 
 980      122D
 981 0780 122E0DAD 		.ascii	"\022.\015\255\020Ug\217/Re5\277(_\375M~\036\315Ui\221"
 981      1055678F 
 981      2F526535 
 981      BF285FFD 
 981      4D7E1ECD 
 982 0797 EA7ABCB0 		.ascii	"\352z\274\260xI\376\223\252\304;\226\033P\245'\324B"
 982      7849FE93 
 982      AAC43B96 
 982      1B50A527 
 982      D442
 983 07a9 7556C1D2 		.ascii	"uV\301\322\334\242Gc\026\377\013\305\036AX"
 983      DCA24763 
 983      16FF0BC5 
 983      1E4158
 984              		.text
 985              		.section	.gnu.lto_.symtab.fbda2209b9f3d153,"e",%progbits
 986 0000 68616C5F 		.ascii	"hal_lld_init\000"
 986      6C6C645F 
 986      696E6974 
 986      00
 987 000d 00       		.ascii	"\000"
 988 000e 00       		.ascii	"\000"
 989 000f 00       		.ascii	"\000"
 990 0010 00000000 		.ascii	"\000\000\000\000\000\000\000\000"
 990      00000000 
 991 0018 BC000000 		.ascii	"\274\000\000\000"
 992 001c 73746D33 		.ascii	"stm32_clock_init\000"
 992      325F636C 
 992      6F636B5F 
 992      696E6974 
 992      00
 993 002d 00       		.ascii	"\000"
 994 002e 00       		.ascii	"\000"
 995 002f 00       		.ascii	"\000"
 996 0030 00000000 		.ascii	"\000\000\000\000\000\000\000\000"
 996      00000000 
 997 0038 BE000000 		.ascii	"\276\000\000\000"
 998 003c 53797374 		.ascii	"SystemCoreClock\000"
 998      656D436F 
 998      7265436C 
 998      6F636B00 
 999 004c 00       		.ascii	"\000"
 1000 004d 00       		.ascii	"\000"
 1001 004e 00       		.ascii	"\000"
 1002 004f 00000000 		.ascii	"\000\000\000\000\000\000\000\000"
 1002      00000000 
 1003 0057 CB000000 		.ascii	"\313\000\000\000"
 1004 005b 69727149 		.ascii	"irqInit\000"
 1004      6E697400 
 1005 0063 00       		.ascii	"\000"
 1006 0064 02       		.ascii	"\002"
 1007 0065 00       		.ascii	"\000"
 1008 0066 00000000 		.ascii	"\000\000\000\000\000\000\000\000"
 1008      00000000 
 1009 006e C0000000 		.ascii	"\300\000\000\000"
 1010 0072 646D6149 		.ascii	"dmaInit\000"
 1010      6E697400 
 1011 007a 00       		.ascii	"\000"
 1012 007b 02       		.ascii	"\002"
 1013 007c 00       		.ascii	"\000"
 1014 007d 00000000 		.ascii	"\000\000\000\000\000\000\000\000"
 1014      00000000 
 1015 0085 C2000000 		.ascii	"\302\000\000\000"
 1016              		.text
 1017              		.section	.gnu.lto_.ext_symtab.fbda2209b9f3d153,"e",%progbits
 1018 0000 01       		.ascii	"\001"
 1019 0001 01       		.ascii	"\001"
 1020 0002 00       		.ascii	"\000"
 1021 0003 01       		.ascii	"\001"
 1022 0004 00       		.ascii	"\000"
 1023 0005 02       		.ascii	"\002"
 1024 0006 00       		.ascii	"\000"
 1025 0007 01       		.ascii	"\001"
 1026 0008 00       		.ascii	"\000"
 1027 0009 01       		.ascii	"\001"
 1028 000a 00       		.ascii	"\000"
 1029              		.text
 1030              		.section	.gnu.lto_.opts,"e",%progbits
 1031 0000 272D666E 		.ascii	"'-fno-openmp' '-fno-openacc' '-fno-pie' '-fcf-prote"
 1031      6F2D6F70 
 1031      656E6D70 
 1031      2720272D 
 1031      666E6F2D 
 1032 0033 6374696F 		.ascii	"ction=none' '-g' '-mcpu=cortex-m4' '-mthumb' '-mno-"
 1032      6E3D6E6F 
 1032      6E652720 
 1032      272D6727 
 1032      20272D6D 
 1033 0066 7468756D 		.ascii	"thumb-interwork' '-mno-unaligned-access' '-mfloat-a"
 1033      622D696E 
 1033      74657277 
 1033      6F726B27 
 1033      20272D6D 
 1034 0099 62693D68 		.ascii	"bi=hard' '-mfpu=fpv4-sp-d16' '-mlibarch=armv7e-m+fp"
 1034      61726427 
 1034      20272D6D 
 1034      6670753D 
 1034      66707634 
 1035 00cc 2720272D 		.ascii	"' '-march=armv7e-m+fp' '-Os' '-Ofast' '-fsingle-pre"
 1035      6D617263 
 1035      683D6172 
 1035      6D763765 
 1035      2D6D2B66 
 1036 00ff 63697369 		.ascii	"cision-constant' '-fomit-frame-pointer' '-ffunction"
 1036      6F6E2D63 
 1036      6F6E7374 
 1036      616E7427 
 1036      20272D66 
 1037 0132 2D736563 		.ascii	"-sections' '-fdata-sections' '-fshort-wchar' '-fcom"
 1037      74696F6E 
 1037      73272027 
 1037      2D666461 
 1037      74612D73 
 1038 0165 6D6F6E27 		.ascii	"mon' '-flto' '-Xassembler' '-adhlns=.build/obj_karl"
 1038      20272D66 
 1038      6C746F27 
 1038      20272D58 
 1038      61737365 
 1039 0198 6B39305F 		.ascii	"k90_yaemk/lib/chibios/os/hal/ports/STM32/STM32F3xx/"
 1039      7961656D 
 1039      6B2F6C69 
 1039      622F6368 
 1039      6962696F 
 1040 01cb 68616C5F 		.ascii	"hal_lld.lst'\000"
 1040      6C6C642E 
 1040      6C737427 
 1040      00
 1041              		.text
 1042              		.comm	__gnu_lto_slim,1,1
 1043              		.ident	"GCC: (15:10.3-2021.07-4) 10.3.1 20210621 (release)"
DEFINED SYMBOLS
                            *ABS*:0000000000000000 hal_lld.c
     /tmp/ccUXgY9f.s:20     .gnu.debuglto_.debug_info:0000000000000000 hal_lld.c.383fb434
                            *COM*:0000000000000001 __gnu_lto_slim

NO UNDEFINED SYMBOLS
