   1              		.cpu cortex-m4
   2              		.eabi_attribute 27, 1
   3              		.eabi_attribute 28, 1
   4              		.eabi_attribute 23, 1
   5              		.eabi_attribute 24, 1
   6              		.eabi_attribute 25, 1
   7              		.eabi_attribute 26, 1
   8              		.eabi_attribute 30, 2
   9              		.eabi_attribute 34, 0
  10              		.eabi_attribute 18, 2
  11              		.file	"hal.c"
  12              		.file 1 "lib/chibios/os/hal/src/hal.c"
  13              		.file 2 "./lib/chibios/os/hal/osal/rt-nil/osal.h"
  14              		.section	.gnu.debuglto_.debug_info,"e",%progbits
  15              	.Ldebug_info0:
  16              		.hidden	hal.c.c250fa7e
  17              		.weak	hal.c.c250fa7e
  18              	hal.c.c250fa7e:
  19 0000 7F000000 		.4byte	0x7f
  20 0004 0400     		.2byte	0x4
  21 0006 00000000 		.4byte	.Ldebug_abbrev0
  22 000a 04       		.byte	0x4
  23 000b 01       		.uleb128 0x1
  24 000c 44000000 		.4byte	.LASF11
  25 0010 0C       		.byte	0xc
  26 0011 BF010000 		.4byte	.LASF12
  27 0015 80010000 		.4byte	.LASF13
  28 0019 00000000 		.4byte	.Ldebug_line0
  29 001d 02       		.uleb128 0x2
  30 001e 04       		.byte	0x4
  31 001f 05       		.byte	0x5
  32 0020 696E7400 		.ascii	"int\000"
  33 0024 03       		.uleb128 0x3
  34 0025 04       		.byte	0x4
  35 0026 07       		.byte	0x7
  36 0027 0E000000 		.4byte	.LASF0
  37 002b 03       		.uleb128 0x3
  38 002c 02       		.byte	0x2
  39 002d 07       		.byte	0x7
  40 002e E2010000 		.4byte	.LASF1
  41 0032 03       		.uleb128 0x3
  42 0033 01       		.byte	0x1
  43 0034 06       		.byte	0x6
  44 0035 F5010000 		.4byte	.LASF2
  45 0039 03       		.uleb128 0x3
  46 003a 02       		.byte	0x2
  47 003b 05       		.byte	0x5
  48 003c 0A020000 		.4byte	.LASF3
  49 0040 03       		.uleb128 0x3
  50 0041 04       		.byte	0x4
  51 0042 05       		.byte	0x5
  52 0043 AE010000 		.4byte	.LASF4
  53 0047 03       		.uleb128 0x3
  54 0048 08       		.byte	0x8
  55 0049 05       		.byte	0x5
  56 004a 00000000 		.4byte	.LASF5
  57 004e 03       		.uleb128 0x3
  58 004f 01       		.byte	0x1
  59 0050 08       		.byte	0x8
  60 0051 6D010000 		.4byte	.LASF6
  61 0055 03       		.uleb128 0x3
  62 0056 04       		.byte	0x4
  63 0057 07       		.byte	0x7
  64 0058 1B000000 		.4byte	.LASF7
  65 005c 03       		.uleb128 0x3
  66 005d 08       		.byte	0x8
  67 005e 07       		.byte	0x7
  68 005f 2D000000 		.4byte	.LASF8
  69 0063 03       		.uleb128 0x3
  70 0064 01       		.byte	0x1
  71 0065 08       		.byte	0x8
  72 0066 7B010000 		.4byte	.LASF9
  73 006a 03       		.uleb128 0x3
  74 006b 01       		.byte	0x1
  75 006c 02       		.byte	0x2
  76 006d DC010000 		.4byte	.LASF10
  77 0071 04       		.uleb128 0x4
  78 0072 B7010000 		.4byte	.LASF14
  79 0076 01       		.byte	0x1
  80 0077 38       		.byte	0x38
  81 0078 06       		.byte	0x6
  82 0079 05       		.uleb128 0x5
  83 007a 01020000 		.4byte	.LASF15
  84 007e 02       		.byte	0x2
  85 007f 1302     		.2byte	0x213
  86 0081 14       		.byte	0x14
  87 0082 00       		.byte	0
  88              		.section	.gnu.debuglto_.debug_abbrev,"e",%progbits
  89              	.Ldebug_abbrev0:
  90 0000 01       		.uleb128 0x1
  91 0001 11       		.uleb128 0x11
  92 0002 01       		.byte	0x1
  93 0003 25       		.uleb128 0x25
  94 0004 0E       		.uleb128 0xe
  95 0005 13       		.uleb128 0x13
  96 0006 0B       		.uleb128 0xb
  97 0007 03       		.uleb128 0x3
  98 0008 0E       		.uleb128 0xe
  99 0009 1B       		.uleb128 0x1b
 100 000a 0E       		.uleb128 0xe
 101 000b 10       		.uleb128 0x10
 102 000c 17       		.uleb128 0x17
 103 000d 00       		.byte	0
 104 000e 00       		.byte	0
 105 000f 02       		.uleb128 0x2
 106 0010 24       		.uleb128 0x24
 107 0011 00       		.byte	0
 108 0012 0B       		.uleb128 0xb
 109 0013 0B       		.uleb128 0xb
 110 0014 3E       		.uleb128 0x3e
 111 0015 0B       		.uleb128 0xb
 112 0016 03       		.uleb128 0x3
 113 0017 08       		.uleb128 0x8
 114 0018 00       		.byte	0
 115 0019 00       		.byte	0
 116 001a 03       		.uleb128 0x3
 117 001b 24       		.uleb128 0x24
 118 001c 00       		.byte	0
 119 001d 0B       		.uleb128 0xb
 120 001e 0B       		.uleb128 0xb
 121 001f 3E       		.uleb128 0x3e
 122 0020 0B       		.uleb128 0xb
 123 0021 03       		.uleb128 0x3
 124 0022 0E       		.uleb128 0xe
 125 0023 00       		.byte	0
 126 0024 00       		.byte	0
 127 0025 04       		.uleb128 0x4
 128 0026 2E       		.uleb128 0x2e
 129 0027 00       		.byte	0
 130 0028 3F       		.uleb128 0x3f
 131 0029 19       		.uleb128 0x19
 132 002a 03       		.uleb128 0x3
 133 002b 0E       		.uleb128 0xe
 134 002c 3A       		.uleb128 0x3a
 135 002d 0B       		.uleb128 0xb
 136 002e 3B       		.uleb128 0x3b
 137 002f 0B       		.uleb128 0xb
 138 0030 39       		.uleb128 0x39
 139 0031 0B       		.uleb128 0xb
 140 0032 27       		.uleb128 0x27
 141 0033 19       		.uleb128 0x19
 142 0034 00       		.byte	0
 143 0035 00       		.byte	0
 144 0036 05       		.uleb128 0x5
 145 0037 2E       		.uleb128 0x2e
 146 0038 00       		.byte	0
 147 0039 03       		.uleb128 0x3
 148 003a 0E       		.uleb128 0xe
 149 003b 3A       		.uleb128 0x3a
 150 003c 0B       		.uleb128 0xb
 151 003d 3B       		.uleb128 0x3b
 152 003e 05       		.uleb128 0x5
 153 003f 39       		.uleb128 0x39
 154 0040 0B       		.uleb128 0xb
 155 0041 27       		.uleb128 0x27
 156 0042 19       		.uleb128 0x19
 157 0043 00       		.byte	0
 158 0044 00       		.byte	0
 159 0045 00       		.byte	0
 160              		.section	.gnu.debuglto_.debug_line,"e",%progbits
 161              	.Ldebug_line0:
 162 0000 63000000 		.4byte	.LELT0-.LSLT0
 163              	.LSLT0:
 164 0004 0400     		.2byte	0x4
 165 0006 5D000000 		.4byte	.LELTP0-.LASLTP0
 166              	.LASLTP0:
 167 000a 01       		.byte	0x1
 168 000b 01       		.byte	0x1
 169 000c 01       		.byte	0x1
 170 000d F6       		.byte	0xf6
 171 000e F2       		.byte	0xf2
 172 000f 0D       		.byte	0xd
 173 0010 00       		.byte	0
 174 0011 01       		.byte	0x1
 175 0012 01       		.byte	0x1
 176 0013 01       		.byte	0x1
 177 0014 01       		.byte	0x1
 178 0015 00       		.byte	0
 179 0016 00       		.byte	0
 180 0017 00       		.byte	0
 181 0018 01       		.byte	0x1
 182 0019 00       		.byte	0
 183 001a 00       		.byte	0
 184 001b 01       		.byte	0x1
 185 001c 6C69622F 		.ascii	"lib/chibios/os/hal/osal/rt-nil"
 185      63686962 
 185      696F732F 
 185      6F732F68 
 185      616C2F6F 
 186 003a 00       		.byte	0
 187 003b 6C69622F 		.ascii	"lib/chibios/os/hal/src"
 187      63686962 
 187      696F732F 
 187      6F732F68 
 187      616C2F73 
 188 0051 00       		.byte	0
 189 0052 00       		.byte	0
 190 0053 68616C2E 		.ascii	"hal.c\000"
 190      6300
 191 0059 02       		.uleb128 0x2
 192 005a 00       		.uleb128 0
 193 005b 00       		.uleb128 0
 194 005c 6F73616C 		.ascii	"osal.h\000"
 194      2E6800
 195 0063 01       		.uleb128 0x1
 196 0064 00       		.uleb128 0
 197 0065 00       		.uleb128 0
 198 0066 00       		.byte	0
 199              	.LELTP0:
 200              	.LELT0:
 201              		.section	.gnu.debuglto_.debug_str,"eMS",%progbits,1
 202              	.LASF5:
 203 0000 6C6F6E67 		.ascii	"long long int\000"
 203      206C6F6E 
 203      6720696E 
 203      7400
 204              	.LASF0:
 205 000e 756E7369 		.ascii	"unsigned int\000"
 205      676E6564 
 205      20696E74 
 205      00
 206              	.LASF7:
 207 001b 6C6F6E67 		.ascii	"long unsigned int\000"
 207      20756E73 
 207      69676E65 
 207      6420696E 
 207      7400
 208              	.LASF8:
 209 002d 6C6F6E67 		.ascii	"long long unsigned int\000"
 209      206C6F6E 
 209      6720756E 
 209      7369676E 
 209      65642069 
 210              	.LASF11:
 211 0044 474E5520 		.ascii	"GNU C99 10.3.1 20210621 (release) -mcpu=cortex-m4 -"
 211      43393920 
 211      31302E33 
 211      2E312032 
 211      30323130 
 212 0077 6D746875 		.ascii	"mthumb -mno-thumb-interwork -mno-unaligned-access -"
 212      6D62202D 
 212      6D6E6F2D 
 212      7468756D 
 212      622D696E 
 213 00aa 6D666C6F 		.ascii	"mfloat-abi=hard -mfpu=fpv4-sp-d16 -march=armv7e-m+f"
 213      61742D61 
 213      62693D68 
 213      61726420 
 213      2D6D6670 
 214 00dd 70202D67 		.ascii	"p -ggdb -Os -Ofast -std=gnu99 -fsingle-precision-co"
 214      67646220 
 214      2D4F7320 
 214      2D4F6661 
 214      7374202D 
 215 0110 6E737461 		.ascii	"nstant -fomit-frame-pointer -ffunction-sections -fd"
 215      6E74202D 
 215      666F6D69 
 215      742D6672 
 215      616D652D 
 216 0143 6174612D 		.ascii	"ata-sections -fshort-wchar -fcommon -flto\000"
 216      73656374 
 216      696F6E73 
 216      202D6673 
 216      686F7274 
 217              	.LASF6:
 218 016d 756E7369 		.ascii	"unsigned char\000"
 218      676E6564 
 218      20636861 
 218      7200
 219              	.LASF9:
 220 017b 63686172 		.ascii	"char\000"
 220      00
 221              	.LASF13:
 222 0180 2F686F6D 		.ascii	"/home/jstewart/source/yaemk-split-kb/Firmware\000"
 222      652F6A73 
 222      74657761 
 222      72742F73 
 222      6F757263 
 223              	.LASF4:
 224 01ae 6C6F6E67 		.ascii	"long int\000"
 224      20696E74 
 224      00
 225              	.LASF14:
 226 01b7 68616C49 		.ascii	"halInit\000"
 226      6E697400 
 227              	.LASF12:
 228 01bf 6C69622F 		.ascii	"lib/chibios/os/hal/src/hal.c\000"
 228      63686962 
 228      696F732F 
 228      6F732F68 
 228      616C2F73 
 229              	.LASF10:
 230 01dc 5F426F6F 		.ascii	"_Bool\000"
 230      6C00
 231              	.LASF1:
 232 01e2 73686F72 		.ascii	"short unsigned int\000"
 232      7420756E 
 232      7369676E 
 232      65642069 
 232      6E7400
 233              	.LASF2:
 234 01f5 7369676E 		.ascii	"signed char\000"
 234      65642063 
 234      68617200 
 235              	.LASF15:
 236 0201 6F73616C 		.ascii	"osalInit\000"
 236      496E6974 
 236      00
 237              	.LASF3:
 238 020a 73686F72 		.ascii	"short int\000"
 238      7420696E 
 238      7400
 239              		.text
 240              		.section	.gnu.lto_.profile.4b5ba6d4e4b78752,"e",%progbits
 241 0000 789C6362 		.ascii	"x\234cb\000\001\000\000\022\000\003"
 241      00010000 
 241      120003
 242              		.text
 243              		.section	.gnu.lto_.icf.4b5ba6d4e4b78752,"e",%progbits
 244 0000 789CE360 		.ascii	"x\234\343`@\000F\206\013\375\037\347\2620\000\000\016"
 244      40004686 
 244      0BFD1FE7 
 244      B2300000 
 244      0E
 245 0011 0A02FB   		.ascii	"\012\002\373"
 246              		.text
 247              		.section	.gnu.lto_.ipa_sra.4b5ba6d4e4b78752,"e",%progbits
 248 0000 789C1365 		.ascii	"x\234\023e@\000F\020B\207\000\003E\000 "
 248      40004610 
 248      42870003 
 248      450020
 249              		.text
 250              		.section	.gnu.lto_.inline.4b5ba6d4e4b78752,"e",%progbits
 251 0000 789C0B61 		.ascii	"x\234\013a@\000F\006\006\356\206\206\206\023L\231\214"
 251      40004606 
 251      06EE8686 
 251      86134C99 
 251      8C
 252 0011 0C4C0C0C 		.ascii	"\014L\014\014\215@v\035\003\003\033\220j`Ja\002\011"
 252      8D40761D 
 252      03031B90 
 252      6A604A61 
 252      0209
 253 0023 31307231 		.ascii	"10r1\220D2\000\0006\333\010^"
 253      90443200 
 253      0036DB08 
 253      5E
 254              		.text
 255              		.section	.gnu.lto_.jmpfuncs.4b5ba6d4e4b78752,"e",%progbits
 256 0000 789CE365 		.ascii	"x\234\343e@\000F$6\003\000\001k\000\017"
 256      40004624 
 256      36030001 
 256      6B000F
 257              		.text
 258              		.section	.gnu.lto_.pureconst.4b5ba6d4e4b78752,"e",%progbits
 259 0000 789C6361 		.ascii	"x\234ca```d\230\301\002\000\001`\000\242"
 259      60606064 
 259      98C10200 
 259      016000A2 
 260              		.text
 261              		.section	.gnu.lto_.lto.4b5ba6d4e4b78752,"e",%progbits
 262 0000 09000400 		.ascii	"\011\000\004\000\001\000\000\000"
 262      01000000 
 263              		.text
 264              		.section	.gnu.lto_halInit.282.4b5ba6d4e4b78752,"e",%progbits
 265 0000 789C4B63 		.ascii	"x\234Kcd`(g``P\006bFf\006\306I\023\273\230\030\032\032"
 265      64602867 
 265      60605006 
 265      62466606 
 265      C64913BB 
 266 0018 1A1CD899 		.ascii	"\032\034\330\231\030\033'vq2ne\004\363\030\031\352\231"
 266      181B2776 
 266      71326E65 
 266      04F31819 
 266      EA99
 267 002a 18EB1927 		.ascii	"\030\353\031'3k\002\271?\226\316\372\301\323*\261\204"
 267      336B02B9 
 267      3F96CEFA 
 267      C1D32AB1 
 267      84
 268 003b 9981611E 		.ascii	"\231\201a\036\020C\001\033\214\0074\222a\375%\326\003"
 268      1043011B 
 268      8C073492 
 268      61FD25D6 
 268      03
 269 004c 0D7FFEF7 		.ascii	"\015\177\376\36774<}\304\270[\225\213\201\241\237\031"
 269      37343C7D 
 269      C4B85B95 
 269      8B81A19F 
 269      19
 270 005d 646E030B 		.ascii	"dn\003\013c\303\001\006\206\011\314L\020N3\220\363\212"
 270      63C30106 
 270      8609CC4C 
 270      104E3390 
 270      F38A
 271 006f B1E1D177 		.ascii	"\261\341\321w^\020\365\371o\317\265G\017\204 B\267\037"
 271      5E10F5F9 
 271      6FCFB547 
 271      0F842042 
 271      B71F
 272 0081 7180E84F 		.ascii	"q\200\350OK\037\277g\001:\203\341\003c\263\002C\013"
 272      4B1FBF67 
 272      013A83E1 
 272      0363B302 
 272      430B
 273 0093 23D31266 		.ascii	"#\323\022f\306y\314@;\22603\201\325MaC\225bBH}A\223"
 273      C679CC40 
 273      3B963033 
 273      81D54D61 
 273      43956242 
 274 00ab 624648CD 		.ascii	"bFH\315aG\225bAHmB\223bEH}@\223bCH]\341B\225bGH}B\223"
 274      61479562 
 274      41486D42 
 274      93624548 
 274      7D409362 
 275 00cb E280487D 		.ascii	"\342\200H}blz\360\335\013\034v\375\314\214\220\360h"
 275      626C7AF0 
 275      DD0B1C76 
 275      FDCC8C90 
 275      F068
 276 00dd 3A00E2EA 		.ascii	":\000\342\352\351g\344\347\246\352g\025\227\244\226"
 276      E967E4E7 
 276      A6EA6715 
 276      97A496
 277 00ec 271695E8 		.ascii	"'\026\225\350\027\347\227\026%\247\352W&\246\346f\353"
 277      17E79716 
 277      25A7EA57 
 277      26A6E666 
 277      EB
 278 00fd 1617E464 		.ascii	"\026\027\344d\226\350f'\351\273e\026\345\002\245S\031"
 278      96E86627 
 278      E9BB6516 
 278      E502A553 
 278      19
 279 010e 64733293 		.ascii	"ds2\223\364\22332\2232\363\213\365\201(#1G\277\270("
 279      F4933332 
 279      9332F38B 
 279      F5812823 
 279      3147BFB8 
 280 0123 1944EB25 		.ascii	"\031D\353%3h\350\351c\221\317/\006\022E%\272y\231\020"
 280      3368E8E9 
 280      6391CF2F 
 280      06124525 
 280      BA799910 
 281 0137 B65E0603 		.ascii	"\266^\006\003\000R\343\235\211"
 281      0052E39D 
 281      89
 282              		.text
 283              		.section	.gnu.lto_.symbol_nodes.4b5ba6d4e4b78752,"e",%progbits
 284 0000 789C758F 		.ascii	"x\234u\217\311\021\302@\014\004G\243\265\327\345$\010"
 284      C911C240 
 284      0C0447A3 
 284      B5D7E524 
 284      08
 285 0011 8B70C664 		.ascii	"\213p\306d\300\233\033\212(\010\202(\310\003v\261\276"
 285      C09B1B8A 
 285      28088228 
 285      C80376B1 
 285      BE
 286 0022 D2ABAB7B 		.ascii	"\322\253\253{>\332\032\000\036(,\355\212\355\337\200"
 286      3EDA1A00 
 286      1E282CED 
 286      8AEDDF80 
 287 0032 80D7B233 		.ascii	"\200\327\2623\364\004\330\203\262o\334\346?@\037\367"
 287      F404D883 
 287      B26FDCE6 
 287      3F401FF7 
 288 0042 6A778A59 		.ascii	"jw\212Y\273Q\236\265+U\262v\241\206\254\235\2511k'\252"
 288      BB519EB5 
 288      2B55B276 
 288      A186AC9D 
 288      A9316B27 
 289 0057 66ED484D 		.ascii	"f\355HMIsL\353\353Os\324\025?\015\307\260\243c\010\333"
 289      49734CEB 
 289      EB4F73D4 
 289      153F0DC7 
 289      B0A36308 
 290 006c B084AD0E 		.ascii	"\260\204\255\016\017\333\220ag\207\205\235\361\003\224"
 290      0FDB9061 
 290      6787859D 
 290      F10394
 291 007b 167EA9   		.ascii	"\026~\251"
 292              		.text
 293              		.section	.gnu.lto_.refs.4b5ba6d4e4b78752,"e",%progbits
 294 0000 789C6364 		.ascii	"x\234cd\000\002\000\000\012\000\002"
 294      00020000 
 294      0A0002
 295              		.text
 296              		.section	.gnu.lto_.decls.4b5ba6d4e4b78752,"e",%progbits
 297 0000 789C8D92 		.ascii	"x\234\215\222\177h[U\024\307\317\271/\315{yfm\221\224"
 297      7F685B55 
 297      14C7CFB9 
 297      2FCD7B79 
 297      666D9194 
 298 0014 FDE34A10 		.ascii	"\375\343J\020tAi\237\274n\216\212\177\0046;J\347V\354"
 298      7441699F 
 298      BC6E8E8A 
 298      7F04363B 
 298      4AE756EC 
 299 0028 54DC3F21 		.ascii	"T\334?!\311\313L\\\262\324$\335\272\377.\316\237X\273"
 299      C9CB4C5C 
 299      B2D424DD 
 299      BAFF2ECE 
 299      9F58BB
 300 003b 62CB2CED 		.ascii	"b\313,\355\320:\020\372G\221\3761\265\232\365\307\322"
 300      D03A10FA 
 300      4791FE31 
 300      B59AF5C7 
 300      D2
 301 004c FD48DBD5 		.ascii	"\375H\333\325\351\030R\354@d\233\304\351\037\202\003"
 301      E91852EC 
 301      40649BC4 
 301      E91F8203 
 302 005c 870EE6B9 		.ascii	"\207\016\346\2717/\257u+v'9\357\334w\357\347|\317y\367"
 302      372FAF75 
 302      2B762739 
 302      EFDC77EF 
 302      E77CCF79 
 303 0071 DE7D2E80 		.ascii	"\336}.\200W\031\300 \000\334%\243!|\017+\346!?M>E>C"
 303      5719C020 
 303      00DC25A3 
 303      217C0F2B 
 303      E6213F4D 
 304 0089 5E203F4B 		.ascii	"^ ?K~\236\274H>O~\021\356\267#\010\240P\214\223_\"\317"
 304      7E9EBC48 
 304      3E4F7E11 
 304      EEB72308 
 304      A0508C93 
 305 00a0 DFA377D1 		.ascii	"\337\243w\321\316-\332Zgm\355\031\273\326\2756\254\260"
 305      CE2DDA5A 
 305      676DED19 
 305      BBD6BD36 
 305      ACB0
 306 00b2 85E58FC7 		.ascii	"\205\345\217\307=7P\310\242\313B\304\245\247\351\241"
 306      3D3750C8 
 306      A2CB42C4 
 306      A5A7E9A1 
 307 00c2 C33E057C 		.ascii	"\303>\005|\234qVm)LWt\305\322\227\\5\201[JPc\201\032"
 307      9C71566D 
 307      294C5774 
 307      C5D2975C 
 307      35815B4A 
 308 00da 5D1B9DC5 		.ascii	"]\033\235\305Z\275Jc\254\244Zz\340o\034c#n\177\220\273"
 308      5ABD4A63 
 308      ACA45A7A 
 308      E06F1C63 
 308      236E7F90 
 309 00ef AC9EBA92 		.ascii	"\254\236\272\222\312Y\337n_S\220\236%\265\210\026e\265"
 309      CA59DF6E 
 309      5F53909E 
 309      25B58816 
 309      65B5
 310 0101 BBB45A1A 		.ascii	"\273\264Z\032\225T\375\2262\362\201\333Zd\357n\306\""
 310      9554FD96 
 310      32F281DB 
 310      5A64EF6E 
 310      C622
 311 0113 EA96E9E3 		.ascii	"\352\226\351\343\234\0075\255\276\276\240\024\224\""
 311      9C0735AD 
 311      BEBEA014 
 311      9422
 312 0121 7D9FA68D 		.ascii	"}\237\246\215\177^\247\227\324\032\322\010X\376Z\313"
 312      7F5EA797 
 312      D41AD208 
 312      58FE5ACB 
 313 0131 5F53C42A 		.ascii	"_S\304*\313\322}\001\240.,\323\0142\235\244]Z\021M\005"
 313      CBD27D01 
 313      A02E2CD3 
 313      0C329DA4 
 313      5D5A114D 
 314 0146 BD26FFF9 		.ascii	"\275&\377\371\267\215z\225\356\251\367\007\000,ha$\254"
 314      B78D7A95 
 314      EEA9F707 
 314      002C6861 
 314      24AC
 315 0158 DCAD18AA 		.ascii	"\334\255\030\252T\324ZyE\014\350\314dJ[I\005`\314\017"
 315      54D45A79 
 315      450CE8CC 
 315      644A5B49 
 315      0560CC0F 
 316 016c C05D9AD7 		.ascii	"\300]\232\327\213\234\202'\324f\265\233:\224TFK>\027"
 316      8B9C8227 
 316      D466B59B 
 316      3A945446 
 316      4B3E17
 317 017f 72862B99 		.ascii	"r\206+\231\272\033\020\031\202\374\221\001\226G\200"
 317      BA1B1019 
 317      82FC9101 
 317      964780
 318 018e B6C3EA2A 		.ascii	"\266\303\352*\316:\263\007\000\225Y\307\300\211\300"
 318      CE3AB307 
 318      009559C7 
 318      C089C0
 319 019d 6C0D7153 		.ascii	"l\015qSP\240v\004\254\224X%\016\266\034\240\215Tt\354"
 319      50A07604 
 319      AC945825 
 319      0EB61CA0 
 319      8D5474EC 
 320 01b1 5C94875B 		.ascii	"\\\224\207[\231\251\364\"jH\230Uf\035\273\257\361\377"
 320      99A9F422 
 320      6A489855 
 320      661DBBAF 
 320      F1FF
 321 01c3 D84A1B42 		.ascii	"\330J\033B\303\2767\3757\362oz~\241m\343\003uX\335\027"
 321      C3BE37FD 
 321      37F26F7A 
 321      7EA16DE3 
 321      037558DD 
 322 01d8 A48BB909 		.ascii	"\244\213\271\011\224\307\300\340\322\012\021\300\257"
 322      94C7C0E0 
 322      D20A11C0 
 322      AF
 323 01e5 CA7DB43D 		.ascii	"\312}\264=\364\241\202\017#\243\247\017k)\365\235|\357"
 323      F4A1820F 
 323      23A3A70F 
 323      6B29F59D 
 323      7CEF
 324 01f7 82BE91A0 		.ascii	"\202\276\221\240\3379\367a\034\277A\374Z\024\311S\215"
 324      DF39F761 
 324      1CBF41FC 
 324      5A14C953 
 324      8D
 325 0208 B4141F3A 		.ascii	"\264\024\037:>\237W\037\035\034\344\267\377z{\361\215"
 325      3E9F571F 
 325      1D1CE4B7 
 325      FF7A7BF1 
 325      8D
 326 0219 FAF347F9 		.ascii	"\372\363G\371\250\270&D\340\227\210\023R\227F\200_ "
 326      A8B82644 
 326      E0978813 
 326      52974680 
 326      5F20
 327 022b 9EC2B6D7 		.ascii	"\236\302\266\327\225Q\024i\327Gz\372(\215\363\333S\357"
 327      95511469 
 327      D7477AFA 
 327      288DF3DB 
 327      53EF
 328 023d F71E759F 		.ascii	"\367\036u\237\340\005&R&\235\224I\031\224\037$\335{"
 328      E0052652 
 328      269D9449 
 328      19941F24 
 328      DD7B
 329 024f E7A76705 		.ascii	"\347\247g\005<\321w\354\304\313\025v\332a\247\313\354"
 329      3CD177EC 
 329      C4CB1576 
 329      DA61A7CB 
 329      EC
 330 0260 1013ECD4 		.ascii	"\020\023\354\324\315\223W\244\362\304@\377dS\005>\343"
 330      CD9357A4 
 330      F2C440FF 
 330      6453053E 
 330      E3
 331 0271 C067CAF0 		.ascii	"\300g\312\360\274\204O\377\372\347\247\033$|\371\370"
 331      BC844FFF 
 331      FAE7A71B 
 331      247CF9F8 
 332 0281 FC7BEA48 		.ascii	"\374{\352H@\260\263\016;[f\357Hv~l\371G\267d\007\207"
 332      40B0B30E 
 332      3B5B66EF 
 332      48767E6C 
 332      F947B764 
 333 0297 A62BEC39 		.ascii	"\246+\3549\207=Wf\307\024\301\236\274\3263\207\222]"
 333      873D5766 
 333      C714C19E 
 333      BCD63387 
 333      925D
 334 02a9 1A1E7ECB 		.ascii	"\032\036~\313f/8\354\2052{U\262\003\327'\373\025\311"
 334      662F38EC 
 334      85327B55 
 334      B203D727 
 334      FB15C9
 335 02bc 9EFAE4E6 		.ascii	"\236\372\344\3461\233\235s\330\2712\373\231K\260\037"
 335      319B9D73 
 335      D8B932FB 
 335      994BB01F 
 336 02cc 957A2E57 		.ascii	"\225z.WK\366\312\265\357\226\365\312\327-8\364\202\014"
 336      4BF6CAB5 
 336      EF96F5CA 
 336      D72D38F4 
 336      820C
 337 02de F2145DF2 		.ascii	"\362\024]\362\024\375\242\363\253\343\377h\336\031\316"
 337      14FDA2F3 
 337      ABE3FF68 
 337      DE19CE
 338 02ed FFE02305 		.ascii	"\377\340#\005\227H\370\026qQ\234\343%yQ\266\2007\234"
 338      9748F816 
 338      71519CE3 
 338      257951B6 
 338      80379C
 339 0300 491DDA16 		.ascii	"I\035\332\026kH=\271\277\023\364h:\223\213u7\244\266"
 339      6B483DB9 
 339      BF13F468 
 339      3A938B75 
 339      37A4B6
 340 0313 801A0F27 		.ascii	"\200\032\017'[\017&r\217$\023\021#\032OD\022\351\254"
 340      5B0F2672 
 340      8F241311 
 340      231A4F44 
 340      12E9AC
 341 0326 417F9A36 		.ascii	"A\177\2326\262\231\250\210\215Qm\347\356\027\375\333"
 341      B299A888 
 341      8D516DE7 
 341      EE17FDDB 
 342 0336 9B9BA146 		.ascii	"\233\233\241F\2766F\315\255O\355\017o\213A\243\021O"
 342      BE3646CD 
 342      AD4FED0F 
 342      6F8B41A3 
 342      114F
 343 0348 A762C66B 		.ascii	"\247b\306k\331\\\354p8\2233\262\351\256L4f\034\011\307"
 343      D95CEC70 
 343      389333B2 
 343      E9AE4C34 
 343      661C09C7 
 344 035c 52071AB2 		.ascii	"R\007\032\262\235\311D\256\341@\304hIdR\264\034\203"
 344      9DC944AE 
 344      E140C468 
 344      496452B4 
 344      1C83
 345 036e 4DFF5704 		.ascii	"M\377W\004\334\331\234\350\344\361Fc\015,q0\232\354"
 345      DCD99CE8 
 345      E4F14663 
 345      0D2C7130 
 345      9AEC
 346 0380 B262621C 		.ascii	"\262bb\034\312\346\032\343\340\211\244\303\031K$4\257"
 346      CAE61AE3 
 346      E089A4C3 
 346      194B2434 
 346      AF
 347 0391 992097B3 		.ascii	"\231 \227\263F\307\336P\307\336\347\233\314\226\246"
 347      46C7DE50 
 347      C7DEE79B 
 347      CC96A6
 348 03a0 D08ED68E 		.ascii	"\320\216\326\216\355{^z\356\205W\312k\244\241ve#Ba\363"
 348      ED7B5E7A 
 348      EE8557CA 
 348      6BA4A176 
 348      65234261 
 349 03b5 BA250924 		.ascii	"\272%\011$\336\235\225\005\237X\277\303X&A\337D\025"
 349      DE9D9505 
 349      9F58BFC3 
 349      582641DF 
 349      4415
 350 03c7 3A0FA71E 		.ascii	":\017\247\036\254\002\201\202O\230\321\007\343\011$"
 350      AC028182 
 350      4F98D107 
 350      E30924
 351 03d6 7E43A893 		.ascii	"~C\250\223\306\311\244\025JP\3263kfu\322a\213\215\240"
 351      C6C9A415 
 351      4A50D633 
 351      6B6675D2 
 351      618B8DA0 
 352 03ea 5D3076ED 		.ascii	"]0v\355\332a\354lo\335s\310,\027-'\223\2207\276Jg\353"
 352      DA61EC6C 
 352      6FDD73C8 
 352      2C172D27 
 352      939037BE 
 353 0401 BA3AF69E 		.ascii	"\272:\366\236vw\033qG\342_\030#\377\315"
 353      76771B71 
 353      47E25F18 
 353      23FFCD
 354              		.text
 355              		.section	.gnu.lto_.symtab.4b5ba6d4e4b78752,"e",%progbits
 356 0000 68616C49 		.ascii	"halInit\000"
 356      6E697400 
 357 0008 00       		.ascii	"\000"
 358 0009 00       		.ascii	"\000"
 359 000a 00       		.ascii	"\000"
 360 000b 00000000 		.ascii	"\000\000\000\000\000\000\000\000"
 360      00000000 
 361 0013 BC000000 		.ascii	"\274\000\000\000"
 362 0017 7374496E 		.ascii	"stInit\000"
 362      697400
 363 001e 00       		.ascii	"\000"
 364 001f 02       		.ascii	"\002"
 365 0020 00       		.ascii	"\000"
 366 0021 00000000 		.ascii	"\000\000\000\000\000\000\000\000"
 366      00000000 
 367 0029 BE000000 		.ascii	"\276\000\000\000"
 368 002d 626F6172 		.ascii	"boardInit\000"
 368      64496E69 
 368      7400
 369 0037 00       		.ascii	"\000"
 370 0038 02       		.ascii	"\002"
 371 0039 00       		.ascii	"\000"
 372 003a 00000000 		.ascii	"\000\000\000\000\000\000\000\000"
 372      00000000 
 373 0042 C0000000 		.ascii	"\300\000\000\000"
 374 0046 75736249 		.ascii	"usbInit\000"
 374      6E697400 
 375 004e 00       		.ascii	"\000"
 376 004f 02       		.ascii	"\002"
 377 0050 00       		.ascii	"\000"
 378 0051 00000000 		.ascii	"\000\000\000\000\000\000\000\000"
 378      00000000 
 379 0059 C2000000 		.ascii	"\302\000\000\000"
 380 005d 7364496E 		.ascii	"sdInit\000"
 380      697400
 381 0064 00       		.ascii	"\000"
 382 0065 02       		.ascii	"\002"
 383 0066 00       		.ascii	"\000"
 384 0067 00000000 		.ascii	"\000\000\000\000\000\000\000\000"
 384      00000000 
 385 006f C4000000 		.ascii	"\304\000\000\000"
 386 0073 70776D49 		.ascii	"pwmInit\000"
 386      6E697400 
 387 007b 00       		.ascii	"\000"
 388 007c 02       		.ascii	"\002"
 389 007d 00       		.ascii	"\000"
 390 007e 00000000 		.ascii	"\000\000\000\000\000\000\000\000"
 390      00000000 
 391 0086 C6000000 		.ascii	"\306\000\000\000"
 392 008a 69326349 		.ascii	"i2cInit\000"
 392      6E697400 
 393 0092 00       		.ascii	"\000"
 394 0093 02       		.ascii	"\002"
 395 0094 00       		.ascii	"\000"
 396 0095 00000000 		.ascii	"\000\000\000\000\000\000\000\000"
 396      00000000 
 397 009d C8000000 		.ascii	"\310\000\000\000"
 398 00a1 5F70616C 		.ascii	"_pal_lld_init\000"
 398      5F6C6C64 
 398      5F696E69 
 398      7400
 399 00af 00       		.ascii	"\000"
 400 00b0 02       		.ascii	"\002"
 401 00b1 00       		.ascii	"\000"
 402 00b2 00000000 		.ascii	"\000\000\000\000\000\000\000\000"
 402      00000000 
 403 00ba CA000000 		.ascii	"\312\000\000\000"
 404 00be 68616C5F 		.ascii	"hal_lld_init\000"
 404      6C6C645F 
 404      696E6974 
 404      00
 405 00cb 00       		.ascii	"\000"
 406 00cc 02       		.ascii	"\002"
 407 00cd 00       		.ascii	"\000"
 408 00ce 00000000 		.ascii	"\000\000\000\000\000\000\000\000"
 408      00000000 
 409 00d6 CC000000 		.ascii	"\314\000\000\000"
 410              		.text
 411              		.section	.gnu.lto_.ext_symtab.4b5ba6d4e4b78752,"e",%progbits
 412 0000 01       		.ascii	"\001"
 413 0001 01       		.ascii	"\001"
 414 0002 00       		.ascii	"\000"
 415 0003 01       		.ascii	"\001"
 416 0004 00       		.ascii	"\000"
 417 0005 01       		.ascii	"\001"
 418 0006 00       		.ascii	"\000"
 419 0007 01       		.ascii	"\001"
 420 0008 00       		.ascii	"\000"
 421 0009 01       		.ascii	"\001"
 422 000a 00       		.ascii	"\000"
 423 000b 01       		.ascii	"\001"
 424 000c 00       		.ascii	"\000"
 425 000d 01       		.ascii	"\001"
 426 000e 00       		.ascii	"\000"
 427 000f 01       		.ascii	"\001"
 428 0010 00       		.ascii	"\000"
 429 0011 01       		.ascii	"\001"
 430 0012 00       		.ascii	"\000"
 431              		.text
 432              		.section	.gnu.lto_.opts,"e",%progbits
 433 0000 272D666E 		.ascii	"'-fno-openmp' '-fno-openacc' '-fno-pie' '-fcf-prote"
 433      6F2D6F70 
 433      656E6D70 
 433      2720272D 
 433      666E6F2D 
 434 0033 6374696F 		.ascii	"ction=none' '-g' '-mcpu=cortex-m4' '-mthumb' '-mno-"
 434      6E3D6E6F 
 434      6E652720 
 434      272D6727 
 434      20272D6D 
 435 0066 7468756D 		.ascii	"thumb-interwork' '-mno-unaligned-access' '-mfloat-a"
 435      622D696E 
 435      74657277 
 435      6F726B27 
 435      20272D6D 
 436 0099 62693D68 		.ascii	"bi=hard' '-mfpu=fpv4-sp-d16' '-mlibarch=armv7e-m+fp"
 436      61726427 
 436      20272D6D 
 436      6670753D 
 436      66707634 
 437 00cc 2720272D 		.ascii	"' '-march=armv7e-m+fp' '-Os' '-Ofast' '-fsingle-pre"
 437      6D617263 
 437      683D6172 
 437      6D763765 
 437      2D6D2B66 
 438 00ff 63697369 		.ascii	"cision-constant' '-fomit-frame-pointer' '-ffunction"
 438      6F6E2D63 
 438      6F6E7374 
 438      616E7427 
 438      20272D66 
 439 0132 2D736563 		.ascii	"-sections' '-fdata-sections' '-fshort-wchar' '-fcom"
 439      74696F6E 
 439      73272027 
 439      2D666461 
 439      74612D73 
 440 0165 6D6F6E27 		.ascii	"mon' '-flto' '-Xassembler' '-adhlns=.build/obj_karl"
 440      20272D66 
 440      6C746F27 
 440      20272D58 
 440      61737365 
 441 0198 6B39305F 		.ascii	"k90_yaemk/lib/chibios/os/hal/src/hal.lst'\000"
 441      7961656D 
 441      6B2F6C69 
 441      622F6368 
 441      6962696F 
 442              		.text
 443              		.comm	__gnu_lto_slim,1,1
 444              		.ident	"GCC: (15:10.3-2021.07-4) 10.3.1 20210621 (release)"
DEFINED SYMBOLS
                            *ABS*:0000000000000000 hal.c
     /tmp/ccQI7I02.s:18     .gnu.debuglto_.debug_info:0000000000000000 hal.c.c250fa7e
                            *COM*:0000000000000001 __gnu_lto_slim

NO UNDEFINED SYMBOLS
