   1              		.cpu cortex-m4
   2              		.eabi_attribute 27, 1
   3              		.eabi_attribute 28, 1
   4              		.eabi_attribute 23, 1
   5              		.eabi_attribute 24, 1
   6              		.eabi_attribute 25, 1
   7              		.eabi_attribute 26, 1
   8              		.eabi_attribute 30, 2
   9              		.eabi_attribute 34, 0
  10              		.eabi_attribute 18, 2
  11              		.file	"hal_st.c"
  12              		.file 1 "/usr/lib/gcc/arm-none-eabi/10.3.1/include/stdint.h"
  13              		.file 2 "./lib/chibios/os/rt/include/chtime.h"
  14              		.file 3 "./lib/chibios/os/hal/ports/STM32/LLD/TIMv1/stm32_tim.h"
  15              		.file 4 "lib/chibios/os/hal/src/hal_st.c"
  16              		.file 5 "./lib/chibios/os/hal/ports/STM32/LLD/TIMv1/hal_st_lld.h"
  17              		.section	.gnu.debuglto_.debug_info,"e",%progbits
  18              	.Ldebug_info0:
  19              		.hidden	hal_st.c.887968c9
  20              		.weak	hal_st.c.887968c9
  21              	hal_st.c.887968c9:
  22 0000 0A030000 		.4byte	0x30a
  23 0004 0400     		.2byte	0x4
  24 0006 00000000 		.4byte	.Ldebug_abbrev0
  25 000a 04       		.byte	0x4
  26 000b 01       		.uleb128 0x1
  27 000c 61010000 		.4byte	.LASF37
  28 0010 0C       		.byte	0xc
  29 0011 2C000000 		.4byte	.LASF38
  30 0015 E5000000 		.4byte	.LASF39
  31 0019 00000000 		.4byte	.Ldebug_line0
  32 001d 02       		.uleb128 0x2
  33 001e 04       		.byte	0x4
  34 001f 05       		.byte	0x5
  35 0020 696E7400 		.ascii	"int\000"
  36 0024 03       		.uleb128 0x3
  37 0025 04       		.byte	0x4
  38 0026 07       		.byte	0x7
  39 0027 37010000 		.4byte	.LASF0
  40 002b 03       		.uleb128 0x3
  41 002c 02       		.byte	0x2
  42 002d 07       		.byte	0x7
  43 002e F3020000 		.4byte	.LASF1
  44 0032 03       		.uleb128 0x3
  45 0033 01       		.byte	0x1
  46 0034 06       		.byte	0x6
  47 0035 E7020000 		.4byte	.LASF2
  48 0039 03       		.uleb128 0x3
  49 003a 02       		.byte	0x2
  50 003b 05       		.byte	0x5
  51 003c 4C000000 		.4byte	.LASF3
  52 0040 03       		.uleb128 0x3
  53 0041 04       		.byte	0x4
  54 0042 05       		.byte	0x5
  55 0043 DE020000 		.4byte	.LASF4
  56 0047 03       		.uleb128 0x3
  57 0048 08       		.byte	0x8
  58 0049 05       		.byte	0x5
  59 004a 91020000 		.4byte	.LASF5
  60 004e 03       		.uleb128 0x3
  61 004f 01       		.byte	0x1
  62 0050 08       		.byte	0x8
  63 0051 B4000000 		.4byte	.LASF6
  64 0055 04       		.uleb128 0x4
  65 0056 CC020000 		.4byte	.LASF7
  66 005a 01       		.byte	0x1
  67 005b 31       		.byte	0x31
  68 005c 19       		.byte	0x19
  69 005d 2B000000 		.4byte	0x2b
  70 0061 04       		.uleb128 0x4
  71 0062 D5020000 		.4byte	.LASF8
  72 0066 01       		.byte	0x1
  73 0067 34       		.byte	0x34
  74 0068 19       		.byte	0x19
  75 0069 72000000 		.4byte	0x72
  76 006d 05       		.uleb128 0x5
  77 006e 61000000 		.4byte	0x61
  78 0072 03       		.uleb128 0x3
  79 0073 04       		.byte	0x4
  80 0074 07       		.byte	0x7
  81 0075 C2000000 		.4byte	.LASF9
  82 0079 03       		.uleb128 0x3
  83 007a 08       		.byte	0x8
  84 007b 07       		.byte	0x7
  85 007c 0C030000 		.4byte	.LASF10
  86 0080 04       		.uleb128 0x4
  87 0081 22000000 		.4byte	.LASF11
  88 0085 02       		.byte	0x2
  89 0086 6F       		.byte	0x6f
  90 0087 12       		.byte	0x12
  91 0088 55000000 		.4byte	0x55
  92 008c 06       		.uleb128 0x6
  93 008d 6D000000 		.4byte	0x6d
  94 0091 9C000000 		.4byte	0x9c
  95 0095 07       		.uleb128 0x7
  96 0096 24000000 		.4byte	0x24
  97 009a 01       		.byte	0x1
  98 009b 00       		.byte	0
  99 009c 05       		.uleb128 0x5
 100 009d 8C000000 		.4byte	0x8c
 101 00a1 06       		.uleb128 0x6
 102 00a2 6D000000 		.4byte	0x6d
 103 00a6 B1000000 		.4byte	0xb1
 104 00aa 07       		.uleb128 0x7
 105 00ab 24000000 		.4byte	0x24
 106 00af 03       		.byte	0x3
 107 00b0 00       		.byte	0
 108 00b1 05       		.uleb128 0x5
 109 00b2 A1000000 		.4byte	0xa1
 110 00b6 03       		.uleb128 0x3
 111 00b7 01       		.byte	0x1
 112 00b8 08       		.byte	0x8
 113 00b9 44010000 		.4byte	.LASF12
 114 00bd 08       		.uleb128 0x8
 115 00be B6000000 		.4byte	0xb6
 116 00c2 09       		.uleb128 0x9
 117 00c3 60       		.byte	0x60
 118 00c4 03       		.byte	0x3
 119 00c5 F601     		.2byte	0x1f6
 120 00c7 09       		.byte	0x9
 121 00c8 E3010000 		.4byte	0x1e3
 122 00cc 0A       		.uleb128 0xa
 123 00cd 43523100 		.ascii	"CR1\000"
 124 00d1 03       		.byte	0x3
 125 00d2 F701     		.2byte	0x1f7
 126 00d4 19       		.byte	0x19
 127 00d5 6D000000 		.4byte	0x6d
 128 00d9 00       		.byte	0
 129 00da 0A       		.uleb128 0xa
 130 00db 43523200 		.ascii	"CR2\000"
 131 00df 03       		.byte	0x3
 132 00e0 F801     		.2byte	0x1f8
 133 00e2 19       		.byte	0x19
 134 00e3 6D000000 		.4byte	0x6d
 135 00e7 04       		.byte	0x4
 136 00e8 0B       		.uleb128 0xb
 137 00e9 B5020000 		.4byte	.LASF13
 138 00ed 03       		.byte	0x3
 139 00ee F901     		.2byte	0x1f9
 140 00f0 19       		.byte	0x19
 141 00f1 6D000000 		.4byte	0x6d
 142 00f5 08       		.byte	0x8
 143 00f6 0B       		.uleb128 0xb
 144 00f7 8B000000 		.4byte	.LASF14
 145 00fb 03       		.byte	0x3
 146 00fc FA01     		.2byte	0x1fa
 147 00fe 19       		.byte	0x19
 148 00ff 6D000000 		.4byte	0x6d
 149 0103 0C       		.byte	0xc
 150 0104 0A       		.uleb128 0xa
 151 0105 535200   		.ascii	"SR\000"
 152 0108 03       		.byte	0x3
 153 0109 FB01     		.2byte	0x1fb
 154 010b 19       		.byte	0x19
 155 010c 6D000000 		.4byte	0x6d
 156 0110 10       		.byte	0x10
 157 0111 0A       		.uleb128 0xa
 158 0112 45475200 		.ascii	"EGR\000"
 159 0116 03       		.byte	0x3
 160 0117 FC01     		.2byte	0x1fc
 161 0119 19       		.byte	0x19
 162 011a 6D000000 		.4byte	0x6d
 163 011e 14       		.byte	0x14
 164 011f 0B       		.uleb128 0xb
 165 0120 BA020000 		.4byte	.LASF15
 166 0124 03       		.byte	0x3
 167 0125 FD01     		.2byte	0x1fd
 168 0127 19       		.byte	0x19
 169 0128 6D000000 		.4byte	0x6d
 170 012c 18       		.byte	0x18
 171 012d 0B       		.uleb128 0xb
 172 012e C0020000 		.4byte	.LASF16
 173 0132 03       		.byte	0x3
 174 0133 FE01     		.2byte	0x1fe
 175 0135 19       		.byte	0x19
 176 0136 6D000000 		.4byte	0x6d
 177 013a 1C       		.byte	0x1c
 178 013b 0B       		.uleb128 0xb
 179 013c B0020000 		.4byte	.LASF17
 180 0140 03       		.byte	0x3
 181 0141 FF01     		.2byte	0x1ff
 182 0143 19       		.byte	0x19
 183 0144 6D000000 		.4byte	0x6d
 184 0148 20       		.byte	0x20
 185 0149 0A       		.uleb128 0xa
 186 014a 434E5400 		.ascii	"CNT\000"
 187 014e 03       		.byte	0x3
 188 014f 0002     		.2byte	0x200
 189 0151 19       		.byte	0x19
 190 0152 6D000000 		.4byte	0x6d
 191 0156 24       		.byte	0x24
 192 0157 0A       		.uleb128 0xa
 193 0158 50534300 		.ascii	"PSC\000"
 194 015c 03       		.byte	0x3
 195 015d 0102     		.2byte	0x201
 196 015f 19       		.byte	0x19
 197 0160 6D000000 		.4byte	0x6d
 198 0164 28       		.byte	0x28
 199 0165 0A       		.uleb128 0xa
 200 0166 41525200 		.ascii	"ARR\000"
 201 016a 03       		.byte	0x3
 202 016b 0202     		.2byte	0x202
 203 016d 19       		.byte	0x19
 204 016e 6D000000 		.4byte	0x6d
 205 0172 2C       		.byte	0x2c
 206 0173 0A       		.uleb128 0xa
 207 0174 52435200 		.ascii	"RCR\000"
 208 0178 03       		.byte	0x3
 209 0179 0302     		.2byte	0x203
 210 017b 19       		.byte	0x19
 211 017c 6D000000 		.4byte	0x6d
 212 0180 30       		.byte	0x30
 213 0181 0A       		.uleb128 0xa
 214 0182 43435200 		.ascii	"CCR\000"
 215 0186 03       		.byte	0x3
 216 0187 0402     		.2byte	0x204
 217 0189 19       		.byte	0x19
 218 018a B1000000 		.4byte	0xb1
 219 018e 34       		.byte	0x34
 220 018f 0B       		.uleb128 0xb
 221 0190 00000000 		.4byte	.LASF18
 222 0194 03       		.byte	0x3
 223 0195 0502     		.2byte	0x205
 224 0197 19       		.byte	0x19
 225 0198 6D000000 		.4byte	0x6d
 226 019c 44       		.byte	0x44
 227 019d 0A       		.uleb128 0xa
 228 019e 44435200 		.ascii	"DCR\000"
 229 01a2 03       		.byte	0x3
 230 01a3 0602     		.2byte	0x206
 231 01a5 19       		.byte	0x19
 232 01a6 6D000000 		.4byte	0x6d
 233 01aa 48       		.byte	0x48
 234 01ab 0B       		.uleb128 0xb
 235 01ac 13010000 		.4byte	.LASF19
 236 01b0 03       		.byte	0x3
 237 01b1 0702     		.2byte	0x207
 238 01b3 19       		.byte	0x19
 239 01b4 6D000000 		.4byte	0x6d
 240 01b8 4C       		.byte	0x4c
 241 01b9 0A       		.uleb128 0xa
 242 01ba 4F5200   		.ascii	"OR\000"
 243 01bd 03       		.byte	0x3
 244 01be 0802     		.2byte	0x208
 245 01c0 19       		.byte	0x19
 246 01c1 6D000000 		.4byte	0x6d
 247 01c5 50       		.byte	0x50
 248 01c6 0B       		.uleb128 0xb
 249 01c7 C6020000 		.4byte	.LASF20
 250 01cb 03       		.byte	0x3
 251 01cc 0902     		.2byte	0x209
 252 01ce 19       		.byte	0x19
 253 01cf 6D000000 		.4byte	0x6d
 254 01d3 54       		.byte	0x54
 255 01d4 0B       		.uleb128 0xb
 256 01d5 23030000 		.4byte	.LASF21
 257 01d9 03       		.byte	0x3
 258 01da 0A02     		.2byte	0x20a
 259 01dc 19       		.byte	0x19
 260 01dd 9C000000 		.4byte	0x9c
 261 01e1 58       		.byte	0x58
 262 01e2 00       		.byte	0
 263 01e3 0C       		.uleb128 0xc
 264 01e4 7F000000 		.4byte	.LASF22
 265 01e8 03       		.byte	0x3
 266 01e9 0B02     		.2byte	0x20b
 267 01eb 03       		.byte	0x3
 268 01ec C2000000 		.4byte	0xc2
 269 01f0 03       		.uleb128 0x3
 270 01f1 01       		.byte	0x1
 271 01f2 02       		.byte	0x2
 272 01f3 06030000 		.4byte	.LASF23
 273 01f7 0D       		.uleb128 0xd
 274 01f8 05000000 		.4byte	.LASF24
 275 01fc 04       		.byte	0x4
 276 01fd A1       		.byte	0xa1
 277 01fe 06       		.byte	0x6
 278 01ff F0010000 		.4byte	0x1f0
 279 0203 0D       		.uleb128 0xd
 280 0204 15000000 		.4byte	.LASF25
 281 0208 04       		.byte	0x4
 282 0209 93       		.byte	0x93
 283 020a 0B       		.byte	0xb
 284 020b 80000000 		.4byte	0x80
 285 020f 0E       		.uleb128 0xe
 286 0210 28030000 		.4byte	.LASF40
 287 0214 04       		.byte	0x4
 288 0215 83       		.byte	0x83
 289 0216 0B       		.byte	0xb
 290 0217 80000000 		.4byte	0x80
 291 021b 29020000 		.4byte	0x229
 292 021f 0F       		.uleb128 0xf
 293 0220 90000000 		.4byte	.LASF26
 294 0224 39020000 		.4byte	0x239
 295 0228 00       		.byte	0
 296 0229 06       		.uleb128 0x6
 297 022a BD000000 		.4byte	0xbd
 298 022e 39020000 		.4byte	0x239
 299 0232 07       		.uleb128 0x7
 300 0233 24000000 		.4byte	0x24
 301 0237 0A       		.byte	0xa
 302 0238 00       		.byte	0
 303 0239 08       		.uleb128 0x8
 304 023a 29020000 		.4byte	0x229
 305 023e 10       		.uleb128 0x10
 306 023f 56010000 		.4byte	.LASF27
 307 0243 04       		.byte	0x4
 308 0244 73       		.byte	0x73
 309 0245 06       		.byte	0x6
 310 0246 60020000 		.4byte	0x260
 311 024a 11       		.uleb128 0x11
 312 024b AC000000 		.4byte	.LASF29
 313 024f 04       		.byte	0x4
 314 0250 73       		.byte	0x73
 315 0251 1B       		.byte	0x1b
 316 0252 80000000 		.4byte	0x80
 317 0256 0F       		.uleb128 0xf
 318 0257 90000000 		.4byte	.LASF26
 319 025b 39020000 		.4byte	0x239
 320 025f 00       		.byte	0
 321 0260 12       		.uleb128 0x12
 322 0261 18010000 		.4byte	.LASF30
 323 0265 04       		.byte	0x4
 324 0266 65       		.byte	0x65
 325 0267 06       		.byte	0x6
 326 0268 10       		.uleb128 0x10
 327 0269 49010000 		.4byte	.LASF28
 328 026d 04       		.byte	0x4
 329 026e 57       		.byte	0x57
 330 026f 06       		.byte	0x6
 331 0270 8A020000 		.4byte	0x28a
 332 0274 11       		.uleb128 0x11
 333 0275 AC000000 		.4byte	.LASF29
 334 0279 04       		.byte	0x4
 335 027a 57       		.byte	0x57
 336 027b 1D       		.byte	0x1d
 337 027c 80000000 		.4byte	0x80
 338 0280 0F       		.uleb128 0xf
 339 0281 90000000 		.4byte	.LASF26
 340 0285 9A020000 		.4byte	0x29a
 341 0289 00       		.byte	0
 342 028a 06       		.uleb128 0x6
 343 028b BD000000 		.4byte	0xbd
 344 028f 9A020000 		.4byte	0x29a
 345 0293 07       		.uleb128 0x7
 346 0294 24000000 		.4byte	0x24
 347 0298 0C       		.byte	0xc
 348 0299 00       		.byte	0
 349 029a 08       		.uleb128 0x8
 350 029b 8A020000 		.4byte	0x28a
 351 029f 12       		.uleb128 0x12
 352 02a0 8A020000 		.4byte	.LASF31
 353 02a4 04       		.byte	0x4
 354 02a5 40       		.byte	0x40
 355 02a6 06       		.byte	0x6
 356 02a7 13       		.uleb128 0x13
 357 02a8 68000000 		.4byte	.LASF32
 358 02ac 05       		.byte	0x5
 359 02ad 6302     		.2byte	0x263
 360 02af 14       		.byte	0x14
 361 02b0 F0010000 		.4byte	0x1f0
 362 02b4 13       		.uleb128 0x13
 363 02b5 9F020000 		.4byte	.LASF33
 364 02b9 05       		.byte	0x5
 365 02ba 5502     		.2byte	0x255
 366 02bc 19       		.byte	0x19
 367 02bd 80000000 		.4byte	0x80
 368 02c1 14       		.uleb128 0x14
 369 02c2 D4000000 		.4byte	.LASF34
 370 02c6 05       		.byte	0x5
 371 02c7 4902     		.2byte	0x249
 372 02c9 14       		.byte	0x14
 373 02ca DC020000 		.4byte	0x2dc
 374 02ce 15       		.uleb128 0x15
 375 02cf AC000000 		.4byte	.LASF29
 376 02d3 05       		.byte	0x5
 377 02d4 4902     		.2byte	0x249
 378 02d6 2F       		.byte	0x2f
 379 02d7 80000000 		.4byte	0x80
 380 02db 00       		.byte	0
 381 02dc 16       		.uleb128 0x16
 382 02dd 56000000 		.4byte	.LASF41
 383 02e1 05       		.byte	0x5
 384 02e2 3902     		.2byte	0x239
 385 02e4 14       		.byte	0x14
 386 02e5 14       		.uleb128 0x14
 387 02e6 99000000 		.4byte	.LASF35
 388 02ea 05       		.byte	0x5
 389 02eb 2902     		.2byte	0x229
 390 02ed 14       		.byte	0x14
 391 02ee 00030000 		.4byte	0x300
 392 02f2 15       		.uleb128 0x15
 393 02f3 AC000000 		.4byte	.LASF29
 394 02f7 05       		.byte	0x5
 395 02f8 2902     		.2byte	0x229
 396 02fa 31       		.byte	0x31
 397 02fb 80000000 		.4byte	0x80
 398 02ff 00       		.byte	0
 399 0300 13       		.uleb128 0x13
 400 0301 24010000 		.4byte	.LASF36
 401 0305 05       		.byte	0x5
 402 0306 1B02     		.2byte	0x21b
 403 0308 19       		.byte	0x19
 404 0309 80000000 		.4byte	0x80
 405 030d 00       		.byte	0
 406              		.section	.gnu.debuglto_.debug_abbrev,"e",%progbits
 407              	.Ldebug_abbrev0:
 408 0000 01       		.uleb128 0x1
 409 0001 11       		.uleb128 0x11
 410 0002 01       		.byte	0x1
 411 0003 25       		.uleb128 0x25
 412 0004 0E       		.uleb128 0xe
 413 0005 13       		.uleb128 0x13
 414 0006 0B       		.uleb128 0xb
 415 0007 03       		.uleb128 0x3
 416 0008 0E       		.uleb128 0xe
 417 0009 1B       		.uleb128 0x1b
 418 000a 0E       		.uleb128 0xe
 419 000b 10       		.uleb128 0x10
 420 000c 17       		.uleb128 0x17
 421 000d 00       		.byte	0
 422 000e 00       		.byte	0
 423 000f 02       		.uleb128 0x2
 424 0010 24       		.uleb128 0x24
 425 0011 00       		.byte	0
 426 0012 0B       		.uleb128 0xb
 427 0013 0B       		.uleb128 0xb
 428 0014 3E       		.uleb128 0x3e
 429 0015 0B       		.uleb128 0xb
 430 0016 03       		.uleb128 0x3
 431 0017 08       		.uleb128 0x8
 432 0018 00       		.byte	0
 433 0019 00       		.byte	0
 434 001a 03       		.uleb128 0x3
 435 001b 24       		.uleb128 0x24
 436 001c 00       		.byte	0
 437 001d 0B       		.uleb128 0xb
 438 001e 0B       		.uleb128 0xb
 439 001f 3E       		.uleb128 0x3e
 440 0020 0B       		.uleb128 0xb
 441 0021 03       		.uleb128 0x3
 442 0022 0E       		.uleb128 0xe
 443 0023 00       		.byte	0
 444 0024 00       		.byte	0
 445 0025 04       		.uleb128 0x4
 446 0026 16       		.uleb128 0x16
 447 0027 00       		.byte	0
 448 0028 03       		.uleb128 0x3
 449 0029 0E       		.uleb128 0xe
 450 002a 3A       		.uleb128 0x3a
 451 002b 0B       		.uleb128 0xb
 452 002c 3B       		.uleb128 0x3b
 453 002d 0B       		.uleb128 0xb
 454 002e 39       		.uleb128 0x39
 455 002f 0B       		.uleb128 0xb
 456 0030 49       		.uleb128 0x49
 457 0031 13       		.uleb128 0x13
 458 0032 00       		.byte	0
 459 0033 00       		.byte	0
 460 0034 05       		.uleb128 0x5
 461 0035 35       		.uleb128 0x35
 462 0036 00       		.byte	0
 463 0037 49       		.uleb128 0x49
 464 0038 13       		.uleb128 0x13
 465 0039 00       		.byte	0
 466 003a 00       		.byte	0
 467 003b 06       		.uleb128 0x6
 468 003c 01       		.uleb128 0x1
 469 003d 01       		.byte	0x1
 470 003e 49       		.uleb128 0x49
 471 003f 13       		.uleb128 0x13
 472 0040 01       		.uleb128 0x1
 473 0041 13       		.uleb128 0x13
 474 0042 00       		.byte	0
 475 0043 00       		.byte	0
 476 0044 07       		.uleb128 0x7
 477 0045 21       		.uleb128 0x21
 478 0046 00       		.byte	0
 479 0047 49       		.uleb128 0x49
 480 0048 13       		.uleb128 0x13
 481 0049 2F       		.uleb128 0x2f
 482 004a 0B       		.uleb128 0xb
 483 004b 00       		.byte	0
 484 004c 00       		.byte	0
 485 004d 08       		.uleb128 0x8
 486 004e 26       		.uleb128 0x26
 487 004f 00       		.byte	0
 488 0050 49       		.uleb128 0x49
 489 0051 13       		.uleb128 0x13
 490 0052 00       		.byte	0
 491 0053 00       		.byte	0
 492 0054 09       		.uleb128 0x9
 493 0055 13       		.uleb128 0x13
 494 0056 01       		.byte	0x1
 495 0057 0B       		.uleb128 0xb
 496 0058 0B       		.uleb128 0xb
 497 0059 3A       		.uleb128 0x3a
 498 005a 0B       		.uleb128 0xb
 499 005b 3B       		.uleb128 0x3b
 500 005c 05       		.uleb128 0x5
 501 005d 39       		.uleb128 0x39
 502 005e 0B       		.uleb128 0xb
 503 005f 01       		.uleb128 0x1
 504 0060 13       		.uleb128 0x13
 505 0061 00       		.byte	0
 506 0062 00       		.byte	0
 507 0063 0A       		.uleb128 0xa
 508 0064 0D       		.uleb128 0xd
 509 0065 00       		.byte	0
 510 0066 03       		.uleb128 0x3
 511 0067 08       		.uleb128 0x8
 512 0068 3A       		.uleb128 0x3a
 513 0069 0B       		.uleb128 0xb
 514 006a 3B       		.uleb128 0x3b
 515 006b 05       		.uleb128 0x5
 516 006c 39       		.uleb128 0x39
 517 006d 0B       		.uleb128 0xb
 518 006e 49       		.uleb128 0x49
 519 006f 13       		.uleb128 0x13
 520 0070 38       		.uleb128 0x38
 521 0071 0B       		.uleb128 0xb
 522 0072 00       		.byte	0
 523 0073 00       		.byte	0
 524 0074 0B       		.uleb128 0xb
 525 0075 0D       		.uleb128 0xd
 526 0076 00       		.byte	0
 527 0077 03       		.uleb128 0x3
 528 0078 0E       		.uleb128 0xe
 529 0079 3A       		.uleb128 0x3a
 530 007a 0B       		.uleb128 0xb
 531 007b 3B       		.uleb128 0x3b
 532 007c 05       		.uleb128 0x5
 533 007d 39       		.uleb128 0x39
 534 007e 0B       		.uleb128 0xb
 535 007f 49       		.uleb128 0x49
 536 0080 13       		.uleb128 0x13
 537 0081 38       		.uleb128 0x38
 538 0082 0B       		.uleb128 0xb
 539 0083 00       		.byte	0
 540 0084 00       		.byte	0
 541 0085 0C       		.uleb128 0xc
 542 0086 16       		.uleb128 0x16
 543 0087 00       		.byte	0
 544 0088 03       		.uleb128 0x3
 545 0089 0E       		.uleb128 0xe
 546 008a 3A       		.uleb128 0x3a
 547 008b 0B       		.uleb128 0xb
 548 008c 3B       		.uleb128 0x3b
 549 008d 05       		.uleb128 0x5
 550 008e 39       		.uleb128 0x39
 551 008f 0B       		.uleb128 0xb
 552 0090 49       		.uleb128 0x49
 553 0091 13       		.uleb128 0x13
 554 0092 00       		.byte	0
 555 0093 00       		.byte	0
 556 0094 0D       		.uleb128 0xd
 557 0095 2E       		.uleb128 0x2e
 558 0096 00       		.byte	0
 559 0097 3F       		.uleb128 0x3f
 560 0098 19       		.uleb128 0x19
 561 0099 03       		.uleb128 0x3
 562 009a 0E       		.uleb128 0xe
 563 009b 3A       		.uleb128 0x3a
 564 009c 0B       		.uleb128 0xb
 565 009d 3B       		.uleb128 0x3b
 566 009e 0B       		.uleb128 0xb
 567 009f 39       		.uleb128 0x39
 568 00a0 0B       		.uleb128 0xb
 569 00a1 27       		.uleb128 0x27
 570 00a2 19       		.uleb128 0x19
 571 00a3 49       		.uleb128 0x49
 572 00a4 13       		.uleb128 0x13
 573 00a5 00       		.byte	0
 574 00a6 00       		.byte	0
 575 00a7 0E       		.uleb128 0xe
 576 00a8 2E       		.uleb128 0x2e
 577 00a9 01       		.byte	0x1
 578 00aa 3F       		.uleb128 0x3f
 579 00ab 19       		.uleb128 0x19
 580 00ac 03       		.uleb128 0x3
 581 00ad 0E       		.uleb128 0xe
 582 00ae 3A       		.uleb128 0x3a
 583 00af 0B       		.uleb128 0xb
 584 00b0 3B       		.uleb128 0x3b
 585 00b1 0B       		.uleb128 0xb
 586 00b2 39       		.uleb128 0x39
 587 00b3 0B       		.uleb128 0xb
 588 00b4 27       		.uleb128 0x27
 589 00b5 19       		.uleb128 0x19
 590 00b6 49       		.uleb128 0x49
 591 00b7 13       		.uleb128 0x13
 592 00b8 01       		.uleb128 0x1
 593 00b9 13       		.uleb128 0x13
 594 00ba 00       		.byte	0
 595 00bb 00       		.byte	0
 596 00bc 0F       		.uleb128 0xf
 597 00bd 34       		.uleb128 0x34
 598 00be 00       		.byte	0
 599 00bf 03       		.uleb128 0x3
 600 00c0 0E       		.uleb128 0xe
 601 00c1 49       		.uleb128 0x49
 602 00c2 13       		.uleb128 0x13
 603 00c3 34       		.uleb128 0x34
 604 00c4 19       		.uleb128 0x19
 605 00c5 00       		.byte	0
 606 00c6 00       		.byte	0
 607 00c7 10       		.uleb128 0x10
 608 00c8 2E       		.uleb128 0x2e
 609 00c9 01       		.byte	0x1
 610 00ca 3F       		.uleb128 0x3f
 611 00cb 19       		.uleb128 0x19
 612 00cc 03       		.uleb128 0x3
 613 00cd 0E       		.uleb128 0xe
 614 00ce 3A       		.uleb128 0x3a
 615 00cf 0B       		.uleb128 0xb
 616 00d0 3B       		.uleb128 0x3b
 617 00d1 0B       		.uleb128 0xb
 618 00d2 39       		.uleb128 0x39
 619 00d3 0B       		.uleb128 0xb
 620 00d4 27       		.uleb128 0x27
 621 00d5 19       		.uleb128 0x19
 622 00d6 01       		.uleb128 0x1
 623 00d7 13       		.uleb128 0x13
 624 00d8 00       		.byte	0
 625 00d9 00       		.byte	0
 626 00da 11       		.uleb128 0x11
 627 00db 05       		.uleb128 0x5
 628 00dc 00       		.byte	0
 629 00dd 03       		.uleb128 0x3
 630 00de 0E       		.uleb128 0xe
 631 00df 3A       		.uleb128 0x3a
 632 00e0 0B       		.uleb128 0xb
 633 00e1 3B       		.uleb128 0x3b
 634 00e2 0B       		.uleb128 0xb
 635 00e3 39       		.uleb128 0x39
 636 00e4 0B       		.uleb128 0xb
 637 00e5 49       		.uleb128 0x49
 638 00e6 13       		.uleb128 0x13
 639 00e7 00       		.byte	0
 640 00e8 00       		.byte	0
 641 00e9 12       		.uleb128 0x12
 642 00ea 2E       		.uleb128 0x2e
 643 00eb 00       		.byte	0
 644 00ec 3F       		.uleb128 0x3f
 645 00ed 19       		.uleb128 0x19
 646 00ee 03       		.uleb128 0x3
 647 00ef 0E       		.uleb128 0xe
 648 00f0 3A       		.uleb128 0x3a
 649 00f1 0B       		.uleb128 0xb
 650 00f2 3B       		.uleb128 0x3b
 651 00f3 0B       		.uleb128 0xb
 652 00f4 39       		.uleb128 0x39
 653 00f5 0B       		.uleb128 0xb
 654 00f6 27       		.uleb128 0x27
 655 00f7 19       		.uleb128 0x19
 656 00f8 00       		.byte	0
 657 00f9 00       		.byte	0
 658 00fa 13       		.uleb128 0x13
 659 00fb 2E       		.uleb128 0x2e
 660 00fc 00       		.byte	0
 661 00fd 03       		.uleb128 0x3
 662 00fe 0E       		.uleb128 0xe
 663 00ff 3A       		.uleb128 0x3a
 664 0100 0B       		.uleb128 0xb
 665 0101 3B       		.uleb128 0x3b
 666 0102 05       		.uleb128 0x5
 667 0103 39       		.uleb128 0x39
 668 0104 0B       		.uleb128 0xb
 669 0105 27       		.uleb128 0x27
 670 0106 19       		.uleb128 0x19
 671 0107 49       		.uleb128 0x49
 672 0108 13       		.uleb128 0x13
 673 0109 00       		.byte	0
 674 010a 00       		.byte	0
 675 010b 14       		.uleb128 0x14
 676 010c 2E       		.uleb128 0x2e
 677 010d 01       		.byte	0x1
 678 010e 03       		.uleb128 0x3
 679 010f 0E       		.uleb128 0xe
 680 0110 3A       		.uleb128 0x3a
 681 0111 0B       		.uleb128 0xb
 682 0112 3B       		.uleb128 0x3b
 683 0113 05       		.uleb128 0x5
 684 0114 39       		.uleb128 0x39
 685 0115 0B       		.uleb128 0xb
 686 0116 27       		.uleb128 0x27
 687 0117 19       		.uleb128 0x19
 688 0118 01       		.uleb128 0x1
 689 0119 13       		.uleb128 0x13
 690 011a 00       		.byte	0
 691 011b 00       		.byte	0
 692 011c 15       		.uleb128 0x15
 693 011d 05       		.uleb128 0x5
 694 011e 00       		.byte	0
 695 011f 03       		.uleb128 0x3
 696 0120 0E       		.uleb128 0xe
 697 0121 3A       		.uleb128 0x3a
 698 0122 0B       		.uleb128 0xb
 699 0123 3B       		.uleb128 0x3b
 700 0124 05       		.uleb128 0x5
 701 0125 39       		.uleb128 0x39
 702 0126 0B       		.uleb128 0xb
 703 0127 49       		.uleb128 0x49
 704 0128 13       		.uleb128 0x13
 705 0129 00       		.byte	0
 706 012a 00       		.byte	0
 707 012b 16       		.uleb128 0x16
 708 012c 2E       		.uleb128 0x2e
 709 012d 00       		.byte	0
 710 012e 03       		.uleb128 0x3
 711 012f 0E       		.uleb128 0xe
 712 0130 3A       		.uleb128 0x3a
 713 0131 0B       		.uleb128 0xb
 714 0132 3B       		.uleb128 0x3b
 715 0133 05       		.uleb128 0x5
 716 0134 39       		.uleb128 0x39
 717 0135 0B       		.uleb128 0xb
 718 0136 27       		.uleb128 0x27
 719 0137 19       		.uleb128 0x19
 720 0138 00       		.byte	0
 721 0139 00       		.byte	0
 722 013a 00       		.byte	0
 723              		.section	.gnu.debuglto_.debug_line,"e",%progbits
 724              	.Ldebug_line0:
 725 0000 E1000000 		.4byte	.LELT0-.LSLT0
 726              	.LSLT0:
 727 0004 0400     		.2byte	0x4
 728 0006 DB000000 		.4byte	.LELTP0-.LASLTP0
 729              	.LASLTP0:
 730 000a 01       		.byte	0x1
 731 000b 01       		.byte	0x1
 732 000c 01       		.byte	0x1
 733 000d F6       		.byte	0xf6
 734 000e F2       		.byte	0xf2
 735 000f 0D       		.byte	0xd
 736 0010 00       		.byte	0
 737 0011 01       		.byte	0x1
 738 0012 01       		.byte	0x1
 739 0013 01       		.byte	0x1
 740 0014 01       		.byte	0x1
 741 0015 00       		.byte	0
 742 0016 00       		.byte	0
 743 0017 00       		.byte	0
 744 0018 01       		.byte	0x1
 745 0019 00       		.byte	0
 746 001a 00       		.byte	0
 747 001b 01       		.byte	0x1
 748 001c 6C69622F 		.ascii	"lib/chibios/os/hal/ports/STM32/LLD/TIMv1"
 748      63686962 
 748      696F732F 
 748      6F732F68 
 748      616C2F70 
 749 0044 00       		.byte	0
 750 0045 6C69622F 		.ascii	"lib/chibios/os/hal/src"
 750      63686962 
 750      696F732F 
 750      6F732F68 
 750      616C2F73 
 751 005b 00       		.byte	0
 752 005c 6C69622F 		.ascii	"lib/chibios/os/rt/include"
 752      63686962 
 752      696F732F 
 752      6F732F72 
 752      742F696E 
 753 0075 00       		.byte	0
 754 0076 2F757372 		.ascii	"/usr/lib/gcc/arm-none-eabi/10.3.1/include"
 754      2F6C6962 
 754      2F676363 
 754      2F61726D 
 754      2D6E6F6E 
 755 009f 00       		.byte	0
 756 00a0 00       		.byte	0
 757 00a1 73746469 		.ascii	"stdint.h\000"
 757      6E742E68 
 757      00
 758 00aa 04       		.uleb128 0x4
 759 00ab 00       		.uleb128 0
 760 00ac 00       		.uleb128 0
 761 00ad 63687469 		.ascii	"chtime.h\000"
 761      6D652E68 
 761      00
 762 00b6 03       		.uleb128 0x3
 763 00b7 00       		.uleb128 0
 764 00b8 00       		.uleb128 0
 765 00b9 73746D33 		.ascii	"stm32_tim.h\000"
 765      325F7469 
 765      6D2E6800 
 766 00c5 01       		.uleb128 0x1
 767 00c6 00       		.uleb128 0
 768 00c7 00       		.uleb128 0
 769 00c8 68616C5F 		.ascii	"hal_st.c\000"
 769      73742E63 
 769      00
 770 00d1 02       		.uleb128 0x2
 771 00d2 00       		.uleb128 0
 772 00d3 00       		.uleb128 0
 773 00d4 68616C5F 		.ascii	"hal_st_lld.h\000"
 773      73745F6C 
 773      6C642E68 
 773      00
 774 00e1 01       		.uleb128 0x1
 775 00e2 00       		.uleb128 0
 776 00e3 00       		.uleb128 0
 777 00e4 00       		.byte	0
 778              	.LELTP0:
 779              	.LELT0:
 780              		.section	.gnu.debuglto_.debug_str,"eMS",%progbits,1
 781              	.LASF18:
 782 0000 42445452 		.ascii	"BDTR\000"
 782      00
 783              	.LASF24:
 784 0005 73744973 		.ascii	"stIsAlarmActive\000"
 784      416C6172 
 784      6D416374 
 784      69766500 
 785              	.LASF25:
 786 0015 73744765 		.ascii	"stGetCounter\000"
 786      74436F75 
 786      6E746572 
 786      00
 787              	.LASF11:
 788 0022 73797374 		.ascii	"systime_t\000"
 788      696D655F 
 788      7400
 789              	.LASF38:
 790 002c 6C69622F 		.ascii	"lib/chibios/os/hal/src/hal_st.c\000"
 790      63686962 
 790      696F732F 
 790      6F732F68 
 790      616C2F73 
 791              	.LASF3:
 792 004c 73686F72 		.ascii	"short int\000"
 792      7420696E 
 792      7400
 793              	.LASF41:
 794 0056 73745F6C 		.ascii	"st_lld_stop_alarm\000"
 794      6C645F73 
 794      746F705F 
 794      616C6172 
 794      6D00
 795              	.LASF32:
 796 0068 73745F6C 		.ascii	"st_lld_is_alarm_active\000"
 796      6C645F69 
 796      735F616C 
 796      61726D5F 
 796      61637469 
 797              	.LASF22:
 798 007f 73746D33 		.ascii	"stm32_tim_t\000"
 798      325F7469 
 798      6D5F7400 
 799              	.LASF14:
 800 008b 44494552 		.ascii	"DIER\000"
 800      00
 801              	.LASF26:
 802 0090 5F5F6675 		.ascii	"__func__\000"
 802      6E635F5F 
 802      00
 803              	.LASF35:
 804 0099 73745F6C 		.ascii	"st_lld_start_alarm\000"
 804      6C645F73 
 804      74617274 
 804      5F616C61 
 804      726D00
 805              	.LASF29:
 806 00ac 61627374 		.ascii	"abstime\000"
 806      696D6500 
 807              	.LASF6:
 808 00b4 756E7369 		.ascii	"unsigned char\000"
 808      676E6564 
 808      20636861 
 808      7200
 809              	.LASF9:
 810 00c2 6C6F6E67 		.ascii	"long unsigned int\000"
 810      20756E73 
 810      69676E65 
 810      6420696E 
 810      7400
 811              	.LASF34:
 812 00d4 73745F6C 		.ascii	"st_lld_set_alarm\000"
 812      6C645F73 
 812      65745F61 
 812      6C61726D 
 812      00
 813              	.LASF39:
 814 00e5 2F686F6D 		.ascii	"/home/jstewart/source/yaemk-split-kb/Firmware\000"
 814      652F6A73 
 814      74657761 
 814      72742F73 
 814      6F757263 
 815              	.LASF19:
 816 0113 444D4152 		.ascii	"DMAR\000"
 816      00
 817              	.LASF30:
 818 0118 73745374 		.ascii	"stStopAlarm\000"
 818      6F70416C 
 818      61726D00 
 819              	.LASF36:
 820 0124 73745F6C 		.ascii	"st_lld_get_counter\000"
 820      6C645F67 
 820      65745F63 
 820      6F756E74 
 820      657200
 821              	.LASF0:
 822 0137 756E7369 		.ascii	"unsigned int\000"
 822      676E6564 
 822      20696E74 
 822      00
 823              	.LASF12:
 824 0144 63686172 		.ascii	"char\000"
 824      00
 825              	.LASF28:
 826 0149 73745374 		.ascii	"stStartAlarm\000"
 826      61727441 
 826      6C61726D 
 826      00
 827              	.LASF27:
 828 0156 73745365 		.ascii	"stSetAlarm\000"
 828      74416C61 
 828      726D00
 829              	.LASF37:
 830 0161 474E5520 		.ascii	"GNU C99 10.3.1 20210621 (release) -mcpu=cortex-m4 -"
 830      43393920 
 830      31302E33 
 830      2E312032 
 830      30323130 
 831 0194 6D746875 		.ascii	"mthumb -mno-thumb-interwork -mno-unaligned-access -"
 831      6D62202D 
 831      6D6E6F2D 
 831      7468756D 
 831      622D696E 
 832 01c7 6D666C6F 		.ascii	"mfloat-abi=hard -mfpu=fpv4-sp-d16 -march=armv7e-m+f"
 832      61742D61 
 832      62693D68 
 832      61726420 
 832      2D6D6670 
 833 01fa 70202D67 		.ascii	"p -ggdb -Os -Ofast -std=gnu99 -fsingle-precision-co"
 833      67646220 
 833      2D4F7320 
 833      2D4F6661 
 833      7374202D 
 834 022d 6E737461 		.ascii	"nstant -fomit-frame-pointer -ffunction-sections -fd"
 834      6E74202D 
 834      666F6D69 
 834      742D6672 
 834      616D652D 
 835 0260 6174612D 		.ascii	"ata-sections -fshort-wchar -fcommon -flto\000"
 835      73656374 
 835      696F6E73 
 835      202D6673 
 835      686F7274 
 836              	.LASF31:
 837 028a 7374496E 		.ascii	"stInit\000"
 837      697400
 838              	.LASF5:
 839 0291 6C6F6E67 		.ascii	"long long int\000"
 839      206C6F6E 
 839      6720696E 
 839      7400
 840              	.LASF33:
 841 029f 73745F6C 		.ascii	"st_lld_get_alarm\000"
 841      6C645F67 
 841      65745F61 
 841      6C61726D 
 841      00
 842              	.LASF17:
 843 02b0 43434552 		.ascii	"CCER\000"
 843      00
 844              	.LASF13:
 845 02b5 534D4352 		.ascii	"SMCR\000"
 845      00
 846              	.LASF15:
 847 02ba 43434D52 		.ascii	"CCMR1\000"
 847      3100
 848              	.LASF16:
 849 02c0 43434D52 		.ascii	"CCMR2\000"
 849      3200
 850              	.LASF20:
 851 02c6 43434D52 		.ascii	"CCMR3\000"
 851      3300
 852              	.LASF7:
 853 02cc 75696E74 		.ascii	"uint16_t\000"
 853      31365F74 
 853      00
 854              	.LASF8:
 855 02d5 75696E74 		.ascii	"uint32_t\000"
 855      33325F74 
 855      00
 856              	.LASF4:
 857 02de 6C6F6E67 		.ascii	"long int\000"
 857      20696E74 
 857      00
 858              	.LASF2:
 859 02e7 7369676E 		.ascii	"signed char\000"
 859      65642063 
 859      68617200 
 860              	.LASF1:
 861 02f3 73686F72 		.ascii	"short unsigned int\000"
 861      7420756E 
 861      7369676E 
 861      65642069 
 861      6E7400
 862              	.LASF23:
 863 0306 5F426F6F 		.ascii	"_Bool\000"
 863      6C00
 864              	.LASF10:
 865 030c 6C6F6E67 		.ascii	"long long unsigned int\000"
 865      206C6F6E 
 865      6720756E 
 865      7369676E 
 865      65642069 
 866              	.LASF21:
 867 0323 43435852 		.ascii	"CCXR\000"
 867      00
 868              	.LASF40:
 869 0328 73744765 		.ascii	"stGetAlarm\000"
 869      74416C61 
 869      726D00
 870              		.text
 871              		.section	.gnu.lto_.profile.f6c0a9e395e0b164,"e",%progbits
 872 0000 789C6362 		.ascii	"x\234cb\000\001\000\000\022\000\003"
 872      00010000 
 872      120003
 873              		.text
 874              		.section	.gnu.lto_.icf.f6c0a9e395e0b164,"e",%progbits
 875 0000 789CD361 		.ascii	"x\234\323a@\000v\206\031\2536\037fe|\375r\3012N\246"
 875      40007686 
 875      19AB361F 
 875      66657CFD 
 875      72C1324E 
 876 0015 331DFD4F 		.ascii	"3\035\375O\271\230\367-\275>\231\215e\367\315\376f^"
 876      B998F72D 
 876      BD3E998D 
 876      65F7CDFE 
 876      665E
 877 0027 D6BBFB0E 		.ascii	"\326\273\373\016-\347a[\327\374\356,\017\003\000\321"
 877      2DE7615B 
 877      D7FCEE2C 
 877      0F0300D1 
 878 0037 9A1489   		.ascii	"\232\024\211"
 879              		.text
 880              		.section	.gnu.lto_.ipa_sra.f6c0a9e395e0b164,"e",%progbits
 881 0000 789C5364 		.ascii	"x\234Sd@\000v\006\006F\006FFF\020\233\221\211\201\221"
 881      40007606 
 881      06460646 
 881      4646109B 
 881      91898191 
 882 0014 19C26261 		.ascii	"\031\302ba`fe`fc`f\000\000\010}\000N"
 882      60666560 
 882      66636066 
 882      0000087D 
 882      004E
 883              		.text
 884              		.section	.gnu.lto_.inline.f6c0a9e395e0b164,"e",%progbits
 885 0000 789C858E 		.ascii	"x\234\205\216\321\011\2000\020C\223\\\255\340\232V\307"
 885      D1098030 
 885      1043935C 
 885      ADE09A56 
 885      C7
 886 0011 10DDC541 		.ascii	"\020\335\305A\034\315^\221\012Ei\276\216w\217\220H\324"
 886      1CCD5E91 
 886      0A4569BE 
 886      8E778F90 
 886      48D4
 887 0023 8C40D873 		.ascii	"\214@\330sl%\004\034\371\334\200\350HI\216\300\311E"
 887      6C25041C 
 887      F9DC80E8 
 887      48498EC0 
 887      C945
 888 0035 16786921 		.ascii	"\026xi!\301\323\034\251h\226\032_Oc\312\215*\217\271"
 888      C1D31CA9 
 888      68961A5F 
 888      4F63CA8D 
 888      2A8FB9
 889 0048 31AC1A6F 		.ascii	"1\254\032o\327\267\031\272]C\327\210u\371\337b\334\345"
 889      D7B719BA 
 889      5D43D788 
 889      75F9DF62 
 889      DCE5
 890 005a C8350E   		.ascii	"\3105\016"
 891              		.text
 892              		.section	.gnu.lto_.jmpfuncs.f6c0a9e395e0b164,"e",%progbits
 893 0000 789C5362 		.ascii	"x\234Sb@\000v\020\301\010\004\365K\230\031\230\030\030"
 893      40007610 
 893      C10804F5 
 893      4B981998 
 893      1818
 894 0012 98A14C16 		.ascii	"\230\241L\026\006\006V\006\0066\240$\0004\017\002\221"
 894      06065606 
 894      0636A024 
 894      00340F02 
 894      91
 895              		.text
 896              		.section	.gnu.lto_.pureconst.f6c0a9e395e0b164,"e",%progbits
 897 0000 789C05C1 		.ascii	"x\234\005\301\001\021\000 \014\304\260\037\024\346\000"
 897      01110020 
 897      0CC4B01F 
 897      14E600
 898 000f EDBBAA25 		.ascii	"\355\273\252%yI:C\311\222-\310\221+\0372\332\004\203"
 898      79493A43 
 898      C9922DC8 
 898      912B1F32 
 898      DA0483
 899              		.text
 900              		.section	.gnu.lto_.lto.f6c0a9e395e0b164,"e",%progbits
 901 0000 09000400 		.ascii	"\011\000\004\000\001\000\000\000"
 901      01000000 
 902              		.text
 903              		.section	.gnu.lto_stInit.282.f6c0a9e395e0b164,"e",%progbits
 904 0000 789CEB65 		.ascii	"x\234\353e``\010\004be fdf`\2344\261\213\211\241\241"
 904      60600804 
 904      62652066 
 904      6466609C 
 904      34B18B89 
 905 0016 A1C1819D 		.ascii	"\241\301\201\235\211\261qb\027'\343VF0\217\221\241\236"
 905      89B17162 
 905      1727E356 
 905      46308F91 
 905      A19E
 906 0028 89B19E71 		.ascii	"\211\261\236q2\263&\220\373c\351\254\216\303\214\015"
 906      32B32690 
 906      FB63E9AC 
 906      8EC38C0D 
 907 0038 2B0E302E 		.ascii	"+\0160.af`\230\007\304P\300\006\3431\002\361\372K\254"
 907      61666098 
 907      07C450C0 
 907      06E33102 
 907      F1FA4BAC 
 908 004c 071AFEFC 		.ascii	"\007\032\376\374\357oh\270\373\210q\2462P\274\237\031"
 908      EF6F68B8 
 908      FB8871A6 
 908      3250BC9F 
 908      19
 909 005d 6474030B 		.ascii	"dt\003\013c\303\001\006\206\011\314L\020N#\220\363\212"
 909      63C30106 
 909      8609CC4C 
 909      104E2390 
 909      F38A
 910 006f B1E1D1C6 		.ascii	"\261\341\321\306c\214\014\037\030\233\025\030Z\030\231"
 910      638C0C1F 
 910      189B1518 
 910      5A1899
 911 007e 963033CE 		.ascii	"\22603\316c\006\032\262\204\231\211\341\023c\323\203"
 911      63061AB2 
 911      849989E1 
 911      1363D383 
 912 008e CD6E60F3 		.ascii	"\315n`\363\373\231\031\021\00600\350\351g\344\347\246"
 912      FB991911 
 912      063030E8 
 912      E967E4E7 
 912      A6
 913 009f EA671597 		.ascii	"\352g\025\227\244\226'\026\225\350\027\347\227\026%"
 913      A4962716 
 913      95E817E7 
 913      971625
 914 00ae A7EA5726 		.ascii	"\247\352W&\246\346f\353\026\027\344d\226\350f'\351\273"
 914      A6E666EB 
 914      1617E464 
 914      96E86627 
 914      E9BB
 915 00c0 6516E502 		.ascii	"e\026\345\002\245S\031\024r2\223\364\22332\2232\363"
 915      A5531914 
 915      723293F4 
 915      93333293 
 915      32F3
 916 00d2 8BF58128 		.ascii	"\213\365\201(#1G\277\270(\031D\307\027\227\350%3\000"
 916      233147BF 
 916      B8281944 
 916      C71797E8 
 916      253300
 917 00e5 009E0C4F 		.ascii	"\000\236\014O\267"
 917      B7
 918              		.text
 919              		.section	.gnu.lto_stStartAlarm.283.f6c0a9e395e0b164,"e",%progbits
 920 0000 789C8D52 		.ascii	"x\234\215RKh\023Q\024\275g^~\256\224.D\304E\361\203"
 920      4B681351 
 920      14BD675E 
 920      7EAE942E 
 920      44C445F1 
 921 0015 1F68C656 		.ascii	"\037h\306V\320t\347B\012B\272\321\256\334\204$\016d"
 921      D074E742 
 921      0A42BAD1 
 921      AEDC8424 
 921      0E64
 922 0027 6C424A66 		.ascii	"lBJfT\\\365\231.\012Y\030[7R\252`\231HvE\305\304T\243"
 922      545CF599 
 922      2E0A5918 
 922      5B3752AA 
 922      60994876 
 923 0040 63FDED44 		.ascii	"c\375\355D\012.\\\010\245\331\210H[R\225\026\012\365"
 923      0A2E5C08 
 923      A5D98848 
 923      5B529516 
 923      0AF5
 924 0052 BE4952A1 		.ascii	"\276IR\241\270p\2307\367{\316y\36721\215\250DD\207\370"
 924      B8709837 
 924      F77BCE79 
 924      F732318D 
 924      A8444487 
 925 0067 40102627 		.ascii	"@\020&'\012\032I)\317\0065\334\234(\354B\015^\004\032"
 925      0A1A4929 
 925      CF0635DC 
 925      9C28EC42 
 925      0D5E041A 
 926 007b D5308A3B 		.ascii	"\3250\212;\3428\207\353\245\251\3317\220e\027\216 \272"
 926      E23887EB 
 926      A5A9D937 
 926      9065178E 
 926      20BA
 927 008d CFC77BA6 		.ascii	"\317\307{\246\005&\205#\000\255\355i\330\303\236\270"
 927      05268523 
 927      00ADED69 
 927      D8C39EB8 
 928 009d 40475D29 		.ascii	"@G])?\325+R\372\311\021\002U0\006\025\340)H%.\375\364"
 928      3FD52B52 
 928      FAC91102 
 928      55300615 
 928      E0294825 
 929 00b4 1105DA4C 		.ascii	"\021\005\332L`\210\347\003sP\234\012\274>7\376\345\321"
 929      6088E703 
 929      73509C0A 
 929      BC3E37FE 
 929      E5D1
 930 00c6 E1CA983C 		.ascii	"\341\312\230<\326\301\243\215\307s(\206\246\237;\217"
 930      D6C1A38D 
 930      C7732886 
 930      A69F3B8F 
 931 00d6 A8CE858D 		.ascii	"\250\316\205\215\251\037\001Y\226\276\235J\334\331\272"
 931      A91F0159 
 931      96BE9D4A 
 931      DCD9BA
 932 00e5 64408DF0 		.ascii	"d@\215\360\265\027/8WSTJ\033uOO\265\314.\370]\271\271"
 932      B5172F38 
 932      5753544A 
 932      1B754F4F 
 932      B5CC2EF8 
 933 00fc 5594726B 		.ascii	"U\224rk\377\307\351\225\020\257\002\317x9\216\340k\026"
 933      FFC7E995 
 933      10AF02CF 
 933      78398EE0 
 933      6B16
 934 010e 855A8FF4 		.ascii	"\205Z\217\364A\272D\267\205\326\012\3068\370\016\271"
 934      41BA44B7 
 934      85D60AC6 
 934      38F80EB9 
 935 011e B4F61ECA 		.ascii	"\264\366\036\312\036\334\376,\375\016\260\311w\263\330"
 935      1EDCFE2C 
 935      FD0EB0C9 
 935      77B3D8
 936 012d 8CD05466 		.ascii	"\214\320Tf\355\327\255\307\215\305.\326\363\352\325"
 936      EDD7ADC7 
 936      8DC52ED6 
 936      F3EAD5
 937 013c C65DE025 		.ascii	"\306]\340%h\031\371\315\361\317bF\010\325\267\214\371"
 937      6819F9CD 
 937      F1CF6246 
 937      08D5B78C 
 937      F9
 938 014d D5C23BD1 		.ascii	"\325\302;\321\336\243\037\264\355yz\034=\004\337'\000"
 938      DEA31FB4 
 938      ED797A1C 
 938      3D04DF27 
 938      00
 939 015e 1778E555 		.ascii	"\027x\345UO>\220\362\333nG\004\361\032\367\2047O\037"
 939      4F3E90F2 
 939      DB6E4704 
 939      F11AF784 
 939      374F1F
 940 0171 A7CA7B1D 		.ascii	"\247\312{\035\021\302<p\302K1\275\247Zk\354S\032\315"
 940      11C23C70 
 940      C24B31BD 
 940      A75A6BEC 
 940      531ACD
 941 0184 F2819D54 		.ascii	"\362\201\235T\035\236\020\3362\017\024H\011\207\320"
 941      1D9E10DE 
 941      320F1448 
 941      0987D0
 942 0193 1AB0FE1F 		.ascii	"\032\260\376\037\300\017\014\324\376\002\325\324\371"
 942      C00F0CD4 
 942      FE02D5D4 
 942      F9
 943 01a0 D5D2936A 		.ascii	"\325\322\223j\224\267\255\226NM\344\0277\006\274\177"
 943      94B7AD96 
 943      4E4DE417 
 943      3706BC7F 
 944 01b0 A6285A13 		.ascii	"\246(Z\023!\357\2520\254\247\262\031C\277b\331\306\365"
 944      21EFAA30 
 944      ACA7B219 
 944      43BF62D9 
 944      C6F5
 945 01c2 78CED6AD 		.ascii	"x\316\326\255\354\325\\\322\320o\304\215\314p\2175\222"
 945      ECD55CD2 
 945      D06FC48D 
 945      CC708F35 
 945      92
 946 01d3 36ED9EE1 		.ascii	"6\355\236\341\204>`\3462\\6\250;m&\364d\312L\230YK\347"
 946      843E60E6 
 946      325C36A8 
 946      3B6D26F4 
 946      64CA4C98 
 947 01ea 37154FEB 		.ascii	"7\025O\353V.\251l\314\262\303I\012\306\023\226mf\214"
 947      562EA96C 
 947      CCB2C349 
 947      0AC61396 
 947      6D668C
 948 01fd AE4E261C 		.ascii	"\256N&\034\211\234\351?\035I\366S$\254\377\003=\222"
 948      899CE93F 
 948      1D49F653 
 948      24ACFF03 
 948      3D92
 949 020f CDD9967E 		.ascii	"\315\331\226~qh\360T\237\036\215\236\323\207\316\017"
 949      7168F054 
 949      9F1E8D9E 
 949      D387CE0F 
 950 021f 5EEB6DF3 		.ascii	"^\353m\363\305\322\351\313\341\024\375\0015X\373\353"
 950      C5D2E9CB 
 950      E114FD01 
 950      3558FBEB 
 951              		.text
 952              		.section	.gnu.lto_stStopAlarm.284.f6c0a9e395e0b164,"e",%progbits
 953 0000 789C6D8F 		.ascii	"x\234m\217\275K\003A\020\305\347\335\372\211\205`cc"
 953      BD4B0341 
 953      10C5E7DD 
 953      FA898560 
 953      6363
 954 0012 21585924 		.ascii	"!XY$k\264\261\264\010\202\220T\246\017I<\2703\027.\334"
 954      6BB4B1B4 
 954      08829054 
 954      A60F493C 
 954      B833172E 
 955 0027 9D8A55D6 		.ascii	"\235\212U\326\244\013HLlD\242\"$\022++5\232&hae\343"
 955      A40B484C 
 955      6C44A222 
 955      24122B2B 
 955      359A2668 
 956 003e 5F20A650 		.ascii	"_ \246P,T\"\210\202\240{\227`\345\262\303\354og\366"
 956      2C542288 
 956      82A07B97 
 956      60E5B2C3 
 956      EC6F67F6 
 957 0052 CDDB2110 		.ascii	"\315\333!\020\345\211hB\006\030\241T\314+$\204\230\353"
 957      E5896842 
 957      0618A154 
 957      CC2B2484 
 957      98EB
 958 0064 57B051CC 		.ascii	"W\260Q\314\017\342\024\036\2012\0122\330f\223\022?\253"
 958      0FE2141E 
 958      81320A32 
 958      D8669312 
 958      3FAB
 959 0076 BBB7D710 		.ascii	"\273\267\327\020\265&*\214h_Fw\365u\011e\006\357\014"
 959      B5262A8C 
 959      685F4677 
 959      F5750965 
 959      06EF0C
 960 0089 9C815C70 		.ascii	"\234\201\\p_=\006H\312\311K\267\017\347^M\216\247\223"
 960      5F3D0648 
 960      CAC94BB7 
 960      0FE75E4D 
 960      8EA793
 961 009c BBDEA6F8 		.ascii	"\273\336\246\370\376)\010\361:V/\177\014H\205\002sM"
 961      FE2908F1 
 961      3A562F7F 
 961      0C488502 
 961      734D
 962 00ae 881E8826 		.ascii	"\210\036\210&\321\026S:\220\223\360\014\361pp\0037\277"
 962      D116533A 
 962      9093F00C 
 962      F1707003 
 962      37BF
 963 00c0 1F6FB65B 		.ascii	"\037o\266[\367#R\311\273\375j\355\000u\320\013\256\332"
 963      F72352C9 
 963      BBFD6AED 
 963      0075D00B 
 963      AEDA
 964 00d2 B55139B4 		.ascii	"\265Q9\264\304*\322\000\375\235<\021IG\240\012Sp\011"
 964      C42AD200 
 964      FD9D3C11 
 964      4947A00A 
 964      537009
 965 00e5 5C80A60E 		.ascii	"\\\200\246\016\205x\032\2560\206\006\366\230\347\313"
 965      85781AAE 
 965      308606F6 
 965      98E7CB
 966 00f4 ED9626A9 		.ascii	"\355\226&\251\215\354[5\327\010J\323\336\357\012\254"
 966      8DEC5B35 
 966      D7084AD3 
 966      DEEF0AAC 
 967 0104 23816CD3 		.ascii	"#\201l\323E?\327\314\224\312\227mG]\213Y\016\267\315"
 967      453FD7CC 
 967      94CA976D 
 967      475D8B59 
 967      0EB7CD
 968 0117 152BA1F2 		.ascii	"\025+\241\362\365\230\232J\372\354\264\241;\276d\234"
 968      F5989A4A 
 968      FAECB4A1 
 968      3BBE649C 
 969 0127 CFEB564A 		.ascii	"\317\353VJ\226U\0327\3648Ohz\\7m.\267\0263\270m%\334"
 969      96551A37 
 969      F4384F68 
 969      7A5C376D 
 969      2EB71633 
 970 013f 1CB51D7F 		.ascii	"\034\265\035\177\202f\375\374\237\226\264i96_\214\204"
 970      8266FDFC 
 970      9F96B469 
 970      39365F8C 
 970      84
 971 0150 67A67928 		.ascii	"g\246y(\024\344\221\205\360j\240\373(j\030K~\215~\001"
 971      14E49185 
 971      F06AA0FB 
 971      286A184B 
 971      7E8D7E01 
 972 0164 A91A8A3D 		.ascii	"\251\032\212="
 973              		.text
 974              		.section	.gnu.lto_stSetAlarm.285.f6c0a9e395e0b164,"e",%progbits
 975 0000 789C6D51 		.ascii	"x\234mQMh\023Q\020\236o'?\365\244\364\340Q\212\"\376"
 975      4D681351 
 975      109E6F27 
 975      3FF5A4F4 
 975      E0518A22 
 976 0015 40F36C05 		.ascii	"@\363l\005M\301\203\007Q\204\364\242=y)I\\\310\332\204"
 976      4DC18307 
 976      5184F4A2 
 976      3D792949 
 976      5CC8DA84 
 977 0029 94EC56F1 		.ascii	"\224\354V\361\324gz(\344`l\275\250\324\202e#\271\011"
 977      D4677A28 
 977      E4606CBD 
 977      A8D48265 
 977      23B909
 978 003c 4A5BDB5A 		.ascii	"J[\333Z]+\"\210\210\024<\210\240\245\207\"\376\224j"
 978      5D2B2288 
 978      88143C88 
 978      A0A58722 
 978      FE946A
 979 004f 117B28EA 		.ascii	"\021{(\352\274m\332\203\270\354\333\231\371f\346\373"
 979      BC6DDA83 
 979      B8ECDB99 
 979      F966E6FB 
 980 005f E6CD7E03 		.ascii	"\346\315~\003Q\215\210\366\310\001\023\206\207*\026"
 980      518D88F6 
 980      C8011386 
 980      872A16
 981 006e 69AD8FC7 		.ascii	"i\255\217\307-\\\031\252l\303\024\302\010\324o\241\037"
 981      2D5C19AA 
 981      6CC314C2 
 981      08D46FA1 
 981      1F
 982 007f D7F98084 		.ascii	"\327\371\200\204k\265[_\236A\327\003\370L4*'|F\030\303"
 982      6BB55B5F 
 982      9E41D703 
 982      F84C342A 
 982      277C4618 
 983 0094 EC336035 		.ascii	"\3543`5<\013;\304\3433\264/\320\372\315\314\204\326"
 983      3C0B3BC4 
 983      E333B42F 
 983      D0FACDCC 
 983      84D6
 984 00a6 51F29931 		.ascii	"Q\362\2311\011\351\301\0040.\352\002\234{\031!\2125"
 984      09E9C104 
 984      302EEA02 
 984      9C7B1921 
 984      8A35
 985 00b8 98202DA1 		.ascii	"\230 -\241\017L\303p\232\346\265\351\301\233\017\216"
 985      0F4CC370 
 985      9AE6B5E9 
 985      C19B0F8E 
 986 00c8 8D0FE8FD 		.ascii	"\215\017\350\375\233\375h\364c\006\206\341uT*\367\232"
 986      9BFD68F4 
 986      630686E1 
 986      75542AF7 
 986      9A
 987 00d9 CAF977A3 		.ascii	"\312\371w\243_c\272\256#\377*I\345\306\2201s\205_mx"
 987      5F63BAAE 
 987      23FF2A49 
 987      E5C69031 
 987      73855F6D 
 988 00ee 24D894A1 		.ascii	"$\330\224\2412\332\230\015\365L\311\275\371h\240\327"
 988      32DA980D 
 988      F54CC9BD 
 988      F968A0D7 
 989 00fe FF54B5FE 		.ascii	"\377T\265\376\270\353\325\310\357\246\250\005<\224\345"
 989      B8EBD5C8 
 989      EFA6A805 
 989      3C94E5
 990 010d F82C6356 		.ascii	"\370,cV\331\254GG\240\003\242klm\004\003\022|\206^|"
 990      D9AC4747 
 990      A003A26B 
 990      6C6D0403 
 990      127C865E 
 991 0122 FF02C6EE 		.ascii	"\377\002\306\356\336\372,~\210\213)\267\210\330\030"
 991      DEFA2C7E 
 991      888B29B7 
 991      88D818
 992 0131 5B0659FD 		.ascii	"[\006Y\375y\365\376\322B\263\350\205\371\311\245\033"
 992      79F5FED2 
 992      42B3E885 
 992      F9C9A51B 
 993 0141 C063D032 		.ascii	"\300c\3202\312\353\203oy\214\331\324-cn\245\362\234"
 993      CAEB836F 
 993      798CD9D4 
 993      2D636EA5 
 993      F29C
 994 0153 1B7B8C82 		.ascii	"\033{\214\202\266\274PO\242\273\220yb\010\200'a\366"
 994      B6BC504F 
 994      A2BB9079 
 994      62088027 
 994      61F6
 995 0165 D01DAD3F 		.ascii	"\320\035\255?m\3679\216\247\270\315\341}\332\005\252"
 995      6DF7398E 
 995      A7B8CDE1 
 995      7DDA05AA 
 996 0175 EFF4B909 		.ascii	"\357\364\271\011s\300\301\020\022z3\316Jmu6%w7+\240"
 996      73C0C110 
 996      127A33CE 
 996      4A6D7536 
 996      2577372B 
 997 018a 1F282F7C 		.ascii	"\037(/|?\025\376\301*o\360\243\034\2300\241r\305\202"
 997      3F15FEC1 
 997      2A6FF0A3 
 997      1C9830A1 
 997      72C582
 998 019d AD2EB89E 		.ascii	"\255.\270\236})]\362\224[\354+emu9m\027zZ\335\336\274"
 998      7D295DF2 
 998      945BEC2B 
 998      656D7539 
 998      6D177A5A 
 999 01b4 E3B5F664 		.ascii	"\343\265\366d\324I\247T\220\264M-y'\243\2629'\343\024"
 999      D449A754 
 999      90B44D2D 
 999      7927A3B2 
 999      3927E314 
 1000 01c8 5D256F2E 		.ascii	"]%o.\235Wn)kl\267\353%\262\024Og\\\317)\330\315\233"
 1000      9D576E29 
 1000      6B6CB7EB 
 1000      25B2144F 
 1000      675CCF29 
 1001 01df 4822993C 		.ascii	"H\"\231<\332q$\231\355\240dB\375\247\273\267X\362\\"
 1001      DA712499 
 1001      EDA06442 
 1001      FDA7BBB7 
 1001      58F25C
 1002 01f2 75B6ABF3 		.ascii	"u\266\253\363p\273J\245N\250\256\323\235\027\333\032"
 1002      70BB4AA5 
 1002      4EA8AED3 
 1002      9D17DB1A 
 1003 0202 7CDDF9FC 		.ascii	"|\335\371\374\371D\216\376\002aI\330\265"
 1003      F9448EFE 
 1003      026149D8 
 1003      B5
 1004              		.text
 1005              		.section	.gnu.lto_stGetAlarm.286.f6c0a9e395e0b164,"e",%progbits
 1006 0000 789C6D50 		.ascii	"x\234mP\277K\034Q\020\236o\347<5U\300\177 \204\340/"
 1006      BF4B1C51 
 1006      109E6FE7 
 1006      3C3555C0 
 1006      7F2084E0 
 1007 0015 F05E621A 		.ascii	"\360^b\032\313\024!\020\320J{\271;\027n\343\036'\273"
 1007      CB142110 
 1007      D04A7BB9 
 1007      3B176EE3 
 1007      1E27BB
 1008 0028 ABC1CA97 		.ascii	"\253\301\312\227K\0218\221S\323\004\177\201\307*gec"
 1008      4B113891 
 1008      53D3047F 
 1008      81C72A67 
 1008      6563
 1009 003a 301A238B 		.ascii	"0\032#\213MB\252$\220&\215 D\304BD\033\013\301\314{"
 1009      4D42AA24 
 1009      90268D20 
 1009      44C44244 
 1009      1B0BC1CC 
 1010 004f 675265D9 		.ascii	"gRe\331}3\3377\337\3147\373\262 \252\020Q\273|`\302"
 1010      7D33DF37 
 1010      DFCC37FB 
 1010      B220AA10 
 1010      51BB7C60 
 1011 0064 FC5CC521 		.ascii	"\374\\\305!\255\365\223f\007\257\346*7\365\255\024\266"
 1011      ADF59366 
 1011      07AFE62A 
 1011      37F5AD14 
 1011      B6
 1012 0075 6109D094 		.ascii	"a\011\320\224\203)\274\345%\306<\307\"vn3\340nW\242"
 1012      8329BCE5 
 1012      25C63CC7 
 1012      22766E33 
 1012      E06E57A2 
 1013 0089 F5D5DAC2 		.ascii	"\365\325\332\302\364\357\364b=qbvhE\004\357\201-10O"
 1013      F4EFF462 
 1013      3D716276 
 1013      684504EF 
 1013      812D3130 
 1014 009e 9A0C2326 		.ascii	"\232\014#&\322cs\340\003\310\000\031~\365\271&\352m"
 1014      D26373E0 
 1014      03C80019 
 1014      7EF5B926 
 1014      EA6D
 1015 00b0 086B84D8 		.ascii	"\010k\204\330\261E\323\271\371\243)\321\3277U\255\017"
 1015      B145D3B9 
 1015      F9A329D1 
 1015      D73755AD 
 1015      0F
 1016 00c1 3BF796D6 		.ascii	";\367\226\326[S\016\305\314,G\212\250\312fU\235\202"
 1016      5B530EC5 
 1016      CC2C478A 
 1016      A8CA6655 
 1016      9D82
 1017 00d3 4E8866D9 		.ascii	"N\210f\331i\200\327\002N\241\217\026\277\302\304\373"
 1017      6980D702 
 1017      4EA18F16 
 1017      BFC2C4FB 
 1018 00e3 FF8EA395 		.ascii	"\377\216\243\225;&\\n\314\374:\376\322&&\226<<~\007"
 1018      3B265C6E 
 1018      CCFC3AFE 
 1018      D2262696 
 1018      3C3C7E07 
 1019 00f7 EC82CE70 		.ascii	"\354\202\316p\360m\243\243\306\177\177\252\311n\327"
 1019      F06DA3A3 
 1019      C67F7FAA 
 1019      C96ED7
 1020 0106 C8EC6041 		.ascii	"\310\354`A\353\020\3434\366\200\217\266\372pU\353\223"
 1020      EB10E334 
 1020      F6808FB6 
 1020      FA7055EB 
 1020      93
 1021 0117 073137E3 		.ascii	"\00717\343\023\226\331.\336+T\275#\346\026\354\003\335"
 1021      1396D92E 
 1021      DE2B54BD 
 1021      23E616EC 
 1021      03DD
 1022 0129 9692D1E5 		.ascii	"\226\222\321\345\3537?Qc\226\361t\201\362y|\371\335"
 1022      EB373F51 
 1022      6396F174 
 1022      81F2797C 
 1022      F9DD
 1023 013b DCAB30E6 		.ascii	"\334\2530\346n\252\334p@910\243\012\245\242\253^\204"
 1023      6EAADC70 
 1023      40393130 
 1023      A30AA5A2 
 1023      AB5E84
 1024 014e 91FB321B 		.ascii	"\221\3732\033D*,\215\007yWMf\335\342hO8\346{Q\317hN"
 1024      442A2C8D 
 1024      0779574D 
 1024      66DDE268 
 1024      4F38E67B 
 1025 0166 3DF382A2 		.ascii	"=\363\202\242\224]\272\347{9\225/x9\257\024*y\013Y_"
 1025      945DBAE7 
 1025      7B39952F 
 1025      7839AF14 
 1025      2A790B59 
 1026 017b 8541DEC4 		.ascii	"\205A\336\304\3410\312\344\251/\243\376#\031+\005Q\250"
 1026      E130CAE4 
 1026      A92FA3FE 
 1026      23192B05 
 1026      51A8
 1027 018d 0687061E 		.ascii	"\006\207\006\036\367\252\376\376\247j\350\371\300\304"
 1027      F7AAFEFE 
 1027      A76AE8F9 
 1027      C0C4
 1028 019b A3DBA661 		.ascii	"\243\333\246a\337\037\311\024\350\017$\235\244\304"
 1028      DF1FC914 
 1028      E80F249D 
 1028      A4C4
 1029              		.text
 1030              		.section	.gnu.lto_stGetCounter.287.f6c0a9e395e0b164,"e",%progbits
 1031 0000 789C6D50 		.ascii	"x\234mP\277K\034A\024~\337\316zg\272@\376\201\024!\020"
 1031      BF4B1C41 
 1031      147EDFCE 
 1031      7A67BA40 
 1031      FE811421 
 1032 0015 E1764C52 		.ascii	"\341vLR\3042E\010\004\274*\366\307\335\272\260\253{"
 1032      C4324508 
 1032      04BC2AF6 
 1032      C7DDBAB0 
 1032      AB7B
 1033 0027 ACECAE4A 		.ascii	"\254\354\256J*'\227\"p\020\316\323F\374\005\036\253"
 1033      2A279722 
 1033      7010CED3 
 1033      46FC051E 
 1033      AB
 1034 0038 A857D89C 		.ascii	"\250W\330\234\030\215\011K\252\324\011\246\012\004\016"
 1034      188D094B 
 1034      AAD409A6 
 1034      0A040E
 1035 0047 2C924225 		.ascii	",\222B%\202\010\021\2227{\246\3130\363\346}\357}\357"
 1035      82081192 
 1035      377BA6CB 
 1035      30F3E67D 
 1035      EF7DEF
 1036 005a 7B6FE611 		.ascii	"{o\346\021\210\352Dt\227\017\004a\256Y7H)\3658o\340"
 1036      88EA4474 
 1036      970F0461 
 1036      AE593748 
 1036      29F5386F 
 1037 006f 65B37EBA 		.ascii	"e\263~\272\3351\261\207,\000\23210\203y\261,0'\022&"
 1037      DD31B187 
 1037      2C009A31 
 1037      308379B1 
 1037      2C302712 
 1038 0084 1BD71E70 		.ascii	"\033\327\036p\363^\252\324\345\372b\3738\267\264\231"
 1038      F35EAAD4 
 1038      E5FA62FB 
 1038      38B7B499 
 1039 0094 1A893068 		.ascii	"\032\2110h\225\011\273@\207\033\350\225#\035\341&\\"
 1039      9509BB40 
 1039      871BE895 
 1039      231DE126 
 1039      5C
 1040 00a5 93F9C05B 		.ascii	"\223\371\300[\220\006,~\371\265\305\354=pT\023\261\237"
 1040      90062C7E 
 1040      F9B5C5EC 
 1040      3D705413 
 1040      B19F
 1041 00b7 2575E5CE 		.ascii	"%u\345\316\347\276T]\375i(\365}\340\303\267\366\015"
 1041      E7BE545D 
 1041      FD6928F5 
 1041      7DE0C3B7 
 1041      F60D
 1042 00c9 D3A04408 		.ascii	"\323\240D\010\301\306$j\010=\2522\241R\242Ya\364\300"
 1042      C1C6246A 
 1042      083DAA32 
 1042      A152A259 
 1042      61F4C0
 1043 00dc 2B063FA1 		.ascii	"+\006?\241Zym\317\267\336\\t?\335bE\215\272\277\273"
 1043      5A796DCF 
 1043      B7DE5C74 
 1043      3FDD6245 
 1043      8DBABFBB 
 1044 00f0 0BC001E8 		.ascii	"\013\300\001\350\004\037\017\177\334i\211\177/\350\313"
 1044      041F0F7F 
 1044      DC69897F 
 1044      2FE8CB
 1045 00ff 46E97999 		.ascii	"F\351y\231\012\243\015p\227\034\016\201w\240\3015\245"
 1045      0AA30D70 
 1045      971C0E81 
 1045      77A0C135 
 1045      A5
 1046 0110 FA1391C7 		.ascii	"\372\023\221\307{\254\210lB\326\250]\275>BK\010\326"
 1046      7BAC886C 
 1046      42D6A85D 
 1046      BD3E424B 
 1046      08D6
 1047 0122 A15FA89D 		.ascii	"\241_\250\235%_\216\364oqD\277\270!zR\250\245\032Z\322"
 1047      255F8EF4 
 1047      6F7144BF 
 1047      B8217A52 
 1047      A8A51A5A 
 1048 0137 0DAA8E1C 		.ascii	"\015\252\216\034\213bg\272\034\3062\012&C\333\221/\312"
 1048      8B6267BA 
 1048      1CC6320A 
 1048      2643DB91 
 1048      2FCA
 1049 0149 4E75BC10 		.ascii	"Nu\274\020M\370^\\\030\257\310\247^X\345\264C\267}\257"
 1049      4DF85E5C 
 1049      18AFC8A7 
 1049      5E58E5B4 
 1049      43B77DAF 
 1050 015d 226DD7AB 		.ascii	"\"m\327\253xA$y\273e_F\241\255\357R\024[6\015Y\362?"
 1050      78412479 
 1050      BB655F46 
 1050      A1ADEF52 
 1050      145B360D 
 1051 0174 9489208C 		.ascii	"\224\211 \214#\371|\244\370\360\201\034\036~\"G\236"
 1051      23F97CA4 
 1051      F8F0811C 
 1051      1E7E2247 
 1051      9E
 1052 0185 15A7EE5F 		.ascii	"\025\247\356_\027\225|\177\324r\351/\370\301\226\370"
 1052      17957C7F 
 1052      D472E92F 
 1052      F8C196F8 
 1053              		.text
 1054              		.section	.gnu.lto_stIsAlarmActive.288.f6c0a9e395e0b164,"e",%progbits
 1055 0000 789C6D50 		.ascii	"x\234mP\277K\034A\024~\337\316\372#\255\377@R\005\004"
 1055      BF4B1C41 
 1055      147EDFCE 
 1055      FA23ADFF 
 1055      40520504 
 1056 0014 EF46BDC6 		.ascii	"\357F\275\3062\004\011\004\264\322^\356\316\205[o\217"
 1056      32040904 
 1056      B4D25EEE 
 1056      CE855B6F 
 1056      8F
 1057 0025 3B76D704 		.ascii	";v\327\004+'Z\010\007\301_ r\376\000\227U\024\004\013"
 1057      2B275A08 
 1057      07C15F20 
 1057      72FE0097 
 1057      5514040B 
 1058 0039 3D93E815 		.ascii	"=\223\350\025\213`\221*p`a\245\010\"\004\0241\215E "
 1058      8B60912A 
 1058      706061A5 
 1058      08220414 
 1058      318D4520 
 1059 004d 79339732 		.ascii	"y3\2272\303\314\233\371\276\367\336\367>\346-\210\252"
 1059      C3CC9BF9 
 1059      BEF7DEF7 
 1059      3EE62D88 
 1059      AA
 1060 005e 44F49A0F 		.ascii	"D\364\232\017\004ai\261j\221R\352M\207\205O\213\325"
 1060      046169B1 
 1060      6A9152EA 
 1060      4D87854F 
 1060      8BD5
 1061 0070 ABFD231B 		.ascii	"\253\375#\033u\030\0024ma\032\313\242;Q\352y\273\366"
 1061      75180234 
 1061      6D611ACB 
 1061      A23B51EA 
 1061      79BBF6
 1062 0083 FD1CB5DD 		.ascii	"\375\034\265\335\004\261 \332\344\316\014z\311\254v"
 1062      04B120DA 
 1062      E4CE0C7A 
 1062      C9AC76
 1063 0092 83596E5D 		.ascii	"\203Yn]\300\274\201c\220\006,\363|\033qm\035\314\352"
 1063      C0BC8163 
 1063      90062CF3 
 1063      7C1B716D 
 1063      1DCCEA
 1064 00a5 427C3149 		.ascii	"B|1I6A\007\315\266D\375\3763\257\324\217\236\306\372"
 1064      364107CD 
 1064      B644FDFE 
 1064      33AFD48F 
 1064      9EC6FA
 1065 00b8 E18B368B 		.ascii	"\341\2136\213b\301\2268\330\244\207\320\274\320\316"
 1065      62C19638 
 1065      D8A487D0 
 1065      BCD0CE
 1066 00c7 940D9510 		.ascii	"\224\015\225\020-\010\253\005f\031\374\204\212:t\374"
 1066      2D08AB05 
 1066      6619FC84 
 1066      8A3A74FC 
 1067 00d7 B5F779E5 		.ascii	"\265\367y\345\356\272\213e5\272Y\273[\005\276\202\036"
 1067      EEBA8B65 
 1067      35BA59BB 
 1067      5B05BE82 
 1067      1E
 1068 00e8 70D6D87B 		.ascii	"p\326\330{\031\011\213],\211XX\306O\353eT\030\355\200"
 1068      19098B5D 
 1068      2C895858 
 1068      C64FEB65 
 1068      5418ED80 
 1069 00fc A7089C00 		.ascii	"\247\010\234\000\337@\275[Ju\306\302\306)6\204\261\311"
 1069      DF40BD5B 
 1069      4A75C6C2 
 1069      C6293684 
 1069      B1C9
 1070 010e 1AB32B73 		.ascii	"\032\263+s\367v$\004\353\350V\300\322ds\356\002\221"
 1070      F7762404 
 1070      EBE856C0 
 1070      D26473EE 
 1070      0291
 1071 0120 D07C8B24 		.ascii	"\320|\213$z\302\314c|x\251?\216\023d\234\267\306`&\321"
 1071      7AC2CC63 
 1071      7C78A93F 
 1071      8E13649C 
 1071      B7C66026 
 1072 0135 302D0BE5 		.ascii	"0-\013\345\222#'\202\320\371\230\365C\031\224'\375\274"
 1072      92232782 
 1072      D0F998F5 
 1072      43199427 
 1072      FDBC
 1073 0147 23A7B24E 		.ascii	"#\247\262N\251\230\012*\236\033\246\2129\371\316\365"
 1073      A9980A2A 
 1073      9E1BA68A 
 1073      39F9CEF5 
 1074 0157 4B9C76E8 		.ascii	"K\234v\350\225\347\346d\276\340\346\334r y\027\262\236"
 1074      95E7E664 
 1074      BEE0E6DC 
 1074      72207917 
 1074      B29E
 1075 0169 0CFCBCBE 		.ascii	"\014\374\274\276\307\2020\235\247\201\264\374OI\245"
 1075      C782309D 
 1075      A781B4FC 
 1075      4F49A5
 1076 0178 EC87811C 		.ascii	"\354\207\201\034\031\035\316\364\313\241\241A9\372~"
 1076      191DCEF4 
 1076      CBA1A141 
 1076      39FA7E
 1077 0187 F843DFBF 		.ascii	"\370C\337\277\2461\317\033O\027\350/\241\335\230\206"
 1077      A631CF1B 
 1077      4F17E82F 
 1077      A1DD9886 
 1078              		.text
 1079              		.section	.gnu.lto_.symbol_nodes.f6c0a9e395e0b164,"e",%progbits
 1080 0000 789C75CF 		.ascii	"x\234u\317\271\001\2000\014CQY\011d\014\226a/\205\015"
 1080      B9018030 
 1080      0C435159 
 1080      09640C96 
 1080      612F850D 
 1081 0014 A8B95983 		.ascii	"\250\271Y\203!X\206\001\270[\377\366Y\205\017\334\261"
 1081      21588601 
 1081      B85BFFF6 
 1081      59850FDC 
 1081      B1
 1082 0025 A390EFA2 		.ascii	"\243\220\357\242\265; `\313\215\301\360bO\231\213\003"
 1082      B53B2060 
 1082      CB8DC1F0 
 1082      624F998B 
 1082      03
 1083 0036 4517472A 		.ascii	"E\027G*\2708Q\321\305\231*\\\\\250\322C[\251t\376U\357"
 1083      B83851D1 
 1083      C5992A5C 
 1083      5CA8D243 
 1083      5BA974FE 
 1084 004c 019ED71E 		.ascii	"\001\236\327\036\015H\337\254\306\005\377\276>\266"
 1084      0D48DFAC 
 1084      C605FFBE 
 1084      3EB6
 1085              		.text
 1086              		.section	.gnu.lto_.refs.f6c0a9e395e0b164,"e",%progbits
 1087 0000 789C6364 		.ascii	"x\234cd\000\002\000\000\012\000\002"
 1087      00020000 
 1087      0A0002
 1088              		.text
 1089              		.section	.gnu.lto_.decls.f6c0a9e395e0b164,"e",%progbits
 1090 0000 789CAD55 		.ascii	"x\234\255U\177PT\327\025\276\347\336\267\260<\266@\011"
 1090      7F5054D7 
 1090      15BEE7DE 
 1090      B7B03CB6 
 1090      4009
 1091 0012 6932D38E 		.ascii	"i2\323\216nm\033i\034Y]2Qg:\035\314j\214\223`\235\305"
 1091      6E6D1B69 
 1091      1C595D32 
 1091      51673A1D 
 1091      CC6A8C93 
 1092 0029 CE74F20F 		.ascii	"\316t\362\017\203\273\333\262\015\270\224]m\363\337"
 1092      83BBDBB2 
 1092      0DB8945D 
 1092      6DF3DF
 1093 0038 931F8A08 		.ascii	"\223\037\212\010B4\032\024MH4J4U\0305\261\222\352JJ"
 1093      42341A14 
 1093      4D48344A 
 1093      34551835 
 1093      B192EA4A 
 1094 004d 5D83A68A 		.ascii	"]\203\246\212\246b5\021\214$\213l#\266&AQ\351\271\357"
 1094      A6623511 
 1094      8C248B6C 
 1094      23B62641 
 1094      51E9B9EF 
 1095 0061 DDF71ECB 		.ascii	"\335\367\036\3132\311d\246w\367\274w\337\275\337\371"
 1095      32C964A6 
 1095      77F7BC77 
 1095      DFBDDFF9 
 1096 0071 CE77CEBB 		.ascii	"\316w\316\273\357\336\2516B\212)!\277@\033\303f%\204"
 1096      EFDEA936 
 1096      428A2921 
 1096      BF401BC3 
 1096      662584
 1097 0084 9C4303B4 		.ascii	"\234C\003\264\016\2425>\026F\373\033\332\337\321\"h"
 1097      0EA2353E 
 1097      1646FB1B 
 1097      DADFD122 
 1097      68
 1098 0095 DD6867D0 		.ascii	"\335hg\320.\240\375\223$\266\325H\300\360^\214v\011"
 1098      2EA0FD93 
 1098      24B6D548 
 1098      C0F05E8C 
 1098      7609
 1099 00a7 EDB818A7 		.ascii	"\355\270\030\247\202k2\237u\350\223\"|2\321\262\204"
 1099      826B329F 
 1099      75E89322 
 1099      7C32D1B2 
 1099      84
 1100 00b8 86E96853 		.ascii	"\206\351hSqn\012\332-\354_#\032\267\015\237e\264GA\343"
 1100      716E0ADA 
 1100      2DEC5F23 
 1100      1AB70D9F 
 1100      65B44741 
 1101 00cd E5FA7E0C 		.ascii	"\345\372~\014\211\274\3658&\011^\235\347\232\310Q\367"
 1101      89BCF538 
 1101      26095E9D 
 1101      E79AC851 
 1101      F7
 1102 00de E579FD64 		.ascii	"\345y\375d\022\337\227\276\203&\020\232\250\250\321"
 1102      12DF97BE 
 1102      8326109A 
 1102      A8A8D1
 1103 00ed CF26E17B 		.ascii	"\317&\341{E\360M\344z\354[\370x\275\247O\302\327\014"
 1103      45F04DE4 
 1103      7AEC5BF8 
 1103      78BDA74F 
 1103      C2D70C
 1104 0100 DAFBF926 		.ascii	"\332\373\371&>\235\353G\202\213\277\267\237O\302\365"
 1104      3E9DEB47 
 1104      828BBFB7 
 1104      9F4FC2F5 
 1105 0110 168E59F0 		.ascii	"\026\216Y\360\3363!\277\211\265\342\357|\306$\376\033"
 1105      DE3321BF 
 1105      89B5E2EF 
 1105      7CC624FE 
 1105      1B
 1106 0121 193C0663 		.ascii	"\031<\006ccL\275\023F\211CQ[g&\201w4\374\214T\366K\216"
 1106      634CBD13 
 1106      46894351 
 1106      5B672681 
 1106      7734FC8C 
 1107 0139 CB048AD7 		.ascii	"\313\004\212\327,\310hf\364\235\232\3100\225\303\212"
 1107      2CC86866 
 1107      F49D9AC8 
 1107      3095C38A 
 1108 0149 1253C215 		.ascii	"\022S\302\025\026\002G\001\376\002\004\216\000\262\274"
 1108      16024701 
 1108      FE02048E 
 1108      00B2BC
 1109 0158 0B7018E0 		.ascii	"\013p\030\340\020 \254\373\362\253m)\003\300\337<H^"
 1109      1020ACFB 
 1109      F2AB6D29 
 1109      03C0DF3C 
 1109      485E
 1110 016a 00E87D12 		.ascii	"\000\350}\022/2y\236\221,\205*4\315\313\250\314d\346"
 1110      2F32799E 
 1110      912C852A 
 1110      34CDCBA8 
 1110      CC64E6
 1111 017d 957BA5F4 		.ascii	"\225{\245\364\354\333,\317J\263\323ek\353\373\220!["
 1111      ECDB2CCF 
 1111      4AB3D365 
 1111      6BEBFB90 
 1111      215B
 1112 018f AC944693 		.ascii	"\254\224F\223\275r\366]x\233\266$\331\363\024\311[\367"
 1112      BD72F65D 
 1112      789BB624 
 1112      D9F314C9 
 1112      5BF7
 1113 01a1 703459A1 		.ascii	"p4Y\241\215K\262r\363\360\032M\216\200\027\275\226J"
 1113      8D4BB272 
 1113      F3F01A4D 
 1113      8E8017BD 
 1113      964A
 1114 01b3 D60CEC45 		.ascii	"\326\014\354E\223\345\333\254\245>\311{\206\326L\207"
 1114      93E5DBAC 
 1114      A53EC97B 
 1114      86D64C87 
 1115 01c3 08C85E67 		.ascii	"\010\310^g\026f\222g\265N\231\322\311:Y\204\227\335"
 1115      16669267 
 1115      B54E99D2 
 1115      C93A5984 
 1115      97DD
 1116 01d5 DAB6FF61 		.ascii	"\332\266\377a9\232\234\216\034\331^{\206\327\236\036"
 1116      399A9C8E 
 1116      1CD95E7B 
 1116      86D79E1E 
 1117 01e5 018BD72B 		.ascii	"\001\213\327+ge\023T\341u:\363\250\214\324\2225\002"
 1117      67651354 
 1117      E1753AF3 
 1117      A88CD492 
 1117      3502
 1118 01f7 4E0636A7 		.ascii	"N\0066\247\322?\364\210l\221S\246\330\263\011\361\222"
 1118      D23FF488 
 1118      6C9153A6 
 1118      D8B309F1 
 1118      92
 1119 0208 A72912B3 		.ascii	"\247)\022\2631\275A2\006\365\232\217\000\3312uR\366"
 1119      31BD4132 
 1119      06F59A8F 
 1119      00D93275 
 1119      52F6
 1120 021a 6C3419CB 		.ascii	"l4\031\313N\355\204(\222\325f\003\005o)\205\317z\227"
 1120      4EED8428 
 1120      92D56603 
 1120      056F2985 
 1120      CF7A97
 1121 022d 3A65124D 		.ascii	":e\022M\2468\225%\201B\301\364\224\223\010@\023\303"
 1121      A6389525 
 1121      8142C1F4 
 1121      94930840 
 1121      13C3
 1122 023f 1AF21F36 		.ascii	"\032\362\0376\002Z\217\20002>\2141OE\207\020}\324h\304"
 1122      025A8F80 
 1122      30323E8C 
 1122      314F4587 
 1122      107DD468 
 1123 0254 B8132A38 		.ascii	"\270\023*8\250\266*\000\304\235\200\036b\0349\021t\004"
 1123      A8B62A00 
 1123      C49D801E 
 1123      621C3911 
 1123      7404
 1124 0266 0444E711 		.ascii	"\004D\347\021\276\332\252\320Gt-<\206\012\246\372\250"
 1124      BEDAAAD0 
 1124      47742D3C 
 1124      860AA6FA 
 1124      A8
 1125 0277 D11284C7 		.ascii	"\321\022\204\3075S\006\347P\277\017F7\015tT\245|\206"
 1125      355306E7 
 1125      50BF0F46 
 1125      370D7454 
 1125      A57C86
 1126 028a 75536275 		.ascii	"uSbuG\030\2445\346\341\366\341\3413k;6t\313\217\360"
 1126      4718A435 
 1126      E6E1F6E1 
 1126      E1336B3B 
 1126      3674CB8F 
 1127 029f 0945C982 		.ascii	"\011E\311\202b\261\362\010\034G\212\200\352\273?\266"
 1127      62B1F208 
 1127      1C478A80 
 1127      EABB3FB6 
 1128 02af A5559ED6 		.ascii	"\245U\236\326\324\244\214\034>y\245bZ\377\021E\251F"
 1128      D4A48C1C 
 1128      3E79A562 
 1128      5AFF1145 
 1128      A946
 1129 02c1 BC9563E0 		.ascii	"\274\225c\340\030\340\372T\365\037C\207\277\002\274"
 1129      18E0FA54 
 1129      F51F4387 
 1129      BF02BC
 1130 02d0 07335EB3 		.ascii	"\0073^\263\260\243\300=\257\256\035\272*\363]\007:\000"
 1130      B0A3C03D 
 1130      AFAE1DBA 
 1130      2AF35D07 
 1130      3A00
 1131 02e2 0238702A 		.ascii	"\0028p*\366\346\333i\223\004{\037};A\215V\377\361\232"
 1131      F6E6DB69 
 1131      93047B1F 
 1131      7D3B418D 
 1131      56FFF19A 
 1132 02f6 ED8C476B 		.ascii	"\355\214Gk;P\271V\311\250@\260\204\363p\302\010t\302"
 1132      3B50B956 
 1132      C9A840B0 
 1132      84F370C2 
 1132      0874C2
 1133 0309 081495D8 		.ascii	"\010\024\225\330I5\320\366]\003\267\222T\2473\246\023"
 1133      4935D0F6 
 1133      5D03B792 
 1133      54A733A6 
 1133      13
 1134 031a AAEB329C 		.ascii	"\252\3532\234\272\014\247>\211\235W\235\032v\3265\244"
 1134      BA0CA73E 
 1134      899D579D 
 1134      1A76D635 
 1134      A4
 1135 032b A94E4371 		.ascii	"\251NCq\221N\032N'\015\247c\022\373Du\332\264\267*\226"
 1135      914E1A4E 
 1135      270DA763 
 1135      12FB4475 
 1135      DAB4B72A 
 1136 0340 6A648069 		.ascii	"jd\200i\351)|`\324\253j\327\336\335\224\363\016\257"
 1136      E9297C60 
 1136      D4AB6AD7 
 1136      DEDD94F3 
 1136      0EAF
 1137 0352 1F589376 		.ascii	"\037X\223v\226\177\375\200\323p\312\340=e\3606HlP\345"
 1137      967FFD80 
 1137      D370CAE0 
 1137      3D65F036 
 1137      486C50E5 
 1138 0366 DDFB7263 		.ascii	"\335\373rc\227\226\301\276jC\014:\2356\234N\033N\225"
 1138      9796C1BE 
 1138      6A430C3A 
 1138      9D369C4E 
 1138      1B4E95
 1139 0379 12FB0AF7 		.ascii	"\022\373\012\367\2005\024\035\223\216\326\036\332)\375"
 1139      8035141D 
 1139      938ED61E 
 1139      DA29FD
 1140 0388 1000FF29 		.ascii	"\020\000\377)\024z\240\202;\366\000n%Q\245\312F \027"
 1140      147AA082 
 1140      3BF6006E 
 1140      2551A5CA 
 1140      462017
 1141 039b 6611F807 		.ascii	"f\021\370\007\340\020\201\263\000\347\3706\262;\334"
 1141      E01081B3 
 1141      00E7F836 
 1141      B23BDC
 1142 03aa DC074612 		.ascii	"\334\007F\022=f\022\347\215$\252\037\334\034T\365\014"
 1142      3D6612E7 
 1142      8D24AA1F 
 1142      DC1C54F5 
 1142      0C
 1143 03bb 9FEAFA43 		.ascii	"\237\352\372C+\377\354q\022>4\324|h\250\371\232\261"
 1143      2BFFEC71 
 1143      123E34D4 
 1143      7C68A8F9 
 1143      9AB1
 1144 03cd 3AAE846E 		.ascii	":\256\204n\210m>n\233\326\244(#\303\033\033\332\355"
 1144      886D3E6E 
 1144      9BD6A428 
 1144      23C31B1B 
 1144      DAED
 1145 03df 272A5BB2 		.ascii	"'*[\262\371;\370\310\360\371\010\304\016\231\011\222"
 1145      F93BF8C8 
 1145      F0F908C4 
 1145      0E990992 
 1146 03ef BAF3D9D1 		.ascii	"\272\363\331\321\353\203+m\243V\033\312\035VZ:\325\227"
 1146      EB832B6D 
 1146      A3561BCA 
 1146      1D565A3A 
 1146      D597
 1147 0401 D60B7091 		.ascii	"\326\013p\221\213\271\004\002\334\253\335\254\252OX"
 1147      8BB90402 
 1147      DCABDDAC 
 1147      AA4F58
 1148 0410 7B384BD8 		.ascii	"{8K\3309\312\273\323\325\317!]\355\021vQU\262&\374\371"
 1148      39CABBD3 
 1148      D5CF215D 
 1148      ED117651 
 1148      55B226FC 
 1149 0425 59ABDCC7 		.ascii	"Y\253\334\3079\303U)D0B? \006w\323>\200\253\300\372"
 1149      39C35529 
 1149      4430423F 
 1149      200677D3 
 1149      3E80ABC0 
 1150 043a A8C61421 		.ascii	"\250\306\024!\354SJXT<\206\011\213\211\356,\365\232"
 1150      EC534A58 
 1150      543C8609 
 1150      8B89EE2C 
 1150      F59A
 1151 044c A1865580 		.ascii	"\241\206U\200\335\022\303\214/\203\033\243\007l\262"
 1151      DD12C38C 
 1151      2F831BA3 
 1151      076CB2
 1152 045b 2222708D 		.ascii	"\"\"p\215B\364\027\030\307\001\377\346U\216u\015\236"
 1152      42F41718 
 1152      C701FFE6 
 1152      558E750D 
 1152      9E
 1153 046c FE9E1CFE 		.ascii	"\376\236\034\376F\025\374\363\332vy\035d\"U\225\242"
 1153      4615FCF3 
 1153      DA76791D 
 1153      64225595 
 1153      A2
 1154 047d B450B809 		.ascii	"\264P\270\0110\004p\203s\015\203\312\3073j\271P\323"
 1154      30047083 
 1154      730D83CA 
 1154      C7336AB9 
 1154      50D3
 1155 048f 916A82AE 		.ascii	"\221j\202\256%\202\330\227B^6\273\203\351\334\027Ov"
 1155      2582D897 
 1155      425E36BB 
 1155      83E9DC17 
 1155      4F76
 1156 04a1 B69A1156 		.ascii	"\266\232\021V\315\264\247GY->5\242mA\333\206\266\003"
 1156      CDB4A747 
 1156      592D3E35 
 1156      A26D41DB 
 1156      86B603
 1157 04b4 ED0DB43D 		.ascii	"\355\015\264=h\373\004\252\217h)'\261\003\214\007?\374"
 1157      68FB04AA 
 1157      8F682927 
 1157      B1038C07 
 1157      3FFC
 1158 04c6 C5BD36CB 		.ascii	"\305\2756\313d\311VS\236\354,\204\034\352\350n\245q"
 1158      64C95653 
 1158      9EEC2C84 
 1158      1CEAE86E 
 1158      A571
 1159 04d8 495C01B8 		.ascii	"I\\\001\270\3141\270J9\216\363\264\356\032\362\304\345"
 1159      CC31B84A 
 1159      398EF3B4 
 1159      EE1AF2C4 
 1159      E5
 1160 04e9 9088793C 		.ascii	"\220\210y<v\241\361z\352O'\266\207\320\372qa\3656\217"
 1160      76A1F17A 
 1160      EA4F27B6 
 1160      87D0FA71 
 1160      61F5368F 
 1161 04fd 1D48DB8E 		.ascii	"\035H\333\216*l\334}\004`+5\304|\305/\263\011\302\332"
 1161      2A6CDC7D 
 1161      04602B35 
 1161      C47CC52F 
 1161      B309C2DA 
 1162 0511 1ADACB22 		.ascii	"\032\332\313\"a\340\220\2018\310u~\351\005\0253\332"
 1162      61E09081 
 1162      38C8757E 
 1162      E9051533 
 1162      DA
 1163 0522 809F99C6 		.ascii	"\200\237\231\306s?\016t\303\344\271gb\356%b\220\350"
 1163      733F0E74 
 1163      C3E4B967 
 1163      62EE2562 
 1163      90E8
 1164 0534 7504D5B5 		.ascii	"u\004\325\265K<\330-\200\230\212\321_\314\340\270`w"
 1164      4B3CD82D 
 1164      80988AD1 
 1164      5FCCE0B8 
 1164      6077
 1165 0546 4CA2B138 		.ascii	"L\242\2618\242\313f\260&C\364\247q\220\217MH\275\001"
 1165      A2CB66B0 
 1165      2643F4A7 
 1165      71908F4D 
 1165      48BD01
 1166 0559 89C6413E 		.ascii	"\211\306A>\037\027\352\201\031\352n\034\350\3168\320"
 1166      1F17EA81 
 1166      19EA6E1C 
 1166      E8CE38D0 
 1167 0569 3A83E8CB 		.ascii	":\203\350\3138\314\177\315X7M\236\325t<\306a@6\030,"
 1167      38CC7FCD 
 1167      58374D9E 
 1167      D5743CC6 
 1167      61403618 
 1168 057e 9F259659 		.ascii	"\237%\226Y\203\214\230,J\002\213(\3406\255\200k)T\251"
 1168      838C982C 
 1168      4A028B28 
 1168      E036AD80 
 1168      6B2954A9 
 1169 0592 107D55FC 		.ascii	"\020}U\374\313\244\271o\322\214&&\245a\326\033j\376"
 1169      CBA4B96F 
 1169      D28C2626 
 1169      A561D61B 
 1169      6AFE
 1170 05a4 13071934 		.ascii	"\023\007\0314!wM\232\007\211\257\001\345h\2133,\021"
 1170      21774D9A 
 1170      0789AF01 
 1170      E5688B33 
 1170      2C11
 1171 05b6 A8A45081 		.ascii	"\250\244P\201+\222\203\360[\335H\341e\012\365\024\232"
 1171      2B9283F0 
 1171      5BDD48E1 
 1171      650AF514 
 1171      9A
 1172 05c7 28D45258 		.ascii	"(\324RXOa\013\205F\0125\024\266Sx\211\3026\012\257P"
 1172      4F610B85 
 1172      460A3514 
 1172      B6537889 
 1172      C2360AAF 
 1173 05dc A8A3D040 		.ascii	"\250\243\320@a\023\205u\0246Ph\246\260\231\237\336<"
 1173      61138575 
 1173      14365068 
 1173      A6B0999F 
 1173      DE3C
 1174 05ee 74ADA1EE 		.ascii	"t\255\241\356vb\305\305[\331j`>I\\\001\002Sc`\276N\\"
 1174      7662C5C5 
 1174      5BD96A60 
 1174      3E495C01 
 1174      02536360 
 1175 0605 FD886131 		.ascii	"\375\210a1\365\223\215\\\212\214&=41\035\330A\377/\011"
 1175      F5938D5C 
 1175      8A8C263D 
 1175      34311DD8 
 1175      41FF2F09 
 1176 0619 6180FE8B 		.ascii	"a\200\376\213\3477[\314m\373US\311k\210`#\214Lkl\342"
 1176      E7375BCC 
 1176      6DFB5553 
 1176      C96B8860 
 1176      238C4C6B 
 1177 062f 27C1A5F6 		.ascii	"'\301\245\366Y\235\225\012\236 \215\317\360\303\265"
 1177      599D950A 
 1177      9E208DCF 
 1177      F0C3B5
 1178 063e 856AA701 		.ascii	"\205j\247\001\274N\261\257\237!\003\026\266^R=\332\356"
 1178      BC4EB1AF 
 1178      9F210316 
 1178      B65E523D 
 1178      DAEE
 1179 0650 B4976960 		.ascii	"\264\227i`<\011\336\320\301;)\366u\360\025\013\333!"
 1179      3C09DED0 
 1179      C13B29F6 
 1179      75F0150B 
 1179      DB21
 1180 0662 C05B0F96 		.ascii	"\300[\017\226\031\314\273t\360\233\024\373:\370\204"
 1180      19CCBB74 
 1180      F09B14FB 
 1180      3AF884
 1181 0671 85EDD7C0 		.ascii	"\205\355\327\300\303\177>x\275\037\224Z\254I&?Yw\353"
 1181      C37F3E78 
 1181      BD1F945A 
 1181      AC49263F 
 1181      5977EB
 1182 0684 F83D14FB 		.ascii	"\370=\024\373:\376\220\205\035\027\344\035\272\022\004"
 1182      3AFE9085 
 1182      1D17E41D 
 1182      BA1204
 1183 0693 B7EAE0B7 		.ascii	"\267\352\340\267(\366u0\356\220=\202\274\373`\233A\216"
 1183      28F67530 
 1183      EE903D82 
 1183      BCFB609B 
 1183      418E
 1184 06a5 07E55E1D 		.ascii	"\007\345^\035\277\217b_\307\357\261\220\251%\376\345"
 1184      BF8F625F 
 1184      C7EFB190 
 1184      A925FEE5 
 1185 06b5 0E4FB17F 		.ascii	"\016O\261\177\271?\020t\340\277\270\250\304\021,\367"
 1185      B93F1074 
 1185      E0BFB8A8 
 1185      C4112CF7 
 1186 06c5 F07B6130 		.ascii	"\360{a0\224\343\261.Z\362k\273k\336<\222\251\217\344"
 1186      94E3B12E 
 1186      5AF26BBB 
 1186      6BDE3C92 
 1186      A98FE4
 1187 06d8 CC9D3B67 		.ascii	"\314\235;g\336\223s=\363HJ\360\305`\310_\352+\014\321"
 1187      DE93733D 
 1187      F3484AF0 
 1187      C560C85F 
 1187      EA2B0CD1 
 1188 06ec 2788ADA8 		.ascii	"'\210\255\250\274t\325\034\337\314\322\031\277-#\262"
 1188      BC74D51C 
 1188      DFCCD219 
 1188      BF2D23B2 
 1189 06fc 27501EF2 		.ascii	"'P\036\362\375if\351\023$)\030Z\274\302\037\312q\024"
 1189      FD6966E9 
 1189      13242918 
 1189      5ABCC21F 
 1189      CA7114
 1190 070f 074A7D8E 		.ascii	"\007J}\216\337\007C\276?\026\225\207\034\301\300\312"
 1190      DF0743BE 
 1190      3F169587 
 1190      1CC1C0CA 
 1191 071f 728FCFF1 		.ascii	"r\217\317\361b\221\257\364\205\231\301\262\022\177h"
 1191      6291AFF4 
 1191      8599C1B2 
 1191      127F68
 1192 072e E60BCB1D 		.ascii	"\346\013\313\035O\373\313Kq\332G\354\337\"\213\330\202"
 1192      4FFBCB4B 
 1192      71DA47EC 
 1192      DF228BD8 
 1192      82
 1193 073f A1821012 		.ascii	"\241\202\020\022\315/\301\270\251\374!P\246\366e\354"
 1193      CD2FC1B8 
 1193      A9FC2150 
 1193      A6F665EC 
 1194 074f FB427A77 		.ascii	"\373Bzw\221\350\332\324\256+\260rE\310W\236\216\222"
 1194      91E8DAD4 
 1194      AE2BB072 
 1194      45C8579E 
 1194      8E92
 1195 0761 82EAF07C 		.ascii	"\202\352\360|O\310\277\312g)|*\020(A\222\302\222\022"
 1195      4FC8BFCA 
 1195      67297C2A 
 1195      10284192 
 1195      C29212
 1196 0774 6FA11FD5 		.ascii	"o\241\037\325\316\315qL\"\240\014\223\012:\012\226\345"
 1196      CECD714C 
 1196      22A00C93 
 1196      0A3A0A96 
 1196      E5
 1197 0785 E73A1DCF 		.ascii	"\347:\035\317=\267\300\261lq\376\252\331B\022w\315)"
 1197      3DB7C0B1 
 1197      6C71FEAA 
 1197      D9421277 
 1197      CD29
 1198 0797 2616972B 		.ascii	"&\026\227+\337\235k]\351_\021\312ub]~\345\226\026\344"
 1198      DF9D6B5D 
 1198      E95F11CA 
 1198      75625D7E 
 1198      E59616E4 
 1199 07ab CF77B305 		.ascii	"\317w\263\005.\267\364\324\202en\346r\271\231\033m\276"
 1199      2EB7F4D4 
 1199      82656EE6 
 1199      72B9991B 
 1199      6DBE
 1200 07bd DBCD9616 		.ascii	"\333\315\226\026\270\230k\3112\311\345Z\350V\035\235"
 1200      B8986BC9 
 1200      32C9E55A 
 1200      E8561D9D 
 1201 07cd EA7536   		.ascii	"\352u6"
 1202 07d0 5BB8C84D 		.ascii	"[\270\310M\013\320s\361B\267T\220\217h\227\333\2116"
 1202      0BD073F1 
 1202      42B75490 
 1202      8F6897DB 
 1202      8936
 1203 07e2 1B91BF71 		.ascii	"\033\221\277q\317\371\016\332\202\241R.\303_\212\322"
 1203      CFF90EDA 
 1203      82A1522E 
 1203      C35F8AD2 
 1204 07f2 528D87C2 		.ascii	"R\215\207\302P\246\3105\310KXX\304K\361}c(P\246\215"
 1204      50A6C835 
 1204      C84B5858 
 1204      C44BF17D 
 1204      632850A6 
 1205 0807 64E823BE 		.ascii	"d\350#\276P\374\300\357\364\201\314q\003\036\255\266"
 1205      50FCC0EF 
 1205      F481CC71 
 1205      031EADB6 
 1206 0817 3FD0AB18 		.ascii	"?\320\253\030\324 \205Ej\211\377\007\002\025X\253"
 1206      D4208545 
 1206      6A89FF07 
 1206      021558AB 
 1207              		.text
 1208              		.section	.gnu.lto_.symtab.f6c0a9e395e0b164,"e",%progbits
 1209 0000 7374496E 		.ascii	"stInit\000"
 1209      697400
 1210 0007 00       		.ascii	"\000"
 1211 0008 00       		.ascii	"\000"
 1212 0009 00       		.ascii	"\000"
 1213 000a 00000000 		.ascii	"\000\000\000\000\000\000\000\000"
 1213      00000000 
 1214 0012 C0000000 		.ascii	"\300\000\000\000"
 1215 0016 73745374 		.ascii	"stStartAlarm\000"
 1215      61727441 
 1215      6C61726D 
 1215      00
 1216 0023 00       		.ascii	"\000"
 1217 0024 00       		.ascii	"\000"
 1218 0025 00       		.ascii	"\000"
 1219 0026 00000000 		.ascii	"\000\000\000\000\000\000\000\000"
 1219      00000000 
 1220 002e C4000000 		.ascii	"\304\000\000\000"
 1221 0032 73745374 		.ascii	"stStopAlarm\000"
 1221      6F70416C 
 1221      61726D00 
 1222 003e 00       		.ascii	"\000"
 1223 003f 00       		.ascii	"\000"
 1224 0040 00       		.ascii	"\000"
 1225 0041 00000000 		.ascii	"\000\000\000\000\000\000\000\000"
 1225      00000000 
 1226 0049 C6000000 		.ascii	"\306\000\000\000"
 1227 004d 73745365 		.ascii	"stSetAlarm\000"
 1227      74416C61 
 1227      726D00
 1228 0058 00       		.ascii	"\000"
 1229 0059 00       		.ascii	"\000"
 1230 005a 00       		.ascii	"\000"
 1231 005b 00000000 		.ascii	"\000\000\000\000\000\000\000\000"
 1231      00000000 
 1232 0063 C8000000 		.ascii	"\310\000\000\000"
 1233 0067 73744765 		.ascii	"stGetAlarm\000"
 1233      74416C61 
 1233      726D00
 1234 0072 00       		.ascii	"\000"
 1235 0073 00       		.ascii	"\000"
 1236 0074 00       		.ascii	"\000"
 1237 0075 00000000 		.ascii	"\000\000\000\000\000\000\000\000"
 1237      00000000 
 1238 007d CB000000 		.ascii	"\313\000\000\000"
 1239 0081 73744765 		.ascii	"stGetCounter\000"
 1239      74436F75 
 1239      6E746572 
 1239      00
 1240 008e 00       		.ascii	"\000"
 1241 008f 00       		.ascii	"\000"
 1242 0090 00       		.ascii	"\000"
 1243 0091 00000000 		.ascii	"\000\000\000\000\000\000\000\000"
 1243      00000000 
 1244 0099 CD000000 		.ascii	"\315\000\000\000"
 1245 009d 73744973 		.ascii	"stIsAlarmActive\000"
 1245      416C6172 
 1245      6D416374 
 1245      69766500 
 1246 00ad 00       		.ascii	"\000"
 1247 00ae 00       		.ascii	"\000"
 1248 00af 00       		.ascii	"\000"
 1249 00b0 00000000 		.ascii	"\000\000\000\000\000\000\000\000"
 1249      00000000 
 1250 00b8 D4000000 		.ascii	"\324\000\000\000"
 1251 00bc 73745F6C 		.ascii	"st_lld_init\000"
 1251      6C645F69 
 1251      6E697400 
 1252 00c8 00       		.ascii	"\000"
 1253 00c9 02       		.ascii	"\002"
 1254 00ca 00       		.ascii	"\000"
 1255 00cb 00000000 		.ascii	"\000\000\000\000\000\000\000\000"
 1255      00000000 
 1256 00d3 D6000000 		.ascii	"\326\000\000\000"
 1257              		.text
 1258              		.section	.gnu.lto_.ext_symtab.f6c0a9e395e0b164,"e",%progbits
 1259 0000 01       		.ascii	"\001"
 1260 0001 01       		.ascii	"\001"
 1261 0002 00       		.ascii	"\000"
 1262 0003 01       		.ascii	"\001"
 1263 0004 00       		.ascii	"\000"
 1264 0005 01       		.ascii	"\001"
 1265 0006 00       		.ascii	"\000"
 1266 0007 01       		.ascii	"\001"
 1267 0008 00       		.ascii	"\000"
 1268 0009 01       		.ascii	"\001"
 1269 000a 00       		.ascii	"\000"
 1270 000b 01       		.ascii	"\001"
 1271 000c 00       		.ascii	"\000"
 1272 000d 01       		.ascii	"\001"
 1273 000e 00       		.ascii	"\000"
 1274 000f 01       		.ascii	"\001"
 1275 0010 00       		.ascii	"\000"
 1276              		.text
 1277              		.section	.gnu.lto_.opts,"e",%progbits
 1278 0000 272D666E 		.ascii	"'-fno-openmp' '-fno-openacc' '-fno-pie' '-fcf-prote"
 1278      6F2D6F70 
 1278      656E6D70 
 1278      2720272D 
 1278      666E6F2D 
 1279 0033 6374696F 		.ascii	"ction=none' '-g' '-mcpu=cortex-m4' '-mthumb' '-mno-"
 1279      6E3D6E6F 
 1279      6E652720 
 1279      272D6727 
 1279      20272D6D 
 1280 0066 7468756D 		.ascii	"thumb-interwork' '-mno-unaligned-access' '-mfloat-a"
 1280      622D696E 
 1280      74657277 
 1280      6F726B27 
 1280      20272D6D 
 1281 0099 62693D68 		.ascii	"bi=hard' '-mfpu=fpv4-sp-d16' '-mlibarch=armv7e-m+fp"
 1281      61726427 
 1281      20272D6D 
 1281      6670753D 
 1281      66707634 
 1282 00cc 2720272D 		.ascii	"' '-march=armv7e-m+fp' '-Os' '-Ofast' '-fsingle-pre"
 1282      6D617263 
 1282      683D6172 
 1282      6D763765 
 1282      2D6D2B66 
 1283 00ff 63697369 		.ascii	"cision-constant' '-fomit-frame-pointer' '-ffunction"
 1283      6F6E2D63 
 1283      6F6E7374 
 1283      616E7427 
 1283      20272D66 
 1284 0132 2D736563 		.ascii	"-sections' '-fdata-sections' '-fshort-wchar' '-fcom"
 1284      74696F6E 
 1284      73272027 
 1284      2D666461 
 1284      74612D73 
 1285 0165 6D6F6E27 		.ascii	"mon' '-flto' '-Xassembler' '-adhlns=.build/obj_karl"
 1285      20272D66 
 1285      6C746F27 
 1285      20272D58 
 1285      61737365 
 1286 0198 6B39305F 		.ascii	"k90_yaemk/lib/chibios/os/hal/src/hal_st.lst'\000"
 1286      7961656D 
 1286      6B2F6C69 
 1286      622F6368 
 1286      6962696F 
 1287              		.text
 1288              		.comm	__gnu_lto_slim,1,1
 1289              		.ident	"GCC: (15:10.3-2021.07-4) 10.3.1 20210621 (release)"
DEFINED SYMBOLS
                            *ABS*:0000000000000000 hal_st.c
     /tmp/ccO6MlgT.s:21     .gnu.debuglto_.debug_info:0000000000000000 hal_st.c.887968c9
                            *COM*:0000000000000001 __gnu_lto_slim

NO UNDEFINED SYMBOLS
