   1              		.cpu cortex-m4
   2              		.eabi_attribute 27, 1
   3              		.eabi_attribute 28, 1
   4              		.eabi_attribute 23, 1
   5              		.eabi_attribute 24, 1
   6              		.eabi_attribute 25, 1
   7              		.eabi_attribute 26, 1
   8              		.eabi_attribute 30, 2
   9              		.eabi_attribute 34, 0
  10              		.eabi_attribute 18, 2
  11              		.file	"hal_flash.c"
  12              		.file 1 "/usr/lib/gcc/arm-none-eabi/10.3.1/include/stddef.h"
  13              		.file 2 "/usr/lib/gcc/arm-none-eabi/10.3.1/include/stdint.h"
  14              		.file 3 "./lib/chibios/os/rt/include/chtime.h"
  15              		.file 4 "./lib/chibios/os/hal/include/hal_flash.h"
  16              		.file 5 "lib/chibios/os/hal/src/hal_flash.c"
  17              		.file 6 "./lib/chibios/os/hal/osal/rt-nil/osal.h"
  18              		.section	.gnu.debuglto_.debug_info,"e",%progbits
  19              	.Ldebug_info0:
  20              		.hidden	hal_flash.c.d04d9381
  21              		.weak	hal_flash.c.d04d9381
  22              	hal_flash.c.d04d9381:
  23 0000 96040000 		.4byte	0x496
  24 0004 0400     		.2byte	0x4
  25 0006 00000000 		.4byte	.Ldebug_abbrev0
  26 000a 04       		.byte	0x4
  27 000b 01       		.uleb128 0x1
  28 000c 83030000 		.4byte	.LASF64
  29 0010 0C       		.byte	0xc
  30 0011 BC010000 		.4byte	.LASF65
  31 0015 50030000 		.4byte	.LASF66
  32 0019 00000000 		.4byte	.Ldebug_line0
  33 001d 02       		.uleb128 0x2
  34 001e 04       		.byte	0x4
  35 001f 05       		.byte	0x5
  36 0020 696E7400 		.ascii	"int\000"
  37 0024 03       		.uleb128 0x3
  38 0025 79000000 		.4byte	.LASF6
  39 0029 01       		.byte	0x1
  40 002a D1       		.byte	0xd1
  41 002b 17       		.byte	0x17
  42 002c 30000000 		.4byte	0x30
  43 0030 04       		.uleb128 0x4
  44 0031 04       		.byte	0x4
  45 0032 07       		.byte	0x7
  46 0033 E7010000 		.4byte	.LASF0
  47 0037 04       		.uleb128 0x4
  48 0038 02       		.byte	0x2
  49 0039 07       		.byte	0x7
  50 003a 38020000 		.4byte	.LASF1
  51 003e 04       		.uleb128 0x4
  52 003f 01       		.byte	0x1
  53 0040 06       		.byte	0x6
  54 0041 A8010000 		.4byte	.LASF2
  55 0045 04       		.uleb128 0x4
  56 0046 02       		.byte	0x2
  57 0047 05       		.byte	0x5
  58 0048 6F000000 		.4byte	.LASF3
  59 004c 04       		.uleb128 0x4
  60 004d 04       		.byte	0x4
  61 004e 05       		.byte	0x5
  62 004f 4A010000 		.4byte	.LASF4
  63 0053 04       		.uleb128 0x4
  64 0054 08       		.byte	0x8
  65 0055 05       		.byte	0x5
  66 0056 09010000 		.4byte	.LASF5
  67 005a 03       		.uleb128 0x3
  68 005b C4000000 		.4byte	.LASF7
  69 005f 02       		.byte	0x2
  70 0060 2E       		.byte	0x2e
  71 0061 18       		.byte	0x18
  72 0062 6B000000 		.4byte	0x6b
  73 0066 05       		.uleb128 0x5
  74 0067 5A000000 		.4byte	0x5a
  75 006b 04       		.uleb128 0x4
  76 006c 01       		.byte	0x1
  77 006d 08       		.byte	0x8
  78 006e 84010000 		.4byte	.LASF8
  79 0072 03       		.uleb128 0x3
  80 0073 00000000 		.4byte	.LASF9
  81 0077 02       		.byte	0x2
  82 0078 34       		.byte	0x34
  83 0079 19       		.byte	0x19
  84 007a 7E000000 		.4byte	0x7e
  85 007e 04       		.uleb128 0x4
  86 007f 04       		.byte	0x4
  87 0080 07       		.byte	0x7
  88 0081 BD020000 		.4byte	.LASF10
  89 0085 03       		.uleb128 0x3
  90 0086 57000000 		.4byte	.LASF11
  91 008a 02       		.byte	0x2
  92 008b 37       		.byte	0x37
  93 008c 19       		.byte	0x19
  94 008d 91000000 		.4byte	0x91
  95 0091 04       		.uleb128 0x4
  96 0092 08       		.byte	0x8
  97 0093 07       		.byte	0x7
  98 0094 17010000 		.4byte	.LASF12
  99 0098 06       		.uleb128 0x6
 100 0099 04       		.byte	0x4
 101 009a 03       		.uleb128 0x3
 102 009b 96020000 		.4byte	.LASF13
 103 009f 03       		.byte	0x3
 104 00a0 79       		.byte	0x79
 105 00a1 12       		.byte	0x12
 106 00a2 72000000 		.4byte	0x72
 107 00a6 03       		.uleb128 0x3
 108 00a7 A4020000 		.4byte	.LASF14
 109 00ab 03       		.byte	0x3
 110 00ac 96       		.byte	0x96
 111 00ad 12       		.byte	0x12
 112 00ae 85000000 		.4byte	0x85
 113 00b2 04       		.uleb128 0x4
 114 00b3 01       		.byte	0x1
 115 00b4 08       		.byte	0x8
 116 00b5 71020000 		.4byte	.LASF15
 117 00b9 05       		.uleb128 0x5
 118 00ba B2000000 		.4byte	0xb2
 119 00be 07       		.uleb128 0x7
 120 00bf 04       		.byte	0x4
 121 00c0 5A000000 		.4byte	0x5a
 122 00c4 07       		.uleb128 0x7
 123 00c5 04       		.byte	0x4
 124 00c6 66000000 		.4byte	0x66
 125 00ca 04       		.uleb128 0x4
 126 00cb 01       		.byte	0x1
 127 00cc 02       		.byte	0x2
 128 00cd 90020000 		.4byte	.LASF16
 129 00d1 08       		.uleb128 0x8
 130 00d2 07       		.byte	0x7
 131 00d3 01       		.byte	0x1
 132 00d4 6B000000 		.4byte	0x6b
 133 00d8 04       		.byte	0x4
 134 00d9 57       		.byte	0x57
 135 00da 0E       		.byte	0xe
 136 00db 04010000 		.4byte	0x104
 137 00df 09       		.uleb128 0x9
 138 00e0 B0020000 		.4byte	.LASF17
 139 00e4 00       		.byte	0
 140 00e5 09       		.uleb128 0x9
 141 00e6 AC040000 		.4byte	.LASF18
 142 00ea 01       		.byte	0x1
 143 00eb 09       		.uleb128 0x9
 144 00ec F6020000 		.4byte	.LASF19
 145 00f0 02       		.byte	0x2
 146 00f1 09       		.uleb128 0x9
 147 00f2 85020000 		.4byte	.LASF20
 148 00f6 03       		.byte	0x3
 149 00f7 09       		.uleb128 0x9
 150 00f8 02030000 		.4byte	.LASF21
 151 00fc 04       		.byte	0x4
 152 00fd 09       		.uleb128 0x9
 153 00fe B8000000 		.4byte	.LASF22
 154 0102 05       		.byte	0x5
 155 0103 00       		.byte	0
 156 0104 03       		.uleb128 0x3
 157 0105 27000000 		.4byte	.LASF23
 158 0109 04       		.byte	0x4
 159 010a 5E       		.byte	0x5e
 160 010b 03       		.byte	0x3
 161 010c D1000000 		.4byte	0xd1
 162 0110 08       		.uleb128 0x8
 163 0111 07       		.byte	0x7
 164 0112 01       		.byte	0x1
 165 0113 6B000000 		.4byte	0x6b
 166 0117 04       		.byte	0x4
 167 0118 63       		.byte	0x63
 168 0119 0E       		.byte	0xe
 169 011a 4F010000 		.4byte	0x14f
 170 011e 09       		.uleb128 0x9
 171 011f 52020000 		.4byte	.LASF24
 172 0123 00       		.byte	0
 173 0124 09       		.uleb128 0x9
 174 0125 14020000 		.4byte	.LASF25
 175 0129 01       		.byte	0x1
 176 012a 09       		.uleb128 0x9
 177 012b 27020000 		.4byte	.LASF26
 178 012f 02       		.byte	0x2
 179 0130 09       		.uleb128 0x9
 180 0131 11030000 		.4byte	.LASF27
 181 0135 03       		.byte	0x3
 182 0136 09       		.uleb128 0x9
 183 0137 3F000000 		.4byte	.LASF28
 184 013b 04       		.byte	0x4
 185 013c 09       		.uleb128 0x9
 186 013d 33030000 		.4byte	.LASF29
 187 0141 05       		.byte	0x5
 188 0142 09       		.uleb128 0x9
 189 0143 53010000 		.4byte	.LASF30
 190 0147 06       		.byte	0x6
 191 0148 09       		.uleb128 0x9
 192 0149 EA000000 		.4byte	.LASF31
 193 014d 07       		.byte	0x7
 194 014e 00       		.byte	0
 195 014f 03       		.uleb128 0x3
 196 0150 25030000 		.4byte	.LASF32
 197 0154 04       		.byte	0x4
 198 0155 6C       		.byte	0x6c
 199 0156 03       		.byte	0x3
 200 0157 10010000 		.4byte	0x110
 201 015b 03       		.uleb128 0x3
 202 015c 76020000 		.4byte	.LASF33
 203 0160 04       		.byte	0x4
 204 0161 71       		.byte	0x71
 205 0162 12       		.byte	0x12
 206 0163 72000000 		.4byte	0x72
 207 0167 03       		.uleb128 0x3
 208 0168 A9000000 		.4byte	.LASF34
 209 016c 04       		.byte	0x4
 210 016d 76       		.byte	0x76
 211 016e 12       		.byte	0x12
 212 016f 72000000 		.4byte	0x72
 213 0173 0A       		.uleb128 0xa
 214 0174 08       		.byte	0x8
 215 0175 04       		.byte	0x4
 216 0176 7B       		.byte	0x7b
 217 0177 09       		.byte	0x9
 218 0178 97010000 		.4byte	0x197
 219 017c 0B       		.uleb128 0xb
 220 017d 4B020000 		.4byte	.LASF35
 221 0181 04       		.byte	0x4
 222 0182 7F       		.byte	0x7f
 223 0183 19       		.byte	0x19
 224 0184 5B010000 		.4byte	0x15b
 225 0188 00       		.byte	0
 226 0189 0B       		.uleb128 0xb
 227 018a F1020000 		.4byte	.LASF36
 228 018e 04       		.byte	0x4
 229 018f 83       		.byte	0x83
 230 0190 19       		.byte	0x19
 231 0191 72000000 		.4byte	0x72
 232 0195 04       		.byte	0x4
 233 0196 00       		.byte	0
 234 0197 03       		.uleb128 0x3
 235 0198 6A010000 		.4byte	.LASF37
 236 019c 04       		.byte	0x4
 237 019d 84       		.byte	0x84
 238 019e 03       		.byte	0x3
 239 019f 73010000 		.4byte	0x173
 240 01a3 05       		.uleb128 0x5
 241 01a4 97010000 		.4byte	0x197
 242 01a8 0A       		.uleb128 0xa
 243 01a9 1C       		.byte	0x1c
 244 01aa 04       		.byte	0x4
 245 01ab 89       		.byte	0x89
 246 01ac 09       		.byte	0x9
 247 01ad 0D020000 		.4byte	0x20d
 248 01b1 0B       		.uleb128 0xb
 249 01b2 1C000000 		.4byte	.LASF38
 250 01b6 04       		.byte	0x4
 251 01b7 8D       		.byte	0x8d
 252 01b8 19       		.byte	0x19
 253 01b9 72000000 		.4byte	0x72
 254 01bd 00       		.byte	0
 255 01be 0B       		.uleb128 0xb
 256 01bf 35000000 		.4byte	.LASF39
 257 01c3 04       		.byte	0x4
 258 01c4 91       		.byte	0x91
 259 01c5 19       		.byte	0x19
 260 01c6 72000000 		.4byte	0x72
 261 01ca 04       		.byte	0x4
 262 01cb 0B       		.uleb128 0xb
 263 01cc B7040000 		.4byte	.LASF40
 264 01d0 04       		.byte	0x4
 265 01d1 95       		.byte	0x95
 266 01d2 19       		.byte	0x19
 267 01d3 67010000 		.4byte	0x167
 268 01d7 08       		.byte	0x8
 269 01d8 0B       		.uleb128 0xb
 270 01d9 DF010000 		.4byte	.LASF41
 271 01dd 04       		.byte	0x4
 272 01de 9B       		.byte	0x9b
 273 01df 24       		.byte	0x24
 274 01e0 0D020000 		.4byte	0x20d
 275 01e4 0C       		.byte	0xc
 276 01e5 0B       		.uleb128 0xb
 277 01e6 F4010000 		.4byte	.LASF42
 278 01ea 04       		.byte	0x4
 279 01eb A1       		.byte	0xa1
 280 01ec 19       		.byte	0x19
 281 01ed 72000000 		.4byte	0x72
 282 01f1 10       		.byte	0x10
 283 01f2 0B       		.uleb128 0xb
 284 01f3 B4010000 		.4byte	.LASF43
 285 01f7 04       		.byte	0x4
 286 01f8 A6       		.byte	0xa6
 287 01f9 1A       		.byte	0x1a
 288 01fa BE000000 		.4byte	0xbe
 289 01fe 14       		.byte	0x14
 290 01ff 0B       		.uleb128 0xb
 291 0200 F1020000 		.4byte	.LASF36
 292 0204 04       		.byte	0x4
 293 0205 AA       		.byte	0xaa
 294 0206 19       		.byte	0x19
 295 0207 72000000 		.4byte	0x72
 296 020b 18       		.byte	0x18
 297 020c 00       		.byte	0
 298 020d 07       		.uleb128 0x7
 299 020e 04       		.byte	0x4
 300 020f A3010000 		.4byte	0x1a3
 301 0213 03       		.uleb128 0x3
 302 0214 01020000 		.4byte	.LASF44
 303 0218 04       		.byte	0x4
 304 0219 AB       		.byte	0xab
 305 021a 03       		.byte	0x3
 306 021b A8010000 		.4byte	0x1a8
 307 021f 05       		.uleb128 0x5
 308 0220 13020000 		.4byte	0x213
 309 0224 0C       		.uleb128 0xc
 310 0225 E4020000 		.4byte	.LASF67
 311 0229 20       		.byte	0x20
 312 022a 04       		.byte	0x4
 313 022b CC       		.byte	0xcc
 314 022c 08       		.byte	0x8
 315 022d 9A020000 		.4byte	0x29a
 316 0231 0B       		.uleb128 0xb
 317 0232 2E010000 		.4byte	.LASF45
 318 0236 04       		.byte	0x4
 319 0237 CD       		.byte	0xcd
 320 0238 03       		.byte	0x3
 321 0239 24000000 		.4byte	0x24
 322 023d 00       		.byte	0
 323 023e 0B       		.uleb128 0xb
 324 023f 60000000 		.4byte	.LASF46
 325 0243 04       		.byte	0x4
 326 0244 CD       		.byte	0xcd
 327 0245 03       		.byte	0x3
 328 0246 B4020000 		.4byte	0x2b4
 329 024a 04       		.byte	0x4
 330 024b 0B       		.uleb128 0xb
 331 024c 04010000 		.4byte	.LASF47
 332 0250 04       		.byte	0x4
 333 0251 CD       		.byte	0xcd
 334 0252 03       		.byte	0x3
 335 0253 D8020000 		.4byte	0x2d8
 336 0257 08       		.byte	0x8
 337 0258 0B       		.uleb128 0xb
 338 0259 CC000000 		.4byte	.LASF48
 339 025d 04       		.byte	0x4
 340 025e CD       		.byte	0xcd
 341 025f 03       		.byte	0x3
 342 0260 FC020000 		.4byte	0x2fc
 343 0264 0C       		.byte	0xc
 344 0265 0B       		.uleb128 0xb
 345 0266 99000000 		.4byte	.LASF49
 346 026a 04       		.byte	0x4
 347 026b CD       		.byte	0xcd
 348 026c 03       		.byte	0x3
 349 026d 11030000 		.4byte	0x311
 350 0271 10       		.byte	0x10
 351 0272 0B       		.uleb128 0xb
 352 0273 80000000 		.4byte	.LASF50
 353 0277 04       		.byte	0x4
 354 0278 CD       		.byte	0xcd
 355 0279 03       		.byte	0x3
 356 027a 2B030000 		.4byte	0x32b
 357 027e 14       		.byte	0x14
 358 027f 0B       		.uleb128 0xb
 359 0280 3E010000 		.4byte	.LASF51
 360 0284 04       		.byte	0x4
 361 0285 CD       		.byte	0xcd
 362 0286 03       		.byte	0x3
 363 0287 4B030000 		.4byte	0x34b
 364 028b 18       		.byte	0x18
 365 028c 0B       		.uleb128 0xb
 366 028d 9B010000 		.4byte	.LASF52
 367 0291 04       		.byte	0x4
 368 0292 CD       		.byte	0xcd
 369 0293 03       		.byte	0x3
 370 0294 2B030000 		.4byte	0x32b
 371 0298 1C       		.byte	0x1c
 372 0299 00       		.byte	0
 373 029a 05       		.uleb128 0x5
 374 029b 24020000 		.4byte	0x224
 375 029f 0D       		.uleb128 0xd
 376 02a0 AE020000 		.4byte	0x2ae
 377 02a4 AE020000 		.4byte	0x2ae
 378 02a8 0E       		.uleb128 0xe
 379 02a9 98000000 		.4byte	0x98
 380 02ad 00       		.byte	0
 381 02ae 07       		.uleb128 0x7
 382 02af 04       		.byte	0x4
 383 02b0 1F020000 		.4byte	0x21f
 384 02b4 07       		.uleb128 0x7
 385 02b5 04       		.byte	0x4
 386 02b6 9F020000 		.4byte	0x29f
 387 02ba 0D       		.uleb128 0xd
 388 02bb 4F010000 		.4byte	0x14f
 389 02bf D8020000 		.4byte	0x2d8
 390 02c3 0E       		.uleb128 0xe
 391 02c4 98000000 		.4byte	0x98
 392 02c8 0E       		.uleb128 0xe
 393 02c9 5B010000 		.4byte	0x15b
 394 02cd 0E       		.uleb128 0xe
 395 02ce 24000000 		.4byte	0x24
 396 02d2 0E       		.uleb128 0xe
 397 02d3 BE000000 		.4byte	0xbe
 398 02d7 00       		.byte	0
 399 02d8 07       		.uleb128 0x7
 400 02d9 04       		.byte	0x4
 401 02da BA020000 		.4byte	0x2ba
 402 02de 0D       		.uleb128 0xd
 403 02df 4F010000 		.4byte	0x14f
 404 02e3 FC020000 		.4byte	0x2fc
 405 02e7 0E       		.uleb128 0xe
 406 02e8 98000000 		.4byte	0x98
 407 02ec 0E       		.uleb128 0xe
 408 02ed 5B010000 		.4byte	0x15b
 409 02f1 0E       		.uleb128 0xe
 410 02f2 24000000 		.4byte	0x24
 411 02f6 0E       		.uleb128 0xe
 412 02f7 C4000000 		.4byte	0xc4
 413 02fb 00       		.byte	0
 414 02fc 07       		.uleb128 0x7
 415 02fd 04       		.byte	0x4
 416 02fe DE020000 		.4byte	0x2de
 417 0302 0D       		.uleb128 0xd
 418 0303 4F010000 		.4byte	0x14f
 419 0307 11030000 		.4byte	0x311
 420 030b 0E       		.uleb128 0xe
 421 030c 98000000 		.4byte	0x98
 422 0310 00       		.byte	0
 423 0311 07       		.uleb128 0x7
 424 0312 04       		.byte	0x4
 425 0313 02030000 		.4byte	0x302
 426 0317 0D       		.uleb128 0xd
 427 0318 4F010000 		.4byte	0x14f
 428 031c 2B030000 		.4byte	0x32b
 429 0320 0E       		.uleb128 0xe
 430 0321 98000000 		.4byte	0x98
 431 0325 0E       		.uleb128 0xe
 432 0326 67010000 		.4byte	0x167
 433 032a 00       		.byte	0
 434 032b 07       		.uleb128 0x7
 435 032c 04       		.byte	0x4
 436 032d 17030000 		.4byte	0x317
 437 0331 0D       		.uleb128 0xd
 438 0332 4F010000 		.4byte	0x14f
 439 0336 45030000 		.4byte	0x345
 440 033a 0E       		.uleb128 0xe
 441 033b 98000000 		.4byte	0x98
 442 033f 0E       		.uleb128 0xe
 443 0340 45030000 		.4byte	0x345
 444 0344 00       		.byte	0
 445 0345 07       		.uleb128 0x7
 446 0346 04       		.byte	0x4
 447 0347 72000000 		.4byte	0x72
 448 034b 07       		.uleb128 0x7
 449 034c 04       		.byte	0x4
 450 034d 31030000 		.4byte	0x331
 451 0351 0A       		.uleb128 0xa
 452 0352 08       		.byte	0x8
 453 0353 04       		.byte	0x4
 454 0354 DD       		.byte	0xdd
 455 0355 09       		.byte	0x9
 456 0356 75030000 		.4byte	0x375
 457 035a 0F       		.uleb128 0xf
 458 035b 766D7400 		.ascii	"vmt\000"
 459 035f 04       		.byte	0x4
 460 0360 DF       		.byte	0xdf
 461 0361 1E       		.byte	0x1e
 462 0362 75030000 		.4byte	0x375
 463 0366 00       		.byte	0
 464 0367 0B       		.uleb128 0xb
 465 0368 51000000 		.4byte	.LASF53
 466 036c 04       		.byte	0x4
 467 036d E0       		.byte	0xe0
 468 036e 03       		.byte	0x3
 469 036f 04010000 		.4byte	0x104
 470 0373 04       		.byte	0x4
 471 0374 00       		.byte	0
 472 0375 07       		.uleb128 0x7
 473 0376 04       		.byte	0x4
 474 0377 9A020000 		.4byte	0x29a
 475 037b 03       		.uleb128 0x3
 476 037c 46030000 		.4byte	.LASF54
 477 0380 04       		.byte	0x4
 478 0381 E1       		.byte	0xe1
 479 0382 03       		.byte	0x3
 480 0383 51030000 		.4byte	0x351
 481 0387 10       		.uleb128 0x10
 482 0388 09000000 		.4byte	.LASF58
 483 038c 05       		.byte	0x5
 484 038d 6D       		.byte	0x6d
 485 038e 0A       		.byte	0xa
 486 038f 72000000 		.4byte	0x72
 487 0393 D1030000 		.4byte	0x3d1
 488 0397 11       		.uleb128 0x11
 489 0398 0C030000 		.4byte	.LASF55
 490 039c 05       		.byte	0x5
 491 039d 6D       		.byte	0x6d
 492 039e 28       		.byte	0x28
 493 039f D1030000 		.4byte	0x3d1
 494 03a3 11       		.uleb128 0x11
 495 03a4 D4000000 		.4byte	.LASF56
 496 03a8 05       		.byte	0x5
 497 03a9 6E       		.byte	0x6e
 498 03aa 2C       		.byte	0x2c
 499 03ab 67010000 		.4byte	0x167
 500 03af 12       		.uleb128 0x12
 501 03b0 F1020000 		.4byte	.LASF36
 502 03b4 05       		.byte	0x5
 503 03b5 6F       		.byte	0x6f
 504 03b6 0C       		.byte	0xc
 505 03b7 72000000 		.4byte	0x72
 506 03bb 12       		.uleb128 0x12
 507 03bc C5040000 		.4byte	.LASF57
 508 03c0 05       		.byte	0x5
 509 03c1 70       		.byte	0x70
 510 03c2 1D       		.byte	0x1d
 511 03c3 AE020000 		.4byte	0x2ae
 512 03c7 13       		.uleb128 0x13
 513 03c8 92010000 		.4byte	.LASF60
 514 03cc E7030000 		.4byte	0x3e7
 515 03d0 00       		.byte	0
 516 03d1 07       		.uleb128 0x7
 517 03d2 04       		.byte	0x4
 518 03d3 7B030000 		.4byte	0x37b
 519 03d7 14       		.uleb128 0x14
 520 03d8 B9000000 		.4byte	0xb9
 521 03dc E7030000 		.4byte	0x3e7
 522 03e0 15       		.uleb128 0x15
 523 03e1 30000000 		.4byte	0x30
 524 03e5 12       		.byte	0x12
 525 03e6 00       		.byte	0
 526 03e7 05       		.uleb128 0x5
 527 03e8 D7030000 		.4byte	0x3d7
 528 03ec 10       		.uleb128 0x10
 529 03ed CF020000 		.4byte	.LASF59
 530 03f1 05       		.byte	0x5
 531 03f2 54       		.byte	0x54
 532 03f3 10       		.byte	0x10
 533 03f4 5B010000 		.4byte	0x15b
 534 03f8 36040000 		.4byte	0x436
 535 03fc 11       		.uleb128 0x11
 536 03fd 0C030000 		.4byte	.LASF55
 537 0401 05       		.byte	0x5
 538 0402 54       		.byte	0x54
 539 0403 30       		.byte	0x30
 540 0404 D1030000 		.4byte	0x3d1
 541 0408 11       		.uleb128 0x11
 542 0409 D4000000 		.4byte	.LASF56
 543 040d 05       		.byte	0x5
 544 040e 55       		.byte	0x55
 545 040f 34       		.byte	0x34
 546 0410 67010000 		.4byte	0x167
 547 0414 12       		.uleb128 0x12
 548 0415 4B020000 		.4byte	.LASF35
 549 0419 05       		.byte	0x5
 550 041a 56       		.byte	0x56
 551 041b 12       		.byte	0x12
 552 041c 5B010000 		.4byte	0x15b
 553 0420 12       		.uleb128 0x12
 554 0421 C5040000 		.4byte	.LASF57
 555 0425 05       		.byte	0x5
 556 0426 57       		.byte	0x57
 557 0427 1D       		.byte	0x1d
 558 0428 AE020000 		.4byte	0x2ae
 559 042c 13       		.uleb128 0x13
 560 042d 92010000 		.4byte	.LASF60
 561 0431 46040000 		.4byte	0x446
 562 0435 00       		.byte	0
 563 0436 14       		.uleb128 0x14
 564 0437 B9000000 		.4byte	0xb9
 565 043b 46040000 		.4byte	0x446
 566 043f 15       		.uleb128 0x15
 567 0440 30000000 		.4byte	0x30
 568 0444 14       		.byte	0x14
 569 0445 00       		.byte	0
 570 0446 05       		.uleb128 0x5
 571 0447 36040000 		.4byte	0x436
 572 044b 10       		.uleb128 0x10
 573 044c DB000000 		.4byte	.LASF61
 574 0450 05       		.byte	0x5
 575 0451 3B       		.byte	0x3b
 576 0452 0F       		.byte	0xf
 577 0453 4F010000 		.4byte	0x14f
 578 0457 82040000 		.4byte	0x482
 579 045b 11       		.uleb128 0x11
 580 045c 0C030000 		.4byte	.LASF55
 581 0460 05       		.byte	0x5
 582 0461 3B       		.byte	0x3b
 583 0462 29       		.byte	0x29
 584 0463 D1030000 		.4byte	0x3d1
 585 0467 16       		.uleb128 0x16
 586 0468 17       		.uleb128 0x17
 587 0469 65727200 		.ascii	"err\000"
 588 046d 05       		.byte	0x5
 589 046e 3E       		.byte	0x3e
 590 046f 13       		.byte	0x13
 591 0470 4F010000 		.4byte	0x14f
 592 0474 12       		.uleb128 0x12
 593 0475 7E030000 		.4byte	.LASF62
 594 0479 05       		.byte	0x5
 595 047a 3F       		.byte	0x3f
 596 047b 0E       		.byte	0xe
 597 047c 72000000 		.4byte	0x72
 598 0480 00       		.byte	0
 599 0481 00       		.byte	0
 600 0482 18       		.uleb128 0x18
 601 0483 61020000 		.4byte	.LASF68
 602 0487 06       		.byte	0x6
 603 0488 0E03     		.2byte	0x30e
 604 048a 14       		.byte	0x14
 605 048b 19       		.uleb128 0x19
 606 048c 93000000 		.4byte	.LASF63
 607 0490 06       		.byte	0x6
 608 0491 0E03     		.2byte	0x30e
 609 0493 32       		.byte	0x32
 610 0494 9A000000 		.4byte	0x9a
 611 0498 00       		.byte	0
 612 0499 00       		.byte	0
 613              		.section	.gnu.debuglto_.debug_abbrev,"e",%progbits
 614              	.Ldebug_abbrev0:
 615 0000 01       		.uleb128 0x1
 616 0001 11       		.uleb128 0x11
 617 0002 01       		.byte	0x1
 618 0003 25       		.uleb128 0x25
 619 0004 0E       		.uleb128 0xe
 620 0005 13       		.uleb128 0x13
 621 0006 0B       		.uleb128 0xb
 622 0007 03       		.uleb128 0x3
 623 0008 0E       		.uleb128 0xe
 624 0009 1B       		.uleb128 0x1b
 625 000a 0E       		.uleb128 0xe
 626 000b 10       		.uleb128 0x10
 627 000c 17       		.uleb128 0x17
 628 000d 00       		.byte	0
 629 000e 00       		.byte	0
 630 000f 02       		.uleb128 0x2
 631 0010 24       		.uleb128 0x24
 632 0011 00       		.byte	0
 633 0012 0B       		.uleb128 0xb
 634 0013 0B       		.uleb128 0xb
 635 0014 3E       		.uleb128 0x3e
 636 0015 0B       		.uleb128 0xb
 637 0016 03       		.uleb128 0x3
 638 0017 08       		.uleb128 0x8
 639 0018 00       		.byte	0
 640 0019 00       		.byte	0
 641 001a 03       		.uleb128 0x3
 642 001b 16       		.uleb128 0x16
 643 001c 00       		.byte	0
 644 001d 03       		.uleb128 0x3
 645 001e 0E       		.uleb128 0xe
 646 001f 3A       		.uleb128 0x3a
 647 0020 0B       		.uleb128 0xb
 648 0021 3B       		.uleb128 0x3b
 649 0022 0B       		.uleb128 0xb
 650 0023 39       		.uleb128 0x39
 651 0024 0B       		.uleb128 0xb
 652 0025 49       		.uleb128 0x49
 653 0026 13       		.uleb128 0x13
 654 0027 00       		.byte	0
 655 0028 00       		.byte	0
 656 0029 04       		.uleb128 0x4
 657 002a 24       		.uleb128 0x24
 658 002b 00       		.byte	0
 659 002c 0B       		.uleb128 0xb
 660 002d 0B       		.uleb128 0xb
 661 002e 3E       		.uleb128 0x3e
 662 002f 0B       		.uleb128 0xb
 663 0030 03       		.uleb128 0x3
 664 0031 0E       		.uleb128 0xe
 665 0032 00       		.byte	0
 666 0033 00       		.byte	0
 667 0034 05       		.uleb128 0x5
 668 0035 26       		.uleb128 0x26
 669 0036 00       		.byte	0
 670 0037 49       		.uleb128 0x49
 671 0038 13       		.uleb128 0x13
 672 0039 00       		.byte	0
 673 003a 00       		.byte	0
 674 003b 06       		.uleb128 0x6
 675 003c 0F       		.uleb128 0xf
 676 003d 00       		.byte	0
 677 003e 0B       		.uleb128 0xb
 678 003f 0B       		.uleb128 0xb
 679 0040 00       		.byte	0
 680 0041 00       		.byte	0
 681 0042 07       		.uleb128 0x7
 682 0043 0F       		.uleb128 0xf
 683 0044 00       		.byte	0
 684 0045 0B       		.uleb128 0xb
 685 0046 0B       		.uleb128 0xb
 686 0047 49       		.uleb128 0x49
 687 0048 13       		.uleb128 0x13
 688 0049 00       		.byte	0
 689 004a 00       		.byte	0
 690 004b 08       		.uleb128 0x8
 691 004c 04       		.uleb128 0x4
 692 004d 01       		.byte	0x1
 693 004e 3E       		.uleb128 0x3e
 694 004f 0B       		.uleb128 0xb
 695 0050 0B       		.uleb128 0xb
 696 0051 0B       		.uleb128 0xb
 697 0052 49       		.uleb128 0x49
 698 0053 13       		.uleb128 0x13
 699 0054 3A       		.uleb128 0x3a
 700 0055 0B       		.uleb128 0xb
 701 0056 3B       		.uleb128 0x3b
 702 0057 0B       		.uleb128 0xb
 703 0058 39       		.uleb128 0x39
 704 0059 0B       		.uleb128 0xb
 705 005a 01       		.uleb128 0x1
 706 005b 13       		.uleb128 0x13
 707 005c 00       		.byte	0
 708 005d 00       		.byte	0
 709 005e 09       		.uleb128 0x9
 710 005f 28       		.uleb128 0x28
 711 0060 00       		.byte	0
 712 0061 03       		.uleb128 0x3
 713 0062 0E       		.uleb128 0xe
 714 0063 1C       		.uleb128 0x1c
 715 0064 0B       		.uleb128 0xb
 716 0065 00       		.byte	0
 717 0066 00       		.byte	0
 718 0067 0A       		.uleb128 0xa
 719 0068 13       		.uleb128 0x13
 720 0069 01       		.byte	0x1
 721 006a 0B       		.uleb128 0xb
 722 006b 0B       		.uleb128 0xb
 723 006c 3A       		.uleb128 0x3a
 724 006d 0B       		.uleb128 0xb
 725 006e 3B       		.uleb128 0x3b
 726 006f 0B       		.uleb128 0xb
 727 0070 39       		.uleb128 0x39
 728 0071 0B       		.uleb128 0xb
 729 0072 01       		.uleb128 0x1
 730 0073 13       		.uleb128 0x13
 731 0074 00       		.byte	0
 732 0075 00       		.byte	0
 733 0076 0B       		.uleb128 0xb
 734 0077 0D       		.uleb128 0xd
 735 0078 00       		.byte	0
 736 0079 03       		.uleb128 0x3
 737 007a 0E       		.uleb128 0xe
 738 007b 3A       		.uleb128 0x3a
 739 007c 0B       		.uleb128 0xb
 740 007d 3B       		.uleb128 0x3b
 741 007e 0B       		.uleb128 0xb
 742 007f 39       		.uleb128 0x39
 743 0080 0B       		.uleb128 0xb
 744 0081 49       		.uleb128 0x49
 745 0082 13       		.uleb128 0x13
 746 0083 38       		.uleb128 0x38
 747 0084 0B       		.uleb128 0xb
 748 0085 00       		.byte	0
 749 0086 00       		.byte	0
 750 0087 0C       		.uleb128 0xc
 751 0088 13       		.uleb128 0x13
 752 0089 01       		.byte	0x1
 753 008a 03       		.uleb128 0x3
 754 008b 0E       		.uleb128 0xe
 755 008c 0B       		.uleb128 0xb
 756 008d 0B       		.uleb128 0xb
 757 008e 3A       		.uleb128 0x3a
 758 008f 0B       		.uleb128 0xb
 759 0090 3B       		.uleb128 0x3b
 760 0091 0B       		.uleb128 0xb
 761 0092 39       		.uleb128 0x39
 762 0093 0B       		.uleb128 0xb
 763 0094 01       		.uleb128 0x1
 764 0095 13       		.uleb128 0x13
 765 0096 00       		.byte	0
 766 0097 00       		.byte	0
 767 0098 0D       		.uleb128 0xd
 768 0099 15       		.uleb128 0x15
 769 009a 01       		.byte	0x1
 770 009b 27       		.uleb128 0x27
 771 009c 19       		.uleb128 0x19
 772 009d 49       		.uleb128 0x49
 773 009e 13       		.uleb128 0x13
 774 009f 01       		.uleb128 0x1
 775 00a0 13       		.uleb128 0x13
 776 00a1 00       		.byte	0
 777 00a2 00       		.byte	0
 778 00a3 0E       		.uleb128 0xe
 779 00a4 05       		.uleb128 0x5
 780 00a5 00       		.byte	0
 781 00a6 49       		.uleb128 0x49
 782 00a7 13       		.uleb128 0x13
 783 00a8 00       		.byte	0
 784 00a9 00       		.byte	0
 785 00aa 0F       		.uleb128 0xf
 786 00ab 0D       		.uleb128 0xd
 787 00ac 00       		.byte	0
 788 00ad 03       		.uleb128 0x3
 789 00ae 08       		.uleb128 0x8
 790 00af 3A       		.uleb128 0x3a
 791 00b0 0B       		.uleb128 0xb
 792 00b1 3B       		.uleb128 0x3b
 793 00b2 0B       		.uleb128 0xb
 794 00b3 39       		.uleb128 0x39
 795 00b4 0B       		.uleb128 0xb
 796 00b5 49       		.uleb128 0x49
 797 00b6 13       		.uleb128 0x13
 798 00b7 38       		.uleb128 0x38
 799 00b8 0B       		.uleb128 0xb
 800 00b9 00       		.byte	0
 801 00ba 00       		.byte	0
 802 00bb 10       		.uleb128 0x10
 803 00bc 2E       		.uleb128 0x2e
 804 00bd 01       		.byte	0x1
 805 00be 3F       		.uleb128 0x3f
 806 00bf 19       		.uleb128 0x19
 807 00c0 03       		.uleb128 0x3
 808 00c1 0E       		.uleb128 0xe
 809 00c2 3A       		.uleb128 0x3a
 810 00c3 0B       		.uleb128 0xb
 811 00c4 3B       		.uleb128 0x3b
 812 00c5 0B       		.uleb128 0xb
 813 00c6 39       		.uleb128 0x39
 814 00c7 0B       		.uleb128 0xb
 815 00c8 27       		.uleb128 0x27
 816 00c9 19       		.uleb128 0x19
 817 00ca 49       		.uleb128 0x49
 818 00cb 13       		.uleb128 0x13
 819 00cc 01       		.uleb128 0x1
 820 00cd 13       		.uleb128 0x13
 821 00ce 00       		.byte	0
 822 00cf 00       		.byte	0
 823 00d0 11       		.uleb128 0x11
 824 00d1 05       		.uleb128 0x5
 825 00d2 00       		.byte	0
 826 00d3 03       		.uleb128 0x3
 827 00d4 0E       		.uleb128 0xe
 828 00d5 3A       		.uleb128 0x3a
 829 00d6 0B       		.uleb128 0xb
 830 00d7 3B       		.uleb128 0x3b
 831 00d8 0B       		.uleb128 0xb
 832 00d9 39       		.uleb128 0x39
 833 00da 0B       		.uleb128 0xb
 834 00db 49       		.uleb128 0x49
 835 00dc 13       		.uleb128 0x13
 836 00dd 00       		.byte	0
 837 00de 00       		.byte	0
 838 00df 12       		.uleb128 0x12
 839 00e0 34       		.uleb128 0x34
 840 00e1 00       		.byte	0
 841 00e2 03       		.uleb128 0x3
 842 00e3 0E       		.uleb128 0xe
 843 00e4 3A       		.uleb128 0x3a
 844 00e5 0B       		.uleb128 0xb
 845 00e6 3B       		.uleb128 0x3b
 846 00e7 0B       		.uleb128 0xb
 847 00e8 39       		.uleb128 0x39
 848 00e9 0B       		.uleb128 0xb
 849 00ea 49       		.uleb128 0x49
 850 00eb 13       		.uleb128 0x13
 851 00ec 00       		.byte	0
 852 00ed 00       		.byte	0
 853 00ee 13       		.uleb128 0x13
 854 00ef 34       		.uleb128 0x34
 855 00f0 00       		.byte	0
 856 00f1 03       		.uleb128 0x3
 857 00f2 0E       		.uleb128 0xe
 858 00f3 49       		.uleb128 0x49
 859 00f4 13       		.uleb128 0x13
 860 00f5 34       		.uleb128 0x34
 861 00f6 19       		.uleb128 0x19
 862 00f7 00       		.byte	0
 863 00f8 00       		.byte	0
 864 00f9 14       		.uleb128 0x14
 865 00fa 01       		.uleb128 0x1
 866 00fb 01       		.byte	0x1
 867 00fc 49       		.uleb128 0x49
 868 00fd 13       		.uleb128 0x13
 869 00fe 01       		.uleb128 0x1
 870 00ff 13       		.uleb128 0x13
 871 0100 00       		.byte	0
 872 0101 00       		.byte	0
 873 0102 15       		.uleb128 0x15
 874 0103 21       		.uleb128 0x21
 875 0104 00       		.byte	0
 876 0105 49       		.uleb128 0x49
 877 0106 13       		.uleb128 0x13
 878 0107 2F       		.uleb128 0x2f
 879 0108 0B       		.uleb128 0xb
 880 0109 00       		.byte	0
 881 010a 00       		.byte	0
 882 010b 16       		.uleb128 0x16
 883 010c 0B       		.uleb128 0xb
 884 010d 01       		.byte	0x1
 885 010e 00       		.byte	0
 886 010f 00       		.byte	0
 887 0110 17       		.uleb128 0x17
 888 0111 34       		.uleb128 0x34
 889 0112 00       		.byte	0
 890 0113 03       		.uleb128 0x3
 891 0114 08       		.uleb128 0x8
 892 0115 3A       		.uleb128 0x3a
 893 0116 0B       		.uleb128 0xb
 894 0117 3B       		.uleb128 0x3b
 895 0118 0B       		.uleb128 0xb
 896 0119 39       		.uleb128 0x39
 897 011a 0B       		.uleb128 0xb
 898 011b 49       		.uleb128 0x49
 899 011c 13       		.uleb128 0x13
 900 011d 00       		.byte	0
 901 011e 00       		.byte	0
 902 011f 18       		.uleb128 0x18
 903 0120 2E       		.uleb128 0x2e
 904 0121 01       		.byte	0x1
 905 0122 03       		.uleb128 0x3
 906 0123 0E       		.uleb128 0xe
 907 0124 3A       		.uleb128 0x3a
 908 0125 0B       		.uleb128 0xb
 909 0126 3B       		.uleb128 0x3b
 910 0127 05       		.uleb128 0x5
 911 0128 39       		.uleb128 0x39
 912 0129 0B       		.uleb128 0xb
 913 012a 27       		.uleb128 0x27
 914 012b 19       		.uleb128 0x19
 915 012c 00       		.byte	0
 916 012d 00       		.byte	0
 917 012e 19       		.uleb128 0x19
 918 012f 05       		.uleb128 0x5
 919 0130 00       		.byte	0
 920 0131 03       		.uleb128 0x3
 921 0132 0E       		.uleb128 0xe
 922 0133 3A       		.uleb128 0x3a
 923 0134 0B       		.uleb128 0xb
 924 0135 3B       		.uleb128 0x3b
 925 0136 05       		.uleb128 0x5
 926 0137 39       		.uleb128 0x39
 927 0138 0B       		.uleb128 0xb
 928 0139 49       		.uleb128 0x49
 929 013a 13       		.uleb128 0x13
 930 013b 00       		.byte	0
 931 013c 00       		.byte	0
 932 013d 00       		.byte	0
 933              		.section	.gnu.debuglto_.debug_line,"e",%progbits
 934              	.Ldebug_line0:
 935 0000 FB000000 		.4byte	.LELT0-.LSLT0
 936              	.LSLT0:
 937 0004 0400     		.2byte	0x4
 938 0006 F5000000 		.4byte	.LELTP0-.LASLTP0
 939              	.LASLTP0:
 940 000a 01       		.byte	0x1
 941 000b 01       		.byte	0x1
 942 000c 01       		.byte	0x1
 943 000d F6       		.byte	0xf6
 944 000e F2       		.byte	0xf2
 945 000f 0D       		.byte	0xd
 946 0010 00       		.byte	0
 947 0011 01       		.byte	0x1
 948 0012 01       		.byte	0x1
 949 0013 01       		.byte	0x1
 950 0014 01       		.byte	0x1
 951 0015 00       		.byte	0
 952 0016 00       		.byte	0
 953 0017 00       		.byte	0
 954 0018 01       		.byte	0x1
 955 0019 00       		.byte	0
 956 001a 00       		.byte	0
 957 001b 01       		.byte	0x1
 958 001c 6C69622F 		.ascii	"lib/chibios/os/hal/include"
 958      63686962 
 958      696F732F 
 958      6F732F68 
 958      616C2F69 
 959 0036 00       		.byte	0
 960 0037 6C69622F 		.ascii	"lib/chibios/os/hal/osal/rt-nil"
 960      63686962 
 960      696F732F 
 960      6F732F68 
 960      616C2F6F 
 961 0055 00       		.byte	0
 962 0056 6C69622F 		.ascii	"lib/chibios/os/hal/src"
 962      63686962 
 962      696F732F 
 962      6F732F68 
 962      616C2F73 
 963 006c 00       		.byte	0
 964 006d 6C69622F 		.ascii	"lib/chibios/os/rt/include"
 964      63686962 
 964      696F732F 
 964      6F732F72 
 964      742F696E 
 965 0086 00       		.byte	0
 966 0087 2F757372 		.ascii	"/usr/lib/gcc/arm-none-eabi/10.3.1/include"
 966      2F6C6962 
 966      2F676363 
 966      2F61726D 
 966      2D6E6F6E 
 967 00b0 00       		.byte	0
 968 00b1 00       		.byte	0
 969 00b2 73746464 		.ascii	"stddef.h\000"
 969      65662E68 
 969      00
 970 00bb 05       		.uleb128 0x5
 971 00bc 00       		.uleb128 0
 972 00bd 00       		.uleb128 0
 973 00be 73746469 		.ascii	"stdint.h\000"
 973      6E742E68 
 973      00
 974 00c7 05       		.uleb128 0x5
 975 00c8 00       		.uleb128 0
 976 00c9 00       		.uleb128 0
 977 00ca 63687469 		.ascii	"chtime.h\000"
 977      6D652E68 
 977      00
 978 00d3 04       		.uleb128 0x4
 979 00d4 00       		.uleb128 0
 980 00d5 00       		.uleb128 0
 981 00d6 68616C5F 		.ascii	"hal_flash.h\000"
 981      666C6173 
 981      682E6800 
 982 00e2 01       		.uleb128 0x1
 983 00e3 00       		.uleb128 0
 984 00e4 00       		.uleb128 0
 985 00e5 68616C5F 		.ascii	"hal_flash.c\000"
 985      666C6173 
 985      682E6300 
 986 00f1 03       		.uleb128 0x3
 987 00f2 00       		.uleb128 0
 988 00f3 00       		.uleb128 0
 989 00f4 6F73616C 		.ascii	"osal.h\000"
 989      2E6800
 990 00fb 02       		.uleb128 0x2
 991 00fc 00       		.uleb128 0
 992 00fd 00       		.uleb128 0
 993 00fe 00       		.byte	0
 994              	.LELTP0:
 995              	.LELT0:
 996              		.section	.gnu.debuglto_.debug_str,"eMS",%progbits,1
 997              	.LASF9:
 998 0000 75696E74 		.ascii	"uint32_t\000"
 998      33325F74 
 998      00
 999              	.LASF58:
 1000 0009 666C6173 		.ascii	"flashGetSectorSize\000"
 1000      68476574 
 1000      53656374 
 1000      6F725369 
 1000      7A6500
 1001              	.LASF38:
 1002 001c 61747472 		.ascii	"attributes\000"
 1002      69627574 
 1002      657300
 1003              	.LASF23:
 1004 0027 666C6173 		.ascii	"flash_state_t\000"
 1004      685F7374 
 1004      6174655F 
 1004      7400
 1005              	.LASF39:
 1006 0035 70616765 		.ascii	"page_size\000"
 1006      5F73697A 
 1006      6500
 1007              	.LASF28:
 1008 003f 464C4153 		.ascii	"FLASH_ERROR_ERASE\000"
 1008      485F4552 
 1008      524F525F 
 1008      45524153 
 1008      4500
 1009              	.LASF53:
 1010 0051 73746174 		.ascii	"state\000"
 1010      6500
 1011              	.LASF11:
 1012 0057 75696E74 		.ascii	"uint64_t\000"
 1012      36345F74 
 1012      00
 1013              	.LASF46:
 1014 0060 6765745F 		.ascii	"get_descriptor\000"
 1014      64657363 
 1014      72697074 
 1014      6F7200
 1015              	.LASF3:
 1016 006f 73686F72 		.ascii	"short int\000"
 1016      7420696E 
 1016      7400
 1017              	.LASF6:
 1018 0079 73697A65 		.ascii	"size_t\000"
 1018      5F7400
 1019              	.LASF50:
 1020 0080 73746172 		.ascii	"start_erase_sector\000"
 1020      745F6572 
 1020      6173655F 
 1020      73656374 
 1020      6F7200
 1021              	.LASF63:
 1022 0093 64656C61 		.ascii	"delay\000"
 1022      7900
 1023              	.LASF49:
 1024 0099 73746172 		.ascii	"start_erase_all\000"
 1024      745F6572 
 1024      6173655F 
 1024      616C6C00 
 1025              	.LASF34:
 1026 00a9 666C6173 		.ascii	"flash_sector_t\000"
 1026      685F7365 
 1026      63746F72 
 1026      5F7400
 1027              	.LASF22:
 1028 00b8 464C4153 		.ascii	"FLASH_ERASE\000"
 1028      485F4552 
 1028      41534500 
 1029              	.LASF7:
 1030 00c4 75696E74 		.ascii	"uint8_t\000"
 1030      385F7400 
 1031              	.LASF48:
 1032 00cc 70726F67 		.ascii	"program\000"
 1032      72616D00 
 1033              	.LASF56:
 1034 00d4 73656374 		.ascii	"sector\000"
 1034      6F7200
 1035              	.LASF61:
 1036 00db 666C6173 		.ascii	"flashWaitErase\000"
 1036      68576169 
 1036      74457261 
 1036      736500
 1037              	.LASF31:
 1038 00ea 464C4153 		.ascii	"FLASH_ERROR_UNIMPLEMENTED\000"
 1038      485F4552 
 1038      524F525F 
 1038      554E494D 
 1038      504C454D 
 1039              	.LASF47:
 1040 0104 72656164 		.ascii	"read\000"
 1040      00
 1041              	.LASF5:
 1042 0109 6C6F6E67 		.ascii	"long long int\000"
 1042      206C6F6E 
 1042      6720696E 
 1042      7400
 1043              	.LASF12:
 1044 0117 6C6F6E67 		.ascii	"long long unsigned int\000"
 1044      206C6F6E 
 1044      6720756E 
 1044      7369676E 
 1044      65642069 
 1045              	.LASF45:
 1046 012e 696E7374 		.ascii	"instance_offset\000"
 1046      616E6365 
 1046      5F6F6666 
 1046      73657400 
 1047              	.LASF51:
 1048 013e 71756572 		.ascii	"query_erase\000"
 1048      795F6572 
 1048      61736500 
 1049              	.LASF4:
 1050 014a 6C6F6E67 		.ascii	"long int\000"
 1050      20696E74 
 1050      00
 1051              	.LASF30:
 1052 0153 464C4153 		.ascii	"FLASH_ERROR_HW_FAILURE\000"
 1052      485F4552 
 1052      524F525F 
 1052      48575F46 
 1052      41494C55 
 1053              	.LASF37:
 1054 016a 666C6173 		.ascii	"flash_sector_descriptor_t\000"
 1054      685F7365 
 1054      63746F72 
 1054      5F646573 
 1054      63726970 
 1055              	.LASF8:
 1056 0184 756E7369 		.ascii	"unsigned char\000"
 1056      676E6564 
 1056      20636861 
 1056      7200
 1057              	.LASF60:
 1058 0192 5F5F6675 		.ascii	"__func__\000"
 1058      6E635F5F 
 1058      00
 1059              	.LASF52:
 1060 019b 76657269 		.ascii	"verify_erase\000"
 1060      66795F65 
 1060      72617365 
 1060      00
 1061              	.LASF2:
 1062 01a8 7369676E 		.ascii	"signed char\000"
 1062      65642063 
 1062      68617200 
 1063              	.LASF43:
 1064 01b4 61646472 		.ascii	"address\000"
 1064      65737300 
 1065              	.LASF65:
 1066 01bc 6C69622F 		.ascii	"lib/chibios/os/hal/src/hal_flash.c\000"
 1066      63686962 
 1066      696F732F 
 1066      6F732F68 
 1066      616C2F73 
 1067              	.LASF41:
 1068 01df 73656374 		.ascii	"sectors\000"
 1068      6F727300 
 1069              	.LASF0:
 1070 01e7 756E7369 		.ascii	"unsigned int\000"
 1070      676E6564 
 1070      20696E74 
 1070      00
 1071              	.LASF42:
 1072 01f4 73656374 		.ascii	"sectors_size\000"
 1072      6F72735F 
 1072      73697A65 
 1072      00
 1073              	.LASF44:
 1074 0201 666C6173 		.ascii	"flash_descriptor_t\000"
 1074      685F6465 
 1074      73637269 
 1074      70746F72 
 1074      5F7400
 1075              	.LASF25:
 1076 0214 464C4153 		.ascii	"FLASH_BUSY_ERASING\000"
 1076      485F4255 
 1076      53595F45 
 1076      52415349 
 1076      4E4700
 1077              	.LASF26:
 1078 0227 464C4153 		.ascii	"FLASH_ERROR_READ\000"
 1078      485F4552 
 1078      524F525F 
 1078      52454144 
 1078      00
 1079              	.LASF1:
 1080 0238 73686F72 		.ascii	"short unsigned int\000"
 1080      7420756E 
 1080      7369676E 
 1080      65642069 
 1080      6E7400
 1081              	.LASF35:
 1082 024b 6F666673 		.ascii	"offset\000"
 1082      657400
 1083              	.LASF24:
 1084 0252 464C4153 		.ascii	"FLASH_NO_ERROR\000"
 1084      485F4E4F 
 1084      5F455252 
 1084      4F5200
 1085              	.LASF68:
 1086 0261 6F73616C 		.ascii	"osalThreadSleep\000"
 1086      54687265 
 1086      6164536C 
 1086      65657000 
 1087              	.LASF15:
 1088 0271 63686172 		.ascii	"char\000"
 1088      00
 1089              	.LASF33:
 1090 0276 666C6173 		.ascii	"flash_offset_t\000"
 1090      685F6F66 
 1090      66736574 
 1090      5F7400
 1091              	.LASF20:
 1092 0285 464C4153 		.ascii	"FLASH_READ\000"
 1092      485F5245 
 1092      414400
 1093              	.LASF16:
 1094 0290 5F426F6F 		.ascii	"_Bool\000"
 1094      6C00
 1095              	.LASF13:
 1096 0296 73797369 		.ascii	"sysinterval_t\000"
 1096      6E746572 
 1096      76616C5F 
 1096      7400
 1097              	.LASF14:
 1098 02a4 74696D65 		.ascii	"time_conv_t\000"
 1098      5F636F6E 
 1098      765F7400 
 1099              	.LASF17:
 1100 02b0 464C4153 		.ascii	"FLASH_UNINIT\000"
 1100      485F554E 
 1100      494E4954 
 1100      00
 1101              	.LASF10:
 1102 02bd 6C6F6E67 		.ascii	"long unsigned int\000"
 1102      20756E73 
 1102      69676E65 
 1102      6420696E 
 1102      7400
 1103              	.LASF59:
 1104 02cf 666C6173 		.ascii	"flashGetSectorOffset\000"
 1104      68476574 
 1104      53656374 
 1104      6F724F66 
 1104      66736574 
 1105              	.LASF67:
 1106 02e4 42617365 		.ascii	"BaseFlashVMT\000"
 1106      466C6173 
 1106      68564D54 
 1106      00
 1107              	.LASF36:
 1108 02f1 73697A65 		.ascii	"size\000"
 1108      00
 1109              	.LASF19:
 1110 02f6 464C4153 		.ascii	"FLASH_READY\000"
 1110      485F5245 
 1110      41445900 
 1111              	.LASF21:
 1112 0302 464C4153 		.ascii	"FLASH_PGM\000"
 1112      485F5047 
 1112      4D00
 1113              	.LASF55:
 1114 030c 64657670 		.ascii	"devp\000"
 1114      00
 1115              	.LASF27:
 1116 0311 464C4153 		.ascii	"FLASH_ERROR_PROGRAM\000"
 1116      485F4552 
 1116      524F525F 
 1116      50524F47 
 1116      52414D00 
 1117              	.LASF32:
 1118 0325 666C6173 		.ascii	"flash_error_t\000"
 1118      685F6572 
 1118      726F725F 
 1118      7400
 1119              	.LASF29:
 1120 0333 464C4153 		.ascii	"FLASH_ERROR_VERIFY\000"
 1120      485F4552 
 1120      524F525F 
 1120      56455249 
 1120      465900
 1121              	.LASF54:
 1122 0346 42617365 		.ascii	"BaseFlash\000"
 1122      466C6173 
 1122      6800
 1123              	.LASF66:
 1124 0350 2F686F6D 		.ascii	"/home/jstewart/source/yaemk-split-kb/Firmware\000"
 1124      652F6A73 
 1124      74657761 
 1124      72742F73 
 1124      6F757263 
 1125              	.LASF62:
 1126 037e 6D736563 		.ascii	"msec\000"
 1126      00
 1127              	.LASF64:
 1128 0383 474E5520 		.ascii	"GNU C99 10.3.1 20210621 (release) -mcpu=cortex-m4 -"
 1128      43393920 
 1128      31302E33 
 1128      2E312032 
 1128      30323130 
 1129 03b6 6D746875 		.ascii	"mthumb -mno-thumb-interwork -mno-unaligned-access -"
 1129      6D62202D 
 1129      6D6E6F2D 
 1129      7468756D 
 1129      622D696E 
 1130 03e9 6D666C6F 		.ascii	"mfloat-abi=hard -mfpu=fpv4-sp-d16 -march=armv7e-m+f"
 1130      61742D61 
 1130      62693D68 
 1130      61726420 
 1130      2D6D6670 
 1131 041c 70202D67 		.ascii	"p -ggdb -Os -Ofast -std=gnu99 -fsingle-precision-co"
 1131      67646220 
 1131      2D4F7320 
 1131      2D4F6661 
 1131      7374202D 
 1132 044f 6E737461 		.ascii	"nstant -fomit-frame-pointer -ffunction-sections -fd"
 1132      6E74202D 
 1132      666F6D69 
 1132      742D6672 
 1132      616D652D 
 1133 0482 6174612D 		.ascii	"ata-sections -fshort-wchar -fcommon -flto\000"
 1133      73656374 
 1133      696F6E73 
 1133      202D6673 
 1133      686F7274 
 1134              	.LASF18:
 1135 04ac 464C4153 		.ascii	"FLASH_STOP\000"
 1135      485F5354 
 1135      4F5000
 1136              	.LASF40:
 1137 04b7 73656374 		.ascii	"sectors_count\000"
 1137      6F72735F 
 1137      636F756E 
 1137      7400
 1138              	.LASF57:
 1139 04c5 64657363 		.ascii	"descriptor\000"
 1139      72697074 
 1139      6F7200
 1140              		.text
 1141              		.section	.gnu.lto_.profile.3906628a09e45ee3,"e",%progbits
 1142 0000 789CE360 		.ascii	"x\234\343`\000\002f\006\006F\006&\006\000\000\211\000"
 1142      00026606 
 1142      06460626 
 1142      06000089 
 1142      00
 1143 0011 0F       		.ascii	"\017"
 1144              		.text
 1145              		.section	.gnu.lto_.icf.3906628a09e45ee3,"e",%progbits
 1146 0000 789C1361 		.ascii	"x\234\023a@\000f\206\245wn\037\342f|}\341\303df\246"
 1146      40006686 
 1146      A5776E1F 
 1146      E2667C7D 
 1146      E1C36466 
 1147 0015 9B777F3C 		.ascii	"\233w\177<\345c\000\000i~\012&"
 1147      E5630000 
 1147      697E0A26 
 1148              		.text
 1149              		.section	.gnu.lto_.ipa_sra.3906628a09e45ee3,"e",%progbits
 1150 0000 789CF361 		.ascii	"x\234\363a@\000f\006F \311\002\244\230\030\033X\240"
 1150      40006606 
 1150      4620C902 
 1150      A498181B 
 1150      58A0
 1151 0012 8240F612 		.ascii	"\202@\366\022f\206%\314\214\014,\214\034,l`u\214\020"
 1151      668625CC 
 1151      8C0C2C8C 
 1151      1C2C6C60 
 1151      758C10
 1152 0025 6926DC52 		.ascii	"i&\334R\014\000\273\342\004\307"
 1152      0C00BBE2 
 1152      04C7
 1153              		.text
 1154              		.section	.gnu.lto_.inline.3906628a09e45ee3,"e",%progbits
 1155 0000 789C7BCD 		.ascii	"x\234{\315\200\000\314\014,\302\357\216\256;\314\224"
 1155      8000CC0C 
 1155      2CC2EF8E 
 1155      AE3BCC94 
 1156 0010 CDC8C0C4 		.ascii	"\315\310\300\304\177\255\373n\003S&\003\003\373\311"
 1156      7FADFB6E 
 1156      03532603 
 1156      03FBC9
 1157 001f 755F1631 		.ascii	"u_\0261\247210\001\2250q3200N\360c\023\002\322L\247"
 1157      A7323130 
 1157      01953071 
 1157      33323030 
 1157      4EF06313 
 1158 0037 39181819 		.ascii	"9\030\030\031\204\236\237\231\271\2329\235\221\211\201"
 1158      849E9F99 
 1158      B99A399D 
 1158      918981
 1159 0046 710933C8 		.ascii	"q\0113\310\020\006F \003\244\230U\240\001\010\230S\031"
 1159      10064620 
 1159      03A49855 
 1159      A0010898 
 1159      5319
 1160 0058 18D8400C 		.ascii	"\030\330@\014\246\024\220\031\214`f\022\023\003\013"
 1160      A6149019 
 1160      8C606612 
 1160      13030B
 1161 0067 9CCDC0C2 		.ascii	"\234\315\300\302\300tq\346\346g@\026\007H\233 \003\330"
 1161      C07471E6 
 1161      E6674016 
 1161      07489B20 
 1161      03D8
 1162 0079 0E2606C1 		.ascii	"\016&\006\301\26337/\303n4\337\254\315\317\3360\221"
 1162      B333372F 
 1162      C36E34DF 
 1162      ACCDCFDE 
 1162      3091
 1163 008b 6B340300 		.ascii	"k4\003\000/\2413\375"
 1163      2FA133FD 
 1164              		.text
 1165              		.section	.gnu.lto_.jmpfuncs.3906628a09e45ee3,"e",%progbits
 1166 0000 789C858C 		.ascii	"x\234\205\214\315\011\2000\024\203\363\363\356\256\320"
 1166      CD098030 
 1166      1483F3F3 
 1166      EEAED0
 1167 000f 49ED0E1E 		.ascii	"I\355\016\036=w\020\007\023\354\253\036\012\275\030"
 1167      3D771007 
 1167      13ECAB1E 
 1167      0ABD18
 1168 001e 0821217C 		.ascii	"\010!!|'\246\014\222\265\331\002x\005\221~R\033\"v\254"
 1168      27A60C92 
 1168      B5D90278 
 1168      05917E52 
 1168      1B2276AC 
 1169 0032 DBECF7E8 		.ascii	"\333\354\367\350\324\341\346 \277x?\265P\244\0072-%"
 1169      D4E1E620 
 1169      BF783FB5 
 1169      50A40732 
 1169      2D25
 1170 0044 850BA516 		.ascii	"\205\013\245\026\375_\320\001h\307,h"
 1170      FD5FD001 
 1170      68C72C68 
 1171              		.text
 1172              		.section	.gnu.lto_.pureconst.3906628a09e45ee3,"e",%progbits
 1173 0000 789CE362 		.ascii	"x\234\343b```f\330\311\3028\223\205i&\013\000\012\353"
 1173      60606066 
 1173      D8C9C238 
 1173      93856926 
 1173      0B000AEB 
 1174 0014 0208     		.ascii	"\002\010"
 1175              		.text
 1176              		.section	.gnu.lto_.lto.3906628a09e45ee3,"e",%progbits
 1177 0000 09000400 		.ascii	"\011\000\004\000\001\000\000\000"
 1177      01000000 
 1178              		.text
 1179              		.section	.gnu.lto_flashWaitErase.282.3906628a09e45ee3,"e",%progbits
 1180 0000 789C6D53 		.ascii	"x\234mSOh\\u\020\236\357\315\373\263\333\230\256\024"
 1180      4F685C75 
 1180      109EEFCD 
 1180      FBB3DB98 
 1180      AE14
 1181 0012 BC07A558 		.ascii	"\274\007\245X\017\331\027\251\207\024\244\364T\274\012"
 1181      0FD917A9 
 1181      8714A4F4 
 1181      54BC0A
 1182 0021 F6B217D9 		.ascii	"\366\262\027\331l\236\354\332\215\011\273\251\222\223"
 1182      6C9EECDA 
 1182      8D09BBA9 
 1182      9293
 1183 002f BF66370D 		.ascii	"\277f7\015\244\207t\033\321Xj\016\313\253\326K5H5\325"
 1183      A487741B 
 1183      D1586A0E 
 1183      CBABD64B 
 1183      354835D5 
 1184 0043 68D74463 		.ascii	"h\327Dc\005\221\232\203R\004\225BI\343A\227(4\244m\332"
 1184      05919A83 
 1184      52049542 
 1184      49E34197 
 1184      2834A46D 
 1185 0058 99DF5BD2 		.ascii	"\231\337[\322\010.\273\363\346\33773\337\274\331e&\372"
 1185      082EBBF3 
 1185      E6DF3733 
 1185      DFBCD965 
 1185      26FA
 1186 006a 8088F2F2 		.ascii	"\200\210\362\362\203O8\333\230r\310\030s$p0\323\330"
 1186      834F38DB 
 1186      9872C818 
 1186      73247030 
 1186      D3D8
 1187 007c 633576EA 		.ascii	"c5v\352\215\323\016\256\342\322\364D\340N4\366\256\266"
 1187      8DD30EAE 
 1187      E2D2F444 
 1187      E04E34F6 
 1187      AEB6
 1188 008e B7FA5D17 		.ascii	"\267\372]\027'\033Sk\263\317\333\024\0173\363S\177O"
 1188      271B536B 
 1188      B3CFDB14 
 1188      0F33F353 
 1188      7F4F
 1189 00a0 EEC71558 		.ascii	"\356\307\025X\033\364\246\303\256\007\221\364\3503\303"
 1189      1BF4A6C3 
 1189      AE0791F4 
 1189      E833C3
 1190 00af CFB48CD9 		.ascii	"\317\264\214\331\274p\356\356\341s\027[\210%6\307\204"
 1190      BC70EEEE 
 1190      E173175B 
 1190      882536C7 
 1190      84
 1191 00c0 83E8D3E8 		.ascii	"\203\350\323\350y\306Y\216\031p;\232\203\036\321\370"
 1191      79C6598E 
 1191      19703B9A 
 1191      831ED1F8 
 1192 00d0 183D2DA8 		.ascii	"\030=-\250\3537\026\214IS\314\214\317\240\250O\201\313"
 1192      EB37168C 
 1192      4953CC8C 
 1192      CFA0A84F 
 1192      81CB
 1193 00e2 2075E47E 		.ascii	" u\344~M\021\371\266\226\220\020\210\325\201\317\241"
 1193      4D11F9B6 
 1193      96901088 
 1193      D581CFA1 
 1194 00f2 357944E5 		.ascii	"5yD\345\376\353\306\264\037,\216\\3n\314.\276\330]\202"
 1194      FEEBC6B4 
 1194      1F2C8E5C 
 1194      336ECC2E 
 1194      BED85D82 
 1195 0106 28F76F4A 		.ascii	"(\367oJ3O\330Li\326\336\376\2718\253\231\204/\261k\304"
 1195      334FD84C 
 1195      69D6DEFE 
 1195      B938AB99 
 1195      842FB16B 
 1196 011b DCED942D 		.ascii	"\334\355\224-\217\257\200E\220\260\245\334\232\205\216"
 1196      8FAF8045 
 1196      90B0A5DC 
 1196      9A858E
 1197 012a 2954E7DC 		.ascii	")T\347\334\334\236\234\273r`\245f^\210\331C\013:H\322"
 1197      DC9E9CBB 
 1197      7260A566 
 1197      5E88D943 
 1197      0B3A48D2 
 1198 013e 075F0B63 		.ascii	"\007_\013c/w:\335i\262\271z\343N-0v\242$\223\036e&\373"
 1198      2F773ADD 
 1198      69B2B97A 
 1198      E34E2D30 
 1198      76A22493 
 1199 0156 F065990B 		.ascii	"\360e\231\013?\274\210%\361]\325RJ\023\313\226\232\244"
 1199      3FBC8825 
 1199      F15DD552 
 1199      4A13CB96 
 1199      9AA4
 1200 0168 38C91C1F 		.ascii	"8\311\034\037\255z-s\357\301\2641\277\337\301\255\313"
 1200      AD7A2D73 
 1200      EFC1B431 
 1200      BFDFC1AD 
 1200      CB
 1201 0179 47F741B6 		.ascii	"G\367A\266\342;\"\002\026\221rE\244=\025\276\212@EJ"
 1201      E23B2202 
 1201      16917245 
 1201      A43D15BE 
 1201      8A40454A 
 1202 018d 035DC002 		.ascii	"\003]\300\002\272\225MF\005\3214S{\353b?LKu\307\352"
 1202      BA954D46 
 1202      05D13453 
 1202      7BEB623F 
 1202      4C4B75C7 
 1203 01a2 27453FC3 		.ascii	"'E?\303,\223\030\02751\376\204i\006*o\336?&SYm;y\274"
 1203      2C931817 
 1203      3531FE84 
 1203      69062A6F 
 1203      DE3F2653 
 1204 01bb E5D35F18 		.ascii	"\345\323_\030_\\\357n2:/\221\355Kx_\317\"\025\363\236"
 1204      5F5CEF6E 
 1204      323A2F91 
 1204      ED4B785F 
 1204      CF2215F3 
 1205 01d0 2677E15B 		.ascii	"&w\341[P_b\372X\301{\366B\024\226n\262\323A\371\377"
 1205      505F62FA 
 1205      58C17BF6 
 1205      4214966E 
 1205      B2D341F9 
 1206 01e5 41754939 		.ascii	"AuI9\\\023T\335\232\217\341{A\351\212\332\230\350i\262"
 1206      5C1354DD 
 1206      9A8FE17B 
 1206      41E98ADA 
 1206      98E869B2 
 1207 01f9 7473480A 		.ascii	"tsH\012\327;\351\335\262\023\031,\346\2752\324x\217"
 1207      D73BE9DD 
 1207      B213192C 
 1207      E6BD32D4 
 1207      788F
 1208 020b 30931C3B 		.ascii	"0\223\034;\337;+\016\255\243\276\276< \036\355C\260"
 1208      DF3B2B0E 
 1208      ADA3BEBE 
 1208      3C201EED 
 1208      43B0
 1209 021d EF5F08BA 		.ascii	"\357_\010\272\226l\207\337\315wWXFZ\372\355\303\214"
 1209      966C87DF 
 1209      CD775758 
 1209      465AFAED 
 1209      C38C
 1210 022f D43AF4A4 		.ascii	"\324:\364\244\234\014mH\251&g$y\013\031\201\363\245"
 1210      9C0C6D48 
 1210      A9266724 
 1210      790B1981 
 1210      F3A5
 1211 0241 F9B2E0BC 		.ascii	"\371\262\340\274\306\304/\337\361\016p^:\010\227\267"
 1211      C6C42FDF 
 1211      F10E705E 
 1211      3A0897B7 
 1212 0251 850BEB89 		.ascii	"\205\013\353\211\210~oR\372\273b\213Q\373\370\224\030"
 1212      887E6F52 
 1212      FABB628B 
 1212      51FBF894 
 1212      18
 1213 0262 9ED8DA3D 		.ascii	"\236\330\332=\2153?*\365\332y\365\372\022H\274k\201"
 1213      8D333F2A 
 1213      F5DA79F5 
 1213      FA1248BC 
 1213      6B81
 1214 0274 3A17D419 		.ascii	":\027\324\031\210?q\336\016v\212\245\304\237P[RK\033"
 1214      883F71DE 
 1214      0E768AA5 
 1214      C49F505B 
 1214      524B1B
 1215 0287 FF737F7A 		.ascii	"\377s\177zq\343\217}r\033v\214\2376f\201o \013\252\367"
 1215      71E38F7D 
 1215      721B768C 
 1215      9F366681 
 1215      6F200BAA 
 1216 029c 501D4ECC 		.ascii	"P\035N\314\2319\371?IT\362c~\\\321\355\013\265O^\222"
 1216      9939F93F 
 1216      4954F263 
 1216      7E5CD1ED 
 1216      0BB54F5E 
 1217 02b1 3DE97559 		.ascii	"=\351uY\262\330\341\252%\356\336J\351}\353!\300\356"
 1217      B2D8E1AA 
 1217      25EEDE4A 
 1217      E97DEB21 
 1217      C0EE
 1218 02c3 66BCA59B 		.ascii	"f\274\245\233\312\206\305\341\241(|\265:\032\275\221"
 1218      CA86C5E1 
 1218      A1287CB5 
 1218      3A1ABD91 
 1219 02d3 AF8C86D5 		.ascii	"\257\214\206\325\341\023\225B\024\216\345\243\241\343"
 1219      E1139542 
 1219      148EE5A3 
 1219      A1E3
 1220 02e1 BDD59172 		.ascii	"\275\325\221ri\264\367\370@x\264T\031\222pDO\225K\003"
 1220      69B4F7F8 
 1220      4078B454 
 1220      19927044 
 1220      4F954B03 
 1221 02f5 61A1581A 		.ascii	"a\241X\032(\015WC\371\026\363\345\260Z)\350\363\345"
 1221      280D5743 
 1221      F916F3E5 
 1221      B05A29E8 
 1221      F3E5
 1222 0307 57CAF96A 		.ascii	"W\312\371j1[ w0z}\344\211]\236\354`\337s\203\207\016"
 1222      315B2077 
 1222      307A7DE4 
 1222      895D9EEC 
 1222      60DF7383 
 1223 031d F63F4BEE 		.ascii	"\366?K\356P5*pT\251x\203Q9?v \033\376O\275\341\252\210"
 1223      50352A70 
 1223      54A97883 
 1223      51393F76 
 1223      201BFE4F 
 1224 0335 CA68EF6B 		.ascii	"\312h\357k\245D\317\026\351!\2370tx"
 1224      A544CF16 
 1224      E9219F30 
 1224      7478
 1225              		.text
 1226              		.section	.gnu.lto_flashGetSectorOffset.283.3906628a09e45ee3,"e",%progbits
 1227 0000 789C7553 		.ascii	"x\234uS\317O\023A\024~ogv\373\003Z\374y\341D\374\021"
 1227      CF4F1341 
 1227      147E6F67 
 1227      76FB035A 
 1227      FC79E144 
 1228 0016 63022C46 		.ascii	"c\002,F\215r\343\344\177\300\205\213)\355\222VJ\332"
 1228      8D72E3E4 
 1228      7FC0858B 
 1228      29ED9256 
 1228      4ADA
 1229 0028 74ABC413 		.ascii	"t\253\304\023K\333\020\203\007(\312\001DC\326\325h\242"
 1229      4BDB1083 
 1229      0728CA01 
 1229      4443D6D5 
 1229      68A2
 1230 003a 4204032A 		.ascii	"B\004\003*j\015\004b\024\243^<\351\201D\002\036\224"
 1230      6A0D0462 
 1230      14A35E3C 
 1230      E9814402 
 1230      1E94
 1231 004c 6042D434 		.ascii	"`B\3244\3017\263P\251\211\311\356\354\233\367\276o\276"
 1231      C137B350 
 1231      A989C9EE 
 1231      EC9BF7BE 
 1231      6FBE
 1232 005e 6FDECCE6 		.ascii	"o\336\314\346\030\300%\000h\246\0275\300\201|\257\002"
 1232      18C02500 
 1232      68A61735 
 1232      C0817CAF 
 1232      02
 1233 006f 96653579 		.ascii	"\226e5y\024%\233\277\254\340\013\034\236X\256\345\271"
 1233      14259BBF 
 1233      ACE00B1C 
 1233      9E58AEE5 
 1233      B9
 1234 0080 7C70F9CD 		.ascii	"|p\371\315\320^\316p0\357\227uN\3216V\305\356|\357\307"
 1234      D05ECE70 
 1234      30EF9775 
 1234      4ED13656 
 1234      C5EE7CEF 
 1235 0095 91494E70 		.ascii	"\221INp\231@\350R\030W\261\013\257\260\021\206\003\314"
 1235      9940E852 
 1235      1857B10B 
 1235      AFB01186 
 1235      03CC
 1236 00a7 61807C2B 		.ascii	"a\200|+B\2549Z\260\254\237\267\206\357e\375#w\012\334"
 1236      42AC395A 
 1236      B0AC9FB7 
 1236      86EF65FD 
 1236      23770ADC 
 1237 00bb 610ADC20 		.ascii	"a\012\334 \300#\304I$#@@\326\014G\010\364ne\332\262"
 1237      C023C449 
 1237      24234040 
 1237      D60C4708 
 1237      F46E65DA 
 1238 00d0 7CE03086 		.ascii	"|\3400\206S\270\003C\211\226\242G\340\222\022\267v?"
 1238      53B80343 
 1238      8996A247 
 1238      E09212B7 
 1238      763F
 1239 00e2 7B2DD88F 		.ascii	"{-\330\217\016\343\370\270\034\307[.y\335\025;\305x"
 1239      0EE3F8B8 
 1239      1CC75B2E 
 1239      79DD153B 
 1239      C578
 1240 00f4 5880C76E 		.ascii	"X\200\307n\366\005\373\273\275\016S\361)\226)\267\214"
 1240      F605FBBB 
 1240      BD0E53F1 
 1240      299629B7 
 1240      8C
 1241 0105 7A053483 		.ascii	"z\0054\203%\354\203\331^\027\253\340\263\177\260W\275"
 1241      25EC83D9 
 1241      5E17ABE0 
 1241      B37FB057 
 1241      BD
 1242 0116 D4B1E788 		.ascii	"\324\261\347\2103(\354\213\016\002(nb\354\203Z\260\212"
 1242      3328EC8B 
 1242      0E02286E 
 1242      62EC835A 
 1242      B08A
 1243 0128 9B7D96F5 		.ascii	"\233}\226\365\275\272X\\\367V!Y\321\024\032<Lp8E^\225"
 1243      BDBA585C 
 1243      F7562159 
 1243      D1141A3C 
 1243      4C703845 
 1244 013e 069F2622 		.ascii	"\006\237&\"\217\210|\210\323X\001\304\256D|\202\001"
 1244      8F887C88 
 1244      D35801C4 
 1244      AE447C82 
 1244      01
 1245 014f 810B8A01 		.ascii	"\201\013\212\001\240\217\211F[\034\255\002@?S\334I7"
 1245      A08F8946 
 1245      5B1CAD02 
 1245      403F53DC 
 1245      4937
 1246 0161 4DBEA2B5 		.ascii	"M\276\242\265\364i\036\345\367\263\006\33703s\267\316"
 1246      F4691EE5 
 1246      F7B306DF 
 1246      303373B7 
 1246      CE
 1247 0172 66B8D56B 		.ascii	"f\270\325k&7r[\234\012m\301o3\037\026\020\032\334\251"
 1247      2637725B 
 1247      9C0A6DC1 
 1247      6F331F16 
 1247      101ADCA9 
 1248 0186 862FF1BA 		.ascii	"\206/\361\2724.h>\233)[,\255\214UA\313\341,\261rrZ\211"
 1248      342E683E 
 1248      9B295B2C 
 1248      AD8C5541 
 1248      CBE12CB1 
 1249 019e 73C4121D 		.ascii	"s\304\022\035X\303\\\215-\312\012\320\302\016\013\220"
 1249      58C35C8D 
 1249      2DCA0AD0 
 1249      C20E0B90 
 1250 01ae 8B4C0DF9 		.ascii	"\213L\015\371\247\2444\364\3035v\2404,m\270\026W\367"
 1250      A7A434F4 
 1250      C33576A0 
 1250      342C6DB8 
 1250      1657F7
 1251 01c1 D96CFB3A 		.ascii	"\331l\373:\250ebA\342\342|I\254\012\027HL!\261U\314"
 1251      A8656241 
 1251      E2E27C49 
 1251      AC0A1748 
 1251      4C21B155 
 1252 01d6 ADCE5613 		.ascii	"\255\316V\023Mp\252\344\001\210V\260\367C\023\313J\251"
 1252      4D70AAE4 
 1252      018856B0 
 1252      F74313CB 
 1252      4AA9
 1253 01e8 15BFE615 		.ascii	"\025\277\346\025\022\310\216\367,r\233\2516\253\024"
 1253      12C88EF7 
 1253      2C729BA9 
 1253      36AB14
 1254 01f7 688E5E91 		.ascii	"h\216^\221|\330C\3064Z\201*n\243H,\270\255\275r\310"
 1254      7CD843C6 
 1254      345A812A 
 1254      6EA3482C 
 1254      B8ADBD72 
 1255 020c 61BBA88E 		.ascii	"a\273\250\216\257\\\361\225Z\207\355\306\327\244.:D"
 1255      AF5CF195 
 1255      5A87EDC6 
 1255      D7A42E3A 
 1255      44
 1256 021d 1B1B6DA4 		.ascii	"\033\033m\244\243 \202\224\345\343\364;`IvS\312\322"
 1256      A3208294 
 1256      E5E3F43B 
 1256      60497653 
 1256      CAD2
 1257 022f BEE608E1 		.ascii	"\276\346\010\341\371\377v\366\340\"-\310e\307\311\344"
 1257      F9FF76F6 
 1257      E0222DC8 
 1257      65C7C9E4 
 1258 023f 17420788 		.ascii	"\027B\007\210@>\335\326\011\201\200\024Pw\036q\246\011"
 1258      403EDDD6 
 1258      09818014 
 1258      50771E71 
 1258      A609
 1259 0251 648949B1 		.ascii	"d\211I\261\301\005\037\375g\260N\226N\332\322\335od"
 1259      C1051FFD 
 1259      67B04E96 
 1259      4EDAD2DD 
 1259      6F64
 1260 0263 648CBD9D 		.ascii	"d\214\275\235J\022\235o\234\242\373\202\177\357\013"
 1260      4A129D6F 
 1260      9CA2FB82 
 1260      7FEF0B
 1261 0272 40BD1E4D 		.ascii	"@\275\036Mt\030\37293mt\206Ri\335L\234O\205\015\375"
 1261      7418FA39 
 1261      336D7486 
 1261      5269DD4C 
 1261      9C4F850D 
 1262 0287 62C8E868 		.ascii	"b\310\350h\2573\223\361X\272\256\275U?\023KuP\331\200"
 1262      AF3393F1 
 1262      58BAAEBD 
 1262      553F134B 
 1262      7550D980 
 1263 029b 83F158AB 		.ascii	"\203\361X\253\036\216\306Zc\011S\247'\032\212\353f*"
 1263      1E8EC65A 
 1263      630953A7 
 1263      271A8AEB 
 1263      662A
 1264 02ad 2CBE67DB 		.ascii	",\276g\333\342!3Z\037\006\0361.$\367\357\310\324G\032"
 1264      E221335A 
 1264      1F061E31 
 1264      2E24F7EF 
 1264      C8D4471A 
 1265 02c1 4E441A8F 		.ascii	"ND\032\217\237>\006\232i\204\323\211\224?b\230\341T"
 1265      9F3E069A 
 1265      6984D389 
 1265      943F6298 
 1265      E154
 1266 02d3 2C49A196 		.ascii	",I\241\226hk3\215\364\037\340-LP"
 1266      686B338D 
 1266      F41FE02D 
 1266      4C50
 1267              		.text
 1268              		.section	.gnu.lto_flashGetSectorSize.284.3906628a09e45ee3,"e",%progbits
 1269 0000 789C6553 		.ascii	"x\234eS\337K\024Q\024\276g\316\335\331_\356\232T\004"
 1269      DF4B1451 
 1269      14BE67CE 
 1269      DDD95FEE 
 1269      9A5404
 1270 0013 41244544 		.ascii	"A$ED\220\216QA=D>\365\037\370\342K\254\273\023\273\271"
 1270      908E5141 
 1270      3D443EF5 
 1270      1FF8E24B 
 1270      ACBB13BB 
 1271 0028 E6B2B325 		.ascii	"\346\262\263%\365\342\270\273l`\017\272F\210b?\030\247"
 1271      F5E2B8BB 
 1271      6C600FBA 
 1271      4688623F 
 1271      18A7
 1272 003a B027258D 		.ascii	"\260'%\215,-7\214\226\250\300\202B\210\022|\020\215"
 1272      2C2D378C 
 1272      96A8C082 
 1272      4288127C 
 1272      108D
 1273 004c 08EBC588 		.ascii	"\010\353\305\210\302\316\275\343nn\301\356\235s\317"
 1273      C2CEBDE3 
 1273      6E6EC1EE 
 1273      9D73CF
 1274 005b F9BEF37D 		.ascii	"\371\276\363}\367\334\231s\310X\2161\326D\177P\031\364"
 1274      F7DC9973 
 1274      C8588E31 
 1274      D6447F50 
 1274      19F4
 1275 006d E5BB1566 		.ascii	"\345\273\025f\232f\243[Q2\371+\012\314\300\340\370\322"
 1275      9A66A35B 
 1275      5132F92B 
 1275      0ACCC0E0 
 1275      F8D2
 1276 007f 419ECD07 		.ascii	"A\236\315\007\227^\015l\345\010\327\362>Y\347\024\225"
 1276      975E0D6C 
 1276      E508D7F2 
 1276      3E59E714 
 1276      95
 1277 0090 B02EE8CA 		.ascii	"\260.\350\312w/\334\234\340\004\227\011`\235\012r\027"
 1277      772FDC9C 
 1277      E0049709 
 1277      609D0A72 
 1277      17
 1278 00a1 74C2551C 		.ascii	"t\302U\034B\350C\033\031\360\215\010\240\366@\3014\177"
 1278      42E8431B 
 1278      19F08D08 
 1278      A0F640C1 
 1278      347F
 1279 00b3 DC1EFC38 		.ascii	"\334\036\3748\253\016\215\024\270\215\012\273A\200\373"
 1279      AB0E8D14 
 1279      B88D0ABB 
 1279      4180FB
 1280 00c2 00134046 		.ascii	"\000\023@F\030\001\261\211\355'\320\334\374\244iz\231"
 1280      1801B189 
 1280      ED27D0DC 
 1280      FCA4697A 
 1280      99
 1281 00d3 8D080F60 		.ascii	"\215\010\017`\023\206\022\315\375n\201KH\334\352\247"
 1281      138612CD 
 1281      FD6E814B 
 1281      48DCEAA7 
 1282 00e3 4C7FB017 		.ascii	"L\177\260\027l\344\360\260\022\307\233\207\335N\307"
 1282      6CE4F0B0 
 1282      12C79B87 
 1282      DD4EC7
 1283 00f2 0EB1EE13 		.ascii	"\016\261\356\023\340\345\341\236`o\227\307F\027LA\205"
 1283      E0E5E19E 
 1283      606F97C7 
 1283      46174C41 
 1283      85
 1284 0103 72F3946C 		.ascii	"r\363\224l\232\2062v!s\331\301*\360\370\037\354\250"
 1284      9A863276 
 1284      2173D9C1 
 1284      2AF0F81F 
 1284      ECA8
 1285 0115 9B26F604 		.ascii	"\233&\366\004`\032\204}1A\306\024'1\372\326U0\177\255"
 1285      601A847D 
 1285      3141C614 
 1285      2731FAD6 
 1285      55307FAD 
 1286 0129 F798E6DA 		.ascii	"\367\230\346\332\256/C\353\236 \220\025U\241\305\215"
 1286      AE2F43EB 
 1286      9E209015 
 1286      55A1C58D 
 1287 0139 82C329F2 		.ascii	"\202\303)\362\270h\361\252\"\362\000L\202\217\021\321"
 1287      B868F1AA 
 1287      22F2004C 
 1287      828F11D1 
 1288 0149 2FAA5500 		.ascii	"/\252U\000\217  \"\306zP\314\330\344`\026\030\353E\305"
 1288      8F202022 
 1288      C67A50CC 
 1288      D8E46016 
 1288      18EB45C5 
 1289 015d D974D1E6 		.ascii	"\331t\321\3463\230\2133E\220\31797\373\012\351\351\273"
 1289      33988B33 
 1289      4590CF39 
 1289      37FB0AE9 
 1289      E9BB
 1290 016f 7516C2C6 		.ascii	"u\026\302\306\230Q\236\341\216\270\020r\357\263\320"
 1290      98519EE1 
 1290      8EB81072 
 1290      EFB3D0
 1291 017e 0305600D 		.ascii	"\003\005`\015\316V\205\247p]z\0264\257\205\312\006K"
 1291      CE5685A7 
 1291      705D7A16 
 1291      34AF85CA 
 1291      064B
 1292 0190 AD60F9A9 		.ascii	"\255`\371\251\035\314\022++\267U\360\214X\342\360\253"
 1292      1DCC122B 
 1292      2BB755F0 
 1292      8C58E2F0 
 1292      AB
 1293 01a1 90ADB544 		.ascii	"\220\255\265DS\205Qc\033\003\344\"]K\376))\015\275s"
 1293      53855163 
 1293      1B03E422 
 1293      5D4BFE29 
 1293      290DBD73 
 1294 01b5 8CED292F 		.ascii	"\214\355)/\213\363\216\305\225m\026\226\336\004W\205"
 1294      8BF38EC5 
 1294      956D1696 
 1294      DE045785 
 1295 01c5 5890B8F0 		.ascii	"X\220\270\360\274,V\015E\022SHl\005\262+\263;\211&8"
 1295      BC2C560D 
 1295      45125348 
 1295      6C05B22B 
 1295      B33B8926 
 1296 01da D572F662 		.ascii	"\325r\366b\024\370f`|I)\217\342CQ!\201\314X\3567Z\350"
 1296      14F86660 
 1296      7C49298F 
 1296      E2435121 
 1296      81CC58EE 
 1297 01f1 B2B04AA0 		.ascii	"\262\260J\2409xD\362^\216\214\251\324\201*\316\240\002"
 1297      397844F2 
 1297      5E8E8CA9 
 1297      D4812ACE 
 1297      A002
 1298 0203 16064ADA 		.ascii	"\026\006J\332\313\273m\334Bux\341\210/\357\267\261\006"
 1298      CBBB6DDC 
 1298      427578E1 
 1298      882FEFB7 
 1298      B106
 1299 0215 5E92BA98 		.ascii	"^\222\272\230\020\035\354\326Q\272\012\"HY>F_\002\224"
 1299      101DECD6 
 1299      51BA0A22 
 1299      48593E46 
 1299      5F0294
 1300 0228 65BF4959 		.ascii	"e\277IY\247\243\277\324qd\307\177\307\251\201\327\324"
 1300      A7A3BFD4 
 1300      7164C77F 
 1300      C7A981D7 
 1300      D4
 1301 0239 905734F4 		.ascii	"\220W4\364\313\206\256\315W\232nd\262\204\262\371Z\321"
 1301      CB86AECD 
 1301      579A6E64 
 1301      B284B2F9 
 1301      5AD1
 1302 024b 4B9F14FB 		.ascii	"K\237\024\373.\030\226t\363\023\350t\001|\177\202\330"
 1302      2E189674 
 1302      F313E874 
 1302      017C7F82 
 1302      D8
 1303 025c 3C77925E 		.ascii	"<w\222^\017\370\373z0V\257E\333\333t\355\254\221\322"
 1303      0FF8FB7A 
 1303      3056AF45 
 1303      DBDB74ED 
 1303      AC91D2
 1304 026f 3B42C994 		.ascii	";B\311\224f\264\237O\206u\355bHok\2553\022\361X\252"
 1304      66B49F4F 
 1304      8675ED62 
 1304      486F6BAD 
 1304      3312F158 
 1305 0284 AEB5453B 		.ascii	"\256\265E;\025K\266QYg{\343\261\026-\034\215\265\304"
 1305      154BB651 
 1305      59677BE3 
 1305      B1162D1C 
 1305      8DB5C4
 1306 0297 DA0D8D7E 		.ascii	"\332\015\215~\321P\\3\222a\361<}&\0362\242\365a\306"
 1306      D1505C33 
 1306      9261F13C 
 1306      7D261E32 
 1306      A2F561C6 
 1307 02ab 23FA85C4 		.ascii	"#\372\205\304\366M\231\372H\303\221\310\361\303\307"
 1307      F64D99FA 
 1307      48C391C8 
 1307      F1C3C7
 1308 02ba 0E31D5D0 		.ascii	"\0161\325\320\303\251\366\244/\242\033\341d,A!7b\227"
 1308      C3A9F6A4 
 1308      2FA21BE1 
 1308      642C4121 
 1308      376297
 1309 02cd F43FDBCF 		.ascii	"\364?\333\317Dq"
 1309      4471
 1310              		.text
 1311              		.section	.gnu.lto_.symbol_nodes.3906628a09e45ee3,"e",%progbits
 1312 0000 789C9BCB 		.ascii	"x\234\233\313\000\004L\263\230\352\031>\374Za\3018\341"
 1312      00044CB3 
 1312      98EA193E 
 1312      FC5A61C1 
 1312      38E1
 1313 0012 1C03433D 		.ascii	"\034\003C=\003\303\256\206FF\006F\006\260\334l\246z"
 1313      03C3AE86 
 1313      46460646 
 1313      06B0DC6C 
 1313      A67A
 1314 0024 C6062060 		.ascii	"\306\006 `\301&9\207\251\236\011\227$\343\\\246z\346"
 1314      C1263987 
 1314      A99E0997 
 1314      24E35CA6 
 1314      7AE6
 1315 0036 FF50200F 		.ascii	"\377P \017V\300\300\000T\013\222ef`\236\330z\37583\343"
 1315      56C0C000 
 1315      540B9265 
 1315      66609ED8 
 1315      7AFD3833 
 1316 004b 123E1606 		.ascii	"\022>\026\006\210\001_\031Y\240\366leda\202\261\030"
 1316      88015F19 
 1316      59A0F66C 
 1316      65646182 
 1316      B118
 1317 005d 00F6DC2D 		.ascii	"\000\366\334-\247"
 1317      A7
 1318              		.text
 1319              		.section	.gnu.lto_.refs.3906628a09e45ee3,"e",%progbits
 1320 0000 789C6364 		.ascii	"x\234cd\000\002\000\000\012\000\002"
 1320      00020000 
 1320      0A0002
 1321              		.text
 1322              		.section	.gnu.lto_.decls.3906628a09e45ee3,"e",%progbits
 1323 0000 789CA558 		.ascii	"x\234\245XyP\024\331\035~\277\327\303\314\320\014\003"
 1323      795014D9 
 1323      1D7EBFD7 
 1323      C3CCD00C 
 1323      03
 1324 0011 518C9BD4 		.ascii	"Q\214\233\324\226E\314nI6\245(Z\311\272\177\244\310"
 1324      9645CC6E 
 1324      4936A528 
 1324      5AC9BA7F 
 1324      A4C8
 1325 0023 B16E55AC 		.ascii	"\261nU\2545&j\266\314?S#\323\310dA\314Lk\342\376\325"
 1325      35266AB6 
 1325      CC3F5323 
 1325      D3C86441 
 1325      CC4C6BE2 
 1326 0039 2888A022 		.ascii	"(\210\240\"\210\032o\361\200\025\017\304k=Xt\270t\024"
 1326      881A6FF1 
 1326      80150FC4 
 1326      6B3D5874 
 1326      B87414
 1327 004c 6F59E3B9 		.ascii	"oY\343\271^\321\340\215\200\200\212\232\337{\3353\335"
 1327      5ED1E08D 
 1327      80808A9A 
 1327      DF7BDD33 
 1327      DD
 1328 005d C38CD9A4 		.ascii	"\303\214\331\244\322\372\272_\277\371\336\367\375\256"
 1328      D2FABA5F 
 1328      BFF9DEF7 
 1328      FDAE
 1329 006b 7EEF69E2 		.ascii	"~\357i\342\367\010\271I\011i\004B\336\340e\"\204\234"
 1329      F708B949 
 1329      09690442 
 1329      DEE06522 
 1329      849C
 1330 007d C51685CD 		.ascii	"\305\026\205\315\202cVl'\261?\020\237\207\210z1L\"\276"
 1330      8263566C 
 1330      27B13F10 
 1330      9F87887A 
 1330      314C22BE 
 1331 0091 BF8FED03 		.ascii	"\277\217\355\003l\303\201\204]\277DN\244&G\261\365\303"
 1331      6CC38184 
 1331      5DBF444E 
 1331      A42647B1 
 1331      F5C3
 1332 00a3 96A071D4 		.ascii	"\226\240q\324\342s(\250\334\307\260?\004[\022\266\357"
 1332      E27328A8 
 1332      DCC7B03F 
 1332      045B12B6 
 1332      EF
 1333 00b4 E3BB19DB 		.ascii	"\343\273\031\333\010M\307\217-\005\373\311\330\220\212"
 1333      084DC78F 
 1333      2D05FBC9 
 1333      D8908A
 1334 00c3 F4C7E76B 		.ascii	"\364\307\347k|\012\232\366\250\267\350\216Ep\177\203"
 1334      7C0A9AF6 
 1334      A8B7E88E 
 1334      45707F83 
 1335 00d3 E62D4D97 		.ascii	"\346-M\227\3710V\323\355\306\376\357A\325\016\350\376"
 1335      F93056D3 
 1335      EDC6FEEF 
 1335      41D50EE8 
 1335      FE
 1336 00e4 015B17BE 		.ascii	"\001[\027\276\377\026\237\023\260\215\3076\021\333$"
 1336      FF169F13 
 1336      B08DC736 
 1336      11DB24
 1337 00f3 5063C1F4 		.ascii	"Pc\301\364M\330~\203m\034\266\217\2611\371\367#\330"
 1337      4DD87E83 
 1337      6D1CB68F 
 1337      B131F9F7 
 1337      23D8
 1338 0105 3089AAFA 		.ascii	"0\211\252\372\001\033j\377\017\033\"\351\177j\320\377"
 1338      011B6AFF 
 1338      0F1B22E9 
 1338      7F6AD0FF 
 1339 0115 2082FE62 		.ascii	" \202\376b\001\372\201\011\357\011\220\310\373\357\010"
 1339      01FA8109 
 1339      EF0990C8 
 1339      FBEF08
 1340 0124 940D0E01 		.ascii	"\224\015\016\001\226\3418\336#\202\235$+\374\332\360"
 1340      96E138DE 
 1340      23829D24 
 1340      2BFCDAF0 
 1341 0134 43020755 		.ascii	"C\002\007U\232\217b\204\361d\225@\0376\335;\021+\372"
 1341      9A8F6284 
 1341      F1649540 
 1341      1F36DD3B 
 1341      112BFA
 1342 0147 14A54DF1 		.ascii	"\024\245M\361\345F\023\330\013\260\007\010|\0158\263"
 1342      E54613D8 
 1342      0BB00708 
 1342      7C0D38B3 
 1343 0157 06E000C0 		.ascii	"\006\340\000\300~@\330\301\336\323\355f\033\207\225"
 1343      7E40D8C1 
 1343      DED3ED66 
 1343      1B8795
 1344 0166 D59BA016 		.ascii	"\325\233\240\0264 \201CxC@q{\315.\312\312\005\007 \033"
 1344      34208143 
 1344      78434071 
 1344      7BCD2ECA 
 1344      CA050720 
 1345 017b 07D69474 		.ascii	"\007\326\224t\027\212|`*\034\006n\034\345\206\306\343"
 1345      178A7C60 
 1345      2A1C066E 
 1345      1CE586C6 
 1345      E3
 1346 018c FD5D7803 		.ascii	"\375]x\003\374\301\246\356\333\360\362\210hE\356\326"
 1346      FCC1A6EE 
 1346      DBF0F288 
 1346      6845EED6 
 1347 019c 79377CA8 		.ascii	"y7|\250=\022\206\343\254&`\372\215\000\015 Lf\260-;"
 1347      3D1286E3 
 1347      AC2660FA 
 1347      8D000D20 
 1347      4C66B02D 
 1348 01b1 F7E6D9FB 		.ascii	"\367\346\331\373\300\340\010\030\201\210\252\233\177"
 1348      C0E00818 
 1348      8188AA9B 
 1348      7F
 1349 01be 200706A2 		.ascii	" \007\006\242\257\017\025%\001\216\002\324\003\3241"
 1349      AF0F1525 
 1349      018E02D4 
 1349      03D431
 1350 01cd 3BFD38C5 		.ascii	";\3758\305\247\332\332{\343\321\026Qw\306\257;s\014"
 1350      A7DADA7B 
 1350      E3D11651 
 1350      77C6AF3B 
 1350      730C
 1351 01df B498C60B 		.ascii	"\264\230\306\013S\211\360\005\003/-\313\357\200\360"
 1351      5389F005 
 1351      032F2DCB 
 1351      EF80F0
 1352 01ee 009DE813 		.ascii	"\000\235\350\023\240;\313\226>\265pwO\252\376\373\026"
 1352      A03BCB96 
 1352      3EB57077 
 1352      4FAAFEFB 
 1352      16
 1353 01ff CFBF6AD7 		.ascii	"\317\277j\327\374?\305\020\005\245w\312\243#Yv\006\351"
 1353      FC3FC510 
 1353      05A577CA 
 1353      A3235976 
 1353      06E9
 1354 0211 4EAB966D 		.ascii	"N\253\226m\316[\271\326\256[vF\267\354,\336\204\002"
 1354      CE5BB9D6 
 1354      AE5B7646 
 1354      B7EC2CDE 
 1354      8402
 1355 0223 1EAF7B3D 		.ascii	"\036\257{=\271\017\3424f\246\264\241\271tSl$\342\026"
 1355      B90FE234 
 1355      66A6B4A1 
 1355      B974536C 
 1355      24E216
 1356 0236 243EAF12 		.ascii	"$>\257\022\257+_\261%J'n\321\211\277\011\270l\025V`"
 1356      AF2B5FB1 
 1356      254A276E 
 1356      D189BF09 
 1356      B86C1556 
 1357 024b ADACE712 		.ascii	"\255\254\347\022\267\213v\334\216cN\267\372\352s\004"
 1357      B78B76DC 
 1357      8E634EB7 
 1357      FAEA7304 
 1358 025b 2DD61701 		.ascii	"-\326\027\001\023f\010\365\365\242Fc\030/\351\234\227"
 1358      136608F5 
 1358      F5A24663 
 1358      182FE99C 
 1358      97
 1359 026c 55D1EAC7 		.ascii	"U\321\352\307\207+\255\334\320\313\030\023\024\231\034"
 1359      872BADDC 
 1359      D0CB1813 
 1359      14991C
 1360 027b 2CCBC928 		.ascii	",\313\311(U\311\245\026wt\373\315\341\361\375\026\020"
 1360      55C9A516 
 1360      7774FBCD 
 1360      E1F1FD16 
 1360      10
 1361 028c 8362D700 		.ascii	"\203b\327\000\2562\261\247\345\273\253\004\316u\035"
 1361      AE32B1A7 
 1361      E5BBAB04 
 1361      CE751D
 1362 029b E00A08D5 		.ascii	"\340\012\010\325|\362\305\003+\237FH\316\315>\311Yv"
 1362      7CF2C503 
 1362      2B9F4648 
 1362      CECD3EC9 
 1362      5976
 1363 02ad AB65792C 		.ascii	"\253ey,\237|\013\340\006\033\351:\365bA\240:o\263\201"
 1363      9F7C0BE0 
 1363      061BE93A 
 1363      F56241A0 
 1363      3A6FB381 
 1364 02c1 D2B9275E 		.ascii	"\322\271'^\230#\005\361\016\362\375S\365\347uK\343\223"
 1364      982305F1 
 1364      0EF2FD53 
 1364      F5E7754B 
 1364      E393
 1365 02d3 18DDE13B 		.ascii	"\030\335\341;\272\303wYv\016s\223N\034Y\350\347&\265"
 1365      BAC37759 
 1365      760E7393 
 1365      4E1C59E8 
 1365      E726B5
 1366 02e6 2A6F0F5D 		.ascii	"*o\017]g\343\246M\006\246V\235\351\236*\225\277}\315"
 1366      67E3A64D 
 1366      06A6569D 
 1366      E99E2A95 
 1366      BF7DCD
 1367 02f9 12B59CEE 		.ascii	"\022\265\234\356\251\345t\311\267zc\\\300\377\373\214"
 1367      A9E574C9 
 1367      B77A635C 
 1367      C0FFFB8C 
 1368 0309 63F78BAA 		.ascii	"c\367\213\252\223A\247\036\260\221\366g\327.\006\234"
 1368      9341A71E 
 1368      B091F667 
 1368      D72E069C 
 1369 0319 7AC8067A 		.ascii	"z\310\006z\366\364\356\265Er\3521:\365HUzU~h]\264n\312"
 1369      F6F4EEB5 
 1369      4572EA31 
 1369      3AF54855 
 1369      7A557E68 
 1370 0331 63DD9427 		.ascii	"c\335\224'\314\251\306\210%w%og\021\364W\027\025\237"
 1370      CCA9C688 
 1370      2577256F 
 1370      6711F457 
 1370      17159F
 1371 0344 BAA0403B 		.ascii	"\272\240@;\373\016\331\272}\236O\251\357ni\0258\304"
 1371      FB0ED9BA 
 1371      7D9E4FA9 
 1371      EF6E6915 
 1371      38C4
 1372 0356 A741A003 		.ascii	"\247A\240\003\202 \0044<_Z(\350\302\235\272\3603-\006"
 1372      82200434 
 1372      3C5F5A28 
 1372      E8C29DBA 
 1372      F0332D06 
 1373 036a ED4FA4A0 		.ascii	"\355O\244\240\361\317t\343\273\320\370\247*\344X\373"
 1373      F1CF74E3 
 1373      BBD0F8A7 
 1373      2AE458FB 
 1374 037a CE613A45 		.ascii	"\316a:E\227N\321\315l\307\254\010\010\346\325\235\310"
 1374      974ED1CD 
 1374      6CC7AC08 
 1374      08E6D59D 
 1374      C8
 1375 038b D71E850A 		.ascii	"\327\036\205\012s(N\354\367\264\276\345\252\345=v\365"
 1375      73284EEC 
 1375      F7B4BEE5 
 1375      AAE53D76 
 1375      F5
 1376 039c C7860C3D 		.ascii	"\307\206\014=g\317\275\3314d\367~E)x\007?6\350\005\230"
 1376      67CFBDD9 
 1376      3464F77E 
 1376      45297807 
 1376      3F36E805 
 1377 03b1 4D83745F 		.ascii	"M\203t_\261\333^ \010,^\255\370Lf\\)`_8d\204\001\361"
 1377      B1DB5E20 
 1377      082C5EAD 
 1377      F84C665C 
 1377      29605F38 
 1378 03c9 0DC0B910 		.ascii	"\015\300\271\020\304\361\276\010\314dO\010\"\271\017"
 1378      C4F1BE08 
 1378      CC644F08 
 1378      22B90F
 1379 03d8 E02EC03F 		.ascii	"\340.\300?B\000\0274;0*\271\030X\023\201\227\000/0\036"
 1379      42001734 
 1379      3B302AB9 
 1379      18581381 
 1379      97002F30 
 1380 03ed CF390C2B 		.ascii	"\3179\014+L\241\220K!\217B\016\3055\026\346Px\015\360"
 1380      4CA1904B 
 1380      218F420E 
 1380      C53516E6 
 1380      50780DF0 
 1381 0401 8A855CA7 		.ascii	"\212\205\\\247E\367\232\303-\013q\257\033\240-\314\264"
 1381      45F79AC3 
 1381      2D0B71AF 
 1381      1BA02DCC 
 1381      B4
 1382 0412 10C41380 		.ascii	"\020\304\023\200\177\205\3336\202e\245\360R\375\374"
 1382      7F85DB36 
 1382      8265A5F0 
 1382      52FDFC
 1383 0421 1896FA5C 		.ascii	"\030\226\372\\\337\377h#[U\374\035MT\317\351\\] \237"
 1383      DFFF6823 
 1383      5B55FC1D 
 1383      4D54CFE9 
 1383      5C5D209F 
 1384 0435 7240D5EB 		.ascii	"r@\325\353\366f\003 _\007\314C\200p\217\345\227\256"
 1384      F6660320 
 1384      5F07CC43 
 1384      80708FE5 
 1384      97AE
 1385 0447 DA5CDF65 		.ascii	"\332\\\337e\017)P&_H\203\325\267\264\354\340|\032Z\236"
 1385      0F295026 
 1385      5F4883D5 
 1385      B7B4ECE0 
 1385      7C1A5A9E 
 1386 045b A180E5CF 		.ascii	"\241\200\345\317\036\245\353*\363u\225\005\224/\230"
 1386      1EA5EB2A 
 1386      F3759505 
 1386      942F98
 1387 046a 09E023C2 		.ascii	"\011\340#\302#\372\366\015l\021\3257\260\016\216{pr"
 1387      23FAF60D 
 1387      6C11D537 
 1387      B00E8E7B 
 1387      7072
 1388 047c 47ADADEF 		.ascii	"G\255\255\357\016VL\215\310U\202\271bYQ%`]\"\256\332"
 1388      0E564C8D 
 1388      C85582B9 
 1388      62595125 
 1388      605D22AE 
 1389 0491 7F74AE12 		.ascii	"\177t\256\022\237c\203\022\012E\024\226P\215ZOF\333"
 1389      9F638312 
 1389      0A451496 
 1389      508D5A4F 
 1389      46DB
 1390 04a3 E1A38BEC 		.ascii	"\341\243\213\354\3059\002Z\005\005\034\021ZKz\241,\244"
 1390      C539025A 
 1390      05051C11 
 1390      5A4B7AA1 
 1390      2CA4
 1391 04b5 6A869670 		.ascii	"j\206\226p\261R\012\213\331aK\300%\012-\333[QpF\354"
 1391      B1520A8B 
 1391      D9614BC0 
 1391      250A2DDB 
 1391      5B517046 
 1392 04ca DF170C4B 		.ascii	"\337\027\014Ki\0378BK*V<4\234\004\226\351\212\177W\363"
 1392      691F3842 
 1392      4B2A563C 
 1392      349C0496 
 1392      E98A7F57 
 1393 04df D37C656D 		.ascii	"\323|emu4\256\232x~\003\223\013\000.\376\014o\"\371"
 1393      7534AE9A 
 1393      787E0393 
 1393      0B002EFE 
 1393      0C6F22F9 
 1394 04f3 93401214 		.ascii	"\223@\022\024\252P\273K\240\242 \012.\361\242).\251"
 1394      AA50BB4B 
 1394      A0A2200A 
 1394      2EF1A229 
 1394      2EA9
 1395 0505 5348B5D2 		.ascii	"SH\265\322\2448\321\272\271\001\342\305(+\245\255\026"
 1395      A438D1BA 
 1395      B901E2C5 
 1395      282BA5AD 
 1395      16
 1396 0516 9798F402 		.ascii	"\227\230\364\002\266\3212sb\252br-\030\320jQh\361\270"
 1396      B6D13273 
 1396      62AA6272 
 1396      2D18D06A 
 1396      5168F1B8 
 1397 052a 8491A978 		.ascii	"\204\221\251xo\265\370\301\205\263\306\233\254\361\330"
 1397      6FB5F8C1 
 1397      85B3C69B 
 1397      ACF1D8
 1398 0539 6BB5889D 		.ascii	"k\265\210\235B\331B\263\353$\2357\004wr\321\225\222"
 1398      42D942B3 
 1398      EB249D37 
 1398      047772D1 
 1398      9592
 1399 054b 806EA45A 		.ascii	"\200n\244Z\255\203\006\325\013\365\202\237\035l\255"
 1399      AD8306D5 
 1399      0BF5829F 
 1399      1D6CAD
 1400 055a D55503C4 		.ascii	"\325U\003\304VK\034r$\271\022\343]\211q~\210r\271\304"
 1400      564B1C72 
 1400      24B912E3 
 1400      5D89717E 
 1400      8872B9C4 
 1401 056e 84248256 		.ascii	"\204$\202V\270RRR\251\210\324&\253\037R\004\260\245"
 1401      B8525252 
 1401      A988D426 
 1401      AB1F5204 
 1401      B0A5
 1402 0580 28371F0C 		.ascii	"(7\037\014\024\243\304\350A\211x^u\2211\024\211\205"
 1402      14A3C4E8 
 1402      4189785E 
 1402      75913114 
 1402      8985
 1403 0592 37810B2C 		.ascii	"7\201\013,(\352\322_\001\222D\232B\205\261\255\026<"
 1403      28EAD25F 
 1403      0192449A 
 1403      4285B1AD 
 1403      163C
 1404 05a4 C0D24442 		.ascii	"\300\322DB\024\223\325f\003\005\037\321\216\261\256"
 1404      1493D566 
 1404      03051FD1 
 1404      8EB1AE
 1405 05b3 F1292269 		.ascii	"\361)\"i\265P\374)\301\304J_\237)\232\011\300\252X\014"
 1405      B550FC29 
 1405      C1C44A5F 
 1405      9F299A09 
 1405      C0AA580C 
 1406 05c7 34FB8317 		.ascii	"4\373\203\027\001\265G@k\304(\023\374\235j\035B\002"
 1406      01B54740 
 1406      6BC42813 
 1406      FC9D6A1D 
 1406      4202
 1407 05d9 A3C18B04 		.ascii	"\243\301\213\004\237\204j\034,o,=\240=\011\004$\014"
 1407      9F846A1C 
 1407      2C6F2C3D 
 1407      A03D0904 
 1407      240C
 1408 05eb E444A323 		.ascii	"\344D\243#\240A\002<\332\\m\215\327F\002\2660\015\016"
 1408      A041023C 
 1408      DA5C6D8D 
 1408      D74602B6 
 1408      300D0E
 1409 05fe A681D1E0 		.ascii	"\246\201\321\340\025fx\310\245\233\3018\210ZY\245wj"
 1409      156678C8 
 1409      A59BC138 
 1409      885A59A5 
 1409      776A
 1410 0610 72A3EF62 		.ascii	"r\243\357b\334\224\236=5\261`/N\305\372\254\340\365"
 1410      DC949E3D 
 1410      35B1602F 
 1410      4EC5FAAC 
 1410      E0F5
 1411 0622 1969BF59 		.ascii	"\031i\277Y\245\177\2535\017J\332h\350\327\216\245k\000"
 1411      A57FAB35 
 1411      0F4ADA68 
 1411      E8D78EA5 
 1411      6B00
 1412 0634 5CA87BD1 		.ascii	"\\\250{\321i8\376\254\326\213v\215Z\264w\316\257y\032"
 1412      6938FEAC 
 1412      D68B768D 
 1412      5AB477CE 
 1412      AF791A
 1413 0647 C337B835 		.ascii	"\3037\2705\224\357p\275\025\317\267\232\"m\235\353("
 1413      94EF70BD 
 1413      15CFB79A 
 1413      226D9DEB 
 1413      28
 1414 0658 81B5EAA4 		.ascii	"\201\265\352\244\007\213{sb\006/_\256\364\\^\365\362"
 1414      078B7B73 
 1414      62062F5F 
 1414      AEF45C5E 
 1414      F5F2
 1415 066a 17B82CCE 		.ascii	"\027\270,\316F\274\011\021\260R\223&\330#\260\202\302"
 1415      46BC0911 
 1415      B0529326 
 1415      D823B082 
 1415      C2
 1416 067b 72FA51B3 		.ascii	"r\372Q\263U\270\304\235\011;*\356\334Y\331\"\006\304"
 1416      55B8C49D 
 1416      093B2AEE 
 1416      DC59D922 
 1416      06C4
 1417 068d 3750B6F5 		.ascii	"7P\266\365\355\271\356\016\212\337\322\3057!\333FU\374"
 1417      EDB9EE0E 
 1417      8ADFD2C5 
 1417      3721DB46 
 1417      55FC
 1418 069f EAF3FBC5 		.ascii	"\352\363\373\305\"\023o\3336\247\320~\206\271\016\370"
 1418      22136FDB 
 1418      36A7D07E 
 1418      86B90EF8 
 1419 06af 3BAC0F4A 		.ascii	";\254\017J\257\017J?\264\010\217\377\013\351/\231\364"
 1419      AF0F4A3F 
 1419      B4088FFF 
 1419      0BE92F99 
 1419      F4
 1420 06c0 AB27878F 		.ascii	"\253'\207\217[\203\332\265\272v%\322mV\265\277,\257"
 1420      5B83DAB5 
 1420      BA7625D2 
 1420      6D56B5BF 
 1420      2CAF
 1421 06d2 2AE68EB7 		.ascii	"*\346\216\267]k\230\033\320\256\244P\021\324\256\010"
 1421      5D6B981B 
 1421      D0AEA450 
 1421      11D4AE08 
 1422 06e2 6AE75B84 		.ascii	"j\347[\204\034\023\021\026\230\330\304S~_\227=\374\274"
 1422      1C131116 
 1422      98D8C453 
 1422      7E5F973D 
 1422      FCBC
 1423 06f4 B68D869E 		.ascii	"\266\215\206\236\327\316\357\350\272\244\036\034\267"
 1423      D7CEEFE8 
 1423      BAA41E1C 
 1423      B7
 1424 0701 ABD9B87E 		.ascii	"\253\331\270~\245sEL\320\250\214\240M;P\246J\265ic\313"
 1424      A573454C 
 1424      D0A88CA0 
 1424      4D3B50A6 
 1424      4AB56963 
 1425 0716 A216D3E0 		.ascii	"\242\026\323\340\345X<\235\267\224\222\037\325\315)"
 1425      E5583C9D 
 1425      B794921F 
 1425      D5CD29
 1426 0725 4BC29F61 		.ascii	"K\302\237ak\320\244\255T\253\263\306\262\363\016^\013"
 1426      6BD0A4AD 
 1426      54ABB3C6 
 1426      B2F30E5E 
 1426      0B
 1427 0736 BE08A77F 		.ascii	"\276\010\247\177fd\303\267\217\014\007\223\035z\261"
 1427      6664C3B7 
 1427      8F0C0793 
 1427      1D7AB1
 1428 0745 EC621B4C 		.ascii	"\354b\033L\203\211\014.\306\234_\270{\243\324\262\015"
 1428      83890C2E 
 1428      C69C5FB8 
 1428      7BA3D4B2 
 1428      0D
 1429 0756 0F0C798A 		.ascii	"\017\014y\2122;\232\331\002\27351\330\303\372\201\010"
 1429      323B9AD9 
 1429      02BB3531 
 1429      D8C3FA81 
 1429      08
 1430 0767 CC8E167A 		.ascii	"\314\216\026z1\002\271QD(\211z[5\357\327\246\012+8d"
 1430      3102B951 
 1430      4428897A 
 1430      5B35EFD7 
 1430      A60A2B38 
 1431 077c FB7A7F3D 		.ascii	"\373z\177=\204nO\007h\020\204\200E=g\353cu#\017\352"
 1431      846E4F07 
 1431      68108480 
 1431      453D67EB 
 1431      6375230F 
 1432 0791 46D63023 		.ascii	"F\3260#w\243X\035\266\346(\365\370\363.\337\261n\200"
 1432      77A3581D 
 1432      B6E628F5 
 1432      F8F32EDF 
 1432      B16E80
 1433 07a4 7081D1C7 		.ascii	"p\201\321\307\267/\352,4\277\247^l\243\351y]z\252\311"
 1433      B72FEA2C 
 1433      34BFA75E 
 1433      6CA3E979 
 1433      5D7AAAC9 
 1434 07b8 8E159C6B 		.ascii	"\216\025\234kc\007\316\275\024\216E<\035\264]./\342"
 1434      6307CEBD 
 1434      148E453C 
 1434      1DB45D2E 
 1434      2FE2
 1435 07ca DB0DD645 		.ascii	"\333\015\326E]\010"
 1435      5D08
 1436 07d0 483FFEB4 		.ascii	"H?\376\264\325\344\225rL\015\205}!\230\013\006\242c"
 1436      D5E49572 
 1436      4C0D857D 
 1436      21980B06 
 1436      A263
 1437 07e2 3AD157E1 		.ascii	":\321W\341j\234\250\2722/_\211G\213\020S\033\202\321"
 1437      6A9CA8BA 
 1437      322F5F89 
 1437      478B1053 
 1437      1B82D1
 1438 07f5 F7BFEAED 		.ascii	"\367\277\352\355\032\006\353\371\353p1\225g\215\316"
 1438      1A06EBF9 
 1438      EB703195 
 1438      678DCE
 1439 0804 73288CC7 		.ascii	"s(\214\307\270G\372(\034\246\254\020\370\246\347\247"
 1439      B847FA28 
 1439      1CA6AC10 
 1439      F8A6E7A7 
 1440 0814 7084C251 		.ascii	"p\204\302Q\012\215\024\232(\324Sh\320\366\300\332\306"
 1440      0A8D149A 
 1440      28D45368 
 1440      D0F6C0DA 
 1440      C6
 1441 0825 F20E301C 		.ascii	"\362\0160\034p\324y\354|\373]3\367\275\252j\267\350"
 1441      70D479EC 
 1441      7CFB5D33 
 1441      F7BDAA6A 
 1441      B7E8
 1442 0837 693BAEDB 		.ascii	"i;\256\333\322\314\322v\205e\307\\\321T~\301\246\235"
 1442      D2CCD276 
 1442      8565C75C 
 1442      D1547EC1 
 1442      A69D
 1443 0849 00E6EBB6 		.ascii	"\000\346\353\266c\300OG\214\301\2339*\006\027\212\023"
 1443      63C04F47 
 1443      8CC19B39 
 1443      2A06178A 
 1443      13
 1444 085a 61984867 		.ascii	"a\230Hg\200\323\334\312S\024Njf]j\367\177f\360G\333"
 1444      80D3DCCA 
 1444      53144E6A 
 1444      665D6AF7 
 1444      7F66F047 
 1445 086f FE0FD070 		.ascii	"\376\017\320p\344\216\246uy\206\217\343\214.vV\375\016"
 1445      E48EA675 
 1445      79868FE3 
 1445      8C2E7656 
 1445      FD0E
 1446 0881 8F74E715 		.ascii	"\217t\347\025\230\364\317\253\317\231\034\001K\012\327"
 1446      98F4CFAB 
 1446      CF991C01 
 1446      4B0AD7
 1447 0890 DF3500C2 		.ascii	"\3375\000\302\031\266\335\1776\207\362E\302\367\237"
 1447      19B6DD7F 
 1447      3687F245 
 1447      C2F79F
 1448 089f FE51D7D9 		.ascii	"\376Q\327\331{n\227\020\016\013\371\237\013\022\363"
 1448      7B6E9710 
 1448      0E0BF99F 
 1448      0B12F3
 1449 08ae 97199267 		.ascii	"\227\031\222g\226C\3628\275\322\340L\367\224\344\264"
 1449      9643F238 
 1449      BDD2E04C 
 1449      F794E4B4 
 1450 08be 0CF71477 		.ascii	"\014\367\024w\2667\031\377f83\223\275\2364\366t\244"
 1450      B63719FF 
 1450      66383393 
 1450      BD9E34F6 
 1450      74A4
 1451 08d0 673ABD19 		.ascii	"g:\275\031\303\322\254\237\214\233\224\370\353\321\243"
 1451      C3D2AC9F 
 1451      8C9B94F8 
 1451      EBD1A3
 1452 08df C900C3E0 		.ascii	"\311\000\303\3400\327\360Q\256\321#?\034A\2543\334\323"
 1452      30D7F051 
 1452      AED1233F 
 1452      1C41AC33 
 1452      DCD3
 1453 08f1 E491290E 		.ascii	"\344\221)\0169\226\377\204\264\236l\217C\356\347\225"
 1453      3996FF84 
 1453      B49E6C8F 
 1453      43EEE795 
 1454 0901 9D1E5915 		.ascii	"\235\036Y\025qx\24549\333cW\001\352\213C\2163\"\234"
 1454      7178A534 
 1454      39DB6357 
 1454      01EA8B43 
 1454      8E33229C 
 1455 0915 999996E9 		.ascii	"\231\231\226\351\236\354\251\036g\226\205\021~\350\220"
 1455      9EECA91E 
 1455      67968511 
 1455      7EE890
 1456 0924 CD5EF717 		.ascii	"\315^\367\027\222C\326fe\247\247{%\331!\233<\222\323"
 1456      9243D666 
 1456      65A7A77B 
 1456      25D9219B 
 1456      3C92D3
 1457 0937 659F8A5D 		.ascii	"e\237\212]\227\344M\363\270\247#W?\025\242\017 \271"
 1457      97E44DF3 
 1457      B8A72357 
 1457      3F15A20F 
 1457      20B9
 1458 0949 7B1AD24F 		.ascii	"{\032\322OK\223\264\211\266_\241\312\030\006\373\343"
 1458      4B93B489 
 1458      B65FA1CA 
 1458      1806FBE3 
 1459 0959 A7136D33 		.ascii	"\247\023m3%\217;]\213\300\260\344\214\354,)\371\317"
 1459      258F3B5D 
 1459      8BC0B0E4 
 1459      8CEC2C29 
 1459      F9CF
 1460 096b 5E59FA2B 		.ascii	"^Y\372+\332\223\354\315\236\341I\223\222g9\245\254\317"
 1460      DA93ECCD 
 1460      9EE14993 
 1460      926739A5 
 1460      ACCF
 1461 097d 877AA767 		.ascii	"\207z\247g\272\345\241\237OI\036\343\366d\341\317\022"
 1461      BAE5A19F 
 1461      4F491EE3 
 1461      F664E1CF 
 1461      12
 1462 098e F9C9B0E4 		.ascii	"\371\311\260\344\010!sOK\313\234\341\222\014a\313 \302"
 1462      0821734F 
 1462      4BCB9CE1 
 1462      920C61CB 
 1462      20C2
 1463 09a0 CC2C390A 		.ascii	"\314,9\012\215\220%-2\274\357\220\243\203\246\320Q\304"
 1463      8D90252D 
 1463      32BCEF90 
 1463      A383A6D0 
 1463      51C4
 1464 09b2 E6F464CD 		.ascii	"\346\364d\315\374\27144\353\247\351\323\211\230\226"
 1464      FCB93434 
 1464      EBA7E9D3 
 1464      899896
 1465 09c1 ED91A5BF 		.ascii	"\355\221\245\277\015\315\032ET\257?s\272\345\217\231"
 1465      0DCD1A45 
 1465      54AF3F73 
 1465      BAE58F99 
 1466 09d1 913FFEEE 		.ascii	"\221?\376\3564\221\004\336\371D\222'\360\000\377\216"
 1466      349104DE 
 1466      F9449227 
 1466      F000FF8E 
 1467 09e1 FBDD2F74 		.ascii	"\373\335/tp\002\206TL\313\230\230\341\232\220)I\323"
 1467      70028654 
 1467      4CCB9898 
 1467      E19A9029 
 1467      49D3
 1468 09f3 63BDB3BC 		.ascii	"c\275\263\274\030l\3113\023y\344\2440\3270\034\001\317"
 1468      186CC933 
 1468      1379E4A4 
 1468      30D7301C 
 1468      01CF
 1469 0a05 D232E40C 		.ascii	"\3222\344\014\026z/z\026\227\355ufN\344\257\234&|\""
 1469      167A2F7A 
 1469      1697ED75 
 1469      664EE4AF 
 1469      9C267C22 
 1470 0a19 B38F8190 		.ascii	"\263\217\201\220a\3504\267\332\307\211\026\247\313\345"
 1470      61E834B7 
 1470      DAC78916 
 1470      A7CBE5
 1471 0a28 91BC5E9B 		.ascii	"\221\274^\233Z\003^\007K\261E{\371AHy\030\223\031\033"
 1471      5A035E07 
 1471      4BB1457B 
 1471      F9414879 
 1471      1893191B 
 1472 0a3c 80A765CF 		.ascii	"\200\247e\317\230&GOwN\225\370L\321)\313\036\367\224"
 1472      9826474F 
 1472      774E95F8 
 1472      4CD129CB 
 1472      1EF794
 1473 0a4f 19B2E435 		.ascii	"\031\262\3445\261w\263\232\353\177\003\322\312\036\376"
 1473      B177B39A 
 1473      EB7F03D2 
 1473      CA1EFE
 1474              		.text
 1475              		.section	.gnu.lto_.symtab.3906628a09e45ee3,"e",%progbits
 1476 0000 666C6173 		.ascii	"flashWaitErase\000"
 1476      68576169 
 1476      74457261 
 1476      736500
 1477 000f 00       		.ascii	"\000"
 1478 0010 00       		.ascii	"\000"
 1479 0011 00       		.ascii	"\000"
 1480 0012 00000000 		.ascii	"\000\000\000\000\000\000\000\000"
 1480      00000000 
 1481 001a 20010000 		.ascii	" \001\000\000"
 1482 001e 666C6173 		.ascii	"flashGetSectorOffset\000"
 1482      68476574 
 1482      53656374 
 1482      6F724F66 
 1482      66736574 
 1483 0033 00       		.ascii	"\000"
 1484 0034 00       		.ascii	"\000"
 1485 0035 00       		.ascii	"\000"
 1486 0036 00000000 		.ascii	"\000\000\000\000\000\000\000\000"
 1486      00000000 
 1487 003e 25010000 		.ascii	"%\001\000\000"
 1488 0042 666C6173 		.ascii	"flashGetSectorSize\000"
 1488      68476574 
 1488      53656374 
 1488      6F725369 
 1488      7A6500
 1489 0055 00       		.ascii	"\000"
 1490 0056 00       		.ascii	"\000"
 1491 0057 00       		.ascii	"\000"
 1492 0058 00000000 		.ascii	"\000\000\000\000\000\000\000\000"
 1492      00000000 
 1493 0060 2A010000 		.ascii	"*\001\000\000"
 1494 0064 63685468 		.ascii	"chThdSleep\000"
 1494      64536C65 
 1494      657000
 1495 006f 00       		.ascii	"\000"
 1496 0070 02       		.ascii	"\002"
 1497 0071 00       		.ascii	"\000"
 1498 0072 00000000 		.ascii	"\000\000\000\000\000\000\000\000"
 1498      00000000 
 1499 007a 30010000 		.ascii	"0\001\000\000"
 1500              		.text
 1501              		.section	.gnu.lto_.ext_symtab.3906628a09e45ee3,"e",%progbits
 1502 0000 01       		.ascii	"\001"
 1503 0001 01       		.ascii	"\001"
 1504 0002 00       		.ascii	"\000"
 1505 0003 01       		.ascii	"\001"
 1506 0004 00       		.ascii	"\000"
 1507 0005 01       		.ascii	"\001"
 1508 0006 00       		.ascii	"\000"
 1509 0007 01       		.ascii	"\001"
 1510 0008 00       		.ascii	"\000"
 1511              		.text
 1512              		.section	.gnu.lto_.opts,"e",%progbits
 1513 0000 272D666E 		.ascii	"'-fno-openmp' '-fno-openacc' '-fno-pie' '-fcf-prote"
 1513      6F2D6F70 
 1513      656E6D70 
 1513      2720272D 
 1513      666E6F2D 
 1514 0033 6374696F 		.ascii	"ction=none' '-g' '-mcpu=cortex-m4' '-mthumb' '-mno-"
 1514      6E3D6E6F 
 1514      6E652720 
 1514      272D6727 
 1514      20272D6D 
 1515 0066 7468756D 		.ascii	"thumb-interwork' '-mno-unaligned-access' '-mfloat-a"
 1515      622D696E 
 1515      74657277 
 1515      6F726B27 
 1515      20272D6D 
 1516 0099 62693D68 		.ascii	"bi=hard' '-mfpu=fpv4-sp-d16' '-mlibarch=armv7e-m+fp"
 1516      61726427 
 1516      20272D6D 
 1516      6670753D 
 1516      66707634 
 1517 00cc 2720272D 		.ascii	"' '-march=armv7e-m+fp' '-Os' '-Ofast' '-fsingle-pre"
 1517      6D617263 
 1517      683D6172 
 1517      6D763765 
 1517      2D6D2B66 
 1518 00ff 63697369 		.ascii	"cision-constant' '-fomit-frame-pointer' '-ffunction"
 1518      6F6E2D63 
 1518      6F6E7374 
 1518      616E7427 
 1518      20272D66 
 1519 0132 2D736563 		.ascii	"-sections' '-fdata-sections' '-fshort-wchar' '-fcom"
 1519      74696F6E 
 1519      73272027 
 1519      2D666461 
 1519      74612D73 
 1520 0165 6D6F6E27 		.ascii	"mon' '-flto' '-Xassembler' '-adhlns=.build/obj_karl"
 1520      20272D66 
 1520      6C746F27 
 1520      20272D58 
 1520      61737365 
 1521 0198 6B39305F 		.ascii	"k90_yaemk/lib/chibios/os/hal/src/hal_flash.lst'\000"
 1521      7961656D 
 1521      6B2F6C69 
 1521      622F6368 
 1521      6962696F 
 1522              		.text
 1523              		.comm	__gnu_lto_slim,1,1
 1524              		.ident	"GCC: (15:10.3-2021.07-4) 10.3.1 20210621 (release)"
DEFINED SYMBOLS
                            *ABS*:0000000000000000 hal_flash.c
     /tmp/ccAGNHOu.s:22     .gnu.debuglto_.debug_info:0000000000000000 hal_flash.c.d04d9381
                            *COM*:0000000000000001 __gnu_lto_slim

NO UNDEFINED SYMBOLS
