   1              		.cpu cortex-m4
   2              		.eabi_attribute 27, 1
   3              		.eabi_attribute 28, 1
   4              		.eabi_attribute 23, 1
   5              		.eabi_attribute 24, 1
   6              		.eabi_attribute 25, 1
   7              		.eabi_attribute 26, 1
   8              		.eabi_attribute 30, 2
   9              		.eabi_attribute 34, 0
  10              		.eabi_attribute 18, 2
  11              		.file	"hal_pal.c"
  12              		.file 1 "/usr/lib/gcc/arm-none-eabi/10.3.1/include/stdint.h"
  13              		.file 2 "./lib/chibios/os/hal/ports/STM32/LLD/GPIOv2/stm32_gpio.h"
  14              		.file 3 "./lib/chibios/os/hal/ports/STM32/LLD/GPIOv2/hal_pal_lld.h"
  15              		.file 4 "./lib/chibios/os/hal/include/hal_pal.h"
  16              		.file 5 "lib/chibios/os/hal/src/hal_pal.c"
  17              		.section	.gnu.debuglto_.debug_info,"e",%progbits
  18              	.Ldebug_info0:
  19              		.hidden	hal_pal.c.5a287f54
  20              		.weak	hal_pal.c.5a287f54
  21              	hal_pal.c.5a287f54:
  22 0000 BA020000 		.4byte	0x2ba
  23 0004 0400     		.2byte	0x4
  24 0006 00000000 		.4byte	.Ldebug_abbrev0
  25 000a 04       		.byte	0x4
  26 000b 01       		.uleb128 0x1
  27 000c 17010000 		.4byte	.LASF36
  28 0010 0C       		.byte	0xc
  29 0011 BA020000 		.4byte	.LASF37
  30 0015 BF000000 		.4byte	.LASF38
  31 0019 00000000 		.4byte	.Ldebug_line0
  32 001d 02       		.uleb128 0x2
  33 001e 04       		.byte	0x4
  34 001f 05       		.byte	0x5
  35 0020 696E7400 		.ascii	"int\000"
  36 0024 03       		.uleb128 0x3
  37 0025 04       		.byte	0x4
  38 0026 07       		.byte	0x7
  39 0027 ED000000 		.4byte	.LASF0
  40 002b 03       		.uleb128 0x3
  41 002c 02       		.byte	0x2
  42 002d 07       		.byte	0x7
  43 002e A7000000 		.4byte	.LASF1
  44 0032 03       		.uleb128 0x3
  45 0033 01       		.byte	0x1
  46 0034 06       		.byte	0x6
  47 0035 8B020000 		.4byte	.LASF2
  48 0039 03       		.uleb128 0x3
  49 003a 02       		.byte	0x2
  50 003b 05       		.byte	0x5
  51 003c 3D000000 		.4byte	.LASF3
  52 0040 03       		.uleb128 0x3
  53 0041 04       		.byte	0x4
  54 0042 05       		.byte	0x5
  55 0043 82020000 		.4byte	.LASF4
  56 0047 03       		.uleb128 0x3
  57 0048 08       		.byte	0x8
  58 0049 05       		.byte	0x5
  59 004a 46020000 		.4byte	.LASF5
  60 004e 03       		.uleb128 0x3
  61 004f 01       		.byte	0x1
  62 0050 08       		.byte	0x8
  63 0051 82000000 		.4byte	.LASF6
  64 0055 04       		.uleb128 0x4
  65 0056 70020000 		.4byte	.LASF7
  66 005a 01       		.byte	0x1
  67 005b 31       		.byte	0x31
  68 005c 19       		.byte	0x19
  69 005d 2B000000 		.4byte	0x2b
  70 0061 04       		.uleb128 0x4
  71 0062 79020000 		.4byte	.LASF8
  72 0066 01       		.byte	0x1
  73 0067 34       		.byte	0x34
  74 0068 19       		.byte	0x19
  75 0069 72000000 		.4byte	0x72
  76 006d 05       		.uleb128 0x5
  77 006e 61000000 		.4byte	0x61
  78 0072 03       		.uleb128 0x3
  79 0073 04       		.byte	0x4
  80 0074 07       		.byte	0x7
  81 0075 95000000 		.4byte	.LASF9
  82 0079 03       		.uleb128 0x3
  83 007a 08       		.byte	0x8
  84 007b 07       		.byte	0x7
  85 007c 9D020000 		.4byte	.LASF10
  86 0080 04       		.uleb128 0x4
  87 0081 1F000000 		.4byte	.LASF11
  88 0085 01       		.byte	0x1
  89 0086 4B       		.byte	0x4b
  90 0087 1D       		.byte	0x1d
  91 0088 24000000 		.4byte	0x24
  92 008c 03       		.uleb128 0x3
  93 008d 01       		.byte	0x1
  94 008e 08       		.byte	0x8
  95 008f FA000000 		.4byte	.LASF12
  96 0093 06       		.uleb128 0x6
  97 0094 8C000000 		.4byte	0x8c
  98 0098 03       		.uleb128 0x3
  99 0099 01       		.byte	0x1
 100 009a 02       		.byte	0x2
 101 009b 97020000 		.4byte	.LASF13
 102 009f 07       		.uleb128 0x7
 103 00a0 04       		.byte	0x4
 104 00a1 02       		.byte	0x2
 105 00a2 5B       		.byte	0x5b
 106 00a3 05       		.byte	0x5
 107 00a4 C3000000 		.4byte	0xc3
 108 00a8 08       		.uleb128 0x8
 109 00a9 73657400 		.ascii	"set\000"
 110 00ad 02       		.byte	0x2
 111 00ae 5C       		.byte	0x5c
 112 00af 19       		.byte	0x19
 113 00b0 55000000 		.4byte	0x55
 114 00b4 00       		.byte	0
 115 00b5 09       		.uleb128 0x9
 116 00b6 08000000 		.4byte	.LASF14
 117 00ba 02       		.byte	0x2
 118 00bb 5D       		.byte	0x5d
 119 00bc 19       		.byte	0x19
 120 00bd 55000000 		.4byte	0x55
 121 00c1 02       		.byte	0x2
 122 00c2 00       		.byte	0
 123 00c3 0A       		.uleb128 0xa
 124 00c4 04       		.byte	0x4
 125 00c5 02       		.byte	0x2
 126 00c6 59       		.byte	0x59
 127 00c7 0C       		.byte	0xc
 128 00c8 E1000000 		.4byte	0xe1
 129 00cc 0B       		.uleb128 0xb
 130 00cd 5700     		.ascii	"W\000"
 131 00cf 02       		.byte	0x2
 132 00d0 5A       		.byte	0x5a
 133 00d1 19       		.byte	0x19
 134 00d2 61000000 		.4byte	0x61
 135 00d6 0B       		.uleb128 0xb
 136 00d7 4800     		.ascii	"H\000"
 137 00d9 02       		.byte	0x2
 138 00da 5E       		.byte	0x5e
 139 00db 07       		.byte	0x7
 140 00dc 9F000000 		.4byte	0x9f
 141 00e0 00       		.byte	0
 142 00e1 05       		.uleb128 0x5
 143 00e2 C3000000 		.4byte	0xc3
 144 00e6 07       		.uleb128 0x7
 145 00e7 28       		.byte	0x28
 146 00e8 02       		.byte	0x2
 147 00e9 51       		.byte	0x51
 148 00ea 09       		.byte	0x9
 149 00eb 72010000 		.4byte	0x172
 150 00ef 09       		.uleb128 0x9
 151 00f0 0E000000 		.4byte	.LASF15
 152 00f4 02       		.byte	0x2
 153 00f5 53       		.byte	0x53
 154 00f6 19       		.byte	0x19
 155 00f7 6D000000 		.4byte	0x6d
 156 00fb 00       		.byte	0
 157 00fc 09       		.uleb128 0x9
 158 00fd 72000000 		.4byte	.LASF16
 159 0101 02       		.byte	0x2
 160 0102 54       		.byte	0x54
 161 0103 19       		.byte	0x19
 162 0104 6D000000 		.4byte	0x6d
 163 0108 04       		.byte	0x4
 164 0109 09       		.uleb128 0x9
 165 010a 00000000 		.4byte	.LASF17
 166 010e 02       		.byte	0x2
 167 010f 55       		.byte	0x55
 168 0110 19       		.byte	0x19
 169 0111 6D000000 		.4byte	0x6d
 170 0115 08       		.byte	0x8
 171 0116 09       		.uleb128 0x9
 172 0117 40020000 		.4byte	.LASF18
 173 011b 02       		.byte	0x2
 174 011c 56       		.byte	0x56
 175 011d 19       		.byte	0x19
 176 011e 6D000000 		.4byte	0x6d
 177 0122 0C       		.byte	0xc
 178 0123 08       		.uleb128 0x8
 179 0124 49445200 		.ascii	"IDR\000"
 180 0128 02       		.byte	0x2
 181 0129 57       		.byte	0x57
 182 012a 19       		.byte	0x19
 183 012b 6D000000 		.4byte	0x6d
 184 012f 10       		.byte	0x10
 185 0130 08       		.uleb128 0x8
 186 0131 4F445200 		.ascii	"ODR\000"
 187 0135 02       		.byte	0x2
 188 0136 58       		.byte	0x58
 189 0137 19       		.byte	0x19
 190 0138 6D000000 		.4byte	0x6d
 191 013c 14       		.byte	0x14
 192 013d 09       		.uleb128 0x9
 193 013e 2C000000 		.4byte	.LASF19
 194 0142 02       		.byte	0x2
 195 0143 5F       		.byte	0x5f
 196 0144 05       		.byte	0x5
 197 0145 E1000000 		.4byte	0xe1
 198 0149 18       		.byte	0x18
 199 014a 09       		.uleb128 0x9
 200 014b 04010000 		.4byte	.LASF20
 201 014f 02       		.byte	0x2
 202 0150 60       		.byte	0x60
 203 0151 19       		.byte	0x19
 204 0152 6D000000 		.4byte	0x6d
 205 0156 1C       		.byte	0x1c
 206 0157 09       		.uleb128 0x9
 207 0158 BA000000 		.4byte	.LASF21
 208 015c 02       		.byte	0x2
 209 015d 61       		.byte	0x61
 210 015e 19       		.byte	0x19
 211 015f 6D000000 		.4byte	0x6d
 212 0163 20       		.byte	0x20
 213 0164 09       		.uleb128 0x9
 214 0165 90000000 		.4byte	.LASF22
 215 0169 02       		.byte	0x2
 216 016a 62       		.byte	0x62
 217 016b 19       		.byte	0x19
 218 016c 6D000000 		.4byte	0x6d
 219 0170 24       		.byte	0x24
 220 0171 00       		.byte	0
 221 0172 04       		.uleb128 0x4
 222 0173 0A010000 		.4byte	.LASF23
 223 0177 02       		.byte	0x2
 224 0178 63       		.byte	0x63
 225 0179 03       		.byte	0x3
 226 017a E6000000 		.4byte	0xe6
 227 017e 04       		.uleb128 0x4
 228 017f 5C000000 		.4byte	.LASF24
 229 0183 03       		.byte	0x3
 230 0184 C2       		.byte	0xc2
 231 0185 12       		.byte	0x12
 232 0186 61000000 		.4byte	0x61
 233 018a 04       		.uleb128 0x4
 234 018b 79000000 		.4byte	.LASF25
 235 018f 03       		.byte	0x3
 236 0190 C7       		.byte	0xc7
 237 0191 12       		.byte	0x12
 238 0192 61000000 		.4byte	0x61
 239 0196 04       		.uleb128 0x4
 240 0197 65020000 		.4byte	.LASF26
 241 019b 03       		.byte	0x3
 242 019c D9       		.byte	0xd9
 243 019d 18       		.byte	0x18
 244 019e A2010000 		.4byte	0x1a2
 245 01a2 0C       		.uleb128 0xc
 246 01a3 04       		.byte	0x4
 247 01a4 72010000 		.4byte	0x172
 248 01a8 07       		.uleb128 0x7
 249 01a9 0C       		.byte	0xc
 250 01aa 04       		.byte	0x4
 251 01ab B7       		.byte	0xb7
 252 01ac 09       		.byte	0x9
 253 01ad D9010000 		.4byte	0x1d9
 254 01b1 09       		.uleb128 0x9
 255 01b2 55000000 		.4byte	.LASF27
 256 01b6 04       		.byte	0x4
 257 01b7 BB       		.byte	0xbb
 258 01b8 19       		.byte	0x19
 259 01b9 96010000 		.4byte	0x196
 260 01bd 00       		.byte	0
 261 01be 09       		.uleb128 0x9
 262 01bf 54020000 		.4byte	.LASF28
 263 01c3 04       		.byte	0x4
 264 01c4 C1       		.byte	0xc1
 265 01c5 19       		.byte	0x19
 266 01c6 7E010000 		.4byte	0x17e
 267 01ca 04       		.byte	0x4
 268 01cb 09       		.uleb128 0x9
 269 01cc 5E020000 		.4byte	.LASF29
 270 01d0 04       		.byte	0x4
 271 01d1 C5       		.byte	0xc5
 272 01d2 19       		.byte	0x19
 273 01d3 80000000 		.4byte	0x80
 274 01d7 08       		.byte	0x8
 275 01d8 00       		.byte	0
 276 01d9 04       		.uleb128 0x4
 277 01da B4020000 		.4byte	.LASF30
 278 01de 04       		.byte	0x4
 279 01df C6       		.byte	0xc6
 280 01e0 03       		.byte	0x3
 281 01e1 A8010000 		.4byte	0x1a8
 282 01e5 06       		.uleb128 0x6
 283 01e6 D9010000 		.4byte	0x1d9
 284 01ea 0D       		.uleb128 0xd
 285 01eb 47000000 		.4byte	.LASF32
 286 01ef 05       		.byte	0x5
 287 01f0 71       		.byte	0x71
 288 01f1 06       		.byte	0x6
 289 01f2 18020000 		.4byte	0x218
 290 01f6 0E       		.uleb128 0xe
 291 01f7 62757300 		.ascii	"bus\000"
 292 01fb 05       		.byte	0x5
 293 01fc 71       		.byte	0x71
 294 01fd 21       		.byte	0x21
 295 01fe 18020000 		.4byte	0x218
 296 0202 0F       		.uleb128 0xf
 297 0203 FF000000 		.4byte	.LASF31
 298 0207 05       		.byte	0x5
 299 0208 71       		.byte	0x71
 300 0209 2F       		.byte	0x2f
 301 020a 8A010000 		.4byte	0x18a
 302 020e 10       		.uleb128 0x10
 303 020f 69000000 		.4byte	.LASF35
 304 0213 2E020000 		.4byte	0x22e
 305 0217 00       		.byte	0
 306 0218 0C       		.uleb128 0xc
 307 0219 04       		.byte	0x4
 308 021a E5010000 		.4byte	0x1e5
 309 021e 11       		.uleb128 0x11
 310 021f 93000000 		.4byte	0x93
 311 0223 2E020000 		.4byte	0x22e
 312 0227 12       		.uleb128 0x12
 313 0228 24000000 		.4byte	0x24
 314 022c 0D       		.byte	0xd
 315 022d 00       		.byte	0
 316 022e 06       		.uleb128 0x6
 317 022f 1E020000 		.4byte	0x21e
 318 0233 0D       		.uleb128 0xd
 319 0234 31000000 		.4byte	.LASF33
 320 0238 05       		.byte	0x5
 321 0239 5A       		.byte	0x5a
 322 023a 06       		.byte	0x6
 323 023b 6D020000 		.4byte	0x26d
 324 023f 0E       		.uleb128 0xe
 325 0240 62757300 		.ascii	"bus\000"
 326 0244 05       		.byte	0x5
 327 0245 5A       		.byte	0x5a
 328 0246 1F       		.byte	0x1f
 329 0247 18020000 		.4byte	0x218
 330 024b 0F       		.uleb128 0xf
 331 024c 59020000 		.4byte	.LASF34
 332 0250 05       		.byte	0x5
 333 0251 5A       		.byte	0x5a
 334 0252 31       		.byte	0x31
 335 0253 7E010000 		.4byte	0x17e
 336 0257 10       		.uleb128 0x10
 337 0258 69000000 		.4byte	.LASF35
 338 025c 7D020000 		.4byte	0x27d
 339 0260 13       		.uleb128 0x13
 340 0261 14       		.uleb128 0x14
 341 0262 7700     		.ascii	"w\000"
 342 0264 05       		.byte	0x5
 343 0265 5E       		.byte	0x5e
 344 0266 03       		.byte	0x3
 345 0267 61000000 		.4byte	0x61
 346 026b 00       		.byte	0
 347 026c 00       		.byte	0
 348 026d 11       		.uleb128 0x11
 349 026e 93000000 		.4byte	0x93
 350 0272 7D020000 		.4byte	0x27d
 351 0276 12       		.uleb128 0x12
 352 0277 24000000 		.4byte	0x24
 353 027b 0B       		.byte	0xb
 354 027c 00       		.byte	0
 355 027d 06       		.uleb128 0x6
 356 027e 6D020000 		.4byte	0x26d
 357 0282 15       		.uleb128 0x15
 358 0283 14000000 		.4byte	.LASF39
 359 0287 05       		.byte	0x5
 360 0288 41       		.byte	0x41
 361 0289 0E       		.byte	0xe
 362 028a 7E010000 		.4byte	0x17e
 363 028e A8020000 		.4byte	0x2a8
 364 0292 0E       		.uleb128 0xe
 365 0293 62757300 		.ascii	"bus\000"
 366 0297 05       		.byte	0x5
 367 0298 41       		.byte	0x41
 368 0299 26       		.byte	0x26
 369 029a 18020000 		.4byte	0x218
 370 029e 10       		.uleb128 0x10
 371 029f 69000000 		.4byte	.LASF35
 372 02a3 B8020000 		.4byte	0x2b8
 373 02a7 00       		.byte	0
 374 02a8 11       		.uleb128 0x11
 375 02a9 93000000 		.4byte	0x93
 376 02ad B8020000 		.4byte	0x2b8
 377 02b1 12       		.uleb128 0x12
 378 02b2 24000000 		.4byte	0x24
 379 02b6 0A       		.byte	0xa
 380 02b7 00       		.byte	0
 381 02b8 06       		.uleb128 0x6
 382 02b9 A8020000 		.4byte	0x2a8
 383 02bd 00       		.byte	0
 384              		.section	.gnu.debuglto_.debug_abbrev,"e",%progbits
 385              	.Ldebug_abbrev0:
 386 0000 01       		.uleb128 0x1
 387 0001 11       		.uleb128 0x11
 388 0002 01       		.byte	0x1
 389 0003 25       		.uleb128 0x25
 390 0004 0E       		.uleb128 0xe
 391 0005 13       		.uleb128 0x13
 392 0006 0B       		.uleb128 0xb
 393 0007 03       		.uleb128 0x3
 394 0008 0E       		.uleb128 0xe
 395 0009 1B       		.uleb128 0x1b
 396 000a 0E       		.uleb128 0xe
 397 000b 10       		.uleb128 0x10
 398 000c 17       		.uleb128 0x17
 399 000d 00       		.byte	0
 400 000e 00       		.byte	0
 401 000f 02       		.uleb128 0x2
 402 0010 24       		.uleb128 0x24
 403 0011 00       		.byte	0
 404 0012 0B       		.uleb128 0xb
 405 0013 0B       		.uleb128 0xb
 406 0014 3E       		.uleb128 0x3e
 407 0015 0B       		.uleb128 0xb
 408 0016 03       		.uleb128 0x3
 409 0017 08       		.uleb128 0x8
 410 0018 00       		.byte	0
 411 0019 00       		.byte	0
 412 001a 03       		.uleb128 0x3
 413 001b 24       		.uleb128 0x24
 414 001c 00       		.byte	0
 415 001d 0B       		.uleb128 0xb
 416 001e 0B       		.uleb128 0xb
 417 001f 3E       		.uleb128 0x3e
 418 0020 0B       		.uleb128 0xb
 419 0021 03       		.uleb128 0x3
 420 0022 0E       		.uleb128 0xe
 421 0023 00       		.byte	0
 422 0024 00       		.byte	0
 423 0025 04       		.uleb128 0x4
 424 0026 16       		.uleb128 0x16
 425 0027 00       		.byte	0
 426 0028 03       		.uleb128 0x3
 427 0029 0E       		.uleb128 0xe
 428 002a 3A       		.uleb128 0x3a
 429 002b 0B       		.uleb128 0xb
 430 002c 3B       		.uleb128 0x3b
 431 002d 0B       		.uleb128 0xb
 432 002e 39       		.uleb128 0x39
 433 002f 0B       		.uleb128 0xb
 434 0030 49       		.uleb128 0x49
 435 0031 13       		.uleb128 0x13
 436 0032 00       		.byte	0
 437 0033 00       		.byte	0
 438 0034 05       		.uleb128 0x5
 439 0035 35       		.uleb128 0x35
 440 0036 00       		.byte	0
 441 0037 49       		.uleb128 0x49
 442 0038 13       		.uleb128 0x13
 443 0039 00       		.byte	0
 444 003a 00       		.byte	0
 445 003b 06       		.uleb128 0x6
 446 003c 26       		.uleb128 0x26
 447 003d 00       		.byte	0
 448 003e 49       		.uleb128 0x49
 449 003f 13       		.uleb128 0x13
 450 0040 00       		.byte	0
 451 0041 00       		.byte	0
 452 0042 07       		.uleb128 0x7
 453 0043 13       		.uleb128 0x13
 454 0044 01       		.byte	0x1
 455 0045 0B       		.uleb128 0xb
 456 0046 0B       		.uleb128 0xb
 457 0047 3A       		.uleb128 0x3a
 458 0048 0B       		.uleb128 0xb
 459 0049 3B       		.uleb128 0x3b
 460 004a 0B       		.uleb128 0xb
 461 004b 39       		.uleb128 0x39
 462 004c 0B       		.uleb128 0xb
 463 004d 01       		.uleb128 0x1
 464 004e 13       		.uleb128 0x13
 465 004f 00       		.byte	0
 466 0050 00       		.byte	0
 467 0051 08       		.uleb128 0x8
 468 0052 0D       		.uleb128 0xd
 469 0053 00       		.byte	0
 470 0054 03       		.uleb128 0x3
 471 0055 08       		.uleb128 0x8
 472 0056 3A       		.uleb128 0x3a
 473 0057 0B       		.uleb128 0xb
 474 0058 3B       		.uleb128 0x3b
 475 0059 0B       		.uleb128 0xb
 476 005a 39       		.uleb128 0x39
 477 005b 0B       		.uleb128 0xb
 478 005c 49       		.uleb128 0x49
 479 005d 13       		.uleb128 0x13
 480 005e 38       		.uleb128 0x38
 481 005f 0B       		.uleb128 0xb
 482 0060 00       		.byte	0
 483 0061 00       		.byte	0
 484 0062 09       		.uleb128 0x9
 485 0063 0D       		.uleb128 0xd
 486 0064 00       		.byte	0
 487 0065 03       		.uleb128 0x3
 488 0066 0E       		.uleb128 0xe
 489 0067 3A       		.uleb128 0x3a
 490 0068 0B       		.uleb128 0xb
 491 0069 3B       		.uleb128 0x3b
 492 006a 0B       		.uleb128 0xb
 493 006b 39       		.uleb128 0x39
 494 006c 0B       		.uleb128 0xb
 495 006d 49       		.uleb128 0x49
 496 006e 13       		.uleb128 0x13
 497 006f 38       		.uleb128 0x38
 498 0070 0B       		.uleb128 0xb
 499 0071 00       		.byte	0
 500 0072 00       		.byte	0
 501 0073 0A       		.uleb128 0xa
 502 0074 17       		.uleb128 0x17
 503 0075 01       		.byte	0x1
 504 0076 0B       		.uleb128 0xb
 505 0077 0B       		.uleb128 0xb
 506 0078 3A       		.uleb128 0x3a
 507 0079 0B       		.uleb128 0xb
 508 007a 3B       		.uleb128 0x3b
 509 007b 0B       		.uleb128 0xb
 510 007c 39       		.uleb128 0x39
 511 007d 0B       		.uleb128 0xb
 512 007e 01       		.uleb128 0x1
 513 007f 13       		.uleb128 0x13
 514 0080 00       		.byte	0
 515 0081 00       		.byte	0
 516 0082 0B       		.uleb128 0xb
 517 0083 0D       		.uleb128 0xd
 518 0084 00       		.byte	0
 519 0085 03       		.uleb128 0x3
 520 0086 08       		.uleb128 0x8
 521 0087 3A       		.uleb128 0x3a
 522 0088 0B       		.uleb128 0xb
 523 0089 3B       		.uleb128 0x3b
 524 008a 0B       		.uleb128 0xb
 525 008b 39       		.uleb128 0x39
 526 008c 0B       		.uleb128 0xb
 527 008d 49       		.uleb128 0x49
 528 008e 13       		.uleb128 0x13
 529 008f 00       		.byte	0
 530 0090 00       		.byte	0
 531 0091 0C       		.uleb128 0xc
 532 0092 0F       		.uleb128 0xf
 533 0093 00       		.byte	0
 534 0094 0B       		.uleb128 0xb
 535 0095 0B       		.uleb128 0xb
 536 0096 49       		.uleb128 0x49
 537 0097 13       		.uleb128 0x13
 538 0098 00       		.byte	0
 539 0099 00       		.byte	0
 540 009a 0D       		.uleb128 0xd
 541 009b 2E       		.uleb128 0x2e
 542 009c 01       		.byte	0x1
 543 009d 3F       		.uleb128 0x3f
 544 009e 19       		.uleb128 0x19
 545 009f 03       		.uleb128 0x3
 546 00a0 0E       		.uleb128 0xe
 547 00a1 3A       		.uleb128 0x3a
 548 00a2 0B       		.uleb128 0xb
 549 00a3 3B       		.uleb128 0x3b
 550 00a4 0B       		.uleb128 0xb
 551 00a5 39       		.uleb128 0x39
 552 00a6 0B       		.uleb128 0xb
 553 00a7 27       		.uleb128 0x27
 554 00a8 19       		.uleb128 0x19
 555 00a9 01       		.uleb128 0x1
 556 00aa 13       		.uleb128 0x13
 557 00ab 00       		.byte	0
 558 00ac 00       		.byte	0
 559 00ad 0E       		.uleb128 0xe
 560 00ae 05       		.uleb128 0x5
 561 00af 00       		.byte	0
 562 00b0 03       		.uleb128 0x3
 563 00b1 08       		.uleb128 0x8
 564 00b2 3A       		.uleb128 0x3a
 565 00b3 0B       		.uleb128 0xb
 566 00b4 3B       		.uleb128 0x3b
 567 00b5 0B       		.uleb128 0xb
 568 00b6 39       		.uleb128 0x39
 569 00b7 0B       		.uleb128 0xb
 570 00b8 49       		.uleb128 0x49
 571 00b9 13       		.uleb128 0x13
 572 00ba 00       		.byte	0
 573 00bb 00       		.byte	0
 574 00bc 0F       		.uleb128 0xf
 575 00bd 05       		.uleb128 0x5
 576 00be 00       		.byte	0
 577 00bf 03       		.uleb128 0x3
 578 00c0 0E       		.uleb128 0xe
 579 00c1 3A       		.uleb128 0x3a
 580 00c2 0B       		.uleb128 0xb
 581 00c3 3B       		.uleb128 0x3b
 582 00c4 0B       		.uleb128 0xb
 583 00c5 39       		.uleb128 0x39
 584 00c6 0B       		.uleb128 0xb
 585 00c7 49       		.uleb128 0x49
 586 00c8 13       		.uleb128 0x13
 587 00c9 00       		.byte	0
 588 00ca 00       		.byte	0
 589 00cb 10       		.uleb128 0x10
 590 00cc 34       		.uleb128 0x34
 591 00cd 00       		.byte	0
 592 00ce 03       		.uleb128 0x3
 593 00cf 0E       		.uleb128 0xe
 594 00d0 49       		.uleb128 0x49
 595 00d1 13       		.uleb128 0x13
 596 00d2 34       		.uleb128 0x34
 597 00d3 19       		.uleb128 0x19
 598 00d4 00       		.byte	0
 599 00d5 00       		.byte	0
 600 00d6 11       		.uleb128 0x11
 601 00d7 01       		.uleb128 0x1
 602 00d8 01       		.byte	0x1
 603 00d9 49       		.uleb128 0x49
 604 00da 13       		.uleb128 0x13
 605 00db 01       		.uleb128 0x1
 606 00dc 13       		.uleb128 0x13
 607 00dd 00       		.byte	0
 608 00de 00       		.byte	0
 609 00df 12       		.uleb128 0x12
 610 00e0 21       		.uleb128 0x21
 611 00e1 00       		.byte	0
 612 00e2 49       		.uleb128 0x49
 613 00e3 13       		.uleb128 0x13
 614 00e4 2F       		.uleb128 0x2f
 615 00e5 0B       		.uleb128 0xb
 616 00e6 00       		.byte	0
 617 00e7 00       		.byte	0
 618 00e8 13       		.uleb128 0x13
 619 00e9 0B       		.uleb128 0xb
 620 00ea 01       		.byte	0x1
 621 00eb 00       		.byte	0
 622 00ec 00       		.byte	0
 623 00ed 14       		.uleb128 0x14
 624 00ee 34       		.uleb128 0x34
 625 00ef 00       		.byte	0
 626 00f0 03       		.uleb128 0x3
 627 00f1 08       		.uleb128 0x8
 628 00f2 3A       		.uleb128 0x3a
 629 00f3 0B       		.uleb128 0xb
 630 00f4 3B       		.uleb128 0x3b
 631 00f5 0B       		.uleb128 0xb
 632 00f6 39       		.uleb128 0x39
 633 00f7 0B       		.uleb128 0xb
 634 00f8 49       		.uleb128 0x49
 635 00f9 13       		.uleb128 0x13
 636 00fa 00       		.byte	0
 637 00fb 00       		.byte	0
 638 00fc 15       		.uleb128 0x15
 639 00fd 2E       		.uleb128 0x2e
 640 00fe 01       		.byte	0x1
 641 00ff 3F       		.uleb128 0x3f
 642 0100 19       		.uleb128 0x19
 643 0101 03       		.uleb128 0x3
 644 0102 0E       		.uleb128 0xe
 645 0103 3A       		.uleb128 0x3a
 646 0104 0B       		.uleb128 0xb
 647 0105 3B       		.uleb128 0x3b
 648 0106 0B       		.uleb128 0xb
 649 0107 39       		.uleb128 0x39
 650 0108 0B       		.uleb128 0xb
 651 0109 27       		.uleb128 0x27
 652 010a 19       		.uleb128 0x19
 653 010b 49       		.uleb128 0x49
 654 010c 13       		.uleb128 0x13
 655 010d 01       		.uleb128 0x1
 656 010e 13       		.uleb128 0x13
 657 010f 00       		.byte	0
 658 0110 00       		.byte	0
 659 0111 00       		.byte	0
 660              		.section	.gnu.debuglto_.debug_line,"e",%progbits
 661              	.Ldebug_line0:
 662 0000 E7000000 		.4byte	.LELT0-.LSLT0
 663              	.LSLT0:
 664 0004 0400     		.2byte	0x4
 665 0006 E1000000 		.4byte	.LELTP0-.LASLTP0
 666              	.LASLTP0:
 667 000a 01       		.byte	0x1
 668 000b 01       		.byte	0x1
 669 000c 01       		.byte	0x1
 670 000d F6       		.byte	0xf6
 671 000e F2       		.byte	0xf2
 672 000f 0D       		.byte	0xd
 673 0010 00       		.byte	0
 674 0011 01       		.byte	0x1
 675 0012 01       		.byte	0x1
 676 0013 01       		.byte	0x1
 677 0014 01       		.byte	0x1
 678 0015 00       		.byte	0
 679 0016 00       		.byte	0
 680 0017 00       		.byte	0
 681 0018 01       		.byte	0x1
 682 0019 00       		.byte	0
 683 001a 00       		.byte	0
 684 001b 01       		.byte	0x1
 685 001c 6C69622F 		.ascii	"lib/chibios/os/hal/include"
 685      63686962 
 685      696F732F 
 685      6F732F68 
 685      616C2F69 
 686 0036 00       		.byte	0
 687 0037 6C69622F 		.ascii	"lib/chibios/os/hal/ports/STM32/LLD/GPIOv2"
 687      63686962 
 687      696F732F 
 687      6F732F68 
 687      616C2F70 
 688 0060 00       		.byte	0
 689 0061 6C69622F 		.ascii	"lib/chibios/os/hal/src"
 689      63686962 
 689      696F732F 
 689      6F732F68 
 689      616C2F73 
 690 0077 00       		.byte	0
 691 0078 2F757372 		.ascii	"/usr/lib/gcc/arm-none-eabi/10.3.1/include"
 691      2F6C6962 
 691      2F676363 
 691      2F61726D 
 691      2D6E6F6E 
 692 00a1 00       		.byte	0
 693 00a2 00       		.byte	0
 694 00a3 73746469 		.ascii	"stdint.h\000"
 694      6E742E68 
 694      00
 695 00ac 04       		.uleb128 0x4
 696 00ad 00       		.uleb128 0
 697 00ae 00       		.uleb128 0
 698 00af 73746D33 		.ascii	"stm32_gpio.h\000"
 698      325F6770 
 698      696F2E68 
 698      00
 699 00bc 02       		.uleb128 0x2
 700 00bd 00       		.uleb128 0
 701 00be 00       		.uleb128 0
 702 00bf 68616C5F 		.ascii	"hal_pal_lld.h\000"
 702      70616C5F 
 702      6C6C642E 
 702      6800
 703 00cd 02       		.uleb128 0x2
 704 00ce 00       		.uleb128 0
 705 00cf 00       		.uleb128 0
 706 00d0 68616C5F 		.ascii	"hal_pal.h\000"
 706      70616C2E 
 706      6800
 707 00da 01       		.uleb128 0x1
 708 00db 00       		.uleb128 0
 709 00dc 00       		.uleb128 0
 710 00dd 68616C5F 		.ascii	"hal_pal.c\000"
 710      70616C2E 
 710      6300
 711 00e7 03       		.uleb128 0x3
 712 00e8 00       		.uleb128 0
 713 00e9 00       		.uleb128 0
 714 00ea 00       		.byte	0
 715              	.LELTP0:
 716              	.LELT0:
 717              		.section	.gnu.debuglto_.debug_str,"eMS",%progbits,1
 718              	.LASF17:
 719 0000 4F535045 		.ascii	"OSPEEDR\000"
 719      45445200 
 720              	.LASF14:
 721 0008 636C6561 		.ascii	"clear\000"
 721      7200
 722              	.LASF15:
 723 000e 4D4F4445 		.ascii	"MODER\000"
 723      5200
 724              	.LASF39:
 725 0014 70616C52 		.ascii	"palReadBus\000"
 725      65616442 
 725      757300
 726              	.LASF11:
 727 001f 75696E74 		.ascii	"uint_fast8_t\000"
 727      5F666173 
 727      74385F74 
 727      00
 728              	.LASF19:
 729 002c 42535252 		.ascii	"BSRR\000"
 729      00
 730              	.LASF33:
 731 0031 70616C57 		.ascii	"palWriteBus\000"
 731      72697465 
 731      42757300 
 732              	.LASF3:
 733 003d 73686F72 		.ascii	"short int\000"
 733      7420696E 
 733      7400
 734              	.LASF32:
 735 0047 70616C53 		.ascii	"palSetBusMode\000"
 735      65744275 
 735      734D6F64 
 735      6500
 736              	.LASF27:
 737 0055 706F7274 		.ascii	"portid\000"
 737      696400
 738              	.LASF24:
 739 005c 696F706F 		.ascii	"ioportmask_t\000"
 739      72746D61 
 739      736B5F74 
 739      00
 740              	.LASF35:
 741 0069 5F5F6675 		.ascii	"__func__\000"
 741      6E635F5F 
 741      00
 742              	.LASF16:
 743 0072 4F545950 		.ascii	"OTYPER\000"
 743      455200
 744              	.LASF25:
 745 0079 696F6D6F 		.ascii	"iomode_t\000"
 745      64655F74 
 745      00
 746              	.LASF6:
 747 0082 756E7369 		.ascii	"unsigned char\000"
 747      676E6564 
 747      20636861 
 747      7200
 748              	.LASF22:
 749 0090 41465248 		.ascii	"AFRH\000"
 749      00
 750              	.LASF9:
 751 0095 6C6F6E67 		.ascii	"long unsigned int\000"
 751      20756E73 
 751      69676E65 
 751      6420696E 
 751      7400
 752              	.LASF1:
 753 00a7 73686F72 		.ascii	"short unsigned int\000"
 753      7420756E 
 753      7369676E 
 753      65642069 
 753      6E7400
 754              	.LASF21:
 755 00ba 4146524C 		.ascii	"AFRL\000"
 755      00
 756              	.LASF38:
 757 00bf 2F686F6D 		.ascii	"/home/jstewart/source/yaemk-split-kb/Firmware\000"
 757      652F6A73 
 757      74657761 
 757      72742F73 
 757      6F757263 
 758              	.LASF0:
 759 00ed 756E7369 		.ascii	"unsigned int\000"
 759      676E6564 
 759      20696E74 
 759      00
 760              	.LASF12:
 761 00fa 63686172 		.ascii	"char\000"
 761      00
 762              	.LASF31:
 763 00ff 6D6F6465 		.ascii	"mode\000"
 763      00
 764              	.LASF20:
 765 0104 4C4F434B 		.ascii	"LOCKR\000"
 765      5200
 766              	.LASF23:
 767 010a 73746D33 		.ascii	"stm32_gpio_t\000"
 767      325F6770 
 767      696F5F74 
 767      00
 768              	.LASF36:
 769 0117 474E5520 		.ascii	"GNU C99 10.3.1 20210621 (release) -mcpu=cortex-m4 -"
 769      43393920 
 769      31302E33 
 769      2E312032 
 769      30323130 
 770 014a 6D746875 		.ascii	"mthumb -mno-thumb-interwork -mno-unaligned-access -"
 770      6D62202D 
 770      6D6E6F2D 
 770      7468756D 
 770      622D696E 
 771 017d 6D666C6F 		.ascii	"mfloat-abi=hard -mfpu=fpv4-sp-d16 -march=armv7e-m+f"
 771      61742D61 
 771      62693D68 
 771      61726420 
 771      2D6D6670 
 772 01b0 70202D67 		.ascii	"p -ggdb -Os -Ofast -std=gnu99 -fsingle-precision-co"
 772      67646220 
 772      2D4F7320 
 772      2D4F6661 
 772      7374202D 
 773 01e3 6E737461 		.ascii	"nstant -fomit-frame-pointer -ffunction-sections -fd"
 773      6E74202D 
 773      666F6D69 
 773      742D6672 
 773      616D652D 
 774 0216 6174612D 		.ascii	"ata-sections -fshort-wchar -fcommon -flto\000"
 774      73656374 
 774      696F6E73 
 774      202D6673 
 774      686F7274 
 775              	.LASF18:
 776 0240 50555044 		.ascii	"PUPDR\000"
 776      5200
 777              	.LASF5:
 778 0246 6C6F6E67 		.ascii	"long long int\000"
 778      206C6F6E 
 778      6720696E 
 778      7400
 779              	.LASF28:
 780 0254 6D61736B 		.ascii	"mask\000"
 780      00
 781              	.LASF34:
 782 0259 62697473 		.ascii	"bits\000"
 782      00
 783              	.LASF29:
 784 025e 6F666673 		.ascii	"offset\000"
 784      657400
 785              	.LASF26:
 786 0265 696F706F 		.ascii	"ioportid_t\000"
 786      72746964 
 786      5F7400
 787              	.LASF7:
 788 0270 75696E74 		.ascii	"uint16_t\000"
 788      31365F74 
 788      00
 789              	.LASF8:
 790 0279 75696E74 		.ascii	"uint32_t\000"
 790      33325F74 
 790      00
 791              	.LASF4:
 792 0282 6C6F6E67 		.ascii	"long int\000"
 792      20696E74 
 792      00
 793              	.LASF2:
 794 028b 7369676E 		.ascii	"signed char\000"
 794      65642063 
 794      68617200 
 795              	.LASF13:
 796 0297 5F426F6F 		.ascii	"_Bool\000"
 796      6C00
 797              	.LASF10:
 798 029d 6C6F6E67 		.ascii	"long long unsigned int\000"
 798      206C6F6E 
 798      6720756E 
 798      7369676E 
 798      65642069 
 799              	.LASF30:
 800 02b4 494F4275 		.ascii	"IOBus\000"
 800      7300
 801              	.LASF37:
 802 02ba 6C69622F 		.ascii	"lib/chibios/os/hal/src/hal_pal.c\000"
 802      63686962 
 802      696F732F 
 802      6F732F68 
 802      616C2F73 
 803              		.text
 804              		.section	.gnu.lto_.profile.ead8dc41f2555c6a,"e",%progbits
 805 0000 789C6362 		.ascii	"x\234cb\000\001\000\000\022\000\003"
 805      00010000 
 805      120003
 806              		.text
 807              		.section	.gnu.lto_.icf.ead8dc41f2555c6a,"e",%progbits
 808 0000 789C1361 		.ascii	"x\234\023a@\000f\206\315?V]`d\234\262\365`\017\013\323"
 808      40006686 
 808      CD3F565D 
 808      60649CB2 
 808      F5600F0B 
 809 0015 E305D737 		.ascii	"\343\005\3277\3620\000\000`)\010\362"
 809      F2300000 
 809      602908F2 
 810              		.text
 811              		.section	.gnu.lto_.ipa_sra.ead8dc41f2555c6a,"e",%progbits
 812 0000 789C858C 		.ascii	"x\234\205\214\261\015\000 \020\002\341\301\304\251\235"
 812      B10D0020 
 812      1002E1C1 
 812      C4A99D
 813 000f 8641F56D 		.ascii	"\206A\365m,\2459\022.,\274\010T\204\2100\243\212\344"
 813      2CA53912 
 813      2E2CBC08 
 813      54848830 
 813      A38AE4
 814 0022 2E8EC634 		.ascii	".\216\3064\001\213\3651\372\207\365\261FK<\363\301\255"
 814      018BF531 
 814      FA87F5B1 
 814      464B3CF3 
 814      C1AD
 815 0034 CD0DEFFF 		.ascii	"\315\015\357\377\014\352"
 815      0CEA
 816              		.text
 817              		.section	.gnu.lto_.inline.ead8dc41f2555c6a,"e",%progbits
 818 0000 789CAD51 		.ascii	"x\234\255Q\273\015\302@\014}\376(\272(\200RRPd\024&"
 818      BB0DC240 
 818      0C7DFE28 
 818      BA288052 
 818      52506414 
 819 0015 60081285 		.ascii	"`\010\022\205-\020l\300\010\024\014@\317r\370\214.\326"
 819      2D106CC0 
 819      08140C40 
 819      CF72F88C 
 819      2ED6
 820 0027 21D16137 		.ascii	"!\321a7\317\357l\275g\337\213\260\204\000\355\305\202"
 820      CFEF6CBD 
 820      67DF8BB0 
 820      8400EDC5 
 820      82
 821 0038 6712D043 		.ascii	"g\022\320C\234\311@!{\007\014\031\220\232\334$\023\340"
 821      9CC94021 
 821      7B070C19 
 821      909ADC24 
 821      13E0
 822 004a 80270683 		.ascii	"\200'\006\203\034\036\031\272`h\260)\330\024l\037l\237"
 822      1C1E19BA 
 822      6068B029 
 822      D8146C1F 
 822      6C9F
 823 005c 95B0B1E2 		.ascii	"\225\260\261\342.3)\231X\003\204he\303\215u\354\243"
 823      2E332999 
 823      58038468 
 823      65C38D75 
 823      ECA3
 824 006e 6365A370 		.ascii	"ce\243p\277\244\365\323\212UeB|\241\321L\224\325v\361"
 824      BFA4F5D3 
 824      8A556542 
 824      7CA1D14C 
 824      94D576F1 
 825 0082 3EC4BCD9 		.ascii	">\304\274\3310\215\316\212'\237\276nT\273l\201\253\265"
 825      308DCE8A 
 825      279FBE6E 
 825      54BB6C81 
 825      ABB5
 826 0094 9DFF7CA3 		.ascii	"\235\377|\243\262\336\3264u\235\277\354v\310\2117\252"
 826      B2DED634 
 826      759DBFEC 
 826      76C88937 
 826      AA
 827 00a5 B657D8   		.ascii	"\266W\330"
 828              		.text
 829              		.section	.gnu.lto_.jmpfuncs.ead8dc41f2555c6a,"e",%progbits
 830 0000 789C8B60 		.ascii	"x\234\213`@\000f\006FF\306\372%\314\354\214L\214\214"
 830      40006606 
 830      4646C6FA 
 830      25CCEC8C 
 830      4C8C8C
 831 0013 CC200610 		.ascii	"\314 \006\020\2631\3018\214K\2309\330\030\030\030\017"
 831      B331C138 
 831      8C4B9839 
 831      D8181818 
 831      0F
 832 0024 B0303200 		.ascii	"\26002\000\361\177 \340g@\347\263\3241b(\001\000Q\277"
 832      F17F20E0 
 832      6740E7B3 
 832      D4316228 
 832      010051BF 
 833 0038 171E     		.ascii	"\027\036"
 834              		.text
 835              		.section	.gnu.lto_.pureconst.ead8dc41f2555c6a,"e",%progbits
 836 0000 789CE362 		.ascii	"x\234\343b```f\230\305\3028\213\205i&\013\000\011\370"
 836      60606066 
 836      98C5C238 
 836      8B856926 
 836      0B0009F8 
 837 0014 01EA     		.ascii	"\001\352"
 838              		.text
 839              		.section	.gnu.lto_.lto.ead8dc41f2555c6a,"e",%progbits
 840 0000 09000400 		.ascii	"\011\000\004\000\001\000\000\000"
 840      01000000 
 841              		.text
 842              		.section	.gnu.lto_palReadBus.282.ead8dc41f2555c6a,"e",%progbits
 843 0000 789C7590 		.ascii	"x\234u\220=K\\A\024\206\317{\317\375\330M\264\362\017"
 843      3D4B5C41 
 843      1486CF7B 
 843      CFFDD84D 
 843      B4F20F
 844 0013 98088A85 		.ascii	"\230\010\212\205{CP\264\264\362\017XX\312\335\345\312"
 844      7B4350B4 
 844      B4F20F58 
 844      58CADDE5 
 844      CA
 845 0024 5EDD6565 		.ascii	"^\335ee\357JH\345\270\212\342\026\256\256\020\203\250"
 845      EF4A48E5 
 845      B88AE216 
 845      AEAE1083 
 845      A8
 846 0035 E0B2095A 		.ascii	"\340\262\011Z\331\030\342W\344\242\2202\004\3734B\232"
 846      D918E257 
 846      E4A29032 
 846      04FB3442 
 846      9A
 847 0046 140652A5 		.ascii	"\024\006R\245\020\364\314\365\273\020f\316\314;\363"
 847      10F4CCF5 
 847      BB1066CE 
 847      CC3BF3
 848 0055 3E73CE99 		.ascii	">s\316\2313\020\215\022Q\273L0\241\266T1H)\325\357\030"
 848      33108D12 
 848      51BB4C30 
 848      A1B65431 
 848      4829D5EF 
 849 006a 985AAAFC 		.ascii	"\230Z\252\374\375\270kb\037\361\001h\322\300$\226y\215"
 849      FDB86B62 
 849      1FF10168 
 849      D2C02496 
 849      798D
 850 007c 51E38698 		.ascii	"Q\343\206\230\315\333\035\320\332\031)\365\377\323\352"
 850      CDDB1DD0 
 850      DA1929F5 
 850      FFD3EA
 851 008b FCA9B3B6 		.ascii	"\374\251\263\266\025\231\0156hC\014_\200]I@$F\036\244"
 851      15990D36 
 851      68430C5F 
 851      805D4940 
 851      24461EA4 
 852 009f 0E31FDFC 		.ascii	"\0161\375\374\261\247T\222\032\314\370\212G\0369\030"
 852      B1A75492 
 852      1ACCF88A 
 852      471E3918 
 853 00af AA594436 		.ascii	"\252YD6iRW#s\347\314\212\324\345UU\251_\277\261\320"
 853      69525723 
 853      73E7CC8A 
 853      D4E55555 
 853      A95FBFB1 
 854 00c4 9634C466 		.ascii	"\2264\304f\262\004\313\224`[zg\353\340\000{H\220\316"
 854      B204CB94 
 854      605B7A67 
 854      EBE0007B 
 854      4890CE
 855 00d7 4B55D60D 		.ascii	"KU\326\015(\023*\"Zd\343FL\211\370\003u\276\362\035"
 855      28132A22 
 855      5A64E346 
 855      4C89F803 
 855      75BEF21D 
 856 00eb 7A7D7D1F 		.ascii	"z}}\037\316Wm\272@\371h\273\271\316\306mC\014]\361g"
 856      CE576DBA 
 856      40F968BB 
 856      B9CEC66D 
 856      430C5DF1 
 857 0100 DD77A2C1 		.ascii	"\335w\242\301N\235\035\034\200\336\314\3042\201C\254"
 857      4E9D1D1C 
 857      80DECCC4 
 857      328143AC 
 858 0110 C7255EE0 		.ascii	"\307%^\340\344(Y\347\273\017I>\241^\310s\370&\324f,"
 858      E42859E7 
 858      BB0F493E 
 858      A15EC873 
 858      F826D466 
 859 0125 5FE25828 		.ascii	"_\342X(\304TYS\346\363\031\232\020\211\327\210\275\323"
 859      C4545953 
 859      E6F3199A 
 859      1089D788 
 859      BDD3
 860 0137 97B3A8B3 		.ascii	"\227\263\250\263%Y\004\271c\355\347\331f\234\010\313"
 860      255904B9 
 860      63EDE7D9 
 860      669C08CB 
 861 0147 37EC8739 		.ascii	"7\354\2079a\0231n\323?\224[E\351\302\253\214\207/\""
 861      6113316E 
 861      D33F945B 
 861      45E9C2AB 
 861      8C872F22 
 862 015b 4AB9D942 		.ascii	"J\271\331B\336wG\303\222\377\316+\226\334\2600Q\314"
 862      DE7747C3 
 862      92FFCE2B 
 862      96DCB030 
 862      51CC
 863 016d F8EE7BCF 		.ascii	"\370\356{\317\317\217u\205\343\271\240\3245\226v\007"
 863      CF8F7585 
 863      E3B9A0D4 
 863      35967607 
 864 017d 82625EAE 		.ascii	"\202b^\256}z\225\013\322n&\033\244\203B\350\312\310"
 864      7D7A950B 
 864      D26E261B 
 864      A48342E8 
 864      CAC8
 865 018f 7A39372C 		.ascii	"z97,f\364:<\356\345R\031\342\364D\330r/S=\336\333\276"
 865      66F43A3C 
 865      EEE55219 
 865      E2F444D8 
 865      722F533D 
 866 01a6 DE919E6E 		.ascii	"\336\221\236n\272\006\245\343\254\360"
 866      BA06A5E3 
 866      ACF0
 867              		.text
 868              		.section	.gnu.lto_palWriteBus.283.ead8dc41f2555c6a,"e",%progbits
 869 0000 789C7552 		.ascii	"x\234uRMk\023A\030~\237\235\375\310\306\304\026<z\251"
 869      4D6B1341 
 869      187E9F9D 
 869      FDC8C6C4 
 869      163C7AA9 
 870 0014 8A888766 		.ascii	"\212\210\207f\213X\364\350)\177\300C\216\222\204H\326"
 870      8B58F4E8 
 870      297FC043 
 870      8E928448 
 870      D6
 871 0025 24246653 		.ascii	"$$fS\212\247N\243(\364\022\033\241\210T\301\020\305"
 871      8AA74EA3 
 871      28F4121B 
 871      A18854C1 
 871      10C5
 872 0037 9B27B5D6 		.ascii	"\233'\265\326\332\204\212Z\365\"^\274\326z\322C+^\374"
 872      DA848A5A 
 872      F5225EBC 
 872      D67AD243 
 872      2B5EFC
 873 004a 2050DF99 		.ascii	" P\337\231]\243=t\331yg\236g\346y\277f\336\032D\027"
 873      5DA33D74 
 873      D979679E 
 873      67E679BF 
 873      66DE1A44 
 874 005f 89E8080F 		.ascii	"\211\350\010\017\010B{~\316 )\345\031\307\300\354\374"
 874      08427B7E 
 874      CE2029E5 
 874      19C7C0EC 
 874      FC
 875 0070 9C8B67D0 		.ascii	"\234\213g\320\0104c`\0067\304q\206?\357\335Z~\001\371"
 875      08346360 
 875      0637C471 
 875      863FEFDD 
 875      5A7E01F9 
 876 0084 A08FAE20 		.ascii	"\240\217\256 \272\303C\177\213\002m\321\025\200\031"
 876      BAC3437F 
 876      8B026DD1 
 876      158019
 877 0093 AD0C8CF1 		.ascii	"\255\014\214\361J\234\245c})\337\367\226\244t\251+\004"
 877      4A9CA563 
 877      7D29DFF7 
 877      96A474A9 
 877      2B04
 878 00a5 9E803578 		.ascii	"\236\2005x\014<\002)\"\323S\012Q\012\317}\211\316\231"
 878      0C3C0229 
 878      22D3530A 
 878      510ACF7D 
 878      89CE99
 879 00b8 78BAFB9C 		.ascii	"x\272\373\234\231yg\022\331QD(IM\005=\312\252o\253\237"
 879      99796712 
 879      D9514428 
 879      494D053D 
 879      CAAA6FAB 
 880 00cd 6BEBD2EC 		.ascii	"k\353\322\354\012\013+\377\253\2102\237L\233\360\034"
 880      0A0B2BFF 
 880      AB88329F 
 880      4C9BF01C 
 881 00dd C4A55066 		.ascii	"\304\245Pf\303d\022\014\037~\260\372r\260\323\222\362"
 881      C364120C 
 881      1F7EB0FA 
 881      72B0D392 
 881      F2
 882 00ee E3C1EDC1 		.ascii	"\343\301\355\301vl\004\3002\014\016c\013eLe,6\216\255"
 882      766C04C0 
 882      320C0E63 
 882      0B654C65 
 882      2C368EAD 
 883 0102 8CA3604C 		.ascii	"\214\243`L\031\225\232\035g\023K\000KHj\337\324\022"
 883      19959A1D 
 883      67134B00 
 883      4B486ADF 
 883      D412
 884 0114 AA6BD284 		.ascii	"\252k\322\204\354\023]\027F\010f\031|\205\334\374\365"
 884      EC135D17 
 884      46086619 
 884      7C85DCFC 
 884      F5
 885 0125 0A6A3E3C 		.ascii	"\012j><4\233\2034VA[h\336\274\206\2160:B\203\025\267"
 885      349B8334 
 885      56415B68 
 885      DEBC868E 
 885      303A4283 
 886 013b 2344D43C 		.ascii	"#D\324<fxu_\265?\326\025\274\221@\0174qE\3038\372\270"
 886      6678755F 
 886      B53FD615 
 886      BC91400F 
 886      347145C3 
 887 0152 ADFBBE85 		.ascii	"\255\373\276\205\313\013\312\205\251\275\210\277^\254"
 887      CB0BCA85 
 887      A9BD88BF 
 887      5EAC
 888 0160 BDB5FBB0 		.ascii	"\275\265\373\260\306Z\204\332\305\253\254\265\371\274"
 888      C65A84DA 
 888      C5ABACB5 
 888      F9BC
 889 016e 0AE96054 		.ascii	"\012\351`Tq\277\025\347h\227\366\320\177\214S\014\375"
 889      71BF15E7 
 889      6897F6D0 
 889      7F8C530C 
 889      FD
 890 017f 87FBAEA6 		.ascii	"\207\373\256\246,\205\333j?\251%.\027\327\034\343\216"
 890      2C85DB6A 
 890      3FA9252E 
 890      17D71CE3 
 890      8E
 891 0190 3011161B 		.ascii	"0\021\026\033\345\023\337;\237\004^r>\206\316gm\301"
 891      E513DF3B 
 891      9F045E72 
 891      3E86CE67 
 891      6DC1
 892 01a2 8DCA4FEE 		.ascii	"\215\312O\356*\177?{\300kMM\334\325\314\010\326Y\305"
 892      2A7F3F7B 
 892      C06B4D4D 
 892      DCD5CC08 
 892      D659C5
 893 01b5 2D88F028 		.ascii	"-\210\360(\3360\346\367\021E\356\374\260\324\205\177"
 893      DE30E6F7 
 893      1145EEFC 
 893      B0D4857F 
 894 01c5 47736327 		.ascii	"Gsc'\255\237gK\340\337\025\021\245\274b\265R\360.\004"
 894      AD9F674B 
 894      E0DF1511 
 894      A5BC62B5 
 894      52F02E04 
 895 01d9 8DC274B6 		.ascii	"\215\302t\266\336\360\202\352T=_\360.e\013\225\322x"
 895      DEF082EA 
 895      543D5FF0 
 895      2E650B95 
 895      D278
 896 01eb 502BFB8D 		.ascii	"P+\373\215\361R\316K\373\365\012o\027\350P\331\317y"
 896      F152CE4B 
 896      FBF50A6F 
 896      17E850D9 
 896      CF79
 897 01fd F9A29FF3 		.ascii	"\371\242\237\363\253\201\307\1771[\366\202z^\315\347"
 897      AB81C77F 
 897      315BF682 
 897      7A5ECDE7 
 898 020d 6AD9722A 		.ascii	"j\331r*O\"7\025\034\030\302\324d\366\304\351S\347'O"
 898      4F223715 
 898      1C18C2D4 
 898      64F6C4E9 
 898      53E7274F 
 899 0221 9299F31B 		.ascii	"\222\231\363\033\001\246\377\000\246\003\363&"
 899      01A6FF00 
 899      A603F326 
 900              		.text
 901              		.section	.gnu.lto_palSetBusMode.284.ead8dc41f2555c6a,"e",%progbits
 902 0000 789C7591 		.ascii	"x\234u\2211K\034A\024\307\337\177\336\336\355m\242\225"
 902      314B1C41 
 902      14C7DF7F 
 902      DEDEED6D 
 902      A295
 903 0012 5FC06821 		.ascii	"_\300h!)\3566\004EK+\363\001RX\312\336\271\341\326\273"
 903      29EE3604 
 903      454B2BF3 
 903      015258CA 
 903      DEB9E1D6 
 904 0027 63E5F644 		.ascii	"c\345\366D\254\034O\261\26095]\210\026\307*vV\352%\271"
 904      AC1C4FB1 
 904      B039355D 
 904      8816C72A 
 904      7656EA25 
 905 003c 900B1662 		.ascii	"\220\013\026b'i\002\201\020\261\020\022\210\204\024"
 905      27690281 
 905      10B11012 
 905      888414
 906 004b 2188A06F 		.ascii	"!\210\240o\327S\261p\230y\363\376o~of\336\314\001\210"
 906      D753B170 
 906      9879F3FE 
 906      6F7E6F66 
 906      DECC0188 
 907 005f 7C22EA95 		.ascii	"|\"\352\225\001&\254\256,)\322Z\017\233\012s+K\026>"
 907      0126ACAE 
 907      2C29D25A 
 907      0F9B0A73 
 907      2B4B163E 
 908 0073 2056A059 		.ascii	" V\240Y\205Y\274\346\247\"\377o\274\371\271\017\275"
 908      8559BCE6 
 908      A722FF6F 
 908      BCF9B90F 
 908      BD
 909 0084 D542C844 		.ascii	"\325B\310D\3532\342\366\226\261\312!\003F\333S\350\026"
 909      EB32E2F6 
 909      96B1CA21 
 909      0346DB53 
 909      E816
 910 0096 8F5F525F 		.ascii	"\217_R_K\353\243\303\206\326\026\205\314\330\203\344"
 910      4BEBA3C3 
 910      86D61685 
 910      CCD883E4 
 911 00a6 6017D891 		.ascii	"`\027\330\221\323%0\372\217#\256p\315\375hs\006\336"
 911      D32530FA 
 911      8F23AE70 
 911      CDFD6873 
 911      06DE
 912 00b8 DDE78CD1 		.ascii	"\335\347\214\321\252A\224\2749Qb\264\375%\321\322\027"
 912      AA4194BC 
 912      395162B4 
 912      FD25D1D2 
 912      17
 913 00c9 9735AD7F 		.ascii	"\2275\255\177\237\342\254\327R\202%XL\322\020c&\"/\011"
 913      9FE2ACD7 
 913      52822558 
 913      4CD21063 
 913      26222F09 
 914 00dd 346002EF 		.ascii	"4`\002\357%\241\306Qq\332\200n\021-\263\272\026s\"~"
 914      25A1C651 
 914      71DA806E 
 914      112DB3BA 
 914      1673227E 
 915 00f1 419F7C3D 		.ascii	"A\237|=@4\367\334\232\223o&\235\241\332\264\352\254"
 915      4034F7DC 
 915      9A936F26 
 915      9DA1DAB4 
 915      EAAC
 916 0103 DA3531A2 		.ascii	"\33251\242:7\243WI\205\234\252s\022M\320\263\205XZ\370"
 916      3A37A357 
 916      49859CAA 
 916      73124DD0 
 916      B385585A 
 917 0118 88B5F872 		.ascii	"\210\265\370r\355,~\230}\204O\302\342\2165\036f\037"
 917      ED2C7E98 
 917      7D844FC2 
 917      E28E351E 
 917      661F
 918 012a E3B3B02A 		.ascii	"\343\263\260*f\347\317\027Q\347\204\354-)\364\007\213"
 918      66E7CF17 
 918      51E784EC 
 918      2D29F407 
 918      8B
 919 013b DDB40015 		.ascii	"\335\264\000\025r\307z\264\231\\4^4C\356\244\277\250"
 919      72C77AB4 
 919      995C345E 
 919      3443EEA4 
 919      BFA8
 920 014d 1E7F7F11 		.ascii	"\036\177\177\021\377M\215qW8Q\306\316\373%\327\236\010"
 920      FF4D8D71 
 920      573851C6 
 920      CEFB25D7 
 920      9E08
 921 015f 2AEEB453 		.ascii	"*\356\264S\256\330\201?U\316\271\366\214\343\226\012"
 921      AED8813F 
 921      55CEB9F6 
 921      8CE3960A 
 922 016f E960B2E8 		.ascii	"\351`\262\350U\322\205\254=\342\225K\262\354\322\223"
 922      55D285AC 
 922      3DE2954B 
 922      B2ECD293 
 923 017f A297B573 		.ascii	"\242\227\265sy/\353\371\201-=\357\024\355\240\234\213"
 923      792FEBF9 
 923      812D3DEF 
 923      14EDA09C 
 923      8B
 924 0190 E6B149A7 		.ascii	"\346\261I\247\230\311\021g\247\202\256[\231\031p\236"
 924      98C91167 
 924      A782AE5B 
 924      9919709E 
 925 01a0 0F0DBE1A 		.ascii	"\017\015\276\032\350'\243\344\217\273W:\031\253E"
 925      E827A3E4 
 925      8FBB573A 
 925      19AB45
 926              		.text
 927              		.section	.gnu.lto_.symbol_nodes.ead8dc41f2555c6a,"e",%progbits
 928 0000 789C6B60 		.ascii	"x\234k`\000\002\246YL\365\014\015@\300\3028\341\034"
 928      0002A659 
 928      4CF50C0D 
 928      40C0C238 
 928      E11C
 929 0012 03433D03 		.ascii	"\003C=\003\303\256\206FF\006F\006\260\344l\246zF\234"
 929      C3AE8646 
 929      46064606 
 929      B0E46CA6 
 929      7A469C
 930 0025 927398EA 		.ascii	"\222s\230\352\231pI2\316g\252g\376\017\005\362`\005"
 930      99704932 
 930      CE67AA67 
 930      FE0F05F2 
 930      6005
 931 0037 0C206B40 		.ascii	"\014 k@\262\314L\314\020mK\330\030\000\242*#\215"
 931      B2CC4CCC 
 931      106D4BD8 
 931      1800A22A 
 931      238D
 932              		.text
 933              		.section	.gnu.lto_.refs.ead8dc41f2555c6a,"e",%progbits
 934 0000 789C6364 		.ascii	"x\234cd\000\002\000\000\012\000\002"
 934      00020000 
 934      0A0002
 935              		.text
 936              		.section	.gnu.lto_.decls.ead8dc41f2555c6a,"e",%progbits
 937 0000 789C9556 		.ascii	"x\234\225V{PT\327\031?\3379w\037\\V\226\0126N;u\250"
 937      7B5054D7 
 937      193FDF39 
 937      771F5C56 
 937      960A364E 
 938 0017 A585992A 		.ascii	"\245\205\231*;\256\346a\373\017M\300\304\361\001\263"
 938      3BAEE661 
 938      FB0F4DC0 
 938      C4F101B3 
 939 0027 9AC9D04E 		.ascii	"\232\311\320Ngg\345.a+d\011\273\244\355\177WD\214\215"
 939      6767E52E 
 939      612B6409 
 939      BBA4ED7F 
 939      57448C8D 
 940 003b A226D6A2 		.ascii	"\242&\326\242\320\015&\223\226L\215\301\011\215\304"
 940      D00D2693 
 940      964C8DC1 
 940      098DC4
 941 004a 44D88024 		.ascii	"D\330\200$\253\306\0240\032\204D\304GX\304\010V|\304"
 941      ABC61430 
 941      1A8444C4 
 941      4758C408 
 941      567CC4
 942 005d A4A5DFB9 		.ascii	"\244\245\337\271\367\356\275\213\213M{\340\333s\356"
 942      F7EEBD8B 
 942      8B4D7BE0 
 942      DB73EE
 943 006c 39BFF3FB 		.ascii	"9\277\363\373}\337w\317\343~\337F\210\203\022\262\037"
 943      7DDF77CF 
 943      E37EDF46 
 943      888312B2 
 943      1F
 944 007d 0899C222 		.ascii	"\010\231\302\"\020Bz\321\222\320\256\242}\2116\2166"
 944      10427AD1 
 944      92D0AEA2 
 944      7D89368E 
 944      36
 945 008e 81368976 		.ascii	"\2016\211v\023\355\026\232\025\361\"\032/|N\032\266"
 945      13ED169A 
 945      15F1221A 
 945      2F7C4E1A 
 945      B6
 946 009f E7A2FD00 		.ascii	"\347\242\375\000\355GZ\177|\311B\215\024\254g\243\245"
 946      ED475A7F 
 946      7CC9428D 
 946      14AC67A3 
 946      A5
 947 00b0 C7718CF1 		.ascii	"\307q\214\3611\264\"4\013\250\232\231X_\301\372\210"
 947      31B42234 
 947      0BA89A99 
 947      585FC1FA 
 947      88
 948 00c1 A639AE69 		.ascii	"\2469\256i0\354\217\3626\326&4\320t\357-\213P\353;X"
 948      30EC8FF2 
 948      36D62634 
 948      D074EF2D 
 948      8B50EB3B 
 949 00d6 97C6E971 		.ascii	"\227\306\351q-\256\331\031\2477\246i\216k:\361\332}"
 949      2DAED919 
 949      A737A669 
 949      8E6B3AF1 
 949      DA7D
 950 00e8 9ABE89A8 		.ascii	"\232\276\211\250Z\\\223\353\237\307\347\036\242j\317"
 950      5A5C93EB 
 950      9FC7E71E 
 950      A26ACF
 951 00f7 9D41FBE7 		.ascii	"\235A\373\347Z\234\367j\213\367\2115\246\375c|\236\317"
 951      5A9CF76A 
 951      8BF78935 
 951      A6FD637C 
 951      9ECF
 952 0109 35B43863 		.ascii	"5\2648c\232Hw\337\2342J\034\262R.\314&\320\252\"\026"
 952      9A4877DF 
 952      9C324A1C 
 952      B2522ECC 
 952      26D0AA22 
 953 011e 24BFC860 		.ascii	"$\277\310`6\010\370\233\016\031J;\203\345\022ld\001"
 953      3608F89B 
 953      0E194A3B 
 953      83E5126C 
 953      6401
 954 0130 7FC176A5 		.ascii	"\177\301v\245EX>i`\2646<\322c\025\317\313\362\204\034"
 954      45583E69 
 954      60B4363C 
 954      D26315CF 
 954      CBF2841C 
 955 0144 AE492270 		.ascii	"\256I\"p\010\340m \360\036 \344\357\000\357\002\034"
 955      08E06D20 
 955      F01E20E4 
 955      EF00EF02 
 955      1C
 956 0155 0685622E 		.ascii	"\006\205b.[M\330Z\302\212\370\254\253\335\243\037\315"
 956      5B4DD85A 
 956      C28AF8AC 
 956      ABDDA31F 
 956      CD
 957 0166 12C3FF75 		.ascii	"\022\303\377u\026\373\025Q<HU\246S\366k\376\370\023"
 957      16FB1551 
 957      3C4855A6 
 957      53F66BFE 
 957      F813
 958 0178 F4802935 		.ascii	"\364\200)5a\305\234\351vms(\2313]\225\303\325&\002G"
 958      61C59CE9 
 958      766D7328 
 958      99335D95 
 958      C3D52602 
 959 018d 01BA91E9 		.ascii	"\001\272\221\351\030 \004\231\"\000\037\002+C\244\371"
 959      18200499 
 959      22001F02 
 959      2B43A4F9 
 960 019d 93DEBD03 		.ascii	"\223\336\275\0034-3\023\203\255\221\3450\215\251\022"
 960      342D3313 
 960      83AD91E5 
 960      308DA912 
 961 01ad F80838F4 		.ascii	"\370\0108\364$\300\307<\001\310u\247\367\303\241j\307"
 961      24C0C73C 
 961      01C875A7 
 961      F7C3A16A 
 961      C7
 962 01be CE915AB9 		.ascii	"\316\221Z\271Gfp\034\340\004p\220\312M\300\201\266\210"
 962      4766701C 
 962      E0047090 
 962      CA4DC081 
 962      B688
 963 01d0 E35A8E5C 		.ascii	"\343Z\216\\\254\225S\253m\034\362A\002\344(p\331\356"
 963      AC9553AB 
 963      6D1CF241 
 963      02E42870 
 963      D9EE
 964 01e2 A61E7F66 		.ascii	"\246\036\177ff:\252N\264_45\207\025X\027@/\350\372:"
 964      663AAA4E 
 964      B45F3435 
 964      87155817 
 964      402FE8FA 
 965 01f7 DFC4E157 		.ascii	"\337\304\341W\353Rvl`\320\011\360\376\014\020N\202\256"
 965      EB52766C 
 965      60D009F0 
 965      FE0C104E 
 965      82AE
 966 0209 0B86EBBD 		.ascii	"\013\206\353\275\212\353=\000\377\340\256c>\256\265"
 966      8AEB3D00 
 966      FFE0AE63 
 966      3EAEB5
 967 0218 756D4F49 		.ascii	"umOIo\372\026\240\222\322Tv\026\263\3709\250OV6\214"
 967      6FFA16A0 
 967      92D25476 
 967      16B3F839 
 967      A84F5636 
 968 022d 4F2368E3 		.ascii	"O#h\343h\267\264\336l\345\025\204)\373\206\007\363\335"
 968      68B7B4DE 
 968      6CE51584 
 968      29FB8607 
 968      F3DD
 969 023f F1A19D9F 		.ascii	"\361\241\235\237\3323\261\244e*e\030spl\343f9\265\306"
 969      DA33B1A4 
 969      652A6518 
 969      73706CE3 
 969      6639B5C6 
 970 0253 064700DE 		.ascii	"\006G\000\336\001\270`\370\334\006\212\323\034\323f"
 970      01B860F8 
 970      DC068AD3 
 970      1CD366
 971 0262 603E9986 		.ascii	"`>\231\2069\305\177\016\001\331\207\016w\274\372l\004"
 971      39C57F0E 
 971      01D9870E 
 971      77BCFA6C 
 971      04
 972 0273 D3D30710 		.ascii	"\323\323\007\020\236\206i\327y&\366k\371A\236\263\323"
 972      9E8669D7 
 972      7926F66B 
 972      F9419EB3 
 972      D3
 973 0284 300E9546 		.ascii	"0\016\225F{\267\030\367g\000\203|\340\202\022\367\027"
 973      7BB718F7 
 973      6700837C 
 973      E08212F7 
 973      17
 974 0295 00C30097 		.ascii	"\000\303\000\227\000.\002D\001\206\000\316\003\\\006"
 974      002E0244 
 974      018600CE 
 974      035C06
 975 02a4 380730C2 		.ascii	"8\0070\302\363\301}<`\370\370\3514\3563\232\217\034"
 975      F3C17D3C 
 975      60F8F8E9 
 975      34EE339A 
 975      8F1C
 976 02b6 F48601EA 		.ascii	"\364\206\001\352O\004\251\301F\014LGb \032\321\337\014"
 976      4F04A9C1 
 976      460C4C47 
 976      62201AD1 
 976      DF0C
 977 02c8 D0404224 		.ascii	"\320@B$*\317q\003\362ybb5\2367\015\320\351\304\314."
 977      2ACF7103 
 977      F2796262 
 977      359E370D 
 977      D0E9C4CC 
 978 02dd 226C03E5 		.ascii	"\"l\003\345\313b\353\245\003\035\226\264{\323\003\243"
 978      CB62EBA5 
 978      031D96B4 
 978      7BD303A3 
 979 02ed F03F2608 		.ascii	"\360?&\010)n\354\271\262O\260){\266\251S\200+\206\324"
 979      296EECB9 
 979      B24FB029 
 979      7BB6A953 
 979      802B86D4 
 980 0301 18A7E090 		.ascii	"\030\247\340\220\356\326\275;R\024H\370~\220\327\243"
 980      EED6BD3B 
 980      521448F8 
 980      7E90D7A3 
 981 0311 0787520C 		.ascii	"\007\207R\014\2261\003\362%?\273\352\024o\337\227\333"
 981      963103F2 
 981      253FBBEA 
 981      146FDF97 
 981      DB
 982 0322 DB5394E3 		.ascii	"\333S\224\343!\034\177<\\\213?\036\020V\377^d(\316\243"
 982      211C7F3C 
 982      5C8B3F1E 
 982      1056FF5E 
 982      6428CEA3 
 983 0336 2C9D6A02 		.ascii	",\235j\002\224%^\244\037WE\270\244\033\024\352\303\233"
 983      94255EA4 
 983      1F5745B8 
 983      A41B14EA 
 983      C39B
 984 0348 CF85CC89 		.ascii	"\317\205\314\211\3247\0001H\375O\200\353\234\372N\327"
 984      D4370031 
 984      48FD4F80 
 984      EB9CFA4E 
 984      D7
 985 0359 5737EC06 		.ascii	"W7\354\006u\221N}\023\224d\364\234\333w\302\236x\200"
 985      75914E7D 
 985      139464F4 
 985      9CDB77C2 
 985      9E7880
 986 036c 4DF39035 		.ascii	"M\363\2205S\302\336PT\0077\035\254\2034\365\244\015"
 986      53C2DE50 
 986      5407371D 
 986      AC8334F5 
 986      A40D
 987 037e ABA72C7C 		.ascii	"\253\247,|\245\244Da;\335\037\251\263O\033\346o&\016"
 987      A5A44461 
 987      3BDD1FA9 
 987      B34F1BE6 
 987      6F260E
 988 0391 D0772474 		.ascii	"\320w$t*.\322\273F\326\276\346YkUDF\357\276u}\326\014"
 988      2A2ED2BB 
 988      46D6BEE6 
 988      596B5544 
 988      46EFBE75 
 989 03a8 20F80614 		.ascii	" \370\006\024\230\262\241m\312\206>OX\2072\347\324\353"
 989      98B2A16D 
 989      CA863E4F 
 989      588732E7 
 989      D4EB
 990 03ba 1D279312 		.ascii	"\035'\223\022\343\270'\035\326]C=u&\276\347\215\025"
 990      E3B8271D 
 990      D65D433D 
 990      7526BEE7 
 990      8D15
 991 03cc 3405F06F 		.ascii	"4\005\360o\356@5\345\300\215\0246Q\250\241\352\371\331"
 991      EE4035E5 
 991      C08D1436 
 991      51A8A1EA 
 991      F9D9
 992 03de D6B8FBEB 		.ascii	"\326\270\373\353M\026\231\357\346\177\001\334\001\016"
 992      4D1699EF 
 992      E67F01DC 
 992      010E
 993 03ec 4A38EC5A 		.ascii	"J8\354Z\266mV\227\356\006\0122\215\207h{\211c\266h\230"
 993      B66D5697 
 993      EE060A32 
 993      8D87687B 
 993      8963B668 
 994 0401 5B00B713 		.ascii	"[\000\267\023hp\013\260kJ\030\375\1779Y#*\313;\034\347"
 994      68700BB0 
 994      6B4A18FD 
 994      7F395923 
 994      2ACB3B1C 
 995 0416 1CD4D244 		.ascii	"\034\324\322D\367\020=P\373\302V0\022\265\331`}\036"
 995      F7103D50 
 995      FBC25630 
 995      12B5D960 
 995      7D1E
 996 0428 116C52A1 		.ascii	"\021lR\241\274\373\322\241![bf\266\320\351k\360\304"
 996      BCFBD2A1 
 996      215B6266 
 996      B6D0E96B 
 996      F0C4
 997 043a 60A825E9 		.ascii	"`\250%\3512\360[\027\004\011\360Xx\010\177D\362KF\322"
 997      32F05B17 
 997      0409F058 
 997      78087F44 
 997      F24B46D2 
 998 044e 652AD314 		.ascii	"e*\323\024\211Q\221\211L\022\373\005{\366$\313\265\322"
 998      89519189 
 998      4C12FB05 
 998      7BF624CB 
 998      B5D2
 999 0460 6CBB686D 		.ascii	"l\273hm\356\202T\321d\2454j\221\304\354\273\260\237"
 999      EE8254D1 
 999      64A5346A 
 999      91C4ECBB 
 999      B09F
 1000 0472 36993372 		.ascii	"6\2313reA\332:'j\221\351\216\325\351\213s\3617j\211"
 1000      6541DA3A 
 1000      276A91E9 
 1000      8ED5E98B 
 1000      73F1376A 
 1001 0487 8084B30A 		.ascii	"\200\204\263\012\005k*\266\242\026q\2225m3K'\351\363"
 1001      056B2AB6 
 1001      A2167192 
 1001      356D334B 
 1001      27E9F3
 1002 049a 5978B789 		.ascii	"Yx\267\211\222\223_,\271V\353\274y\235\254\223E0\006"
 1002      92935F2C 
 1002      B956EBBC 
 1002      799DAC93 
 1002      453006
 1003 04ad ABB5E5C0 		.ascii	"\253\265\345\300\0341j\261#G\266\224\221*e\330#`\222"
 1003      1C316AB1 
 1003      2347B694 
 1003      912A65D8 
 1003      236092
 1004 04c0 24313D9B 		.ascii	"$1=\233\240\027\222\323\231KE\244\026\254\021p2\260"
 1004      A01792D3 
 1004      994B45A4 
 1004      16AC1170 
 1004      32B0
 1005 04d2 39E5E1B1 		.ascii	"9\345\341\261\007D\223\2304/#\233\020\211,\243H\314"
 1005      07449398 
 1005      342F239B 
 1005      10892CA3 
 1005      48CC
 1006 04e4 A662052C 		.ascii	"\246b\005,(*\031\217\000\331\"uR\266\"j\301O\013\232"
 1006      282A198F 
 1006      00D92275 
 1006      52B6226A 
 1006      C14F0B9A 
 1007 04f8 41882C58 		.ascii	"A\210,Xm6\220\261Jr\257\220\012\235\"\211Z(\016\245"
 1007      6D3690B1 
 1007      4A72AF90 
 1007      0A9D2289 
 1007      5A280EA5 
 1008 050c 0BFCB51A 		.ascii	"\013\374\265\0323E3\301\345\220\2149\344\177X\010\250"
 1008      334533C1 
 1008      E5908C39 
 1008      E47F5808 
 1008      A8
 1009 051d 2D029A91 		.ascii	"-\002\232\221x\031}\234j\015Bb\275z!zM\250\306A\325"
 1009      78197D9C 
 1009      6A0D4262 
 1009      BD7A217A 
 1009      4DA8C641 
 1010 0532 2F2B00AD 		.ascii	"/+\000\255&\020\223\210#'\032\035\001\015\022\343\321"
 1010      26109388 
 1010      23271A1D 
 1010      010D12E3 
 1010      D1
 1011 0543 E66A3B54 		.ascii	"\346j;T\353\211\371\3025\0240\215\365\352%\301\361i"
 1011      EB89F9C2 
 1011      3514308D 
 1011      F5EA25C1 
 1011      F169
 1012 0555 C5708373 		.ascii	"\305p\203s\020u\021\276t\371\335\232\244/0orS\353\237"
 1012      107511BE 
 1012      74F9DD9A 
 1012      A42F306F 
 1012      7253EB9F 
 1013 0569 6741CA8E 		.ascii	"gA\312\216\\\\z\365\354~\247E\035\325\017\203K\303S"
 1013      5C5C7AF5 
 1013      EC7EA745 
 1013      1DD50F83 
 1013      4BC353
 1014 057c B24D190E 		.ascii	"\262M\031\016\307N\013\\\350q\200S\347\216\366\213\306"
 1014      C74E0B5C 
 1014      E8718053 
 1014      E78EF68B 
 1014      C6
 1015 058d FADE6EAC 		.ascii	"\372\336n\254\357\035T\001|\374\331\340`\012\377\036"
 1015      EF1D5401 
 1015      7CFCD9E0 
 1015      600AFF1E 
 1016 059d C60EF063 		.ascii	"\306\016\360c\307\320\306\3211\341\001\231\177E\311"
 1016      C7D0C6D1 
 1016      31E10199 
 1016      7F45C9
 1017 05ac E97CB3C5 		.ascii	"\351|\263\305\276c^\304\317\244\235\352\244\323S\007"
 1017      BE635EC4 
 1017      CFA49DEA 
 1017      A4D35307 
 1018 05bc 22E2FCFA 		.ascii	"\"\342\374\372z\371\316\356\206-]\226F\374\336\302\011"
 1018      7AF9CEEE 
 1018      862D5D96 
 1018      46FCDEC2 
 1018      09
 1019 05cd 0242609B 		.ascii	"\002B`\233\246M\260E`+\205\027\350\202j\023\353V\242"
 1019      A64DB045 
 1019      602B8517 
 1019      E8826A13 
 1019      EB56A2
 1020 05e0 B976B1F5 		.ascii	"\271v\261\365\270\250\210!/\027\013\205\317\366%\307"
 1020      B8A88821 
 1020      2F170B85 
 1020      CFF625C7 
 1021 05f0 D4FF48F9 		.ascii	"\324\377H\371\325r0\024\241\272|\251\256\376'd\333\255"
 1021      D5723014 
 1021      A1BA7CA9 
 1021      AEFE2764 
 1021      DBAD
 1022 0602 AA6F7FE7 		.ascii	"\252o\177\347\370&;W\2378\334\365l3_\3648\012\273t\341"
 1022      F8263B57 
 1022      9F38DCF5 
 1022      6C335FF4 
 1022      380ABB74 
 1023 0617 5DBAF05B 		.ascii	"]\272\360[\002\353U\204o\205>8\243\012\377A\215\362"
 1023      02EB5584 
 1023      6F853E38 
 1023      A30AFF41 
 1023      8DF2
 1024 0629 CD0B7DFD 		.ascii	"\315\013}\375\266\230\360^.\334uz\244\3374\203p#\262"
 1024      B698F05E 
 1024      2EDC757A 
 1024      A4DF3483 
 1024      7023B2
 1025 063c 35A8C267 		.ascii	"5\250\302g\016\355Y\300u[F\371M\253\206\334Ha\217\256"
 1025      0EED59C0 
 1025      755B46F9 
 1025      4DAB86DC 
 1025      48618FAE 
 1026 0650 BC4757BE 		.ascii	"\274GW\276\302\330\320\314\312mg\332\273\204X\016^\346"
 1026      C2D8D0CC 
 1026      CA6D67DA 
 1026      BB84580E 
 1026      5EE6
 1027 0662 CA0DD537 		.ascii	"\312\015\3257_S!xB6\361\236c\203\2411q\006_^A\376}\252"
 1027      5F532178 
 1027      4236F19E 
 1027      6383A131 
 1027      71065F5E 
 1028 067a 2F57FB37 		.ascii	"/W\3737~o~=~\237\016\274<\266\335\334(wR\034\205\220"
 1028      7E6F7E3D 
 1028      7E9F0EBC 
 1028      3CB6DDDC 
 1028      2877521C 
 1029 0690 EE4A886A 		.ascii	"\356J\210j\213\353\257\003m\223\346\031.b~\025\350W"
 1029      8BEBAF03 
 1029      6D93E619 
 1029      2E627E15 
 1029      E857
 1030 06a2 F1EDEB6F 		.ascii	"\361\355\353o\017$\033\313\344\025c\231\274\306y2\312"
 1030      0F241BCB 
 1030      E4156399 
 1030      BCC67932 
 1030      CA
 1031 06b3 7CEB1CC5 		.ascii	"|\353\034\305\245\276u>\177\300\201\377\245\2362G\240"
 1031      A5BE753E 
 1031      7FC081FF 
 1031      A59E3247 
 1031      A0
 1032 06c4 B298D7EE 		.ascii	"\262\230\327\356\012OYN\261\365\361\325Of<\266t)I\323"
 1032      0A4F594E 
 1032      B1F5F1D5 
 1032      4F663CB6 
 1032      742949D3 
 1033 06d8 BB721EF4 		.ascii	"\273r\036\3648\037y\270\344\301%D\370\3052\327Jk\225"
 1033      381F79B8 
 1033      E4C12544 
 1033      F8C532D7 
 1033      4A6B95
 1034 06eb EF99E062 		.ascii	"\357\231\340b\247;hZY\360\330\012\227\360\350\032\227"
 1034      A73B685A 
 1034      59F0D80A 
 1034      97F0E81A 
 1034      97
 1035 06fc 0B9E8227 		.ascii	"\013\236\202'L\305e^O\2452\272\350!w\220\005\274\301"
 1035      4CC5655E 
 1035      4FA532BA 
 1035      E8217790 
 1035      05BCC1
 1036 070f 1C47A9BF 		.ascii	"\034G\251\277\334\353\370M \350\375\255\2472\350\010"
 1036      DCEBF84D 
 1036      20E8FDAD 
 1036      A732E808 
 1037 071f F8AB2A8B 		.ascii	"\370\253*\213\275\216\337{\274\345\353\027\006*\312"
 1037      BD8EDF7B 
 1037      BCE5EB17 
 1037      062ACA
 1038 072e 7CC185EB 		.ascii	"|\301\205\353\3279\226\371*\313q\330K\226\3468fp\257"
 1038      D73996F9 
 1038      2ACB71D8 
 1038      4B96E638 
 1038      6670AF
 1039 0741 C25F190C 		.ascii	"\302_\031\0148\326\254]\265\330\351X\2712\317\361x\341"
 1039      38D6AC5D 
 1039      B5D8E958 
 1039      B932CFF1 
 1039      78E1
 1040 0753 F282E79C 		.ascii	"\362\202\347\234\216@\260\034\235x\272\302\347\317)"
 1040      8E40B01C 
 1040      9D78BAC2 
 1040      E7CF29
 1041 0762 25AC20CF 		.ascii	"%\254 \317\305\226\347\271L\205O\026\346\271,\005k\012"
 1041      C596E7B9 
 1041      4C854F16 
 1041      E6B92C05 
 1041      6B0A
 1042 0774 F3F3F35C 		.ascii	"\363\363\363\\\346\202\265E\205\371.\323\252\202\274"
 1042      E682B545 
 1042      85F92ED3 
 1042      AA82BC
 1043 0783 7C17F7FD 		.ascii	"|\027\367\375\011\2331\313\035\264\371\374\234\273\334"
 1043      099B31CB 
 1043      1DB4F9FC 
 1043      9CBBDC
 1044 0792 13588F0F 		.ascii	"\023X\217\017\334ow\211'\020|\304\035\024x\237\231\017"
 1044      DC6F7789 
 1044      27107CC4 
 1044      1D14789F 
 1044      990F
 1045 07a4 FA245145 		.ascii	"\372$QE\371$w\320\354/)\301\250\262ft\323\367LqY\225"
 1045      F92477D0 
 1045      EC2F29C1 
 1045      A8B26674 
 1045      D3F74C71 
 1046 07ba E4D53359 		.ascii	"\344\3253YJL\313\013\036\255\012X}\376r\277\344u\007"
 1046      4A4CCB0B 
 1046      1EAD0A58 
 1046      7DFE72BF 
 1046      E47507
 1047 07cd E91262   		.ascii	"\351\022b"
 1048 07d0 F354963F 		.ascii	"\363T\226?\367\260wa\371OK*\210X\214\264\336\337-,_"
 1048      F7B07761 
 1048      F94F4B2A 
 1048      88588CB4 
 1048      DEDF2D2C 
 1049 07e5 42449CE0 		.ascii	"BD\234\340\362z$\204\377\360\333^\020I\306\352\251J"
 1049      F27A2484 
 1049      FFF0DB5E 
 1049      1049C6EA 
 1049      A94A
 1050 07f7 5FD08BE8 		.ascii	"_\320\213\350Y\330^\343\015bk\025j\314\341\010wY\231"
 1050      59D85EE3 
 1050      0D626B15 
 1050      6ACCE108 
 1050      775999
 1051 080a E4462F9F 		.ascii	"\344F/\237\256\364WUp\345\237\375?Y\325d8\011F\360\037"
 1051      AEF45755 
 1051      70E59FFD 
 1051      3F59D564 
 1051      380946F0 
 1052 081f 55C44C66 		.ascii	"U\304Lf"
 1053              		.text
 1054              		.section	.gnu.lto_.symtab.ead8dc41f2555c6a,"e",%progbits
 1055 0000 70616C52 		.ascii	"palReadBus\000"
 1055      65616442 
 1055      757300
 1056 000b 00       		.ascii	"\000"
 1057 000c 00       		.ascii	"\000"
 1058 000d 00       		.ascii	"\000"
 1059 000e 00000000 		.ascii	"\000\000\000\000\000\000\000\000"
 1059      00000000 
 1060 0016 13010000 		.ascii	"\023\001\000\000"
 1061 001a 70616C57 		.ascii	"palWriteBus\000"
 1061      72697465 
 1061      42757300 
 1062 0026 00       		.ascii	"\000"
 1063 0027 00       		.ascii	"\000"
 1064 0028 00       		.ascii	"\000"
 1065 0029 00000000 		.ascii	"\000\000\000\000\000\000\000\000"
 1065      00000000 
 1066 0031 18010000 		.ascii	"\030\001\000\000"
 1067 0035 70616C53 		.ascii	"palSetBusMode\000"
 1067      65744275 
 1067      734D6F64 
 1067      6500
 1068 0043 00       		.ascii	"\000"
 1069 0044 00       		.ascii	"\000"
 1070 0045 00       		.ascii	"\000"
 1071 0046 00000000 		.ascii	"\000\000\000\000\000\000\000\000"
 1071      00000000 
 1072 004e 1D010000 		.ascii	"\035\001\000\000"
 1073 0052 5F70616C 		.ascii	"_pal_lld_setgroupmode\000"
 1073      5F6C6C64 
 1073      5F736574 
 1073      67726F75 
 1073      706D6F64 
 1074 0068 00       		.ascii	"\000"
 1075 0069 02       		.ascii	"\002"
 1076 006a 00       		.ascii	"\000"
 1077 006b 00000000 		.ascii	"\000\000\000\000\000\000\000\000"
 1077      00000000 
 1078 0073 23010000 		.ascii	"#\001\000\000"
 1079              		.text
 1080              		.section	.gnu.lto_.ext_symtab.ead8dc41f2555c6a,"e",%progbits
 1081 0000 01       		.ascii	"\001"
 1082 0001 01       		.ascii	"\001"
 1083 0002 00       		.ascii	"\000"
 1084 0003 01       		.ascii	"\001"
 1085 0004 00       		.ascii	"\000"
 1086 0005 01       		.ascii	"\001"
 1087 0006 00       		.ascii	"\000"
 1088 0007 01       		.ascii	"\001"
 1089 0008 00       		.ascii	"\000"
 1090              		.text
 1091              		.section	.gnu.lto_.opts,"e",%progbits
 1092 0000 272D666E 		.ascii	"'-fno-openmp' '-fno-openacc' '-fno-pie' '-fcf-prote"
 1092      6F2D6F70 
 1092      656E6D70 
 1092      2720272D 
 1092      666E6F2D 
 1093 0033 6374696F 		.ascii	"ction=none' '-g' '-mcpu=cortex-m4' '-mthumb' '-mno-"
 1093      6E3D6E6F 
 1093      6E652720 
 1093      272D6727 
 1093      20272D6D 
 1094 0066 7468756D 		.ascii	"thumb-interwork' '-mno-unaligned-access' '-mfloat-a"
 1094      622D696E 
 1094      74657277 
 1094      6F726B27 
 1094      20272D6D 
 1095 0099 62693D68 		.ascii	"bi=hard' '-mfpu=fpv4-sp-d16' '-mlibarch=armv7e-m+fp"
 1095      61726427 
 1095      20272D6D 
 1095      6670753D 
 1095      66707634 
 1096 00cc 2720272D 		.ascii	"' '-march=armv7e-m+fp' '-Os' '-Ofast' '-fsingle-pre"
 1096      6D617263 
 1096      683D6172 
 1096      6D763765 
 1096      2D6D2B66 
 1097 00ff 63697369 		.ascii	"cision-constant' '-fomit-frame-pointer' '-ffunction"
 1097      6F6E2D63 
 1097      6F6E7374 
 1097      616E7427 
 1097      20272D66 
 1098 0132 2D736563 		.ascii	"-sections' '-fdata-sections' '-fshort-wchar' '-fcom"
 1098      74696F6E 
 1098      73272027 
 1098      2D666461 
 1098      74612D73 
 1099 0165 6D6F6E27 		.ascii	"mon' '-flto' '-Xassembler' '-adhlns=.build/obj_karl"
 1099      20272D66 
 1099      6C746F27 
 1099      20272D58 
 1099      61737365 
 1100 0198 6B39305F 		.ascii	"k90_yaemk/lib/chibios/os/hal/src/hal_pal.lst'\000"
 1100      7961656D 
 1100      6B2F6C69 
 1100      622F6368 
 1100      6962696F 
 1101              		.text
 1102              		.comm	__gnu_lto_slim,1,1
 1103              		.ident	"GCC: (15:10.3-2021.07-4) 10.3.1 20210621 (release)"
DEFINED SYMBOLS
                            *ABS*:0000000000000000 hal_pal.c
     /tmp/cceaDype.s:21     .gnu.debuglto_.debug_info:0000000000000000 hal_pal.c.5a287f54
                            *COM*:0000000000000001 __gnu_lto_slim

NO UNDEFINED SYMBOLS
