   1              		.cpu cortex-m4
   2              		.eabi_attribute 27, 1
   3              		.eabi_attribute 28, 1
   4              		.eabi_attribute 23, 1
   5              		.eabi_attribute 24, 1
   6              		.eabi_attribute 25, 1
   7              		.eabi_attribute 26, 1
   8              		.eabi_attribute 30, 2
   9              		.eabi_attribute 34, 0
  10              		.eabi_attribute 18, 2
  11              		.file	"bitwise.c"
  12              		.file 1 "/usr/lib/gcc/arm-none-eabi/10.3.1/include/stdint.h"
  13              		.file 2 "quantum/bitwise.c"
  14              		.section	.gnu.debuglto_.debug_info,"e",%progbits
  15              	.Ldebug_info0:
  16              		.hidden	bitwise.c.da0ae9cf
  17              		.weak	bitwise.c.da0ae9cf
  18              	bitwise.c.da0ae9cf:
  19 0000 C1010000 		.4byte	0x1c1
  20 0004 0400     		.2byte	0x4
  21 0006 00000000 		.4byte	.Ldebug_abbrev0
  22 000a 04       		.byte	0x4
  23 000b 01       		.uleb128 0x1
  24 000c D8000000 		.4byte	.LASF21
  25 0010 0C       		.byte	0xc
  26 0011 10000000 		.4byte	.LASF22
  27 0015 77000000 		.4byte	.LASF23
  28 0019 00000000 		.4byte	.Ldebug_line0
  29 001d 02       		.uleb128 0x2
  30 001e 01       		.byte	0x1
  31 001f 06       		.byte	0x6
  32 0020 3F020000 		.4byte	.LASF0
  33 0024 02       		.uleb128 0x2
  34 0025 02       		.byte	0x2
  35 0026 05       		.byte	0x5
  36 0027 1A020000 		.4byte	.LASF1
  37 002b 02       		.uleb128 0x2
  38 002c 04       		.byte	0x4
  39 002d 05       		.byte	0x5
  40 002e 36020000 		.4byte	.LASF2
  41 0032 02       		.uleb128 0x2
  42 0033 08       		.byte	0x8
  43 0034 05       		.byte	0x5
  44 0035 01020000 		.4byte	.LASF3
  45 0039 03       		.uleb128 0x3
  46 003a D0000000 		.4byte	.LASF5
  47 003e 01       		.byte	0x1
  48 003f 2E       		.byte	0x2e
  49 0040 18       		.byte	0x18
  50 0041 45000000 		.4byte	0x45
  51 0045 02       		.uleb128 0x2
  52 0046 01       		.byte	0x1
  53 0047 08       		.byte	0x8
  54 0048 2A000000 		.4byte	.LASF4
  55 004c 03       		.uleb128 0x3
  56 004d 24020000 		.4byte	.LASF6
  57 0051 01       		.byte	0x1
  58 0052 31       		.byte	0x31
  59 0053 19       		.byte	0x19
  60 0054 58000000 		.4byte	0x58
  61 0058 02       		.uleb128 0x2
  62 0059 02       		.byte	0x2
  63 005a 07       		.byte	0x7
  64 005b 5B000000 		.4byte	.LASF7
  65 005f 03       		.uleb128 0x3
  66 0060 2D020000 		.4byte	.LASF8
  67 0064 01       		.byte	0x1
  68 0065 34       		.byte	0x34
  69 0066 19       		.byte	0x19
  70 0067 6B000000 		.4byte	0x6b
  71 006b 02       		.uleb128 0x2
  72 006c 04       		.byte	0x4
  73 006d 07       		.byte	0x7
  74 006e 49000000 		.4byte	.LASF9
  75 0072 02       		.uleb128 0x2
  76 0073 08       		.byte	0x8
  77 0074 07       		.byte	0x7
  78 0075 B9000000 		.4byte	.LASF10
  79 0079 04       		.uleb128 0x4
  80 007a 04       		.byte	0x4
  81 007b 05       		.byte	0x5
  82 007c 696E7400 		.ascii	"int\000"
  83 0080 02       		.uleb128 0x2
  84 0081 04       		.byte	0x4
  85 0082 07       		.byte	0x7
  86 0083 A5000000 		.4byte	.LASF11
  87 0087 05       		.uleb128 0x5
  88 0088 6E000000 		.4byte	.LASF12
  89 008c 02       		.byte	0x2
  90 008d 78       		.byte	0x78
  91 008e 0A       		.byte	0xa
  92 008f 5F000000 		.4byte	0x5f
  93 0093 A4000000 		.4byte	0xa4
  94 0097 06       		.uleb128 0x6
  95 0098 15020000 		.4byte	.LASF14
  96 009c 02       		.byte	0x2
  97 009d 78       		.byte	0x78
  98 009e 1C       		.byte	0x1c
  99 009f 5F000000 		.4byte	0x5f
 100 00a3 00       		.byte	0
 101 00a4 05       		.uleb128 0x5
 102 00a5 07000000 		.4byte	.LASF13
 103 00a9 02       		.byte	0x2
 104 00aa 73       		.byte	0x73
 105 00ab 0A       		.byte	0xa
 106 00ac 4C000000 		.4byte	0x4c
 107 00b0 C1000000 		.4byte	0xc1
 108 00b4 06       		.uleb128 0x6
 109 00b5 15020000 		.4byte	.LASF14
 110 00b9 02       		.byte	0x2
 111 00ba 73       		.byte	0x73
 112 00bb 1C       		.byte	0x1c
 113 00bc 4C000000 		.4byte	0x4c
 114 00c0 00       		.byte	0
 115 00c1 05       		.uleb128 0x5
 116 00c2 00000000 		.4byte	.LASF15
 117 00c6 02       		.byte	0x2
 118 00c7 6C       		.byte	0x6c
 119 00c8 23       		.byte	0x23
 120 00c9 39000000 		.4byte	0x39
 121 00cd DE000000 		.4byte	0xde
 122 00d1 06       		.uleb128 0x6
 123 00d2 15020000 		.4byte	.LASF14
 124 00d6 02       		.byte	0x2
 125 00d7 6C       		.byte	0x6c
 126 00d8 32       		.byte	0x32
 127 00d9 39000000 		.4byte	0x39
 128 00dd 00       		.byte	0
 129 00de 05       		.uleb128 0x5
 130 00df 38000000 		.4byte	.LASF16
 131 00e3 02       		.byte	0x2
 132 00e4 53       		.byte	0x53
 133 00e5 09       		.byte	0x9
 134 00e6 39000000 		.4byte	0x39
 135 00ea 05010000 		.4byte	0x105
 136 00ee 06       		.uleb128 0x6
 137 00ef 15020000 		.4byte	.LASF14
 138 00f3 02       		.byte	0x2
 139 00f4 53       		.byte	0x53
 140 00f5 1A       		.byte	0x1a
 141 00f6 5F000000 		.4byte	0x5f
 142 00fa 07       		.uleb128 0x7
 143 00fb 6E00     		.ascii	"n\000"
 144 00fd 02       		.byte	0x2
 145 00fe 54       		.byte	0x54
 146 00ff 0D       		.byte	0xd
 147 0100 39000000 		.4byte	0x39
 148 0104 00       		.byte	0
 149 0105 05       		.uleb128 0x5
 150 0106 22000000 		.4byte	.LASF17
 151 010a 02       		.byte	0x2
 152 010b 3E       		.byte	0x3e
 153 010c 09       		.byte	0x9
 154 010d 39000000 		.4byte	0x39
 155 0111 2C010000 		.4byte	0x12c
 156 0115 06       		.uleb128 0x6
 157 0116 15020000 		.4byte	.LASF14
 158 011a 02       		.byte	0x2
 159 011b 3E       		.byte	0x3e
 160 011c 1A       		.byte	0x1a
 161 011d 4C000000 		.4byte	0x4c
 162 0121 07       		.uleb128 0x7
 163 0122 6E00     		.ascii	"n\000"
 164 0124 02       		.byte	0x2
 165 0125 3F       		.byte	0x3f
 166 0126 0D       		.byte	0xd
 167 0127 39000000 		.4byte	0x39
 168 012b 00       		.byte	0
 169 012c 05       		.uleb128 0x5
 170 012d 0F020000 		.4byte	.LASF18
 171 0131 02       		.byte	0x2
 172 0132 2D       		.byte	0x2d
 173 0133 23       		.byte	0x23
 174 0134 39000000 		.4byte	0x39
 175 0138 53010000 		.4byte	0x153
 176 013c 06       		.uleb128 0x6
 177 013d 15020000 		.4byte	.LASF14
 178 0141 02       		.byte	0x2
 179 0142 2D       		.byte	0x2d
 180 0143 31       		.byte	0x31
 181 0144 39000000 		.4byte	0x39
 182 0148 07       		.uleb128 0x7
 183 0149 6E00     		.ascii	"n\000"
 184 014b 02       		.byte	0x2
 185 014c 2E       		.byte	0x2e
 186 014d 0D       		.byte	0xd
 187 014e 39000000 		.4byte	0x39
 188 0152 00       		.byte	0
 189 0153 05       		.uleb128 0x5
 190 0154 4B020000 		.4byte	.LASF19
 191 0158 02       		.byte	0x2
 192 0159 25       		.byte	0x25
 193 015a 09       		.byte	0x9
 194 015b 39000000 		.4byte	0x39
 195 015f 7A010000 		.4byte	0x17a
 196 0163 06       		.uleb128 0x6
 197 0164 15020000 		.4byte	.LASF14
 198 0168 02       		.byte	0x2
 199 0169 25       		.byte	0x25
 200 016a 1B       		.byte	0x1b
 201 016b 5F000000 		.4byte	0x5f
 202 016f 07       		.uleb128 0x7
 203 0170 6300     		.ascii	"c\000"
 204 0172 02       		.byte	0x2
 205 0173 26       		.byte	0x26
 206 0174 0D       		.byte	0xd
 207 0175 39000000 		.4byte	0x39
 208 0179 00       		.byte	0
 209 017a 05       		.uleb128 0x5
 210 017b 40000000 		.4byte	.LASF20
 211 017f 02       		.byte	0x2
 212 0180 1F       		.byte	0x1f
 213 0181 09       		.byte	0x9
 214 0182 39000000 		.4byte	0x39
 215 0186 A1010000 		.4byte	0x1a1
 216 018a 06       		.uleb128 0x6
 217 018b 15020000 		.4byte	.LASF14
 218 018f 02       		.byte	0x2
 219 0190 1F       		.byte	0x1f
 220 0191 1B       		.byte	0x1b
 221 0192 4C000000 		.4byte	0x4c
 222 0196 07       		.uleb128 0x7
 223 0197 6300     		.ascii	"c\000"
 224 0199 02       		.byte	0x2
 225 019a 20       		.byte	0x20
 226 019b 0D       		.byte	0xd
 227 019c 39000000 		.4byte	0x39
 228 01a0 00       		.byte	0
 229 01a1 08       		.uleb128 0x8
 230 01a2 B2000000 		.4byte	.LASF24
 231 01a6 02       		.byte	0x2
 232 01a7 15       		.byte	0x15
 233 01a8 23       		.byte	0x23
 234 01a9 39000000 		.4byte	0x39
 235 01ad 06       		.uleb128 0x6
 236 01ae 15020000 		.4byte	.LASF14
 237 01b2 02       		.byte	0x2
 238 01b3 15       		.byte	0x15
 239 01b4 32       		.byte	0x32
 240 01b5 39000000 		.4byte	0x39
 241 01b9 07       		.uleb128 0x7
 242 01ba 6300     		.ascii	"c\000"
 243 01bc 02       		.byte	0x2
 244 01bd 16       		.byte	0x16
 245 01be 0D       		.byte	0xd
 246 01bf 39000000 		.4byte	0x39
 247 01c3 00       		.byte	0
 248 01c4 00       		.byte	0
 249              		.section	.gnu.debuglto_.debug_abbrev,"e",%progbits
 250              	.Ldebug_abbrev0:
 251 0000 01       		.uleb128 0x1
 252 0001 11       		.uleb128 0x11
 253 0002 01       		.byte	0x1
 254 0003 25       		.uleb128 0x25
 255 0004 0E       		.uleb128 0xe
 256 0005 13       		.uleb128 0x13
 257 0006 0B       		.uleb128 0xb
 258 0007 03       		.uleb128 0x3
 259 0008 0E       		.uleb128 0xe
 260 0009 1B       		.uleb128 0x1b
 261 000a 0E       		.uleb128 0xe
 262 000b 10       		.uleb128 0x10
 263 000c 17       		.uleb128 0x17
 264 000d 00       		.byte	0
 265 000e 00       		.byte	0
 266 000f 02       		.uleb128 0x2
 267 0010 24       		.uleb128 0x24
 268 0011 00       		.byte	0
 269 0012 0B       		.uleb128 0xb
 270 0013 0B       		.uleb128 0xb
 271 0014 3E       		.uleb128 0x3e
 272 0015 0B       		.uleb128 0xb
 273 0016 03       		.uleb128 0x3
 274 0017 0E       		.uleb128 0xe
 275 0018 00       		.byte	0
 276 0019 00       		.byte	0
 277 001a 03       		.uleb128 0x3
 278 001b 16       		.uleb128 0x16
 279 001c 00       		.byte	0
 280 001d 03       		.uleb128 0x3
 281 001e 0E       		.uleb128 0xe
 282 001f 3A       		.uleb128 0x3a
 283 0020 0B       		.uleb128 0xb
 284 0021 3B       		.uleb128 0x3b
 285 0022 0B       		.uleb128 0xb
 286 0023 39       		.uleb128 0x39
 287 0024 0B       		.uleb128 0xb
 288 0025 49       		.uleb128 0x49
 289 0026 13       		.uleb128 0x13
 290 0027 00       		.byte	0
 291 0028 00       		.byte	0
 292 0029 04       		.uleb128 0x4
 293 002a 24       		.uleb128 0x24
 294 002b 00       		.byte	0
 295 002c 0B       		.uleb128 0xb
 296 002d 0B       		.uleb128 0xb
 297 002e 3E       		.uleb128 0x3e
 298 002f 0B       		.uleb128 0xb
 299 0030 03       		.uleb128 0x3
 300 0031 08       		.uleb128 0x8
 301 0032 00       		.byte	0
 302 0033 00       		.byte	0
 303 0034 05       		.uleb128 0x5
 304 0035 2E       		.uleb128 0x2e
 305 0036 01       		.byte	0x1
 306 0037 3F       		.uleb128 0x3f
 307 0038 19       		.uleb128 0x19
 308 0039 03       		.uleb128 0x3
 309 003a 0E       		.uleb128 0xe
 310 003b 3A       		.uleb128 0x3a
 311 003c 0B       		.uleb128 0xb
 312 003d 3B       		.uleb128 0x3b
 313 003e 0B       		.uleb128 0xb
 314 003f 39       		.uleb128 0x39
 315 0040 0B       		.uleb128 0xb
 316 0041 27       		.uleb128 0x27
 317 0042 19       		.uleb128 0x19
 318 0043 49       		.uleb128 0x49
 319 0044 13       		.uleb128 0x13
 320 0045 01       		.uleb128 0x1
 321 0046 13       		.uleb128 0x13
 322 0047 00       		.byte	0
 323 0048 00       		.byte	0
 324 0049 06       		.uleb128 0x6
 325 004a 05       		.uleb128 0x5
 326 004b 00       		.byte	0
 327 004c 03       		.uleb128 0x3
 328 004d 0E       		.uleb128 0xe
 329 004e 3A       		.uleb128 0x3a
 330 004f 0B       		.uleb128 0xb
 331 0050 3B       		.uleb128 0x3b
 332 0051 0B       		.uleb128 0xb
 333 0052 39       		.uleb128 0x39
 334 0053 0B       		.uleb128 0xb
 335 0054 49       		.uleb128 0x49
 336 0055 13       		.uleb128 0x13
 337 0056 00       		.byte	0
 338 0057 00       		.byte	0
 339 0058 07       		.uleb128 0x7
 340 0059 34       		.uleb128 0x34
 341 005a 00       		.byte	0
 342 005b 03       		.uleb128 0x3
 343 005c 08       		.uleb128 0x8
 344 005d 3A       		.uleb128 0x3a
 345 005e 0B       		.uleb128 0xb
 346 005f 3B       		.uleb128 0x3b
 347 0060 0B       		.uleb128 0xb
 348 0061 39       		.uleb128 0x39
 349 0062 0B       		.uleb128 0xb
 350 0063 49       		.uleb128 0x49
 351 0064 13       		.uleb128 0x13
 352 0065 00       		.byte	0
 353 0066 00       		.byte	0
 354 0067 08       		.uleb128 0x8
 355 0068 2E       		.uleb128 0x2e
 356 0069 01       		.byte	0x1
 357 006a 3F       		.uleb128 0x3f
 358 006b 19       		.uleb128 0x19
 359 006c 03       		.uleb128 0x3
 360 006d 0E       		.uleb128 0xe
 361 006e 3A       		.uleb128 0x3a
 362 006f 0B       		.uleb128 0xb
 363 0070 3B       		.uleb128 0x3b
 364 0071 0B       		.uleb128 0xb
 365 0072 39       		.uleb128 0x39
 366 0073 0B       		.uleb128 0xb
 367 0074 27       		.uleb128 0x27
 368 0075 19       		.uleb128 0x19
 369 0076 49       		.uleb128 0x49
 370 0077 13       		.uleb128 0x13
 371 0078 00       		.byte	0
 372 0079 00       		.byte	0
 373 007a 00       		.byte	0
 374              		.section	.gnu.debuglto_.debug_line,"e",%progbits
 375              	.Ldebug_line0:
 376 0000 65000000 		.4byte	.LELT0-.LSLT0
 377              	.LSLT0:
 378 0004 0400     		.2byte	0x4
 379 0006 5F000000 		.4byte	.LELTP0-.LASLTP0
 380              	.LASLTP0:
 381 000a 01       		.byte	0x1
 382 000b 01       		.byte	0x1
 383 000c 01       		.byte	0x1
 384 000d F6       		.byte	0xf6
 385 000e F2       		.byte	0xf2
 386 000f 0D       		.byte	0xd
 387 0010 00       		.byte	0
 388 0011 01       		.byte	0x1
 389 0012 01       		.byte	0x1
 390 0013 01       		.byte	0x1
 391 0014 01       		.byte	0x1
 392 0015 00       		.byte	0
 393 0016 00       		.byte	0
 394 0017 00       		.byte	0
 395 0018 01       		.byte	0x1
 396 0019 00       		.byte	0
 397 001a 00       		.byte	0
 398 001b 01       		.byte	0x1
 399 001c 7175616E 		.ascii	"quantum"
 399      74756D
 400 0023 00       		.byte	0
 401 0024 2F757372 		.ascii	"/usr/lib/gcc/arm-none-eabi/10.3.1/include"
 401      2F6C6962 
 401      2F676363 
 401      2F61726D 
 401      2D6E6F6E 
 402 004d 00       		.byte	0
 403 004e 00       		.byte	0
 404 004f 73746469 		.ascii	"stdint.h\000"
 404      6E742E68 
 404      00
 405 0058 02       		.uleb128 0x2
 406 0059 00       		.uleb128 0
 407 005a 00       		.uleb128 0
 408 005b 62697477 		.ascii	"bitwise.c\000"
 408      6973652E 
 408      6300
 409 0065 01       		.uleb128 0x1
 410 0066 00       		.uleb128 0
 411 0067 00       		.uleb128 0
 412 0068 00       		.byte	0
 413              	.LELTP0:
 414              	.LELT0:
 415              		.section	.gnu.debuglto_.debug_str,"eMS",%progbits,1
 416              	.LASF15:
 417 0000 62697472 		.ascii	"bitrev\000"
 417      657600
 418              	.LASF13:
 419 0007 62697472 		.ascii	"bitrev16\000"
 419      65763136 
 419      00
 420              	.LASF22:
 421 0010 7175616E 		.ascii	"quantum/bitwise.c\000"
 421      74756D2F 
 421      62697477 
 421      6973652E 
 421      6300
 422              	.LASF17:
 423 0022 6269746F 		.ascii	"biton16\000"
 423      6E313600 
 424              	.LASF4:
 425 002a 756E7369 		.ascii	"unsigned char\000"
 425      676E6564 
 425      20636861 
 425      7200
 426              	.LASF16:
 427 0038 6269746F 		.ascii	"biton32\000"
 427      6E333200 
 428              	.LASF20:
 429 0040 62697470 		.ascii	"bitpop16\000"
 429      6F703136 
 429      00
 430              	.LASF9:
 431 0049 6C6F6E67 		.ascii	"long unsigned int\000"
 431      20756E73 
 431      69676E65 
 431      6420696E 
 431      7400
 432              	.LASF7:
 433 005b 73686F72 		.ascii	"short unsigned int\000"
 433      7420756E 
 433      7369676E 
 433      65642069 
 433      6E7400
 434              	.LASF12:
 435 006e 62697472 		.ascii	"bitrev32\000"
 435      65763332 
 435      00
 436              	.LASF23:
 437 0077 2F686F6D 		.ascii	"/home/jstewart/source/yaemk-split-kb/Firmware\000"
 437      652F6A73 
 437      74657761 
 437      72742F73 
 437      6F757263 
 438              	.LASF11:
 439 00a5 756E7369 		.ascii	"unsigned int\000"
 439      676E6564 
 439      20696E74 
 439      00
 440              	.LASF24:
 441 00b2 62697470 		.ascii	"bitpop\000"
 441      6F7000
 442              	.LASF10:
 443 00b9 6C6F6E67 		.ascii	"long long unsigned int\000"
 443      206C6F6E 
 443      6720756E 
 443      7369676E 
 443      65642069 
 444              	.LASF5:
 445 00d0 75696E74 		.ascii	"uint8_t\000"
 445      385F7400 
 446              	.LASF21:
 447 00d8 474E5520 		.ascii	"GNU C99 10.3.1 20210621 (release) -mcpu=cortex-m4 -"
 447      43393920 
 447      31302E33 
 447      2E312032 
 447      30323130 
 448 010b 6D746875 		.ascii	"mthumb -mno-thumb-interwork -mno-unaligned-access -"
 448      6D62202D 
 448      6D6E6F2D 
 448      7468756D 
 448      622D696E 
 449 013e 6D666C6F 		.ascii	"mfloat-abi=hard -mfpu=fpv4-sp-d16 -march=armv7e-m+f"
 449      61742D61 
 449      62693D68 
 449      61726420 
 449      2D6D6670 
 450 0171 70202D67 		.ascii	"p -ggdb -Os -Ofast -std=gnu99 -fsingle-precision-co"
 450      67646220 
 450      2D4F7320 
 450      2D4F6661 
 450      7374202D 
 451 01a4 6E737461 		.ascii	"nstant -fomit-frame-pointer -ffunction-sections -fd"
 451      6E74202D 
 451      666F6D69 
 451      742D6672 
 451      616D652D 
 452 01d7 6174612D 		.ascii	"ata-sections -fshort-wchar -fcommon -flto\000"
 452      73656374 
 452      696F6E73 
 452      202D6673 
 452      686F7274 
 453              	.LASF3:
 454 0201 6C6F6E67 		.ascii	"long long int\000"
 454      206C6F6E 
 454      6720696E 
 454      7400
 455              	.LASF18:
 456 020f 6269746F 		.ascii	"biton\000"
 456      6E00
 457              	.LASF14:
 458 0215 62697473 		.ascii	"bits\000"
 458      00
 459              	.LASF1:
 460 021a 73686F72 		.ascii	"short int\000"
 460      7420696E 
 460      7400
 461              	.LASF6:
 462 0224 75696E74 		.ascii	"uint16_t\000"
 462      31365F74 
 462      00
 463              	.LASF8:
 464 022d 75696E74 		.ascii	"uint32_t\000"
 464      33325F74 
 464      00
 465              	.LASF2:
 466 0236 6C6F6E67 		.ascii	"long int\000"
 466      20696E74 
 466      00
 467              	.LASF0:
 468 023f 7369676E 		.ascii	"signed char\000"
 468      65642063 
 468      68617200 
 469              	.LASF19:
 470 024b 62697470 		.ascii	"bitpop32\000"
 470      6F703332 
 470      00
 471              		.text
 472              		.section	.gnu.lto_.profile.aeeb27c2e79a48ef,"e",%progbits
 473 0000 789C6362 		.ascii	"x\234cb\000\001\000\000\022\000\003"
 473      00010000 
 473      120003
 474              		.text
 475              		.section	.gnu.lto_.icf.aeeb27c2e79a48ef,"e",%progbits
 476 0000 789C3367 		.ascii	"x\2343g@\000N\206\266\371\353w\3631\356\354\337\276"
 476      40004E86 
 476      B6F9EB77 
 476      F331EEEC 
 476      DFBE
 477 0012 829569E9 		.ascii	"\202\225i\351\223iM|\3143N\3378\314\316\322\371p\321"
 477      93694D7C 
 477      CC334EDF 
 477      38CCCED2 
 477      F970D1
 478 0025 496ED6B3 		.ascii	"In\326\263}\337\237\362\262\035:\321\332\304\315\276"
 478      7DDF9FF2 
 478      B21D3AD1 
 478      DAC4CDBE 
 479 0035 F7E68BE3 		.ascii	"\367\346\213\343\214\034\353\217\357\262d\000\000\307"
 479      8C1CEB8F 
 479      EFB26400 
 479      00C7
 480 0043 A319D1   		.ascii	"\243\031\321"
 481              		.text
 482              		.section	.gnu.lto_.ipa_sra.aeeb27c2e79a48ef,"e",%progbits
 483 0000 789C8B64 		.ascii	"x\234\213d@\000N\006F\020\305\314\010\241\230 \0243"
 483      40004E06 
 483      4610C5CC 
 483      08A19820 
 483      1433
 484 0012 84628150 		.ascii	"\204b\201P\254\020\212\015B\261\203(F\210\006&\010\311"
 484      AC108A0D 
 484      42B18328 
 484      46880626 
 484      08C9
 485 0024 8129C400 		.ascii	"\201)\304\000\0005\341\000\275"
 485      0035E100 
 485      BD
 486              		.text
 487              		.section	.gnu.lto_.inline.aeeb27c2e79a48ef,"e",%progbits
 488 0000 789C9D91 		.ascii	"x\234\235\2211\012\302@\020E\377\314\354\306(!\004\013"
 488      310AC240 
 488      1045FFCC 
 488      ECC62821 
 488      040B
 489 0012 112B4FE4 		.ascii	"\021+O\344\021\254bb\353\005Do \366\202E\016`m\345\021"
 489      11AC6262 
 489      EB05446F 
 489      20F68245 
 489      0E606DE5 
 490 0027 142F2078 		.ascii	"\024/ x\001\217\340LL\002\001\203\3406;\177\363\346"
 490      018FE04C 
 490      4C020183 
 490      E0363B7F 
 490      F3E6
 491 0039 ED2C8919 		.ascii	"\355,\211\031\315\352\003\341\341|{\362\022\340\201"
 491      CDEA03E1 
 491      E17C7BF2 
 491      12E081
 492 0048 5677AB82 		.ascii	"Vw\253\202\215.N\031FRMP\027\301?\011AlQ2M\253B\260"
 492      8D2E4E19 
 492      46524D50 
 492      17C13F09 
 492      416C5132 
 493 0060 974288D4 		.ascii	"\227B\210\324=\327\275LL\016\244_\014N\024\275\310\242"
 493      3DD7BD4C 
 493      4C0EA45F 
 493      0C4E14BD 
 493      C8A2
 494 0072 E5284B49 		.ascii	"\345(KI\021*\3400\324\360\222\214J\233X\277\253l\256"
 494      112AE030 
 494      D4F0928C 
 494      4A9B58BF 
 494      AB6CAE
 495 0085 B2856633 		.ascii	"\262\205f3\235\214\225\275r\326i\363\030i8q\376\261"
 495      9D8C95BD 
 495      72D669F3 
 495      18693871 
 495      FEB1
 496 0097 79EBF795 		.ascii	"y\353\367\225-\250l\211\331\274\331\246\345l\335\266"
 496      2DA86C89 
 496      D9BCD9A6 
 496      E56CDDB6 
 497 00a7 0036FD43 		.ascii	"\0006\375C\011j\336\003l\365l\335\352\231huT\312)\320"
 497      096ADE03 
 497      6CF56CDD 
 497      EA996875 
 497      54CA29D0 
 498 00bb 4364334A 		.ascii	"Cd3JN\324L\375\255\247\276\307z$\262_\263\233\325{\330"
 498      4ED44CFD 
 498      ADA7BEC7 
 498      7A24B25F 
 498      B39BD57B 
 499 00d0 76F87F1C 		.ascii	"v\370\177\034x\003\246\371p\004"
 499      7803A6F9 
 499      7004
 500              		.text
 501              		.section	.gnu.lto_.jmpfuncs.aeeb27c2e79a48ef,"e",%progbits
 502 0000 789C6B61 		.ascii	"x\234ka@\000N\006FF\306\372%\314 \012D33AhVf\2508\013"
 502      40004E06 
 502      4646C6FA 
 502      25CC200A 
 502      44333341 
 503 001a 549C152A 		.ascii	"T\234\025*\316\006\025g\207\251g``<\300\302\310\000"
 503      CE061567 
 503      87A96760 
 503      603CC0C2 
 503      C800
 504 002c C4FF1919 		.ascii	"\304\377\031\031Py\034P=\310\242\377\231\031\320\270"
 504      50791C50 
 504      3DC8A2FF 
 504      9919D0B8 
 505 003c 0C008C12 		.ascii	"\014\000\214\022\027q"
 505      1771
 506              		.text
 507              		.section	.gnu.lto_.pureconst.aeeb27c2e79a48ef,"e",%progbits
 508 0000 789C05C1 		.ascii	"x\234\005\301\011\001\000 \014\304\260\003\312\347\001"
 508      09010020 
 508      0CC4B003 
 508      CAE701
 509 000f B1953489 		.ascii	"\261\2254\211$/\311M\321\212.C\220)K\266\034\371P\010"
 509      242FC94D 
 509      D18A2E43 
 509      90294BB6 
 509      1CF95008 
 510 0023 054E     		.ascii	"\005N"
 511              		.text
 512              		.section	.gnu.lto_.lto.aeeb27c2e79a48ef,"e",%progbits
 513 0000 09000400 		.ascii	"\011\000\004\000\001\000\000\000"
 513      01000000 
 514              		.text
 515              		.section	.gnu.lto_bitpop.0.aeeb27c2e79a48ef,"e",%progbits
 516 0000 789C5551 		.ascii	"x\234UQ\317k\023Q\020\236y\3636\033\032\361\240\305"
 516      CF6B1351 
 516      109E79F3 
 516      361B1AF1 
 516      A0C5
 517 0012 B317951E 		.ascii	"\263\027\225\036\232-xio=\210\320?\302\312v]i\254\261"
 517      9A2D7869 
 517      6F3D88D0 
 517      3FC2CA76 
 517      5D69ACB1 
 518 0026 9ADD507A 		.ascii	"\232\335Pz\352kj\024\342!\335Z\212\204\"\262(\364\322"
 518      EA6B6A14 
 518      E221DD5A 
 518      8A8422B2 
 518      28F4D2
 519 0039 8AE08FB6 		.ascii	"\212\340\217\266\247@\221\202P\220x\360\344\305\213"
 519      A7409182 
 519      509078F0 
 519      E4C58B
 520 0048 B4078D9E 		.ascii	"\264\007\215\236$\026\342\314\013F]vgg\346\373f\346"
 520      2416E2CC 
 520      0B465D76 
 520      6767E6FB 
 520      66E6
 521 005a 7BF3CE2B 		.ascii	"{\363\316+\200I\000\010\370\303\014\340JRS`\214\031"
 521      80490008 
 521      F8C30CE0 
 521      4A525360 
 521      8C19
 522 006c 7715AE26 		.ascii	"w\025\256&\265nK\341\016\332\230p\365\305\037L\253\245"
 522      B56E4BE1 
 522      0EDA9870 
 522      F5C51F4C 
 522      ABA5
 523 007e E48120AD 		.ascii	"\344\201 \255vgTW\223\223[\365\252\253\035\\Lj\373{"
 523      76675457 
 523      93935BF5 
 523      AAAB1D5C 
 523      4C6AFB7B 
 524 0092 6429080B 		.ascii	"d)\010\013\2128\265\2404\374}\036\322P\323\230\237\317"
 524      8A38B5A0 
 524      34FC7D1E 
 524      D250D398 
 524      9FCF
 525 00a4 1A9B6BD8 		.ascii	"\032\233k\330\330h\342S\002xL\200\027qD\340uB\272\004"
 525      D868E253 
 525      02784C80 
 525      177144E0 
 525      7542BA04 
 526 00b8 1798F2FE 		.ascii	"\027\230\362\376\350\2451\004\214\343+\35438\234\330"
 526      E8A53104 
 526      8CE32BEC 
 526      33389CD8 
 527 00c8 A41EEF8A 		.ascii	"\244\036\357\212\330sLmo\355N?2Z\250o\360\237f\023;"
 527      D8734C6D 
 527      6FED4E3F 
 527      325AA86F 
 527      F09F6613 
 528 00dd C407DA46 		.ascii	"\304\007\332F\031 \247\343\227\243\347-\247i\216\273"
 528      1920A7E3 
 528      97A3E72D 
 528      A7698EBB 
 529 00ed 7563BE55 		.ascii	"uc\276U\360\313/}\002\271+*6J\306\261Z6\016\340k\264"
 529      F0CB2F7D 
 529      02B92B2A 
 529      364AC6B1 
 529      5A360EE0 
 530 0103 C52EB297 		.ascii	"\305.\262\227\025o@r9\333\020\352\004\355\316\306(\232"
 530      156F4072 
 530      39DB10EA 
 530      04EDCEC6 
 530      289A
 531 0115 26C03229 		.ascii	"&\3002)\353/\262\177\204\346\363\247A\373\233d[y2\306"
 531      EB2FB27F 
 531      84E6F3A7 
 531      41FB9B64 
 531      5B7932C6 
 532 0129 F4151269 		.ascii	"\364\025\022i\"a\231(\251~\334'\341\022\223\322y\370"
 532      22619928 
 532      A97EDC27 
 532      E11293D2 
 532      79F8
 533 013b 8A4BEBF7 		.ascii	"\212K\353\367\016\234\2240%G\230\210]\344l\345\370>"
 533      0E9C9430 
 533      25479888 
 533      5DE46CE5 
 533      F83E
 534 014d 6714E77B 		.ascii	"g\024\347{\301\201N\211\230\"\005k\002i\213R\237:\300"
 534      C1814E89 
 534      9822056B 
 534      02698B52 
 534      9F3AC0
 535 0160 29197996 		.ascii	")\031y\226Ur$\032\322\253\275\366o\2710\227R\246'\004"
 535      5572241A 
 535      D2ABBDF6 
 535      6FB93097 
 535      52A62704 
 536 0174 7BAC6D66 		.ascii	"{\254mf\345\254&\315\367e\264hBF\306\301B\031f)\333"
 536      E5AC26CD 
 536      F765B468 
 536      4246C6C1 
 536      42196629 
 537 0189 CAB1AD3E 		.ascii	"\312\261\255>h\276m8\304\273\207{g8\207\273\366@\035"
 537      68BE6D38 
 537      C4BB877B 
 537      673887BB 
 537      F6401D
 538 019c 64E52EEF 		.ascii	"d\345.\357\214'Rc\210)\035\3140\246\336\311H\252\271"
 538      8C275263 
 538      88291DCC 
 538      30A6DEC9 
 538      48AAB9
 539 01af DCDEF96F 		.ascii	"\334\336\371o;\337\007\341\207\354%\245\254\255\317"
 539      3BDF07E1 
 539      87EC25A5 
 539      ACADCF
 540 01be F228AD65 		.ascii	"\362(\255e\243\330\337(@\336\233\236-\206\336\215(\016"
 540      A3D8DF28 
 540      40DE9B9E 
 540      2D86DE8D 
 540      280E
 541 01d0 E7FC52EC 		.ascii	"\347\374R\354E\263\345R\020z\363~X\234\031\216n\337"
 541      45B3E552 
 541      107AF37E 
 541      589C198E 
 541      6EDF
 542 01e2 2CC4C333 		.ascii	",\304\3033S\336\345B\251\310p\010\247\356\224\375[q"
 542      53DEE542 
 542      A9C87008 
 542      A7EE94FD 
 542      5B71
 543 01f4 B9E84D15 		.ascii	"\271\350M\025\342\271B\024\346\003\320\354F\247\373"
 543      E2B94214 
 543      E603D0EC 
 543      46A7FB
 544 0203 71FE9A3F 		.ascii	"q\376\232?\342\207c\301u\300\3407\312\216\333T"
 544      E28763C1 
 544      75C0E037 
 544      CA8EDB54 
 545              		.text
 546              		.section	.gnu.lto_bitpop16.1.aeeb27c2e79a48ef,"e",%progbits
 547 0000 789C5552 		.ascii	"x\234UR\317k\023Q\020\236y\363^64\"\242\324\263\027"
 547      CF6B1351 
 547      109E79F3 
 547      5E363422 
 547      A2D4B317 
 548 0014 911E9A2D 		.ascii	"\221\036\232-zio\025D\350\037\241\222\306\225\306\032"
 548      7A696F15 
 548      44E81FA1 
 548      92C695C6 
 548      1A
 549 0025 ABF941E9 		.ascii	"\253\371A\351\251\257\255QX\017q\323Z%\024\221%BO\212"
 549      A9AFAD51 
 549      580F71D3 
 549      5A251491 
 549      25424F8A 
 550 0039 07ABA682 		.ascii	"\007\253\246\202\001\025E(J\025z\027/\365 \301\223\204"
 550      01154528 
 550      4A157A17 
 550      2FF520C1 
 550      9384
 551 004b 429C79A9 		.ascii	"B\234y\251\255.\273\357\315\314\367\315|\363\346\355"
 551      AD2EBBEF 
 551      CDCCF7CD 
 551      7CF3E6ED 
 552 005b 6905701E 		.ascii	"i\005p\036\000\262\374a\002\260\026\205\012\254\265"
 552      00B2FC61 
 552      02B01685 
 552      0AACB5
 553 006a A39EC2A5 		.ascii	"\243\236\302\245(\374\364U\341::\237p\351\351_L\253"
 553      28FCF455 
 553      E13A3A9F 
 553      70E9E95F 
 553      4CAB
 554 007c 85E8B620 		.ascii	"\205\350\266 \233\355\316\260\256D\007\037W+\23668\027"
 554      9BEDCEB0 
 554      AE44071F 
 554      572B9E36 
 554      3817
 555 008e 855B6FC9 		.ascii	"\205[o\311Q\020f\025qhVi\330\177\026i\240e\355\357G"
 555      51106615 
 555      71685669 
 555      D87F1669 
 555      A065EDEF 
 556 00a3 F5D727EB 		.ascii	"\365\327'\353\253-l\020\300\003\002<\205C\202\256\020"
 556      AB2D6C10 
 556      C003023C 
 556      854382AE 
 556      10
 557 00b4 D6A84188 		.ascii	"\326\250A\210j\327Rx\210-:\003'8\353\363\372\232\265"
 557      6AD75278 
 557      882D3A03 
 557      2738EBF3 
 557      FA9AB5
 558 00c7 061A44F8 		.ascii	"\006\032D\370\034%k\015\361\031\202\004\306Br\331tN"
 558      1C256B0D 
 558      F1198204 
 558      C64272D9 
 558      744E
 559 00d9 D6E34C6E 		.ascii	"\326\343Ln\177hN\334\267\232\005\360%\376#1\266L|\312"
 559      7F684EDC 
 559      B79A05F0 
 559      25FE2331 
 559      B64C7CCA 
 560 00ed 268AAC1C 		.ascii	"&\212\254\034\231_\366\236l\232\226\335\351V\255\355"
 560      995FF69E 
 560      6C9A96DD 
 560      E956ADED 
 561 00fd 2EE2F77B 		.ascii	".\342\367{\346\000rU\255x1$\213\226\305\000\276@\227"
 561      E6007255 
 561      AD783124 
 561      8B96C500 
 561      BE4097
 562 0110 EC215B49 		.ascii	"\354![I\261\372$\226r\005\241J\320\356\254\016\243m"
 562      B1FA2496 
 562      7205A14A 
 562      D0EEAC0E 
 562      A36D
 563 0122 01DC21E5 		.ascii	"\001\334!\345\3549\266\177\240\375\026\365\273\255\206"
 563      EC39B67F 
 563      A0FD16F5 
 563      BBAD86
 564 0131 BCCD3F1C 		.ascii	"\274\315?\034a\276\034O\344\205KQe\353=\011\231\230"
 564      61BE1C4F 
 564      E4854B51 
 564      65EB3D09 
 564      9998
 565 0143 15CFC04F 		.ascii	"\025\317\300O\\X\271\271ab\302\230\21405v\273\304\341"
 565      5C58B9B9 
 565      6162C298 
 565      8C303576 
 565      BBC4E1
 566 0156 F99D5B1C 		.ascii	"\371\235[\034R\014\364\234\015\035\0231G2\226\005\322"
 566      520CF49C 
 566      0D1D1331 
 566      47329605 
 566      D2
 567 0167 0EDDA7F6 		.ascii	"\016\335\247\366qH4\217q\237\354I\027\361\205^\375w"
 567      7148348F 
 567      719FEC49 
 567      17F1855E 
 567      FD77
 568 0179 9C988A29 		.ascii	"\234\230\212)\321\353\004{\254&\263R\256)\315\327h\265"
 568      D1EB047B 
 568      AC26B352 
 568      AE29CDD7 
 568      68B5
 569 018b 34858C8C 		.ascii	"4\205\214\214\202\203\022\314R\256\224q\245\276h\376"
 569      828312CC 
 569      52AE9471 
 569      A5BE68FE 
 570 019b 09601B6F 		.ascii	"\011`\033ol\2779\272\333*\271CA\007\271}\217/\237U\251"
 570      6CBF39BA 
 570      DB2AB943 
 570      4107B97D 
 570      8F2F9F55 
 571 01b0 3EC0B40E 		.ascii	">\300\264\016&\360\025\252\217\"K\241\307\022\346\277"
 571      26F015AA 
 571      8F224BA1 
 571      C712E6BF 
 572 01c0 19DDED87 		.ascii	"\031\335\355\207_2\234\230\222.?\311rZ\313\\qo\256\000"
 572      5F329C98 
 572      922E3FC9 
 572      725ACB5C 
 572      716FAE00 
 573 01d4 697F622A 		.ascii	"i\177b*\037\370\227\213\245`:S(\371\305\251r!\033\370"
 573      1FF8978B 
 573      A5603A53 
 573      28F9C5A9 
 573      72211BF8 
 574 01e8 3399203F 		.ascii	"3\231 ?9X\274v%W\032\234\034\367\317\346\012y\206\003"
 574      3958BC76 
 574      25571A9C 
 574      1CF7CFE6 
 574      0A798603 
 575 01fc 387CBD9C 		.ascii	"8|\275\234\271Z*\347\375\361\\i:W\014\322Y\320l\026"
 575      B95A2AE7 
 575      FDF15C69 
 575      3A570CD2 
 575      59D06C16 
 576 0210 8FECF9E9 		.ascii	"\217\354\371\351\213\231\241L0\222\275\004\230\375\003"
 576      8B99A14C 
 576      3092BD04 
 576      98FD03
 577 021f D7F6E08D 		.ascii	"\327\366\340\215"
 578              		.text
 579              		.section	.gnu.lto_bitpop32.2.aeeb27c2e79a48ef,"e",%progbits
 580 0000 789C5551 		.ascii	"x\234UQMkSA\024\275g\356<\223.TP\352:\033\221.\232W"
 580      4D6B5341 
 580      14BD67EE 
 580      3C932E54 
 580      50EA3A1B 
 581 0018 74D3EEBA 		.ascii	"t\323\356\272\020\241?\242J\032\2374\306X\315\007\245"
 581      10A13FA2 
 581      4A1A9F34 
 581      C658CD07 
 581      A5
 582 0029 AB4EAD51 		.ascii	"\253N\255QH\027\361\325 \022j\221G\204\256\224\"jM]"
 582      4817F1D5 
 582      20126A91 
 582      4784AE94 
 582      226A4D5D 
 583 003d 04A41484 		.ascii	"\004\244\024\204\210T\301\275\272\251\013\033\\I\020"
 583      8854C1BD 
 583      BAA90B1B 
 583      5C4910
 584 004c E29D492C 		.ascii	"\342\235I,:\2747s\346\236s\357\231;sT\021]$\242\254"
 584      3ABC3773 
 584      E69E73EF 
 584      993B7354 
 584      115D24A2 
 585 0061 FC384258 		.ascii	"\3748BX\015+\212\2141\2231\205ZX\351}R\330\206\3333"
 585      0D2B8A8C 
 585      31933185 
 585      5A58E97D 
 585      52D886DB 
 586 0076 6A9B7F39 		.ascii	"j\233\1779\255\226\303\025\313\354u\272\343\272\034"
 586      AD96C315 
 586      CBEC75BA 
 586      E3BA1C
 587 0085 1E7B5A2D 		.ascii	"\036{Z-\307\264\207\245\260\262\273\303N\002ZT,\241"
 587      C7B487A5 
 587      B0B2BBC3 
 587      4E025A54 
 587      2CA1
 588 0097 45A5092D 		.ascii	"E\245\011-\215\204\233h0\356\363H\313\230_O\352\355"
 588      8D849B68 
 588      30EEF348 
 588      CB985F4F 
 588      EAED
 589 00a9 B3F58D16 		.ascii	"\263\365\215\026\032L\264\316\204s\030\263\354\032c"
 589      1A4CB4CE 
 589      847318B3 
 589      EC1A63
 590 00b8 951B0CE8 		.ascii	"\225\033\014\350\001RH\010\342\363tF\262>lo\0313D\015"
 590      01524808 
 590      E2F37446 
 590      B23E6C6F 
 590      1933440D 
 591 00cc 66BC82CD 		.ascii	"f\274\202\315z\011\274\000\331\300\324W\345\262y\332"
 591      7A09BC00 
 591      D9C0D457 
 591      E5B279DA 
 592 00dc CEA745DC 		.ascii	"\316\247E\334y\337\234}h\264\030\3405\376\261\230:P"
 592      79DF9C7D 
 592      68B418E0 
 592      35FEB198 
 592      3A50
 593 00ee D26D13D6 		.ascii	"\322m\023\326\326\266.\237\354\236\355y-\363\273W5\346"
 593      D6B62E9F 
 593      EC9EED79 
 593      2DF3BB57 
 593      35E6
 594 0100 A0866FCF 		.ascii	"\240\206o\317\275!HU\255\010[`\253\326\020\344Y\024"
 594      BD214855 
 594      AD085B60 
 594      ABD610E4 
 594      5914
 595 0112 B3B1B8AB 		.ascii	"\263\261\270\253@U\246Nwc\034\246Et\217\225\303K\202"
 595      4055A64E 
 595      77631CA6 
 595      45748F95 
 595      C34B82
 596 0125 BFC37C79 		.ascii	"\277\303|y4\354\226u\310r\353\361\204\350m?\326\317"
 596      34EC9675 
 596      C872EBF1 
 596      84E86D3F 
 596      D6CF
 597 0137 6A392C7F 		.ascii	"j9,\177\336e+fQE\013\364\003\313kw\332^\304\210XY\245"
 597      DE652B66 
 597      51450BF4 
 597      03CB6B77 
 597      DA5EC488 
 598 014e 464FC671 		.ascii	"FO\306qK<\270\333\326\021\307\372\234-\227\220#H\300"
 598      4B3CB8DB 
 598      D611C7FA 
 598      9C2D9790 
 598      2348C0
 599 0161 1A4497FA 		.ascii	"\032D\227\372\251;\034q<b\356\233\240\257j\212*\356"
 599      A93B1C71 
 599      3C62EE9B 
 599      A0AF6A8A 
 599      2AEE
 600 0173 FCB43C8D 		.ascii	"\374\264<\215\321\326\017\302L\222\243XT\312\225R\256"
 600      D1D60FC2 
 600      4C92A358 
 600      54CA9552 
 600      AE
 601 0184 D4472D0F 		.ascii	"\324G-\017K\373\270\275\377\366\324\340\024\354\316"
 601      4BFBB8BD 
 601      FFF6D4E0 
 601      14ECCE
 602 0193 4B5DA848 		.ascii	"K]\250H\256C\223\270r}Dd]0\336@\275\263\266\\\211\211"
 602      AE4393B8 
 602      727D4464 
 602      5D30DE40 
 602      BDB3B65C 
 603 01a9 85F75FFB 		.ascii	"\205\367_\373\233\303\364\323\366\035\261\347\362\245"
 603      9BC3F4D3 
 603      F61DB1E7 
 603      F2A5
 604 01b7 33D6DA5E 		.ascii	"3\326\332^\031\016\257\214(\351\317\316\345\002\377"
 604      190EAF8C 
 604      28E9CFCE 
 604      E502FF
 605 01c6 6AA118CC 		.ascii	"j\241\030\314\247\362E\2770W\312\247\003\177!\025\344"
 605      A7F245BF 
 605      3057CAA7 
 605      037F2115 
 605      E4
 606 01d7 B2A3851B 		.ascii	"\262\243\205\033\3272\305\321\354\214\177!\223\317\011"
 606      D732C5D1 
 606      EC8C7F21 
 606      93CF09
 607 01e6 1DD0899B 		.ascii	"\035\320\211\233\245\324\365b)\347\317d\212\363\231"
 607      A5D4F562 
 607      29E7CF64 
 607      8AF399
 608 01f5 42904C93 		.ascii	"B\220L\223\026X8y\270O^N\215\245\202\211\364\025B\372"
 608      16583879 
 608      B84F5E4E 
 608      8DA58289 
 608      F41542FA 
 609 0209 0F8B69D6 		.ascii	"\017\213i\326N"
 609      4E
 610              		.text
 611              		.section	.gnu.lto_biton.3.aeeb27c2e79a48ef,"e",%progbits
 612 0000 789C6D92 		.ascii	"x\234m\222\313k\023Q\024\306\317\271\367\316L\036\330"
 612      CB6B1351 
 612      14C6CFB9 
 612      F7CE4C1E 
 612      D8
 613 0011 85D27D45 		.ascii	"\205\322}EDD\232)(H\021!\013\251\364\017p\251\220\304"
 613      44449A29 
 613      28481121 
 613      0BA9F40F 
 613      70A990C4 
 614 0025 91C69A56 		.ascii	"\221\306\232V\363\240t\325\233\264F\250`\036J\011\245"
 614      F3A074D5 
 614      9BB446A8 
 614      601E4A09 
 614      A5
 615 0036 04090A82 		.ascii	"\004\011\012\202\0137>K\213\001\027\272\251\370X\210"
 615      0B373E4B 
 615      8B0117BA 
 615      A9F85888 
 616 0046 485BE8A2 		.ascii	"H[\350\242\020\241\255\017D-\005=\367N\231L\240ar\346"
 616      10A1AD0F 
 616      442D053D 
 616      F74E994C 
 616      A06172E6 
 617 005a 9EEF7EF7 		.ascii	"\236\357~\367;\277\231\344\004\007\270\000\000U\372"
 617      3BBF99E4 
 617      0407B800 
 617      0055FA
 618 0069 6210B05A 		.ascii	"b\020\260Z\231f \245\214Z\214MVn2|\201\324\365\210\251"
 618      996620A5 
 618      8C5A8C4D 
 618      566E327C 
 618      81D4F588 
 619 007e 4A97BE73 		.ascii	"J\227\276s\274\3439\004\273\356s\024w\035\006\316x\016"
 619      BCE33904 
 619      BBEE7314 
 619      771D06CE 
 619      780E
 620 0090 93DDF039 		.ascii	"\223\335\3609j\3455waa\255\3328\350Z\002\230\257L\257"
 620      6AE53577 
 620      6161ADDA 
 620      38E85A02 
 620      98AF4CAF 
 621 00a4 BE3EE49A 		.ascii	"\276>\344\232\242\026\302\004\343\3020ic\002o\363\243"
 621      A216C204 
 621      E3C23069 
 621      63026FF3 
 621      A3
 622 00b5 4D29FFDC 		.ascii	"M)\377\334\237]\236\301\331\007M\274G\264u\016x\034"
 622      9F5D9EC1 
 622      D9074DBC 
 622      47B4750E 
 622      781C
 623 00c7 FB8817E6 		.ascii	"\373\210\027\3468\3623p\204,\357Z\217\245\344@\373\370"
 623      38F23370 
 623      842CEF5A 
 623      8FA5E440 
 623      FBF8
 624 00d9 043D07B5 		.ascii	"\004=\007\265\203\013\314\365\235W\3650Y\277\255\314"
 624      830BCCF5 
 624      9D57F530 
 624      59BFADCC 
 625 00e9 0FD5A450 		.ascii	"\017\325\244P\326g\350\013\033|\303L\300\347\250\006"
 625      D667E80B 
 625      1B7CC34C 
 625      C0E7A806 
 626 00f9 A8974117 		.ascii	"\250\227A\027u\217>\030M\271\363\257$\345\326/\\\377"
 626      758F3E18 
 626      4DB9F3AF 
 626      24E5D62F 
 626      5CFF
 627 010b 6BEC434A 		.ascii	"k\354CJE\246\212\032\207\002\360)\032\252\350\303\226"
 627      45A68A1A 
 627      8702F029 
 627      1AAAE8C3 
 627      96
 628 011c 2A015582 		.ascii	"*\001U\202HZH\255\302:\025J\\=\260\024(\233\000e\316"
 628      485A48AD 
 628      C23A154A 
 628      5C3DB014 
 628      289B0065 
 629 0131 DC264FCD 		.ascii	"\334&O\315W\224k\213\335t+\334=E\326*Wl\256\374\262"
 629      57946B8B 
 629      DD742BDC 
 629      3D45D62A 
 629      576CAEFC 
 630 0146 1B367172 		.ascii	"\0336qr\247\270\204\015NWP\3551\032\332\302\251\326"
 630      A7B8840D 
 630      4E5750ED 
 630      311ADAC2 
 630      A9D6
 631 0158 AB38694A 		.ascii	"\2538iJ@\004\375)s\236\247P\346\205\276wt\350i\"!\253"
 631      4004FD29 
 631      739EA750 
 631      E685BE77 
 631      74E86922 
 632 016e 963EBAD2 		.ascii	"\226>\272\322Io\216\320\007\205\237\246\020U\304\015"
 632      496F8ED0 
 632      07859FA6 
 632      1055C40D 
 633 017e 6ED29AE9 		.ascii	"n\322\232\351\263B\237\375t\216~\2446\017#\335\345a"
 633      B3429FFD 
 633      748E7EA4 
 633      360F23DD 
 633      E561
 634 0190 1E0FC305 		.ascii	"\036\017\303\005\015\263\215\202h\231\000\232\313o-"
 634      0DB38D82 
 634      6899009A 
 634      CB6F2D
 635 019f 9DA583DB 		.ascii	"\235\245\203\333h\342<\262\315\207\026.\"\257o\2304"
 635      68E23CB2 
 635      CD87162E 
 635      22AF6F98 
 635      34
 636 01b0 D6E8E4FD 		.ascii	"\326\350\344\375\354\347eZ\372\342\250\201s\305eRB\204"
 636      ECE7655A 
 636      FAE2A881 
 636      73C56552 
 636      4284
 637 01c2 E442ABBD 		.ascii	"\344B\253\275B\217\206\014i~s/~\313\3437t\326j'?'\035"
 637      428F860C 
 637      697E732F 
 637      7ECBE337 
 637      74D66A27 
 638 01d9 8F79E8DC 		.ascii	"\217y\350\334C7\350\301\204Bg\306\333]t\213Fk)d\254"
 638      4337E8C1 
 638      844267C6 
 638      DB5D748B 
 638      466B2964 
 639 01ee 6C0CA898 		.ascii	"l\014\250\2302\267:\341\277\373\341\271\226~\372\340"
 639      32B73AE1 
 639      BFFBE1B9 
 639      967EFAE0 
 640 01fe C3C4E3C2 		.ascii	"\303\304\343\302c\033>\254\341\003{\301\007t\302o\215"
 640      631B3EAC 
 640      E1037BC1 
 640      0774C26F 
 640      8D
 641 020f FC8372FB 		.ascii	"\374\203r\373\225\244\350\002\024d*\224\260U\337\322"
 641      95A4E802 
 641      14642A94 
 641      B055DFD2 
 642 021f 28258EED 		.ascii	"(%\216\355\177\026@\304\036\032M9\366\345L\326\031\213"
 642      7F1640C4 
 642      1E1A4D39 
 642      F6E54CD6 
 642      198B
 643 0231 A5B37666 		.ascii	"\245\263vf4\227N8\366x\314I\015\367f\256^If{\207\343"
 643      34974E38 
 643      F678CC49 
 643      0DF766AE 
 643      5E49667B 
 644 0247 F640329D 		.ascii	"\366@2\235\242m\007\366_\313\305F\262\271\224\035Of"
 644      A26D07F6 
 644      5FCBC546 
 644      B2B9941D 
 644      4F66
 645 0259 C7921927 		.ascii	"\307\222\031'\222\000A\313\314\001\257\217\\\214\365"
 645      920041CB 
 645      CC01AF8F 
 645      5C8CF5
 646 0268 C59CFEC4 		.ascii	"\305\234\376\304%\300\221\377\037\257<c"
 646      25C091FF 
 646      1FAF3C63 
 647              		.text
 648              		.section	.gnu.lto_biton16.4.aeeb27c2e79a48ef,"e",%progbits
 649 0000 789C6D93 		.ascii	"x\234m\223\313K[A\024\306\347\314\314}\306$}\320\275"
 649      CB4B5B41 
 649      14C6E7CC 
 649      CC7DC624 
 649      7DD0BD
 650 0013 2E4A2945 		.ascii	".J)E#vQ\244\024\\\024\301?\242\205ho1\325hk\022\244"
 650      237651A4 
 650      145C14C1 
 650      3FA28568 
 650      6F31D568 
 651 002a 2BAF8F2A 		.ascii	"+\257\217*\330\205\211\326\242\251\2256X\350JIE\353"
 651      D88589D6 
 651      A2A99536 
 651      58E84A49 
 651      45EB
 652 003c A38F40C1 		.ascii	"\243\217@\301\256\012}\254\333\205tc)R\272\251\210h"
 652      AE0A7DAC 
 652      DB857463 
 652      2952BAA9 
 652      8868
 653 004e CF999BDC 		.ascii	"\317\231\233\334$b\2709w\346\314w\316\371~\023\322$"
 653      2462B839 
 653      77E6CC77 
 653      CEF97E13 
 653      D224
 654 0060 19BBC918 		.ascii	"\031\273\311\030[\303/\004\030Lf\3069s]\267\305\340"
 654      5BC32F04 
 654      184C66C6 
 654      39735DB7 
 654      C5E0
 655 0072 7C38F390 		.ascii	"|8\363\220\303&\340\256V\216dB\352-\340\221\257\220"
 655      C326E0AE 
 655      568E6442 
 655      EA2DE091 
 655      AF90
 656 0084 FC418562 		.ascii	"\374A\205b\264\250\320\340\261\257\320\371X\205b&\275"
 656      B4A8D0E0 
 656      B1AFD0F9 
 656      58856226 
 656      BD
 657 0095 ED2D0C98 		.ascii	"\355-\014\230\231\314\325y\022\223\317\246_\325\225"
 657      99CCD579 
 657      1293CFA6 
 657      5FD595
 658 00a4 24D992C4 		.ascii	"$\331\222\304\202\254/\261a03\3761\273&=U\213\001l\200"
 658      82AC2FB1 
 658      613033FE 
 658      31BB263D 
 658      558B016C 
 659 00b9 0BA9E986 		.ascii	"\013\251\351\206i\3310\000S\342b\301u\367^d\017\233"
 659      69D93000 
 659      53E262C1 
 659      75F75E64 
 659      0F9B
 660 00cb B22F0BB0 		.ascii	"\262/\013\260 \030\233\027\014.C#B\2619\001\223bA\000"
 660      20189B17 
 660      0C2E4323 
 660      42B13901 
 660      93624100 
 661 00df F0E28AC3 		.ascii	"\360\342\212\303)\\\211\353\354\002V}\336Xu]\215-\010"
 661      295C89EB 
 661      EC02567D 
 661      DE58755D 
 661      8D2D08
 662 00f2 01AF81AA 		.ascii	"\001\257\201\252V\001V\200Q\242m\232\253jq\203\342y"
 662      56015680 
 662      51A26D9A 
 662      AB6A7183 
 662      E279
 663 0104 14FF39DA 		.ascii	"\024\3779\332\350\234q%\016\200u\250\030\321\366\234"
 663      E89C7125 
 663      0E8075A8 
 663      18D1F69C 
 664 0114 EB0C3680 		.ascii	"\353\0146\200\306\322=\342\203\273\245\257Z\301=8\232"
 664      C6D23DE2 
 664      83BBA5AF 
 664      5AC13D38 
 664      9A
 665 0125 70DD7F63 		.ascii	"p\335\177c\360\363[\353i\300\256\222S\020\024$\005\215"
 665      F0F35BEB 
 665      69C0AE92 
 665      53101424 
 665      058D
 666 0137 C11AE814 		.ascii	"\301\032\350\024\014\012&\265\261(\330\024\002\024j"
 666      0C0A26B5 
 666      B128D814 
 666      02146A
 667 0146 000F82B4 		.ascii	"\000\017\202\264\012Q\010\253IlB\320\345\270\022\334"
 667      0A5108AB 
 667      496C42D0 
 667      E5B812DC 
 668 0156 026369C1 		.ascii	"\002ci\301\275\315 n~\201\273}t\016_C\317\256\242\224"
 668      BDCD206E 
 668      7E81BB7D 
 668      740E5F43 
 668      CFAEA294 
 669 016a 90C912A5 		.ascii	"\220\311\022\2453[\234\355\302\360\301\350'\310\011"
 669      335B9CED 
 669      C2F0C1E8 
 669      27C809
 670 0179 7C6AE850 		.ascii	"|j\350P\303\251;0\262\363\241=\347]\220\004\246>i!\006"
 670      C3A93B30 
 670      B2F3A13D 
 670      E75D9004 
 670      A63E6921 
 671 018e B12BF7BB 		.ascii	"\261+\367\273Nm\325\250\266\327\320\020jUn\272\230\273"
 671      4E6DD5A8 
 671      B6D7D010 
 671      6A556EBA 
 671      98BB
 672 01a0 E28F3255 		.ascii	"\342\2172U\251\25444\324B\246s\302\3045W\305\232*\236"
 672      A9AC3434 
 672      D442A673 
 672      C2C43557 
 672      C59A2A9E 
 673 01b4 DDB2F137 		.ascii	"\335\262\3617-[\342x\340Y\222\276%\016\357\224\237}"
 673      2D5BE278 
 673      E05992BE 
 673      250EEF94 
 673      9F7D
 674 01c6 D0D03097 		.ascii	"\320\3200\227\014'\213\371\374\236\211\225\373`\302"
 674      0C278BF9 
 674      FC9E8995 
 674      FB60C2
 675 01d5 1BE0874B 		.ascii	"\033\340\207K\006\274\007\261\230\357\306\301Z\265\347"
 675      06BC07B1 
 675      98EFC6C1 
 675      5AB5E7
 676 01e4 27559EB9 		.ascii	"'U\236\271\312=\305\034\316\234\033\375\216\251 \332"
 676      CA3DC51C 
 676      CE9C1BFD 
 676      8EA920DA 
 677 01f4 F28C4B12 		.ascii	"\362\214K\022\326*\243A\305\240\237\304`\371\014\272"
 677      D62AA341 
 677      C5A09FC4 
 677      60F90CBA 
 678 0204 6A963FC6 		.ascii	"j\226?\306 \360\300c\340>\203\360\031t$\224\304\300"
 678      20F0C063 
 678      E03E83F0 
 678      19742494 
 678      C4C0
 679 0216 B51F2506 		.ascii	"\265\037%\006\013\035\250\\P\333\315\377\246\034\316"
 679      0B1DA85C 
 679      50DBCDFF 
 679      A61CCE
 680 0225 36AA3196 		.ascii	"6\2521\226\2530\204\312\255Tb\204\320\231\207\301\313"
 680      AB3084CA 
 680      AD546284 
 680      D09987C1 
 680      CB
 681 0236 18218561 		.ascii	"\030!\205a\236\204a\373\030\206j\266~\014C\342\001\\"
 681      9E8461FB 
 681      18866AB6 
 681      7E0C43E2 
 681      015C
 682 0248 F209A44F 		.ascii	"\362\011\244O` \237Nn\2051\277\\$\260q\270\312\205\214"
 682      60209F4E 
 682      6E8531BF 
 682      5C24B071 
 682      B8CA858C 
 683 025c C5E51281 		.ascii	"\305\345\022\201UM\260YE U\356m%A\030My\004P&\010+\002"
 683      554DB059 
 683      452055EE 
 683      6D254118 
 683      4D790450 
 684 0274 FB248280 		.ascii	"\373$\202\200j\361\305\363\375\027;7S\216,\006\260\223"
 684      6AF1C5F3 
 684      FD173B37 
 684      538E2C06 
 684      B093
 685 0286 4976C2D6 		.ascii	"Iv\302\326n\321\316\204\200\362\337\205\261\206Hgo\334"
 685      6ED1CE84 
 685      80F2DF85 
 685      B1864867 
 685      6FDC
 686 0298 89DC4924 		.ascii	"\211\334I$\235\376h_2\222\350M\365u8\221\373Q'\336U"
 686      9DFE685F 
 686      3292E84D 
 686      F5753891 
 686      FB5127DE 
 687 02ad 9FB8DB1D 		.ascii	"\237\270\333\035K\326w\265GZc}q<v\330\231{\251hO2\025"
 687      4BD677B5 
 687      475A637D 
 687      713C76D8 
 687      997BA968 
 688 02c4 8FB4C792 		.ascii	"\217\264\307\222\375\261\204\323\320\301$.\023g\375"
 688      FDB184D3 
 688      D0C1242E 
 688      1367FD
 689 02d3 7DC3AD68 		.ascii	"}\303\255hc\324i\356\270\315\240\347?^e\222\241"
 689      63D469EE 
 689      B8CDA0E7 
 689      3F5E6592 
 689      A1
 690              		.text
 691              		.section	.gnu.lto_biton32.5.aeeb27c2e79a48ef,"e",%progbits
 692 0000 789C6D93 		.ascii	"x\234m\223\333KTQ\024\306\367\332{\2379\347\314E\307"
 692      DB4B5451 
 692      14C6F7DA 
 692      7B9F39E7 
 692      CC45C7
 693 0013 197AE949 		.ascii	"\031z\351I\037\"\"t\204\036B\"\360!\002\377\210\202"
 693      1F222274 
 693      841E4222 
 693      F02102FF 
 693      8882
 694 0025 D126326F 		.ascii	"\321&2o\345\214HO\036/)\330\203\267.\346\245B\015\202"
 694      E58C484F 
 694      1E2F29D8 
 694      83B72EE6 
 694      A5420D82 
 695 0039 C2A2302F 		.ascii	"\302\2420/\205\011\201\366T\321[\224\010\276\0311Da"
 695      850981F6 
 695      54D15B94 
 695      08BE1931 
 695      4461
 696 004b 8999B6D6 		.ascii	"\211\231\266\326>3{\316\210\303\231u\366^\373[k}\277"
 696      3E337BCE 
 696      88C39975 
 696      F65EFB5B 
 696      6B7DBF
 697 005e 3D4CD860 		.ascii	"=L\330`\354<cl\025\277\020b08\320\313\231\3438\225&"
 697      EC3C636C 
 697      15BF1062 
 697      3038D0CB 
 697      99E33895 
 698 0073 E79D0337 		.ascii	"\347\235\00378\274\002\334\025\313\256\201\002\365\026"
 698      38BC02DC 
 698      15CBAE81 
 698      02F516
 699 0082 70532B24 		.ascii	"pS+$\277\356Qtg\024\006\334\326\012\037\357\361(\206"
 699      BFEE5174 
 699      671406DC 
 699      D60A1FEF 
 699      F12886
 700 0095 FBD7DD85 		.ascii	"\373\327\335\205\011\303\203\023%\256\304\342w\373\237"
 700      09C38313 
 700      25AEC4E2 
 700      77FB9F
 701 00a4 97642523 		.ascii	"\227d%#Y\211\015#Z\342\347\243\036\311XV\022\2001-\011"
 701      59890D23 
 701      5AE2E7A3 
 701      1EC95856 
 701      1280312D 
 702 00b9 42FB40EF 		.ascii	"B\373@\357\207\3619\351\252*M`m\\H\303gZ\266?\020\204"
 702      87F139E9 
 702      AA2A4D60 
 702      6D5C48C3 
 702      675AB63F 
 703 00cf 361812C7 		.ascii	"6\030\022\307\226\034g\353\341\310\343I\337\310\243"
 703      961C67EB 
 703      E1C8E349 
 703      DFC8A3
 704 00de 2598128C 		.ascii	"%\230\022\214\335\023\014N@9\242\2631\001\203bJ\000"
 704      DD130C4E 
 704      4039A2B3 
 704      31018362 
 704      4A00
 705 00f0 C8CC8A43 		.ascii	"\310\314\212C1\256\304\031v\024\313>.\3149\216\315\246"
 705      31AEC419 
 705      7614CB3E 
 705      2ECC398E 
 705      CDA6
 706 0102 848059A0 		.ascii	"\204\200Y\240\252\227\0003\300(Q\225\006U-\316Q<\202"
 706      AA970033 
 706      C0285195 
 706      06552DCE 
 706      513C82
 707 0115 E21F4F26 		.ascii	"\342\037O&{B\317\034\013'\300<xfTm\203\217\301\002\320"
 707      7B42CF1C 
 707      0B27C03C 
 707      7866546D 
 707      838FC102 
 708 012a 5CBA6E7C 		.ascii	"\\\272n|p\367\364\223\261\344\354\354\3659\316\332\341"
 708      70F7F493 
 708      B1E4ECEC 
 708      F539CEDA 
 708      E1
 709 013b 775F7F5B 		.ascii	"w_\177[\207\000\333JNAP\220\024\014\012X<\007&\005\213"
 709      8700DB4A 
 709      4E415090 
 709      140C0A58 
 709      3C072605 
 710 0150 824DC14F 		.ascii	"\202M\301O\015\003\024\202\024B\024\012(\024\002\236"
 710      0D031482 
 710      1442140A 
 710      2814029E 
 711 0160 86695544 		.ascii	"\206iUD!B!\252\246\263>A\227\346Hp\226\030\353\027\334"
 711      214221AA 
 711      A6B33E41 
 711      97E64870 
 711      9618EB17 
 712 0175 DDB4E3E6 		.ascii	"\335\264\343\346\0338\353\237\2279\276;\036\234B-]\004"
 712      1B38EB9F 
 712      9739BE3B 
 712      1E9C422D 
 712      5D04
 713 0187 F9A4FC17 		.ascii	"\371\244\374\027\314\247\241s\247{\023&\004>\205th\340"
 713      CCA7A173 
 713      A77B1326 
 713      043E8574 
 713      68E0
 714 0199 880DE8DA 		.ascii	"\210\015\350\332x[=\341^\233\000\246>\375B\264c[\256"
 714      785B3DE1 
 714      5E9B00A6 
 714      3EFD42B4 
 714      635BAE
 715 01ac DBAE2E07 		.ascii	"\333\256.\007U\333\323h\013\265*\267\226\311\235\324"
 715      55DBD368 
 715      0BB52AB7 
 715      96C99DD4 
 716 01bc A3C2AA54 		.ascii	"\243\302\252Tz\035uT\222\353\011\341\3075W\305>U\374"
 716      7A1D7554 
 716      92EB09E1 
 716      C73557C5 
 716      3E55FC
 717 01cf 6BD98F3F 		.ascii	"k\331\217?v\316\022\307\003\327\222\245-qXT~\360\342"
 717      76CE12C7 
 717      03D792A5 
 717      2D715854 
 717      7EF0E2
 718 01e2 D130970C 		.ascii	"\3210\227\014'\213\364\314\226\205\225\333\340\207\327"
 718      278BF4CC 
 718      968595DB 
 718      E087D7
 719 01f1 C0DFCFA4 		.ascii	"\300\337\317\244\340\015\210\335\231z\034l\344{\336"
 719      E00D88DD 
 719      997A1C6C 
 719      E47BDE
 720 0200 CCF3CC55 		.ascii	"\314\363\314U\356\017\346p\346X\367*\246\302h\3135n"
 720      EE0FE670 
 720      E658F72A 
 720      A6C268CB 
 720      356E
 721 0212 91B05819 		.ascii	"\221\260X\031u\031|\0071\0044\203\251\232\375\335\307"
 721      75197C07 
 721      31043483 
 721      A99AFDDD 
 721      C7
 722 0223 20F0C065 		.ascii	" \360\300e\220\232Ah\006\023\011%1pcz6\303\020@\007"
 722      909A4168 
 722      06130925 
 722      3170637A 
 722      36C31040 
 723 0238 2A173616 		.ascii	"*\0276\026g\277S\016g\233\371\030\377\3620\204\312\355"
 723      67BF530E 
 723      679BF918 
 723      FFF23084 
 723      CAED
 724 024a 79318AD0 		.ascii	"y1\212\320\231\213!s\030E\012\303:\010#\2501,\325lh"
 724      998B2173 
 724      18450AC3 
 724      3A0823A8 
 724      312CD56C 
 725 025f 251F43E2 		.ascii	"%\037C\342\201\213\3015\206\324\030\026B\372\310\262"
 725      818BC135 
 725      86D41816 
 725      42FAC8B2 
 726 026f 30D3598C 		.ascii	"0\323Y\214 :P\271\"sWc\330\371\030\267V\274\030R\345"
 726      203A50B9 
 726      22735763 
 726      D8F918B7 
 726      56BC1852 
 727 0284 EEAC7830 		.ascii	"\356\254x0\"\350\314\305\3409\214\210\302\360\037\204"
 727      22E8CCC5 
 727      E0398C88 
 727      C2F01F84 
 728 0294 11D218B6 		.ascii	"\021\322\030\266j6\272\017\303\300\0038\256\011\014"
 728      6A36BA0F 
 728      C3C00338 
 728      AE090C
 729 02a3 4D60239F 		.ascii	"M`#\237En\245==\237!\010\341p\225\213\330\213\363Y\202"
 729      456EA53D 
 729      3D9F2108 
 729      E170958B 
 729      D88BF359 
 730 02b8 403EC178 		.ascii	"@>\301x\036\201\241r\367\275\004Q4\345\022@\216 \252"
 730      1E81A172 
 730      F7BD0451 
 730      34E51240 
 730      8E20AA
 731 02cb 08820711 		.ascii	"\010\202\007\021\024\250\026/\\\337?\261s\005\345\310"
 731      14A8162F 
 731      5CDF3FB1 
 731      7305E5C8 
 732 02db 620176F2 		.ascii	"b\001v\362\223\235h`7c\247O@\356o\317XY\354RSC\"v9\231"
 732      939D6860 
 732      3763A74F 
 732      40EE6FCF 
 732      5859EC52 
 733 02f5 4AB4C69B 		.ascii	"J\264\306\233S\261dSKsM\"v-\236h\250+M^\251\257M\225"
 733      53B16453 
 733      4B734D22 
 733      762D9E68 
 733      A82B4D5E 
 734 030d D655C7CE 		.ascii	"\326U\307\316\32667\340q\202E\256\266\304\033S-\015"
 734      D63637E0 
 734      718245AE 
 734      B6C41B53 
 734      2D0D
 735 031f B1EADA54 		.ascii	"\261\352\332Tkm2QV\303$.\223Q\275/\273\020/\217'*j."
 735      6B6D3251 
 735      56C3242E 
 735      9351BD2F 
 735      BB102F8F 
 736 0337 3268FC0F 		.ascii	"2h\374\017\340<\344\213"
 736      E03CE48B 
 737              		.text
 738              		.section	.gnu.lto_bitrev.6.aeeb27c2e79a48ef,"e",%progbits
 739 0000 789C5551 		.ascii	"x\234UQMk\023Q\024\275\367\275I\322\257\364#i\332&\270"
 739      4D6B1351 
 739      14BDF7BD 
 739      49D2AFF4 
 739      2369DA26 
 740 0015 100445A4 		.ascii	"\020\004E\244\231BW\335u!\202\340Op3\215#\306\032\253"
 740      994257DD 
 740      752182E0 
 740      4F70338D 
 740      23C61AAB 
 741 0029 9909C555 		.ascii	"\231\011\305U^S\250\320Mm\204.\212\024\011\012\342\306"
 741      5E53A8D0 
 741      4D6D842E 
 741      8A14090A 
 741      E2C6
 742 003b 8D1F1511 		.ascii	"\215\037\025\021\263)\335Z\241;\335\350B,\330\205+\221"
 742      B329DD5A 
 742      A13BDDE8 
 742      422CD885 
 742      2B91
 743 004d 143D77C6 		.ascii	"\024=w\306\314\2640sx\347\334s\3379\314\034*\242\253"
 743      CCB43073 
 743      78E7DC73 
 743      DF39CC1C 
 743      2AA2AB
 744 0060 4474162F 		.ascii	"Dt\026/k\342\346\372\252\"c\314lJ\361\322\372\352\356"
 744      6BE2E6FA 
 744      AA2263CC 
 744      6C4AF1D2 
 744      FAEAEE
 745 0073 D6B6C56F 		.ascii	"\326\266\305o8\020\230\352\212\353\374P\237o\033\363"
 745      381098EA 
 745      8AEBFC50 
 745      9F6F1BF3 
 746 0083 FBE9E6E7 		.ascii	"\373\351\346\347o\231\315gm~\242\211\266\2609\315S\270"
 746      6F99CD67 
 746      6D7EA289 
 746      B6B039CD 
 746      53B8
 747 0095 831E69D6 		.ascii	"\203\036i\326\027\351\034,\037\017^\032\243\011s~\305"
 747      17E91C2C 
 747      1F0F5E1A 
 747      A309737E 
 747      C5
 748 00a6 9103F4F2 		.ascii	"\221\003\364\362\036\023%\203-I\305\373\342S\242m:\177"
 748      1E132583 
 748      2D49C5FB 
 748      E253A26D 
 748      3A7F
 749 00b8 D78CD9F9 		.ascii	"\327\214\331\371\316?\316\234b\330X\011\310\276\262"
 749      CE3FCE9C 
 749      62D85809 
 749      C8BEB2
 750 00c7 003A21A7 		.ascii	"\000:!\247\244@J\006=\002\275B\373\004\372\205\016\310"
 750      A4404A06 
 750      3D02BD42 
 750      FB04FA85 
 750      0EC8
 751 00d9 292D3028 		.ascii	")-0(0$\332\260\300\210\320\214@V\350\250\234r\002c\002"
 751      3024DAB0 
 751      C088D08C 
 751      4056E8A8 
 751      9C720263 
 752 00ee E3CCAF79 		.ascii	"\343\314\257y\202\000y\201\202\000\321\232\226\357`"
 752      82007981 
 752      8200D19A 
 752      96EF60
 753 00fd 2C366DA2 		.ascii	",6m\242\007Z\205d\011\344\200\315\327w\273\212\016\271"
 753      075A8564 
 753      09E480CD 
 753      D777BB8A 
 753      0EB9
 754 010f D1B9BFAF 		.ascii	"\321\271\277\257[\232[z\034l\371\317\012N\012\274\251"
 754      5B9A5B7A 
 754      1C6CF9CF 
 754      0A4E0ABC 
 754      A9
 755 0120 91C256E8 		.ascii	"\221\302V\3508\202\003\217\370\227;+G\211\226\266\340"
 755      3882038F 
 755      F8973B2B 
 755      478996B6 
 755      E0
 756 0131 E76D0EC7 		.ascii	"\347m\016\307X\021I\246\315\300\233\014\354\211\377"
 756      581149A6 
 756      CDC09B0C 
 756      EC89FF
 757 0140 D7633C01 		.ascii	"\327c<\001\015\241\215\323\350\005\026\344\277\357\346"
 757      0DA18DD3 
 757      E80516E4 
 757      BFEFE6
 758 014f EFE0B294 		.ascii	"\357\340\262\224\250\335\374\036\3600_E\001\275\220"
 758      A8DDFC1E 
 758      F0305F45 
 758      01BD90
 759 015e C5B021A4 		.ascii	"\305\260!\244\017\\\014\212\257\204\225\276`\277\037"
 759      0F5C0C8A 
 759      AF8495BE 
 759      60BF1F
 760 016d 5BFC36AE 		.ascii	"[\3746\2564\000)\332H\203\207\033\323a\315\237\010\035"
 760      340029DA 
 760      4883871B 
 760      D361CD9F 
 760      081D
 761 017f 0C6E4AC7 		.ascii	"\014nJ\3075\363\320\342\232\371\240\346\207\3435\207"
 761      35F3D0E2 
 761      9AF9A0E6 
 761      87E33587 
 762 018f 44EDD61C 		.ascii	"D\355\326\034\006\347\013Q\336\010\224(/\003\036\346"
 762      06E70B51 
 762      DE089428 
 762      2F031EE6 
 763 019f 3DAFC715 		.ascii	"=\257\307\025\263'7F\241D\0339\360pc\237\342\212c\301"
 763      B3273746 
 763      A1441B39 
 763      F070639F 
 763      E28A63C1 
 764 01b3 55B9B862 		.ascii	"U\271\270b\001Z\\\261\020T\334C\305_\334x<#\002\311"
 764      015A5CB1 
 764      1054DC43 
 764      C55FDC78 
 764      3C2302C9 
 765 01c7 7FE7F8BF 		.ascii	"\177\347\370\277\023\025\355\033\013\025\327\276\351"
 765      1315ED1B 
 765      0B15D7BE 
 765      E9
 766 01d4 F9EEA253 		.ascii	"\371\356\242S\365mo\241V-\271\366=\307\255\314Ozwn\225"
 766      F56D6FA1 
 766      562DB9F6 
 766      3DC7ADCC 
 766      4F7A776E 
 767 01e9 FDC9F939 		.ascii	"\375\311\3719\373R\271Z\301\330\245\314\335\232s\333"
 767      FB52B95A 
 767      C1D8A5CC 
 767      DD9A73DB 
 768 01f9 AF55ECB9 		.ascii	"\257U\354\271\262\277X\366\334b\211,\034\275l\304\213"
 768      B2BF58F6 
 768      DC62892C 
 768      1CBD6CC4 
 768      8B
 769 020a D79C29C7 		.ascii	"\327\234)\307\235)]\247\177\346g\0104"
 769      9D295DA7 
 769      7FE66708 
 769      34
 770              		.text
 771              		.section	.gnu.lto_bitrev16.7.aeeb27c2e79a48ef,"e",%progbits
 772 0000 789C5550 		.ascii	"x\234UP\277K#A\030\375\276\231\315\256\211\3448\264"
 772      BF4B2341 
 772      18FDBE99 
 772      CDAE89E4 
 772      38B4
 773 0012 B11404C5 		.ascii	"\261\024\004\305\302\254m\272+\216\203\373\037l\326"
 773      C2AC6DBA 
 773      2B8E83FB 
 773      1F6CD6
 774 0021 B862D418 		.ascii	"\270b\324\030\315n\020+\307(\036\330x\306N%\310\022"
 774      CD6E102B 
 774      C7281ED8 
 774      78C64E25 
 774      C812
 775 0033 C1CEC69F 		.ascii	"\301\316\306\237h\021P\261\022DH!v\242\215\202\036W"
 775      681150B1 
 775      12444821 
 775      76A28D82 
 775      1E57
 776 0045 8944F4CD 		.ascii	"\211D\364\315&x\036\314\274\235\357\275\267\3377oN\230"
 776      26781ECC 
 776      BC9DEFBD 
 776      B7DF376F 
 776      4E98
 777 0057 A88F883A 		.ascii	"\250\217\210:\261Y\022\027\227\026\004)\245\276Y\202"
 777      B1591217 
 777      97160429 
 777      A5BE5982 
 778 0067 6796169E 		.ascii	"g\226\026\236J\373\006\037pH0M\013\236\346e\271&\271"
 778      4AFB061F 
 778      7048304D 
 778      0B9EE665 
 778      B926B9
 779 007a 28CB308B 		.ascii	"(\3130\213\306\211\371kwE\251\347\215\225\207csu\263"
 779      C689F96B 
 779      7745A9E7 
 779      8D958763 
 779      7375B3
 780 008d 22CA5250 		.ascii	"\"\312RP\011\206\035\346m\014 \202Q~\247.\230.\216v"
 780      09861DE6 
 780      6D0C2082 
 780      517EA72E 
 780      982E8E76 
 781 00a1 958A101C 		.ascii	"\225\212\020\034\274\307\237< ~\352\257I\372O}\033\354"
 781      BCC79F3C 
 781      207EEAAF 
 781      49FA4F7D 
 781      1BEC
 782 00b3 ADCB4845 		.ascii	"\255\313HE\325\336\026\225\252\336\362c\307\027\206"
 782      D5DE1695 
 782      AADEF263 
 782      C71786
 783 00c2 0DAD0112 		.ascii	"\015\255\001\022`\030\032t\257\210\0110--4i\210j.\246"
 783      60181A74 
 783      AF880930 
 783      2D2D3469 
 783      886A2EA6 
 784 00d6 A199799F 		.ascii	"\241\231y\237\343\004 Z\224:\2312XU\210~KQ/fP\334\263"
 784      E304205A 
 784      943A9932 
 784      5855887E 
 784      4B512F66 
 785 00ed BAB93A13 		.ascii	"\272\271:\023\364\310\205\332\257;\016$V3\375\341\271"
 785      F4C885DA 
 785      AF3B0E24 
 785      5633FDE1 
 785      B9
 786 00fe F6408A39 		.ascii	"\366@\2129F\036\253$\321\001B\031\023B\033,\022*\212"
 786      461EAB24 
 786      D1014219 
 786      13421B2C 
 786      122A8A
 787 0111 D997F9AA 		.ascii	"\331\227\371\252\021H,\251_\303\340\206\343\025L\004"
 787      11482CA9 
 787      5FC3E086 
 787      E3154C04 
 788 0121 BCB6D4E6 		.ascii	"\274\266\324\346O\333\002i\242-\037r]>\207f\201k\314"
 788      4FDB0269 
 788      A22D1F72 
 788      5D3E8766 
 788      816BCC
 789 0134 69FA6F8E 		.ascii	"i\372o\216\365yN4\010\213\331b\3302\026v\215\326\325"
 789      F5794E34 
 789      088BD962 
 789      D8321676 
 789      8DD6D5
 790 0147 2AE43838 		.ascii	"*\34488D(\264#%\2520\3155\322\374\345\302zR\023\244"
 790      4428B423 
 790      25AA30CD 
 790      35D2FCE5 
 790      C27A5213 
 791 015c B3F3BFEC 		.ascii	"\263\363\277\354D\011{(\233q\355a\317w'\235\234o{\331"
 791      44097B28 
 791      9B71ED61 
 791      CF77279D 
 791      9C6F7BD9 
 792 0170 7C2EE5DA 		.ascii	"|.\345\332S\216\233\031\351\361\306G\323~\317H\277\375"
 792      538E9B19 
 792      E9F1C647 
 792      D37ECF48 
 792      BFFD
 793 0182 239DCB40 		.ascii	"#\235\313@v\251e\"\357\214\371\371\214\335\237\366'"
 793      76A96522 
 793      EF8CF9F9 
 793      8CDD9FF6 
 793      27
 794 0193 D39E9B48 		.ascii	"\323\236\233H\221\201\243\327\372Q'\006\234^\307M\246"
 794      9181A3D7 
 794      FA512706 
 794      9C5EC74D 
 794      A6
 795 01a4 06E91DB8 		.ascii	"\006\351\035\270\337\254\205"
 795      DFAC85
 796              		.text
 797              		.section	.gnu.lto_bitrev32.8.aeeb27c2e79a48ef,"e",%progbits
 798 0000 789C5550 		.ascii	"x\234UP\277K[Q\030\375\276\373\275\037\011v(\272u\012"
 798      BF4B5B51 
 798      18FDBEFB 
 798      BD1F0976 
 798      28BA750A 
 799 0014 142C1D92 		.ascii	"\024,\035\222\327\325\255\203\010\376\017./\361\211"
 799      D7D5AD83 
 799      08FE0F2E 
 799      2FF189
 800 0023 D1C6B479 		.ascii	"\321\306\264y/\210\223\327T\022p\261I\207\202\210\312"
 800      2F8893D7 
 800      541270B1 
 800      49878288 
 800      CA
 801 0034 E315DC5C 		.ascii	"\343\025\334\\\024S\332\341A\207\256R\010\335K\273t"
 801      1453DAE1 
 801      4187AE52 
 801      08DD4BBB 
 801      74
 802 0045 10510469 		.ascii	"\020Q\004iS\352\271\211h\035\356\271\367\234\357\334"
 802      53EAB989 
 802      681DEEB9 
 802      F79CEFDC 
 803 0055 73BFEFEE 		.ascii	"s\277\357\3562\321\014\021\215c\261\020w\332\033\212"
 803      32D10C11 
 803      8D63B110 
 803      77DA1B8A 
 804 0065 B4D6CF5D 		.ascii	"\264\326\317]\305k\355\215o\273]\213?\360@`ZU\274\312"
 804      C56BED8D 
 804      6FBB5D8B 
 804      3FF04060 
 804      5A55BCCA 
 805 0079 6F655BB8 		.ascii	"oe[\270#\011\314\326\315\2119\3674\325\372\352\375\326"
 805      2309CCD6 
 805      CD8939F7 
 805      34D5FAEA 
 805      FDD6
 806 008b D567677B 		.ascii	"\325gg{?\265\022Q\264\003\303\021\363!\036 \202Q&\351"
 806      3FB51251 
 806      B403C311 
 806      F3211E20 
 806      825126E9 
 807 009f 094C279F 		.ascii	"\011L'\237\272Zg\011\016>\346\377<\020\246\337aw\310"
 807      BA5A6709 
 807      0E3EE6FF 
 807      3C10A6DF 
 807      6177C8
 808 00b2 DC34DD60 		.ascii	"\3344\335`\035|\265S\335\377\267\251u\357\007\377y\374"
 808      1D7CB553 
 808      DDFFB7A9 
 808      75EF07FF 
 808      79FC
 809 00c4 80614334 		.ascii	"\200aC4@\000\226e\3006\340\030\3155\22014\313\334\345"
 809      40009665 
 809      C036E018 
 809      CD359031 
 809      34CBDCE5 
 810 00d8 1102106D 		.ascii	"\021\002\020m\212\231G[\254S\2427\242\206d\015\344\027"
 810      8A99475B 
 810      AC53A237 
 810      A286640D 
 810      E417
 811 00ea EBEF175F 		.ascii	"\353\357\027_\024\235r\243\337\272T\261p,Y:\343\365"
 811      149D72A3 
 811      DFBA54B1 
 811      702C593A 
 811      E3F5
 812 00fc 5C2C6A9D 		.ascii	"\\,j\235U\"\366\216 \001\205D\234\241\355'<\2022\330"
 812      5522F68E 
 812      20018544 
 812      9CA1ED27 
 812      3C8232D8 
 813 0110 EBDFCD9E 		.ascii	"\353\337\315\236\023\213\005\301|\202\313\017\215\330"
 813      138B05C1 
 813      7C82CB0F 
 813      8DD8
 814 011e 6FFE7D14 		.ascii	"o\376}\024\213\215$\376\310\303;=7\026\030\355\233h"
 814      8B8D24FE 
 814      C8C33B3D 
 814      371618ED 
 814      9B68
 815 0130 F75EB473 		.ascii	"\367^\264s\033\215\344\014\252&\244\323\352\201\215"
 815      1B8DE40C 
 815      AA26A4D3 
 815      EA818D
 816 013f 0CC233E8 		.ascii	"\014\3023\350\263\221\303(\020\006-_\242\345sn\354M"
 816      B391C328 
 816      10062D5F 
 816      A2E5736E 
 816      EC4D
 817 0151 1881CC80 		.ascii	"\030\201\314\200|7 Q\301\233\257V\002o!\214\202e\277"
 817      7C372051 
 817      C19BAF56 
 817      026F218C 
 817      8265BF
 818 0164 167961B5 		.ascii	"\026ya\265^+\005\336\212\037T\026\363\341\313\027\345"
 818      5E2B05DE 
 818      8A1F5416 
 818      F3E1CB17 
 818      E5
 819 0175 28BF58F4 		.ascii	"(\277X\364\246\312\265\012\312\001\215\276\252\373K"
 819      A6CAB50A 
 819      CA018DBE 
 819      AAFB4B
 820 0184 51BDE215 		.ascii	"Q\275\342\025\313\321r9\014\012%\262p\014\307nya\326"
 820      CBD17239 
 820      0C0A25B2 
 820      700CC76E 
 820      7961D6
 821 0197 7FE60713 		.ascii	"\177\346\007\023\2459\272\006\230\270\241\262"
 821      A539BA06 
 821      98B8A1B2 
 822              		.text
 823              		.section	.gnu.lto_.symbol_nodes.aeeb27c2e79a48ef,"e",%progbits
 824 0000 789C75CC 		.ascii	"x\234u\314\261\015\2000\014D\321s\234\304Y\204\035\230"
 824      B10D8030 
 824      0C44D173 
 824      9CC45984 
 824      1D98
 825 0012 87450E98 		.ascii	"\207E\016\230\200\031\250\230\201!\230\205\232\212 "
 825      8019A898 
 825      81219885 
 825      9A8A20
 826 0021 112AECEA 		.ascii	"\021*\354\352\313O\272N\000\004\020\347\265\365\262"
 826      CB4FBA4E 
 826      000410E7 
 826      B5F5B2
 827 0030 1CA8897D 		.ascii	"\034\250\211}\234\004\017T\022\212G\201\301#\245\216"
 827      9C040F54 
 827      128A4781 
 827      C123A58E 
 828 0040 F5E29F45 		.ascii	"\365\342\237EF\327\022\223k\231\3315\243\271VX<S{'\207"
 828      46D71293 
 828      6B99D935 
 828      A3B95658 
 828      3C537B27 
 829 0055 AFD6ACC5 		.ascii	"\257\326\254\305\332\263\325\234q\003\236\363D-"
 829      DAB3D59C 
 829      71039EF3 
 829      442D
 830              		.text
 831              		.section	.gnu.lto_.refs.aeeb27c2e79a48ef,"e",%progbits
 832 0000 789C6364 		.ascii	"x\234cd\000\002\000\000\012\000\002"
 832      00020000 
 832      0A0002
 833              		.text
 834              		.section	.gnu.lto_.decls.aeeb27c2e79a48ef,"e",%progbits
 835 0000 789C7555 		.ascii	"x\234uU]LTG\024>gf\177\356^V\227\3325&\255\332M\037"
 835      5D4C5447 
 835      143E6766 
 835      7FEE5E56 
 835      97DA3526 
 836 0018 70930657 		.ascii	"p\223\006W\026C\313\333\246M\364\301\304\370\322\027"
 836      1643CBDB 
 836      A64DF4C1 
 836      C4F8D217 
 837 0028 5F0C7297 		.ascii	"_\014r\227\224\352\262\010\213\332\267+\365\207Vm\251"
 837      94EAB208 
 837      8BDAB72B 
 837      F587566D 
 837      A9
 838 0039 26B61563 		.ascii	"&\266\025ci\365\301\004\253Tk\253\322\272\210\"(\240"
 838      69F5C104 
 838      AB546BAB 
 838      D2BA8822 
 838      28A0
 839 004b 286AF107 		.ascii	"(j\361\007E\344gA\254(\030\2511\245g\356\275{w]\266"
 839      45E46741 
 839      AC2818A9 
 839      31A567EE 
 839      BD7B775D 
 840 0060 07CE9DD9 		.ascii	"\007\316\235\331\231\363}\337\2313s\357(v\200I\000\330"
 840      99F37DDF 
 840      993373EF 
 840      28768049 
 840      00D8
 841 0072 C800A6C8 		.ascii	"\310\000\246\310d\352_%\247a8E>\227|%y\224<\213\274"
 841      64EA5F25 
 841      A7613845 
 841      3E977C25 
 841      79943C8B 
 842 0087 997C01E8 		.ascii	"\231|\001\350\346 \3570\342o\220w\223\337&\277K~\237"
 842      E620EF30 
 842      E26F9077 
 842      93DF26BF 
 842      4B7E9F
 843 009a FC21F910 		.ascii	"\374!\371\020L\267\032\004\340\006\377\010\371\2501"
 843      4CB71A04 
 843      E006FF08 
 843      F9A831
 844 00a9 8E065FAA 		.ascii	"\216\006_\252\035\240\011\233\021?\213\334m\344\363"
 844      1DA0099B 
 844      113F8BDC 
 844      6DE4F3
 845 00b8 847C3C09 		.ascii	"\204|<\011{5\015\266\216&\254)\330\3445\240\221{\252"
 845      7B350DB6 
 845      8E26AC29 
 845      D8E435A0 
 845      917BAA
 846 00cb FD929463 		.ascii	"\375\222\224c\274\006\361\370\3564\361'\376'\307\254"
 846      BC06F1F8 
 846      EE34F127 
 846      FE27C7AC 
 847 00db 14ECED34 		.ascii	"\024\354\3554\330Si\260\361\034\223\261w\323`\2434a"
 847      D85369B0 
 847      F11C93B1 
 847      77D360A3 
 847      3461
 848 00ed 31B02276 		.ascii	"1\260\"v\324\3107\216\271\237\006\323\202\372\336%\347"
 848      D4C8378E 
 848      B99F06D3 
 848      82FADE25 
 848      E7
 849 00fe 195FE3B8 		.ascii	"\031_\343\270\221\363\004y\273\021OGC\333\313t\\W\210"
 849      91F30479 
 849      BB114F47 
 849      43DBCB74 
 849      5C5788
 850 0111 4B4AC93B 		.ascii	"KJ\311;\313\310\3759y_\322\032\004\317\220\301\225j"
 850      CBC8FD39 
 850      795FD21A 
 850      04CF90C1 
 850      956A
 851 0123 BB38CEC5 		.ascii	"\2738\316\305)\324\032\340\014|\252f\225\031\200\277"
 851      29D41AE0 
 851      0C7CAA66 
 851      951980BF 
 852 0133 A116312F 		.ascii	"\241\0261/\203\347@\015g\355\027v\266\242\334\250\252"
 852      83E7400D 
 852      67ED1776 
 852      B6A2DCA8 
 852      AA
 853 0144 31B56913 		.ascii	"1\265i\023\007\314\305E\200'\221p\277#\236@\374U\220"
 853      07CCC545 
 853      80279170 
 853      BF239E40 
 853      FC5590
 854 0157 64E1D414 		.ascii	"d\341\324\024\327Z\340\371\202|\0262z\2721\223\030^"
 854      D75AE0F9 
 854      827C1632 
 854      7ABA3193 
 854      185E
 855 0169 6C3DB43F 		.ascii	"l=\264?C0\214\252\215\225V\3003\210\177\"\340\037H\341"
 855      43308CAA 
 855      8D9556C0 
 855      33887F22 
 855      E01F48E1 
 856 017d C4D18078 		.ascii	"\304\321\200xZp,@\361B\270\264\036\360\017u\026\213"
 856      5A702C40 
 856      F142B8B4 
 856      1EF00F75 
 856      168B
 857 018f C6E22196 		.ascii	"\306\342!\226\321\346\341\366\031\202eLm\334\354\000"
 857      D1E6E1F6 
 857      1982654C 
 857      6DDCEC00 
 858 019f 3C8F788E 		.ascii	"<\217x\216X\232\220\302\211\345,b#RX\333\235\375\365"
 858      589A90C2 
 858      89E52C62 
 858      235258DB 
 858      9DFDF5
 859 01b2 8E011487 		.ascii	"\216\001\024\207\011-\012\"v\347\321C\206\225\034\334"
 859      092D0A22 
 859      76E7D143 
 859      86951CDC 
 860 01c2 2A53D94C 		.ascii	"*S\331L\2053\231\313\\\221\273-.\357\004\017H\314\353"
 860      853399CB 
 860      5C91BB2D 
 860      2EEF040F 
 860      48CCEB
 861 01d5 92A543E7 		.ascii	"\222\245C\3470S\266J\214\305\354\212\354}\211\207Y\255"
 861      3053B64A 
 861      8CC5EC8A 
 861      EC7D8987 
 861      59AD
 862 01e7 CD13502D 		.ascii	"\315\023P-\312\216\3311\273\312\252\227\273s\003\364"
 862      CA8ED931 
 862      BBCAAA97 
 862      BB7303F4 
 863 01f7 8CD95B51 		.ascii	"\214\331[Q!\324\012\213\224I\275\230]\236\340\265;m"
 863      21D40A8B 
 863      9449BD98 
 863      5D9EE0B5 
 863      3B6D
 864 0209 4A07AB5A 		.ascii	"J\007\253Z\200T&\305\357\246*\006$i\376\374&\336\304"
 864      805426C5 
 864      EFA62A06 
 864      2469FEFC 
 864      26DEC4
 865 021c 5BC56E49 		.ascii	"[\305nI\365Gf\3131\273\2138\274\212'S\361\270Z\321\252"
 865      F54766CB 
 865      31BB8B38 
 865      BC8A2753 
 865      F1B85AD1 
 866 0231 28B2DB0B 		.ascii	"(\262\333\013\224\205\342\367\007\230L\324\026\251\025"
 866      9485E2F7 
 866      07984CD4 
 866      16A915
 867 0240 FD1C9D7E 		.ascii	"\375\034\235~\365\301\2439\262Uv\314\367x\001\024X\302"
 867      F5C1A339 
 867      B25576CC 
 867      F7780114 
 867      58C2
 868 0252 88984FC5 		.ascii	"\210\230O\305\015\355$\252$~\"ze\346g|Y\214>!\214y\000"
 868      0DED24AA 
 868      247E227A 
 868      65E6677C 
 868      598C3E21 
 869 0269 548BE474 		.ascii	"T\213\344t\242J\215c\3252e\205_\206\230\235\321\224"
 869      A24A8D63 
 869      D5326585 
 869      5F86989D 
 869      D194
 870 027b DB822AC3 		.ascii	"\333\202*\303\004R\266\001R\305\250\206\342\217\014"
 870      0452B601 
 870      52C5A886 
 870      E28F0C
 871 028a 50EF011A 		.ascii	"P\357\001\032\016\3112\346<3:\000\361Q\323\300l\201"
 871      0EC932E6 
 871      3C333A00 
 871      F151D3C0 
 871      6C81
 872 029c 191C4C7F 		.ascii	"\031\034L\1771\020\215\0260.\221D\016\006\035\240\021"
 872      31108D16 
 872      302E9144 
 872      0E061DA0 
 872      11
 873 02ad 12E731B0 		.ascii	"\022\3471\260\372\211\214\217\304s\021\032Z0\213\217"
 873      FA898C8F 
 873      C473111A 
 873      5A308B8F 
 874 02bd 9A362DF1 		.ascii	"\2326-\361\327,\221\206\340\020\324tpv\0174lv\014R\335"
 874      D72C9186 
 874      E010D474 
 874      70760F34 
 874      6C760C52 
 875 02d2 D4C91D0D 		.ascii	"\324\311\035\015\034gV\007\350\213T\004<$&\367D\033"
 875      1C675607 
 875      E88B5404 
 875      3C2426F7 
 875      441B
 876 02e4 F7B9E8BD 		.ascii	"\367\271\350\275\307\213\250\005\327<\373\241\336)\276"
 876      C78BA805 
 876      D73CFBA1 
 876      DE29BE
 877 02f3 03780A31 		.ascii	"\003x\0121L\003#\375/\216\317\230\243\2123\256\272\305"
 877      4C0323FD 
 877      2F8ECF98 
 877      A38A33AE 
 877      BAC5
 878 0305 A07EC801 		.ascii	"\240~\310\001\333I\247M\0075wmj\340\357\356\373N\235"
 878      DB49A74D 
 878      0735776D 
 878      6AE0EFEE 
 878      FB4E9D
 879 0318 EC6919FC 		.ascii	"\354i\031\374)\243\355\244\252nQ\325MU(\242h\223\351"
 879      29A3EDA4 
 879      AA6E51D5 
 879      4D5528A2 
 879      6893E9
 880 032b 1813E012 		.ascii	"\030\023\340\022\375\244s\203-\210\027p\336\217\234"
 880      FDA47383 
 880      2D881770 
 880      DE8F9C
 881 033a 9F44013E 		.ascii	"\237D\001>\270}b\304\256)Fu\305\247c\333/\262t\212\235"
 881      B87D62C4 
 881      AE294675 
 881      C5A763DB 
 881      2FB2748A 
 882 034f 04BEA22B 		.ascii	"\004\276\242+~\265{\270\306.\024\307\242\307J\017Ql"
 882      7EB57BB8 
 882      C62E14C7 
 882      A2C74A0F 
 882      516C
 883 0361 A344D378 		.ascii	"\243D\323xY\227\242\330\313\246\320K\306\317jB\325U"
 883      5997A2D8 
 883      CBA6D04B 
 883      C6CF6A42 
 883      D555
 884 0373 D7F3349D 		.ascii	"\327\3634\235f]\247\353\301\301c\266t:\327\011\333\245"
 884      665DA7EB 
 884      C1C163B6 
 884      743AD709 
 884      DBA5
 885 0385 EB8CDCA8 		.ascii	"\353\214\334\250>\352\024:\365\035\264(+\005[h\032\257"
 885      3EEA143A 
 885      F51DB428 
 885      2B055B68 
 885      1AAF
 886 0397 993AD74C 		.ascii	"\231:\327L\235.\306/a\272\222\016\374\\\331\341\322"
 886      9D2EC62F 
 886      61BA920E 
 886      FC5CD9E1 
 886      D2
 887 03a8 72EDD9B3 		.ascii	"r\355\331\263\216r\255\012\210\252\3344\252\362\027"
 887      8E72AD0A 
 887      88AADC34 
 887      AAF217
 888 03b7 11DC3449 		.ascii	"\021\3344I\0163\336\251\221D\277\250Z\252a\376\325\327"
 888      0E33DEA9 
 888      9144BFA8 
 888      5AAA61FE 
 888      D5D7
 889 03c9 1710CBBB 		.ascii	"\027\020\313\273e\312\3362\021[\030\357\326\020\227"
 889      65CADE32 
 889      115B18EF 
 889      D61097
 890 03d8 7ABBBFB4 		.ascii	"z\273\277\264i\251\326}\276M\315\254\214\347z\307\004"
 890      69A9D67D 
 890      BE4DCDAC 
 890      8CE77AC7 
 890      04
 891 03e9 DD3141F7 		.ascii	"\3351A\367\220\367\246\315uG\303\215\357\365\272\336"
 891      90F7A6CD 
 891      7547C38D 
 891      EFF5BADE 
 892 03f9 7DB86B66 		.ascii	"}\270kf\247\252V\253(\262\3551\262\275G\024=&\315Y\344"
 892      A7AA56AB 
 892      28B2ED31 
 892      B2BD4714 
 892      3D26CD59 
 893 040e 43E9F7B0 		.ascii	"C\351\367\260\366\233\343\375N\263\266\321Dm\373\010"
 893      F69BE3FD 
 893      4EB3B6D1 
 893      446DFB08 
 894 041e FC40D7EA 		.ascii	"\374@\327\352\253\273zT\326\264\036\235\333*\264T\322"
 894      ABBB7A54 
 894      D6B41E9D 
 894      DB2AB454 
 894      D2
 895 042f EA43EC35 		.ascii	"\352C\3545\023\3565\225\016\"\037K\273\211-W\016\214"
 895      13EE3595 
 895      0E221F4B 
 895      BB892D57 
 895      0E8C
 896 0441 DB4DA1E6 		.ascii	"\333M\241\346\204\320 a\007t\241\356\307g\332\254Ze"
 896      84D02061 
 896      0774A1EE 
 896      C767DAAC 
 896      5A65
 897 0453 26139519 		.ascii	"&\023\225\031D\3547\205\372M\241m\364\341\260}}\270"
 897      44EC3785 
 897      FA4DA16D 
 897      F4E1B07D 
 897      7DB8
 898 0465 F6A1ED6D 		.ascii	"\366\241\355mD\372\227\031\216 !^\275C\255vW4\306\357"
 898      44FA9719 
 898      8E20215E 
 898      BD43AD76 
 898      5734C6EF 
 899 0479 0AA011C0 		.ascii	"\012\240\021\300\030\342\260\300\214\375s\373-\021O"
 899      18E2B0C0 
 899      8CFD73FB 
 899      2D114F
 900 0488 4EE1B58B 		.ascii	"N\341\265\213qT\274q\257\205\217R\370#\304\307\032\237"
 900      7154BC71 
 900      AF858F52 
 900      F823C4C7 
 900      1A9F
 901 049a 8B7E126C 		.ascii	"\213~\022l\357\336\316!g\002\367\212n\033|\202\251W"
 901      EFDECE21 
 901      6702F78A 
 901      6E1B7C82 
 901      A957
 902 04ac 0AD018E0 		.ascii	"\012\320\030\340\030\342\337\364\221z\"p\247w\016os"
 902      18E2DFF4 
 902      917A2270 
 902      A7770E6F 
 902      73
 903 04bd 18290ABD 		.ascii	"\030)\012\275\363U.\0347\030\220z\3524\206qbx\212\370"
 903      F3552E1C 
 903      3718907A 
 903      EA348671 
 903      62788AF8 
 904 04d1 4CDC2547 		.ascii	"L\334%G\352\372\276\235\341\324\256\234\332&\213\330"
 904      EAFABE9D 
 904      E1D4AE9C 
 904      DA268BD8 
 905 04e1 60FDD201 		.ascii	"`\375\322\001\234\320K\366\270w\264?#\021\320\227\010"
 905      9CD04BF6 
 905      B877B43F 
 905      2311D097 
 905      08
 906 04f2 782E2AF6 		.ascii	"x.*\366\306\272\212\202\222HE\310\267\2728\262\241\270"
 906      C6BA8A82 
 906      924845C8 
 906      B7BA38B2 
 906      A1B8
 907 0504 3CB8B050 		.ascii	"<\270\260PZ\272\374c\317G\371\371\360\2469\264P)XT\020"
 907      5ABAFC63 
 907      CF47F9F9 
 907      F0A639B4 
 907      50295854 
 908 0519 CC2F2C02 		.ascii	"\314/,\002{EqI\344\203U\021I\2649yF'\327\277*\302\026"
 908      7B457149 
 908      E4835511 
 908      49B43979 
 908      4627D7BF 
 909 0530 83B3A02C 		.ascii	"\203\263\240,\264\376\375`v\350\275\242R\220\013\303"
 909      B4FEFD60 
 909      76E8BDA2 
 909      52900BC3 
 910 0540 6591E0C6 		.ascii	"e\221\340\306\354\320b\260\021Qi\270T*\011\027\227\254"
 910      ECD062B0 
 910      115169B8 
 910      542A0917 
 910      97AC
 911 0552 2D2E092E 		.ascii	"-.\011.\364}\022\016\005}\237\226G\202\033\012\312\""
 911      F47D120E 
 911      057D9F96 
 911      47821B0A 
 911      CA22
 912 0564 BEF27045 		.ascii	"\276\362pEYa\320\367YA0\264&\273\274tmq${\315j\337\222"
 912      5961D0F7 
 912      594130B4 
 912      26BBBC74 
 912      6D71247B 
 913 057c E2B2104D 		.ascii	"\342\262\020M\007a\326\264\024A\322\031s\362\214N\256"
 913      0761D6B4 
 913      1441D219 
 913      73F28C4E 
 913      AE
 914 058d DF4A9D70 		.ascii	"\337J\235p\211]{\346\344\351m\256_(\227\005\327Kz\243"
 914      895D7BE6 
 914      E4E96DAE 
 914      5F289705 
 914      D74B7AA3 
 915 05a1 875327D7 		.ascii	"\207S'\327\377\037\301\021\241\245"
 915      FF1FC111 
 915      A1A5
 916              		.text
 917              		.section	.gnu.lto_.symtab.aeeb27c2e79a48ef,"e",%progbits
 918 0000 62697470 		.ascii	"bitpop\000"
 918      6F7000
 919 0007 00       		.ascii	"\000"
 920 0008 00       		.ascii	"\000"
 921 0009 00       		.ascii	"\000"
 922 000a 00000000 		.ascii	"\000\000\000\000\000\000\000\000"
 922      00000000 
 923 0012 CD000000 		.ascii	"\315\000\000\000"
 924 0016 62697470 		.ascii	"bitpop16\000"
 924      6F703136 
 924      00
 925 001f 00       		.ascii	"\000"
 926 0020 00       		.ascii	"\000"
 927 0021 00       		.ascii	"\000"
 928 0022 00000000 		.ascii	"\000\000\000\000\000\000\000\000"
 928      00000000 
 929 002a D1000000 		.ascii	"\321\000\000\000"
 930 002e 62697470 		.ascii	"bitpop32\000"
 930      6F703332 
 930      00
 931 0037 00       		.ascii	"\000"
 932 0038 00       		.ascii	"\000"
 933 0039 00       		.ascii	"\000"
 934 003a 00000000 		.ascii	"\000\000\000\000\000\000\000\000"
 934      00000000 
 935 0042 D5000000 		.ascii	"\325\000\000\000"
 936 0046 6269746F 		.ascii	"biton\000"
 936      6E00
 937 004c 00       		.ascii	"\000"
 938 004d 00       		.ascii	"\000"
 939 004e 00       		.ascii	"\000"
 940 004f 00000000 		.ascii	"\000\000\000\000\000\000\000\000"
 940      00000000 
 941 0057 D8000000 		.ascii	"\330\000\000\000"
 942 005b 6269746F 		.ascii	"biton16\000"
 942      6E313600 
 943 0063 00       		.ascii	"\000"
 944 0064 00       		.ascii	"\000"
 945 0065 00       		.ascii	"\000"
 946 0066 00000000 		.ascii	"\000\000\000\000\000\000\000\000"
 946      00000000 
 947 006e DA000000 		.ascii	"\332\000\000\000"
 948 0072 6269746F 		.ascii	"biton32\000"
 948      6E333200 
 949 007a 00       		.ascii	"\000"
 950 007b 00       		.ascii	"\000"
 951 007c 00       		.ascii	"\000"
 952 007d 00000000 		.ascii	"\000\000\000\000\000\000\000\000"
 952      00000000 
 953 0085 DC000000 		.ascii	"\334\000\000\000"
 954 0089 62697472 		.ascii	"bitrev\000"
 954      657600
 955 0090 00       		.ascii	"\000"
 956 0091 00       		.ascii	"\000"
 957 0092 00       		.ascii	"\000"
 958 0093 00000000 		.ascii	"\000\000\000\000\000\000\000\000"
 958      00000000 
 959 009b DF000000 		.ascii	"\337\000\000\000"
 960 009f 62697472 		.ascii	"bitrev16\000"
 960      65763136 
 960      00
 961 00a8 00       		.ascii	"\000"
 962 00a9 00       		.ascii	"\000"
 963 00aa 00       		.ascii	"\000"
 964 00ab 00000000 		.ascii	"\000\000\000\000\000\000\000\000"
 964      00000000 
 965 00b3 E3000000 		.ascii	"\343\000\000\000"
 966 00b7 62697472 		.ascii	"bitrev32\000"
 966      65763332 
 966      00
 967 00c0 00       		.ascii	"\000"
 968 00c1 00       		.ascii	"\000"
 969 00c2 00       		.ascii	"\000"
 970 00c3 00000000 		.ascii	"\000\000\000\000\000\000\000\000"
 970      00000000 
 971 00cb E7000000 		.ascii	"\347\000\000\000"
 972              		.text
 973              		.section	.gnu.lto_.ext_symtab.aeeb27c2e79a48ef,"e",%progbits
 974 0000 01       		.ascii	"\001"
 975 0001 01       		.ascii	"\001"
 976 0002 00       		.ascii	"\000"
 977 0003 01       		.ascii	"\001"
 978 0004 00       		.ascii	"\000"
 979 0005 01       		.ascii	"\001"
 980 0006 00       		.ascii	"\000"
 981 0007 01       		.ascii	"\001"
 982 0008 00       		.ascii	"\000"
 983 0009 01       		.ascii	"\001"
 984 000a 00       		.ascii	"\000"
 985 000b 01       		.ascii	"\001"
 986 000c 00       		.ascii	"\000"
 987 000d 01       		.ascii	"\001"
 988 000e 00       		.ascii	"\000"
 989 000f 01       		.ascii	"\001"
 990 0010 00       		.ascii	"\000"
 991 0011 01       		.ascii	"\001"
 992 0012 00       		.ascii	"\000"
 993              		.text
 994              		.section	.gnu.lto_.opts,"e",%progbits
 995 0000 272D666E 		.ascii	"'-fno-openmp' '-fno-openacc' '-fno-pie' '-fcf-prote"
 995      6F2D6F70 
 995      656E6D70 
 995      2720272D 
 995      666E6F2D 
 996 0033 6374696F 		.ascii	"ction=none' '-g' '-mcpu=cortex-m4' '-mthumb' '-mno-"
 996      6E3D6E6F 
 996      6E652720 
 996      272D6727 
 996      20272D6D 
 997 0066 7468756D 		.ascii	"thumb-interwork' '-mno-unaligned-access' '-mfloat-a"
 997      622D696E 
 997      74657277 
 997      6F726B27 
 997      20272D6D 
 998 0099 62693D68 		.ascii	"bi=hard' '-mfpu=fpv4-sp-d16' '-mlibarch=armv7e-m+fp"
 998      61726427 
 998      20272D6D 
 998      6670753D 
 998      66707634 
 999 00cc 2720272D 		.ascii	"' '-march=armv7e-m+fp' '-Os' '-Ofast' '-fsingle-pre"
 999      6D617263 
 999      683D6172 
 999      6D763765 
 999      2D6D2B66 
 1000 00ff 63697369 		.ascii	"cision-constant' '-fomit-frame-pointer' '-ffunction"
 1000      6F6E2D63 
 1000      6F6E7374 
 1000      616E7427 
 1000      20272D66 
 1001 0132 2D736563 		.ascii	"-sections' '-fdata-sections' '-fshort-wchar' '-fcom"
 1001      74696F6E 
 1001      73272027 
 1001      2D666461 
 1001      74612D73 
 1002 0165 6D6F6E27 		.ascii	"mon' '-flto' '-Xassembler' '-adhlns=.build/obj_karl"
 1002      20272D66 
 1002      6C746F27 
 1002      20272D58 
 1002      61737365 
 1003 0198 6B39305F 		.ascii	"k90_yaemk_moonlanderlike/quantum/bitwise.lst'\000"
 1003      7961656D 
 1003      6B5F6D6F 
 1003      6F6E6C61 
 1003      6E646572 
 1004              		.text
 1005              		.comm	__gnu_lto_slim,1,1
 1006              		.ident	"GCC: (15:10.3-2021.07-4) 10.3.1 20210621 (release)"
DEFINED SYMBOLS
                            *ABS*:0000000000000000 bitwise.c
     /tmp/ccoWxiDg.s:18     .gnu.debuglto_.debug_info:0000000000000000 bitwise.c.da0ae9cf
                            *COM*:0000000000000001 __gnu_lto_slim

NO UNDEFINED SYMBOLS
