   1              		.cpu cortex-m4
   2              		.eabi_attribute 27, 1
   3              		.eabi_attribute 28, 1
   4              		.eabi_attribute 23, 1
   5              		.eabi_attribute 24, 1
   6              		.eabi_attribute 25, 1
   7              		.eabi_attribute 26, 1
   8              		.eabi_attribute 30, 2
   9              		.eabi_attribute 34, 0
  10              		.eabi_attribute 18, 2
  11              		.file	"color.c"
  12              		.file 1 "/usr/lib/gcc/arm-none-eabi/10.3.1/include/stdint.h"
  13              		.file 2 "quantum/color.h"
  14              		.file 3 "quantum/color.c"
  15              		.file 4 "quantum/led_tables.h"
  16              		.section	.gnu.debuglto_.debug_info,"e",%progbits
  17              	.Ldebug_info0:
  18              		.hidden	color.c.a70627cf
  19              		.weak	color.c.a70627cf
  20              	color.c.a70627cf:
  21 0000 E4010000 		.4byte	0x1e4
  22 0004 0400     		.2byte	0x4
  23 0006 00000000 		.4byte	.Ldebug_abbrev0
  24 000a 04       		.byte	0x4
  25 000b 01       		.uleb128 0x1
  26 000c DD000000 		.4byte	.LASF20
  27 0010 0C       		.byte	0xc
  28 0011 19020000 		.4byte	.LASF21
  29 0015 7E000000 		.4byte	.LASF22
  30 0019 00000000 		.4byte	.Ldebug_line0
  31 001d 02       		.uleb128 0x2
  32 001e 01       		.byte	0x1
  33 001f 06       		.byte	0x6
  34 0020 53020000 		.4byte	.LASF0
  35 0024 02       		.uleb128 0x2
  36 0025 02       		.byte	0x2
  37 0026 05       		.byte	0x5
  38 0027 29020000 		.4byte	.LASF1
  39 002b 02       		.uleb128 0x2
  40 002c 04       		.byte	0x4
  41 002d 05       		.byte	0x5
  42 002e 4A020000 		.4byte	.LASF2
  43 0032 02       		.uleb128 0x2
  44 0033 08       		.byte	0x8
  45 0034 05       		.byte	0x5
  46 0035 06020000 		.4byte	.LASF3
  47 0039 03       		.uleb128 0x3
  48 003a D0000000 		.4byte	.LASF5
  49 003e 01       		.byte	0x1
  50 003f 2E       		.byte	0x2e
  51 0040 18       		.byte	0x18
  52 0041 4A000000 		.4byte	0x4a
  53 0045 04       		.uleb128 0x4
  54 0046 39000000 		.4byte	0x39
  55 004a 02       		.uleb128 0x2
  56 004b 01       		.byte	0x1
  57 004c 08       		.byte	0x8
  58 004d 3A000000 		.4byte	.LASF4
  59 0051 03       		.uleb128 0x3
  60 0052 41020000 		.4byte	.LASF6
  61 0056 01       		.byte	0x1
  62 0057 31       		.byte	0x31
  63 0058 19       		.byte	0x19
  64 0059 5D000000 		.4byte	0x5d
  65 005d 02       		.uleb128 0x2
  66 005e 02       		.byte	0x2
  67 005f 07       		.byte	0x7
  68 0060 5A000000 		.4byte	.LASF7
  69 0064 02       		.uleb128 0x2
  70 0065 04       		.byte	0x4
  71 0066 07       		.byte	0x7
  72 0067 48000000 		.4byte	.LASF8
  73 006b 02       		.uleb128 0x2
  74 006c 08       		.byte	0x8
  75 006d 07       		.byte	0x7
  76 006e B9000000 		.4byte	.LASF9
  77 0072 05       		.uleb128 0x5
  78 0073 04       		.byte	0x4
  79 0074 05       		.byte	0x5
  80 0075 696E7400 		.ascii	"int\000"
  81 0079 02       		.uleb128 0x2
  82 007a 04       		.byte	0x4
  83 007b 07       		.byte	0x7
  84 007c AC000000 		.4byte	.LASF10
  85 0080 06       		.uleb128 0x6
  86 0081 03       		.byte	0x3
  87 0082 02       		.byte	0x2
  88 0083 64       		.byte	0x64
  89 0084 09       		.byte	0x9
  90 0085 AB000000 		.4byte	0xab
  91 0089 07       		.uleb128 0x7
  92 008a 6700     		.ascii	"g\000"
  93 008c 02       		.byte	0x2
  94 008d 66       		.byte	0x66
  95 008e 0D       		.byte	0xd
  96 008f 39000000 		.4byte	0x39
  97 0093 00       		.byte	0
  98 0094 07       		.uleb128 0x7
  99 0095 7200     		.ascii	"r\000"
 100 0097 02       		.byte	0x2
 101 0098 67       		.byte	0x67
 102 0099 0D       		.byte	0xd
 103 009a 39000000 		.4byte	0x39
 104 009e 01       		.byte	0x1
 105 009f 07       		.uleb128 0x7
 106 00a0 6200     		.ascii	"b\000"
 107 00a2 02       		.byte	0x2
 108 00a3 68       		.byte	0x68
 109 00a4 0D       		.byte	0xd
 110 00a5 39000000 		.4byte	0x39
 111 00a9 02       		.byte	0x2
 112 00aa 00       		.byte	0
 113 00ab 03       		.uleb128 0x3
 114 00ac D8000000 		.4byte	.LASF11
 115 00b0 02       		.byte	0x2
 116 00b1 72       		.byte	0x72
 117 00b2 03       		.byte	0x3
 118 00b3 80000000 		.4byte	0x80
 119 00b7 08       		.uleb128 0x8
 120 00b8 52474200 		.ascii	"RGB\000"
 121 00bc 02       		.byte	0x2
 122 00bd 74       		.byte	0x74
 123 00be 0E       		.byte	0xe
 124 00bf AB000000 		.4byte	0xab
 125 00c3 06       		.uleb128 0x6
 126 00c4 03       		.byte	0x3
 127 00c5 02       		.byte	0x2
 128 00c6 88       		.byte	0x88
 129 00c7 09       		.byte	0x9
 130 00c8 EE000000 		.4byte	0xee
 131 00cc 07       		.uleb128 0x7
 132 00cd 6800     		.ascii	"h\000"
 133 00cf 02       		.byte	0x2
 134 00d0 89       		.byte	0x89
 135 00d1 0D       		.byte	0xd
 136 00d2 39000000 		.4byte	0x39
 137 00d6 00       		.byte	0
 138 00d7 07       		.uleb128 0x7
 139 00d8 7300     		.ascii	"s\000"
 140 00da 02       		.byte	0x2
 141 00db 8A       		.byte	0x8a
 142 00dc 0D       		.byte	0xd
 143 00dd 39000000 		.4byte	0x39
 144 00e1 01       		.byte	0x1
 145 00e2 07       		.uleb128 0x7
 146 00e3 7600     		.ascii	"v\000"
 147 00e5 02       		.byte	0x2
 148 00e6 8B       		.byte	0x8b
 149 00e7 0D       		.byte	0xd
 150 00e8 39000000 		.4byte	0x39
 151 00ec 02       		.byte	0x2
 152 00ed 00       		.byte	0
 153 00ee 08       		.uleb128 0x8
 154 00ef 48535600 		.ascii	"HSV\000"
 155 00f3 02       		.byte	0x2
 156 00f4 8C       		.byte	0x8c
 157 00f5 03       		.byte	0x3
 158 00f6 C3000000 		.4byte	0xc3
 159 00fa 02       		.uleb128 0x2
 160 00fb 01       		.byte	0x1
 161 00fc 08       		.byte	0x8
 162 00fd 14020000 		.4byte	.LASF12
 163 0101 09       		.uleb128 0x9
 164 0102 45000000 		.4byte	0x45
 165 0106 0C010000 		.4byte	0x10c
 166 010a 0A       		.uleb128 0xa
 167 010b 00       		.byte	0
 168 010c 04       		.uleb128 0x4
 169 010d 01010000 		.4byte	0x101
 170 0111 0B       		.uleb128 0xb
 171 0112 33020000 		.4byte	.LASF23
 172 0116 04       		.byte	0x4
 173 0117 16       		.byte	0x16
 174 0118 16       		.byte	0x16
 175 0119 0C010000 		.4byte	0x10c
 176 011d 0C       		.uleb128 0xc
 177 011e 29000000 		.4byte	.LASF13
 178 0122 03       		.byte	0x3
 179 0123 6B       		.byte	0x6b
 180 0124 05       		.byte	0x5
 181 0125 B7000000 		.4byte	0xb7
 182 0129 3A010000 		.4byte	0x13a
 183 012d 0D       		.uleb128 0xd
 184 012e 68737600 		.ascii	"hsv\000"
 185 0132 03       		.byte	0x3
 186 0133 6B       		.byte	0x6b
 187 0134 1A       		.byte	0x1a
 188 0135 EE000000 		.4byte	0xee
 189 0139 00       		.byte	0
 190 013a 0C       		.uleb128 0xc
 191 013b 16000000 		.4byte	.LASF14
 192 013f 03       		.byte	0x3
 193 0140 63       		.byte	0x63
 194 0141 05       		.byte	0x5
 195 0142 B7000000 		.4byte	0xb7
 196 0146 57010000 		.4byte	0x157
 197 014a 0D       		.uleb128 0xd
 198 014b 68737600 		.ascii	"hsv\000"
 199 014f 03       		.byte	0x3
 200 0150 63       		.byte	0x63
 201 0151 14       		.byte	0x14
 202 0152 EE000000 		.4byte	0xee
 203 0156 00       		.byte	0
 204 0157 0C       		.uleb128 0xc
 205 0158 06000000 		.4byte	.LASF15
 206 015c 03       		.byte	0x3
 207 015d 15       		.byte	0x15
 208 015e 05       		.byte	0x5
 209 015f B7000000 		.4byte	0xb7
 210 0163 E0010000 		.4byte	0x1e0
 211 0167 0D       		.uleb128 0xd
 212 0168 68737600 		.ascii	"hsv\000"
 213 016c 03       		.byte	0x3
 214 016d 15       		.byte	0x15
 215 016e 19       		.byte	0x19
 216 016f EE000000 		.4byte	0xee
 217 0173 0E       		.uleb128 0xe
 218 0174 21000000 		.4byte	.LASF16
 219 0178 03       		.byte	0x3
 220 0179 15       		.byte	0x15
 221 017a 23       		.byte	0x23
 222 017b E0010000 		.4byte	0x1e0
 223 017f 0F       		.uleb128 0xf
 224 0180 72676200 		.ascii	"rgb\000"
 225 0184 03       		.byte	0x3
 226 0185 16       		.byte	0x16
 227 0186 0E       		.byte	0xe
 228 0187 B7000000 		.4byte	0xb7
 229 018b 10       		.uleb128 0x10
 230 018c 6D000000 		.4byte	.LASF17
 231 0190 03       		.byte	0x3
 232 0191 17       		.byte	0x17
 233 0192 0E       		.byte	0xe
 234 0193 39000000 		.4byte	0x39
 235 0197 10       		.uleb128 0x10
 236 0198 74000000 		.4byte	.LASF18
 237 019c 03       		.byte	0x3
 238 019d 17       		.byte	0x17
 239 019e 16       		.byte	0x16
 240 019f 39000000 		.4byte	0x39
 241 01a3 0F       		.uleb128 0xf
 242 01a4 7000     		.ascii	"p\000"
 243 01a6 03       		.byte	0x3
 244 01a7 17       		.byte	0x17
 245 01a8 21       		.byte	0x21
 246 01a9 39000000 		.4byte	0x39
 247 01ad 0F       		.uleb128 0xf
 248 01ae 7100     		.ascii	"q\000"
 249 01b0 03       		.byte	0x3
 250 01b1 17       		.byte	0x17
 251 01b2 24       		.byte	0x24
 252 01b3 39000000 		.4byte	0x39
 253 01b7 0F       		.uleb128 0xf
 254 01b8 7400     		.ascii	"t\000"
 255 01ba 03       		.byte	0x3
 256 01bb 17       		.byte	0x17
 257 01bc 27       		.byte	0x27
 258 01bd 39000000 		.4byte	0x39
 259 01c1 0F       		.uleb128 0xf
 260 01c2 6800     		.ascii	"h\000"
 261 01c4 03       		.byte	0x3
 262 01c5 18       		.byte	0x18
 263 01c6 0E       		.byte	0xe
 264 01c7 51000000 		.4byte	0x51
 265 01cb 0F       		.uleb128 0xf
 266 01cc 7300     		.ascii	"s\000"
 267 01ce 03       		.byte	0x3
 268 01cf 18       		.byte	0x18
 269 01d0 11       		.byte	0x11
 270 01d1 51000000 		.4byte	0x51
 271 01d5 0F       		.uleb128 0xf
 272 01d6 7600     		.ascii	"v\000"
 273 01d8 03       		.byte	0x3
 274 01d9 18       		.byte	0x18
 275 01da 14       		.byte	0x14
 276 01db 51000000 		.4byte	0x51
 277 01df 00       		.byte	0
 278 01e0 02       		.uleb128 0x2
 279 01e1 01       		.byte	0x1
 280 01e2 02       		.byte	0x2
 281 01e3 00000000 		.4byte	.LASF19
 282 01e7 00       		.byte	0
 283              		.section	.gnu.debuglto_.debug_abbrev,"e",%progbits
 284              	.Ldebug_abbrev0:
 285 0000 01       		.uleb128 0x1
 286 0001 11       		.uleb128 0x11
 287 0002 01       		.byte	0x1
 288 0003 25       		.uleb128 0x25
 289 0004 0E       		.uleb128 0xe
 290 0005 13       		.uleb128 0x13
 291 0006 0B       		.uleb128 0xb
 292 0007 03       		.uleb128 0x3
 293 0008 0E       		.uleb128 0xe
 294 0009 1B       		.uleb128 0x1b
 295 000a 0E       		.uleb128 0xe
 296 000b 10       		.uleb128 0x10
 297 000c 17       		.uleb128 0x17
 298 000d 00       		.byte	0
 299 000e 00       		.byte	0
 300 000f 02       		.uleb128 0x2
 301 0010 24       		.uleb128 0x24
 302 0011 00       		.byte	0
 303 0012 0B       		.uleb128 0xb
 304 0013 0B       		.uleb128 0xb
 305 0014 3E       		.uleb128 0x3e
 306 0015 0B       		.uleb128 0xb
 307 0016 03       		.uleb128 0x3
 308 0017 0E       		.uleb128 0xe
 309 0018 00       		.byte	0
 310 0019 00       		.byte	0
 311 001a 03       		.uleb128 0x3
 312 001b 16       		.uleb128 0x16
 313 001c 00       		.byte	0
 314 001d 03       		.uleb128 0x3
 315 001e 0E       		.uleb128 0xe
 316 001f 3A       		.uleb128 0x3a
 317 0020 0B       		.uleb128 0xb
 318 0021 3B       		.uleb128 0x3b
 319 0022 0B       		.uleb128 0xb
 320 0023 39       		.uleb128 0x39
 321 0024 0B       		.uleb128 0xb
 322 0025 49       		.uleb128 0x49
 323 0026 13       		.uleb128 0x13
 324 0027 00       		.byte	0
 325 0028 00       		.byte	0
 326 0029 04       		.uleb128 0x4
 327 002a 26       		.uleb128 0x26
 328 002b 00       		.byte	0
 329 002c 49       		.uleb128 0x49
 330 002d 13       		.uleb128 0x13
 331 002e 00       		.byte	0
 332 002f 00       		.byte	0
 333 0030 05       		.uleb128 0x5
 334 0031 24       		.uleb128 0x24
 335 0032 00       		.byte	0
 336 0033 0B       		.uleb128 0xb
 337 0034 0B       		.uleb128 0xb
 338 0035 3E       		.uleb128 0x3e
 339 0036 0B       		.uleb128 0xb
 340 0037 03       		.uleb128 0x3
 341 0038 08       		.uleb128 0x8
 342 0039 00       		.byte	0
 343 003a 00       		.byte	0
 344 003b 06       		.uleb128 0x6
 345 003c 13       		.uleb128 0x13
 346 003d 01       		.byte	0x1
 347 003e 0B       		.uleb128 0xb
 348 003f 0B       		.uleb128 0xb
 349 0040 3A       		.uleb128 0x3a
 350 0041 0B       		.uleb128 0xb
 351 0042 3B       		.uleb128 0x3b
 352 0043 0B       		.uleb128 0xb
 353 0044 39       		.uleb128 0x39
 354 0045 0B       		.uleb128 0xb
 355 0046 01       		.uleb128 0x1
 356 0047 13       		.uleb128 0x13
 357 0048 00       		.byte	0
 358 0049 00       		.byte	0
 359 004a 07       		.uleb128 0x7
 360 004b 0D       		.uleb128 0xd
 361 004c 00       		.byte	0
 362 004d 03       		.uleb128 0x3
 363 004e 08       		.uleb128 0x8
 364 004f 3A       		.uleb128 0x3a
 365 0050 0B       		.uleb128 0xb
 366 0051 3B       		.uleb128 0x3b
 367 0052 0B       		.uleb128 0xb
 368 0053 39       		.uleb128 0x39
 369 0054 0B       		.uleb128 0xb
 370 0055 49       		.uleb128 0x49
 371 0056 13       		.uleb128 0x13
 372 0057 38       		.uleb128 0x38
 373 0058 0B       		.uleb128 0xb
 374 0059 00       		.byte	0
 375 005a 00       		.byte	0
 376 005b 08       		.uleb128 0x8
 377 005c 16       		.uleb128 0x16
 378 005d 00       		.byte	0
 379 005e 03       		.uleb128 0x3
 380 005f 08       		.uleb128 0x8
 381 0060 3A       		.uleb128 0x3a
 382 0061 0B       		.uleb128 0xb
 383 0062 3B       		.uleb128 0x3b
 384 0063 0B       		.uleb128 0xb
 385 0064 39       		.uleb128 0x39
 386 0065 0B       		.uleb128 0xb
 387 0066 49       		.uleb128 0x49
 388 0067 13       		.uleb128 0x13
 389 0068 00       		.byte	0
 390 0069 00       		.byte	0
 391 006a 09       		.uleb128 0x9
 392 006b 01       		.uleb128 0x1
 393 006c 01       		.byte	0x1
 394 006d 49       		.uleb128 0x49
 395 006e 13       		.uleb128 0x13
 396 006f 01       		.uleb128 0x1
 397 0070 13       		.uleb128 0x13
 398 0071 00       		.byte	0
 399 0072 00       		.byte	0
 400 0073 0A       		.uleb128 0xa
 401 0074 21       		.uleb128 0x21
 402 0075 00       		.byte	0
 403 0076 00       		.byte	0
 404 0077 00       		.byte	0
 405 0078 0B       		.uleb128 0xb
 406 0079 34       		.uleb128 0x34
 407 007a 00       		.byte	0
 408 007b 03       		.uleb128 0x3
 409 007c 0E       		.uleb128 0xe
 410 007d 3A       		.uleb128 0x3a
 411 007e 0B       		.uleb128 0xb
 412 007f 3B       		.uleb128 0x3b
 413 0080 0B       		.uleb128 0xb
 414 0081 39       		.uleb128 0x39
 415 0082 0B       		.uleb128 0xb
 416 0083 49       		.uleb128 0x49
 417 0084 13       		.uleb128 0x13
 418 0085 3F       		.uleb128 0x3f
 419 0086 19       		.uleb128 0x19
 420 0087 3C       		.uleb128 0x3c
 421 0088 19       		.uleb128 0x19
 422 0089 00       		.byte	0
 423 008a 00       		.byte	0
 424 008b 0C       		.uleb128 0xc
 425 008c 2E       		.uleb128 0x2e
 426 008d 01       		.byte	0x1
 427 008e 3F       		.uleb128 0x3f
 428 008f 19       		.uleb128 0x19
 429 0090 03       		.uleb128 0x3
 430 0091 0E       		.uleb128 0xe
 431 0092 3A       		.uleb128 0x3a
 432 0093 0B       		.uleb128 0xb
 433 0094 3B       		.uleb128 0x3b
 434 0095 0B       		.uleb128 0xb
 435 0096 39       		.uleb128 0x39
 436 0097 0B       		.uleb128 0xb
 437 0098 27       		.uleb128 0x27
 438 0099 19       		.uleb128 0x19
 439 009a 49       		.uleb128 0x49
 440 009b 13       		.uleb128 0x13
 441 009c 01       		.uleb128 0x1
 442 009d 13       		.uleb128 0x13
 443 009e 00       		.byte	0
 444 009f 00       		.byte	0
 445 00a0 0D       		.uleb128 0xd
 446 00a1 05       		.uleb128 0x5
 447 00a2 00       		.byte	0
 448 00a3 03       		.uleb128 0x3
 449 00a4 08       		.uleb128 0x8
 450 00a5 3A       		.uleb128 0x3a
 451 00a6 0B       		.uleb128 0xb
 452 00a7 3B       		.uleb128 0x3b
 453 00a8 0B       		.uleb128 0xb
 454 00a9 39       		.uleb128 0x39
 455 00aa 0B       		.uleb128 0xb
 456 00ab 49       		.uleb128 0x49
 457 00ac 13       		.uleb128 0x13
 458 00ad 00       		.byte	0
 459 00ae 00       		.byte	0
 460 00af 0E       		.uleb128 0xe
 461 00b0 05       		.uleb128 0x5
 462 00b1 00       		.byte	0
 463 00b2 03       		.uleb128 0x3
 464 00b3 0E       		.uleb128 0xe
 465 00b4 3A       		.uleb128 0x3a
 466 00b5 0B       		.uleb128 0xb
 467 00b6 3B       		.uleb128 0x3b
 468 00b7 0B       		.uleb128 0xb
 469 00b8 39       		.uleb128 0x39
 470 00b9 0B       		.uleb128 0xb
 471 00ba 49       		.uleb128 0x49
 472 00bb 13       		.uleb128 0x13
 473 00bc 00       		.byte	0
 474 00bd 00       		.byte	0
 475 00be 0F       		.uleb128 0xf
 476 00bf 34       		.uleb128 0x34
 477 00c0 00       		.byte	0
 478 00c1 03       		.uleb128 0x3
 479 00c2 08       		.uleb128 0x8
 480 00c3 3A       		.uleb128 0x3a
 481 00c4 0B       		.uleb128 0xb
 482 00c5 3B       		.uleb128 0x3b
 483 00c6 0B       		.uleb128 0xb
 484 00c7 39       		.uleb128 0x39
 485 00c8 0B       		.uleb128 0xb
 486 00c9 49       		.uleb128 0x49
 487 00ca 13       		.uleb128 0x13
 488 00cb 00       		.byte	0
 489 00cc 00       		.byte	0
 490 00cd 10       		.uleb128 0x10
 491 00ce 34       		.uleb128 0x34
 492 00cf 00       		.byte	0
 493 00d0 03       		.uleb128 0x3
 494 00d1 0E       		.uleb128 0xe
 495 00d2 3A       		.uleb128 0x3a
 496 00d3 0B       		.uleb128 0xb
 497 00d4 3B       		.uleb128 0x3b
 498 00d5 0B       		.uleb128 0xb
 499 00d6 39       		.uleb128 0x39
 500 00d7 0B       		.uleb128 0xb
 501 00d8 49       		.uleb128 0x49
 502 00d9 13       		.uleb128 0x13
 503 00da 00       		.byte	0
 504 00db 00       		.byte	0
 505 00dc 00       		.byte	0
 506              		.section	.gnu.debuglto_.debug_line,"e",%progbits
 507              	.Ldebug_line0:
 508 0000 7E000000 		.4byte	.LELT0-.LSLT0
 509              	.LSLT0:
 510 0004 0400     		.2byte	0x4
 511 0006 78000000 		.4byte	.LELTP0-.LASLTP0
 512              	.LASLTP0:
 513 000a 01       		.byte	0x1
 514 000b 01       		.byte	0x1
 515 000c 01       		.byte	0x1
 516 000d F6       		.byte	0xf6
 517 000e F2       		.byte	0xf2
 518 000f 0D       		.byte	0xd
 519 0010 00       		.byte	0
 520 0011 01       		.byte	0x1
 521 0012 01       		.byte	0x1
 522 0013 01       		.byte	0x1
 523 0014 01       		.byte	0x1
 524 0015 00       		.byte	0
 525 0016 00       		.byte	0
 526 0017 00       		.byte	0
 527 0018 01       		.byte	0x1
 528 0019 00       		.byte	0
 529 001a 00       		.byte	0
 530 001b 01       		.byte	0x1
 531 001c 7175616E 		.ascii	"quantum"
 531      74756D
 532 0023 00       		.byte	0
 533 0024 2F757372 		.ascii	"/usr/lib/gcc/arm-none-eabi/10.3.1/include"
 533      2F6C6962 
 533      2F676363 
 533      2F61726D 
 533      2D6E6F6E 
 534 004d 00       		.byte	0
 535 004e 00       		.byte	0
 536 004f 73746469 		.ascii	"stdint.h\000"
 536      6E742E68 
 536      00
 537 0058 02       		.uleb128 0x2
 538 0059 00       		.uleb128 0
 539 005a 00       		.uleb128 0
 540 005b 636F6C6F 		.ascii	"color.h\000"
 540      722E6800 
 541 0063 01       		.uleb128 0x1
 542 0064 00       		.uleb128 0
 543 0065 00       		.uleb128 0
 544 0066 636F6C6F 		.ascii	"color.c\000"
 544      722E6300 
 545 006e 01       		.uleb128 0x1
 546 006f 00       		.uleb128 0
 547 0070 00       		.uleb128 0
 548 0071 6C65645F 		.ascii	"led_tables.h\000"
 548      7461626C 
 548      65732E68 
 548      00
 549 007e 01       		.uleb128 0x1
 550 007f 00       		.uleb128 0
 551 0080 00       		.uleb128 0
 552 0081 00       		.byte	0
 553              	.LELTP0:
 554              	.LELT0:
 555              		.section	.gnu.debuglto_.debug_str,"eMS",%progbits,1
 556              	.LASF19:
 557 0000 5F426F6F 		.ascii	"_Bool\000"
 557      6C00
 558              	.LASF15:
 559 0006 6873765F 		.ascii	"hsv_to_rgb_impl\000"
 559      746F5F72 
 559      67625F69 
 559      6D706C00 
 560              	.LASF14:
 561 0016 6873765F 		.ascii	"hsv_to_rgb\000"
 561      746F5F72 
 561      676200
 562              	.LASF16:
 563 0021 7573655F 		.ascii	"use_cie\000"
 563      63696500 
 564              	.LASF13:
 565 0029 6873765F 		.ascii	"hsv_to_rgb_nocie\000"
 565      746F5F72 
 565      67625F6E 
 565      6F636965 
 565      00
 566              	.LASF4:
 567 003a 756E7369 		.ascii	"unsigned char\000"
 567      676E6564 
 567      20636861 
 567      7200
 568              	.LASF8:
 569 0048 6C6F6E67 		.ascii	"long unsigned int\000"
 569      20756E73 
 569      69676E65 
 569      6420696E 
 569      7400
 570              	.LASF7:
 571 005a 73686F72 		.ascii	"short unsigned int\000"
 571      7420756E 
 571      7369676E 
 571      65642069 
 571      6E7400
 572              	.LASF17:
 573 006d 72656769 		.ascii	"region\000"
 573      6F6E00
 574              	.LASF18:
 575 0074 72656D61 		.ascii	"remainder\000"
 575      696E6465 
 575      7200
 576              	.LASF22:
 577 007e 2F686F6D 		.ascii	"/home/jstewart/source/yaemk-split-kb/Firmware\000"
 577      652F6A73 
 577      74657761 
 577      72742F73 
 577      6F757263 
 578              	.LASF10:
 579 00ac 756E7369 		.ascii	"unsigned int\000"
 579      676E6564 
 579      20696E74 
 579      00
 580              	.LASF9:
 581 00b9 6C6F6E67 		.ascii	"long long unsigned int\000"
 581      206C6F6E 
 581      6720756E 
 581      7369676E 
 581      65642069 
 582              	.LASF5:
 583 00d0 75696E74 		.ascii	"uint8_t\000"
 583      385F7400 
 584              	.LASF11:
 585 00d8 63524742 		.ascii	"cRGB\000"
 585      00
 586              	.LASF20:
 587 00dd 474E5520 		.ascii	"GNU C99 10.3.1 20210621 (release) -mcpu=cortex-m4 -"
 587      43393920 
 587      31302E33 
 587      2E312032 
 587      30323130 
 588 0110 6D746875 		.ascii	"mthumb -mno-thumb-interwork -mno-unaligned-access -"
 588      6D62202D 
 588      6D6E6F2D 
 588      7468756D 
 588      622D696E 
 589 0143 6D666C6F 		.ascii	"mfloat-abi=hard -mfpu=fpv4-sp-d16 -march=armv7e-m+f"
 589      61742D61 
 589      62693D68 
 589      61726420 
 589      2D6D6670 
 590 0176 70202D67 		.ascii	"p -ggdb -Os -Ofast -std=gnu99 -fsingle-precision-co"
 590      67646220 
 590      2D4F7320 
 590      2D4F6661 
 590      7374202D 
 591 01a9 6E737461 		.ascii	"nstant -fomit-frame-pointer -ffunction-sections -fd"
 591      6E74202D 
 591      666F6D69 
 591      742D6672 
 591      616D652D 
 592 01dc 6174612D 		.ascii	"ata-sections -fshort-wchar -fcommon -flto\000"
 592      73656374 
 592      696F6E73 
 592      202D6673 
 592      686F7274 
 593              	.LASF3:
 594 0206 6C6F6E67 		.ascii	"long long int\000"
 594      206C6F6E 
 594      6720696E 
 594      7400
 595              	.LASF12:
 596 0214 63686172 		.ascii	"char\000"
 596      00
 597              	.LASF21:
 598 0219 7175616E 		.ascii	"quantum/color.c\000"
 598      74756D2F 
 598      636F6C6F 
 598      722E6300 
 599              	.LASF1:
 600 0229 73686F72 		.ascii	"short int\000"
 600      7420696E 
 600      7400
 601              	.LASF23:
 602 0233 43494531 		.ascii	"CIE1931_CURVE\000"
 602      3933315F 
 602      43555256 
 602      4500
 603              	.LASF6:
 604 0241 75696E74 		.ascii	"uint16_t\000"
 604      31365F74 
 604      00
 605              	.LASF2:
 606 024a 6C6F6E67 		.ascii	"long int\000"
 606      20696E74 
 606      00
 607              	.LASF0:
 608 0253 7369676E 		.ascii	"signed char\000"
 608      65642063 
 608      68617200 
 609              		.text
 610              		.section	.gnu.lto_.profile.6624b9dc06d78ee0,"e",%progbits
 611 0000 789C6362 		.ascii	"x\234cb\000\001\000\000\022\000\003"
 611      00010000 
 611      120003
 612              		.text
 613              		.section	.gnu.lto_.icf.6624b9dc06d78ee0,"e",%progbits
 614 0000 789C1361 		.ascii	"x\234\023a@\000f\206\003m\273/p3=\271v\352\"7\363\241"
 614      40006686 
 614      036DBB2F 
 614      70333DB9 
 614      76EA2237 
 615 0016 C947E7B1 		.ascii	"\311G\347\2613\000\000a\311\011\030"
 615      33000061 
 615      C90918
 616              		.text
 617              		.section	.gnu.lto_.ipa_sra.6624b9dc06d78ee0,"e",%progbits
 618 0000 789C758A 		.ascii	"x\234u\212\311\021\000 \010\003s\364i-\026C\241 \016"
 618      C9110020 
 618      080373F4 
 618      692D1643 
 618      A1200E
 619 0013 E3CBE4B3 		.ascii	"\343\313\344\2639\026\236\0149\2140A^\340\200\310y\351"
 619      39169E0C 
 619      398C3041 
 619      5EE080C8 
 619      79E9
 620 0025 740A1BED 		.ascii	"t\012\033\355\312[\005\275\375'$\344P\0107"
 620      CA5B05BD 
 620      FD2724E4 
 620      500837
 621              		.text
 622              		.section	.gnu.lto_.inline.6624b9dc06d78ee0,"e",%progbits
 623 0000 789C8D50 		.ascii	"x\234\215PKJ\303P\024=\367\223\370\006\012\321eT\027"
 623      4B4AC350 
 623      143DF793 
 623      F8060AD1 
 623      655417
 624 0013 E0121C88 		.ascii	"\340\022\034\210k\320\266\352Hh7P\342\300\261E\272\000"
 624      6BD0B6EA 
 624      48683750 
 624      E2C0B145 
 624      BA00
 625 0025 C58C1D88 		.ascii	"\305\214\035\210V\034\024\2349\265s\021\335\201\010"
 625      561C149C 
 625      39B57311 
 625      DD8108
 626 0034 451031DE 		.ascii	"E\0201\336\233`Z\007\215\346%\217sr\316=\357\335{\316"
 626      9B605A07 
 626      8DE6258F 
 626      7372CE3D 
 626      EFDD7BCE 
 627 0048 A81E81AC 		.ascii	"\250\036\201\254\177\345\371\275\354S\202N&z\"\231\200"
 627      7FE5F9BD 
 627      EC53824E 
 627      267A2299 
 627      80
 628 0059 4001E81A 		.ascii	"@\001\350\032\245+2H\006#W\"\262\032\3528\270v\350\025"
 628      A52B3248 
 628      06235722 
 628      B21AEA38 
 628      B876E815 
 629 006d D420482F 		.ascii	"\324 H/\223x\303>\270+\246xs\212s*m\253\2636\032Ra\241"
 629      9378C33E 
 629      B82BA678 
 629      738A732A 
 629      6DABB336 
 630 0085 1BAA8E8D 		.ascii	"\033\252\216\215\211\353,\264\366w\200\326\006\014i"
 630      89EB2CB4 
 630      F67780D6 
 630      060C69
 631 0094 9E7CE0F2 		.ascii	"\236|\340\362\355\\\271[_M6\262bb%H~\200\275\006\"\233"
 631      ED5CB95B 
 631      5F4D36B2 
 631      62622548 
 631      7E80BD06 
 632 00aa D3327098 		.ascii	"\3232p\230\246i\017\210\337\363<\227\026\303\226\375"
 632      A6690F88 
 632      DFF33C97 
 632      16C396FD 
 633 00ba 49D9609A 		.ascii	"I\331`\232\322/\306\014-X\333%\360\331\313d\314\315"
 633      D22FC60C 
 633      2D58DB25 
 633      F0D9CB64 
 633      CCCD
 634 00cc E092DAAE 		.ascii	"\340\222\332\256\005o\005\243!\200O\235\355$\001\311"
 634      056F05A3 
 634      21804F9D 
 634      ED2401C9 
 635 00dc 2CB16ADB 		.ascii	",\261j\333\033O\223\361\203\354\206\242\262\012\362"
 635      1B4F93F1 
 635      83EC86A2 
 635      B20AF2
 636 00eb D48095CB 		.ascii	"\324\200\225\313\321\340\223M\013X|\033\277~H\333\205"
 636      D1E0934D 
 636      0B587C1B 
 636      BF7E48DB 
 636      85
 637 00fc 2840EF46 		.ascii	"(@\357F\203Gn\252\347+\270`\333\211\"\231%\236\257\210"
 637      83476EAA 
 637      E72BB860 
 637      DB892299 
 637      259EAF88 
 638 0110 FB17C747 		.ascii	"\373\027\307G\334R\2505\311\262`\227~\226=\273\362\264"
 638      DC52A835 
 638      C9B26097 
 638      7E963DBB 
 638      F2B4
 639 0122 DFB211EF 		.ascii	"\337\262\021\357\027\320%\267\365\267 \377\267\342\033"
 639      17D025B7 
 639      F5B720FF 
 639      B7E21B
 640 0131 BF919B95 		.ascii	"\277\221\233\225"
 641              		.text
 642              		.section	.gnu.lto_.jmpfuncs.6624b9dc06d78ee0,"e",%progbits
 643 0000 789C0B65 		.ascii	"x\234\013e@\000f\006&FF\346\372%\314L@\314\012d3\202"
 643      40006606 
 643      264646E6 
 643      FA25CC4C 
 643      40CC0A64 
 644 0016 D82C2C75 		.ascii	"\330,,u`Y\246I\314@QFF\006\306\003,\214 \014\324\200"
 644      6059A649 
 644      CC405146 
 644      4606C603 
 644      2C8C200C 
 645 002c 5D090358 		.ascii	"]\011\003X\011\003X\011\003\000\036\344\013\272"
 645      09035809 
 645      03001EE4 
 645      0BBA
 646              		.text
 647              		.section	.gnu.lto_.pureconst.6624b9dc06d78ee0,"e",%progbits
 648 0000 789CE362 		.ascii	"x\234\343b```fheajaana\001\000\010\301\001\254"
 648      60606066 
 648      6865616A 
 648      61616E61 
 648      010008C1 
 649              		.text
 650              		.section	.gnu.lto_.lto.6624b9dc06d78ee0,"e",%progbits
 651 0000 09000400 		.ascii	"\011\000\004\000\001\000\000\000"
 651      01000000 
 652              		.text
 653              		.section	.gnu.lto_hsv_to_rgb_impl.0.6624b9dc06d78ee0,"e",%progbits
 654 0000 789C7D56 		.ascii	"x\234}V[p\024E\024\355;=\373\310\276\003Y\004y\005\222"
 654      5B701445 
 654      14ED3B3D 
 654      FBC8BE03 
 654      59047905 
 655 0015 A04492CD 		.ascii	"\240D\222\315C\305*\237\345G\364\307*?\264\364KM\302"
 655      43C52A9F 
 655      E547F4C7 
 655      2A3FB4F4 
 655      4B4DC2
 656 0028 0A514270 		.ascii	"\012QBp\023\260\374\260\230\274\026\013T\010($\010\013"
 656      13B0FCB0 
 656      98BC160B 
 656      54082824 
 656      080B
 657 003a 2E910A0A 		.ascii	".\221\012\012\021J\005\242 A \242\210\0061\020\024D"
 657      114A05A2 
 657      204120A2 
 657      88063110 
 657      1444
 658 004c D1A0F8C0 		.ascii	"\321\240\370\300(\205\274\215\367v\317\314\316$h>n\272"
 658      2885BC8D 
 658      F776CFCC 
 658      CE24683E 
 658      6EBA
 659 005e FB9ED3E7 		.ascii	"\373\236\323\347\366\275\267{\347\326 c\011\306X!0\006"
 659      F6BDB77B 
 659      E7D62063 
 659      09C65821 
 659      3006
 660 0070 C3182C69 		.ascii	"\303\030,iZ\2400M\323\356q)J}\323B\005\276\200\337\326"
 660      5AA0304D 
 660      D3EE7129 
 660      4A7DD342 
 660      05BE80DF 
 661 0085 7E1F56E3 		.ascii	"~\037V\343M\201W\216%rU\25644y\321\237\25166\005\304"
 661      4D81578E 
 661      257255AE 
 661      343479D1 
 661      9FA93636 
 662 009b 7F155E6D 		.ascii	"\177\025^m\362\010\206\003\326/I\376\331\373\240\230"
 662      F2088603 
 662      D62F49FE 
 662      D9FBA098 
 663 00ab 3895F93A 		.ascii	"8\225\371:\260y\361I\020\003\027\264,I\202\360\272i"
 663      B079F149 
 663      100317B4 
 663      2C4982F0 
 663      BA69
 664 00bd 38410AA5 		.ascii	"8A\012\2459W/NB\317\233=\036\347\012c\360\2321Xi\014"
 664      39572F4E 
 664      42CF9B3D 
 664      1EE70A63 
 664      F09A3158 
 665 00d3 56198384 		.ascii	"V\031\203\2041\360@\033\312\275\270\366>\214Ql\344\245"
 665      31F0401B 
 665      CABDB8F6 
 665      3E8C516C 
 665      E4A5
 666 00e5 85CD2D5C 		.ascii	"\205\315-\\L|b\222\220\023\277\230\274%'\0011\331&'"
 666      4C7C6292 
 666      9013BF98 
 666      BC252701 
 666      31D92627 
 667 00f9 4131D921 		.ascii	"A1\331!'!q\200}\365.1K\207Z3\031\300\346)\\u8]\3564"
 667      27217180 
 667      7DF52E31 
 667      4B875A33 
 667      19C0E629 
 668 0113 8FD7E70F 		.ascii	"\217\327\347\017\004C\3510\017\226\362\225\034\226\360"
 668      0443E930 
 668      0F96F295 
 668      1C96F0
 669 0122 56CEC018 		.ascii	"V\316\300\030\001\214\234\214\214\013o\254\330\230\333"
 669      018C9C8C 
 669      8C0B6FAC 
 669      D898DB
 670 0131 38B2952B 		.ascii	"8\262\225+,\201\336\367\000\336\305\0043\206(~/\273"
 670      2C81DEF7 
 670      00DEC504 
 670      3386287E 
 670      2FBB
 671 0143 0111DD1D 		.ascii	"\001\021\335\035u\232\306Y+\347\260\025,\030\\(\371"
 671      759AC659 
 671      2BE7B015 
 671      2C185C28 
 671      F9
 672 0154 4921DCA3 		.ascii	"I!\334\243\354\206N\304\355\177W\342T\350\020\270b("
 672      EC864EC4 
 672      ED7F57E2 
 672      54E810B8 
 672      6228
 673 0166 20945A72 		.ascii	" \224ZrV\021\373I}\305\324\017\021\367\011\362\344 "
 673      5611FB49 
 673      7DC5D40F 
 673      11F709F2 
 673      E420
 674 0178 BD7F5BEF 		.ascii	"\275\177[\357\3146Mm\345\016\330!\350\333\001>\020\241"
 674      CC364D6D 
 674      E50ED821 
 674      E8DB013E 
 674      10A1
 675 018a 94F450CC 		.ascii	"\224\364P\314\274\314@v\257\337\242i\216LB\356\034\204"
 675      BCCC4076 
 675      AFDFA269 
 675      8E4C42EE 
 675      1C84
 676 019c DC2F90D3 		.ascii	"\334/\220\323Ld\302D\356\032\204\334%\220O\232\352o"
 676      4C64C244 
 676      EE1A84DC 
 676      25904F9A 
 676      EA6F
 677 01ae 272A9A49 		.ascii	"'*\232I\335\011\273S\301#n\253\300\3150w\374\214\016"
 677      DD09BB53 
 677      C1236EAB 
 677      C0CD3077 
 677      FC8C0E
 678 01c1 9949B8BD 		.ascii	"\231I\270\2756\334F\201{\312\304}b\342>\266\341\326"
 678      36DC4681 
 678      7BCAC47D 
 678      62E23EB6 
 678      E1D6
 679 01d3 0ADC4C13 		.ascii	"\012\334L\023\327n\342>\261\341\226\013\334\334\324"
 679      D76EE23E 
 679      B1E1960B 
 679      DCDCD4
 680 01e2 494CDC7E 		.ascii	"IL\334~\033n\241\300=/pX\254M\355u\022\247\300\001\260"
 680      1B6EA1C0 
 680      3D2F7058 
 680      AC4DED75 
 680      12A7C001 
 681 01f7 15B46440 		.ascii	"\025\264d@q2\370\034\3403\200O\001\366\001t\001\354"
 681      7132F81C 
 681      E033804F 
 681      01F60174 
 681      01EC
 682 0209 01F808A0 		.ascii	"\001\370\010\240\023\340C\240\362\343\037b\2759Z\243"
 682      13E043A0 
 682      F2E31F62 
 682      BD395AA3 
 683 0219 D6DFDBDD 		.ascii	"\326\337\333\335\260\006DJ\006u\006\263\321?\004T.`"
 683      B006444A 
 683      067506B3 
 683      D13F0454 
 683      2E60
 684 022b 14D83658 		.ascii	"\024\3306X\305\365\316\251\005\226\323Y\253\365o\374"
 684      C5F5CEA9 
 684      0596D359 
 684      ABF56FFC 
 685 023b EB670D9A 		.ascii	"\353g\015\232\353p\023\027|\231\212\033\016\202\004"
 685      EB701317 
 685      7C998A1B 
 685      0E8204
 686 024a A6882089 		.ascii	"\246\210 \211\363%q\361\2125\235M\231\214h=\026\332"
 686      F32571F1 
 686      8A359D4D 
 686      998C683D 
 686      16DA
 687 025c 5736DAE7 		.ascii	"W6\332\347H\223\235\305_\"\032\006\335\276=\245\327"
 687      48939DC5 
 687      5F221A06 
 687      DDBE3DA5 
 687      D7
 688 026d 6B211E19 		.ascii	"k!\036\031B\344\222\270T\022-z\337Xh_\017\241\251\222"
 688      42E492B8 
 688      54122D7A 
 688      DF58685F 
 688      0FA1A992 
 689 0281 D63284F6 		.ascii	"\3262\204\366\255\205v\234ho\177\351\350\324\256\014"
 689      AD85769C 
 689      686F7FE9 
 689      E8D4AE0C 
 690 0291 2CD2B43F 		.ascii	",\322\264?>\202\276\245\367\335\005\210s+\004\246K\342"
 690      3E82BEA5 
 690      F7DD0588 
 690      732B04A6 
 690      4BE2
 691 02a3 5269EAA0 		.ascii	"Ri\352\240\221\223F.2n2id<\014\216\202\227F>2~\302\005"
 691      9193462E 
 691      326E3269 
 691      643C0C8E 
 691      8297463E 
 692 02bb 68142413 		.ascii	"h\024$\023\"\223Nf\030\231\341d2\310\204\311\214 s\035"
 692      22934E66 
 692      1899E164 
 692      32C884C9 
 692      8C20731D 
 693 02cf 99916446 		.ascii	"\231\221dF\221\271\236\314h2c\310\214%3\216\314x\022"
 693      91B99ECC 
 693      683263C8 
 693      8C25338E 
 693      CC7812
 694 02e2 12479840 		.ascii	"\022G\230@f\"\231,2\331dr\310LbX\345\311\000\357C.\215"
 694      6622992C 
 694      32D96472 
 694      C84C6258 
 694      E5C900EF 
 695 02f9 6E223385 		.ascii	"n\"3\205\272 \217a\037\3443\354\204\010\303^\240,\271"
 695      BA208F61 
 695      1FE433EC 
 695      8408C35E 
 695      A02CB9
 696 030c 0B191C83 		.ascii	"\013\031\034\203\"\006'\240\230\301!\270\231\301a\270"
 696      220627A0 
 696      98C121B8 
 696      99C161B8 
 697 031c 1D50E30E 		.ascii	"\035P\343\016@\307\235\200\016\306\026qz\2544\025\264"
 697      40C79D80 
 697      0EC61671 
 697      7AAC3415 
 697      B4
 698 032d 4EC61673 		.ascii	"N\306\026sENjqr\006\352\266C\222\027\027\340J\363XK"
 698      454E6A71 
 698      7206EAB6 
 698      43921717 
 698      E04AF358 
 699 0342 57B15F40 		.ascii	"W\261_@\301\375\320e`n&\314\205\304\003\226\016\022"
 699      C1FDD065 
 699      606E26CC 
 699      85C40396 
 699      0E12
 700 0354 A0C3E4C3 		.ascii	"\240\303\344\303\221v\362\370C\370\340\212\321c\302"
 700      9176F2F8 
 700      43F8E08A 
 700      D163C2
 701 0363 CE16B686 		.ascii	"\316\026\266\206\235\206\206\237w\227\341V\364\0169"
 701      9D86869F 
 701      7797E156 
 701      F40E39
 702 0372 65536318 		.ascii	"eSc\030\374\273\304\202v\020a\020\356\3424\002\236\336"
 702      FCBBC482 
 702      76106110 
 702      EEE23402 
 702      9EDE
 703 0384 1D4BF2C9 		.ascii	"\035K\362\311\004TM\240\272iQ\343\021f\002/\327PHW\346"
 703      04544DA0 
 703      BA6951E3 
 703      1166022F 
 703      D7504857 
 704 0399 FFAE26B9 		.ascii	"\377\256&\271\320\306YwZ\222\033/]\032P\3174\200\023"
 704      D0C65977 
 704      5A921B2F 
 704      5D1A50CF 
 704      348013
 705 03ac 876DB2EF 		.ascii	"\207m\262\357\326\001\266\250\007\372\000~\004V\324"
 705      D601B6A8 
 705      07FA007E 
 705      0456D4
 706 03bb A069EE56 		.ascii	"\240i\356V\356\205S\310\006y\326\2725\313)U\270\211"
 706      EE8553C8 
 706      0679D6BA 
 706      35CB2955 
 706      B889
 707 03cd 983C8B09 		.ascii	"\230<\213\0114\306\217`\036iL\2218\254!\327\335\303"
 707      34C68F60 
 707      1E694C91 
 707      38AC21D7 
 707      DDC3
 708 03df 04C523D2 		.ascii	"\004\305#\322p\314\034\035\325G\332\311\315}n\312\010"
 708      70CC1C1D 
 708      D547DAC9 
 708      CD7D6ECA 
 708      08
 709 03f0 C6B76C7D 		.ascii	"\306\267l}\206L\337m\224\201ny\223\010F\276\216\015"
 709      864CDF6D 
 709      94816E79 
 709      930846BE 
 709      8E0D
 710 0402 3792B377 		.ascii	"7\222\263w\234\341\343)_\313\024\311\273\337\360\251"
 710      9CE1E329 
 710      5FCB14C9 
 710      BBDFF0A9 
 711 0412 D2C72E81 		.ascii	"\322\307.\201\007\243R\337wa\006\370\313\247=\030\235"
 711      07A352DF 
 711      776106F8 
 711      CBA73D18 
 711      9D
 712 0423 F3F5EFCF 		.ascii	"\363\365\357\317\035T\314<m\015\213\322\255\017$9\247"
 712      1D54CC3C 
 712      6D0D8BD2 
 712      AD0F2439 
 712      A7
 713 0434 4DDC46E5 		.ascii	"M\334F\345\034\372\221\203\370\030i =\016\004\031\325"
 713      1CFA9183 
 713      F8186920 
 713      3D0E0419 
 713      D5
 714 0445 EB08EBEE 		.ascii	"\353\010\353\356N\253\273\330p\357\010\313BaE'\303\017"
 714      4EABBBD8 
 714      70EF08CB 
 714      42614527 
 714      C30F
 715 0457 A017C9D5 		.ascii	"\240\027\311\325\335\177\251-U\315\235Q\275H\230\014"
 715      DD7FA92D 
 715      55CD9D51 
 715      BD48980C 
 716 0467 552F52F3 		.ascii	"U/R\363B\2348\364*\371\376\263J\177\000\234\261T\251"
 716      429C38F4 
 716      2AF9FEB3 
 716      4A7F009C 
 716      B154A9
 717 047a 9F76200D 		.ascii	"\237v \015\261\337q\234\335\204\273P\204\231x1p&\344"
 717      B1DF719C 
 717      DD84BB50 
 717      84997831 
 717      7026E4
 718 048d DD76F943 		.ascii	"\335v\371C\321\024<W\366\247\016\317\025\3604k\252\250"
 718      D1143C57 
 718      F6A70ECF 
 718      15F0346B 
 718      AAA8
 719 049f 90E49A24 		.ascii	"\220\344\232$\250'\036\326k\206l%\311\235\230\030\234"
 719      A8271ED6 
 719      6B866C25 
 719      C99D9818 
 719      9C
 720 04b0 D56F8A23 		.ascii	"\325o\212#\002\223\355\244\340\335\340\244\265m\361"
 720      0293EDA4 
 720      E0DDE0A4 
 720      B56DF1
 721 04bf AB8870E3 		.ascii	"\253\210p\343\272\\\034\000\221\270\273\361\3157\022"
 721      BA5C1C00 
 721      91B8BBF1 
 721      CD3712
 722 04ce 8774B791 		.ascii	"\207t\267\221\270?\303r\243>$\245\231;)\244\325\217"
 722      B83FC372 
 722      A33E24A5 
 722      993B29A4 
 722      D58F
 723 04e0 DF13495E 		.ascii	"\337\023I^\200`\0119\220\201\244$\367\342\232D\2755"
 723      80600939 
 723      9081A424 
 723      F7E29A44 
 723      BD35
 724 04f2 8F1C2BE3 		.ascii	"\217\034+\343{y\222\373\004\335+c\274\2120?\256\231"
 724      7B7992FB 
 724      04DD2B63 
 724      BC8A303F 
 724      AE99
 725 0504 314EC1B9 		.ascii	"1N\301\271\274h\\\236\372SZ\024\001\234\013KN\037\256"
 725      BC685C9E 
 725      FA535A14 
 725      019C0B4B 
 725      4E1FAE
 726 0517 04E8BCE6 		.ascii	"\004\350\274\346)\203\362\242\327'h\207\020\234E\033"
 726      2983F2A2 
 726      D7276887 
 726      109C451B 
 727 0527 D483C561 		.ascii	"\324\203\305a\272\200\207h\341J\374\000F0\014\327d\\"
 727      BA808768 
 727      E14AFC00 
 727      46300CD7 
 727      645C
 728 0539 6EB9C79D 		.ascii	"n\271\307\235I\236\207\313Rp\037R\362\204\340y]\220"
 728      499E87CB 
 728      52701F52 
 728      F284E079 
 728      5D90
 729 054b 38C3290A 		.ascii	"8\303)\012#\310\014!9\\\356x\016\033$\214kp\001d\014"
 729      23C80C21 
 729      395CEE78 
 729      0E1B248C 
 729      6B700164 
 730 0560 14D10811 		.ascii	"\024\321\010\021D8\025\304u\"\210\021:\005\033r$\256"
 730      443815C4 
 730      75228811 
 730      3A051B72 
 730      24AE
 731 0572 498A0C20 		.ascii	"I\212\014 \037\227d\000]\010\317\227\217JX\356\270\027"
 731      1F976400 
 731      5D08CF97 
 731      8F4A58EE 
 731      B817
 732 0584 2546891D 		.ascii	"%F\211\035\207\353\011\306\210\256\027A\214J\3558\032"
 732      87EB09C6 
 732      88AE1741 
 732      8C4AED38 
 732      1A
 733 0595 D76C418C 		.ascii	"\327lA\214\021\224\321\251 \306\212 \306\350\024,\356"
 733      1194D1A9 
 733      20C68A20 
 733      C6E8142C 
 733      EE
 734 05a6 385CB306 		.ascii	"8\\\263\006\021\301%\031\304\036\204GD\020W\303\354"
 734      11C12519 
 734      C41E8447 
 734      441057C3 
 734      EC
 735 05b7 77FA69C7 		.ascii	"w\372i\307bb\227gac\364w\254\215k\031J+\367\353\237"
 735      62629767 
 735      6163F477 
 735      AC8D6B19 
 735      4A2BF7EB 
 736 05cc 01F8D70C 		.ascii	"\001\370\327\014\265\242c\374\370\213vQ\376<\023t\323"
 736      B5A263FC 
 736      F88B7651 
 736      FE3C1374 
 736      D3
 737 05dd 80D61D1A 		.ascii	"\200\326\035\032\012l\336\003\270\010'\201\301e\013"
 737      0A6CDE03 
 737      B8082781 
 737      C1650B
 738 05ec F8A57A6D 		.ascii	"\370\245zm\001\375\346Y\340\372}s\002\230\012\360\017"
 738      01FDE659 
 738      E0FA7D73 
 738      02980AF0 
 738      0F
 739 05fd D2AE5A68 		.ascii	"\322\256Zh+\376\207\246\244h\265\012\003MI\321V\017"
 739      2BFE87A6 
 739      A468B50A 
 739      034D49D1 
 739      560F
 740 060f A5A5C0E7 		.ascii	"\245\245\300\347Q\243\336\002\336\360?\032j\212\026"
 740      51A3DE02 
 740      DEF03F1A 
 740      6A8A16
 741 061e 478D46C5 		.ascii	"G\215F\305\342s\012_\357\335\344|A\221\307\245\347o"
 741      E2730A5F 
 741      EFDDE47C 
 741      4191C7A5 
 741      E76F
 742 0630 125E7DD7 		.ascii	"\022^}\327?\277b\015r\335\313\374x\247=g.\265\335&\256"
 742      3FBF620D 
 742      72DDCBFC 
 742      78A73D67 
 742      2EB5DD26 
 743 0645 F46F50FB 		.ascii	"\364oP\373\335@\224\220\224\376\245]\201T\243g\312k"
 743      DD409490 
 743      94FEA55D 
 743      8154A367 
 743      CA6B
 744 0657 8EF5A107 		.ascii	"\216\365\241\007;S\000^E\200|\351\217\2325[n\256\235"
 744      3B53005E 
 744      45807CE9 
 744      8F9A355B 
 744      6EAE9D
 745 066a 30BBB905 		.ascii	"0\273\271\005\327\350\361\360\332\204^\353\362Q.\011"
 745      D7E8F1F0 
 745      DA845EEB 
 745      F2512E09 
 746 067a B0CA241D 		.ascii	"\260\312$\0353;p\265U}\202\251NJ\023\344\217\3045\224"
 746      333B70B5 
 746      557D82A9 
 746      4E4A13E4 
 746      8FC43594 
 747 068e DED1957C 		.ascii	"\336\321\225|6\245\367PIS\344\333nS\222\244\016\253"
 747      36A5F750 
 747      4953E4DB 
 747      6E5392A4 
 747      0EAB
 748 06a0 D2449BD2 		.ascii	"\322D\233\322D\001\370\300\246$\317\271CW\362\333\224"
 748      4401F8C0 
 748      A624CFB9 
 748      4357F2DB 
 748      94
 749 06b1 76A252BD 		.ascii	"v\242R\275T:x\015\245C\266\204\311s\366X\325\263LuR"
 749      543A780D 
 749      A543B684 
 749      C973F658 
 749      D5B34C75 
 750 06c6 CA128023 		.ascii	"\312\022\200#\272R\300\246t\024\225\032\245\32276%\031"
 750      BA52C0A6 
 750      7414951A 
 750      A5D23736 
 750      2519
 751 06d8 DE719B92 		.ascii	"\336q\233\222T?aU\312\266)e\313wVW\012\332\224\316\242"
 751      543F6155 
 751      CAB62965 
 751      CB775657 
 751      0ADA94CE 
 752 06ed D24559A7 		.ascii	"\322EY\247s\326\035rl\035\221#\337\255k\310^\264eO\036"
 752      73D61D72 
 752      6C1D9123 
 752      DFAD6BC8 
 752      5EB4654F 
 753 0702 FAB2AE14 		.ascii	"\372\262\256\024Z>\350\347\204 E\346wA\241\371]0^\320"
 753      5A3EE8E7 
 753      842045E6 
 753      7741A1F9 
 753      5D305ED0 
 754 0716 9A3EF698 		.ascii	"\232>\366\230\337\005\201k}\027\214\227\337\005?\356"
 754      DF05816B 
 754      7D178C97 
 754      DF053FEE 
 755 0726 E2D27BA3 		.ascii	"\342\322{\243\355\313\240p\220\327\376mPD\227c<&\320"
 755      EDCBA070 
 755      90D7FE6D 
 755      50449763 
 755      3C26D0
 756 0739 D3BE7903 		.ascii	"\323\276y\003u\231\367\357B\354\000_W1F\355_v\013\236"
 756      7599F7EF 
 756      42EC005F 
 756      573146ED 
 756      5F760B9E 
 757 074d 27708A6C 		.ascii	"'p\212lp\313\324K\200\256L\3172\264\371\336Sh\363|["
 757      70CBD44B 
 757      80AE4CCF 
 757      32B4F9DE 
 757      5368F37C 
 758 0762 1096E78F 		.ascii	"\020\226\347\217# \0228\2146'\270\016aE\270\350\331"
 758      23201238 
 758      8C3627B8 
 758      0E6145B8 
 758      E8D9
 759 0774 42006F1C 		.ascii	"B\000o\034\001\021\337a\264Y\376u\010\310\016\374\215"
 759      0111DF61 
 759      B459FE75 
 759      08C80EFC 
 759      8D
 760 0785 363FD835 		.ascii	"6?\3305\025\023\221~~``\200\353\211\240#3=\011\362?"
 760      1513917E 
 760      7E606080 
 760      EB89A023 
 760      333D09F2 
 761 079a 7D8CFE25 		.ascii	"}\214\376%\022\324-n\361\"\016\222@\037\246\214\345"
 761      12D42D6E 
 761      F1220E92 
 761      401FA68C 
 761      E5
 762 07ab 47665455 		.ascii	"GfTUF#OU\327D\237-\215\325D\252\253\346\304\312\243"
 762      46234F55 
 762      D7449F2D 
 762      8DD544AA 
 762      ABE6C4CA 
 763 07c0 91E74AA3 		.ascii	"\221\347J\243\225O\347U\317\236YQ\223\367tY"
 763      954FE755 
 763      CF9E5951 
 763      93F77459 
 764 07d0 A4A42256 		.ascii	"\244\244\"V\211\356(\013=3\247tV\315\234\312Hy\325\314"
 764      89EE280B 
 764      3D33A774 
 764      56CD9CCA 
 764      4879D5CC 
 765 07e4 AA587E39 		.ascii	"\252X~9\3433\252\347\246\353\223\374\322\251\005\267"
 765      E333AAE7 
 765      A6EB93FC 
 765      D2A905B7 
 766 07f4 164D2D7F 		.ascii	"\026M-\177\222\271\346TG\037/\257\210\302\\\250\206"
 766      92B9E654 
 766      471F2FAF 
 766      88C25CA8 
 766      86
 767 0805 195003CF 		.ascii	"\031P\003\317\300\354\264X\264\262\264b\326\264h\314"
 767      C0ECB458 
 767      B4B2B462 
 767      D6B468CC 
 768 0815 198B4EAF 		.ascii	"\031\213N\257\250\232\305c\323\313\034H\317\256\026"
 768      A89AC563 
 768      D3CB1C48 
 768      CFAE16
 769 0824 76AE03E7 		.ascii	"v\256\003\347\331\323\205\215\011[\366/\251JA\316"
 769      D9D3858D 
 769      095BF62F 
 769      A94A41CE 
 770              		.text
 771              		.section	.gnu.lto_hsv_to_rgb.1.6624b9dc06d78ee0,"e",%progbits
 772 0000 789CFBC1 		.ascii	"x\234\373\301\300\300\020\016\304j@\314\310\314\300"
 772      C0C0100E 
 772      C46A40CC 
 772      C8CCC0
 773 000f 38696217 		.ascii	"8ib\027\023CCC\203\003;\023c\343\304\256\367sv\2600"
 773      13434343 
 773      83033B13 
 773      63E3C4AE 
 773      F77376B0 
 774 0024 EE64040B 		.ascii	"\356d\004\01302\32431\3263Nf\236\303\3148\211y\011P"
 774      3032D433 
 774      31D6334E 
 774      669EC3CC 
 774      38897909 
 775 0039 318CC5C8 		.ascii	"1\214\305\310(\241\011T\362c\351\254\323\213\031\033"
 775      28A10954 
 775      F263E9AC 
 775      D38B191B 
 776 0049 571C605C 		.ascii	"W\034`\\\302\314\3040\017\250`+#\343\026F\240\311\014"
 776      C2CCC430 
 776      0FA8602B 
 776      23E31646 
 776      A0C90C
 777 005c 4085CC4E 		.ascii	"@\205\314N\014\352@E\027\32645403,aff\334\316\210\244"
 777      0CEA4045 
 777      17D63435 
 777      3430332C 
 777      616666DC 
 778 0073 0628E076 		.ascii	"\006(\340v\212\211\201\201\215\001\244\023\344\032 "
 778      8A898181 
 778      8D01A413 
 778      E41A20
 779 0082 526D686D 		.ascii	"Rmhm\370p\266\371x\203\310\206\006\016\014C\031\326"
 779      F870B6F9 
 779      7883C886 
 779      060E0C43 
 779      19D6
 780 0094 5F623DD0 		.ascii	"_b=\320\360\347\177\177C\303}\231\235{\276q\000\365"
 780      F0E77F7F 
 780      43C37D99 
 780      9D7BBE71 
 780      00F5
 781 00a6 F533835C 		.ascii	"\3653\203\\\337\300\302\330p\200\201a\0023\023\204\323"
 781      DFC0C2D8 
 781      70808161 
 781      02331384 
 781      D3
 782 00b7 08E4BC62 		.ascii	"\010\344\274blX\304\315\360\201\261u\201%\343.\306\026"
 782      6C58C4CD 
 782      F081B175 
 782      8125E32E 
 782      C616
 783 00c9 46A625CC 		.ascii	"F\246%\314,\363\230A\266\354\000{\202\225\021\350l6"
 783      2CF39841 
 783      B6EC007B 
 783      829511E8 
 783      6C36
 784 00db 864F8C4D 		.ascii	"\206O\214M\012@y\220\361\375\314\214\010\263\030\030"
 784      0A407990 
 784      F1FDCC8C 
 784      08B31818 
 785 00eb F4F433F2 		.ascii	"\364\3643\362sS\365\263\212KR\313\023\213J\364\213\363"
 785      7353F5B3 
 785      8A4B52CB 
 785      138B4AF4 
 785      8BF3
 786 00fd 4B8B9253 		.ascii	"K\213\222S\365+\023Ss\263u\213\013r2Kt\263\223\364\335"
 786      F52B1353 
 786      73B3758B 
 786      0B72324B 
 786      74B393F4 
 787 0112 328B7281 		.ascii	"2\213r\201\322\251\014\002\205\245\211y%\245\271\372"
 787      D2A90C02 
 787      85A58979 
 787      25A5B9FA 
 788 0122 C9F939F9 		.ascii	"\311\3719\371Ez\311\014\314\031\305e\202P\216^\242\271"
 788      457AC90C 
 788      CC19C565 
 788      82508E5E 
 788      A2B9
 789 0134 81999179 		.ascii	"\201\231\221yr\032\003\000<wng"
 789      721A0300 
 789      3C776E67 
 790              		.text
 791              		.section	.gnu.lto_hsv_to_rgb_nocie.2.6624b9dc06d78ee0,"e",%progbits
 792 0000 789C658F 		.ascii	"x\234e\2171K\003A\020\205\347\355$\261\325B\260L\241"
 792      314B0341 
 792      1085E7ED 
 792      24B1D542 
 792      B04CA1
 793 0013 88457262 		.ascii	"\210ErbaZ\261\310_\260>\217\223\304\344<\275\273(V\331"
 793      615AB1C8 
 793      5FB03E8F 
 793      93C4E43C 
 793      BDBB2856 
 794 0028 04D30424 		.ascii	"\004\323\004$&\351D\202\230\023lD\004EM\225\306>X\011"
 794      26E94482 
 794      98136C44 
 794      04454D95 
 794      C63E5809 
 795 003c FE032BB1 		.ascii	"\376\003+\261\321B\321\271\250(\010;\260o\347\2337o"
 795      D142D1B9 
 795      A828083B 
 795      B06FE79B 
 795      376F
 796 004e 5F886849 		.ascii	"_\210hIjR\012Lh5\353\212\264\326\013#\012\225f\375v"
 796      6A520A4C 
 796      6835EB8A 
 796      B4D60B23 
 796      0A9566FD 
 797 0063 1C37184A 		.ascii	"\0347\030JPY\241\2146\0370Z\034\012\372s\003&f\004y"
 797      5059A18C 
 797      361F305A 
 797      1C0AFA73 
 797      03266604 
 798 0078 3DDE7FE8 		.ascii	"=\336\177\350\242r\322G\310\212:\002\\\002\027\020_"
 798      A272D247 
 798      C88A3A02 
 798      5C021710 
 798      5F
 799 0089 12901769 		.ascii	"\022\220\027iZ\240A\257\2525S\310\214+\374a\344!{\252"
 799      5AA041AF 
 799      AA3553C8 
 799      8C2BFC61 
 799      E4217BAA 
 800 009d 8812144D 		.ascii	"\210\022\024MFY\344L\351\232\036\334W\007\232\223\377"
 800      4659E44C 
 800      E99A1EDC 
 800      57079A93 
 800      FF
 801 00ae 2CE9EC2E 		.ascii	",\351\354.\336\327o\037\015\255\337\273\330e\031jp\024"
 801      DED76F1F 
 801      0DADDFBB 
 801      D865196A 
 801      7014
 802 00c0 5CC7A0FB 		.ascii	"\\\307\240\373D{\254\276DE\304#\364Q\033\364\204\332"
 802      447BACBE 
 802      4445C423 
 802      F4511BF4 
 802      84DA
 803 00d2 E139D0C3 		.ascii	"\3419\320\303\016T\310\261\016GK\256\207\177\210C\""
 803      0E54C8B1 
 803      0E474BAE 
 803      877F8843 
 803      22
 804 00e3 24E819D5 		.ascii	"$\350\031\325\244\364#\377\006\343\327\215(m\344\\\307"
 804      A4F423FF 
 804      06E3D78D 
 804      286DE45C 
 804      C7
 805 00f4 3656FDC0 		.ascii	"6V\375\300\3362\275\300\360\335\222g\331\306\266i;\205"
 805      DE32BDC0 
 805      F0DD9267 
 805      D9C6B669 
 805      3B85
 806 0106 94BF5ECC 		.ascii	"\224\277^\314\007\251\302\262\221\315{\216\264m\032"
 806      07A9C2B2 
 806      91CD7B8E 
 806      B46D1A
 807 0115 DD28996B 		.ascii	"\335(\231kA\3111,\267\350zi\2138\347o\216}\213\264\231"
 807      41C9312C 
 807      B7E87A69 
 807      8B38E76F 
 807      8E7D8BB4 
 808 012a 999D9FCB 		.ascii	"\231\235\237\313X+\364\011\332\202k\206"
 808      582BF409 
 808      DA826B86 
 809              		.text
 810              		.section	.gnu.lto_.symbol_nodes.6624b9dc06d78ee0,"e",%progbits
 811 0000 789C2B64 		.ascii	"x\234+d\000\002&\206z\206\006 `a\234p\216\001\310f\330"
 811      00022686 
 811      7A860620 
 811      60619C70 
 811      8E01C866 
 812 0015 D5D0C8C8 		.ascii	"\325\320\310\310\300\010\222b`efP\000)a\254g\304\245"
 812      C0089262 
 812      60656650 
 812      002961AC 
 812      67C4A5
 813 0028 8489A99E 		.ascii	"\204\211\251\236\011\227\0343\023\324d'ff\030\213\001"
 813      09971C33 
 813      13D46427 
 813      6666188B 
 813      01
 814 0039 0064D017 		.ascii	"\000d\320\027\231"
 814      99
 815              		.text
 816              		.section	.gnu.lto_.refs.6624b9dc06d78ee0,"e",%progbits
 817 0000 789CE366 		.ascii	"x\234\343f```b``\344\003be\006\006\000\001\241\000A"
 817      60606062 
 817      6060E403 
 817      62650606 
 817      0001A100 
 818              		.text
 819              		.section	.gnu.lto_.decls.6624b9dc06d78ee0,"e",%progbits
 820 0000 789C9555 		.ascii	"x\234\225UmL\024G\030\236gf\341\226\345\344\256x\306"
 820      6D4C1447 
 820      189E6766 
 820      E196E5E4 
 820      AE78C6
 821 0013 A618431A 		.ascii	"\246\030C\032jI\032<9\254\224\177D\243\2661\261\306"
 821      6A491A3C 
 821      39AC947F 
 821      44A3B631 
 821      B1C6
 822 0025 467F9826 		.ascii	"F\177\230&W\270=\205\312y\3648l\373oUJ\015\251\037U"
 822      57B83D85 
 822      CA79F438 
 822      6CFB6F55 
 822      4A0DA91F 
 823 003a DB68FD88 		.ascii	"\333h\375\210\261VMj\355\265\325ZD*\202P*\012\212_("
 823      B1564D6A 
 823      EDB5D55A 
 823      442A8250 
 823      2A0A8A5F 
 824 004f A222554F 		.ascii	"\242\"UO\261\326\017\032icj\337\335\333\273\003\256"
 824      B1D60F1A 
 824      69636ADF 
 824      DDDBBB03 
 824      AE
 825 0060 FEE8C0B3 		.ascii	"\376\350\300\26337\363\274\317\373\316\273\363\316\276"
 825      3337F3BC 
 825      CFFBCEBB 
 825      F3CEBE
 826 006f 6961EC05 		.ascii	"ia\354\00506\207\360\224\232\304\030;M\240iVK8L8Nh#"
 826      303687F0 
 826      949AC418 
 826      3B4DA069 
 826      564B384C 
 827 0087 8C237410 		.ascii	"\214#t\020\026\260H\023\204^\302\015\302-\002I\260\273"
 827      16B04813 
 827      845EC20D 
 827      C22D0249 
 827      B0BB
 828 0099 6C786BA2 		.ascii	"lxk\242\3114\352\323\011\016\302USO\327\271o\372\030"
 828      C934EAD3 
 828      090EC255 
 828      534FD7B9 
 828      6FFA18
 829 00ac 676A3E20 		.ascii	"gj> \364\023\356\020\036\022J\010\311\204fB\013\241"
 829      F413EE10 
 829      1E124A08 
 829      C9846642 
 829      0BA1
 830 00be 9B7089D0 		.ascii	"\233p\211\320Ch5\375\365>\303o\033\"{\030\351\367\221"
 830      436835FD 
 830      F53EC36F 
 830      1B227B18 
 830      E9F791
 831 00d1 E9FB9AC9 		.ascii	"\351\373\232\311\343f\374\275,\261u\374\017\215[\317"
 831      E366FCBD 
 831      2CB175FC 
 831      0F8D5BCF 
 832 00e1 D0582730 		.ascii	"\320X'0\016OatLp\346\324\214\326\2500\374\010\203\221"
 832      0E4F6174 
 832      4C70E6D4 
 832      8CD6A830 
 832      FC088391 
 833 00f5 912A72D8 		.ascii	"\221*r\330f\301O\264\254j\205\322\240ia\255q\231`\310"
 833      66C14FB4 
 833      AC6A85D2 
 833      A06961AD 
 833      719960C8 
 834 0109 C324869F 		.ascii	"\303$\206\237@v\007\201\003\300~]$\035\022=\035\310"
 834      40760781 
 834      03C07E5D 
 834      241D123D 
 834      1DC8
 835 011b 2483335F 		.ascii	"$\2033_\237\357\223\254dp_\333\336(\021\257\0168D\232"
 835      9FEF93AC 
 835      64705FDB 
 835      DE2811AF 
 835      0E38449A 
 836 012f 380CC3AF 		.ascii	"8\014\303\257\003v\361*\023\371L\024\350\372\241M\217"
 836      0376F12A 
 836      13F94C14 
 836      E8FAA14D 
 836      8F
 837 0140 7B147ABD 		.ascii	"{\024z\275h\210,\247C\030\244\347E!-\313={\333\353S"
 837      68882CA7 
 837      4318A4E7 
 837      45212DCB 
 837      3D7BDBEB 
 838 0155 B3B24667 		.ascii	"\263\262Fg\221\340\340g-\003G't6Uk!M\240\026\370\031"
 838      91E0E067 
 838      2D034727 
 838      7436556B 
 838      214DA016 
 839 016b F8054644 		.ascii	"\370\005FD\014NB\036#Vhss\265f_f\325\011\307F\020\352"
 839      0C4E421E 
 839      23566873 
 839      73B5665F 
 839      66D509C7 
 840 0182 C1689755 		.ascii	"\301h\227U+5r\206&\240\0218J#\342\320fZ\201f\240E\337"
 840      2B357286 
 840      26A01138 
 840      4A23E2D0 
 840      665A8166 
 841 0199 BE2EB329 		.ascii	"\276.\263).sd\204L.\023\313\241\007\177\371\321\231"
 841      2E736484 
 841      4C2E13CB 
 841      A1077FF9 
 841      D199
 842 01ab 2BB6D189 		.ascii	"+\266\321\211\222\370\025\211\242\304\177\374\335\225"
 842      92F81589 
 842      A2C47FFC 
 842      DD95
 843 01b9 3A6B3C37 		.ascii	":k<7D\211&G?\030\242Z\027M>T\263\377K)\003\240\377\024"
 843      44892647 
 843      3F18A25A 
 843      174D3E54 
 843      B3FF4B29 
 844 01d1 8E0E2CD7 		.ascii	"\216\016,\3274\211:\343\025TY\3157p\0024\305p\022h\007"
 844      34893AE3 
 844      155459CD 
 844      37700234 
 844      C5701268 
 845 01e6 09B7756F 		.ascii	"\011\267uo\013\245\334\200~\366!\251\000\272\246\320"
 845      0BA5DC80 
 845      7EF621A9 
 845      00BAA6D0 
 846 01f6 43610B04 		.ascii	"Ca\013\004sh\\\343i\252\340\212P\204\252tI\266\354\001"
 846      73685CE3 
 846      69AAE08A 
 846      5084AA74 
 846      49B6EC01 
 847 020a 5128F36C 		.ascii	"Q(\363l\233\"\357i\202]I\2229\017[T%\373o\354\345\333"
 847      9B22EF69 
 847      825D4992 
 847      390F5B54 
 847      25FB6FEC 
 848 0220 93330B35 		.ascii	"\2233\0135I\375dL\330\242\361\265\263\035y\205\364\014"
 848      49FD644C 
 848      D8A2F1B5 
 848      B31D7985 
 848      F40C
 849 0232 5B5AA192 		.ascii	"[Z\241\222\325\034I\266\323(lQ\006\304\366U\311\352"
 849      D51C49B6 
 849      D3286C51 
 849      06C4F655 
 849      C9EA
 850 0244 49BEF265 		.ascii	"I\276\362e\332\241\242\272\034\224\203BY\036?\276Q4"
 850      DAA1A2BA 
 850      1C948342 
 850      591E3FBE 
 850      5134
 851 0256 8A56DA8B 		.ascii	"\212V\332\213,\207\366\215Q\302\026\033id\253\231v5"
 851      2C87F68D 
 851      51C2161B 
 851      6964AB99 
 851      7635
 852 0268 D3D68A24 		.ascii	"\323\326\212$UU\034\331\214\242P]\256B\256\220\264$"
 852      55551CD9 
 852      8CA2505D 
 852      AE42AE90 
 852      B424
 853 027a B7C22560 		.ascii	"\267\302%`ui\275\375c\225$%e|f6c*\233\301IX<\2156X\310"
 853      7569BDFD 
 853      63952425 
 853      657C6636 
 853      632A9BC1 
 854 0295 A91AFF09 		.ascii	"\251\032\377\011d+\334\305\305\2540U\002\347\231\214"
 854      642BDCC5 
 854      C5AC3055 
 854      02E7998C 
 855 02a5 69926CB5 		.ascii	"i\222l\265\202R%\247\270g\251s\\\012\013[8-9$h\034q"
 855      825225A7 
 855      B867A973 
 855      5C0A0B5B 
 855      382D3924 
 856 02bc 4B259901 		.ascii	"K%\231\001[\222(w\372\0375\206\310\210\301\004\033\352"
 856      5B922877 
 856      FA1F3586 
 856      C888C104 
 856      1BEA
 857 02ce 26B6CECD 		.ascii	"&\266\316\315\001c\321\331Xc\261\236qS\203G\352\037"
 857      0163D1D9 
 857      5863B19E 
 857      71538347 
 857      EA1F
 858 02e0 307B86A8 		.ascii	"0{\206\250\213!\342\314\224c0)Q\035\3236R\210\321\231"
 858      8B21E2CC 
 858      94633029 
 858      511DD336 
 858      5288D199 
 859 02f4 682CBA0F 		.ascii	"h,\272\017\203\314\243\263\261\226\020\370\260\026\017"
 859      83CCA3B3 
 859      B19610F8 
 859      B0160F
 860 0303 43D76091 		.ascii	"C\327`\221\023\271\376F]U\312M\312\233\366d\303\341"
 860      13B9FE46 
 860      5D55CA4D 
 860      CA9BF664 
 860      C3E1
 861 0315 24A4AD2D 		.ascii	"$\244\255-\244s\270\3338\334\237\377P\277?E\277x\351"
 861      A473B8DB 
 861      38DC9FFF 
 861      50BF3F45 
 861      BF78E9
 862 0328 A4C14F13 		.ascii	"\244\301O\023U\037\355\370S6&\216\003g\"u\317\305A:"
 862      551FEDF8 
 862      5336268E 
 862      03672275 
 862      CFC5413A 
 863 033c 75B54828 		.ascii	"u\265H(eQ\247\317\311\267\216i\273\254f\375\206:\232"
 863      6551A7CF 
 863      C9B78E69 
 863      BBAC66FD 
 863      863A9A
 864 034f 6225751E 		.ascii	"b%u\036\270\234X\272\355q\302\205\021\204\334\204\312"
 864      B89C58BA 
 864      ED71C285 
 864      1184DC84 
 864      CA
 865 0360 EDA2D165 		.ascii	"\355\242\321e\243\310\272\201K@O\264r\273\342*\027G"
 865      A3C8BA81 
 865      4B404FB4 
 865      72BBE22A 
 865      1747
 866 0372 A8D00520 		.ascii	"\250\320\005 \352\215`\327w\206j\344\204\322\355\002"
 866      EA8D60D7 
 866      77866AE4 
 866      84D2ED02 
 867 0382 AE205155 		.ascii	"\256 QU\347\367\266\207G\215%\376]Ms\340*H\012\347\364"
 867      E7F7B687 
 867      478D25FE 
 867      5D4D73E0 
 867      2A480AE7 
 868 0397 9C5E23E3 		.ascii	"\234^#\343\26308Ww\254?\220\366\342\306\215\332\340"
 868      B3303857 
 868      77AC3F90 
 868      F6E2C68D 
 868      DAE0
 869 03a9 BAD5DFD4 		.ascii	"\272\325\337\324X\264=Do\220\210\201N]\321x\233\235"
 869      58B43D44 
 869      6F908881 
 869      4E5DD178 
 869      9B9D
 870 03bb 443F0D9C 		.ascii	"D?\015\234B\306\005.:\215P\006\377\372g\027\217\346"
 870      42C6052E 
 870      3A8D5006 
 870      FFFA6717 
 870      8FE6
 871 03cd 554FF49A 		.ascii	"UO\364\232\352\007_)\377\345\35372\356\213\370\252>"
 871      EA075F29 
 871      FFE5EB37 
 871      32EE8BF8 
 871      AA3E
 872 03df 7D6085E1 		.ascii	"}`\205\341+\324\266\342c\315N\227\204\226E\353\270\036"
 872      2BD4B6E2 
 872      63CD4E97 
 872      849645EB 
 872      B81E
 873 03f1 F3743DE6 		.ascii	"\363t=\346\351\020\027=\206\247\235O\2724n\030u\017"
 873      E910173D 
 873      86A79D4F 
 873      BA346E18 
 873      750F
 874 0403 33BA1933 		.ascii	"3\272\0313\272\0313\332\312\305=\303\350\354\305/N\245"
 874      BA1933DA 
 874      CAC53DC3 
 874      E8ECC52F 
 874      4EA5
 875 0415 A4EB99D2 		.ascii	"\244\353\231\322\264w(\251\006\357v\364\000\365\255"
 875      B47728A9 
 875      06EF76F4 
 875      00F5AD
 876 0424 FEB6CF66 		.ascii	"\376\266\317f|\037\032\236\361} \322\355s[Kc\012wF("
 876      7C1F1A9E 
 876      F17D20D2 
 876      ED735B4B 
 876      630A7746 
 877 0439 34F7EDDE 		.ascii	"4\367\355\3360\352\245-t\277\017\256\331\367\3662\372"
 877      30EAA52D 
 877      74BF0FAE 
 877      D9F7F632 
 877      FA
 878 044a CC48E807 		.ascii	"\314H\350\007\302\261\230\302`\031\237r:n\023\350\204"
 878      C2B198C2 
 878      60199F72 
 878      3A6E13E8 
 878      84
 879 045b 0BA36762 		.ascii	"\013\243gb\0357.\324\352=\333Ru\357w\265\206\345I\314"
 879      1D372ED4 
 879      EA3DDB52 
 879      75EF77B5 
 879      86E549CC 
 880 046f 4C14FE00 		.ascii	"L\024\376\000q\310\377=\340w\335\177M\347\221]J\374"
 880      71C8FF3D 
 880      E077DD7F 
 880      4DE7915D 
 880      4AFC
 881 0481 DEED8FDF 		.ascii	"\336\355\217\337\273\017\"\331\0348\266sgj\234P\033"
 881      BB0F22D9 
 881      1C38B673 
 881      676A9C50 
 881      1B
 882 0492 273C8C10 		.ascii	"'<\214\020\276_y\177\307\020\302\2658\341\221\036\244"
 882      BE5F797F 
 882      C710C2B5 
 882      38E1911E 
 882      A4
 883 04a3 EDBDCAA2 		.ascii	"\355\275\312\242%\301J\237\323\343/\363\007&z\344\231"
 883      25C14A9F 
 883      D3E32FF3 
 883      07267AE4 
 883      99
 884 04b4 B3E7654E 		.ascii	"\263\347eN+(`\317\231\023\023\213\362'Mq\345{\0262K"
 884      2B2860CF 
 884      9913138B 
 884      F2274D71 
 884      E57B1632 
 885 04c9 65E992E0 		.ascii	"e\351\222\340k\356 *P\222\\^\344Y\354U\261t\242\263"
 885      6BEE202A 
 885      50925C5E 
 885      E459EC55 
 885      B174A2B3 
 886 04dd C4EFF33A 		.ascii	"\304\357\363:\337\255\010z\337/\012\004\235\025\376"
 886      DFAD087A 
 886      DF2F0A04 
 886      9D15FE
 887 04ec CA80C7EB 		.ascii	"\312\200\307\353\374\260\310\353[\234SQ^V\032\314Y\\"
 887      FCB0C8EB 
 887      5B9C5351 
 887      5E561ACC 
 887      595C
 888 04fe EC9C511A 		.ascii	"\354\234Q\032\360\321\262\227\331\207\273+a\342\365"
 888      F0D1B297 
 888      D987BB2B 
 888      61E2F5
 889 050d B7E627B9 		.ascii	"\267\346'\271\247\372\375e|2\263\026\005|K\363\2759"
 889      A7FAFD65 
 889      7C32B316 
 889      057C4BF3 
 889      BD39
 890 051f BE571696 		.ascii	"\276W\026\2263\305\343\017\004\275\037\344\370&3[I\305"
 890      33C5E30F 
 890      04BD1FE4 
 890      F826335B 
 890      49C5
 891 0531 5277D0EF 		.ascii	"Rw\320\357\016,*v\227\372\312\313\020\300\"\024\213"
 891      0E2C2A76 
 891      97FACACB 
 891      10C02214 
 891      8B
 892 0542 B933A78E 		.ascii	"\2713\247\216\320\3630%N\265\017\261Z\342\367\224zG"
 892      D0F33025 
 892      4EB50FB1 
 892      5AE2F794 
 892      7A47
 893 0554 4D7B637A 		.ascii	"M{cznA^\256{\332\274\271\363\247\217\211\232\226yUw"
 893      6E415EAE 
 893      7BDABCB9 
 893      F3A78F89 
 893      9A967955 
 894 0569 B0A8B8CC 		.ascii	"\260\250\270\314[A\361\310\372&s\247\270\203\377\002"
 894      5B41F1C8 
 894      FA2673A7 
 894      B883FF02 
 895 0579 88D17F75 		.ascii	"\210\321\177u"
 896              		.text
 897              		.section	.gnu.lto_.symtab.6624b9dc06d78ee0,"e",%progbits
 898 0000 6873765F 		.ascii	"hsv_to_rgb_impl\000"
 898      746F5F72 
 898      67625F69 
 898      6D706C00 
 899 0010 00       		.ascii	"\000"
 900 0011 00       		.ascii	"\000"
 901 0012 00       		.ascii	"\000"
 902 0013 00000000 		.ascii	"\000\000\000\000\000\000\000\000"
 902      00000000 
 903 001b E1000000 		.ascii	"\341\000\000\000"
 904 001f 6873765F 		.ascii	"hsv_to_rgb\000"
 904      746F5F72 
 904      676200
 905 002a 00       		.ascii	"\000"
 906 002b 00       		.ascii	"\000"
 907 002c 00       		.ascii	"\000"
 908 002d 00000000 		.ascii	"\000\000\000\000\000\000\000\000"
 908      00000000 
 909 0035 E5000000 		.ascii	"\345\000\000\000"
 910 0039 6873765F 		.ascii	"hsv_to_rgb_nocie\000"
 910      746F5F72 
 910      67625F6E 
 910      6F636965 
 910      00
 911 004a 00       		.ascii	"\000"
 912 004b 00       		.ascii	"\000"
 913 004c 00       		.ascii	"\000"
 914 004d 00000000 		.ascii	"\000\000\000\000\000\000\000\000"
 914      00000000 
 915 0055 E7000000 		.ascii	"\347\000\000\000"
 916 0059 43494531 		.ascii	"CIE1931_CURVE\000"
 916      3933315F 
 916      43555256 
 916      4500
 917 0067 00       		.ascii	"\000"
 918 0068 02       		.ascii	"\002"
 919 0069 00       		.ascii	"\000"
 920 006a 00000000 		.ascii	"\000\000\000\000\000\000\000\000"
 920      00000000 
 921 0072 EC000000 		.ascii	"\354\000\000\000"
 922              		.text
 923              		.section	.gnu.lto_.ext_symtab.6624b9dc06d78ee0,"e",%progbits
 924 0000 01       		.ascii	"\001"
 925 0001 01       		.ascii	"\001"
 926 0002 00       		.ascii	"\000"
 927 0003 01       		.ascii	"\001"
 928 0004 00       		.ascii	"\000"
 929 0005 01       		.ascii	"\001"
 930 0006 00       		.ascii	"\000"
 931 0007 02       		.ascii	"\002"
 932 0008 01       		.ascii	"\001"
 933              		.text
 934              		.section	.gnu.lto_.opts,"e",%progbits
 935 0000 272D666E 		.ascii	"'-fno-openmp' '-fno-openacc' '-fno-pie' '-fcf-prote"
 935      6F2D6F70 
 935      656E6D70 
 935      2720272D 
 935      666E6F2D 
 936 0033 6374696F 		.ascii	"ction=none' '-g' '-mcpu=cortex-m4' '-mthumb' '-mno-"
 936      6E3D6E6F 
 936      6E652720 
 936      272D6727 
 936      20272D6D 
 937 0066 7468756D 		.ascii	"thumb-interwork' '-mno-unaligned-access' '-mfloat-a"
 937      622D696E 
 937      74657277 
 937      6F726B27 
 937      20272D6D 
 938 0099 62693D68 		.ascii	"bi=hard' '-mfpu=fpv4-sp-d16' '-mlibarch=armv7e-m+fp"
 938      61726427 
 938      20272D6D 
 938      6670753D 
 938      66707634 
 939 00cc 2720272D 		.ascii	"' '-march=armv7e-m+fp' '-Os' '-Ofast' '-fsingle-pre"
 939      6D617263 
 939      683D6172 
 939      6D763765 
 939      2D6D2B66 
 940 00ff 63697369 		.ascii	"cision-constant' '-fomit-frame-pointer' '-ffunction"
 940      6F6E2D63 
 940      6F6E7374 
 940      616E7427 
 940      20272D66 
 941 0132 2D736563 		.ascii	"-sections' '-fdata-sections' '-fshort-wchar' '-fcom"
 941      74696F6E 
 941      73272027 
 941      2D666461 
 941      74612D73 
 942 0165 6D6F6E27 		.ascii	"mon' '-flto' '-Xassembler' '-adhlns=.build/obj_karl"
 942      20272D66 
 942      6C746F27 
 942      20272D58 
 942      61737365 
 943 0198 6B39305F 		.ascii	"k90_yaemk_moonlanderlike/quantum/color.lst'\000"
 943      7961656D 
 943      6B5F6D6F 
 943      6F6E6C61 
 943      6E646572 
 944              		.text
 945              		.comm	__gnu_lto_slim,1,1
 946              		.ident	"GCC: (15:10.3-2021.07-4) 10.3.1 20210621 (release)"
DEFINED SYMBOLS
                            *ABS*:0000000000000000 color.c
     /tmp/ccB6fqoG.s:20     .gnu.debuglto_.debug_info:0000000000000000 color.c.a70627cf
                            *COM*:0000000000000001 __gnu_lto_slim

NO UNDEFINED SYMBOLS
