   1              		.cpu cortex-m4
   2              		.eabi_attribute 27, 1
   3              		.eabi_attribute 28, 1
   4              		.eabi_attribute 23, 1
   5              		.eabi_attribute 24, 1
   6              		.eabi_attribute 25, 1
   7              		.eabi_attribute 26, 1
   8              		.eabi_attribute 30, 2
   9              		.eabi_attribute 34, 0
  10              		.eabi_attribute 18, 2
  11              		.file	"led.c"
  12              		.file 1 "quantum/led.h"
  13              		.file 2 "/usr/lib/gcc/arm-none-eabi/10.3.1/include/stdint.h"
  14              		.file 3 "quantum/led.c"
  15              		.section	.gnu.debuglto_.debug_info,"e",%progbits
  16              	.Ldebug_info0:
  17              		.hidden	led.c.920d4487
  18              		.weak	led.c.920d4487
  19              	led.c.920d4487:
  20 0000 A0010000 		.4byte	0x1a0
  21 0004 0400     		.2byte	0x4
  22 0006 00000000 		.4byte	.Ldebug_abbrev0
  23 000a 04       		.byte	0x4
  24 000b 01       		.uleb128 0x1
  25 000c FF000000 		.4byte	.LASF25
  26 0010 0C       		.byte	0xc
  27 0011 3B020000 		.4byte	.LASF26
  28 0015 97000000 		.4byte	.LASF27
  29 0019 00000000 		.4byte	.Ldebug_line0
  30 001d 02       		.uleb128 0x2
  31 001e 04       		.byte	0x4
  32 001f 05       		.byte	0x5
  33 0020 696E7400 		.ascii	"int\000"
  34 0024 03       		.uleb128 0x3
  35 0025 04       		.byte	0x4
  36 0026 07       		.byte	0x7
  37 0027 C5000000 		.4byte	.LASF0
  38 002b 03       		.uleb128 0x3
  39 002c 02       		.byte	0x2
  40 002d 07       		.byte	0x7
  41 002e 76000000 		.4byte	.LASF1
  42 0032 03       		.uleb128 0x3
  43 0033 01       		.byte	0x1
  44 0034 06       		.byte	0x6
  45 0035 74020000 		.4byte	.LASF2
  46 0039 03       		.uleb128 0x3
  47 003a 02       		.byte	0x2
  48 003b 05       		.byte	0x5
  49 003c 56020000 		.4byte	.LASF3
  50 0040 03       		.uleb128 0x3
  51 0041 04       		.byte	0x4
  52 0042 05       		.byte	0x5
  53 0043 6B020000 		.4byte	.LASF4
  54 0047 03       		.uleb128 0x3
  55 0048 08       		.byte	0x8
  56 0049 05       		.byte	0x5
  57 004a 28020000 		.4byte	.LASF5
  58 004e 04       		.uleb128 0x4
  59 004f E3000000 		.4byte	.LASF17
  60 0053 02       		.byte	0x2
  61 0054 2E       		.byte	0x2e
  62 0055 18       		.byte	0x18
  63 0056 5A000000 		.4byte	0x5a
  64 005a 03       		.uleb128 0x3
  65 005b 01       		.byte	0x1
  66 005c 08       		.byte	0x8
  67 005d 56000000 		.4byte	.LASF6
  68 0061 03       		.uleb128 0x3
  69 0062 04       		.byte	0x4
  70 0063 07       		.byte	0x7
  71 0064 64000000 		.4byte	.LASF7
  72 0068 03       		.uleb128 0x3
  73 0069 08       		.byte	0x8
  74 006a 07       		.byte	0x7
  75 006b 2F000000 		.4byte	.LASF8
  76 006f 03       		.uleb128 0x3
  77 0070 01       		.byte	0x1
  78 0071 08       		.byte	0x8
  79 0072 36020000 		.4byte	.LASF9
  80 0076 03       		.uleb128 0x3
  81 0077 01       		.byte	0x1
  82 0078 02       		.byte	0x2
  83 0079 80020000 		.4byte	.LASF10
  84 007d 05       		.uleb128 0x5
  85 007e 01       		.byte	0x1
  86 007f 01       		.byte	0x1
  87 0080 26       		.byte	0x26
  88 0081 05       		.byte	0x5
  89 0082 E7000000 		.4byte	0xe7
  90 0086 06       		.uleb128 0x6
  91 0087 17000000 		.4byte	.LASF11
  92 008b 01       		.byte	0x1
  93 008c 27       		.byte	0x27
  94 008d 11       		.byte	0x11
  95 008e 76000000 		.4byte	0x76
  96 0092 01       		.byte	0x1
  97 0093 01       		.byte	0x1
  98 0094 07       		.byte	0x7
  99 0095 00       		.byte	0
 100 0096 06       		.uleb128 0x6
 101 0097 F5000000 		.4byte	.LASF12
 102 009b 01       		.byte	0x1
 103 009c 28       		.byte	0x28
 104 009d 11       		.byte	0x11
 105 009e 76000000 		.4byte	0x76
 106 00a2 01       		.byte	0x1
 107 00a3 01       		.byte	0x1
 108 00a4 06       		.byte	0x6
 109 00a5 00       		.byte	0
 110 00a6 06       		.uleb128 0x6
 111 00a7 D2000000 		.4byte	.LASF13
 112 00ab 01       		.byte	0x1
 113 00ac 29       		.byte	0x29
 114 00ad 11       		.byte	0x11
 115 00ae 76000000 		.4byte	0x76
 116 00b2 01       		.byte	0x1
 117 00b3 01       		.byte	0x1
 118 00b4 05       		.byte	0x5
 119 00b5 00       		.byte	0
 120 00b6 06       		.uleb128 0x6
 121 00b7 4E000000 		.4byte	.LASF14
 122 00bb 01       		.byte	0x1
 123 00bc 2A       		.byte	0x2a
 124 00bd 11       		.byte	0x11
 125 00be 76000000 		.4byte	0x76
 126 00c2 01       		.byte	0x1
 127 00c3 01       		.byte	0x1
 128 00c4 04       		.byte	0x4
 129 00c5 00       		.byte	0
 130 00c6 06       		.uleb128 0x6
 131 00c7 DE000000 		.4byte	.LASF15
 132 00cb 01       		.byte	0x1
 133 00cc 2B       		.byte	0x2b
 134 00cd 11       		.byte	0x11
 135 00ce 76000000 		.4byte	0x76
 136 00d2 01       		.byte	0x1
 137 00d3 01       		.byte	0x1
 138 00d4 03       		.byte	0x3
 139 00d5 00       		.byte	0
 140 00d6 06       		.uleb128 0x6
 141 00d7 0E000000 		.4byte	.LASF16
 142 00db 01       		.byte	0x1
 143 00dc 2C       		.byte	0x2c
 144 00dd 11       		.byte	0x11
 145 00de 4E000000 		.4byte	0x4e
 146 00e2 01       		.byte	0x1
 147 00e3 03       		.byte	0x3
 148 00e4 00       		.byte	0
 149 00e5 00       		.byte	0
 150 00e6 00       		.byte	0
 151 00e7 07       		.uleb128 0x7
 152 00e8 01       		.byte	0x1
 153 00e9 01       		.byte	0x1
 154 00ea 24       		.byte	0x24
 155 00eb 09       		.byte	0x9
 156 00ec 02010000 		.4byte	0x102
 157 00f0 08       		.uleb128 0x8
 158 00f1 72617700 		.ascii	"raw\000"
 159 00f5 01       		.byte	0x1
 160 00f6 25       		.byte	0x25
 161 00f7 0D       		.byte	0xd
 162 00f8 4E000000 		.4byte	0x4e
 163 00fc 09       		.uleb128 0x9
 164 00fd 7D000000 		.4byte	0x7d
 165 0101 00       		.byte	0
 166 0102 04       		.uleb128 0x4
 167 0103 89000000 		.4byte	.LASF18
 168 0107 01       		.byte	0x1
 169 0108 2E       		.byte	0x2e
 170 0109 03       		.byte	0x3
 171 010a E7000000 		.4byte	0xe7
 172 010e 0A       		.uleb128 0xa
 173 010f 46000000 		.4byte	.LASF23
 174 0113 03       		.byte	0x3
 175 0114 82       		.byte	0x82
 176 0115 1C       		.byte	0x1c
 177 0116 27010000 		.4byte	0x127
 178 011a 0B       		.uleb128 0xb
 179 011b 8F000000 		.4byte	.LASF19
 180 011f 03       		.byte	0x3
 181 0120 82       		.byte	0x82
 182 0121 2C       		.byte	0x2c
 183 0122 4E000000 		.4byte	0x4e
 184 0126 00       		.byte	0
 185 0127 0C       		.uleb128 0xc
 186 0128 20000000 		.4byte	.LASF28
 187 012c 03       		.byte	0x3
 188 012d 69       		.byte	0x69
 189 012e 1C       		.byte	0x1c
 190 012f 0D       		.uleb128 0xd
 191 0130 00000000 		.4byte	.LASF21
 192 0134 03       		.byte	0x3
 193 0135 4A       		.byte	0x4a
 194 0136 1C       		.byte	0x1c
 195 0137 76000000 		.4byte	0x76
 196 013b 58010000 		.4byte	0x158
 197 013f 0B       		.uleb128 0xb
 198 0140 EB000000 		.4byte	.LASF20
 199 0144 03       		.byte	0x3
 200 0145 4A       		.byte	0x4a
 201 0146 30       		.byte	0x30
 202 0147 02010000 		.4byte	0x102
 203 014b 0E       		.uleb128 0xe
 204 014c 72657300 		.ascii	"res\000"
 205 0150 03       		.byte	0x3
 206 0151 4B       		.byte	0x4b
 207 0152 0A       		.byte	0xa
 208 0153 76000000 		.4byte	0x76
 209 0157 00       		.byte	0
 210 0158 0D       		.uleb128 0xd
 211 0159 86020000 		.4byte	.LASF22
 212 015d 03       		.byte	0x3
 213 015e 44       		.byte	0x44
 214 015f 1C       		.byte	0x1c
 215 0160 76000000 		.4byte	0x76
 216 0164 75010000 		.4byte	0x175
 217 0168 0B       		.uleb128 0xb
 218 0169 EB000000 		.4byte	.LASF20
 219 016d 03       		.byte	0x3
 220 016e 44       		.byte	0x44
 221 016f 32       		.byte	0x32
 222 0170 02010000 		.4byte	0x102
 223 0174 00       		.byte	0
 224 0175 0A       		.uleb128 0xa
 225 0176 60020000 		.4byte	.LASF24
 226 017a 03       		.byte	0x3
 227 017b 3E       		.byte	0x3e
 228 017c 1C       		.byte	0x1c
 229 017d 8E010000 		.4byte	0x18e
 230 0181 0B       		.uleb128 0xb
 231 0182 8F000000 		.4byte	.LASF19
 232 0186 03       		.byte	0x3
 233 0187 3E       		.byte	0x3e
 234 0188 2F       		.byte	0x2f
 235 0189 4E000000 		.4byte	0x4e
 236 018d 00       		.byte	0
 237 018e 0F       		.uleb128 0xf
 238 018f 49020000 		.4byte	.LASF29
 239 0193 03       		.byte	0x3
 240 0194 38       		.byte	0x38
 241 0195 1C       		.byte	0x1c
 242 0196 0B       		.uleb128 0xb
 243 0197 8F000000 		.4byte	.LASF19
 244 019b 03       		.byte	0x3
 245 019c 38       		.byte	0x38
 246 019d 31       		.byte	0x31
 247 019e 4E000000 		.4byte	0x4e
 248 01a2 00       		.byte	0
 249 01a3 00       		.byte	0
 250              		.section	.gnu.debuglto_.debug_abbrev,"e",%progbits
 251              	.Ldebug_abbrev0:
 252 0000 01       		.uleb128 0x1
 253 0001 11       		.uleb128 0x11
 254 0002 01       		.byte	0x1
 255 0003 25       		.uleb128 0x25
 256 0004 0E       		.uleb128 0xe
 257 0005 13       		.uleb128 0x13
 258 0006 0B       		.uleb128 0xb
 259 0007 03       		.uleb128 0x3
 260 0008 0E       		.uleb128 0xe
 261 0009 1B       		.uleb128 0x1b
 262 000a 0E       		.uleb128 0xe
 263 000b 10       		.uleb128 0x10
 264 000c 17       		.uleb128 0x17
 265 000d 00       		.byte	0
 266 000e 00       		.byte	0
 267 000f 02       		.uleb128 0x2
 268 0010 24       		.uleb128 0x24
 269 0011 00       		.byte	0
 270 0012 0B       		.uleb128 0xb
 271 0013 0B       		.uleb128 0xb
 272 0014 3E       		.uleb128 0x3e
 273 0015 0B       		.uleb128 0xb
 274 0016 03       		.uleb128 0x3
 275 0017 08       		.uleb128 0x8
 276 0018 00       		.byte	0
 277 0019 00       		.byte	0
 278 001a 03       		.uleb128 0x3
 279 001b 24       		.uleb128 0x24
 280 001c 00       		.byte	0
 281 001d 0B       		.uleb128 0xb
 282 001e 0B       		.uleb128 0xb
 283 001f 3E       		.uleb128 0x3e
 284 0020 0B       		.uleb128 0xb
 285 0021 03       		.uleb128 0x3
 286 0022 0E       		.uleb128 0xe
 287 0023 00       		.byte	0
 288 0024 00       		.byte	0
 289 0025 04       		.uleb128 0x4
 290 0026 16       		.uleb128 0x16
 291 0027 00       		.byte	0
 292 0028 03       		.uleb128 0x3
 293 0029 0E       		.uleb128 0xe
 294 002a 3A       		.uleb128 0x3a
 295 002b 0B       		.uleb128 0xb
 296 002c 3B       		.uleb128 0x3b
 297 002d 0B       		.uleb128 0xb
 298 002e 39       		.uleb128 0x39
 299 002f 0B       		.uleb128 0xb
 300 0030 49       		.uleb128 0x49
 301 0031 13       		.uleb128 0x13
 302 0032 00       		.byte	0
 303 0033 00       		.byte	0
 304 0034 05       		.uleb128 0x5
 305 0035 13       		.uleb128 0x13
 306 0036 01       		.byte	0x1
 307 0037 0B       		.uleb128 0xb
 308 0038 0B       		.uleb128 0xb
 309 0039 3A       		.uleb128 0x3a
 310 003a 0B       		.uleb128 0xb
 311 003b 3B       		.uleb128 0x3b
 312 003c 0B       		.uleb128 0xb
 313 003d 39       		.uleb128 0x39
 314 003e 0B       		.uleb128 0xb
 315 003f 01       		.uleb128 0x1
 316 0040 13       		.uleb128 0x13
 317 0041 00       		.byte	0
 318 0042 00       		.byte	0
 319 0043 06       		.uleb128 0x6
 320 0044 0D       		.uleb128 0xd
 321 0045 00       		.byte	0
 322 0046 03       		.uleb128 0x3
 323 0047 0E       		.uleb128 0xe
 324 0048 3A       		.uleb128 0x3a
 325 0049 0B       		.uleb128 0xb
 326 004a 3B       		.uleb128 0x3b
 327 004b 0B       		.uleb128 0xb
 328 004c 39       		.uleb128 0x39
 329 004d 0B       		.uleb128 0xb
 330 004e 49       		.uleb128 0x49
 331 004f 13       		.uleb128 0x13
 332 0050 0B       		.uleb128 0xb
 333 0051 0B       		.uleb128 0xb
 334 0052 0D       		.uleb128 0xd
 335 0053 0B       		.uleb128 0xb
 336 0054 0C       		.uleb128 0xc
 337 0055 0B       		.uleb128 0xb
 338 0056 38       		.uleb128 0x38
 339 0057 0B       		.uleb128 0xb
 340 0058 00       		.byte	0
 341 0059 00       		.byte	0
 342 005a 07       		.uleb128 0x7
 343 005b 17       		.uleb128 0x17
 344 005c 01       		.byte	0x1
 345 005d 0B       		.uleb128 0xb
 346 005e 0B       		.uleb128 0xb
 347 005f 3A       		.uleb128 0x3a
 348 0060 0B       		.uleb128 0xb
 349 0061 3B       		.uleb128 0x3b
 350 0062 0B       		.uleb128 0xb
 351 0063 39       		.uleb128 0x39
 352 0064 0B       		.uleb128 0xb
 353 0065 01       		.uleb128 0x1
 354 0066 13       		.uleb128 0x13
 355 0067 00       		.byte	0
 356 0068 00       		.byte	0
 357 0069 08       		.uleb128 0x8
 358 006a 0D       		.uleb128 0xd
 359 006b 00       		.byte	0
 360 006c 03       		.uleb128 0x3
 361 006d 08       		.uleb128 0x8
 362 006e 3A       		.uleb128 0x3a
 363 006f 0B       		.uleb128 0xb
 364 0070 3B       		.uleb128 0x3b
 365 0071 0B       		.uleb128 0xb
 366 0072 39       		.uleb128 0x39
 367 0073 0B       		.uleb128 0xb
 368 0074 49       		.uleb128 0x49
 369 0075 13       		.uleb128 0x13
 370 0076 00       		.byte	0
 371 0077 00       		.byte	0
 372 0078 09       		.uleb128 0x9
 373 0079 0D       		.uleb128 0xd
 374 007a 00       		.byte	0
 375 007b 49       		.uleb128 0x49
 376 007c 13       		.uleb128 0x13
 377 007d 00       		.byte	0
 378 007e 00       		.byte	0
 379 007f 0A       		.uleb128 0xa
 380 0080 2E       		.uleb128 0x2e
 381 0081 01       		.byte	0x1
 382 0082 3F       		.uleb128 0x3f
 383 0083 19       		.uleb128 0x19
 384 0084 03       		.uleb128 0x3
 385 0085 0E       		.uleb128 0xe
 386 0086 3A       		.uleb128 0x3a
 387 0087 0B       		.uleb128 0xb
 388 0088 3B       		.uleb128 0x3b
 389 0089 0B       		.uleb128 0xb
 390 008a 39       		.uleb128 0x39
 391 008b 0B       		.uleb128 0xb
 392 008c 27       		.uleb128 0x27
 393 008d 19       		.uleb128 0x19
 394 008e 01       		.uleb128 0x1
 395 008f 13       		.uleb128 0x13
 396 0090 00       		.byte	0
 397 0091 00       		.byte	0
 398 0092 0B       		.uleb128 0xb
 399 0093 05       		.uleb128 0x5
 400 0094 00       		.byte	0
 401 0095 03       		.uleb128 0x3
 402 0096 0E       		.uleb128 0xe
 403 0097 3A       		.uleb128 0x3a
 404 0098 0B       		.uleb128 0xb
 405 0099 3B       		.uleb128 0x3b
 406 009a 0B       		.uleb128 0xb
 407 009b 39       		.uleb128 0x39
 408 009c 0B       		.uleb128 0xb
 409 009d 49       		.uleb128 0x49
 410 009e 13       		.uleb128 0x13
 411 009f 00       		.byte	0
 412 00a0 00       		.byte	0
 413 00a1 0C       		.uleb128 0xc
 414 00a2 2E       		.uleb128 0x2e
 415 00a3 00       		.byte	0
 416 00a4 3F       		.uleb128 0x3f
 417 00a5 19       		.uleb128 0x19
 418 00a6 03       		.uleb128 0x3
 419 00a7 0E       		.uleb128 0xe
 420 00a8 3A       		.uleb128 0x3a
 421 00a9 0B       		.uleb128 0xb
 422 00aa 3B       		.uleb128 0x3b
 423 00ab 0B       		.uleb128 0xb
 424 00ac 39       		.uleb128 0x39
 425 00ad 0B       		.uleb128 0xb
 426 00ae 27       		.uleb128 0x27
 427 00af 19       		.uleb128 0x19
 428 00b0 00       		.byte	0
 429 00b1 00       		.byte	0
 430 00b2 0D       		.uleb128 0xd
 431 00b3 2E       		.uleb128 0x2e
 432 00b4 01       		.byte	0x1
 433 00b5 3F       		.uleb128 0x3f
 434 00b6 19       		.uleb128 0x19
 435 00b7 03       		.uleb128 0x3
 436 00b8 0E       		.uleb128 0xe
 437 00b9 3A       		.uleb128 0x3a
 438 00ba 0B       		.uleb128 0xb
 439 00bb 3B       		.uleb128 0x3b
 440 00bc 0B       		.uleb128 0xb
 441 00bd 39       		.uleb128 0x39
 442 00be 0B       		.uleb128 0xb
 443 00bf 27       		.uleb128 0x27
 444 00c0 19       		.uleb128 0x19
 445 00c1 49       		.uleb128 0x49
 446 00c2 13       		.uleb128 0x13
 447 00c3 01       		.uleb128 0x1
 448 00c4 13       		.uleb128 0x13
 449 00c5 00       		.byte	0
 450 00c6 00       		.byte	0
 451 00c7 0E       		.uleb128 0xe
 452 00c8 34       		.uleb128 0x34
 453 00c9 00       		.byte	0
 454 00ca 03       		.uleb128 0x3
 455 00cb 08       		.uleb128 0x8
 456 00cc 3A       		.uleb128 0x3a
 457 00cd 0B       		.uleb128 0xb
 458 00ce 3B       		.uleb128 0x3b
 459 00cf 0B       		.uleb128 0xb
 460 00d0 39       		.uleb128 0x39
 461 00d1 0B       		.uleb128 0xb
 462 00d2 49       		.uleb128 0x49
 463 00d3 13       		.uleb128 0x13
 464 00d4 00       		.byte	0
 465 00d5 00       		.byte	0
 466 00d6 0F       		.uleb128 0xf
 467 00d7 2E       		.uleb128 0x2e
 468 00d8 01       		.byte	0x1
 469 00d9 3F       		.uleb128 0x3f
 470 00da 19       		.uleb128 0x19
 471 00db 03       		.uleb128 0x3
 472 00dc 0E       		.uleb128 0xe
 473 00dd 3A       		.uleb128 0x3a
 474 00de 0B       		.uleb128 0xb
 475 00df 3B       		.uleb128 0x3b
 476 00e0 0B       		.uleb128 0xb
 477 00e1 39       		.uleb128 0x39
 478 00e2 0B       		.uleb128 0xb
 479 00e3 27       		.uleb128 0x27
 480 00e4 19       		.uleb128 0x19
 481 00e5 00       		.byte	0
 482 00e6 00       		.byte	0
 483 00e7 00       		.byte	0
 484              		.section	.gnu.debuglto_.debug_line,"e",%progbits
 485              	.Ldebug_line0:
 486 0000 6A000000 		.4byte	.LELT0-.LSLT0
 487              	.LSLT0:
 488 0004 0400     		.2byte	0x4
 489 0006 64000000 		.4byte	.LELTP0-.LASLTP0
 490              	.LASLTP0:
 491 000a 01       		.byte	0x1
 492 000b 01       		.byte	0x1
 493 000c 01       		.byte	0x1
 494 000d F6       		.byte	0xf6
 495 000e F2       		.byte	0xf2
 496 000f 0D       		.byte	0xd
 497 0010 00       		.byte	0
 498 0011 01       		.byte	0x1
 499 0012 01       		.byte	0x1
 500 0013 01       		.byte	0x1
 501 0014 01       		.byte	0x1
 502 0015 00       		.byte	0
 503 0016 00       		.byte	0
 504 0017 00       		.byte	0
 505 0018 01       		.byte	0x1
 506 0019 00       		.byte	0
 507 001a 00       		.byte	0
 508 001b 01       		.byte	0x1
 509 001c 7175616E 		.ascii	"quantum"
 509      74756D
 510 0023 00       		.byte	0
 511 0024 2F757372 		.ascii	"/usr/lib/gcc/arm-none-eabi/10.3.1/include"
 511      2F6C6962 
 511      2F676363 
 511      2F61726D 
 511      2D6E6F6E 
 512 004d 00       		.byte	0
 513 004e 00       		.byte	0
 514 004f 6C65642E 		.ascii	"led.h\000"
 514      6800
 515 0055 01       		.uleb128 0x1
 516 0056 00       		.uleb128 0
 517 0057 00       		.uleb128 0
 518 0058 73746469 		.ascii	"stdint.h\000"
 518      6E742E68 
 518      00
 519 0061 02       		.uleb128 0x2
 520 0062 00       		.uleb128 0
 521 0063 00       		.uleb128 0
 522 0064 6C65642E 		.ascii	"led.c\000"
 522      6300
 523 006a 01       		.uleb128 0x1
 524 006b 00       		.uleb128 0
 525 006c 00       		.uleb128 0
 526 006d 00       		.byte	0
 527              	.LELTP0:
 528              	.LELT0:
 529              		.section	.gnu.debuglto_.debug_str,"eMS",%progbits,1
 530              	.LASF21:
 531 0000 6C65645F 		.ascii	"led_update_kb\000"
 531      75706461 
 531      74655F6B 
 531      6200
 532              	.LASF16:
 533 000e 72657365 		.ascii	"reserved\000"
 533      72766564 
 533      00
 534              	.LASF11:
 535 0017 6E756D5F 		.ascii	"num_lock\000"
 535      6C6F636B 
 535      00
 536              	.LASF28:
 537 0020 6C65645F 		.ascii	"led_init_ports\000"
 537      696E6974 
 537      5F706F72 
 537      747300
 538              	.LASF8:
 539 002f 6C6F6E67 		.ascii	"long long unsigned int\000"
 539      206C6F6E 
 539      6720756E 
 539      7369676E 
 539      65642069 
 540              	.LASF23:
 541 0046 6C65645F 		.ascii	"led_set\000"
 541      73657400 
 542              	.LASF14:
 543 004e 636F6D70 		.ascii	"compose\000"
 543      6F736500 
 544              	.LASF6:
 545 0056 756E7369 		.ascii	"unsigned char\000"
 545      676E6564 
 545      20636861 
 545      7200
 546              	.LASF7:
 547 0064 6C6F6E67 		.ascii	"long unsigned int\000"
 547      20756E73 
 547      69676E65 
 547      6420696E 
 547      7400
 548              	.LASF1:
 549 0076 73686F72 		.ascii	"short unsigned int\000"
 549      7420756E 
 549      7369676E 
 549      65642069 
 549      6E7400
 550              	.LASF18:
 551 0089 6C65645F 		.ascii	"led_t\000"
 551      7400
 552              	.LASF19:
 553 008f 7573625F 		.ascii	"usb_led\000"
 553      6C656400 
 554              	.LASF27:
 555 0097 2F686F6D 		.ascii	"/home/jstewart/source/yaemk-split-kb/Firmware\000"
 555      652F6A73 
 555      74657761 
 555      72742F73 
 555      6F757263 
 556              	.LASF0:
 557 00c5 756E7369 		.ascii	"unsigned int\000"
 557      676E6564 
 557      20696E74 
 557      00
 558              	.LASF13:
 559 00d2 7363726F 		.ascii	"scroll_lock\000"
 559      6C6C5F6C 
 559      6F636B00 
 560              	.LASF15:
 561 00de 6B616E61 		.ascii	"kana\000"
 561      00
 562              	.LASF17:
 563 00e3 75696E74 		.ascii	"uint8_t\000"
 563      385F7400 
 564              	.LASF20:
 565 00eb 6C65645F 		.ascii	"led_state\000"
 565      73746174 
 565      6500
 566              	.LASF12:
 567 00f5 63617073 		.ascii	"caps_lock\000"
 567      5F6C6F63 
 567      6B00
 568              	.LASF25:
 569 00ff 474E5520 		.ascii	"GNU C99 10.3.1 20210621 (release) -mcpu=cortex-m4 -"
 569      43393920 
 569      31302E33 
 569      2E312032 
 569      30323130 
 570 0132 6D746875 		.ascii	"mthumb -mno-thumb-interwork -mno-unaligned-access -"
 570      6D62202D 
 570      6D6E6F2D 
 570      7468756D 
 570      622D696E 
 571 0165 6D666C6F 		.ascii	"mfloat-abi=hard -mfpu=fpv4-sp-d16 -march=armv7e-m+f"
 571      61742D61 
 571      62693D68 
 571      61726420 
 571      2D6D6670 
 572 0198 70202D67 		.ascii	"p -ggdb -Os -Ofast -std=gnu99 -fsingle-precision-co"
 572      67646220 
 572      2D4F7320 
 572      2D4F6661 
 572      7374202D 
 573 01cb 6E737461 		.ascii	"nstant -fomit-frame-pointer -ffunction-sections -fd"
 573      6E74202D 
 573      666F6D69 
 573      742D6672 
 573      616D652D 
 574 01fe 6174612D 		.ascii	"ata-sections -fshort-wchar -fcommon -flto\000"
 574      73656374 
 574      696F6E73 
 574      202D6673 
 574      686F7274 
 575              	.LASF5:
 576 0228 6C6F6E67 		.ascii	"long long int\000"
 576      206C6F6E 
 576      6720696E 
 576      7400
 577              	.LASF9:
 578 0236 63686172 		.ascii	"char\000"
 578      00
 579              	.LASF26:
 580 023b 7175616E 		.ascii	"quantum/led.c\000"
 580      74756D2F 
 580      6C65642E 
 580      6300
 581              	.LASF29:
 582 0249 6C65645F 		.ascii	"led_set_user\000"
 582      7365745F 
 582      75736572 
 582      00
 583              	.LASF3:
 584 0256 73686F72 		.ascii	"short int\000"
 584      7420696E 
 584      7400
 585              	.LASF24:
 586 0260 6C65645F 		.ascii	"led_set_kb\000"
 586      7365745F 
 586      6B6200
 587              	.LASF4:
 588 026b 6C6F6E67 		.ascii	"long int\000"
 588      20696E74 
 588      00
 589              	.LASF2:
 590 0274 7369676E 		.ascii	"signed char\000"
 590      65642063 
 590      68617200 
 591              	.LASF10:
 592 0280 5F426F6F 		.ascii	"_Bool\000"
 592      6C00
 593              	.LASF22:
 594 0286 6C65645F 		.ascii	"led_update_user\000"
 594      75706461 
 594      74655F75 
 594      73657200 
 595              		.text
 596              		.section	.gnu.lto_.profile.f95d6ffb5fc13533,"e",%progbits
 597 0000 789C6362 		.ascii	"x\234cb\000\001\000\000\022\000\003"
 597      00010000 
 597      120003
 598              		.text
 599              		.section	.gnu.lto_.icf.f95d6ffb5fc13533,"e",%progbits
 600 0000 789C5365 		.ascii	"x\234Se@\0006\206\351\315\357n12NhX\321\311\316t{\323"
 600      40003686 
 600      E9CDEF6E 
 600      31324E68 
 600      58D1C9CE 
 601 0017 811E3EE6 		.ascii	"\201\036>\346\253\027\277\273\260<\177ww>/\353\235\011"
 601      AB17BFBB 
 601      B03C7F77 
 601      773E2FEB 
 601      9D09
 602 0029 AF1E3333 		.ascii	"\257\03633\000\000E\336\021\310"
 602      000045DE 
 602      11C8
 603              		.text
 604              		.section	.gnu.lto_.ipa_sra.f95d6ffb5fc13533,"e",%progbits
 605 0000 789C7362 		.ascii	"x\234sb@\0006\006F \311\010\004H\024\023#P\224\231\231"
 605      40003606 
 605      4620C908 
 605      04481413 
 605      23509499 
 606 0015 99917109 		.ascii	"\231\221q\0113\303\022f\020\017\304gdl`\002J\26200\262"
 606      33C31266 
 606      100FC467 
 606      646C6002 
 606      4AB23030 
 607 002a 82943140 		.ascii	"\202\2241@\304\001R\"\002N"
 607      C4015222 
 607      024E
 608              		.text
 609              		.section	.gnu.lto_.inline.f95d6ffb5fc13533,"e",%progbits
 610 0000 789C7BC7 		.ascii	"x\234{\307\200\000l\014\014\314\015@\300\224\302\310"
 610      80006C0C 
 610      0CCC0D40 
 610      C094C2C8 
 611 0010 C0C4C0D0 		.ascii	"\300\304\300\320\010d\326\001E!BL !\006F\006V o\001"
 611      0864D601 
 611      4521424C 
 611      20210646 
 611      0656206F 
 612 0025 731A4E15 		.ascii	"s\032N\025L\334 e\023\374\230\010\232\305\014\346\036"
 612      4CDC2065 
 612      13FC9808 
 612      9AC50CE6 
 612      1E
 613 0036 C0631633 		.ascii	"\300c\0263\017\304,\026\202f\2612p\000y\023\230\323"
 613      0FC42C16 
 613      8266B132 
 613      70007913 
 613      98D3
 614 0048 812A98C0 		.ascii	"\201*\230\300\022\311\270\334\005\245\031\000d\2631"
 614      12C9B8DC 
 614      05A51900 
 614      64B331
 615 0057 44       		.ascii	"D"
 616              		.text
 617              		.section	.gnu.lto_.jmpfuncs.f95d6ffb5fc13533,"e",%progbits
 618 0000 789C658C 		.ascii	"x\234e\214\301\015\3000\014\002\017\354v\322\316\321"
 618      C10DC030 
 618      0C020FEC 
 618      76D2CED1 
 619 0010 2E9341B2 		.ascii	".\223A\262Yj+\217>\212\204\2208\304\305\247\023\011"
 619      596A2B8F 
 619      3E8A8490 
 619      38C4C5A7 
 619      1309
 620 0022 4658AD4A 		.ascii	"FX\255J\347]\265f\212\362\022ExF\020\305;\367\000\022"
 620      E75DB566 
 620      8AF21245 
 620      784610C5 
 620      3BF70012 
 621 0036 8E5DD9A8 		.ascii	"\216]\331\250/p\223\337\001/\210\317\015\034"
 621      2F7093DF 
 621      012F88CF 
 621      0D1C
 622              		.text
 623              		.section	.gnu.lto_.pureconst.f95d6ffb5fc13533,"e",%progbits
 624 0000 789C1366 		.ascii	"x\234\023f```c\230\301\3028\203\205i\006\013\363\014"
 624      60606063 
 624      98C1C238 
 624      83856906 
 624      0BF30C
 625 0013 1696192C 		.ascii	"\026\226\031,\2543X\000%K\003\321"
 625      AC335800 
 625      254B03D1 
 626              		.text
 627              		.section	.gnu.lto_.lto.f95d6ffb5fc13533,"e",%progbits
 628 0000 09000400 		.ascii	"\011\000\004\000\001\000\000\000"
 628      01000000 
 629              		.text
 630              		.section	.gnu.lto_led_set_user.295.f95d6ffb5fc13533,"e",%progbits
 631 0000 789C9BC1 		.ascii	"x\234\233\301\300\300\020\016\304\312@\314\310\314\300"
 631      C0C0100E 
 631      C4CA40CC 
 631      C8CCC0
 632 000f 38696217 		.ascii	"8ib\027\023CCC\203\003;\023c\343\304.N\306\355\214`"
 632      13434343 
 632      83033B13 
 632      63E3C42E 
 632      4EC6ED8C 
 633 0024 1E23433D 		.ascii	"\036#C=\023c=\343dfM \367\307\322Y?*\032V\034`\\\302"
 633      13633DE3 
 633      64664D20 
 633      F7C7D259 
 633      3F2A1A56 
 634 003c CCC0300F 		.ascii	"\314\3000\017\210\301`\0163#\263\003\203\372\201\206"
 634      88C1600E 
 634      3323B303 
 634      83FA8186 
 635 004c 860B2FB7 		.ascii	"\206\013/\2674403,afd\334\312\010\224g4f4`\000q=\246"
 635      34343033 
 635      2C616664 
 635      DCCA0894 
 635      67346634 
 636 0065 0115B3C1 		.ascii	"\001\025\263\301\3640\002\361\372K\254\007\032\376\374"
 636      F43002F1 
 636      FA4BAC07 
 636      1AFEFC
 637 0074 EF6F68B8 		.ascii	"\357oh\270\272\234\261\232\211\201\241\237\031d}\003"
 637      BA9CB19A 
 637      8981A19F 
 637      19647D03 
 638 0084 0B63C301 		.ascii	"\013c\303\001\006\206\011\314L\020N#\220\363\212\261"
 638      068609CC 
 638      4C104E23 
 638      90F38AB1 
 639 0094 4189E113 		.ascii	"A\211\341\023c\223\002\330\266~fF\204:\006\006=\375"
 639      639302D8 
 639      B67E6646 
 639      843A0606 
 639      3DFD
 640 00a6 8CFCDC54 		.ascii	"\214\374\334T\375\254\342\222\324\362\304\242\022\375"
 640      FDACE292 
 640      D4F2C4A2 
 640      12FD
 641 00b4 E2FCD2A2 		.ascii	"\342\374\322\242\344T\375\312\304\324\334l\335\342\202"
 641      E454FDCA 
 641      C4D4DC6C 
 641      DDE282
 642 00c3 9CCC12DD 		.ascii	"\234\314\022\335\354$}\267\314\242\\\240t*\003_aib^"
 642      EC247DB7 
 642      CCA25CA0 
 642      742A035F 
 642      6169625E 
 643 00d7 4969AE7E 		.ascii	"Ii\256~Nj\212^2\003{iqR<\220\311\017\346\352Y\032\031"
 643      4E6A8A5E 
 643      32037B69 
 643      71523C90 
 643      C90FE6EA 
 644 00ee A4989858 		.ascii	"\244\230\230X\2303\000\000%\347Q\320"
 644      98330000 
 644      25E751D0 
 645              		.text
 646              		.section	.gnu.lto_led_set_kb.296.f95d6ffb5fc13533,"e",%progbits
 647 0000 789C458E 		.ascii	"x\234E\216\273J\003a\020\205\347\374\023\023l\364\025"
 647      BB4A0361 
 647      1085E7FC 
 647      13136CF4 
 647      15
 648 0011 040BB1C8 		.ascii	"\004\013\261\310n\320\200\332\245\022\337\300RrY0&k"
 648      6ED080DA 
 648      A512DFC0 
 648      52725930 
 648      266B
 649 0023 742FA855 		.ascii	"t/\250U&\222*\315\032\355\202\004\011\021\265\262\361"
 649      26922ACD 
 649      1AED8204 
 649      0911B5B2 
 649      F1
 650 0034 82DD36F6 		.ascii	"\202\3356\366\242\017`o%\202`!\352dE\0348p\27693\303"
 650      A20F606F 
 650      25826021 
 650      EA64451C 
 650      3870BE39 
 651 004a DC11D1AA 		.ascii	"\334\021\321\252jZ\005&\034v;\206D\244\2201hu;\343\270"
 651      6A5A0526 
 651      1C763B86 
 651      44A49031 
 651      68753BE3 
 652 005f 4542A0A6 		.ascii	"EB\240\246A\023G<\253\370q\332\373\332\225\363\030C"
 652      4113473C 
 652      ABF871DA 
 652      FBDA95F3 
 652      1843
 653 0071 26EAAB92 		.ascii	"&\352\253\222:fp\201fb\221\207\347+\021\246!\003\327"
 653      3A667081 
 653      66629187 
 653      E72B11A6 
 653      2103D7
 654 0084 D01CF3C8 		.ascii	"\320\034\363\310\321\010WZ:\234\376\333\201\352\362"
 654      D108575A 
 654      3A9CFEDB 
 654      81EAF2
 655 0093 712C96CF 		.ascii	"q,\226\317\357H\344\376\014\027\2342\300\215\366#\036"
 655      EF48E4FE 
 655      0C179C32 
 655      C08DF623 
 655      1E
 656 00a4 3D212948 		.ascii	"=!)HLt\300\346\027Z\012/\220\301;\350\025\355)j\303"
 656      4C74C0E6 
 656      175A0A2F 
 656      90C13BE8 
 656      15ED296A 
 657 00b9 0CD9F459 		.ascii	"\014\331\364Y\027\006\254\226\351\015\373'O\351\344"
 657      1706AC96 
 657      E90DFB27 
 657      4FE9E4
 658 00c8 9D88F17F 		.ascii	"\235\210\361\177\202\310\262\327\033\256co\370\201\263"
 658      82C8B2D7 
 658      1BAE636F 
 658      F881B3
 659 00d7 53F402DB 		.ascii	"S\364\002\333o\204^\331\261\367\212\216[\313\372[\365"
 659      6F845ED9 
 659      B1F78A8E 
 659      5BCBFA5B 
 659      F5
 660 00e8 6A90AD95 		.ascii	"j\220\255\225\354\345\252\347j\354\320\304vX\334\014"
 660      ECE5AAE7 
 660      6AECD0C4 
 660      7658DC0C 
 661 00f8 42D7AE3B 		.ascii	"B\327\256;\025\253L\231\320/\255\251\235L\320Z\232\313"
 661      15AB4C99 
 661      D02FADA9 
 661      9D4CD05A 
 661      9ACB
 662 010a 55F2F9C5 		.ascii	"U\362\371\305\005\372\001c\016Z="
 662      05FA0163 
 662      0E5A3D
 663              		.text
 664              		.section	.gnu.lto_led_update_user.297.f95d6ffb5fc13533,"e",%progbits
 665 0000 789C5BC6 		.ascii	"x\234[\306\300\300\020\011\304\252@\314\310\314\300"
 665      C0C01009 
 665      C4AA40CC 
 665      C8CCC0
 666 000f 38696217 		.ascii	"8ib\027\023CCC\203\003;\023c\343\304\256\2573\230\030"
 666      13434343 
 666      83033B13 
 666      63E3C4AE 
 666      AF339818 
 667 0023 B73382F9 		.ascii	"\2673\202\371\214\014\365L\214\365\214\223\2315\017"
 667      8C0CF54C 
 667      8CF58C93 
 667      99350F
 668 0032 3434FC58 		.ascii	"44\374X:\253\247\231\177\326\212\003\214K\230\031\030"
 668      3AABA799 
 668      7FD68A03 
 668      8C4B9819 
 668      18
 669 0043 E601351A 		.ascii	"\346\0015\0323\032\000\215`\230\303\314\310\354\300"
 669      331A008D 
 669      6098C3CC 
 669      C8ECC0
 670 0052 A00ED471 		.ascii	"\240\016\324q\341\325\226\206\006f\206%\314\214\214"
 670      E1D59686 
 670      06668625 
 670      CC8C8C
 671 0061 5B19E12A 		.ascii	"[\031\341*\200\\\257\027L\014\014l`] K\201x\375%\326"
 671      805CAF17 
 671      4C0C0C6C 
 671      605D204B 
 671      8178FD25 
 672 0076 030D7FFE 		.ascii	"\003\015\177\376\36774\274]\3168\207\031(\335\317\014"
 672      F73734BC 
 672      5DCE3887 
 672      1928DDCF 
 672      0C
 673 0087 7244030B 		.ascii	"rD\003\013c\303\001\006\206\011\314L\020N#\220\363\212"
 673      63C30106 
 673      8609CC4C 
 673      104E2390 
 673      F38A
 674 0099 B161D17F 		.ascii	"\261a\321\177F\206O\214M\013\346\262Mb\006Z\317\010"
 674      46864F8C 
 674      4D0BE6B2 
 674      4D62065A 
 674      CF08
 675 00ab 3202A883 		.ascii	"2\002\250\203\021\241\203\201AO?#?7U?\253\270$\265<"
 675      11A18381 
 675      414F3F23 
 675      3F37553F 
 675      ABB824B5 
 676 00c0 B1A844BF 		.ascii	"\261\250D\2778\277\264(9U\2772157[\267\270 '\263D7;"
 676      38BFB428 
 676      3955BF32 
 676      3135375B 
 676      B7B82027 
 677 00d8 49DF2DB3 		.ascii	"I\337-\263(\027(\235\312\300WX\232\230WR\232\253\237"
 677      2817289D 
 677      CAC05758 
 677      9A985752 
 677      9AAB9F
 678 00eb 939AA297 		.ascii	"\223\232\242\227\314\300\011\244\342\213K\022KR\371"
 678      CCC009A4 
 678      E28B4B12 
 678      4B52F9
 679 00fa C1027A96 		.ascii	"\301\002z\226F\006)&&\026\346\014\000+ X\337"
 679      46062926 
 679      2616E60C 
 679      002B2058 
 679      DF
 680              		.text
 681              		.section	.gnu.lto_led_update_kb.298.f95d6ffb5fc13533,"e",%progbits
 682 0000 789C4D4F 		.ascii	"x\234MO1HBQ\024\275\367]K\033Jhkk\251h\320/%\224[S\203"
 682      31484251 
 682      14BDF75D 
 682      4B1B4A68 
 682      6B6BA968 
 683 001b 5B6B10F1 		.ascii	"[k\020\361\323\007\231\232\365\377\227h\362i\322\340"
 683      D307999A 
 683      F5FF9768 
 683      F269D2E0 
 684 002b 62164498 		.ascii	"b\026D\230\210\210A[\015\225\012A\037\202\226\226hi"
 684      8888415B 
 684      0D950A41 
 684      1F829696 
 684      6869
 685 003d 77299AA4 		.ascii	"w)\232\244\226\240\240\336\373B\005\357\275s\317\275"
 685      96A0A0DE 
 685      FB4205EF 
 685      BD73CFBD 
 686 004d E79E7BDF 		.ascii	"\347\236{\3370\002,\001\300\270\274H\200\373\245\002"
 686      30022C01 
 686      C0B8BC48 
 686      80FBA502 
 687 005d 0321C49C 		.ascii	"\003!\304\234\233a\266Tx\256\264\\\330F'\201\220a\230"
 687      9B61B654 
 687      78AEB45C 
 687      D8462781 
 687      906198
 688 0070 C1039AB4 		.ascii	"\301\003\232\264\205\3708)\227w\274\345S\033\033\004"
 688      85F83829 
 688      9777BCE5 
 688      531B1B04 
 689 0080 50959DD3 		.ascii	"P\225\235\323\030\220\036P!\2449\230\220\035\017/\027"
 689      18901E50 
 689      21A43998 
 689      901D0F2F 
 689      17
 690 0091 42103408 		.ascii	"B\0204\010\361\022\177\025\222\206oXO\267\250\3361\351"
 690      F1127F15 
 690      92866F58 
 690      4FB7A8DE 
 690      31E9
 691 00a3 D63DBEDD 		.ascii	"\326=\276\335\035<\027\036\351\205M\374\347\026\276"
 691      1D3C171E 
 691      E9854DFC 
 691      E716BE
 692 00b2 67FD802D 		.ascii	"g\375\200-T\023\324\206\362Hv\366\330g\213\257\357\242"
 692      5413D486 
 692      F24876F6 
 692      D8678BAF 
 692      EFA2
 693 00c4 104F239F 		.ascii	"\020O#\237\327\357\036\0279\032(\222Z]\270P\330\000"
 693      D7EF1E17 
 693      391A2892 
 693      5A5DB850 
 693      D800
 694 00d6 7BC47A24 		.ascii	"{\304z$+\311+\212N\363\216A\027\363\265\205:Q\036Y\203"
 694      2BC92B8A 
 694      4EF38E41 
 694      17F3B585 
 694      3A511E59 
 695 00eb 589594E1 		.ascii	"X\225\224\341\225\374\002IEnT\232\324\235Pt\332R\254"
 695      95FC0249 
 695      456E549A 
 695      D49D5074 
 695      DA52AC
 696 00fe F0D0EDC0 		.ascii	"\360\320\355\300\221\033\3360W\013\2512\250A\3707\010"
 696      911BDE30 
 696      570BA932 
 696      A841F837 
 696      08
 697 010f C0AFADA6 		.ascii	"\300\257\255\246\222\\[3-\276\245\033\226f\246\322F"
 697      925C5B33 
 697      2DBEA51B 
 697      9666A6D2 
 697      46
 698 0120 846BDB3A 		.ascii	"\204k\333:O\306}\346F\"f\371\342+\332|\314H\3122\207"
 698      4FC67DE6 
 698      462266F9 
 698      E22BDA7C 
 698      CC48CA32 
 699 0135 A1CDB4BE 		.ascii	"\241\315\264\276n\245\223Z\202G\375\021\030\220\260"
 699      6EA5935A 
 699      8247FD11 
 699      1890B0
 700 0144 6C5ABAC5 		.ascii	"lZ\272\305\275N\302\037\232\012D\203\301\331\031 \203"
 700      BD4EC21F 
 700      9A0A4483 
 700      C1D91920 
 700      83
 701 0155 9B3F6105 		.ascii	"\233?a\005{\201"
 701      7B81
 702              		.text
 703              		.section	.gnu.lto_led_init_ports.299.f95d6ffb5fc13533,"e",%progbits
 704 0000 789C2B61 		.ascii	"x\234+a``\260\007be fdf`\2344\261\213\211\241\241\241"
 704      6060B007 
 704      62652066 
 704      6466609C 
 704      34B18B89 
 705 0017 C1819D89 		.ascii	"\301\201\235\211\261qb\027'\343VF0\217\221\241\236\211"
 705      B1716217 
 705      27E35646 
 705      308F91A1 
 705      9E89
 706 0029 B19E7132 		.ascii	"\261\236q2\263&\220\373c\351\254\233\315\374\015+\016"
 706      B32690FB 
 706      63E9AC9B 
 706      CDFC0D2B 
 706      0E
 707 003a 302E6166 		.ascii	"0.af`\230\007\304P\300\006\3431\002\361\372K\254\007"
 707      609807C4 
 707      50C006E3 
 707      3102F1FA 
 707      4BAC07
 708 004d 1AFEFCEF 		.ascii	"\032\376\374\357oh8\373\214\361\2372\023\003C?3\310"
 708      6F6838FB 
 708      8CF19F32 
 708      1303433F 
 708      33C8
 709 005f E80616C6 		.ascii	"\350\006\026\306\206\003\014\014\023\230\231 \234F "
 709      86030C0C 
 709      13989920 
 709      9C4620
 710 006e E7156383 		.ascii	"\347\025c\203\022\303'\306&\005\2601\375\314\214\010"
 710      12C327C6 
 710      2605B031 
 710      FDCC8C08 
 711 007e 750C0C7A 		.ascii	"u\014\014z\372\031\371\271\251\372Y\305%\251\345\211"
 711      FA19F9B9 
 711      A9FA59C5 
 711      25A9E589 
 712 008e 4525FAC5 		.ascii	"E%\372\305\371\245E\311\251\372\225\211\251\271\331"
 712      F9A545C9 
 712      A9FA9589 
 712      A9B9D9
 713 009d BAC50539 		.ascii	"\272\305\0059\231%\272\331I\372n\231E\271@\351T\006"
 713      9925BAD9 
 713      49FA6E99 
 713      45B940E9 
 713      5406
 714 00af BEC2D2C4 		.ascii	"\276\302\322\304\274\222\322\\\375\234\324\024\275d"
 714      BC92D25C 
 714      FD9CD414 
 714      BD64
 715 00bd 06008211 		.ascii	"\006\000\202\021A\204"
 715      4184
 716              		.text
 717              		.section	.gnu.lto_led_set.300.f95d6ffb5fc13533,"e",%progbits
 718 0000 789C4D8E 		.ascii	"x\234M\216\273J\003a\020\205g\376\311\205\010\352+\010"
 718      BB4A0361 
 718      108567FE 
 718      C98508EA 
 718      2B08
 719 0012 226A916C 		.ascii	"\"j\221l\320\200\332\245\022\361\005,%\227\005c\262"
 719      D080DAA5 
 719      12F1052C 
 719      25970563 
 719      B2
 720 0023 46B3BB88 		.ascii	"F\263\273\210U&!6ib\264\011A\243\310F\354\024\274\026"
 720      55262136 
 720      6962B409 
 720      41A3C846 
 720      EC14BC16 
 721 0037 165B5B89 		.ascii	"\026[[\211\215\215\205\330)(\301\312B\320\311\212\227"
 721      8D8D85D8 
 721      2928C1CA 
 721      42D0C98A 
 721      97
 722 0048 8181F938 		.ascii	"\201\201\3718s8\247\027\001\346\000`P\026\011p\263^"
 722      7338A717 
 722      01E60060 
 722      50160970 
 722      B35E
 723 005a 55C0CCF1 		.ascii	"U\300\314\361\240\302R\275\032\302\013\364\010\241\250"
 723      A0C252BD 
 723      1AC20BF4 
 723      08A1A8
 724 0069 B0885B34 		.ascii	"\260\210[4*\370\336nV\327\373\371\320E\207\000Z\262"
 724      2AF8DE6E 
 724      56D7FBF9 
 724      D0458700 
 724      5AB2
 725 007b DE6C1352 		.ascii	"\336l\023R\034\206]\346\233\373Sf\002\207\020\317Pt"
 725      1C865DE6 
 725      9BFB5366 
 725      028710CF 
 725      5074
 726 008d 1CC72874 		.ascii	"\034\307(tq\246\251\000\002?\036\311\306!.q\247\321"
 726      71A6A900 
 726      023F1EC9 
 726      C6212E71 
 726      A7D1
 727 009f 7EDAC306 		.ascii	"~\332\303\006\373\034R\360\373.st\353w\371\343\263\306"
 727      FB1C52F0 
 727      FB2E7374 
 727      EB77F9E3 
 727      B3C6
 728 00b1 7C37F272 		.ascii	"|7\362ru\020\012(\304sq\325\250\333\221}\310.\300\006"
 728      75100A28 
 728      C47371D5 
 728      A8DB917D 
 728      C82EC006 
 729 00c5 A96F2809 		.ascii	"\251o(\011<#?\356^+\350`e\000*\250\034\242\026\211c"
 729      3C233FEE 
 729      5E2BE860 
 729      65002AA8 
 729      1CA21689 
 730 00da 9FE4F479 		.ascii	"\237\344\364y\362q\017\274b\271\031\212z\375.q\247\333"
 730      F2710FBC 
 730      62B9198A 
 730      7AFD2E71 
 730      A7DB
 731 00ec 45F47F1E 		.ascii	"E\364\177\036\177K\020Ds(\000oX~8\231\365\372\324\010"
 731      7F4B1044 
 731      7328006F 
 731      587E3899 
 731      F5FAD408 
 732 0100 FF720122 		.ascii	"\377r\001\"\332B\336\320\265E\323\322W\023\005K3\363"
 732      DA42DED0 
 732      B545D3D2 
 732      5713054B 
 732      33F3
 733 0112 7621A56B 		.ascii	"v!\245kk\011\335\310\206\315\345\\\306\012g\223\332"
 733      6B09DDC8 
 733      86CDE55C 
 733      C60A6793 
 733      DA
 734 0123 74A66088 		.ascii	"t\246`\210\254C\337\212\235X\262lC\313\351\351H\012"
 734      AC43DF8A 
 734      9D58B26C 
 734      43CBE9E9 
 734      480A
 735 0135 82B6999C 		.ascii	"\202\266\231\234\227\263\337\303\310\324X4\035\213M"
 735      97B3DFC3 
 735      C8D45834 
 735      1D8B4D
 736 0144 4EC0173A 		.ascii	"N\300\027:\025p\231"
 736      157099
 737              		.text
 738              		.section	.gnu.lto_.symbol_nodes.f95d6ffb5fc13533,"e",%progbits
 739 0000 789C75CE 		.ascii	"x\234u\316\261\015\2000\020\003@\277?Y\214\305\0346"
 739      B10D8030 
 739      100340BF 
 739      3F598CC5 
 739      1C36
 740 0012 60061A20 		.ascii	"`\006\032 0\001C\320\263\015\021\012t\357\312\322\025"
 740      300143D0 
 740      B30D110A 
 740      74EFCAD2 
 740      15
 741 0023 F68D162E 		.ascii	"\366\215\026.\024JK\262\351\002\004\234e4\030^\\)\013"
 741      144A4BB2 
 741      E902049C 
 741      6534185E 
 741      5C290B
 742 0036 71A31862 		.ascii	"q\243\030b\245<\304\235J!\036T\216\320\255\177\035\334"
 742      A53CC49D 
 742      4A211E54 
 742      8ED0AD7F 
 742      1DDC
 743 0048 F9B56C7F 		.ascii	"\371\265l\177\353\223\263\341\001\273t3K"
 743      EB93B3E1 
 743      01BB7433 
 743      4B
 744              		.text
 745              		.section	.gnu.lto_.refs.f95d6ffb5fc13533,"e",%progbits
 746 0000 789C6364 		.ascii	"x\234cd\000\002\000\000\012\000\002"
 746      00020000 
 746      0A0002
 747              		.text
 748              		.section	.gnu.lto_.decls.f95d6ffb5fc13533,"e",%progbits
 749 0000 789C7555 		.ascii	"x\234uUmlSU\030>\3579\267\355\335\245[\033-\301D \215"
 749      6D6C5355 
 749      183EEF39 
 749      B7EDDDA5 
 749      5B1B2DC1 
 750 0017 21B18919 		.ascii	"!\261\211\031\305\202\002\2111\213\032\214!!\370\303"
 750      C5820289 
 750      318B1A8C 
 750      2121F8C3 
 751 0027 3F26A629 		.ascii	"?&\246)\275W7\273\256\263\355\000\377]\306\020\203\343"
 751      BD5737BB 
 751      AEB3ED00 
 751      FF5DC610 
 751      83E3
 752 0039 23481484 		.ascii	"#H\024\204 h\210KD\350\017\020\034\003\347\370\232\214"
 752      2068884B 
 752      44E80F10 
 752      1C03E7F8 
 752      9A8C
 753 004b 3937986E 		.ascii	"97\230nl\200\323mvl\350\200M\006\010\370\236s\357m\273"
 753      6C80D36D 
 753      766CE880 
 753      4D0608F8 
 753      9E73EF6D 
 754 0060 51CFF6DE 		.ascii	"Q\317\366\336s\3179\317\307{>\356\351a\007!~ \244\006"
 754      73CF39CF 
 754      C77B3EEE 
 754      E9610721 
 754      7E20A406 
 755 0074 E321166C 		.ascii	"\343!\026l\222v\014\206\321\205\321\203QO\214b\307\030"
 755      92760C86 
 755      D185D183 
 755      514F8C62 
 755      C718
 756 0086 C048635C 		.ascii	"\300Hc\\\307\030\305\030\303\270M\036--\250G\261.\315"
 756      C718C518 
 756      C3B84D1E 
 756      2D2DA847 
 756      B12ECD
 757 0099 E183C99F 		.ascii	"\341\203\311\237Z\332q@\312\301N`\364\233c\324\364\313"
 757      5ADA7140 
 757      CAC14E60 
 757      F49B63D4 
 757      F4CB
 758 00ab C7EB313D 		.ascii	"\307\3531=N\233\271Z\036\327\363`\373L\017\013{\007"
 758      4E9BB95A 
 758      1ED7F360 
 758      FB4C0F0B 
 758      7B07
 759 00bd 6324C763 		.ascii	"c$\307c\364\177xC`h\226\346\350\217\345\301\375\215"
 759      F47F7843 
 759      606896E6 
 759      E88FE5C1 
 759      FD8D
 760 00cf 038E9C39 		.ascii	"\003\216\2349t\346\314\303\362\342\334\213\304X\333"
 760      74E6CCC3 
 760      F2E2DC8B 
 760      C458DB
 761 00de DBE6BC46 		.ascii	"\333\346\274F\363h1J\2662\230\011\017AT\204\331\211"
 761      F368314A 
 761      B6329809 
 761      0F415484 
 761      D989
 762 00f0 5F17A57A 		.ascii	"_\027\245z\032\201# @\263\246\261b\262\223\321\363g"
 762      1A812320 
 762      40B3A6B1 
 762      62B293D1 
 762      F367
 763 0102 363683D2 		.ascii	"66\203\322\250\353i\275i\015#0\037\346\021\370\016\220"
 763      A8EB69BD 
 763      690D2330 
 763      1FE611F8 
 763      0E90
 764 0114 7714E05B 		.ascii	"w\024\340[\200\303\\\304\0036\361d\3549\344\330o\037"
 764      80C35CC4 
 764      0336F164 
 764      EC39E4D8 
 764      6F1F
 765 0126 3CB04D56 		.ascii	"<\260MV\236\004\300\177\301\334\376\204A$p\002\0104"
 765      9E04C07F 
 765      C1DCFE84 
 765      41247002 
 765      0834
 766 0138 027C0FD5 		.ascii	"\002|\017\325\272\376\002\266(\206\240J\354EN\255\337"
 766      BAFE02B6 
 766      2886A04A 
 766      EC454EAD 
 766      DF
 767 0149 70E84BC9 		.ascii	"p\350K\311`\026P8\315a\022VB\245\306i\3327\001v\021"
 767      60165038 
 767      CD611256 
 767      42A5C669 
 767      DA370176 
 768 015e 3809700A 		.ascii	"8\011p\012\330+\204\275F\204\004e\257\023\366\026a\357"
 768      D82B84BD 
 768      46840465 
 768      AF13F616 
 768      61EF
 769 0170 A090BBB7 		.ascii	"\240\220\273\267\243\243\256\350\3619F\3219]o\004+\213"
 769      A3A3AEE8 
 769      F13946D1 
 769      395D6F04 
 769      2B8B
 770 0182 F3C0B3EF 		.ascii	"\363\300\263\357\000h\007h\003\370\011\340\002\300\317"
 770      00680768 
 770      03F809E0 
 770      02C0CF
 771 0191 7CE2889C 		.ascii	"|\342\210\234h?{\365\213\031\373\326\352{\2350S`\015"
 771      683F7BF5 
 771      8B19FBD6 
 771      EA7B9D30 
 771      53600D
 772 01a4 921FE359 		.ascii	"\222\037\343Y\202\231\214^\352H\3532\216\236\0068\013"
 772      82998C5E 
 772      EA48EB32 
 772      8E9E0638 
 772      0B
 773 01b5 1C103000 		.ascii	"\034\0200\000\274\243\025\240\0018*\325}H\337&\331y"
 773      BCA315A0 
 773      01382AD5 
 773      7D48DF26 
 773      D979
 774 01c7 DF8F7940 		.ascii	"\337\217y@\315\006\250\327\000\235\0008.@\015`\242\352"
 774      CD06A8D7 
 774      009D0038 
 774      2E400D60 
 774      A2EA
 775 01d9 05EA9881 		.ascii	"\005\352\230\201\352\312H\235\313#\025\020\230\266\014"
 775      EACA489D 
 775      CB231510 
 775      98B60C
 776 01e8 A6250F46 		.ascii	"\246%\017F$\236\352\311`\316\344\301\374\000|\007\032"
 776      249EEAC9 
 776      60CEE4C1 
 776      FC007C07 
 776      1A
 777 01f9 7B2E7CED 		.ascii	"{.|\355\232\343\231\303'\332Z_\272\035w\013s9\004\320"
 777      9AE399C3 
 777      27DA5A5F 
 777      BA1D770B 
 777      733904D0 
 778 020d 397921A6 		.ascii	"9y!\246\256i\247X\323\213\000\277\230\3538z\371\334"
 778      AE69A758 
 778      D38B00BF 
 778      98EB387A 
 778      F9DC
 779 021f 07BA7B8D 		.ascii	"\007\272{\215\023\215\310T2;\300\275\350\376\346\375"
 779      138DC854 
 779      323BC0BD 
 779      E8FEE6FD 
 780 022f 03E099AC 		.ascii	"\003\340\231\254\004\277\302\024-\334\334\307@\022["
 780      04BFC214 
 780      2DDCDCC7 
 780      40125B
 781 023e EC45D2E6 		.ascii	"\354E\322\346}\337\324\312N\236\236\276\247I\342\330"
 781      7DDFD4CA 
 781      4E9E9EBE 
 781      A749E2D8 
 782 024e 4B00DDFC 		.ascii	"K\000\335\374;\342\037,\002Zzv\247\012\006\200\177\007"
 782      3BE21F2C 
 782      025A7A76 
 782      A70A0680 
 782      7F07
 783 0260 20A900D0 		.ascii	" \251\000\320\365<>\024\362&#\036\235\352\264HeTa\012"
 783      F53C3E14 
 783      F226231E 
 783      9DEAB448 
 783      6554610A 
 784 0274 53952EC9 		.ascii	"S\225.\311\345\033c%2\365\271\024\271\356$\270\025\233"
 784      E51B6325 
 784      32F5B914 
 784      B9EE24B8 
 784      159B
 785 0286 4C69DAA1 		.ascii	"Li\332\241*\276\273\260\237\356\261{KtI\255\235\236"
 785      2ABEBBB0 
 785      9FEEB17B 
 785      4B7449AD 
 785      9D9E
 786 0298 76E874CB 		.ascii	"v\350t\3132\317\374\022|\246\035\315\240\"k\271$\273"
 786      32CFFC12 
 786      7CA61DCD 
 786      A0226BB9 
 786      24BB
 787 02aa F12DED50 		.ascii	"\361-\355P\306\330\236\215v\265\225~\3704\356\252\242"
 787      C6D89E8D 
 787      76B5957E 
 787      F834EEAA 
 787      A2
 788 02bb 06F8844A 		.ascii	"\006\370\204Jdy\366\354&\326\304p\237\211,\247\016L"
 788      6479F6EC 
 788      26D6C470 
 788      9F892CA7 
 788      0E4C
 789 02cd 57D20E17 		.ascii	"W\322\016\027j\370T\257[\365\272\232\301\246\252\212"
 789      6AF854AF 
 789      5BF5BA9A 
 789      C1A6AA8A 
 790 02dd C747300B 		.ascii	"\307G0\0135\020(\241\012JKr3\004\0308\003z\337\360\014"
 790      351028A1 
 790      0A4A4B72 
 790      33041838 
 790      037ADFF0 
 791 02f2 C5A614CC 		.ascii	"\305\246\024\314\366\372\010Q\311\022\212\302\354\241"
 791      F6FA0851 
 791      C9128AC2 
 791      ECA1
 792 0300 55C081A6 		.ascii	"U\300\201\246j\266\011\340Sh\200\262\245i\274!(\365"
 792      6AB609E0 
 792      536880B2 
 792      A569BC21 
 792      28F5
 793 0312 E2EA4BB2 		.ascii	"\342\352K\262\323\011\370\351\310\005\301\245\352\362"
 793      D309F8E9 
 793      C805C1A5 
 793      EAF2
 794 0320 8042D20E 		.ascii	"\200B\322\016\212C\036\011t\012Y\246b'\000#6\\y\376"
 794      8A431E09 
 794      740A59A6 
 794      62270023 
 794      365C79FE 
 795 0334 878580F1 		.ascii	"\207\205\200\361F\300\014\222k\223\031\247\346\013!"
 795      46C00C92 
 795      6B9319A7 
 795      E60B21
 796 0343 566FA690 		.ascii	"Vo\246\220LM\250\251A\215\273\011\300\254\011X\0269"
 796      4C4DA8A9 
 796      418DBB09 
 796      C0AC0958 
 796      1639
 797 0355 E2C49423 		.ascii	"\342\304\224#`B,\035\223k\334JV\217\225\013\367\020"
 797      60422C1D 
 797      936BDC4A 
 797      568F950B 
 797      F710
 798 0367 606AF566 		.ascii	"`j\365f\312#\211O*\3314\270\006\227\306\203\363\361"
 798      CA23894F 
 798      2AD934B8 
 798      0697C683 
 798      F3F1
 799 0379 C0B19A82 		.ascii	"\300\261\232\202A\\7\275\341\323Z\007\024m)\301\313"
 799      415C37BD 
 799      E1D35A07 
 799      146D29C1 
 799      CB
 800 038a B20D0F52 		.ascii	"\262\015\017R\2578\255\251]\377\266\313x\311\303U\343"
 800      AF38ADA9 
 800      5DFFB6CB 
 800      78C9C355 
 800      E3
 801 039b 9CEDBCF9 		.ascii	"\234\355\274\371y\312\311/}\376\201\304\304)\245\342"
 801      79CAC92F 
 801      7DFE81C4 
 801      C429A5E2 
 802 03ab 94BA7170 		.ascii	"\224\272qph\357\216\361\302\031(5\242\353\036(\205?"
 802      68EF8EF1 
 802      C2192835 
 802      A2EB1E28 
 802      853F
 803 03bd 007EE7AE 		.ascii	"\000~\347\256\375h\332g\360?\351\036\256\201\247\266"
 803      FD68DA67 
 803      F03FE91E 
 803      AE81A7B6 
 804 03cd 6FD127B6 		.ascii	"o\321'\266n\236X\275Ko\254^\303o\273~\200+\374\374#"
 804      6E9E58BD 
 804      4B6FAC5E 
 804      C36FBB7E 
 804      802BFCFC 
 805 03e2 F837045F 		.ascii	"\3707\004_\301\270\014\320\013\263616\2327\221\306m"
 805      C1B80CD0 
 805      0BB33631 
 805      369A3791 
 805      C66D
 806 03f4 C74FC95C 		.ascii	"\307O\311\\(\365\340\250\256\333,\225AS\345OT\030\314"
 806      28F5E0A8 
 806      AEDB2C95 
 806      4153E54F 
 806      5418CC
 807 0407 A88C5376 		.ascii	"\250\214Sv/\257\312`O\177\235]L\247\013\247\203\035"
 807      2FAFCA60 
 807      4F7F9D5D 
 807      4CA70BA7 
 807      831D
 808 0419 0DBBFBEE 		.ascii	"\015\273\373\356;2S\300;\302\232\303\010\212\015\033"
 808      3B3253C0 
 808      3BC29AC3 
 808      088A0D1B 
 809 0429 A423EBAE 		.ascii	"\244#\353\256\036.\024\326\265k\327\353nc\006#\000C"
 809      1E2E14D6 
 809      B56BD7EB 
 809      6E630623 
 809      0043
 810 043b A6F73584 		.ascii	"\246\3675\204\016e\274\273(\373\210\346\363>s\261\372"
 810      0E65BCBB 
 810      28FB88E6 
 810      F33E73B1 
 810      FA
 811 044c AE53C87C 		.ascii	"\256S\310|6I\346/S\006\177\376\360\335\2229H\331\216"
 811      3649E62F 
 811      53067FFE 
 811      F0DD9239 
 811      48D98E
 812 045f BC32EB8F 		.ascii	"\2742\353\217mjQ\362,\372-\244\306\004b\370\336\335"
 812      6D6A51F2 
 812      2CFA2DA4 
 812      C60462F8 
 812      DEDD
 813 0471 56451875 		.ascii	"VE\030ug\215n\001\3340\215n\"\362F\306\350+\312\352"
 813      678D6E01 
 813      DC308D6E 
 813      22F246C6 
 813      E82BCAEA 
 814 0485 F21A6D6E 		.ascii	"\362\032mn;\177\324%d6\254\313\310\340\222\217\2332"
 814      3B7FD425 
 814      6436ACCB 
 814      C8E0928F 
 814      9B32
 815 0497 FFA0C478 		.ascii	"\377\240\304xv\343(R:\257=8e\313^[\375\331kk\302\320"
 815      76E32852 
 815      3AAF3D38 
 815      65CB5E5B 
 815      FDD96B6B 
 816 04ad DC7DFF7A 		.ascii	"\334}\377z\233=\013\030\311\002\356\360\003\312\342"
 816      9B3D0B18 
 816      C902EEF0 
 816      03CAE2
 817 04bc A15585EF 		.ascii	"\241U\205\357U\205*\222UQ\177\271\246\316\015\313\257"
 817      55852A92 
 817      55517FB9 
 817      A6CE0DCB 
 817      AF
 818 04cd 2E7BC3FB 		.ascii	".{\303\373\362\342\305\304%\232s\027\007\346\251\013"
 818      F2E2C5C4 
 818      259A7317 
 818      07E6A90B 
 819 04dd 162C5A48 		.ascii	"\026,ZH\034Ue\025\311E\301\244\034\327\022Z|\245\246"
 819      1C556515 
 819      C945C1A4 
 819      1CD7125A 
 819      7CA5A6
 820 04f0 DA822FC5 		.ascii	"\332\202/\305b\345R$T\021r\204c\321\312XB\233\226\010"
 820      62E55224 
 820      54117284 
 820      63D1CA58 
 820      429B9608 
 821 0504 C763E5E5 		.ascii	"\307c\345\345\301\362X8R\020\016U&\304\233\\Q\025\025"
 821      C1F25838 
 821      52100E55 
 821      26C49B5C 
 821      511515
 822 0517 2F73FDA5 		.ascii	"/s\375\245\261\250\346\1777\221\324V\205\342I\177\""
 822      B1A8E67F 
 822      3791D456 
 822      85E2497F 
 822      22
 823 0528 56150F6B 		.ascii	"V\025\017k\376\367CZ4R\234\250,/K\026GV\370\227\224"
 823      FEF7435A 
 823      34529CA8 
 823      2C2F4B16 
 823      4756F897 
 824 053d C5A338AC 		.ascii	"\305\2438\254\221\242\334\304J\211\015\253`\222. \316"
 824      91A2DCC4 
 824      4A890DAB 
 824      60922E20 
 824      CE
 825 054e 503CBA72 		.ascii	"P<\272r\241V\034}\346\355J\242\204c\361\244\266\272"
 825      A1561C7D 
 825      E6ED4AA2 
 825      8463F1A4 
 825      B6BA
 826 0560 388AFD1C 		.ascii	"8\212\375\034\220\320\222\301*LPZ\245\205\"\223\024"
 826      90D092C1 
 826      2A4C505A 
 826      A5852293 
 826      14
 827 0571 C244B100 		.ascii	"\302D\261\000\221\025|v\301\252J5\224\324\004\2740\247"
 827      91157C76 
 827      C1AA4A35 
 827      94D404BC 
 827      30A7
 828 0583 1D5951C4 		.ascii	"\035YQ\304[e\025e\311`%\252'\034&\357?\005\276\247H"
 828      5B651565 
 828      C96025AA 
 828      271C26EF 
 828      3F05BEA7 
 829              		.text
 830              		.section	.gnu.lto_.symtab.f95d6ffb5fc13533,"e",%progbits
 831 0000 6C65645F 		.ascii	"led_set_user\000"
 831      7365745F 
 831      75736572 
 831      00
 832 000d 00       		.ascii	"\000"
 833 000e 01       		.ascii	"\001"
 834 000f 00       		.ascii	"\000"
 835 0010 00000000 		.ascii	"\000\000\000\000\000\000\000\000"
 835      00000000 
 836 0018 E5000000 		.ascii	"\345\000\000\000"
 837 001c 6C65645F 		.ascii	"led_set_kb\000"
 837      7365745F 
 837      6B6200
 838 0027 00       		.ascii	"\000"
 839 0028 01       		.ascii	"\001"
 840 0029 00       		.ascii	"\000"
 841 002a 00000000 		.ascii	"\000\000\000\000\000\000\000\000"
 841      00000000 
 842 0032 E8000000 		.ascii	"\350\000\000\000"
 843 0036 6C65645F 		.ascii	"led_update_user\000"
 843      75706461 
 843      74655F75 
 843      73657200 
 844 0046 00       		.ascii	"\000"
 845 0047 01       		.ascii	"\001"
 846 0048 00       		.ascii	"\000"
 847 0049 00000000 		.ascii	"\000\000\000\000\000\000\000\000"
 847      00000000 
 848 0051 ED000000 		.ascii	"\355\000\000\000"
 849 0055 6C65645F 		.ascii	"led_update_kb\000"
 849      75706461 
 849      74655F6B 
 849      6200
 850 0063 00       		.ascii	"\000"
 851 0064 01       		.ascii	"\001"
 852 0065 00       		.ascii	"\000"
 853 0066 00000000 		.ascii	"\000\000\000\000\000\000\000\000"
 853      00000000 
 854 006e F0000000 		.ascii	"\360\000\000\000"
 855 0072 6C65645F 		.ascii	"led_init_ports\000"
 855      696E6974 
 855      5F706F72 
 855      747300
 856 0081 00       		.ascii	"\000"
 857 0082 01       		.ascii	"\001"
 858 0083 00       		.ascii	"\000"
 859 0084 00000000 		.ascii	"\000\000\000\000\000\000\000\000"
 859      00000000 
 860 008c F4000000 		.ascii	"\364\000\000\000"
 861 0090 6C65645F 		.ascii	"led_set\000"
 861      73657400 
 862 0098 00       		.ascii	"\000"
 863 0099 01       		.ascii	"\001"
 864 009a 00       		.ascii	"\000"
 865 009b 00000000 		.ascii	"\000\000\000\000\000\000\000\000"
 865      00000000 
 866 00a3 F7000000 		.ascii	"\367\000\000\000"
 867              		.text
 868              		.section	.gnu.lto_.ext_symtab.f95d6ffb5fc13533,"e",%progbits
 869 0000 01       		.ascii	"\001"
 870 0001 01       		.ascii	"\001"
 871 0002 00       		.ascii	"\000"
 872 0003 01       		.ascii	"\001"
 873 0004 00       		.ascii	"\000"
 874 0005 01       		.ascii	"\001"
 875 0006 00       		.ascii	"\000"
 876 0007 01       		.ascii	"\001"
 877 0008 00       		.ascii	"\000"
 878 0009 01       		.ascii	"\001"
 879 000a 00       		.ascii	"\000"
 880 000b 01       		.ascii	"\001"
 881 000c 00       		.ascii	"\000"
 882              		.text
 883              		.section	.gnu.lto_.opts,"e",%progbits
 884 0000 272D666E 		.ascii	"'-fno-openmp' '-fno-openacc' '-fno-pie' '-fcf-prote"
 884      6F2D6F70 
 884      656E6D70 
 884      2720272D 
 884      666E6F2D 
 885 0033 6374696F 		.ascii	"ction=none' '-g' '-mcpu=cortex-m4' '-mthumb' '-mno-"
 885      6E3D6E6F 
 885      6E652720 
 885      272D6727 
 885      20272D6D 
 886 0066 7468756D 		.ascii	"thumb-interwork' '-mno-unaligned-access' '-mfloat-a"
 886      622D696E 
 886      74657277 
 886      6F726B27 
 886      20272D6D 
 887 0099 62693D68 		.ascii	"bi=hard' '-mfpu=fpv4-sp-d16' '-mlibarch=armv7e-m+fp"
 887      61726427 
 887      20272D6D 
 887      6670753D 
 887      66707634 
 888 00cc 2720272D 		.ascii	"' '-march=armv7e-m+fp' '-Os' '-Ofast' '-fsingle-pre"
 888      6D617263 
 888      683D6172 
 888      6D763765 
 888      2D6D2B66 
 889 00ff 63697369 		.ascii	"cision-constant' '-fomit-frame-pointer' '-ffunction"
 889      6F6E2D63 
 889      6F6E7374 
 889      616E7427 
 889      20272D66 
 890 0132 2D736563 		.ascii	"-sections' '-fdata-sections' '-fshort-wchar' '-fcom"
 890      74696F6E 
 890      73272027 
 890      2D666461 
 890      74612D73 
 891 0165 6D6F6E27 		.ascii	"mon' '-flto' '-Xassembler' '-adhlns=.build/obj_karl"
 891      20272D66 
 891      6C746F27 
 891      20272D58 
 891      61737365 
 892 0198 6B39305F 		.ascii	"k90_yaemk_moonlanderlike/quantum/led.lst'\000"
 892      7961656D 
 892      6B5F6D6F 
 892      6F6E6C61 
 892      6E646572 
 893              		.text
 894              		.comm	__gnu_lto_slim,1,1
 895              		.ident	"GCC: (15:10.3-2021.07-4) 10.3.1 20210621 (release)"
DEFINED SYMBOLS
                            *ABS*:0000000000000000 led.c
     /tmp/ccZJJvfN.s:19     .gnu.debuglto_.debug_info:0000000000000000 led.c.920d4487
                            *COM*:0000000000000001 __gnu_lto_slim

NO UNDEFINED SYMBOLS
