   1              		.cpu cortex-m4
   2              		.eabi_attribute 27, 1
   3              		.eabi_attribute 28, 1
   4              		.eabi_attribute 23, 1
   5              		.eabi_attribute 24, 1
   6              		.eabi_attribute 25, 1
   7              		.eabi_attribute 26, 1
   8              		.eabi_attribute 30, 2
   9              		.eabi_attribute 34, 0
  10              		.eabi_attribute 18, 2
  11              		.file	"main.c"
  12              		.file 1 "quantum/main.c"
  13              		.section	.gnu.debuglto_.debug_info,"e",%progbits
  14              	.Ldebug_info0:
  15              		.hidden	main.c.72672af8
  16              		.weak	main.c.72672af8
  17              	main.c.72672af8:
  18 0000 73000000 		.4byte	0x73
  19 0004 0400     		.2byte	0x4
  20 0006 00000000 		.4byte	.Ldebug_abbrev0
  21 000a 04       		.byte	0x4
  22 000b 01       		.uleb128 0x1
  23 000c 5C000000 		.4byte	.LASF10
  24 0010 0C       		.byte	0xc
  25 0011 00000000 		.4byte	.LASF11
  26 0015 0F000000 		.4byte	.LASF12
  27 0019 00000000 		.4byte	.Ldebug_line0
  28 001d 02       		.uleb128 0x2
  29 001e 01       		.byte	0x1
  30 001f 06       		.byte	0x6
  31 0020 85010000 		.4byte	.LASF0
  32 0024 02       		.uleb128 0x2
  33 0025 02       		.byte	0x2
  34 0026 05       		.byte	0x5
  35 0027 AA010000 		.4byte	.LASF1
  36 002b 02       		.uleb128 0x2
  37 002c 04       		.byte	0x4
  38 002d 05       		.byte	0x5
  39 002e D9010000 		.4byte	.LASF2
  40 0032 02       		.uleb128 0x2
  41 0033 08       		.byte	0x8
  42 0034 05       		.byte	0x5
  43 0035 E7010000 		.4byte	.LASF3
  44 0039 02       		.uleb128 0x2
  45 003a 01       		.byte	0x1
  46 003b 08       		.byte	0x8
  47 003c CB010000 		.4byte	.LASF4
  48 0040 02       		.uleb128 0x2
  49 0041 02       		.byte	0x2
  50 0042 07       		.byte	0x7
  51 0043 91010000 		.4byte	.LASF5
  52 0047 02       		.uleb128 0x2
  53 0048 04       		.byte	0x4
  54 0049 07       		.byte	0x7
  55 004a 3D000000 		.4byte	.LASF6
  56 004e 02       		.uleb128 0x2
  57 004f 08       		.byte	0x8
  58 0050 07       		.byte	0x7
  59 0051 B4010000 		.4byte	.LASF7
  60 0055 03       		.uleb128 0x3
  61 0056 04       		.byte	0x4
  62 0057 05       		.byte	0x5
  63 0058 696E7400 		.ascii	"int\000"
  64 005c 02       		.uleb128 0x2
  65 005d 04       		.byte	0x4
  66 005e 07       		.byte	0x7
  67 005f 4F000000 		.4byte	.LASF8
  68 0063 02       		.uleb128 0x2
  69 0064 01       		.byte	0x1
  70 0065 02       		.byte	0x2
  71 0066 A4010000 		.4byte	.LASF9
  72 006a 04       		.uleb128 0x4
  73 006b E2010000 		.4byte	.LASF13
  74 006f 01       		.byte	0x1
  75 0070 1E       		.byte	0x1e
  76 0071 05       		.byte	0x5
  77 0072 55000000 		.4byte	0x55
  78 0076 00       		.byte	0
  79              		.section	.gnu.debuglto_.debug_abbrev,"e",%progbits
  80              	.Ldebug_abbrev0:
  81 0000 01       		.uleb128 0x1
  82 0001 11       		.uleb128 0x11
  83 0002 01       		.byte	0x1
  84 0003 25       		.uleb128 0x25
  85 0004 0E       		.uleb128 0xe
  86 0005 13       		.uleb128 0x13
  87 0006 0B       		.uleb128 0xb
  88 0007 03       		.uleb128 0x3
  89 0008 0E       		.uleb128 0xe
  90 0009 1B       		.uleb128 0x1b
  91 000a 0E       		.uleb128 0xe
  92 000b 10       		.uleb128 0x10
  93 000c 17       		.uleb128 0x17
  94 000d 00       		.byte	0
  95 000e 00       		.byte	0
  96 000f 02       		.uleb128 0x2
  97 0010 24       		.uleb128 0x24
  98 0011 00       		.byte	0
  99 0012 0B       		.uleb128 0xb
 100 0013 0B       		.uleb128 0xb
 101 0014 3E       		.uleb128 0x3e
 102 0015 0B       		.uleb128 0xb
 103 0016 03       		.uleb128 0x3
 104 0017 0E       		.uleb128 0xe
 105 0018 00       		.byte	0
 106 0019 00       		.byte	0
 107 001a 03       		.uleb128 0x3
 108 001b 24       		.uleb128 0x24
 109 001c 00       		.byte	0
 110 001d 0B       		.uleb128 0xb
 111 001e 0B       		.uleb128 0xb
 112 001f 3E       		.uleb128 0x3e
 113 0020 0B       		.uleb128 0xb
 114 0021 03       		.uleb128 0x3
 115 0022 08       		.uleb128 0x8
 116 0023 00       		.byte	0
 117 0024 00       		.byte	0
 118 0025 04       		.uleb128 0x4
 119 0026 2E       		.uleb128 0x2e
 120 0027 00       		.byte	0
 121 0028 3F       		.uleb128 0x3f
 122 0029 19       		.uleb128 0x19
 123 002a 03       		.uleb128 0x3
 124 002b 0E       		.uleb128 0xe
 125 002c 3A       		.uleb128 0x3a
 126 002d 0B       		.uleb128 0xb
 127 002e 3B       		.uleb128 0x3b
 128 002f 0B       		.uleb128 0xb
 129 0030 39       		.uleb128 0x39
 130 0031 0B       		.uleb128 0xb
 131 0032 27       		.uleb128 0x27
 132 0033 19       		.uleb128 0x19
 133 0034 49       		.uleb128 0x49
 134 0035 13       		.uleb128 0x13
 135 0036 00       		.byte	0
 136 0037 00       		.byte	0
 137 0038 00       		.byte	0
 138              		.section	.gnu.debuglto_.debug_line,"e",%progbits
 139              	.Ldebug_line0:
 140 0000 2C000000 		.4byte	.LELT0-.LSLT0
 141              	.LSLT0:
 142 0004 0400     		.2byte	0x4
 143 0006 26000000 		.4byte	.LELTP0-.LASLTP0
 144              	.LASLTP0:
 145 000a 01       		.byte	0x1
 146 000b 01       		.byte	0x1
 147 000c 01       		.byte	0x1
 148 000d F6       		.byte	0xf6
 149 000e F2       		.byte	0xf2
 150 000f 0D       		.byte	0xd
 151 0010 00       		.byte	0
 152 0011 01       		.byte	0x1
 153 0012 01       		.byte	0x1
 154 0013 01       		.byte	0x1
 155 0014 01       		.byte	0x1
 156 0015 00       		.byte	0
 157 0016 00       		.byte	0
 158 0017 00       		.byte	0
 159 0018 01       		.byte	0x1
 160 0019 00       		.byte	0
 161 001a 00       		.byte	0
 162 001b 01       		.byte	0x1
 163 001c 7175616E 		.ascii	"quantum"
 163      74756D
 164 0023 00       		.byte	0
 165 0024 00       		.byte	0
 166 0025 6D61696E 		.ascii	"main.c\000"
 166      2E6300
 167 002c 01       		.uleb128 0x1
 168 002d 00       		.uleb128 0
 169 002e 00       		.uleb128 0
 170 002f 00       		.byte	0
 171              	.LELTP0:
 172              	.LELT0:
 173              		.section	.gnu.debuglto_.debug_str,"eMS",%progbits,1
 174              	.LASF11:
 175 0000 7175616E 		.ascii	"quantum/main.c\000"
 175      74756D2F 
 175      6D61696E 
 175      2E6300
 176              	.LASF12:
 177 000f 2F686F6D 		.ascii	"/home/jstewart/source/yaemk-split-kb/Firmware\000"
 177      652F6A73 
 177      74657761 
 177      72742F73 
 177      6F757263 
 178              	.LASF6:
 179 003d 6C6F6E67 		.ascii	"long unsigned int\000"
 179      20756E73 
 179      69676E65 
 179      6420696E 
 179      7400
 180              	.LASF8:
 181 004f 756E7369 		.ascii	"unsigned int\000"
 181      676E6564 
 181      20696E74 
 181      00
 182              	.LASF10:
 183 005c 474E5520 		.ascii	"GNU C99 10.3.1 20210621 (release) -mcpu=cortex-m4 -"
 183      43393920 
 183      31302E33 
 183      2E312032 
 183      30323130 
 184 008f 6D746875 		.ascii	"mthumb -mno-thumb-interwork -mno-unaligned-access -"
 184      6D62202D 
 184      6D6E6F2D 
 184      7468756D 
 184      622D696E 
 185 00c2 6D666C6F 		.ascii	"mfloat-abi=hard -mfpu=fpv4-sp-d16 -march=armv7e-m+f"
 185      61742D61 
 185      62693D68 
 185      61726420 
 185      2D6D6670 
 186 00f5 70202D67 		.ascii	"p -ggdb -Os -Ofast -std=gnu99 -fsingle-precision-co"
 186      67646220 
 186      2D4F7320 
 186      2D4F6661 
 186      7374202D 
 187 0128 6E737461 		.ascii	"nstant -fomit-frame-pointer -ffunction-sections -fd"
 187      6E74202D 
 187      666F6D69 
 187      742D6672 
 187      616D652D 
 188 015b 6174612D 		.ascii	"ata-sections -fshort-wchar -fcommon -flto\000"
 188      73656374 
 188      696F6E73 
 188      202D6673 
 188      686F7274 
 189              	.LASF0:
 190 0185 7369676E 		.ascii	"signed char\000"
 190      65642063 
 190      68617200 
 191              	.LASF5:
 192 0191 73686F72 		.ascii	"short unsigned int\000"
 192      7420756E 
 192      7369676E 
 192      65642069 
 192      6E7400
 193              	.LASF9:
 194 01a4 5F426F6F 		.ascii	"_Bool\000"
 194      6C00
 195              	.LASF1:
 196 01aa 73686F72 		.ascii	"short int\000"
 196      7420696E 
 196      7400
 197              	.LASF7:
 198 01b4 6C6F6E67 		.ascii	"long long unsigned int\000"
 198      206C6F6E 
 198      6720756E 
 198      7369676E 
 198      65642069 
 199              	.LASF4:
 200 01cb 756E7369 		.ascii	"unsigned char\000"
 200      676E6564 
 200      20636861 
 200      7200
 201              	.LASF2:
 202 01d9 6C6F6E67 		.ascii	"long int\000"
 202      20696E74 
 202      00
 203              	.LASF13:
 204 01e2 6D61696E 		.ascii	"main\000"
 204      00
 205              	.LASF3:
 206 01e7 6C6F6E67 		.ascii	"long long int\000"
 206      206C6F6E 
 206      6720696E 
 206      7400
 207              		.text
 208              		.section	.gnu.lto_.profile.857bf2d39c931ac0,"e",%progbits
 209 0000 789C6362 		.ascii	"x\234cb\000\001\000\000\022\000\003"
 209      00010000 
 209      120003
 210              		.text
 211              		.section	.gnu.lto_.icf.857bf2d39c931ac0,"e",%progbits
 212 0000 789CE360 		.ascii	"x\234\343`@\000F\206\033\353w\316\346e\000\000\016\006"
 212      40004686 
 212      1BEB77CE 
 212      E6650000 
 212      0E06
 213 0012 02F2     		.ascii	"\002\362"
 214              		.text
 215              		.section	.gnu.lto_.ipa_sra.857bf2d39c931ac0,"e",%progbits
 216 0000 789CE367 		.ascii	"x\234\343g@\000F\006\006f \001\203\000\002\001\000\031"
 216      40004606 
 216      06662001 
 216      83000201 
 216      0019
 217              		.text
 218              		.section	.gnu.lto_.inline.857bf2d39c931ac0,"e",%progbits
 219 0000 789C7362 		.ascii	"x\234sb@\000F\006\006\366\353\377\34770\34512010464"
 219      40004606 
 219      06F6EBFF 
 219      E73730E5 
 219      31323031 
 220 0018 34D43130 		.ascii	"4\32410\260@\030L !\006F.F$\222\001\215d\000\000\307"
 220      B040184C 
 220      20210646 
 220      2E462492 
 220      018D6400 
 221 002e 2D08F2   		.ascii	"-\010\362"
 222              		.text
 223              		.section	.gnu.lto_.jmpfuncs.857bf2d39c931ac0,"e",%progbits
 224 0000 789CE362 		.ascii	"x\234\343b@\000F8\013\000\000\374\000\014"
 224      40004638 
 224      0B0000FC 
 224      000C
 225              		.text
 226              		.section	.gnu.lto_.pureconst.857bf2d39c931ac0,"e",%progbits
 227 0000 789C6361 		.ascii	"x\234ca```d\330\301\002\000\001\240\000\302"
 227      60606064 
 227      D8C10200 
 227      01A000C2 
 228              		.text
 229              		.section	.gnu.lto_.lto.857bf2d39c931ac0,"e",%progbits
 230 0000 09000400 		.ascii	"\011\000\004\000\001\000\000\000"
 230      01000000 
 231              		.text
 232              		.section	.gnu.lto_main.3.857bf2d39c931ac0,"e",%progbits
 233 0000 789C5D8F 		.ascii	"x\234]\217=N\303@\020\205\347\355\2541\242\341\012)"
 233      3D4EC340 
 233      1085E7ED 
 233      AC31A2E1 
 233      0A29
 234 0012 A1482C6E 		.ascii	"\241H,n\220\012q\000.`\"K\230\340\004\374#D\305\"@B"
 234      900A7100 
 234      2E60224B 
 234      98E004FC 
 234      2344C522 
 235 0028 69F2E354 		.ascii	"i\362\343T\001\\\231\232\006D\207R\300\005\350hS\322"
 235      015C999A 
 235      06448752 
 235      C005E868 
 235      53D2
 236 003a 40498114 		.ascii	"@I\201\024v\355H\026YiVO\373\355{3\263\001\242&\225"
 236      76ED4816 
 236      5969564F 
 236      FBED7B33 
 236      B301A226 
 237 004f 058B301A 		.ascii	"\005\2130\032\366\004)\245\232\266@:\\+\024c\274P\022"
 237      F60429A5 
 237      9AB6403A 
 237      5C2B1463 
 237      BC5012
 238 0062 E9562140 		.ascii	"\351V!@g\202%\364E\325I\371\2261\342\234\011r\241\200"
 238      678225F4 
 238      45D549F9 
 238      9631E29C 
 238      0972A180 
 239 0076 DAA636FC 		.ascii	"\332\2466\374\334O^z\366\325N\316\2022\215\237\200G"
 239      DC4F5E7A 
 239      F6D54ECE 
 239      82328D9F 
 239      8047
 240 0088 94A61532 		.ascii	"\224\246\0252/\246\273\256\207wk\252~\347}\245\336f"
 240      2FA6BBAE 
 240      87776BAA 
 240      7EE77DA5 
 240      DE66
 241 009a F810AB44 		.ascii	"\370\020\253D}\246\327\257k\013jJ4`Q\350s\255?\241f"
 241      7DA6D7AF 
 241      6B0B6A4A 
 241      346051E8 
 241      73AD3FA1 
 242 00af F35D3C83 		.ascii	"\363]<\203\276qQ\243K\210\2349c\035\222\263,\350`\011"
 242      BE7151A3 
 242      4B889C39 
 242      631D92B3 
 242      2CE86009 
 243 00c3 890A8D97 		.ascii	"\211\012\215\227\020\227\310t`=\255\222\246\005\314"
 243      1097C874 
 243      603DAD92 
 243      A605CC
 244 00d2 CF090AC3 		.ascii	"\317\011\012\303\235\367\337 \253\254l)\313\252\320"
 244      9DF7DF20 
 244      ABAC6C29 
 244      CBAAD0
 245 00e1 4D406601 		.ascii	"M@f\001YFBK\220mVm8\373\335\300s\016\242\330;q\303\330"
 245      5946424B 
 245      906D566D 
 245      38FBDDC0 
 245      730EA2D8 
 246 00f9 89BA49D8 		.ascii	"\211\272I\330\362\234S\327\013\332\365\350\350\320\217"
 246      F29C53D7 
 246      0BDAF5E8 
 246      E8D08F
 247 0108 EBED3D67 		.ascii	"\353\355=g\333\017\003\215=Z?N\334N\234\004N\340\372"
 247      DB0F038D 
 247      3D5A3F4E 
 247      DC4E9C04 
 247      4EE0FA
 248 011b 9D468BFE 		.ascii	"\235F\213\376\000\372\245u\201"
 248      00FAA575 
 248      81
 249              		.text
 250              		.section	.gnu.lto_.symbol_nodes.857bf2d39c931ac0,"e",%progbits
 251 0000 789C75CE 		.ascii	"x\234u\316\241\021\2000\014\205\341\227&-l\3012\354"
 251      A1118030 
 251      0C85E197 
 251      262D6CC1 
 251      32EC
 252 0012 95080492 		.ascii	"\225\010\004\222!\230\002\307]5\226\005\360\214\000"
 252      219802C7 
 252      5D359605 
 252      F08C00
 253 0021 6DC0F6A9 		.ascii	"m\300\366\251\377\356\213\310\211\262\300\212|\317\221"
 253      FFEE8BC8 
 253      89B2C08A 
 253      7CCF91
 254 0030 96035060 		.ascii	"\226\003P`\263=\200\252\200z\245\347\337\340\016\230"
 254      B33D80AA 
 254      807AA5E7 
 254      DFE00E98 
 255 0040 5945EA34 		.ascii	"YE\3524\264()\267(\252\264H46\210\021\375\301\221!\036"
 255      B42829B7 
 255      28AAB448 
 255      34368811 
 255      FDC19121 
 256 0055 1331D82B 		.ascii	"\0231\330+\227\012\345\314\204\326\304\240/\257\204"
 256      970AE5CC 
 256      84D6C4A0 
 256      2FAF84
 257 0064 1724D34F 		.ascii	"\027$\323O\005"
 257      05
 258              		.text
 259              		.section	.gnu.lto_.refs.857bf2d39c931ac0,"e",%progbits
 260 0000 789C6364 		.ascii	"x\234cd\000\002\000\000\012\000\002"
 260      00020000 
 260      0A0002
 261              		.text
 262              		.section	.gnu.lto_.decls.857bf2d39c931ac0,"e",%progbits
 263 0000 789C6D92 		.ascii	"x\234m\222Ml\033E\024\307\337\233Y\333\233\301\330\246"
 263      4D6C1B45 
 263      14C7DF9B 
 263      59DB9BC1 
 263      D8A6
 264 0012 38EA0111 		.ascii	"8\352\001\021Y\271\324\022J,-m\323\236j\011\251\034"
 264      59B9D412 
 264      4A2C2D6D 
 264      D39E6A09 
 264      A91C
 265 0024 2A55BD70 		.ascii	"*U\275p\311\245\332f7\304u6\353\332kJ\017H#\021\251"
 265      C9A5DA66 
 265      37C47536 
 265      EBDA6B4A 
 265      0F482311 
 266 0039 45FD200A 		.ascii	"E\375 \012\034ZQ\241\210\003*\2424\026\242m \224$N\023"
 266      1C5A51A1 
 266      88032AA2 
 266      3416A26D 
 266      2094244E 
 267 004e DCA63DE4 		.ascii	"\334\246=\344D\245r\200C\301\022\025\037RUU\001\021"
 267      44A57280 
 267      43C11215 
 267      1F525555 
 267      0111
 268 0060 DECEAED7 		.ascii	"\336\316\256\327\375\340Y\377};3\277\367\177\343\331"
 268      FDE059FF 
 268      7D3B33BF 
 268      F77FE3D9 
 269 0070 D13480DF 		.ascii	"\3214\200\337\001\340\004i\223\202Q^\207n\304I\337\221"
 269      01E00469 
 269      9382515E 
 269      876EC449 
 269      DF91
 270 0082 9648CBA4 		.ascii	"\226H\313\244\025\322\367\244\033\360l\274\203\0001"
 270      15D2F7A4 
 270      1BF06CBC 
 270      830031
 271 0091 CA5B4859 		.ascii	"\312[HY\3220\351\026i\361)\257\033\241\307J\350\271"
 271      D230E916 
 271      69F129AF 
 271      1BA1C74A 
 271      E8B9
 272 00a3 F43F5E1F 		.ascii	"\364?^\037q\266v\367\343F\317=\004\016\200\232\205\210"
 272      71B676F7 
 272      E346CF3D 
 272      040E809A 
 272      8588
 273 00b5 7776D243 		.ascii	"wv\322C\3000\207\254d\222\245,\316\004\027\334\022w"
 273      C03087AC 
 273      6492A52C 
 273      CE0417DC 
 273      1277
 274 00c7 B474FE01 		.ascii	"\264t\376\001/\352,\237\026\372\205e\314\210\230\316"
 274      2FEA2C9F 
 274      16FA8565 
 274      CC8898CE 
 275 00d7 583B6189 		.ascii	"X;a\211\374\006^d3\361\\Qj\326\251\336vB\262\251\375"
 275      FC065E64 
 275      33F15C51 
 275      6AD6A9DE 
 275      7642B2A9 
 276 00ec D9578BF4 		.ascii	"\331W\213\364l'ZhQ\325\001M\317\320[;!\036\360\231\323"
 276      6C275A68 
 276      51D5014D 
 276      CFD05B3B 
 276      211EF099 
 277 0101 71EB363B 		.ascii	"q\3536;\261\015[(,#+\245,\352z__\2237y\213\376\233\256"
 277      B10D5B28 
 277      2C232BA5 
 277      2CEA7A5F 
 277      5F933779 
 278 0119 372EF58A 		.ascii	"7.\365\212v\"M\036y+\227\261r\351\026\306,Kd\363@\273"
 278      76224D1E 
 278      792B97B1 
 278      72E916C6 
 278      2C4B64F3 
 279 012f B00CA3C8 		.ascii	"\260\014\243\310\004Ykz\013\015\216IC\376\374\333V\021"
 279      04596B7A 
 279      0B0D8E49 
 279      43FEFCDB 
 279      5611
 280 0141 133D7DB9 		.ascii	"\023=}\271<\200\005{\031\031\363\315N`\202\232Z\335"
 280      3C80057B 
 280      1919F3CD 
 280      4E60829A 
 280      5ADD
 281 0153 21625E30 		.ascii	"!b^0\203\361}\355\004\000c9\000\251\351\311$JJ=\007"
 281      83F17DED 
 281      04006339 
 281      00A9E9C9 
 281      244A4A3D 
 282 0168 F759070C 		.ascii	"\367Y\007\014\001\355\004\243\245\254\206\222a\267R"
 282      01ED04A3 
 282      A5AC8692 
 282      61B752
 283 0177 C4019121 		.ascii	"\304\001\221!\250\037\005`\360\006\030\012\036\357\022"
 283      A81F0560 
 283      F006180A 
 283      1EEF12
 284 0186 ADB3F005 		.ascii	"\255\263\360\005\2403\033\005D\031X\350\341\337\014"
 284      A0331B05 
 284      441958E8 
 284      E1DF0C
 285 0195 F4D13003 		.ascii	"\364\3210\003vZ<f\016\241\035`\210t|\302ZT\037\2673"
 285      765A3C66 
 285      0EA11D60 
 285      88747CC2 
 285      5A541FB7 
 286 01aa D3D98BDF 		.ascii	"\323\331\213\337C\301\2543\033\3053\033\177\"\272\333"
 286      43C1AC33 
 286      1BC5331B 
 286      7F22BADB 
 287 01ba F03DC27B 		.ascii	"\360=\302{\363\301\275\371\311\236_\350\330\344\207"
 287      F3C1BDF9 
 287      C99E5FE8 
 287      D8E487
 288 01c9 BD989A2A 		.ascii	"\275\230\232*\002\360\227\201\367\373K\215\363\377\254"
 288      02F09781 
 288      F7FB4B8D 
 288      F3FFAC
 289 01d8 EB74E3F1 		.ascii	"\353t\343\361*\301|\033\024\244\212\346K\200_\007[\333"
 289      2AC17C1B 
 289      14A48AE6 
 289      4B805F07 
 289      5BDB
 290 01ea F3DC34C7 		.ascii	"\363\3344\307-\310\350\231\305\014\225\334\237\234\376"
 290      2DC8E899 
 290      C50C95DC 
 290      9F9CFE
 291 01f9 23BE95A0 		.ascii	"#\276\225\240\373Rfq\030\277E\234\367\373^\243\266\256"
 291      FB526671 
 291      18BF459C 
 291      F7FB5EA3 
 291      B6AE
 292 020b EA27377E 		.ascii	"\352'7~]\320\373\317N\311G\353\253\233K\351\225w\345"
 292      5DD0FBCF 
 292      4EC947EB 
 292      AB9B4BE9 
 292      9577E5
 293 021e 8529BA39 		.ascii	"\205)\2729D\340\025\304o|x\216\340+\244\313\210_\341"
 293      44E015C4 
 293      6F7C788E 
 293      E02BA4CB 
 293      885FE1
 294 0231 9EC3FC7D 		.ascii	"\236\303\374}\364\013\217\317\237Y\023\221\365Xd\275"
 294      F40B8FCF 
 294      9F591391 
 294      F55864BD 
 295 0241 18597F76 		.ascii	"\030Y\177v\365\342x\377Y)\037M\237<\267\214\347e\223"
 295      F5E278FF 
 295      59291F4D 
 295      9F3CB78C 
 295      E76593
 296 0254 D1222E04 		.ascii	"\321\".\004\256D.\250\304/+\273\277>\375\344\207\270"
 296      AE442EA8 
 296      C42F2BBB 
 296      BF3EFDE4 
 296      87B8
 297 0266 4FCFFD7B 		.ascii	"O\317\375{|vW\2006#\264\031\240\313\012\375r\366\332"
 297      7C765780 
 297      3623B419 
 297      A0CB0AFD 
 297      72F6DA
 298 0279 39CD471B 		.ascii	"9\315G\033\227\346\344d\314o\211\327#\364z\200\256+"
 298      97E6E464 
 298      CC6F89D7 
 298      23F47A80 
 298      AE2B
 299 028b F4E1A98D 		.ascii	"\364\341\251\215\035\212\374\"\"W#r5 \177R\344\344\355"
 299      1D8AFC22 
 299      22572372 
 299      35207F52 
 299      E4E4ED
 300 029e F766530A 		.ascii	"\367fS\012\375<B[\021\332RI\035\256\246\0167G%7\177"
 300      FD3C425B 
 300      11DA5249 
 300      1DAEA60E 
 300      37472537 
 301 02b3 6CFCAD27 		.ascii	"l\374\255'\027\245\374S\31645\277`\015\361\246\177\006"
 301      17A5FC53 
 301      CE3435BF 
 301      600DF1A6 
 301      7F06
 302 02c5 B7D427DD 		.ascii	"\267\324'\335\016I\263\352\2745d\0178\257\214V@\214"
 302      0E49B3EA 
 302      BC35640F 
 302      38AF8C56 
 302      408C
 303 02d7 B855CF7E 		.ascii	"\270U\317~{\300\331\016\232c\226&\264\243\266YN\035"
 303      7BC0D90E 
 303      9A639626 
 303      B4A3B659 
 303      4E1D
 304 02e9 A99B135E 		.ascii	"\251\233\023^\335)\3703\203#\372\353\373\337\310\275"
 304      DD29F833 
 304      8323FAEB 
 304      FBDFC8BD 
 305 02f9 B67B3764 		.ascii	"\266{7d\202\361\340\220\261s\3100Gw\301`a\314u\354\302"
 305      82F1E090 
 305      B173C830 
 305      4777C160 
 305      61CC75EC 
 306 030e E19A671F 		.ascii	"\341\232g\0375\253^\241\346\326\253#v\341\230i;\345"
 306      35AB5EA1 
 306      E6D6AB23 
 306      76E19869 
 306      3BE5
 307 0320 815A65BC 		.ascii	"\201Ze\274\344\015\224\017\025\366\226\252\016-\333"
 307      E40D940F 
 307      15F696AA 
 307      0E2DDB
 308 032f 907ED217 		.ascii	"\220~\322\027^\030s\3535\273l\333\225\322\304\233\007"
 308      5E1873EB 
 308      35BB6CDB 
 308      95D2C49B 
 308      07
 309 0340 3DB3567E 		.ascii	"=\263V~\261C\224\355c\207\\\263j\015\216\301\363\225"
 309      B14394ED 
 309      63875CB3 
 309      6A0D8EC1 
 309      F395
 310 0352 AAEBB923 		.ascii	"\252\353\271#\356\270\"\272\243\322D\311KE\243\232\355"
 310      EEB822BA 
 310      A3D244C9 
 310      4B45A39A 
 310      ED
 311 0363 D52BA9CA 		.ascii	"\325+\251\312\270\351\215\272U'\030\376\007\"\277_h"
 311      B8E98DBA 
 311      552718FE 
 311      0722BF5F 
 311      68
 312              		.text
 313              		.section	.gnu.lto_.symtab.857bf2d39c931ac0,"e",%progbits
 314 0000 6D61696E 		.ascii	"main\000"
 314      00
 315 0005 00       		.ascii	"\000"
 316 0006 01       		.ascii	"\001"
 317 0007 00       		.ascii	"\000"
 318 0008 00000000 		.ascii	"\000\000\000\000\000\000\000\000"
 318      00000000 
 319 0010 BE000000 		.ascii	"\276\000\000\000"
 320 0014 686F7573 		.ascii	"housekeeping_task\000"
 320      656B6565 
 320      70696E67 
 320      5F746173 
 320      6B00
 321 0026 00       		.ascii	"\000"
 322 0027 02       		.ascii	"\002"
 323 0028 00       		.ascii	"\000"
 324 0029 00000000 		.ascii	"\000\000\000\000\000\000\000\000"
 324      00000000 
 325 0031 C1000000 		.ascii	"\301\000\000\000"
 326 0035 70726F74 		.ascii	"protocol_task\000"
 326      6F636F6C 
 326      5F746173 
 326      6B00
 327 0043 00       		.ascii	"\000"
 328 0044 02       		.ascii	"\002"
 329 0045 00       		.ascii	"\000"
 330 0046 00000000 		.ascii	"\000\000\000\000\000\000\000\000"
 330      00000000 
 331 004e C3000000 		.ascii	"\303\000\000\000"
 332 0052 70726F74 		.ascii	"protocol_init\000"
 332      6F636F6C 
 332      5F696E69 
 332      7400
 333 0060 00       		.ascii	"\000"
 334 0061 02       		.ascii	"\002"
 335 0062 00       		.ascii	"\000"
 336 0063 00000000 		.ascii	"\000\000\000\000\000\000\000\000"
 336      00000000 
 337 006b C5000000 		.ascii	"\305\000\000\000"
 338 006f 70726F74 		.ascii	"protocol_setup\000"
 338      6F636F6C 
 338      5F736574 
 338      757000
 339 007e 00       		.ascii	"\000"
 340 007f 02       		.ascii	"\002"
 341 0080 00       		.ascii	"\000"
 342 0081 00000000 		.ascii	"\000\000\000\000\000\000\000\000"
 342      00000000 
 343 0089 C7000000 		.ascii	"\307\000\000\000"
 344 008d 706C6174 		.ascii	"platform_setup\000"
 344      666F726D 
 344      5F736574 
 344      757000
 345 009c 00       		.ascii	"\000"
 346 009d 02       		.ascii	"\002"
 347 009e 00       		.ascii	"\000"
 348 009f 00000000 		.ascii	"\000\000\000\000\000\000\000\000"
 348      00000000 
 349 00a7 C9000000 		.ascii	"\311\000\000\000"
 350              		.text
 351              		.section	.gnu.lto_.ext_symtab.857bf2d39c931ac0,"e",%progbits
 352 0000 01       		.ascii	"\001"
 353 0001 01       		.ascii	"\001"
 354 0002 00       		.ascii	"\000"
 355 0003 01       		.ascii	"\001"
 356 0004 00       		.ascii	"\000"
 357 0005 01       		.ascii	"\001"
 358 0006 00       		.ascii	"\000"
 359 0007 01       		.ascii	"\001"
 360 0008 00       		.ascii	"\000"
 361 0009 01       		.ascii	"\001"
 362 000a 00       		.ascii	"\000"
 363 000b 01       		.ascii	"\001"
 364 000c 00       		.ascii	"\000"
 365              		.text
 366              		.section	.gnu.lto_.opts,"e",%progbits
 367 0000 272D666E 		.ascii	"'-fno-openmp' '-fno-openacc' '-fno-pie' '-fcf-prote"
 367      6F2D6F70 
 367      656E6D70 
 367      2720272D 
 367      666E6F2D 
 368 0033 6374696F 		.ascii	"ction=none' '-g' '-mcpu=cortex-m4' '-mthumb' '-mno-"
 368      6E3D6E6F 
 368      6E652720 
 368      272D6727 
 368      20272D6D 
 369 0066 7468756D 		.ascii	"thumb-interwork' '-mno-unaligned-access' '-mfloat-a"
 369      622D696E 
 369      74657277 
 369      6F726B27 
 369      20272D6D 
 370 0099 62693D68 		.ascii	"bi=hard' '-mfpu=fpv4-sp-d16' '-mlibarch=armv7e-m+fp"
 370      61726427 
 370      20272D6D 
 370      6670753D 
 370      66707634 
 371 00cc 2720272D 		.ascii	"' '-march=armv7e-m+fp' '-Os' '-Ofast' '-fsingle-pre"
 371      6D617263 
 371      683D6172 
 371      6D763765 
 371      2D6D2B66 
 372 00ff 63697369 		.ascii	"cision-constant' '-fomit-frame-pointer' '-ffunction"
 372      6F6E2D63 
 372      6F6E7374 
 372      616E7427 
 372      20272D66 
 373 0132 2D736563 		.ascii	"-sections' '-fdata-sections' '-fshort-wchar' '-fcom"
 373      74696F6E 
 373      73272027 
 373      2D666461 
 373      74612D73 
 374 0165 6D6F6E27 		.ascii	"mon' '-flto' '-Xassembler' '-adhlns=.build/obj_karl"
 374      20272D66 
 374      6C746F27 
 374      20272D58 
 374      61737365 
 375 0198 6B39305F 		.ascii	"k90_yaemk_moonlanderlike/quantum/main.lst'\000"
 375      7961656D 
 375      6B5F6D6F 
 375      6F6E6C61 
 375      6E646572 
 376              		.text
 377              		.comm	__gnu_lto_slim,1,1
 378              		.ident	"GCC: (15:10.3-2021.07-4) 10.3.1 20210621 (release)"
DEFINED SYMBOLS
                            *ABS*:0000000000000000 main.c
     /tmp/ccYOmb0G.s:17     .gnu.debuglto_.debug_info:0000000000000000 main.c.72672af8
                            *COM*:0000000000000001 __gnu_lto_slim

NO UNDEFINED SYMBOLS
