   1              		.cpu cortex-m4
   2              		.eabi_attribute 27, 1
   3              		.eabi_attribute 28, 1
   4              		.eabi_attribute 23, 1
   5              		.eabi_attribute 24, 1
   6              		.eabi_attribute 25, 1
   7              		.eabi_attribute 26, 1
   8              		.eabi_attribute 30, 2
   9              		.eabi_attribute 34, 0
  10              		.eabi_attribute 18, 2
  11              		.file	"usb_device_state.c"
  12              		.file 1 "quantum/usb_device_state.c"
  13              		.file 2 "/usr/lib/gcc/arm-none-eabi/10.3.1/include/stdint.h"
  14              		.file 3 "quantum/usb_device_state.h"
  15              		.section	.gnu.debuglto_.debug_info,"e",%progbits
  16              	.Ldebug_info0:
  17              		.hidden	usb_device_state.c.5d0e8db5
  18              		.weak	usb_device_state.c.5d0e8db5
  19              	usb_device_state.c.5d0e8db5:
  20 0000 78010000 		.4byte	0x178
  21 0004 0400     		.2byte	0x4
  22 0006 00000000 		.4byte	.Ldebug_abbrev0
  23 000a 04       		.byte	0x4
  24 000b 01       		.uleb128 0x1
  25 000c 6C010000 		.4byte	.LASF23
  26 0010 0C       		.byte	0xc
  27 0011 71030000 		.4byte	.LASF24
  28 0015 F5000000 		.4byte	.LASF25
  29 0019 00000000 		.4byte	.Ldebug_line0
  30 001d 02       		.uleb128 0x2
  31 001e 01       		.byte	0x1
  32 001f 06       		.byte	0x6
  33 0020 58030000 		.4byte	.LASF0
  34 0024 02       		.uleb128 0x2
  35 0025 02       		.byte	0x2
  36 0026 05       		.byte	0x5
  37 0027 00030000 		.4byte	.LASF1
  38 002b 02       		.uleb128 0x2
  39 002c 04       		.byte	0x4
  40 002d 05       		.byte	0x5
  41 002e 3E030000 		.4byte	.LASF2
  42 0032 02       		.uleb128 0x2
  43 0033 08       		.byte	0x8
  44 0034 05       		.byte	0x5
  45 0035 D3020000 		.4byte	.LASF3
  46 0039 03       		.uleb128 0x3
  47 003a 47010000 		.4byte	.LASF26
  48 003e 02       		.byte	0x2
  49 003f 2E       		.byte	0x2e
  50 0040 18       		.byte	0x18
  51 0041 45000000 		.4byte	0x45
  52 0045 02       		.uleb128 0x2
  53 0046 01       		.byte	0x1
  54 0047 08       		.byte	0x8
  55 0048 75000000 		.4byte	.LASF4
  56 004c 02       		.uleb128 0x2
  57 004d 02       		.byte	0x2
  58 004e 07       		.byte	0x7
  59 004f AB000000 		.4byte	.LASF5
  60 0053 02       		.uleb128 0x2
  61 0054 04       		.byte	0x4
  62 0055 07       		.byte	0x7
  63 0056 83000000 		.4byte	.LASF6
  64 005a 02       		.uleb128 0x2
  65 005b 08       		.byte	0x8
  66 005c 07       		.byte	0x7
  67 005d 30010000 		.4byte	.LASF7
  68 0061 04       		.uleb128 0x4
  69 0062 04       		.byte	0x4
  70 0063 05       		.byte	0x5
  71 0064 696E7400 		.ascii	"int\000"
  72 0068 02       		.uleb128 0x2
  73 0069 04       		.byte	0x4
  74 006a 07       		.byte	0x7
  75 006b 23010000 		.4byte	.LASF8
  76 006f 05       		.uleb128 0x5
  77 0070 47030000 		.4byte	.LASF21
  78 0074 07       		.byte	0x7
  79 0075 01       		.byte	0x1
  80 0076 45000000 		.4byte	0x45
  81 007a 03       		.byte	0x3
  82 007b 1D       		.byte	0x1d
  83 007c 06       		.byte	0x6
  84 007d 9A000000 		.4byte	0x9a
  85 0081 06       		.uleb128 0x6
  86 0082 25030000 		.4byte	.LASF9
  87 0086 00       		.byte	0
  88 0087 06       		.uleb128 0x6
  89 0088 5F000000 		.4byte	.LASF10
  90 008c 01       		.byte	0x1
  91 008d 06       		.uleb128 0x6
  92 008e 00000000 		.4byte	.LASF11
  93 0092 02       		.byte	0x2
  94 0093 06       		.uleb128 0x6
  95 0094 22000000 		.4byte	.LASF12
  96 0098 03       		.byte	0x3
  97 0099 00       		.byte	0
  98 009a 07       		.uleb128 0x7
  99 009b 47030000 		.4byte	.LASF21
 100 009f 03       		.byte	0x3
 101 00a0 24       		.byte	0x24
 102 00a1 1E       		.byte	0x1e
 103 00a2 6F000000 		.4byte	0x6f
 104 00a6 08       		.uleb128 0x8
 105 00a7 9A000000 		.4byte	0x9a
 106 00ab 01       		.byte	0x1
 107 00ac 14       		.byte	0x14
 108 00ad 17       		.byte	0x17
 109 00ae 09       		.uleb128 0x9
 110 00af 95000000 		.4byte	.LASF13
 111 00b3 01       		.byte	0x1
 112 00b4 30       		.byte	0x30
 113 00b5 06       		.byte	0x6
 114 00b6 09       		.uleb128 0x9
 115 00b7 0A030000 		.4byte	.LASF14
 116 00bb 01       		.byte	0x1
 117 00bc 2B       		.byte	0x2b
 118 00bd 06       		.byte	0x6
 119 00be 0A       		.uleb128 0xa
 120 00bf 95020000 		.4byte	.LASF18
 121 00c3 01       		.byte	0x1
 122 00c4 26       		.byte	0x26
 123 00c5 06       		.byte	0x6
 124 00c6 E3000000 		.4byte	0xe3
 125 00ca 0B       		.uleb128 0xb
 126 00cb 64030000 		.4byte	.LASF15
 127 00cf 01       		.byte	0x1
 128 00d0 26       		.byte	0x26
 129 00d1 27       		.byte	0x27
 130 00d2 E3000000 		.4byte	0xe3
 131 00d6 0B       		.uleb128 0xb
 132 00d7 E1000000 		.4byte	.LASF16
 133 00db 01       		.byte	0x1
 134 00dc 26       		.byte	0x26
 135 00dd 3D       		.byte	0x3d
 136 00de 39000000 		.4byte	0x39
 137 00e2 00       		.byte	0
 138 00e3 02       		.uleb128 0x2
 139 00e4 01       		.byte	0x1
 140 00e5 02       		.byte	0x2
 141 00e6 1C000000 		.4byte	.LASF17
 142 00ea 0A       		.uleb128 0xa
 143 00eb 4F010000 		.4byte	.LASF19
 144 00ef 01       		.byte	0x1
 145 00f0 21       		.byte	0x21
 146 00f1 06       		.byte	0x6
 147 00f2 0F010000 		.4byte	0x10f
 148 00f6 0B       		.uleb128 0xb
 149 00f7 64030000 		.4byte	.LASF15
 150 00fb 01       		.byte	0x1
 151 00fc 21       		.byte	0x21
 152 00fd 28       		.byte	0x28
 153 00fe E3000000 		.4byte	0xe3
 154 0102 0B       		.uleb128 0xb
 155 0103 E1000000 		.4byte	.LASF16
 156 0107 01       		.byte	0x1
 157 0108 21       		.byte	0x21
 158 0109 3E       		.byte	0x3e
 159 010a 39000000 		.4byte	0x39
 160 010e 00       		.byte	0
 161 010f 0A       		.uleb128 0xa
 162 0110 BE000000 		.4byte	.LASF20
 163 0114 01       		.byte	0x1
 164 0115 1C       		.byte	0x1c
 165 0116 06       		.byte	0x6
 166 0117 34010000 		.4byte	0x134
 167 011b 0B       		.uleb128 0xb
 168 011c 64030000 		.4byte	.LASF15
 169 0120 01       		.byte	0x1
 170 0121 1C       		.byte	0x1c
 171 0122 2E       		.byte	0x2e
 172 0123 E3000000 		.4byte	0xe3
 173 0127 0B       		.uleb128 0xb
 174 0128 E1000000 		.4byte	.LASF16
 175 012c 01       		.byte	0x1
 176 012d 1C       		.byte	0x1c
 177 012e 44       		.byte	0x44
 178 012f 39000000 		.4byte	0x39
 179 0133 00       		.byte	0
 180 0134 0C       		.uleb128 0xc
 181 0135 E1020000 		.4byte	.LASF27
 182 0139 01       		.byte	0x1
 183 013a 1A       		.byte	0x1a
 184 013b 0D       		.byte	0xd
 185 013c 4D010000 		.4byte	0x14d
 186 0140 0B       		.uleb128 0xb
 187 0141 47030000 		.4byte	.LASF21
 188 0145 01       		.byte	0x1
 189 0146 1A       		.byte	0x1a
 190 0147 42       		.byte	0x42
 191 0148 6F000000 		.4byte	0x6f
 192 014c 00       		.byte	0
 193 014d 0A       		.uleb128 0xa
 194 014e 3B000000 		.4byte	.LASF22
 195 0152 01       		.byte	0x1
 196 0153 18       		.byte	0x18
 197 0154 1C       		.byte	0x1c
 198 0155 66010000 		.4byte	0x166
 199 0159 0B       		.uleb128 0xb
 200 015a 47030000 		.4byte	.LASF21
 201 015e 01       		.byte	0x1
 202 015f 18       		.byte	0x18
 203 0160 56       		.byte	0x56
 204 0161 6F000000 		.4byte	0x6f
 205 0165 00       		.byte	0
 206 0166 0D       		.uleb128 0xd
 207 0167 B1020000 		.4byte	.LASF28
 208 016b 01       		.byte	0x1
 209 016c 16       		.byte	0x16
 210 016d 1C       		.byte	0x1c
 211 016e 0B       		.uleb128 0xb
 212 016f 47030000 		.4byte	.LASF21
 213 0173 01       		.byte	0x1
 214 0174 16       		.byte	0x16
 215 0175 54       		.byte	0x54
 216 0176 6F000000 		.4byte	0x6f
 217 017a 00       		.byte	0
 218 017b 00       		.byte	0
 219              		.section	.gnu.debuglto_.debug_abbrev,"e",%progbits
 220              	.Ldebug_abbrev0:
 221 0000 01       		.uleb128 0x1
 222 0001 11       		.uleb128 0x11
 223 0002 01       		.byte	0x1
 224 0003 25       		.uleb128 0x25
 225 0004 0E       		.uleb128 0xe
 226 0005 13       		.uleb128 0x13
 227 0006 0B       		.uleb128 0xb
 228 0007 03       		.uleb128 0x3
 229 0008 0E       		.uleb128 0xe
 230 0009 1B       		.uleb128 0x1b
 231 000a 0E       		.uleb128 0xe
 232 000b 10       		.uleb128 0x10
 233 000c 17       		.uleb128 0x17
 234 000d 00       		.byte	0
 235 000e 00       		.byte	0
 236 000f 02       		.uleb128 0x2
 237 0010 24       		.uleb128 0x24
 238 0011 00       		.byte	0
 239 0012 0B       		.uleb128 0xb
 240 0013 0B       		.uleb128 0xb
 241 0014 3E       		.uleb128 0x3e
 242 0015 0B       		.uleb128 0xb
 243 0016 03       		.uleb128 0x3
 244 0017 0E       		.uleb128 0xe
 245 0018 00       		.byte	0
 246 0019 00       		.byte	0
 247 001a 03       		.uleb128 0x3
 248 001b 16       		.uleb128 0x16
 249 001c 00       		.byte	0
 250 001d 03       		.uleb128 0x3
 251 001e 0E       		.uleb128 0xe
 252 001f 3A       		.uleb128 0x3a
 253 0020 0B       		.uleb128 0xb
 254 0021 3B       		.uleb128 0x3b
 255 0022 0B       		.uleb128 0xb
 256 0023 39       		.uleb128 0x39
 257 0024 0B       		.uleb128 0xb
 258 0025 49       		.uleb128 0x49
 259 0026 13       		.uleb128 0x13
 260 0027 00       		.byte	0
 261 0028 00       		.byte	0
 262 0029 04       		.uleb128 0x4
 263 002a 24       		.uleb128 0x24
 264 002b 00       		.byte	0
 265 002c 0B       		.uleb128 0xb
 266 002d 0B       		.uleb128 0xb
 267 002e 3E       		.uleb128 0x3e
 268 002f 0B       		.uleb128 0xb
 269 0030 03       		.uleb128 0x3
 270 0031 08       		.uleb128 0x8
 271 0032 00       		.byte	0
 272 0033 00       		.byte	0
 273 0034 05       		.uleb128 0x5
 274 0035 04       		.uleb128 0x4
 275 0036 01       		.byte	0x1
 276 0037 03       		.uleb128 0x3
 277 0038 0E       		.uleb128 0xe
 278 0039 3E       		.uleb128 0x3e
 279 003a 0B       		.uleb128 0xb
 280 003b 0B       		.uleb128 0xb
 281 003c 0B       		.uleb128 0xb
 282 003d 49       		.uleb128 0x49
 283 003e 13       		.uleb128 0x13
 284 003f 3A       		.uleb128 0x3a
 285 0040 0B       		.uleb128 0xb
 286 0041 3B       		.uleb128 0x3b
 287 0042 0B       		.uleb128 0xb
 288 0043 39       		.uleb128 0x39
 289 0044 0B       		.uleb128 0xb
 290 0045 01       		.uleb128 0x1
 291 0046 13       		.uleb128 0x13
 292 0047 00       		.byte	0
 293 0048 00       		.byte	0
 294 0049 06       		.uleb128 0x6
 295 004a 28       		.uleb128 0x28
 296 004b 00       		.byte	0
 297 004c 03       		.uleb128 0x3
 298 004d 0E       		.uleb128 0xe
 299 004e 1C       		.uleb128 0x1c
 300 004f 0B       		.uleb128 0xb
 301 0050 00       		.byte	0
 302 0051 00       		.byte	0
 303 0052 07       		.uleb128 0x7
 304 0053 34       		.uleb128 0x34
 305 0054 00       		.byte	0
 306 0055 03       		.uleb128 0x3
 307 0056 0E       		.uleb128 0xe
 308 0057 3A       		.uleb128 0x3a
 309 0058 0B       		.uleb128 0xb
 310 0059 3B       		.uleb128 0x3b
 311 005a 0B       		.uleb128 0xb
 312 005b 39       		.uleb128 0x39
 313 005c 0B       		.uleb128 0xb
 314 005d 49       		.uleb128 0x49
 315 005e 13       		.uleb128 0x13
 316 005f 3F       		.uleb128 0x3f
 317 0060 19       		.uleb128 0x19
 318 0061 3C       		.uleb128 0x3c
 319 0062 19       		.uleb128 0x19
 320 0063 00       		.byte	0
 321 0064 00       		.byte	0
 322 0065 08       		.uleb128 0x8
 323 0066 34       		.uleb128 0x34
 324 0067 00       		.byte	0
 325 0068 47       		.uleb128 0x47
 326 0069 13       		.uleb128 0x13
 327 006a 3A       		.uleb128 0x3a
 328 006b 0B       		.uleb128 0xb
 329 006c 3B       		.uleb128 0x3b
 330 006d 0B       		.uleb128 0xb
 331 006e 39       		.uleb128 0x39
 332 006f 0B       		.uleb128 0xb
 333 0070 00       		.byte	0
 334 0071 00       		.byte	0
 335 0072 09       		.uleb128 0x9
 336 0073 2E       		.uleb128 0x2e
 337 0074 00       		.byte	0
 338 0075 3F       		.uleb128 0x3f
 339 0076 19       		.uleb128 0x19
 340 0077 03       		.uleb128 0x3
 341 0078 0E       		.uleb128 0xe
 342 0079 3A       		.uleb128 0x3a
 343 007a 0B       		.uleb128 0xb
 344 007b 3B       		.uleb128 0x3b
 345 007c 0B       		.uleb128 0xb
 346 007d 39       		.uleb128 0x39
 347 007e 0B       		.uleb128 0xb
 348 007f 27       		.uleb128 0x27
 349 0080 19       		.uleb128 0x19
 350 0081 00       		.byte	0
 351 0082 00       		.byte	0
 352 0083 0A       		.uleb128 0xa
 353 0084 2E       		.uleb128 0x2e
 354 0085 01       		.byte	0x1
 355 0086 3F       		.uleb128 0x3f
 356 0087 19       		.uleb128 0x19
 357 0088 03       		.uleb128 0x3
 358 0089 0E       		.uleb128 0xe
 359 008a 3A       		.uleb128 0x3a
 360 008b 0B       		.uleb128 0xb
 361 008c 3B       		.uleb128 0x3b
 362 008d 0B       		.uleb128 0xb
 363 008e 39       		.uleb128 0x39
 364 008f 0B       		.uleb128 0xb
 365 0090 27       		.uleb128 0x27
 366 0091 19       		.uleb128 0x19
 367 0092 01       		.uleb128 0x1
 368 0093 13       		.uleb128 0x13
 369 0094 00       		.byte	0
 370 0095 00       		.byte	0
 371 0096 0B       		.uleb128 0xb
 372 0097 05       		.uleb128 0x5
 373 0098 00       		.byte	0
 374 0099 03       		.uleb128 0x3
 375 009a 0E       		.uleb128 0xe
 376 009b 3A       		.uleb128 0x3a
 377 009c 0B       		.uleb128 0xb
 378 009d 3B       		.uleb128 0x3b
 379 009e 0B       		.uleb128 0xb
 380 009f 39       		.uleb128 0x39
 381 00a0 0B       		.uleb128 0xb
 382 00a1 49       		.uleb128 0x49
 383 00a2 13       		.uleb128 0x13
 384 00a3 00       		.byte	0
 385 00a4 00       		.byte	0
 386 00a5 0C       		.uleb128 0xc
 387 00a6 2E       		.uleb128 0x2e
 388 00a7 01       		.byte	0x1
 389 00a8 03       		.uleb128 0x3
 390 00a9 0E       		.uleb128 0xe
 391 00aa 3A       		.uleb128 0x3a
 392 00ab 0B       		.uleb128 0xb
 393 00ac 3B       		.uleb128 0x3b
 394 00ad 0B       		.uleb128 0xb
 395 00ae 39       		.uleb128 0x39
 396 00af 0B       		.uleb128 0xb
 397 00b0 27       		.uleb128 0x27
 398 00b1 19       		.uleb128 0x19
 399 00b2 01       		.uleb128 0x1
 400 00b3 13       		.uleb128 0x13
 401 00b4 00       		.byte	0
 402 00b5 00       		.byte	0
 403 00b6 0D       		.uleb128 0xd
 404 00b7 2E       		.uleb128 0x2e
 405 00b8 01       		.byte	0x1
 406 00b9 3F       		.uleb128 0x3f
 407 00ba 19       		.uleb128 0x19
 408 00bb 03       		.uleb128 0x3
 409 00bc 0E       		.uleb128 0xe
 410 00bd 3A       		.uleb128 0x3a
 411 00be 0B       		.uleb128 0xb
 412 00bf 3B       		.uleb128 0x3b
 413 00c0 0B       		.uleb128 0xb
 414 00c1 39       		.uleb128 0x39
 415 00c2 0B       		.uleb128 0xb
 416 00c3 27       		.uleb128 0x27
 417 00c4 19       		.uleb128 0x19
 418 00c5 00       		.byte	0
 419 00c6 00       		.byte	0
 420 00c7 00       		.byte	0
 421              		.section	.gnu.debuglto_.debug_line,"e",%progbits
 422              	.Ldebug_line0:
 423 0000 84000000 		.4byte	.LELT0-.LSLT0
 424              	.LSLT0:
 425 0004 0400     		.2byte	0x4
 426 0006 7E000000 		.4byte	.LELTP0-.LASLTP0
 427              	.LASLTP0:
 428 000a 01       		.byte	0x1
 429 000b 01       		.byte	0x1
 430 000c 01       		.byte	0x1
 431 000d F6       		.byte	0xf6
 432 000e F2       		.byte	0xf2
 433 000f 0D       		.byte	0xd
 434 0010 00       		.byte	0
 435 0011 01       		.byte	0x1
 436 0012 01       		.byte	0x1
 437 0013 01       		.byte	0x1
 438 0014 01       		.byte	0x1
 439 0015 00       		.byte	0
 440 0016 00       		.byte	0
 441 0017 00       		.byte	0
 442 0018 01       		.byte	0x1
 443 0019 00       		.byte	0
 444 001a 00       		.byte	0
 445 001b 01       		.byte	0x1
 446 001c 7175616E 		.ascii	"quantum"
 446      74756D
 447 0023 00       		.byte	0
 448 0024 2F757372 		.ascii	"/usr/lib/gcc/arm-none-eabi/10.3.1/include"
 448      2F6C6962 
 448      2F676363 
 448      2F61726D 
 448      2D6E6F6E 
 449 004d 00       		.byte	0
 450 004e 00       		.byte	0
 451 004f 7573625F 		.ascii	"usb_device_state.c\000"
 451      64657669 
 451      63655F73 
 451      74617465 
 451      2E6300
 452 0062 01       		.uleb128 0x1
 453 0063 00       		.uleb128 0
 454 0064 00       		.uleb128 0
 455 0065 73746469 		.ascii	"stdint.h\000"
 455      6E742E68 
 455      00
 456 006e 02       		.uleb128 0x2
 457 006f 00       		.uleb128 0
 458 0070 00       		.uleb128 0
 459 0071 7573625F 		.ascii	"usb_device_state.h\000"
 459      64657669 
 459      63655F73 
 459      74617465 
 459      2E6800
 460 0084 01       		.uleb128 0x1
 461 0085 00       		.uleb128 0
 462 0086 00       		.uleb128 0
 463 0087 00       		.byte	0
 464              	.LELTP0:
 465              	.LELT0:
 466              		.section	.gnu.debuglto_.debug_str,"eMS",%progbits,1
 467              	.LASF11:
 468 0000 5553425F 		.ascii	"USB_DEVICE_STATE_CONFIGURED\000"
 468      44455649 
 468      43455F53 
 468      54415445 
 468      5F434F4E 
 469              	.LASF17:
 470 001c 5F426F6F 		.ascii	"_Bool\000"
 470      6C00
 471              	.LASF12:
 472 0022 5553425F 		.ascii	"USB_DEVICE_STATE_SUSPEND\000"
 472      44455649 
 472      43455F53 
 472      54415445 
 472      5F535553 
 473              	.LASF22:
 474 003b 6E6F7469 		.ascii	"notify_usb_device_state_change_user\000"
 474      66795F75 
 474      73625F64 
 474      65766963 
 474      655F7374 
 475              	.LASF10:
 476 005f 5553425F 		.ascii	"USB_DEVICE_STATE_INIT\000"
 476      44455649 
 476      43455F53 
 476      54415445 
 476      5F494E49 
 477              	.LASF4:
 478 0075 756E7369 		.ascii	"unsigned char\000"
 478      676E6564 
 478      20636861 
 478      7200
 479              	.LASF6:
 480 0083 6C6F6E67 		.ascii	"long unsigned int\000"
 480      20756E73 
 480      69676E65 
 480      6420696E 
 480      7400
 481              	.LASF13:
 482 0095 7573625F 		.ascii	"usb_device_state_init\000"
 482      64657669 
 482      63655F73 
 482      74617465 
 482      5F696E69 
 483              	.LASF5:
 484 00ab 73686F72 		.ascii	"short unsigned int\000"
 484      7420756E 
 484      7369676E 
 484      65642069 
 484      6E7400
 485              	.LASF20:
 486 00be 7573625F 		.ascii	"usb_device_state_set_configuration\000"
 486      64657669 
 486      63655F73 
 486      74617465 
 486      5F736574 
 487              	.LASF16:
 488 00e1 636F6E66 		.ascii	"configurationNumber\000"
 488      69677572 
 488      6174696F 
 488      6E4E756D 
 488      62657200 
 489              	.LASF25:
 490 00f5 2F686F6D 		.ascii	"/home/jstewart/source/yaemk-split-kb/Firmware\000"
 490      652F6A73 
 490      74657761 
 490      72742F73 
 490      6F757263 
 491              	.LASF8:
 492 0123 756E7369 		.ascii	"unsigned int\000"
 492      676E6564 
 492      20696E74 
 492      00
 493              	.LASF7:
 494 0130 6C6F6E67 		.ascii	"long long unsigned int\000"
 494      206C6F6E 
 494      6720756E 
 494      7369676E 
 494      65642069 
 495              	.LASF26:
 496 0147 75696E74 		.ascii	"uint8_t\000"
 496      385F7400 
 497              	.LASF19:
 498 014f 7573625F 		.ascii	"usb_device_state_set_suspend\000"
 498      64657669 
 498      63655F73 
 498      74617465 
 498      5F736574 
 499              	.LASF23:
 500 016c 474E5520 		.ascii	"GNU C99 10.3.1 20210621 (release) -mcpu=cortex-m4 -"
 500      43393920 
 500      31302E33 
 500      2E312032 
 500      30323130 
 501 019f 6D746875 		.ascii	"mthumb -mno-thumb-interwork -mno-unaligned-access -"
 501      6D62202D 
 501      6D6E6F2D 
 501      7468756D 
 501      622D696E 
 502 01d2 6D666C6F 		.ascii	"mfloat-abi=hard -mfpu=fpv4-sp-d16 -march=armv7e-m+f"
 502      61742D61 
 502      62693D68 
 502      61726420 
 502      2D6D6670 
 503 0205 70202D67 		.ascii	"p -ggdb -Os -Ofast -std=gnu99 -fsingle-precision-co"
 503      67646220 
 503      2D4F7320 
 503      2D4F6661 
 503      7374202D 
 504 0238 6E737461 		.ascii	"nstant -fomit-frame-pointer -ffunction-sections -fd"
 504      6E74202D 
 504      666F6D69 
 504      742D6672 
 504      616D652D 
 505 026b 6174612D 		.ascii	"ata-sections -fshort-wchar -fcommon -flto\000"
 505      73656374 
 505      696F6E73 
 505      202D6673 
 505      686F7274 
 506              	.LASF18:
 507 0295 7573625F 		.ascii	"usb_device_state_set_resume\000"
 507      64657669 
 507      63655F73 
 507      74617465 
 507      5F736574 
 508              	.LASF28:
 509 02b1 6E6F7469 		.ascii	"notify_usb_device_state_change_kb\000"
 509      66795F75 
 509      73625F64 
 509      65766963 
 509      655F7374 
 510              	.LASF3:
 511 02d3 6C6F6E67 		.ascii	"long long int\000"
 511      206C6F6E 
 511      6720696E 
 511      7400
 512              	.LASF27:
 513 02e1 6E6F7469 		.ascii	"notify_usb_device_state_change\000"
 513      66795F75 
 513      73625F64 
 513      65766963 
 513      655F7374 
 514              	.LASF1:
 515 0300 73686F72 		.ascii	"short int\000"
 515      7420696E 
 515      7400
 516              	.LASF14:
 517 030a 7573625F 		.ascii	"usb_device_state_set_reset\000"
 517      64657669 
 517      63655F73 
 517      74617465 
 517      5F736574 
 518              	.LASF9:
 519 0325 5553425F 		.ascii	"USB_DEVICE_STATE_NO_INIT\000"
 519      44455649 
 519      43455F53 
 519      54415445 
 519      5F4E4F5F 
 520              	.LASF2:
 521 033e 6C6F6E67 		.ascii	"long int\000"
 521      20696E74 
 521      00
 522              	.LASF21:
 523 0347 7573625F 		.ascii	"usb_device_state\000"
 523      64657669 
 523      63655F73 
 523      74617465 
 523      00
 524              	.LASF0:
 525 0358 7369676E 		.ascii	"signed char\000"
 525      65642063 
 525      68617200 
 526              	.LASF15:
 527 0364 6973436F 		.ascii	"isConfigured\000"
 527      6E666967 
 527      75726564 
 527      00
 528              	.LASF24:
 529 0371 7175616E 		.ascii	"quantum/usb_device_state.c\000"
 529      74756D2F 
 529      7573625F 
 529      64657669 
 529      63655F73 
 530              		.text
 531              		.section	.gnu.lto_.profile.a6408f752d2fff52,"e",%progbits
 532 0000 789C6362 		.ascii	"x\234cb\000\001\000\000\022\000\003"
 532      00010000 
 532      120003
 533              		.text
 534              		.section	.gnu.lto_.icf.a6408f752d2fff52,"e",%progbits
 535 0000 789C3362 		.ascii	"x\2343b@\000\016\206\351\315\357n12NhX\321\311\316\324"
 535      40000E86 
 535      E9CDEF6E 
 535      31324E68 
 535      58D1C9CE 
 536 0015 B27EE30A 		.ascii	"\262~\343\012f\346W\233?\\\344`\231\362~\3439fV\260"
 536      66E6579B 
 536      3F5CE460 
 536      99F27EE3 
 536      396656B0 
 537 0029 08DBE9B5 		.ascii	"\010\333\351\265\357\332\370\330\301$\003\000Eq\026"
 537      EFDAF8D8 
 537      C1240300 
 537      457116
 538 0038 FF       		.ascii	"\377"
 539              		.text
 540              		.section	.gnu.lto_.ipa_sra.a6408f752d2fff52,"e",%progbits
 541 0000 789C7367 		.ascii	"x\234sg@\000v\006F \311\010\004H\024\023\023T\026\310"
 541      40007606 
 541      4620C908 
 541      04481413 
 541      135416C8 
 542 0014 65640171 		.ascii	"ed\001q\030\241\034Vd\0316\2400#\310\000F\006\000\037"
 542      18A11C56 
 542      641936A0 
 542      3023C800 
 542      4606001F 
 543 0028 7B0085   		.ascii	"{\000\205"
 544              		.text
 545              		.section	.gnu.lto_.inline.a6408f752d2fff52,"e",%progbits
 546 0000 789C9D8D 		.ascii	"x\234\235\215A\016@P\014D\247-\376O\334\315\336\232"
 546      410E4050 
 546      0C44A72D 
 546      FE4FDCCD 
 546      DE9A
 547 0012 B07502E1 		.ascii	"\260u\002\341\006\342\004\026\216\340\000\216\246*\004"
 547      06E20416 
 547      8EE0008E 
 547      A62A04
 548 0021 2111B368 		.ascii	"!\021\263h\346O\247\377\245\204C\016\220F\3059\201\201"
 548      E64FA7FF 
 548      A584430E 
 548      9046C539 
 548      8181
 549 0033 566D0D44 		.ascii	"Vm\015D[\304k\004B\250\257A\212\327\006\307k\255K\030"
 549      5BC46B04 
 549      42A8AF41 
 549      8AD706C7 
 549      6BAD4B18 
 550 0047 DEE29218 		.ascii	"\336\342\222\030\325(\350E\207\301H\215J\330\366\331"
 550      D528E845 
 550      87C1488D 
 550      4AD8F6D9 
 551 0057 E53ED82C 		.ascii	"\345>\330,\374\351\247\300\012\2631\237n\366&\302\033"
 551      FCE9A7C0 
 551      0AB3319F 
 551      6EF626C2 
 551      1B
 552 0068 9226FA81 		.ascii	"\222&\372\201\213\276\342\334\327\"\026q$A\320"
 552      8BBEE2DC 
 552      D7221671 
 552      2441D0
 553              		.text
 554              		.section	.gnu.lto_.jmpfuncs.a6408f752d2fff52,"e",%progbits
 555 0000 789C758E 		.ascii	"x\234u\216Q\016\2000\010C\3332\365\326z\007\317\260"
 555      510E8030 
 555      0843DB32 
 555      F5D67A07 
 555      CFB0
 556 0012 23CC7F6F 		.ascii	"#\314\177o6\031\230\354\303HBHxm\241a\326\006\022\250"
 556      361998EC 
 556      C3484248 
 556      786DA161 
 556      D60612A8 
 557 0026 C6289F2A 		.ascii	"\306(\237*\273\257y\027\302\273\023\222\203\243\332"
 557      BBAF7917 
 557      C2BB1392 
 557      83A3DA
 558 0035 504913B9 		.ascii	"PI\023\271\364\2640\346PQF\245\360\205\026z\033\036"
 558      F4B430E6 
 558      505146A5 
 558      F085167A 
 558      1B1E
 559 0047 2CFF496C 		.ascii	",\377Il\344\305\025\343Zc\220\240\376\337g\205\007\372"
 559      E4C515E3 
 559      5A6390A0 
 559      FEDF6785 
 559      07FA
 560 0059 8818A7   		.ascii	"\210\030\247"
 561              		.text
 562              		.section	.gnu.lto_.pureconst.a6408f752d2fff52,"e",%progbits
 563 0000 789C05C1 		.ascii	"x\234\005\301\201\015\000 \014\303\2602\005\372\001"
 563      810D0020 
 563      0CC3B032 
 563      05FA01
 564 000f B7E7DCD9 		.ascii	"\267\347\334\331?I#GF\220+O*\0132\206\004{"
 564      3F492347 
 564      46902B4F 
 564      2A0B3286 
 564      047B
 565              		.text
 566              		.section	.gnu.lto_.lto.a6408f752d2fff52,"e",%progbits
 567 0000 09000400 		.ascii	"\011\000\004\000\001\000\000\000"
 567      01000000 
 568              		.text
 569              		.section	.gnu.lto_notify_usb_device_state_change_kb.1.a6408f752d2fff52,"e",%progbits
 570 0000 789CDBC1 		.ascii	"x\234\333\301\300\300P\005\304\312@\314\310\314\300"
 570      C0C05005 
 570      C4CA40CC 
 570      C8CCC0
 571 000f 38696217 		.ascii	"8ib\027\023CCC\203\003;\023c\343\304.N\306\355\214`"
 571      13434343 
 571      83033B13 
 571      63E3C42E 
 571      4EC6ED8C 
 572 0024 1E23433D 		.ascii	"\036#C=\023c=\343dfM \367\307\322Y\353*\032V\034`\\"
 572      13633DE3 
 572      64664D20 
 572      F7C7D259 
 572      EB2A1A56 
 573 003b C2CCC030 		.ascii	"\302\314\3000\017\210\301`\0163#\263/\203\372\201\206"
 573      0F88C160 
 573      0E3323B3 
 573      2F83FA81 
 573      86
 574 004c 860B6B0E 		.ascii	"\206\013k\016\2675\010\000e\031\031\2672\002\345\031"
 574      B7350800 
 574      651919B7 
 574      3202E519 
 575 005c 8D190D18 		.ascii	"\215\031\015\030\030\200\334\270wL\014\014l0=\214@\274"
 575      1880DCB8 
 575      774C0C0C 
 575      6C303D8C 
 575      40BC
 576 006e FE12EB81 		.ascii	"\376\022\353\201\206?\377\373\033\032\276\312\374\012"
 576      863FFFFB 
 576      1B1ABECA 
 576      FC0A
 577 007c 67616264 		.ascii	"gabd\334\006\024\356g\006\271\241\201\205\261\341\000"
 577      DC0614EE 
 577      6706B9A1 
 577      8185B1E1 
 577      00
 578 008d 03C30466 		.ascii	"\003\303\004f&\010\247\021\310y\305\330\260h#;\303\007"
 578      2608A711 
 578      C879C5D8 
 578      B068233B 
 578      C307
 579 009f C6160586 		.ascii	"\306\026\005\206\026F\246%\314L\363\230\201\032\026"
 579      1646A625 
 579      CC4CF398 
 579      811A16
 580 00ae 310399CC 		.ascii	"1\003\231\314\014\237\030\233\026\374\347\002\273\246"
 580      0C9F189B 
 580      16FCE702 
 580      BBA6
 581 00bc 9F991161 		.ascii	"\237\231\021a\004\003\203\236~F~n\252~VqIjybQ\211~q"
 581      0403839E 
 581      7E467E6E 
 581      AA7E5671 
 581      496A7962 
 582 00d4 7E695172 		.ascii	"~iQr\252~ebjn\266nqANf\211nv\222\276[fQ.P:\225A\272"
 582      AA7E6562 
 582      6A6EB66E 
 582      71414E66 
 582      896E7692 
 583 00f2 B03431AF 		.ascii	"\26041\257\2444W\277\2648)>%\265,395\276\270$\261$U"
 583      A43457BF 
 583      B438293E 
 583      25B52C33 
 583      3935BEB8 
 584 010a 2F994100 		.ascii	"/\231A\000]L\006S\221\236i\212A\252EJ\222)\003\000\205"
 584      5D4C0653 
 584      919E698A 
 584      41AA454A 
 584      92290300 
 585 011f 5969FA   		.ascii	"Yi\372"
 586              		.text
 587              		.section	.gnu.lto_notify_usb_device_state_change_user.2.a6408f752d2fff52,"e",%progbits
 588 0000 789C9BC1 		.ascii	"x\234\233\301\300\300P\005\304\312@\314\310\314\300"
 588      C0C05005 
 588      C4CA40CC 
 588      C8CCC0
 589 000f 38696217 		.ascii	"8ib\027\023CCC\203\003;\023c\343\304.N\306\355\214`"
 589      13434343 
 589      83033B13 
 589      63E3C42E 
 589      4EC6ED8C 
 590 0024 1E23433D 		.ascii	"\036#C=\023c=\343dfM \367\307\322Y;*\032V\034`\\\302"
 590      13633DE3 
 590      64664D20 
 590      F7C7D259 
 590      3B2A1A56 
 591 003c CCC0300F 		.ascii	"\314\3000\017\210\301`\0163#\263/\203\372\201\206\206"
 591      88C1600E 
 591      3323B32F 
 591      83FA8186 
 591      86
 592 004d 0BEB0EB7 		.ascii	"\013\353\016\2675\010\000e\031\031\2672\002\345\031"
 592      35080065 
 592      1919B732 
 592      02E519
 593 005c 8D190D18 		.ascii	"\215\031\015\030\030\200\334\270\233L\014\014l0=\214"
 593      1880DCB8 
 593      9B4C0C0C 
 593      6C303D8C 
 594 006c 40BCFE12 		.ascii	"@\274\376\022\353\201\206?\377\373\033\032\216\312\316"
 594      EB81863F 
 594      FFFB1B1A 
 594      8ECACE
 595 007b B206CAF6 		.ascii	"\262\006\312\3663\203\254o`al8\300\3000\201\231\011"
 595      3383AC6F 
 595      60616C38 
 595      C0C03081 
 595      9909
 596 008d C2690472 		.ascii	"\302i\004r^16(1|blR\000\333\326\317\314\210P\307\300"
 596      5E313628 
 596      317C626C 
 596      5200DBD6 
 596      CFCC8850 
 597 00a3 A0A79F91 		.ascii	"\240\247\237\221\237\233\252\237U\\\222Z\236XT\242_"
 597      9F9BAA9F 
 597      555C925A 
 597      9E5854A2 
 597      5F
 598 00b4 9C5F5A94 		.ascii	"\234_Z\224\234\252_\231\230\232\233\255[\\\220\223Y"
 598      9CAA5F99 
 598      989A9BAD 
 598      5B5C9093 
 598      59
 599 00c5 A29B9DA4 		.ascii	"\242\233\235\244\357\226Y\224\013\224Ne\220.,M\314+"
 599      EF965994 
 599      0B944E65 
 599      902E2C4D 
 599      CC2B
 600 00d7 29CDD52F 		.ascii	")\315\325/-N\212OI-\313LN\215/.I,I\325Kf\020@\027\223"
 600      2D4E8A4F 
 600      492DCB4C 
 600      4E8D2F2E 
 600      492C49D5 
 601 00f1 C154A467 		.ascii	"\301T\244g\232b\220j\221\222d\312\000\000\310\372`\360"
 601      9A62906A 
 601      919264CA 
 601      0000C8FA 
 601      60F0
 602              		.text
 603              		.section	.gnu.lto_usb_device_state_set_configuration.4.a6408f752d2fff52,"e",%progbits
 604 0000 789C6590 		.ascii	"x\234e\220Mh\023Q\020\307\347\377\336&\265\020\245`"
 604      4D681351 
 604      10C7E7FF 
 604      DE26B510 
 604      A560
 605 0012 41410FB9 		.ascii	"AA\017\271\210xh6 \005\217\005\241\236\324\213\247\\"
 605      88786836 
 605      20058F05 
 605      A19ED48B 
 605      A75C
 606 0024 4A3E9EBA 		.ascii	"J>\236\272\3264\232\335\265x\352K\032{h\2054m\361`\244"
 606      D6349ADD 
 606      B578EA4B 
 606      1A7B6885 
 606      346DF160 
 607 0039 42885F17 		.ascii	"B\210_\027\275\370Yc\215\366\352A\274[D\017\245\036"
 607      BDF85963 
 607      8DF6EA41 
 607      BC5B440F 
 607      A51E
 608 004b A48805D1 		.ascii	"\244\210\005\321\226:o7-\242\013\2177\263\3577\363\377"
 608      963A6F37 
 608      2DA20B8F 
 608      37B3EF37 
 608      F3FF
 609 005d CF740BA2 		.ascii	"\317t\013\242:\021\235\340\203\010a\2466)Hk=\320%D\245"
 609      3A119DE0 
 609      830861A6 
 609      3629486B 
 609      3DD02544 
 610 0072 3625F002 		.ascii	"6%\360\002\234\305\255\361\332\236\340\226\230\333!"
 610      9CC5ADF1 
 610      DA9EE096 
 610      98DB21
 611 0081 2C946A93 		.ascii	",\224j\223\335!1\320\005\032\023\322\302\030f\345\021"
 611      DD2131D0 
 611      051A13D2 
 611      C21866E5 
 611      11
 612 0092 FEF1F3CE 		.ascii	"\376\361\363\316\315V\354\332\376\246$\232\347\023|"
 612      CD56ECDA 
 612      FEA6249A 
 612      E7137C
 613 00a1 B724E449 		.ascii	"\267$\344I:\334\326\372\375\362c\255%5%\360\004\374"
 613      3ADCD6FA 
 613      FDF263AD 
 613      253525F0 
 613      04FC
 614 00b3 8EA34892 		.ascii	"\216\243H\222ISua\250\321\220\272\2764\241{\320\224"
 614      49537561 
 614      A8D190BA 
 614      BE34A17B 
 614      D094
 615 00c5 02CFFEA6 		.ascii	"\002\317\376\246D\352\036\333\216v:\203\013\202\030"
 615      44EA1EDB 
 615      8E763A83 
 615      0B8218
 616 00d4 5840A031 		.ascii	"X@\2401\025\\\246\303\332\302\334\304\356dSJ\274\204"
 616      155CA6C3 
 616      DAC2DCC4 
 616      EE64534A 
 616      BC84
 617 00e6 014C03B4 		.ascii	"\001L\003\264\270\243L\265\215\320!\303\264\336\261"
 617      B8A34CB5 
 617      8DD021C3 
 617      B4DEB1
 618 00f5 4A29BE4D 		.ascii	"J)\276M\3216\025:\216\3620\317oG\360\012\304\243r\023"
 618      D136153A 
 618      8EF230CF 
 618      6F47F00A 
 618      C4A37213 
 619 0109 238CC540 		.ascii	"#\214\305@\314 \217>D\332zc\253\252\365\312,\352\033"
 619      CC208F3E 
 619      44DA7A63 
 619      ABAAF5CA 
 619      2CEA1B
 620 011c A7A36087 		.ascii	"\247\243`\207\354\030O\371\265*\315\252\264\005\335"
 620      EC184FF9 
 620      B52ACDAA 
 620      B405DD
 621 012b 269A9622 		.ascii	"&\232\226\"L\3069\371\012\375\371w/\255\242\262\272"
 621      4CC639F9 
 621      0AFDF977 
 621      2FADA2B2 
 621      BA
 622 013c F430D690 		.ascii	"\3640\326\220bF\232m\204\213\252JYbR\030RLKk\247\314"
 622      62469A6D 
 622      848BAA4A 
 622      59625218 
 622      524C4B6B 
 623 0152 FA86F28D 		.ascii	"\372\206\362\215\007\373\330\226\301\255`\316\012\004"
 623      07FBD896 
 623      C1AD60CE 
 623      0A04
 624 0160 87F77915 		.ascii	"\207\367y\025w\003i\274\005\336\200\032\354\324\210"
 624      770369BC 
 624      05DE801A 
 624      ECD488
 625 016f 6CF6F255 		.ascii	"l\366\362U\216\263\377\316\237/\353?v\261\177\0236>"
 625      8EB3FFCE 
 625      9F2FEB3F 
 625      76B17F13 
 625      363E
 626 0181 0EE23568 		.ascii	"\016\3425h\015\2258\005m\"\363\354|1(n\312\250)\374"
 626      0D953805 
 626      6D22F3EC 
 626      7C31286E 
 626      CAA829FC 
 627 0195 B47986C7 		.ascii	"\264y\206\3076\323\323w\316\266,\343\357\027\002}\011"
 627      36D3D377 
 627      CEB62CE3 
 627      EF17027D 
 627      09
 628 01a6 21965732 		.ascii	"!\226W2a\010)\3307B\253\345\266\301\022\366\371B^\331"
 628      610829D8 
 628      3742ABE5 
 628      B6C112F6 
 628      F9425ED9 
 629 01ba 175C4F8D 		.ascii	"\027\\O\215\246\213\236\355\026\374bV\331W\323*?\334"
 629      A68B9EED 
 629      16FC6256 
 629      D957D32A 
 629      3FDC
 630 01cc E75EBAE8 		.ascii	"\347^\272\350x}\303\031{\320)\346\371Y\321\201\313~"
 630      787DC319 
 630      7BD029E6 
 630      F959D181 
 630      CB7E
 631 01de 7AC4F3F3 		.ascii	"z\304\363\363\266\357f\206r\352\212\223UC\256\227\366"
 631      B6EF6686 
 631      72EA8A93 
 631      5543AE97 
 631      F6
 632 01ef 54224B31 		.ascii	"T\"K1\307=^\0309\353\234\363\213*w\360\177 \321\237"
 632      C73D5E18 
 632      39EB9CF3 
 632      8B2A77F0 
 632      7F20D19F 
 633 0203 4BAA63B9 		.ascii	"K\252c\271L?\355\315v\270\264\347\024FN\371\371\214"
 633      4C3FEDCD 
 633      76B8B4E7 
 633      14464EF9 
 633      F98C
 634 0215 2AF6FC5B 		.ascii	"*\366\374[\360\007\307t\3357"
 634      F007C774 
 634      DD37
 635              		.text
 636              		.section	.gnu.lto_usb_device_state_set_suspend.5.a6408f752d2fff52,"e",%progbits
 637 0000 789C6591 		.ascii	"x\234e\221=h\024A\030\206\277w\346\356T\210\020\220"
 637      3D681441 
 637      1886BF77 
 637      E6EE5488 
 637      1090
 638 0012 A0A0C581 		.ascii	"\240\240\305\201\004\261\310\355\201\004,\005!\2356"
 638      04B1C8ED 
 638      81042C05 
 638      219D36
 639 0021 21CD3561 		.ascii	"!\3155a\357n\022\327\270w\272?\006\253L.?ER\234I\224"
 639      EF6E12D7 
 639      B877BA3F 
 639      06AB4C2E 
 639      3F45529C 
 640 0037 901F52C8 		.ascii	"\220\037R\310\032\322\245I\020c\324\025\253\200\240"
 640      1AD2A549 
 640      1063D415 
 640      AB80A0
 641 0046 58D908A2 		.ascii	"X\331\010\242\235\205\204\240b!\3527s\027\020]\030\346"
 641      9D8584A0 
 641      6221EA37 
 641      7317105D 
 641      18E6
 642 0058 7B679EEF 		.ascii	"{g\236\357\347\235\335\005\321\012\021\235\345\005I"
 642      E79DDD05 
 642      D10A119D 
 642      E50549
 643 0067 989F9B11 		.ascii	"\230\237\233\021\244\265\276tD`|n\346\030\036\303*\320"
 643      A4B5BE74 
 643      44607C6E 
 643      E6181EC3 
 643      2AD0
 644 0079 98C01816 		.ascii	"\230\300\030\026\344y\226?\036.\357uL\235J$\321\032"
 644      E479963F 
 644      1E2EEF75 
 644      4C9D4A24 
 644      D11A
 645 008b 2FFBAD4A 		.ascii	"/\373\255J\310+t.\325\372\315\273-\255%%\022\330\006"
 645      C82B742E 
 645      D5FACDBB 
 645      2DAD2525 
 645      12D806
 646 009e DFE3028A 		.ascii	"\337\343\002\212dd\351;\0145\332\242~\265)\201G\177"
 646      6464E93B 
 646      0C35DAA2 
 646      7EB52981 
 646      477F
 647 00b0 53A2D410 		.ascii	"S\242\324\020D\271ve\223`c`\007\266\307\254\335L\205"
 647      44B97665 
 647      93606360 
 647      07B6C7AC 
 647      DD4C85
 648 00c3 FD9D7BD3 		.ascii	"\375\235{\323\307\213\211\224x\002\003\230\002\330\005"
 648      C78B8994 
 648      78020398 
 648      02D805
 649 00d2 1F9452C1 		.ascii	"\037\224R\301L\267a\366^M\353\316\361\374!E\207Tk\342"
 649      4CB761F6 
 649      5E4DEBCE 
 649      F1FC2145 
 649      87546BE2 
 650 00e6 9C3593C5 		.ascii	"\2345\223\305S\020\033\345\"\2461\236\331f\006\331|"
 650      53101BE5 
 650      22A6319E 
 650      D96606D9 
 650      7C
 651 00f7 9B4DF5CF 		.ascii	"\233M\365\317\337M\255_oay\265?C\324\224\346yt\006:"
 651      DF4DAD5F 
 651      6F6179B5 
 651      3F43D494 
 651      E6797406 
 652 010c 25BA2B45 		.ascii	"%\272+EKL\260\370\014\375\361~\027}A\343`\343$\027\237"
 652      4B4CB0F8 
 652      0CFDF17E 
 652      177D41E3 
 652      60E32417 
 653 0121 9789CCD8 		.ascii	"\227\211\314\330i'!8\334`C\353 3\312\013 \005\031\200"
 653      69272138 
 653      DC6043EB 
 653      2033CA0B 
 653      20051980 
 654 0135 1DD9C4C5 		.ascii	"\035\331\304\305.\336\032y\236\004/aN>}\373z\224'1\341"
 654      2EDE1A79 
 654      9E042F61 
 654      4E3E7DFB 
 654      7A942731 
 655 014a 83F77D78 		.ascii	"\203\367}x\016\332\307d\236l\251\354\032\277\032\337"
 655      0EDAC764 
 655      9E6CA9EC 
 655      1ABF1ADF 
 656 015a 319AC89C 		.ascii	"1\232\310\234I\374\2608\300\006\214\017:`\265\224\265"
 656      49FCB038 
 656      C0068C0F 
 656      3A60B594 
 656      B5
 657 016b FFA429D1 		.ascii	"\377\244)\321\032\257\221\032Yp\256\325}\345\\\017#"
 657      1AAF911A 
 657      5970AED5 
 657      7DE55C0F 
 657      23
 658 017c 35EA0691 		.ascii	"5\352\006\221\023\326\343\240\242\234;\256\362Gz\302"
 658      13D6E3A0 
 658      A29C3BAE 
 658      F2477AC2 
 659 018c 9B37BCA8 		.ascii	"\2337\274\250g\244\354\364y\201\317\327\212N\337\212"
 659      67A4ECF4 
 659      7981CFD7 
 659      8A4EDF8A 
 660 019c DD5A14FB 		.ascii	"\335Z\024\373N\034\226\007\253\352\266WQ\203a\344F\252"
 660      4E1C9607 
 660      ABEAB657 
 660      518361E4 
 660      46AA
 661 01ae 50A10E2F 		.ascii	"P\241\016/\274\\\257\015y\303q\240\252g\376\007\012"
 661      BC5CAF0D 
 661      79C371A0 
 661      AA67FE07 
 661      0A
 662 01bf BDD5A2BA 		.ascii	"\275\325\242\272X-\367\322\211J\233s#\257^\273\032\373"
 662      582DF7D2 
 662      894A9B73 
 662      23AF5EBB 
 662      1AFB
 663 01d1 651574FE 		.ascii	"e\025t\376\233\360\007\325R\277\016"
 663      9BF007D5 
 663      52BF0E
 664              		.text
 665              		.section	.gnu.lto_usb_device_state_set_resume.6.a6408f752d2fff52,"e",%progbits
 666 0000 789C6590 		.ascii	"x\234e\220MhSA\020\307\347\277\373\222Z\210R\220\242"
 666      4D685341 
 666      10C7E7BF 
 666      FB925A88 
 666      5290A2
 667 0013 A0875C44 		.ascii	"\240\207\\D<4/ \005\217\205B=\351M\017\271\224|\254"
 667      3C342F20 
 667      058F8542 
 667      3DE94D0F 
 667      B9947CAC 
 668 0027 FAAC4934 		.ascii	"\372\254I4\357=\213\247n\322\330C{HS\213\207*\025B\024"
 668      EF3D8BA7 
 668      6ED2D843 
 668      7B48538B 
 668      872A1542 
 669 003c 05518ADF 		.ascii	"\005Q\212\337\265\326\2507\221*\036\274\011\242\247"
 669      B5D6A837 
 669      912A1EBC 
 669      09A2A7
 670 004b 7890228A 		.ascii	"x\220\"\212\"V\235}/-\242\013\313\316\314\376f\346?"
 670      22569D7D 
 670      2F2DA20B 
 670      CBCECCFE 
 670      66E63F
 671 005e D32D882E 		.ascii	"\323-\210.\020\321~\276\210\020f\352\223\202\264\326"
 671      10D17EBE 
 671      881066EA 
 671      9382B4D6 
 672 006e 035D4254 		.ascii	"\003]BT\353S\002\017\300^\334\032\257o\011^\211\331"
 672      EB53020F 
 672      C05EDC1A 
 672      AF6F095E 
 672      89D9
 673 0080 0DC242B9 		.ascii	"\015\302B\271>\331\035\022\003]\2401!-\214\341\234\334"
 673      3ED91D12 
 673      035DA031 
 673      212D8CE1 
 673      9CDC
 674 0092 C381EF97 		.ascii	"\303\201\357\227\347Vbg\2677%\321<\337\340\\\224\220"
 674      E7566267 
 674      B73725D1 
 674      3CDFE05C 
 674      9490
 675 00a4 0768774B 		.ascii	"\007hwK\353W/ok-\251)\201;\340\177\354E\222\214\233"
 675      EB572F6F 
 675      6B2DA929 
 675      813BE07F 
 675      EC45928C 
 676 00b9 7A0E438D 		.ascii	"z\016C\215\206\324Z\207\022\270\3677%Ro@\024\355T6\011"
 676      86D45A87 
 676      12B8F737 
 676      25526F40 
 676      14ED5436 
 677 00ce 810D2C22 		.ascii	"\201\015,\"\3501\025<\246\302\352\342\354\304\346dS"
 677      E831153C 
 677      A6C2EAE2 
 677      ECC4E664 
 677      53
 678 00df 4A3C8401 		.ascii	"J<\204\001L\001,\201\003\251\226`f\227aV^L\350\236r"
 678      4C012C81 
 678      03A99660 
 678      66976156 
 678      5E4CE89E 
 679 00f4 7C9DA275 		.ascii	"|\235\242u*T\034\345a\356_\217\340\021\210G\345\"\246"
 679      2A541CE5 
 679      61EE5F8F 
 679      E0118847 
 679      E522A6
 680 0107 31968366 		.ascii	"1\226\203f\006\271\371:\322\322?\177\327\264\376\326"
 680      06B9F93A 
 680      D2D23F7F 
 680      D7B4FED6 
 681 0117 C4DCD2E1 		.ascii	"\304\334\322\341(X!+\306]\376\255I\263*mA\267\210\246"
 681      2858212B 
 681      C65DFEAD 
 681      49B32A6D 
 681      41B788A6 
 682 012b A5089D71 		.ascii	"\245\010\235qv>B\277\277\324KmT\333\317n\304\032R\314"
 682      763E42BF 
 682      BFD44B6D 
 682      54DBCF6E 
 682      C41A52CC 
 683 013f 48B38D70 		.ascii	"H\263\215pQ5)\313L\012C\212iim\244Y\237P9\177m\033\313"
 683      513529CB 
 683      4C0A438A 
 683      69696DA4 
 683      599F5039 
 684 0157 32B815CC 		.ascii	"2\270\025\314Y\205`\363*\257\342J\320\032O\201'\240"
 684      598560F3 
 684      2AAFE24A 
 684      D01A4F81 
 684      27A0
 685 0169 062B354D 		.ascii	"\006+5M\026z\371\251\304Y\177'\362\341\353\227M\254"
 685      167AF9A9 
 685      C4597F27 
 685      F2E1EB97 
 685      4DAC
 686 017b DF988DB7 		.ascii	"\337\230\215\267Cx\014ZE5NA\231\310<+_\016\222\2332"
 686      43780C5A 
 686      45354E41 
 686      99C83C2B 
 686      5F0E929B 
 687 0190 6A12DF2D 		.ascii	"j\022\337-\034\342\261\315\364\364\231\275[\021\243"
 687      1CE2B1CD 
 687      F4F499BD 
 687      5B11A3
 688 019f EF0782FE 		.ascii	"\357\007\202\376\022B\374jgB\023R\260n\204R+-\203%\354"
 688      1242FC6A 
 688      67421352 
 688      B06E8452 
 688      2B2D8325 
 689 01b4 63C5BCB2 		.ascii	"c\305\274\262\217\273\236\032M\227<\333-\372\245\254"
 689      8FBB9E1A 
 689      4D973CDB 
 689      2DFAA5AC 
 690 01c4 B2CFA455 		.ascii	"\262\317\244U~\244\317=y\302\361\372F2\366\220S\312"
 690      7EA4CF3D 
 690      79C2F1FA 
 690      4632F690 
 690      53CA
 691 01d6 F3B7A21D 		.ascii	"\363\267\242\035\247\374t\301\363\363\266\357f\206s"
 691      A7FC74C1 
 691      F3F3B6EF 
 691      668673
 692 01e5 EAB49355 		.ascii	"\352\264\223U\303\256\227\366T\"K1\307\035,\026\216"
 692      C3AE97F6 
 692      54224B31 
 692      C71D2C16 
 692      8E
 693 01f6 3847FD92 		.ascii	"8G\375\222\312\355\374\037H\364\347\222j_.\323O[\263"
 693      CAEDFC1F 
 693      48F4E792 
 693      6A5F2ED3 
 693      4F5BB3
 694 0209 1D2EED39 		.ascii	"\035.\3559\305\302A?\237Q\245\236\177\023\376\0007\357"
 694      C5C2413F 
 694      9F51A59E 
 694      7F13FE00 
 694      37EF
 695 021b DCD0     		.ascii	"\334\320"
 696              		.text
 697              		.section	.gnu.lto_usb_device_state_set_reset.7.a6408f752d2fff52,"e",%progbits
 698 0000 789C6550 		.ascii	"x\234eP\277/CQ\024>\337\273\255\037\011\211\245!ah\""
 698      BF2F4351 
 698      143EDFBB 
 698      AD1F0989 
 698      A5216168 
 699 0015 22067D4D 		.ascii	"\"\006}MDb4\331\214VM\177\334DQ\245\357\225\260\270"
 699      446234D9 
 699      8C564D7F 
 699      DC4451A5 
 699      EF95B0B8 
 700 0029 8A0E5DAA 		.ascii	"\212\016]\252e\022\351 %&&?\253\361\376\000\223U\204"
 700      6512E920 
 700      2526263F 
 700      ABF1FE00 
 700      935584
 701 003c 60328808 		.ascii	"`2\210\010\211A\302\271\257,\334\344\336{\276s\276\373"
 701      8941C2B9 
 701      AF2CDCE4 
 701      DE7BBE73 
 701      BEFB
 702 004e 9DEFDC24 		.ascii	"\235\357\334$\210\026\210\250\2237\004\241X\310\031"
 702      881688A8 
 702      933704A1 
 702      58C819
 703 005d A4941AAC 		.ascii	"\244\224\032\2547\260T\3105\342\020.\002-\032X\304\272"
 703      37B054C8 
 703      35E2102E 
 703      022D1A58 
 703      C4BA
 704 006f E861F8B1 		.ascii	"\350a\370\261\263y\335\264\332V\026D%\336?\253\356\007"
 704      B379DDB4 
 704      DA561644 
 704      25DE3FAB 
 704      EE07
 705 0081 614BC08D 		.ascii	"aK\300\215\201#\020\0031\254\317nG\251\227\263\215l"
 705      81231003 
 705      31ACCF6E 
 705      47A997B3 
 705      8D6C
 706 0093 73B0CC95 		.ascii	"s\260\314\225c\350z\037\202\204\023pb\3241\230\323\245"
 706      63E87A1F 
 706      82841370 
 706      62D43198 
 706      D3A5
 707 00a5 39D79759 		.ascii	"9\327\227Y\325\262\344\377e\321/\213\245\265\262\356"
 707      D5B2E4FF 
 707      65D12F8B 
 707      A5B5B2EE 
 708 00b5 BFEFC529 		.ascii	"\277\357\305)\210\275\261\210\356\2133\267\227\246\034"
 708      88BDB188 
 708      EE8B33B7 
 708      97A61C
 709 00c4 5C791DF5 		.ascii	"\\y\035\365\371\225W\352\366\035\217U\257\207(/\364"
 709      F99557EA 
 709      F61D8F55 
 709      AF87282F 
 709      F4
 710 00d5 44CA03E5 		.ascii	"D\312\003\345\020\255\011\243\006\226\031<A\335\237"
 710      10AD09A3 
 710      0696193C 
 710      41DD9F
 711 00e4 FAE81999 		.ascii	"\372\350\031\231\327\275V\026/\212\2620\\\317+08\334"
 711      D7BD5616 
 711      2F8AB230 
 711      5CCF2B30 
 711      38DC
 712 00f6 E3797641 		.ascii	"\343yvA\332J\0258\007i\002\000\367a\305\307W\306\317"
 712      DA4A1538 
 712      07690200 
 712      F761C5C7 
 712      57C6CF
 713 0109 4E70E166 		.ascii	"Np\341f\036\336\337\032\330\211\016\267o\206P\001\275"
 713      1EDEDF1A 
 713      D8890EB7 
 713      6F865001 
 713      BD
 714 011a 60C54FAE 		.ascii	"`\305O\256\224(\2610\327\230Z\026\036\375\360\2562\302"
 714      9428B130 
 714      D7985A16 
 714      1EFDF0AE 
 714      32C2
 715 012c 03E839E8 		.ascii	"\003\3509\350\225Q\325\353~b^\240f/\343h\0300\307\222"
 715      9551D5EB 
 715      7E625EA0 
 715      662FE368 
 715      1830C792 
 716 0140 09698E5B 		.ascii	"\011i\216[\266\234\013\247l\323J\246SQi\316\207eb\242"
 716      B69C0BA7 
 716      6CD34AA6 
 716      535169CE 
 716      876562A2 
 717 0154 D79A9E8C 		.ascii	"\327\232\236\214\333\275\023\021s(\236JpYR\373L:<e\247"
 717      DBBD1311 
 717      73289E4A 
 717      705952FB 
 717      4C3A3C65 
 718 0169 1366DA8A 		.ascii	"\023f\332\212\204br6\036\225!\313\016\3332\020\245\226"
 718      84627236 
 718      1E9521CB 
 718      0EDB3210 
 718      A596
 719 017b BFB98EFF 		.ascii	"\277\271\216\377\244@\177,(\007b\221~\372\006\336\\"
 719      A4407F2C 
 719      28076291 
 719      7EFA06DE 
 719      5C
 720 018c 9D41     		.ascii	"\235A"
 721              		.text
 722              		.section	.gnu.lto_usb_device_state_init.8.a6408f752d2fff52,"e",%progbits
 723 0000 789C6550 		.ascii	"x\234eP=,CQ\024>\337\273\255\237\204\304\"$\014MD\304"
 723      3D2C4351 
 723      143EDFBB 
 723      AD9F84C4 
 723      22240C4D 
 724 0016 A0AF8934 		.ascii	"\240\257\21141\232\272\031\255\244?7QU\245\357\225\260"
 724      319ABA19 
 724      ADA43F37 
 724      5155A5EF 
 724      95B0
 725 0028 F4AA3258 		.ascii	"\364\2522X\352o\0221H5\335L\376\212x\233\305D\304$\021"
 725      EA6F1231 
 725      4835DD4C 
 725      FE8A789B 
 725      C544C424 
 726 003d 0C621011 		.ascii	"\014b\020\021\022\203\204s\037\026nr\357=\3379\337\375"
 726      12838473 
 726      1F166E72 
 726      EF3DDF39 
 726      DFFD
 727 004f CE776E0A 		.ascii	"\316wn\012D\323D\324\306\033\202\260\274\264`\220R\252"
 727      44D344D4 
 727      C61B82B0 
 727      BCB46090 
 727      52AA
 728 0061 B7DAC0CC 		.ascii	"\267\332\300\314\322B-v\340\"P\326@\026+\242\223\341"
 728      D2422D76 
 728      E02250D6 
 728      40162BA2 
 728      93E1
 729 0073 FBD6DA43 		.ascii	"\373\326\332C\335\\sQ\020m\360\376YU?\010\353\002n\014"
 729      DD5C7351 
 729      106DF0FE 
 729      59553F08 
 729      EB026E0C 
 730 0087 EC821888 		.ascii	"\354\202\030\210>}v8J=WV\347\353\003E\256\354A\327\273"
 730      3E7D7638 
 730      4A3D5756 
 730      E7EB0345 
 730      AEEC41D7 
 731 009c 1120EC83 		.ascii	"\021 \354\203\023\003\216\301\234v\315y8\233W\0153\276"
 731      13038EC1 
 731      9C76CD79 
 731      389B570D 
 731      33BE
 732 00ae 5F16FDB2 		.ascii	"_\026\375\262XZ+s\377\375\035/\016@\354\215Et_T\334"
 732      585A2B73 
 732      FFFD1D2F 
 732      0E40EC8D 
 732      45745F54 
 733 00c3 5E9AB27D 		.ascii	"^\232\262}\356u\324\307gA\251\323\022\356\257\274\036"
 733      EE75D4C7 
 733      6741A9D3 
 733      12EEAFBC 
 733      1E
 734 00d4 A282D013 		.ascii	"\242\202\320\023)\017\224C\264(\214o0\313\340\021\352"
 734      290F9443 
 734      B4288C6F 
 734      30CBE011 
 734      EA
 735 00e5 F6A2919E 		.ascii	"\366\242\221\236\220{)7\261\370\262(\012\303\365\234"
 735      907B2937 
 735      B1F8B228 
 735      0AC3F59C 
 736 00f5 87C16199 		.ascii	"\207\301a\231\347)\201\264\225c\340\010\244\011\000"
 736      E72981B4 
 736      9563E008 
 736      A40900
 737 0104 DC87978D 		.ascii	"\334\207\227\215|\345|\354\004'n\346\356\355\265\206"
 737      7CE57CEC 
 737      04276EE6 
 737      EEEDB586 
 738 0114 9DE870F3 		.ascii	"\235\350p\363:\204C\3203\362>r\245\304\006\013s\215"
 738      3A8443D0 
 738      33F23E72 
 738      A5C4060B 
 738      738D
 739 0126 A945E1D1 		.ascii	"\251E\341\321\017o.\373y\000=\007\2750\272\362\272\237"
 739      0F6F2EFB 
 739      79003D07 
 739      BD30BAF2 
 739      BA9F
 740 0138 5810F8B6 		.ascii	"X\020\370\266\227s4\364\233C\251\2444\207-[N\206\323"
 740      977334F4 
 740      9B43A9A4 
 740      34872D5B 
 740      4E86D3
 741 014b B669A532 		.ascii	"\266i\2452\351\2504\247\3022\231\350\262\306F\342vW"
 741      E9A834A7 
 741      C23299E8 
 741      B2C646E2 
 741      7657
 742 015d 226286E2 		.ascii	"\"b\206\342\351$\227%\265\214g\302\243v&if\254\310`"
 742      E9249725 
 742      B58C67C2 
 742      A3762669 
 742      66ACC860 
 743 0171 4C4EC4A3 		.ascii	"LN\304\243r\320\262\303\266\364G\251\341o\256\365?\311"
 743      72D0B2C3 
 743      B6F447A9 
 743      E16FAEF5 
 743      3FC9
 744 0183 1F8C0564 		.ascii	"\037\214\005dO,\022\244/\255\037\235="
 744      4F2C12A4 
 744      2FAD1F9D 
 744      3D
 745              		.text
 746              		.section	.gnu.lto_.symbol_nodes.a6408f752d2fff52,"e",%progbits
 747 0000 789C75CF 		.ascii	"x\234u\317\315\015\2000\010\005\340\307o\275\271S\027"
 747      CD0D8030 
 747      0805E0C7 
 747      6FBDB953 
 747      17
 748 0011 A36EE00C 		.ascii	"\243n\340\014\216\341\020\016\341$\266IcOpz\341\203"
 748      8EE1100E 
 748      E124B649 
 748      634F707A 
 748      E183
 749 0023 047602C0 		.ascii	"\004v\002\300\034h\275\224\316\007\010\340n\007aH7\012"
 749      1C68BD94 
 749      CE0708E0 
 749      6E076148 
 749      370A
 750 0035 4A4D8333 		.ascii	"JM\20333\340\250c\306B\322}\017M\255\204\245\266\205"
 750      33E0A863 
 750      C642D27D 
 750      0F4DAD84 
 750      A5B685
 751 0048 6726345F 		.ascii	"g&4_\251\302\363\360\313Eg|Ilu}u\313\037\361\001x\275"
 751      A9C2F3F0 
 751      CB45677C 
 751      496C757D 
 751      75CB1FF1 
 752 005f 3C78     		.ascii	"<x"
 753              		.text
 754              		.section	.gnu.lto_.refs.a6408f752d2fff52,"e",%progbits
 755 0000 789C9367 		.ascii	"x\234\223g```dbdfa`dadfb`d\005\263\331\300lv\020\311"
 755      60606064 
 755      62646661 
 755      60646164 
 755      66626064 
 756 001c 00000856 		.ascii	"\000\000\010V\000_"
 756      005F
 757              		.text
 758              		.section	.gnu.lto_.decls.a6408f752d2fff52,"e",%progbits
 759 0000 789C9554 		.ascii	"x\234\225TolSU\024?\347\336v}}4\333B\272`\200,u\306"
 759      6F6C5355 
 759      143FE7DE 
 759      767D7D34 
 759      DB42BA60 
 760 0018 D844B692 		.ascii	"\330D\266\222\002\012\337\032M0\206\204\360\305/|i\272"
 760      020ADF1A 
 760      4D308684 
 760      F0C52F7C 
 760      69BA
 761 002a BD07ABA3 		.ascii	"\275\007\253\243\355l_A>h.\012a\022\3764B\"\006\201"
 761      ED6C5F41 
 761      3E682E0A 
 761      6112FE34 
 761      42220681 
 762 003e 21064924 		.ascii	"!\006I$d$\203\215\375\2011\0247\306\0206\030cS\030D"
 762      6424838D 
 762      FD813114 
 762      37C61036 
 762      18635318 
 763 0053 B04112C0 		.ascii	"\260A\022\300`\342\037\"\236\373\372\3726Xqr\266\363"
 763      60E21F22 
 763      9EFBFAFA 
 763      36587172 
 763      B6F3
 764 0065 EEEB39E7 		.ascii	"\356\3539\347\367;\347\334w\356\275\355\0048\201\000"
 764      F73BE7DC 
 764      77EEBDED 
 764      04388100 
 765 0075 3E06F098 		.ascii	">\006\360\230D\001\200\213\244\234\264\205\264\223\364"
 765      4401808B 
 765      A49CB485 
 765      B493F4
 766 0084 24E4C445 		.ascii	"$\344\304E\332Kz\316\212\031$\275L:L:BJ4\360#<)\237"
 766      DA4B7ACE 
 766      8A1924BD 
 766      4C3A4C3A 
 766      424A34F0 
 767 009c 93D1416B 		.ascii	"\223\321Ak\255\305u\235\264\307\3621\213\253\027&\313"
 767      ADC5759D 
 767      B4C7F231 
 767      8BAB1726 
 767      CB
 768 00ad 76CCF9F3 		.ascii	"v\314\371\3638\260\370\013\305\356\307\\m\265V\315'"
 768      38B0F80B 
 768      C5EEC75C 
 768      6DB556CD 
 768      27
 769 00be 2DCCD853 		.ascii	"-\314\330S\371\270U\367M+o\241z\277~\016\256\301)\270"
 769      F9B855F7 
 769      4D2B6FA1 
 769      7ABF7E0E 
 769      AEC129B8 
 770 00d2 BE790EAE 		.ascii	"\276y\016\256\313Sp\035!\243s\302~\024\342\030\236\202"
 770      CB53701D 
 770      21A373C2 
 770      7E14E218 
 770      9E82
 771 00e4 E3E8FFE0 		.ascii	"\343\350\377\340\030\231\202\2033\330\305\213\33265"
 771      18998283 
 771      33D8C58B 
 771      DA3635
 772 00f3 EF77CC42 		.ascii	"\357w\314B\244\1777\303\026\374H\010\007-]Bd\305z\017"
 772      A47F37C3 
 772      16FC4808 
 772      072D5D42 
 772      64C57A0F 
 773 0107 E03C9C0B 		.ascii	"\340<\234\013\330\214d\002<\212x\014?\3458\033\037\347"
 773      D88C6402 
 773      3C8A780C 
 773      3FE5381B 
 773      1FE7
 774 0119 16E00A04 		.ascii	"\026\340\012\004\204)7\247\003\266\241I<g\032\177\233"
 774      842937A7 
 774      03B6A149 
 774      3C671A7F 
 774      9B
 775 012a A8D9833D 		.ascii	"\250\331\203=]\015E\212dj\030\353B\213\252\003\261\023"
 775      5D0D458A 
 775      646A18EB 
 775      428BAA03 
 775      B113
 776 013c B11DF138 		.ascii	"\261\035\3618b+\362\3452\360\334\231-=\250\232)\273"
 776      622BF2E5 
 776      32F0DC99 
 776      2D3DA89A 
 776      29BB
 777 014e D7712BF0 		.ascii	"\327q+\360\004R\202|\034\005\365\215\356ir\337B\331"
 777      0452827C 
 777      1C05F58D 
 777      EE6972DF 
 777      42D9
 778 0160 1A3A3444 		.ascii	"\032:4D\034~\215\036*,\347\340\025L\260b\2153\225\253"
 778      1C7E8D1E 
 778      2A2CE7E0 
 778      154CB062 
 778      8D3395AB 
 779 0174 5C53871D 		.ascii	"\\S\207\035%\376\207<\2440\177\211\252\034<\215\245"
 779      25FE873C 
 779      A4307F89 
 779      AA1C3C8D 
 779      A5
 780 0185 AA53612C 		.ascii	"\252Sa,\353\322T\377_x\2105\026\371B\302\241m.\313\272"
 780      EBD254FF 
 780      5F788835 
 780      16F942C2 
 780      A16D2ECB 
 781 019a 04CB2CF5 		.ascii	"\004\313,\365\316\013\3213\353\352A\215P\313\034J)\275"
 781      CE0BD133 
 781      EBEA418D 
 781      50CB1C4A 
 781      29BD
 782 01ac 655DEA43 		.ascii	"e]\352C\336\270\245H\353g\015\257 \025\247\005\275\324"
 782      DEB8A548 
 782      EB670DAF 
 782      2015A705 
 782      BDD4
 783 01be 644851CA 		.ascii	"dHQ\312\313\273y7\357\241N\025\245\351p\231\232u\225"
 783      CBBB7937 
 783      EFA14E15 
 783      A5E97099 
 783      9A7595
 784 01d1 10875FF3 		.ascii	"\020\207_\363\225j\276\222\036tj\232\352\365\003U\241"
 784      956ABE92 
 784      1E746A9A 
 784      EAF50355 
 784      A1
 785 01e2 058321A6 		.ascii	"\005\203!\246\022\265C\351\301 GOP\334\370u\206\352"
 785      12B543E9 
 785      C120474F 
 785      50DCF875 
 785      86EA
 786 01f4 54DDE53E 		.ascii	"T\335\345>?\200\006\213\031\021\363\307yA\027%\325\306"
 786      3F80068B 
 786      1911F3C7 
 786      79411725 
 786      D5C6
 787 0206 7F22FA55 		.ascii	"\177\"\372U\026d|I\226\006\2171\037\200p(\036\017\322"
 787      16647C49 
 787      96068F31 
 787      1F807028 
 787      1E0FD2
 788 0219 F751DCE1 		.ascii	"\367Q\334\341%\332\262\240\012Y\027#\227\327\201\202"
 788      25DAB2A0 
 788      0A591723 
 788      97D78182 
 789 0229 E138522D 		.ascii	"\3418R-\002\304\263\234v\\\376\221\000\346\336\000-"
 789      02C4B39C 
 789      765CFE91 
 789      00E6DE00 
 789      2D
 790 023a 8589696C 		.ascii	"\205\211il?\263^\000\362V[\300^\201Y\034,7V\210\326"
 790      3FB35E00 
 790      F2565BC0 
 790      5E81591C 
 790      2C375688 
 791 024f 0A984F31 		.ascii	"\012\230O1\201\034,:@+$\317cas\003\223\267\344k\221"
 791      811C2C3A 
 791      402B24CF 
 791      63617303 
 791      93B7E46B 
 792 0264 39CC6096 		.ascii	"9\314`\226\267\3322\251\360'd\274\014\311!\251ip\266"
 792      B7DA32A9 
 792      F02764BC 
 792      0CC921A9 
 792      6970B6
 793 0277 DF6A5FEF 		.ascii	"\337j_\357\276M\373&\232\267\336\341X\234\011\321\354"
 793      BE4DFB26 
 793      9AB7DEE1 
 793      589C09D1 
 793      EC
 794 0288 7F007C1F 		.ascii	"\177\000|\037Jo\323\027\217.*t\255\341i4\243\377\334"
 794      4A6FD317 
 794      8F2E2A74 
 794      ADE16934 
 794      A3FFDC
 795 029b BF759347 		.ascii	"\277u\223G^srL\0234\345\323\221\321\323\213\245\344"
 795      5E73724C 
 795      1334E5D3 
 795      91D1D38B 
 795      A5E4
 796 02ad 1C186ABF 		.ascii	"\034\030j\277\346\236ALw\205\360b-~\217xF&\245q\300"
 796      E69E414C 
 796      7785F062 
 796      2D7E8F78 
 796      4626A571 
 797 02c2 EF72F823 		.ascii	"\357r\370#{w|X\2613#\376\330\3357\364qqG\253\020\033"
 797      7B777C58 
 797      B13323FE 
 797      D8DD37F4 
 797      717147AB 
 798 02d8 E8482932 		.ascii	"\350H)2\006\273\345\340S\370\267\024\336Mz\012\261\013"
 798      06BBE5E0 
 798      53F8B714 
 798      DE4D7A0A 
 798      B10B
 799 02ea E7F433FE 		.ascii	"\347\3643\376\240`)\237\374.\372Pr5\035&\032\347:y2"
 799      A060299F 
 799      FC2EFA50 
 799      72351D26 
 799      1AE73A79 
 800 02ff 89E5ACC5 		.ascii	"\211\345\254\305\322G\014gm\226\333\214o\227\007\232"
 800      D2470C67 
 800      6D96DB8C 
 800      6F97079A 
 801 030f EDFA6D6F 		.ascii	"\355\372moS\256\201\223\324\000\031D\343\356Q\227ih"
 801      53AE8193 
 801      D4001944 
 801      E3EE5197 
 801      6968
 802 0321 413C2F8F 		.ascii	"A</\217\322\356_\006\377\341\005\332\270@l?\344r\337"
 802      D2EE5F06 
 802      FFE105DA 
 802      B8406C3F 
 802      E472DF
 803 0334 5DD732C2 		.ascii	"]\3272\302*v\356\024\367;6o\024\245\324\002%\277\200"
 803      2A76EE14 
 803      F73B366F 
 803      14A5D402 
 803      25BF80
 804 0347 D89F4B4E 		.ascii	"\330\237KN\301\375v\352m\214\0373S7l\371\371\313i\022"
 804      C1FD76EA 
 804      6D8C1F33 
 804      53376CF9 
 804      F9CB6912 
 805 035b D4D42B0B 		.ascii	"\324\324+\013\316c\006l\314\200\215\271\203|\320\304"
 805      CE63066C 
 805      CC808DB9 
 805      837CD0C4 
 806 036b 1CD871AA 		.ascii	"\034\330q\252\322\204\234\237\010\271dC.\331\220\023"
 806      D2849C9F 
 806      08B96443 
 806      2ED99013 
 807 037b C8EF9990 		.ascii	"\310\357\231\220\215\355[\373\324\002\345_\241\320\204"
 807      8DED5BFB 
 807      D402E55F 
 807      A1D084
 808 038a 59FD9E6C 		.ascii	"Y\375\236lW\304$\035\265I\257 \016\331\244C6\3511\344"
 808      57C4241D 
 808      B549AF20 
 808      0ED9A443 
 808      36E931E4 
 809 039e 9BB884DC 		.ascii	"\233\270\204\334;\177gC\261\211\311N\304\\\2651Wm\314"
 809      3B7F6743 
 809      B189C94E 
 809      C45CB531 
 809      576DCC
 810 03b1 6179F9D1 		.ascii	"ay\371\321tH\330\266\316#\237\251/\017g\304\375C\327"
 810      7448D8B6 
 810      CE239FA9 
 810      2F0F67C4 
 810      FD43D7
 811 03c4 6A5F90D6 		.ascii	"j_\220\326\016\363v\223W\230y\331\215\342\234\003h\216"
 811      0EF37693 
 811      579879D9 
 811      8DE29C03 
 811      688E
 812 03d6 91C31C23 		.ascii	"\221\303\034#\037\201\276\372\273=\303=t\337\335\027"
 812      1F81BEFA 
 812      BB3DC33D 
 812      74DFDD17 
 813 03e6 8DDDE637 		.ascii	"\215\335\3467\275\206\370\223l\341zn\367[\367=\352p"
 813      BD86F893 
 813      6CE17A6E 
 813      F75BF73D 
 813      EA70
 814 03f8 8F07748E 		.ascii	"\217\007t\216\007\214\321\2037r\250\310\320\247ik\253"
 814      078CD183 
 814      3772A8C8 
 814      D0A7696B 
 814      AB
 815 0409 3F284426 		.ascii	"?(D&$\031nX\205\342M\371\236/\265\231\2013\374F\"\261"
 815      24196E58 
 815      85E24DF9 
 815      9E2FB599 
 815      8133FC46 
 816 041f 6AE67BE9 		.ascii	"j\346{\351H\334H\307\002\351TuX\323WGk\364p\312\210"
 816      48DC48C7 
 816      02E95475 
 816      58D35747 
 816      6BF470CA 
 817 0434 187A558D 		.ascii	"\030zU\215\362\326\322w|o.Z\004\263'\373\252\026hs\365"
 817      F2D6D277 
 817      7C6F2E5A 
 817      04B327FB 
 817      AA166873 
 818 0449 855AF502 		.ascii	"\205Z\365\002(}\332\351JG\343\306\302\260\301\346\203"
 818      287DDAE9 
 818      4A47E3C6 
 818      C2B0C1E6 
 818      83
 819 045a 27928CAD 		.ascii	"'\222\214\255~]\257\214\275\272\242\036\324\232D\322"
 819      7E5DAF8C 
 819      BDBAA21E 
 819      D49A44D2 
 820 046a D0DFAF8C 		.ascii	"\320\337\257\214\315\207\227\342\011#\272bm\370ih\270"
 820      CD8797E2 
 820      0923BA62 
 820      6DF86968 
 820      B8
 821 047b A636125F 		.ascii	"\2466\022_\251\223]O:\326\350\221\272\252@m\"\246\007"
 821      A9935D4F 
 821      3AD6E891 
 821      BAAA406D 
 821      22A607
 822 048e DE4D19FA 		.ascii	"\336M\031\372\232H\322\010\244\022\351d\215\036X\033"
 822      9A48D208 
 822      A412E964 
 822      8D1E581B 
 823 049e D1637595 		.ascii	"\321cu\225\251\372UQ\243\262\256:\2608\232\214\221["
 823      A9FA5551 
 823      A3B2AE3A 
 823      B0389A8C 
 823      915B
 824 04b0 8759CF6E 		.ascii	"\207Y\317n\006^\234\"g]u\305$WJ7\3025\211\370\212\350"
 824      065E9C22 
 824      675D75C5 
 824      24574A37 
 824      C23589F8 
 825 04c6 CA743262 		.ascii	"\312t2bD\023\361I;a\206\244\322\251z=\256\315*\350L"
 825      4413F149 
 825      3B6186A4 
 825      D2A97A3D 
 825      AECD2AE8 
 826 04db EAA9744C 		.ascii	"\352\251tL\237\371,\237n\224MrE\343Q\243\374\277\313"
 826      9FF92C9F 
 826      6E944D72 
 826      45E351A3 
 826      FCBFCB
 827 04ee FD17163C 		.ascii	"\375\027\026<{\346"
 827      7BE6
 828              		.text
 829              		.section	.gnu.lto_.symtab.a6408f752d2fff52,"e",%progbits
 830 0000 6E6F7469 		.ascii	"notify_usb_device_state_change_user\000"
 830      66795F75 
 830      73625F64 
 830      65766963 
 830      655F7374 
 831 0024 00       		.ascii	"\000"
 832 0025 01       		.ascii	"\001"
 833 0026 00       		.ascii	"\000"
 834 0027 00000000 		.ascii	"\000\000\000\000\000\000\000\000"
 834      00000000 
 835 002f C9000000 		.ascii	"\311\000\000\000"
 836 0033 6E6F7469 		.ascii	"notify_usb_device_state_change_kb\000"
 836      66795F75 
 836      73625F64 
 836      65766963 
 836      655F7374 
 837 0055 00       		.ascii	"\000"
 838 0056 01       		.ascii	"\001"
 839 0057 00       		.ascii	"\000"
 840 0058 00000000 		.ascii	"\000\000\000\000\000\000\000\000"
 840      00000000 
 841 0060 CC000000 		.ascii	"\314\000\000\000"
 842 0064 7573625F 		.ascii	"usb_device_state_set_configuration\000"
 842      64657669 
 842      63655F73 
 842      74617465 
 842      5F736574 
 843 0087 00       		.ascii	"\000"
 844 0088 00       		.ascii	"\000"
 845 0089 00       		.ascii	"\000"
 846 008a 00000000 		.ascii	"\000\000\000\000\000\000\000\000"
 846      00000000 
 847 0092 D1000000 		.ascii	"\321\000\000\000"
 848 0096 7573625F 		.ascii	"usb_device_state\000"
 848      64657669 
 848      63655F73 
 848      74617465 
 848      00
 849 00a7 00       		.ascii	"\000"
 850 00a8 00       		.ascii	"\000"
 851 00a9 00       		.ascii	"\000"
 852 00aa 00000000 		.ascii	"\000\000\000\000\000\000\000\000"
 852      00000000 
 853 00b2 DC000000 		.ascii	"\334\000\000\000"
 854 00b6 7573625F 		.ascii	"usb_device_state_set_suspend\000"
 854      64657669 
 854      63655F73 
 854      74617465 
 854      5F736574 
 855 00d3 00       		.ascii	"\000"
 856 00d4 00       		.ascii	"\000"
 857 00d5 00       		.ascii	"\000"
 858 00d6 00000000 		.ascii	"\000\000\000\000\000\000\000\000"
 858      00000000 
 859 00de D3000000 		.ascii	"\323\000\000\000"
 860 00e2 7573625F 		.ascii	"usb_device_state_set_resume\000"
 860      64657669 
 860      63655F73 
 860      74617465 
 860      5F736574 
 861 00fe 00       		.ascii	"\000"
 862 00ff 00       		.ascii	"\000"
 863 0100 00       		.ascii	"\000"
 864 0101 00000000 		.ascii	"\000\000\000\000\000\000\000\000"
 864      00000000 
 865 0109 D5000000 		.ascii	"\325\000\000\000"
 866 010d 7573625F 		.ascii	"usb_device_state_set_reset\000"
 866      64657669 
 866      63655F73 
 866      74617465 
 866      5F736574 
 867 0128 00       		.ascii	"\000"
 868 0129 00       		.ascii	"\000"
 869 012a 00       		.ascii	"\000"
 870 012b 00000000 		.ascii	"\000\000\000\000\000\000\000\000"
 870      00000000 
 871 0133 D8000000 		.ascii	"\330\000\000\000"
 872 0137 7573625F 		.ascii	"usb_device_state_init\000"
 872      64657669 
 872      63655F73 
 872      74617465 
 872      5F696E69 
 873 014d 00       		.ascii	"\000"
 874 014e 00       		.ascii	"\000"
 875 014f 00       		.ascii	"\000"
 876 0150 00000000 		.ascii	"\000\000\000\000\000\000\000\000"
 876      00000000 
 877 0158 DA000000 		.ascii	"\332\000\000\000"
 878              		.text
 879              		.section	.gnu.lto_.ext_symtab.a6408f752d2fff52,"e",%progbits
 880 0000 01       		.ascii	"\001"
 881 0001 01       		.ascii	"\001"
 882 0002 00       		.ascii	"\000"
 883 0003 01       		.ascii	"\001"
 884 0004 00       		.ascii	"\000"
 885 0005 01       		.ascii	"\001"
 886 0006 00       		.ascii	"\000"
 887 0007 02       		.ascii	"\002"
 888 0008 01       		.ascii	"\001"
 889 0009 01       		.ascii	"\001"
 890 000a 00       		.ascii	"\000"
 891 000b 01       		.ascii	"\001"
 892 000c 00       		.ascii	"\000"
 893 000d 01       		.ascii	"\001"
 894 000e 00       		.ascii	"\000"
 895 000f 01       		.ascii	"\001"
 896 0010 00       		.ascii	"\000"
 897              		.text
 898              		.section	.gnu.lto_.opts,"e",%progbits
 899 0000 272D666E 		.ascii	"'-fno-openmp' '-fno-openacc' '-fno-pie' '-fcf-prote"
 899      6F2D6F70 
 899      656E6D70 
 899      2720272D 
 899      666E6F2D 
 900 0033 6374696F 		.ascii	"ction=none' '-g' '-mcpu=cortex-m4' '-mthumb' '-mno-"
 900      6E3D6E6F 
 900      6E652720 
 900      272D6727 
 900      20272D6D 
 901 0066 7468756D 		.ascii	"thumb-interwork' '-mno-unaligned-access' '-mfloat-a"
 901      622D696E 
 901      74657277 
 901      6F726B27 
 901      20272D6D 
 902 0099 62693D68 		.ascii	"bi=hard' '-mfpu=fpv4-sp-d16' '-mlibarch=armv7e-m+fp"
 902      61726427 
 902      20272D6D 
 902      6670753D 
 902      66707634 
 903 00cc 2720272D 		.ascii	"' '-march=armv7e-m+fp' '-Os' '-Ofast' '-fsingle-pre"
 903      6D617263 
 903      683D6172 
 903      6D763765 
 903      2D6D2B66 
 904 00ff 63697369 		.ascii	"cision-constant' '-fomit-frame-pointer' '-ffunction"
 904      6F6E2D63 
 904      6F6E7374 
 904      616E7427 
 904      20272D66 
 905 0132 2D736563 		.ascii	"-sections' '-fdata-sections' '-fshort-wchar' '-fcom"
 905      74696F6E 
 905      73272027 
 905      2D666461 
 905      74612D73 
 906 0165 6D6F6E27 		.ascii	"mon' '-flto' '-Xassembler' '-adhlns=.build/obj_karl"
 906      20272D66 
 906      6C746F27 
 906      20272D58 
 906      61737365 
 907 0198 6B39305F 		.ascii	"k90_yaemk_moonlanderlike/quantum/usb_device_state.l"
 907      7961656D 
 907      6B5F6D6F 
 907      6F6E6C61 
 907      6E646572 
 908 01cb 73742700 		.ascii	"st'\000"
 909              		.text
 910              		.comm	__gnu_lto_slim,1,1
 911              		.ident	"GCC: (15:10.3-2021.07-4) 10.3.1 20210621 (release)"
DEFINED SYMBOLS
                            *ABS*:0000000000000000 usb_device_state.c
     /tmp/cccLRaln.s:19     .gnu.debuglto_.debug_info:0000000000000000 usb_device_state.c.5d0e8db5
                            *COM*:0000000000000001 __gnu_lto_slim

NO UNDEFINED SYMBOLS
