   1              		.cpu cortex-m4
   2              		.eabi_attribute 27, 1
   3              		.eabi_attribute 28, 1
   4              		.eabi_attribute 23, 1
   5              		.eabi_attribute 24, 1
   6              		.eabi_attribute 25, 1
   7              		.eabi_attribute 26, 1
   8              		.eabi_attribute 30, 2
   9              		.eabi_attribute 34, 0
  10              		.eabi_attribute 18, 2
  11              		.file	"crt1.c"
  12              		.file 1 "lib/chibios/os/common/startup/ARMCMx/compilers/GCC/crt1.c"
  13              		.file 2 "/usr/lib/gcc/arm-none-eabi/10.3.1/include/stdint.h"
  14              		.section	.gnu.debuglto_.debug_info,"e",%progbits
  15              	.Ldebug_info0:
  16              		.hidden	crt1.c.44019e53
  17              		.weak	crt1.c.44019e53
  18              	crt1.c.44019e53:
  19 0000 B8020000 		.4byte	0x2b8
  20 0004 0400     		.2byte	0x4
  21 0006 00000000 		.4byte	.Ldebug_abbrev0
  22 000a 04       		.byte	0x4
  23 000b 01       		.uleb128 0x1
  24 000c B0020000 		.4byte	.LASF51
  25 0010 0C       		.byte	0xc
  26 0011 BE000000 		.4byte	.LASF52
  27 0015 DF010000 		.4byte	.LASF53
  28 0019 00000000 		.4byte	.Ldebug_line0
  29 001d 02       		.uleb128 0x2
  30 001e 01       		.byte	0x1
  31 001f 06       		.byte	0x6
  32 0020 93040000 		.4byte	.LASF0
  33 0024 02       		.uleb128 0x2
  34 0025 02       		.byte	0x2
  35 0026 05       		.byte	0x5
  36 0027 49040000 		.4byte	.LASF1
  37 002b 02       		.uleb128 0x2
  38 002c 04       		.byte	0x4
  39 002d 05       		.byte	0x5
  40 002e 7A040000 		.4byte	.LASF2
  41 0032 02       		.uleb128 0x2
  42 0033 08       		.byte	0x8
  43 0034 05       		.byte	0x5
  44 0035 F6030000 		.4byte	.LASF3
  45 0039 02       		.uleb128 0x2
  46 003a 01       		.byte	0x1
  47 003b 08       		.byte	0x8
  48 003c AF010000 		.4byte	.LASF4
  49 0040 02       		.uleb128 0x2
  50 0041 02       		.byte	0x2
  51 0042 07       		.byte	0x7
  52 0043 80000000 		.4byte	.LASF5
  53 0047 03       		.uleb128 0x3
  54 0048 71040000 		.4byte	.LASF13
  55 004c 02       		.byte	0x2
  56 004d 34       		.byte	0x34
  57 004e 19       		.byte	0x19
  58 004f 53000000 		.4byte	0x53
  59 0053 02       		.uleb128 0x2
  60 0054 04       		.byte	0x4
  61 0055 07       		.byte	0x7
  62 0056 54010000 		.4byte	.LASF6
  63 005a 02       		.uleb128 0x2
  64 005b 08       		.byte	0x8
  65 005c 07       		.byte	0x7
  66 005d 79020000 		.4byte	.LASF7
  67 0061 04       		.uleb128 0x4
  68 0062 04       		.byte	0x4
  69 0063 05       		.byte	0x5
  70 0064 696E7400 		.ascii	"int\000"
  71 0068 02       		.uleb128 0x2
  72 0069 04       		.byte	0x4
  73 006a 07       		.byte	0x7
  74 006b 6C020000 		.4byte	.LASF8
  75 006f 05       		.uleb128 0x5
  76 0070 10       		.byte	0x10
  77 0071 01       		.byte	0x1
  78 0072 35       		.byte	0x35
  79 0073 09       		.byte	0x9
  80 0074 AD000000 		.4byte	0xad
  81 0078 06       		.uleb128 0x6
  82 0079 53040000 		.4byte	.LASF9
  83 007d 01       		.byte	0x1
  84 007e 36       		.byte	0x36
  85 007f 1A       		.byte	0x1a
  86 0080 AD000000 		.4byte	0xad
  87 0084 00       		.byte	0
  88 0085 06       		.uleb128 0x6
  89 0086 59000000 		.4byte	.LASF10
  90 008a 01       		.byte	0x1
  91 008b 37       		.byte	0x37
  92 008c 1A       		.byte	0x1a
  93 008d AD000000 		.4byte	0xad
  94 0091 04       		.byte	0x4
  95 0092 06       		.uleb128 0x6
  96 0093 2E010000 		.4byte	.LASF11
  97 0097 01       		.byte	0x1
  98 0098 38       		.byte	0x38
  99 0099 1A       		.byte	0x1a
 100 009a AD000000 		.4byte	0xad
 101 009e 08       		.byte	0x8
 102 009f 06       		.uleb128 0x6
 103 00a0 D9030000 		.4byte	.LASF12
 104 00a4 01       		.byte	0x1
 105 00a5 39       		.byte	0x39
 106 00a6 1A       		.byte	0x1a
 107 00a7 AD000000 		.4byte	0xad
 108 00ab 0C       		.byte	0xc
 109 00ac 00       		.byte	0
 110 00ad 07       		.uleb128 0x7
 111 00ae 04       		.byte	0x4
 112 00af 47000000 		.4byte	0x47
 113 00b3 03       		.uleb128 0x3
 114 00b4 0D020000 		.4byte	.LASF14
 115 00b8 01       		.byte	0x1
 116 00b9 3A       		.byte	0x3a
 117 00ba 03       		.byte	0x3
 118 00bb 6F000000 		.4byte	0x6f
 119 00bf 08       		.uleb128 0x8
 120 00c0 B3000000 		.4byte	0xb3
 121 00c4 09       		.uleb128 0x9
 122 00c5 6D000000 		.4byte	.LASF15
 123 00c9 01       		.byte	0x1
 124 00ca 41       		.byte	0x41
 125 00cb 11       		.byte	0x11
 126 00cc 47000000 		.4byte	0x47
 127 00d0 09       		.uleb128 0x9
 128 00d1 66010000 		.4byte	.LASF16
 129 00d5 01       		.byte	0x1
 130 00d6 41       		.byte	0x41
 131 00d7 25       		.byte	0x25
 132 00d8 47000000 		.4byte	0x47
 133 00dc 09       		.uleb128 0x9
 134 00dd 62040000 		.4byte	.LASF17
 135 00e1 01       		.byte	0x1
 136 00e2 41       		.byte	0x41
 137 00e3 34       		.byte	0x34
 138 00e4 47000000 		.4byte	0x47
 139 00e8 09       		.uleb128 0x9
 140 00e9 2D000000 		.4byte	.LASF18
 141 00ed 01       		.byte	0x1
 142 00ee 41       		.byte	0x41
 143 00ef 44       		.byte	0x44
 144 00f0 47000000 		.4byte	0x47
 145 00f4 09       		.uleb128 0x9
 146 00f5 14040000 		.4byte	.LASF19
 147 00f9 01       		.byte	0x1
 148 00fa 44       		.byte	0x44
 149 00fb 11       		.byte	0x11
 150 00fc 47000000 		.4byte	0x47
 151 0100 09       		.uleb128 0x9
 152 0101 A2000000 		.4byte	.LASF20
 153 0105 01       		.byte	0x1
 154 0106 44       		.byte	0x44
 155 0107 25       		.byte	0x25
 156 0108 47000000 		.4byte	0x47
 157 010c 09       		.uleb128 0x9
 158 010d 82010000 		.4byte	.LASF21
 159 0111 01       		.byte	0x1
 160 0112 44       		.byte	0x44
 161 0113 34       		.byte	0x34
 162 0114 47000000 		.4byte	0x47
 163 0118 09       		.uleb128 0x9
 164 0119 83040000 		.4byte	.LASF22
 165 011d 01       		.byte	0x1
 166 011e 44       		.byte	0x44
 167 011f 44       		.byte	0x44
 168 0120 47000000 		.4byte	0x47
 169 0124 09       		.uleb128 0x9
 170 0125 CC010000 		.4byte	.LASF23
 171 0129 01       		.byte	0x1
 172 012a 47       		.byte	0x47
 173 012b 11       		.byte	0x11
 174 012c 47000000 		.4byte	0x47
 175 0130 09       		.uleb128 0x9
 176 0131 11000000 		.4byte	.LASF24
 177 0135 01       		.byte	0x1
 178 0136 47       		.byte	0x47
 179 0137 25       		.byte	0x25
 180 0138 47000000 		.4byte	0x47
 181 013c 09       		.uleb128 0x9
 182 013d 27040000 		.4byte	.LASF25
 183 0141 01       		.byte	0x1
 184 0142 47       		.byte	0x47
 185 0143 34       		.byte	0x34
 186 0144 47000000 		.4byte	0x47
 187 0148 09       		.uleb128 0x9
 188 0149 04040000 		.4byte	.LASF26
 189 014d 01       		.byte	0x1
 190 014e 47       		.byte	0x47
 191 014f 44       		.byte	0x44
 192 0150 47000000 		.4byte	0x47
 193 0154 09       		.uleb128 0x9
 194 0155 1B010000 		.4byte	.LASF27
 195 0159 01       		.byte	0x1
 196 015a 4A       		.byte	0x4a
 197 015b 11       		.byte	0x11
 198 015c 47000000 		.4byte	0x47
 199 0160 09       		.uleb128 0x9
 200 0161 A1010000 		.4byte	.LASF28
 201 0165 01       		.byte	0x1
 202 0166 4A       		.byte	0x4a
 203 0167 25       		.byte	0x25
 204 0168 47000000 		.4byte	0x47
 205 016c 09       		.uleb128 0x9
 206 016d 93000000 		.4byte	.LASF29
 207 0171 01       		.byte	0x1
 208 0172 4A       		.byte	0x4a
 209 0173 34       		.byte	0x34
 210 0174 47000000 		.4byte	0x47
 211 0178 09       		.uleb128 0x9
 212 0179 E6030000 		.4byte	.LASF30
 213 017d 01       		.byte	0x1
 214 017e 4A       		.byte	0x4a
 215 017f 44       		.byte	0x44
 216 0180 47000000 		.4byte	0x47
 217 0184 09       		.uleb128 0x9
 218 0185 36040000 		.4byte	.LASF31
 219 0189 01       		.byte	0x1
 220 018a 4D       		.byte	0x4d
 221 018b 11       		.byte	0x11
 222 018c 47000000 		.4byte	0x47
 223 0190 09       		.uleb128 0x9
 224 0191 3F020000 		.4byte	.LASF32
 225 0195 01       		.byte	0x1
 226 0196 4D       		.byte	0x4d
 227 0197 25       		.byte	0x25
 228 0198 47000000 		.4byte	0x47
 229 019c 09       		.uleb128 0x9
 230 019d 4D020000 		.4byte	.LASF33
 231 01a1 01       		.byte	0x1
 232 01a2 4D       		.byte	0x4d
 233 01a3 34       		.byte	0x34
 234 01a4 47000000 		.4byte	0x47
 235 01a8 09       		.uleb128 0x9
 236 01a9 5C020000 		.4byte	.LASF34
 237 01ad 01       		.byte	0x1
 238 01ae 4D       		.byte	0x4d
 239 01af 44       		.byte	0x44
 240 01b0 47000000 		.4byte	0x47
 241 01b4 09       		.uleb128 0x9
 242 01b5 1D020000 		.4byte	.LASF35
 243 01b9 01       		.byte	0x1
 244 01ba 50       		.byte	0x50
 245 01bb 11       		.byte	0x11
 246 01bc 47000000 		.4byte	0x47
 247 01c0 09       		.uleb128 0x9
 248 01c1 74010000 		.4byte	.LASF36
 249 01c5 01       		.byte	0x1
 250 01c6 50       		.byte	0x50
 251 01c7 25       		.byte	0x25
 252 01c8 47000000 		.4byte	0x47
 253 01cc 09       		.uleb128 0x9
 254 01cd 9F040000 		.4byte	.LASF37
 255 01d1 01       		.byte	0x1
 256 01d2 50       		.byte	0x50
 257 01d3 34       		.byte	0x34
 258 01d4 47000000 		.4byte	0x47
 259 01d8 09       		.uleb128 0x9
 260 01d9 91010000 		.4byte	.LASF38
 261 01dd 01       		.byte	0x1
 262 01de 50       		.byte	0x50
 263 01df 44       		.byte	0x44
 264 01e0 47000000 		.4byte	0x47
 265 01e4 09       		.uleb128 0x9
 266 01e5 F8000000 		.4byte	.LASF39
 267 01e9 01       		.byte	0x1
 268 01ea 53       		.byte	0x53
 269 01eb 11       		.byte	0x11
 270 01ec 47000000 		.4byte	0x47
 271 01f0 09       		.uleb128 0x9
 272 01f1 B0000000 		.4byte	.LASF40
 273 01f5 01       		.byte	0x1
 274 01f6 53       		.byte	0x53
 275 01f7 25       		.byte	0x25
 276 01f8 47000000 		.4byte	0x47
 277 01fc 09       		.uleb128 0x9
 278 01fd 45010000 		.4byte	.LASF41
 279 0201 01       		.byte	0x1
 280 0202 53       		.byte	0x53
 281 0203 34       		.byte	0x34
 282 0204 47000000 		.4byte	0x47
 283 0208 09       		.uleb128 0x9
 284 0209 0B010000 		.4byte	.LASF42
 285 020d 01       		.byte	0x1
 286 020e 53       		.byte	0x53
 287 020f 44       		.byte	0x44
 288 0210 47000000 		.4byte	0x47
 289 0214 09       		.uleb128 0x9
 290 0215 90020000 		.4byte	.LASF43
 291 0219 01       		.byte	0x1
 292 021a 56       		.byte	0x56
 293 021b 11       		.byte	0x11
 294 021c 47000000 		.4byte	0x47
 295 0220 09       		.uleb128 0x9
 296 0221 1F000000 		.4byte	.LASF44
 297 0225 01       		.byte	0x1
 298 0226 56       		.byte	0x56
 299 0227 25       		.byte	0x25
 300 0228 47000000 		.4byte	0x47
 301 022c 09       		.uleb128 0x9
 302 022d 30020000 		.4byte	.LASF45
 303 0231 01       		.byte	0x1
 304 0232 56       		.byte	0x56
 305 0233 34       		.byte	0x34
 306 0234 47000000 		.4byte	0x47
 307 0238 09       		.uleb128 0x9
 308 0239 49000000 		.4byte	.LASF46
 309 023d 01       		.byte	0x1
 310 023e 56       		.byte	0x56
 311 023f 44       		.byte	0x44
 312 0240 47000000 		.4byte	0x47
 313 0244 0A       		.uleb128 0xa
 314 0245 BF000000 		.4byte	0xbf
 315 0249 54020000 		.4byte	0x254
 316 024d 0B       		.uleb128 0xb
 317 024e 68000000 		.4byte	0x68
 318 0252 07       		.byte	0x7
 319 0253 00       		.byte	0
 320 0254 08       		.uleb128 0x8
 321 0255 44020000 		.4byte	0x244
 322 0259 0C       		.uleb128 0xc
 323 025a 63000000 		.4byte	.LASF47
 324 025e 01       		.byte	0x1
 325 025f 5D       		.byte	0x5d
 326 0260 1E       		.byte	0x1e
 327 0261 54020000 		.4byte	0x254
 328 0265 0D       		.uleb128 0xd
 329 0266 00000000 		.4byte	.LASF54
 330 026a 01       		.byte	0x1
 331 026b C1       		.byte	0xc1
 332 026c 06       		.byte	0x6
 333 026d 95020000 		.4byte	0x295
 334 0271 0E       		.uleb128 0xe
 335 0272 72617000 		.ascii	"rap\000"
 336 0276 01       		.byte	0x1
 337 0277 C3       		.byte	0xc3
 338 0278 1A       		.byte	0x1a
 339 0279 95020000 		.4byte	0x295
 340 027d 0F       		.uleb128 0xf
 341 027e 0E       		.uleb128 0xe
 342 027f 747000   		.ascii	"tp\000"
 343 0282 01       		.byte	0x1
 344 0283 C6       		.byte	0xc6
 345 0284 0F       		.byte	0xf
 346 0285 AD000000 		.4byte	0xad
 347 0289 0E       		.uleb128 0xe
 348 028a 7000     		.ascii	"p\000"
 349 028c 01       		.byte	0x1
 350 028d C7       		.byte	0xc7
 351 028e 0F       		.byte	0xf
 352 028f AD000000 		.4byte	0xad
 353 0293 00       		.byte	0
 354 0294 00       		.byte	0
 355 0295 07       		.uleb128 0x7
 356 0296 04       		.byte	0x4
 357 0297 BF000000 		.4byte	0xbf
 358 029b 10       		.uleb128 0x10
 359 029c BD010000 		.4byte	.LASF55
 360 02a0 01       		.byte	0x1
 361 02a1 B7       		.byte	0xb7
 362 02a2 06       		.byte	0x6
 363 02a3 11       		.uleb128 0x11
 364 02a4 39010000 		.4byte	.LASF48
 365 02a8 01       		.byte	0x1
 366 02a9 AA       		.byte	0xaa
 367 02aa 06       		.byte	0x6
 368 02ab 11       		.uleb128 0x11
 369 02ac A3020000 		.4byte	.LASF49
 370 02b0 01       		.byte	0x1
 371 02b1 9C       		.byte	0x9c
 372 02b2 06       		.byte	0x6
 373 02b3 11       		.uleb128 0x11
 374 02b4 3D000000 		.4byte	.LASF50
 375 02b8 01       		.byte	0x1
 376 02b9 89       		.byte	0x89
 377 02ba 06       		.byte	0x6
 378 02bb 00       		.byte	0
 379              		.section	.gnu.debuglto_.debug_abbrev,"e",%progbits
 380              	.Ldebug_abbrev0:
 381 0000 01       		.uleb128 0x1
 382 0001 11       		.uleb128 0x11
 383 0002 01       		.byte	0x1
 384 0003 25       		.uleb128 0x25
 385 0004 0E       		.uleb128 0xe
 386 0005 13       		.uleb128 0x13
 387 0006 0B       		.uleb128 0xb
 388 0007 03       		.uleb128 0x3
 389 0008 0E       		.uleb128 0xe
 390 0009 1B       		.uleb128 0x1b
 391 000a 0E       		.uleb128 0xe
 392 000b 10       		.uleb128 0x10
 393 000c 17       		.uleb128 0x17
 394 000d 00       		.byte	0
 395 000e 00       		.byte	0
 396 000f 02       		.uleb128 0x2
 397 0010 24       		.uleb128 0x24
 398 0011 00       		.byte	0
 399 0012 0B       		.uleb128 0xb
 400 0013 0B       		.uleb128 0xb
 401 0014 3E       		.uleb128 0x3e
 402 0015 0B       		.uleb128 0xb
 403 0016 03       		.uleb128 0x3
 404 0017 0E       		.uleb128 0xe
 405 0018 00       		.byte	0
 406 0019 00       		.byte	0
 407 001a 03       		.uleb128 0x3
 408 001b 16       		.uleb128 0x16
 409 001c 00       		.byte	0
 410 001d 03       		.uleb128 0x3
 411 001e 0E       		.uleb128 0xe
 412 001f 3A       		.uleb128 0x3a
 413 0020 0B       		.uleb128 0xb
 414 0021 3B       		.uleb128 0x3b
 415 0022 0B       		.uleb128 0xb
 416 0023 39       		.uleb128 0x39
 417 0024 0B       		.uleb128 0xb
 418 0025 49       		.uleb128 0x49
 419 0026 13       		.uleb128 0x13
 420 0027 00       		.byte	0
 421 0028 00       		.byte	0
 422 0029 04       		.uleb128 0x4
 423 002a 24       		.uleb128 0x24
 424 002b 00       		.byte	0
 425 002c 0B       		.uleb128 0xb
 426 002d 0B       		.uleb128 0xb
 427 002e 3E       		.uleb128 0x3e
 428 002f 0B       		.uleb128 0xb
 429 0030 03       		.uleb128 0x3
 430 0031 08       		.uleb128 0x8
 431 0032 00       		.byte	0
 432 0033 00       		.byte	0
 433 0034 05       		.uleb128 0x5
 434 0035 13       		.uleb128 0x13
 435 0036 01       		.byte	0x1
 436 0037 0B       		.uleb128 0xb
 437 0038 0B       		.uleb128 0xb
 438 0039 3A       		.uleb128 0x3a
 439 003a 0B       		.uleb128 0xb
 440 003b 3B       		.uleb128 0x3b
 441 003c 0B       		.uleb128 0xb
 442 003d 39       		.uleb128 0x39
 443 003e 0B       		.uleb128 0xb
 444 003f 01       		.uleb128 0x1
 445 0040 13       		.uleb128 0x13
 446 0041 00       		.byte	0
 447 0042 00       		.byte	0
 448 0043 06       		.uleb128 0x6
 449 0044 0D       		.uleb128 0xd
 450 0045 00       		.byte	0
 451 0046 03       		.uleb128 0x3
 452 0047 0E       		.uleb128 0xe
 453 0048 3A       		.uleb128 0x3a
 454 0049 0B       		.uleb128 0xb
 455 004a 3B       		.uleb128 0x3b
 456 004b 0B       		.uleb128 0xb
 457 004c 39       		.uleb128 0x39
 458 004d 0B       		.uleb128 0xb
 459 004e 49       		.uleb128 0x49
 460 004f 13       		.uleb128 0x13
 461 0050 38       		.uleb128 0x38
 462 0051 0B       		.uleb128 0xb
 463 0052 00       		.byte	0
 464 0053 00       		.byte	0
 465 0054 07       		.uleb128 0x7
 466 0055 0F       		.uleb128 0xf
 467 0056 00       		.byte	0
 468 0057 0B       		.uleb128 0xb
 469 0058 0B       		.uleb128 0xb
 470 0059 49       		.uleb128 0x49
 471 005a 13       		.uleb128 0x13
 472 005b 00       		.byte	0
 473 005c 00       		.byte	0
 474 005d 08       		.uleb128 0x8
 475 005e 26       		.uleb128 0x26
 476 005f 00       		.byte	0
 477 0060 49       		.uleb128 0x49
 478 0061 13       		.uleb128 0x13
 479 0062 00       		.byte	0
 480 0063 00       		.byte	0
 481 0064 09       		.uleb128 0x9
 482 0065 34       		.uleb128 0x34
 483 0066 00       		.byte	0
 484 0067 03       		.uleb128 0x3
 485 0068 0E       		.uleb128 0xe
 486 0069 3A       		.uleb128 0x3a
 487 006a 0B       		.uleb128 0xb
 488 006b 3B       		.uleb128 0x3b
 489 006c 0B       		.uleb128 0xb
 490 006d 39       		.uleb128 0x39
 491 006e 0B       		.uleb128 0xb
 492 006f 49       		.uleb128 0x49
 493 0070 13       		.uleb128 0x13
 494 0071 3F       		.uleb128 0x3f
 495 0072 19       		.uleb128 0x19
 496 0073 3C       		.uleb128 0x3c
 497 0074 19       		.uleb128 0x19
 498 0075 00       		.byte	0
 499 0076 00       		.byte	0
 500 0077 0A       		.uleb128 0xa
 501 0078 01       		.uleb128 0x1
 502 0079 01       		.byte	0x1
 503 007a 49       		.uleb128 0x49
 504 007b 13       		.uleb128 0x13
 505 007c 01       		.uleb128 0x1
 506 007d 13       		.uleb128 0x13
 507 007e 00       		.byte	0
 508 007f 00       		.byte	0
 509 0080 0B       		.uleb128 0xb
 510 0081 21       		.uleb128 0x21
 511 0082 00       		.byte	0
 512 0083 49       		.uleb128 0x49
 513 0084 13       		.uleb128 0x13
 514 0085 2F       		.uleb128 0x2f
 515 0086 0B       		.uleb128 0xb
 516 0087 00       		.byte	0
 517 0088 00       		.byte	0
 518 0089 0C       		.uleb128 0xc
 519 008a 34       		.uleb128 0x34
 520 008b 00       		.byte	0
 521 008c 03       		.uleb128 0x3
 522 008d 0E       		.uleb128 0xe
 523 008e 3A       		.uleb128 0x3a
 524 008f 0B       		.uleb128 0xb
 525 0090 3B       		.uleb128 0x3b
 526 0091 0B       		.uleb128 0xb
 527 0092 39       		.uleb128 0x39
 528 0093 0B       		.uleb128 0xb
 529 0094 49       		.uleb128 0x49
 530 0095 13       		.uleb128 0x13
 531 0096 00       		.byte	0
 532 0097 00       		.byte	0
 533 0098 0D       		.uleb128 0xd
 534 0099 2E       		.uleb128 0x2e
 535 009a 01       		.byte	0x1
 536 009b 3F       		.uleb128 0x3f
 537 009c 19       		.uleb128 0x19
 538 009d 03       		.uleb128 0x3
 539 009e 0E       		.uleb128 0xe
 540 009f 3A       		.uleb128 0x3a
 541 00a0 0B       		.uleb128 0xb
 542 00a1 3B       		.uleb128 0x3b
 543 00a2 0B       		.uleb128 0xb
 544 00a3 39       		.uleb128 0x39
 545 00a4 0B       		.uleb128 0xb
 546 00a5 27       		.uleb128 0x27
 547 00a6 19       		.uleb128 0x19
 548 00a7 01       		.uleb128 0x1
 549 00a8 13       		.uleb128 0x13
 550 00a9 00       		.byte	0
 551 00aa 00       		.byte	0
 552 00ab 0E       		.uleb128 0xe
 553 00ac 34       		.uleb128 0x34
 554 00ad 00       		.byte	0
 555 00ae 03       		.uleb128 0x3
 556 00af 08       		.uleb128 0x8
 557 00b0 3A       		.uleb128 0x3a
 558 00b1 0B       		.uleb128 0xb
 559 00b2 3B       		.uleb128 0x3b
 560 00b3 0B       		.uleb128 0xb
 561 00b4 39       		.uleb128 0x39
 562 00b5 0B       		.uleb128 0xb
 563 00b6 49       		.uleb128 0x49
 564 00b7 13       		.uleb128 0x13
 565 00b8 00       		.byte	0
 566 00b9 00       		.byte	0
 567 00ba 0F       		.uleb128 0xf
 568 00bb 0B       		.uleb128 0xb
 569 00bc 01       		.byte	0x1
 570 00bd 00       		.byte	0
 571 00be 00       		.byte	0
 572 00bf 10       		.uleb128 0x10
 573 00c0 2E       		.uleb128 0x2e
 574 00c1 00       		.byte	0
 575 00c2 3F       		.uleb128 0x3f
 576 00c3 19       		.uleb128 0x19
 577 00c4 03       		.uleb128 0x3
 578 00c5 0E       		.uleb128 0xe
 579 00c6 3A       		.uleb128 0x3a
 580 00c7 0B       		.uleb128 0xb
 581 00c8 3B       		.uleb128 0x3b
 582 00c9 0B       		.uleb128 0xb
 583 00ca 39       		.uleb128 0x39
 584 00cb 0B       		.uleb128 0xb
 585 00cc 27       		.uleb128 0x27
 586 00cd 19       		.uleb128 0x19
 587 00ce 8701     		.uleb128 0x87
 588 00d0 19       		.uleb128 0x19
 589 00d1 00       		.byte	0
 590 00d2 00       		.byte	0
 591 00d3 11       		.uleb128 0x11
 592 00d4 2E       		.uleb128 0x2e
 593 00d5 00       		.byte	0
 594 00d6 3F       		.uleb128 0x3f
 595 00d7 19       		.uleb128 0x19
 596 00d8 03       		.uleb128 0x3
 597 00d9 0E       		.uleb128 0xe
 598 00da 3A       		.uleb128 0x3a
 599 00db 0B       		.uleb128 0xb
 600 00dc 3B       		.uleb128 0x3b
 601 00dd 0B       		.uleb128 0xb
 602 00de 39       		.uleb128 0x39
 603 00df 0B       		.uleb128 0xb
 604 00e0 27       		.uleb128 0x27
 605 00e1 19       		.uleb128 0x19
 606 00e2 00       		.byte	0
 607 00e3 00       		.byte	0
 608 00e4 00       		.byte	0
 609              		.section	.gnu.debuglto_.debug_line,"e",%progbits
 610              	.Ldebug_line0:
 611 0000 8D000000 		.4byte	.LELT0-.LSLT0
 612              	.LSLT0:
 613 0004 0400     		.2byte	0x4
 614 0006 87000000 		.4byte	.LELTP0-.LASLTP0
 615              	.LASLTP0:
 616 000a 01       		.byte	0x1
 617 000b 01       		.byte	0x1
 618 000c 01       		.byte	0x1
 619 000d F6       		.byte	0xf6
 620 000e F2       		.byte	0xf2
 621 000f 0D       		.byte	0xd
 622 0010 00       		.byte	0
 623 0011 01       		.byte	0x1
 624 0012 01       		.byte	0x1
 625 0013 01       		.byte	0x1
 626 0014 01       		.byte	0x1
 627 0015 00       		.byte	0
 628 0016 00       		.byte	0
 629 0017 00       		.byte	0
 630 0018 01       		.byte	0x1
 631 0019 00       		.byte	0
 632 001a 00       		.byte	0
 633 001b 01       		.byte	0x1
 634 001c 6C69622F 		.ascii	"lib/chibios/os/common/startup/ARMCMx/compilers/GCC"
 634      63686962 
 634      696F732F 
 634      6F732F63 
 634      6F6D6D6F 
 635 004e 00       		.byte	0
 636 004f 2F757372 		.ascii	"/usr/lib/gcc/arm-none-eabi/10.3.1/include"
 636      2F6C6962 
 636      2F676363 
 636      2F61726D 
 636      2D6E6F6E 
 637 0078 00       		.byte	0
 638 0079 00       		.byte	0
 639 007a 63727431 		.ascii	"crt1.c\000"
 639      2E6300
 640 0081 01       		.uleb128 0x1
 641 0082 00       		.uleb128 0
 642 0083 00       		.uleb128 0
 643 0084 73746469 		.ascii	"stdint.h\000"
 643      6E742E68 
 643      00
 644 008d 02       		.uleb128 0x2
 645 008e 00       		.uleb128 0
 646 008f 00       		.uleb128 0
 647 0090 00       		.byte	0
 648              	.LELTP0:
 649              	.LELT0:
 650              		.section	.gnu.debuglto_.debug_str,"eMS",%progbits,1
 651              	.LASF54:
 652 0000 5F5F696E 		.ascii	"__init_ram_areas\000"
 652      69745F72 
 652      616D5F61 
 652      72656173 
 652      00
 653              	.LASF24:
 654 0011 5F5F7261 		.ascii	"__ram2_init__\000"
 654      6D325F69 
 654      6E69745F 
 654      5F00
 655              	.LASF44:
 656 001f 5F5F7261 		.ascii	"__ram7_init__\000"
 656      6D375F69 
 656      6E69745F 
 656      5F00
 657              	.LASF18:
 658 002d 5F5F7261 		.ascii	"__ram0_noinit__\000"
 658      6D305F6E 
 658      6F696E69 
 658      745F5F00 
 659              	.LASF50:
 660 003d 5F5F636F 		.ascii	"__core_init\000"
 660      72655F69 
 660      6E697400 
 661              	.LASF46:
 662 0049 5F5F7261 		.ascii	"__ram7_noinit__\000"
 662      6D375F6E 
 662      6F696E69 
 662      745F5F00 
 663              	.LASF10:
 664 0059 696E6974 		.ascii	"init_area\000"
 664      5F617265 
 664      6100
 665              	.LASF47:
 666 0063 72616D5F 		.ascii	"ram_areas\000"
 666      61726561 
 666      7300
 667              	.LASF15:
 668 006d 5F5F7261 		.ascii	"__ram0_init_text__\000"
 668      6D305F69 
 668      6E69745F 
 668      74657874 
 668      5F5F00
 669              	.LASF5:
 670 0080 73686F72 		.ascii	"short unsigned int\000"
 670      7420756E 
 670      7369676E 
 670      65642069 
 670      6E7400
 671              	.LASF29:
 672 0093 5F5F7261 		.ascii	"__ram3_clear__\000"
 672      6D335F63 
 672      6C656172 
 672      5F5F00
 673              	.LASF20:
 674 00a2 5F5F7261 		.ascii	"__ram1_init__\000"
 674      6D315F69 
 674      6E69745F 
 674      5F00
 675              	.LASF40:
 676 00b0 5F5F7261 		.ascii	"__ram6_init__\000"
 676      6D365F69 
 676      6E69745F 
 676      5F00
 677              	.LASF52:
 678 00be 6C69622F 		.ascii	"lib/chibios/os/common/startup/ARMCMx/compilers/GCC/"
 678      63686962 
 678      696F732F 
 678      6F732F63 
 678      6F6D6D6F 
 679 00f1 63727431 		.ascii	"crt1.c\000"
 679      2E6300
 680              	.LASF39:
 681 00f8 5F5F7261 		.ascii	"__ram6_init_text__\000"
 681      6D365F69 
 681      6E69745F 
 681      74657874 
 681      5F5F00
 682              	.LASF42:
 683 010b 5F5F7261 		.ascii	"__ram6_noinit__\000"
 683      6D365F6E 
 683      6F696E69 
 683      745F5F00 
 684              	.LASF27:
 685 011b 5F5F7261 		.ascii	"__ram3_init_text__\000"
 685      6D335F69 
 685      6E69745F 
 685      74657874 
 685      5F5F00
 686              	.LASF11:
 687 012e 636C6561 		.ascii	"clear_area\000"
 687      725F6172 
 687      656100
 688              	.LASF48:
 689 0139 5F5F6C61 		.ascii	"__late_init\000"
 689      74655F69 
 689      6E697400 
 690              	.LASF41:
 691 0145 5F5F7261 		.ascii	"__ram6_clear__\000"
 691      6D365F63 
 691      6C656172 
 691      5F5F00
 692              	.LASF6:
 693 0154 6C6F6E67 		.ascii	"long unsigned int\000"
 693      20756E73 
 693      69676E65 
 693      6420696E 
 693      7400
 694              	.LASF16:
 695 0166 5F5F7261 		.ascii	"__ram0_init__\000"
 695      6D305F69 
 695      6E69745F 
 695      5F00
 696              	.LASF36:
 697 0174 5F5F7261 		.ascii	"__ram5_init__\000"
 697      6D355F69 
 697      6E69745F 
 697      5F00
 698              	.LASF21:
 699 0182 5F5F7261 		.ascii	"__ram1_clear__\000"
 699      6D315F63 
 699      6C656172 
 699      5F5F00
 700              	.LASF38:
 701 0191 5F5F7261 		.ascii	"__ram5_noinit__\000"
 701      6D355F6E 
 701      6F696E69 
 701      745F5F00 
 702              	.LASF28:
 703 01a1 5F5F7261 		.ascii	"__ram3_init__\000"
 703      6D335F69 
 703      6E69745F 
 703      5F00
 704              	.LASF4:
 705 01af 756E7369 		.ascii	"unsigned char\000"
 705      676E6564 
 705      20636861 
 705      7200
 706              	.LASF55:
 707 01bd 5F5F6465 		.ascii	"__default_exit\000"
 707      6661756C 
 707      745F6578 
 707      697400
 708              	.LASF23:
 709 01cc 5F5F7261 		.ascii	"__ram2_init_text__\000"
 709      6D325F69 
 709      6E69745F 
 709      74657874 
 709      5F5F00
 710              	.LASF53:
 711 01df 2F686F6D 		.ascii	"/home/jstewart/source/yaemk-split-kb/Firmware\000"
 711      652F6A73 
 711      74657761 
 711      72742F73 
 711      6F757263 
 712              	.LASF14:
 713 020d 72616D5F 		.ascii	"ram_init_area_t\000"
 713      696E6974 
 713      5F617265 
 713      615F7400 
 714              	.LASF35:
 715 021d 5F5F7261 		.ascii	"__ram5_init_text__\000"
 715      6D355F69 
 715      6E69745F 
 715      74657874 
 715      5F5F00
 716              	.LASF45:
 717 0230 5F5F7261 		.ascii	"__ram7_clear__\000"
 717      6D375F63 
 717      6C656172 
 717      5F5F00
 718              	.LASF32:
 719 023f 5F5F7261 		.ascii	"__ram4_init__\000"
 719      6D345F69 
 719      6E69745F 
 719      5F00
 720              	.LASF33:
 721 024d 5F5F7261 		.ascii	"__ram4_clear__\000"
 721      6D345F63 
 721      6C656172 
 721      5F5F00
 722              	.LASF34:
 723 025c 5F5F7261 		.ascii	"__ram4_noinit__\000"
 723      6D345F6E 
 723      6F696E69 
 723      745F5F00 
 724              	.LASF8:
 725 026c 756E7369 		.ascii	"unsigned int\000"
 725      676E6564 
 725      20696E74 
 725      00
 726              	.LASF7:
 727 0279 6C6F6E67 		.ascii	"long long unsigned int\000"
 727      206C6F6E 
 727      6720756E 
 727      7369676E 
 727      65642069 
 728              	.LASF43:
 729 0290 5F5F7261 		.ascii	"__ram7_init_text__\000"
 729      6D375F69 
 729      6E69745F 
 729      74657874 
 729      5F5F00
 730              	.LASF49:
 731 02a3 5F5F6561 		.ascii	"__early_init\000"
 731      726C795F 
 731      696E6974 
 731      00
 732              	.LASF51:
 733 02b0 474E5520 		.ascii	"GNU C99 10.3.1 20210621 (release) -mcpu=cortex-m4 -"
 733      43393920 
 733      31302E33 
 733      2E312032 
 733      30323130 
 734 02e3 6D746875 		.ascii	"mthumb -mno-thumb-interwork -mno-unaligned-access -"
 734      6D62202D 
 734      6D6E6F2D 
 734      7468756D 
 734      622D696E 
 735 0316 6D666C6F 		.ascii	"mfloat-abi=hard -mfpu=fpv4-sp-d16 -march=armv7e-m+f"
 735      61742D61 
 735      62693D68 
 735      61726420 
 735      2D6D6670 
 736 0349 70202D67 		.ascii	"p -ggdb -Os -Ofast -std=gnu99 -fsingle-precision-co"
 736      67646220 
 736      2D4F7320 
 736      2D4F6661 
 736      7374202D 
 737 037c 6E737461 		.ascii	"nstant -fomit-frame-pointer -ffunction-sections -fd"
 737      6E74202D 
 737      666F6D69 
 737      742D6672 
 737      616D652D 
 738 03af 6174612D 		.ascii	"ata-sections -fshort-wchar -fcommon -flto\000"
 738      73656374 
 738      696F6E73 
 738      202D6673 
 738      686F7274 
 739              	.LASF12:
 740 03d9 6E6F5F69 		.ascii	"no_init_area\000"
 740      6E69745F 
 740      61726561 
 740      00
 741              	.LASF30:
 742 03e6 5F5F7261 		.ascii	"__ram3_noinit__\000"
 742      6D335F6E 
 742      6F696E69 
 742      745F5F00 
 743              	.LASF3:
 744 03f6 6C6F6E67 		.ascii	"long long int\000"
 744      206C6F6E 
 744      6720696E 
 744      7400
 745              	.LASF26:
 746 0404 5F5F7261 		.ascii	"__ram2_noinit__\000"
 746      6D325F6E 
 746      6F696E69 
 746      745F5F00 
 747              	.LASF19:
 748 0414 5F5F7261 		.ascii	"__ram1_init_text__\000"
 748      6D315F69 
 748      6E69745F 
 748      74657874 
 748      5F5F00
 749              	.LASF25:
 750 0427 5F5F7261 		.ascii	"__ram2_clear__\000"
 750      6D325F63 
 750      6C656172 
 750      5F5F00
 751              	.LASF31:
 752 0436 5F5F7261 		.ascii	"__ram4_init_text__\000"
 752      6D345F69 
 752      6E69745F 
 752      74657874 
 752      5F5F00
 753              	.LASF1:
 754 0449 73686F72 		.ascii	"short int\000"
 754      7420696E 
 754      7400
 755              	.LASF9:
 756 0453 696E6974 		.ascii	"init_text_area\000"
 756      5F746578 
 756      745F6172 
 756      656100
 757              	.LASF17:
 758 0462 5F5F7261 		.ascii	"__ram0_clear__\000"
 758      6D305F63 
 758      6C656172 
 758      5F5F00
 759              	.LASF13:
 760 0471 75696E74 		.ascii	"uint32_t\000"
 760      33325F74 
 760      00
 761              	.LASF2:
 762 047a 6C6F6E67 		.ascii	"long int\000"
 762      20696E74 
 762      00
 763              	.LASF22:
 764 0483 5F5F7261 		.ascii	"__ram1_noinit__\000"
 764      6D315F6E 
 764      6F696E69 
 764      745F5F00 
 765              	.LASF0:
 766 0493 7369676E 		.ascii	"signed char\000"
 766      65642063 
 766      68617200 
 767              	.LASF37:
 768 049f 5F5F7261 		.ascii	"__ram5_clear__\000"
 768      6D355F63 
 768      6C656172 
 768      5F5F00
 769              		.text
 770              		.section	.gnu.lto_.profile.390c49c268c778d6,"e",%progbits
 771 0000 789C6362 		.ascii	"x\234cb\000\001\000\000\022\000\003"
 771      00010000 
 771      120003
 772              		.text
 773              		.section	.gnu.lto_.icf.390c49c268c778d6,"e",%progbits
 774 0000 789C5363 		.ascii	"x\234Sc@\0006\206\347\357\356\316\347e\004\223L`\222"
 774      40003686 
 774      E7EFEECE 
 774      E7650493 
 774      4C6092
 775 0013 F976CBDA 		.ascii	"\371v\313\332\205,,\275\013\017-ge}\325\363\371\012"
 775      852C2CBD 
 775      0B0F2D67 
 775      657DD5F3 
 775      F90A
 776 0025 3B030080 		.ascii	";\003\000\200\244\022\347"
 776      A412E7
 777              		.text
 778              		.section	.gnu.lto_.ipa_sra.390c49c268c778d6,"e",%progbits
 779 0000 789C1364 		.ascii	"x\234\023d@\000V\006\006FF\006F&\006Ff\006F\026\006"
 779      40005606 
 779      06464606 
 779      46260646 
 779      66064616 
 780 0015 46060002 		.ascii	"F\006\000\002\315\000&"
 780      CD0026
 781              		.text
 782              		.section	.gnu.lto_.inline.390c49c268c778d6,"e",%progbits
 783 0000 789C5BC3 		.ascii	"x\234[\303\200\000\254\014\014\314\015@\300\224\302"
 783      8000AC0C 
 783      0CCC0D40 
 783      C094C2
 784 000f C8C0C4C0 		.ascii	"\310\300\304\300\320\010d\32610\260A\204\230@B\014\214"
 784      D00864D6 
 784      3130B041 
 784      84984042 
 784      0C8C
 785 0021 04553011 		.ascii	"\004U0\021T\301\014$\301\342\310*X \014\210\012\026"
 785      54C10C24 
 785      C1E2C82A 
 785      58200C88 
 785      0A16
 786 0033 06917747 		.ascii	"\006\221wG\327md\316\001\252P\002\26260\347\240\231"
 786      D76D64CE 
 786      01AA5002 
 786      B23630E7 
 786      A099
 787 0045 C1000068 		.ascii	"\301\000\000hr(\001"
 787      722801
 788              		.text
 789              		.section	.gnu.lto_.jmpfuncs.390c49c268c778d6,"e",%progbits
 790 0000 789C1364 		.ascii	"x\234\023d@\000V fd``b``f``\001r\000\002\245\000!"
 790      40005620 
 790      66646060 
 790      62606066 
 790      60600172 
 791              		.text
 792              		.section	.gnu.lto_.pureconst.390c49c268c778d6,"e",%progbits
 793 0000 789C1360 		.ascii	"x\234\023````e\230\301\3028\203\205i\006\013\363\026"
 793      60606065 
 793      98C1C238 
 793      83856906 
 793      0BF316
 794 0013 1696592C 		.ascii	"\026\226Y,\000\032\274\003J"
 794      001ABC03 
 794      4A
 795              		.text
 796              		.section	.gnu.lto_.lto.390c49c268c778d6,"e",%progbits
 797 0000 09000400 		.ascii	"\011\000\004\000\001\000\000\000"
 797      01000000 
 798              		.text
 799              		.section	.gnu.lto_ram_areas.130.390c49c268c778d6,"e",%progbits
 800 0000 789C5DCF 		.ascii	"x\234]\317;K\034Q\024\007\360\371\357\365\025\023\337"
 800      3B4B1C51 
 800      1407F0F9 
 800      EFF51513 
 800      DF
 801 0011 D1C4F717 		.ascii	"\321\304\367\027P/\332i'\013\246\262\311'\210;\0148"
 801      502FDA69 
 801      270BA6B2 
 801      C927883B 
 801      0C38
 802 0023 EE8EB3CC 		.ascii	"\356\216\263\314\214\250\335\"\02666\326Z\010[\370\001"
 802      8CA8DD22 
 802      163636D6 
 802      5A085BF8 
 802      01
 803 0034 7C259A44 		.ascii	"|%\232DM4\211\346a|'\276A1\205h%\244\260\360z\034g\340"
 803      4D3489E6 
 803      617C27BE 
 803      41318568 
 803      25A4B0F0 
 804 004c 5C2E87CB 		.ascii	"\\.\207\313\377\334\303\2173/4-\256=\234Q\201A\014\244"
 804      FFDCC38F 
 804      332F342D 
 804      AE3D9C51 
 804      81410CA4 
 805 0060 52B723C3 		.ascii	"R\267#\3037\343\005i\241M\2100\374WG\001\302\240\212"
 805      37E30569 
 805      A14D8830 
 805      FC574701 
 805      C2A08A
 806 0073 8248104C 		.ascii	"\202H\020LD(\020\367A\363\300P\2520-0&4\314\250\012"
 806      442810F7 
 806      41F3C050 
 806      AA302D30 
 806      2634CCA8 
 807 0088 4CAB1AC1 		.ascii	"L\253\032\301\224\252\002\223P_FDZ\005\331\217\323\377"
 807      94AA0293 
 807      505F4644 
 807      5A05D98F 
 807      D3FF
 808 009a AF7D3283 		.ascii	"\257}2\203\223\231\234\314\342d6'\337\0239O\344\034"
 808      93999CCC 
 808      E2643627 
 808      DF13394F 
 808      E41C
 809 00ac 91EF4232 		.ascii	"\221\357B2\353qz\366\312's8\371\204\223\271\234|\312"
 809      EB717AF6 
 809      CA277338 
 809      F98493B9 
 809      9C7CCA
 810 00bf C94F442E 		.ascii	"\311OD.\021\271H\344BHf\006[^\372\3443N\346q2\237\223"
 810      11B948E4 
 810      42486606 
 810      5B5EFAE4 
 810      334EE671 
 811 00d6 059CFC46 		.ascii	"\005\234\374F\344W\"\277\020\271\022\222\031\301\226"
 811      E45722BF 
 811      10B91292 
 811      19C196
 812 00e5 173E59C8 		.ascii	"\027>Y\310\311\"N\026s\262\204\223\277\210\374I\344"
 812      C9224E16 
 812      73B28493 
 812      BF88FC49 
 812      E4
 813 00f6 0F22BF87 		.ascii	"\017\"\277\207\244\010\266<\367\311\347\234,\345d\031"
 813      A408B63C 
 813      F7C9E79C 
 813      2CE56419 
 814 0106 275F7072 		.ascii	"'_pr\233\310-\"7\211\334\010\311H\260\345\231O\276\344"
 814      9BC82D22 
 814      3789DC08 
 814      C948B0E5 
 814      994FBEE4 
 815 011a 6439272B 		.ascii	"d9'+8Y\311\311}\"\377\022\371\207\310=\004\320\261\017"
 815      3859C9C9 
 815      7D22FF12 
 815      F987C83D 
 815      04D0B10F 
 816 012e 5571A89A 		.ascii	"Uq\250\232C5\034\252\345\320\011A\307\004\035\021tH"
 816      43351CAA 
 816      E5D00941 
 816      C7041D11 
 816      7448
 817 0140 FD3769F5 		.ascii	"\3757i\365l\304)\320\204\003`\027\330\001~\003\353\300"
 817      6CC429D0 
 817      84036017 
 817      D8017E03 
 817      EBC0
 818 0152 1AB00A2C 		.ascii	"\032\260\012,\003\237\201\217\300\007\340-0\013\255"
 818      039F818F 
 818      C007E02D 
 818      300BAD
 819 0161 4176DA96 		.ascii	"Av\332\226!\273\\\317\350\355p<\351\332=\216n\310\376"
 819      21BB5CCF 
 819      E8ED703C 
 819      E9DA3D8E 
 819      6EC8FE
 820 0174 0EC38AD7 		.ascii	"\016\303\212\327\273\311\204\351\325\307c\262\315t,"
 820      BBC984E9 
 820      D5C763B2 
 820      CD742C
 821 0183 D536B496 		.ascii	"\3256\264\226\204\031\223z\247\0313mW\252\253\333\226"
 821      8419937A 
 821      A719336D 
 821      57AAABDB 
 821      96
 822 0194 65774BD7 		.ascii	"ewK\327S\263=I\331\372\272=\332\336w\237&\315\204\341"
 822      53B33D49 
 822      D9FABA3D 
 822      DADE779F 
 822      26CD84E1 
 823 01a8 B8F25534 		.ascii	"\270\362U4*u\307kl\320\265;\24613\234"
 823      2A75C76B 
 823      6CD0B53B 
 823      A631339C 
 824              		.text
 825              		.section	.gnu.lto___core_init.131.390c49c268c778d6,"e",%progbits
 826 0000 789C2B61 		.ascii	"x\234+a``\310\006be fdf`\2344\261\213\211\241\241\241"
 826      6060C806 
 826      62652066 
 826      6466609C 
 826      34B18B89 
 827 0017 C1819D89 		.ascii	"\301\201\235\211\261qb\027'\343VF0\217\221\241\236\211"
 827      B1716217 
 827      27E35646 
 827      308F91A1 
 827      9E89
 828 0029 B19E7132 		.ascii	"\261\236q2\263&\220\373c\351\254\231G\031\033V\034`"
 828      B32690FB 
 828      63E9AC99 
 828      47191B56 
 828      1C60
 829 003b 5CC2CCC0 		.ascii	"\\\302\314\3000\017\210\241\200\015\306c\004\342\365"
 829      300F88A1 
 829      800DC663 
 829      04E2F5
 830 004a 97580F34 		.ascii	"\227X\0174\374\371\337\337\320p\3641\343|U&\006\206"
 830      FCF9DFDF 
 830      D070F431 
 830      E37C5526 
 830      0686
 831 005c 7E6690D1 		.ascii	"~f\220\321\015,\214\015\007\030\030&03A8\215@\316+\306"
 831      0D2C8C0D 
 831      07181826 
 831      30334138 
 831      8D40CE2B 
 832 0071 0625864F 		.ascii	"\006%\206O\214M\012`c\372\231\031\021\352\030\030\364"
 832      8C4D0A60 
 832      63FA9919 
 832      11EA1818 
 832      F4
 833 0082 F433F273 		.ascii	"\3643\362sS\365\263\212KR\313\023\213J\364\213\363K"
 833      53F5B38A 
 833      4B52CB13 
 833      8B4AF48B 
 833      F34B
 834 0094 8B9253F5 		.ascii	"\213\222S\365+\023Ss\263u\213\013r2Kt\263\223\364\335"
 834      2B135373 
 834      B3758B0B 
 834      72324B74 
 834      B393F4DD 
 835 00a8 328B7281 		.ascii	"2\213r\201\322\251\014V9\231I\372\311\031\231I\231\371"
 835      D2A90C56 
 835      399949FA 
 835      C9199949 
 835      99F9
 836 00ba C5FA4094 		.ascii	"\305\372@\224\234\237\233\233\237\247_\\\002\324[Z\240"
 836      9C9F9B9B 
 836      9FA75F5C 
 836      02D45B5A 
 836      A0
 837 00cb EF18E4EB 		.ascii	"\357\030\344\353\354[\001\022-\310\314I-*\326wwv\326"
 837      EC5B0112 
 837      2DC8CC49 
 837      2D2AD677 
 837      7776D6
 838 00de 4F2E2A31 		.ascii	"O.*1\324Kf\000\000&~Q\004"
 838      D44B6600 
 838      00267E51 
 838      04
 839              		.text
 840              		.section	.gnu.lto___early_init.132.390c49c268c778d6,"e",%progbits
 841 0000 789C2B66 		.ascii	"x\234+f``\310\006be fdf`\2344\261\213\211\241\241\241"
 841      6060C806 
 841      62652066 
 841      6466609C 
 841      34B18B89 
 842 0017 C1819D89 		.ascii	"\301\201\235\211\261qb\027'\343VF0\217\221\241\236\211"
 842      B1716217 
 842      27E35646 
 842      308F91A1 
 842      9E89
 843 0029 B19E7132 		.ascii	"\261\236q2\263&\220\373c\351\254=G\031\033V\034`\\\302"
 843      B32690FB 
 843      63E9AC3D 
 843      47191B56 
 843      1C605CC2 
 844 003d CCC0300F 		.ascii	"\314\3000\017\210\241\200\015\306c\004\342\365\227X"
 844      88A1800D 
 844      C66304E2 
 844      F59758
 845 004c 0F34FCF9 		.ascii	"\0174\374\371\337\337\320pv1\243\025\023\003C?3\310"
 845      DFDFD070 
 845      7631A315 
 845      1303433F 
 845      33C8
 846 005e E40616C6 		.ascii	"\344\006\026\306\206\003\014\014\023\230\231 \234F "
 846      86030C0C 
 846      13989920 
 846      9C4620
 847 006d E7156383 		.ascii	"\347\025c\203\022\303'\306&\005\260)\375\314\214\010"
 847      12C327C6 
 847      2605B029 
 847      FDCC8C08 
 848 007d 750C0C7A 		.ascii	"u\014\014z\372\031\371\271\251\372Y\305%\251\345\211"
 848      FA19F9B9 
 848      A9FA59C5 
 848      25A9E589 
 849 008d 4525FAC5 		.ascii	"E%\372\305\371\245E\311\251\372\225\211\251\271\331"
 849      F9A545C9 
 849      A9FA9589 
 849      A9B9D9
 850 009c BAC50539 		.ascii	"\272\305\0059\231%\272\331I\372n\231E\271@\351T\006"
 850      9925BAD9 
 850      49FA6E99 
 850      45B940E9 
 850      5406
 851 00ae AB9CCC24 		.ascii	"\253\234\314$\375\344\214\314\244\314\374b} J\316\317"
 851      FDE48CCC 
 851      A4CCFC62 
 851      7D204ACE 
 851      CF
 852 00bf CDCDCFD3 		.ascii	"\315\315\317\323/.\001\352--\320w\014\362u\366\255\000"
 852      2F2E01EA 
 852      2D2DD077 
 852      0CF275F6 
 852      AD00
 853 00d1 891664E6 		.ascii	"\211\026d\346\244\026\025\353\273;;\353'\027\225\030"
 853      A41615EB 
 853      BB3B3BEB 
 853      27179518 
 854 00e1 EA253300 		.ascii	"\352%3\000\000\251\"Pd"
 854      00A92250 
 854      64
 855              		.text
 856              		.section	.gnu.lto___late_init.133.390c49c268c778d6,"e",%progbits
 857 0000 789C2B66 		.ascii	"x\234+f``\310\006be fdf`\2344\261\213\211\241\241\241"
 857      6060C806 
 857      62652066 
 857      6466609C 
 857      34B18B89 
 858 0017 C1819D89 		.ascii	"\301\201\235\211\261qb\027'\343VF0\217\221\241\236\211"
 858      B1716217 
 858      27E35646 
 858      308F91A1 
 858      9E89
 859 0029 B19E7132 		.ascii	"\261\236q2\263&\220\373c\351\254[G\031\033V\034`\\\302"
 859      B32690FB 
 859      63E9AC5B 
 859      47191B56 
 859      1C605CC2 
 860 003d CCC0300F 		.ascii	"\314\3000\017\210\241\200\015\306c\004\342\365\227X"
 860      88A1800D 
 860      C66304E2 
 860      F59758
 861 004c 0F34FCF9 		.ascii	"\0174\374\371\337\337\320pt1\243%\023\003C?3\310\344"
 861      DFDFD070 
 861      7431A325 
 861      1303433F 
 861      33C8E4
 862 005f 0616C686 		.ascii	"\006\026\306\206\003\014\014\023\230\231 \234F \347"
 862      030C0C13 
 862      9899209C 
 862      4620E7
 863 006e 15638312 		.ascii	"\025c\203\022\303'\306&\005\260)\375\314\214\010u\014"
 863      C327C626 
 863      05B029FD 
 863      CC8C0875 
 863      0C
 864 007f 0C7AFA19 		.ascii	"\014z\372\031\371\271\251\372Y\305%\251\345\211E%\372"
 864      F9B9A9FA 
 864      59C525A9 
 864      E5894525 
 864      FA
 865 0090 C5F9A545 		.ascii	"\305\371\245E\311\251\372\225\211\251\271\331\272\305"
 865      C9A9FA95 
 865      89A9B9D9 
 865      BAC5
 866 009e 05399925 		.ascii	"\0059\231%\272\331I\372n\231E\271@\351T\006\253\234"
 866      BAD949FA 
 866      6E9945B9 
 866      40E95406 
 866      AB9C
 867 00b0 CC24FDE4 		.ascii	"\314$\375\344\214\314\244\314\374b} J\316\317\315\315"
 867      8CCCA4CC 
 867      FC627D20 
 867      4ACECFCD 
 867      CD
 868 00c1 CFD32F2E 		.ascii	"\317\323/.\001\352--\320w\014\362u\366\255\000\211\026"
 868      01EA2D2D 
 868      D0770CF2 
 868      75F6AD00 
 868      8916
 869 00d3 64E6A416 		.ascii	"d\346\244\026\025\353\273;;\353'\027\225\030\352%3\000"
 869      15EBBB3B 
 869      3BEB2717 
 869      9518EA25 
 869      3300
 870 00e5 00BC3350 		.ascii	"\000\2743Py"
 870      79
 871              		.text
 872              		.section	.gnu.lto___default_exit.134.390c49c268c778d6,"e",%progbits
 873 0000 789C9BC4 		.ascii	"x\234\233\304\300\300\220\015\304\016@\314\310\312\300"
 873      C0C0900D 
 873      C40E40CC 
 873      C8CAC0
 874 000f 38696217 		.ascii	"8ib\027\023CCC\203\003;\023\343\344\211\\`\0263\343"
 874      13434343 
 874      83033B13 
 874      E3E4895C 
 874      601633E3 
 875 0023 14288B85 		.ascii	"\024(\213\205q\262!\230\301\310P\317\304\314\302\010"
 875      71B22198 
 875      C1C850CF 
 875      C4CCC208 
 876 0033 24181060 		.ascii	"$\030\020`2\263&P\362\307\322Y\357\21726\2548\300\270"
 876      32B32650 
 876      F2C7D259 
 876      EF8F3236 
 876      AC38C0B8 
 877 0047 0428390F 		.ascii	"\004(9\017\241\200\015\306c\004\342\365\227X\0174\374"
 877      A1800DC6 
 877      6304E2F5 
 877      97580F34 
 877      FC
 878 0058 F9DFDFD0 		.ascii	"\371\337\337\320p\3671\343\037U\240P?3\303\221\367\035"
 878      70F731E3 
 878      1F55A050 
 878      3F33C391 
 878      F71D
 879 006a AC8C0D07 		.ascii	"\254\214\015\007@l&0\273\021\310\236\300\314\0144\265"
 879      406C2630 
 879      BB11C89E 
 879      C0CC0C34 
 879      B5
 880 007b 8105C461 		.ascii	"\201\005\304a|\305\330\360\350\353iN\306\255\214\014"
 880      7CC5D8F0 
 880      E8EB694E 
 880      C6AD8C0C 
 881 008b 20E6376E 		.ascii	" \3467n\006\210\010\017\003H\023\013D!#\220\311\310"
 881      0688080F 
 881      0348130B 
 881      44212390 
 881      C9C8
 882 009d C00EB24A 		.ascii	"\300\016\262JO?#?7U?\253\270$\265<\261\250D\2778\277"
 882      4F3F233F 
 882      37553FAB 
 882      B824B53C 
 882      B1A844BF 
 883 00b3 B4283955 		.ascii	"\264(9U\2772157[\267\270 '\263D7;I\337-\263(\027(\235"
 883      BF323135 
 883      375BB7B8 
 883      2027B344 
 883      373B49DF 
 884 00cd CA609593 		.ascii	"\312`\225\223\231\244\237\234\221\231\224\231_\254\017"
 884      99A49F9C 
 884      91999499 
 884      5FAC0F
 885 00dc 44C9F9B9 		.ascii	"D\311\371\271\271\371y\372\305%@\275\245\005\372\216"
 885      B9F979FA 
 885      C52540BD 
 885      A505FA8E 
 886 00ec 41BECEBE 		.ascii	"A\276\316\276\025 \321\202\314\234\324\242b}wgg\375"
 886      1520D182 
 886      CC9CD4A2 
 886      627D7767 
 886      67FD
 887 00fe E4A21243 		.ascii	"\344\242\022C\275d\006\000\356\276c6"
 887      BD640600 
 887      EEBE6336 
 888              		.text
 889              		.section	.gnu.lto___init_ram_areas.135.390c49c268c778d6,"e",%progbits
 890 0000 789C7D54 		.ascii	"x\234}T\355k[e\024\177\316=\317\315\275y5\264\023?\011"
 890      ED6B5B65 
 890      147FCE3D 
 890      CFCDBD79 
 890      35B4133F 
 891 0015 5514F1C3 		.ascii	"U\024\361\303zW\235P\375b\265\240\237\346\007\377\202"
 891      7A579D50 
 891      FD62B5A0 
 891      9FE607FF 
 891      82
 892 0026 B531B0B8 		.ascii	"\2651\260\270f\011I\212\012\302n\323te\255.I\313\260"
 892      6609498A 
 892      0AC26ED3 
 892      7465AD2E 
 892      49CBB0
 893 0039 EE4525C6 		.ascii	"\356E%\306\021\374\240n\320\275\230n\213\326\255\014"
 893      11FCA06E 
 893      D0BD986E 
 893      8BD6AD0C 
 894 0049 3493CD6E 		.ascii	"4\223\315n\037\206s\024D\347\240t+\203Qtz\316so\356"
 894      1F867314 
 894      44E7A074 
 894      2B835174 
 894      7ACE736F 
 895 005e 62A986E4 		.ascii	"b\251\206\344\311\271\317\371\235\3379\347w\236\347"
 895      C9B9CFF9 
 895      9DDF39E7 
 895      779EE7
 896 006d BEAC0B31 		.ascii	"\276\254\0131&\204\270E?\010\013\230*Oh\302\266\355"
 896      2684B845 
 896      3F080B98 
 896      2A4F68C2 
 896      B6ED
 897 007f 3E4383E9 		.ascii	">C\203\351r@Y\010\373\313\023WO\035\227p\006\324\206"
 897      72405908 
 897      FBCB1357 
 897      4F1D9770 
 897      06D486
 898 0092 84FD475B 		.ascii	"\204\375G[0]+\224'5\362\\ZY\353\225\007KK\360Eq\314"
 898      305D2B94 
 898      2735F25C 
 898      5A59EB95 
 898      074B4BF0 
 899 00a9 904198C9 		.ascii	"\220A\230\311\203\2030`f\352\210\023hj\343m\340\017"
 899      83833060 
 899      66EA8813 
 899      686AE36D 
 899      E00F
 900 00bb 5B60BF76 		.ascii	"[`\277v\250t\35418\305\240^y\200\266\3110e\010\246\217"
 900      A874EC31 
 900      38C5A05E 
 900      7980B6C9 
 900      306508A6 
 901 00d0 461D8E00 		.ascii	"F\035\216\000\214\224'.\326\037w0}\006\210\335\032J"
 901      8C94272E 
 901      D61F7730 
 901      7D0688DD 
 901      1A4A
 902 00e2 3D6898FE 		.ascii	"=h\230\376P\000vK\024\320\220`<X\204\363\321\305\203"
 902      5000764B 
 902      14D09060 
 902      3C5884F3 
 902      D1C583
 903 00f5 8FD9664F 		.ascii	"\217\331fO\343\323\304s\357\263\003{\027\300\2565\240"
 903      E3D3C473 
 903      EFB3037B 
 903      17C0AE35 
 903      A0
 904 0106 8A427C84 		.ascii	"\212B|\204\236\373\020\302\024V\021@\272\226\006]d\341"
 904      9EFB10C2 
 904      14561140 
 904      BA96065D 
 904      64E1
 905 0118 107B9E6C 		.ascii	"\020{\236l\330\366\312\344\302\276Hi\304\254\"\302\011"
 905      D8F6CAE4 
 905      C2BE4869 
 905      C4AC22C2 
 905      09
 906 0129 A048380E 		.ascii	"\240H8\0160\013\034\233\276-}\002N\202\303\007\0346"
 906      300B1C9B 
 906      BE2D7D02 
 906      4E82C307 
 906      1C36
 907 013b 025E5CF1 		.ascii	"\002^\\\361\267q'N\302\327\353\342\366\352\214\035\365"
 907      B771274E 
 907      C2D7EBE2 
 907      F6EA8C1D 
 907      F5
 908 014c B05FED1B 		.ascii	"\260_\355\033\037\267\243\205.\306\316\255\303\336\347"
 908      1FB7A385 
 908      2EC6CEAD 
 908      C3DEE7
 909 015b 1CA701EA 		.ascii	"\034\247\001\352 H\022\221\376K\322>RVg\363\313Kz\303"
 909      20481291 
 909      FE4BD23E 
 909      525667F3 
 909      CB4B7AC3 
 910 016f FEF3EFA2 		.ascii	"\376\363\357\242m_\354==\267\354\337\004\242\212\272"
 910      6D5FEC3D 
 910      3DB7ECDF 
 910      04A28ABA 
 911 017f 460B2945 		.ascii	"F\013)E\213\344\002uf \232:\251EK\210\037\303lE\330"
 911      8BE40275 
 911      66209A3A 
 911      A9454B88 
 911      1FC36C45 
 912 0194 1B65AB83 		.ascii	"\033e\253\203\227Nv\010QD\301\303\002\273!D\0115e\217"
 912      974E7608 
 912      5144C1C3 
 912      02BB2144 
 912      0935658F 
 913 01a8 90FD07D8 		.ascii	"\220\375\007\330K\0374\201\376\363\237\014S\240\253"
 913      4B1F3481 
 913      FEF39F0C 
 913      53A0AB
 914 01b7 984FF551 		.ascii	"\230O\365Q\000\037\2315T\222\036\001YE\032\017\300Y"
 914      001F9935 
 914      54921E01 
 914      59451A0F 
 914      C059
 915 01c9 1005D863 		.ascii	"\020\005\330c\333\265'\030\370\215\352\251\204\270\262"
 915      DBB52718 
 915      F88DEAA9 
 915      84B8B2
 916 01d8 56EB7539 		.ascii	"V\353u9\363}\\D\005\245\342?\330\364s\233l\036n\006"
 916      F37D5C44 
 916      05A5E23F 
 916      D8F4739B 
 916      6C1E6E06 
 917 01ec E8FC8865 		.ascii	"\350\374\210e\310\317\335|\250\202!7\035\202\223\201"
 917      C8CFDD7C 
 917      A8822137 
 917      1D829381 
 918 01fc A6FAFB23 		.ascii	"\246\372\373#U4)\022\346Al)\320A\252\242\037\276\203"
 918      55342912 
 918      E6416C29 
 918      D041AAA2 
 918      1FBE83
 919 020f C36ABC5C 		.ascii	"\303j\274\\\345\213\324\017E*\272\217\233\232\307\025"
 919      E58BD40F 
 919      452ABA8F 
 919      9B9AC715 
 920 021f 6E31D436 		.ascii	"n1\3246b8O\014\3401\324\211!\254\030f\211A\254\201T"
 920      62384F0C 
 920      E031D489 
 920      21AC1866 
 920      8941AC81 
 921 0234 0DDD3B37 		.ascii	"\015\335;7\352w\033\326>\177\212j\256`$t\375\356\015"
 921      EA771BD6 
 921      3E7F8A6A 
 921      AE602474 
 921      FDEE0D
 922 0247 936B2EA1 		.ascii	"\223k.\241,\217]]@O\266\023M\344\3443\223\277\022\256"
 922      2C8F5D5D 
 922      404FB613 
 922      4DE4E433 
 922      93BF12AE 
 923 025b 251C4D52 		.ascii	"%\034MR\025AI\003\025\324\341\002%%\320\312\304\242"
 923      15414903 
 923      15D4E102 
 923      2525D0CA 
 923      C4A2
 924 026d DB1E2A87 		.ascii	"\333\036*\207\217\035\024\245\210NF\0102zl\3179\342"
 924      8F1D14A5 
 924      884E4608 
 924      327A6CCF 
 924      39E2
 925 027f E960DFAC 		.ascii	"\351`\337\254\232G\227*\263CA\352*\027a~\240\255N&n"
 925      9A47972A 
 925      B34341EA 
 925      2A17617E 
 925      A0AD4E26 
 926 0294 61588C4E 		.ascii	"aX\214N5\000\235\350m\3316\001\016\367\221\255)\220"
 926      35009DE8 
 926      6DD93601 
 926      0EF791AD 
 926      2990
 927 02a6 EEF6FB3E 		.ascii	"\356\366\373>x\023x\270\202ZK5s\003\321\276'\321H\036"
 927      781378B8 
 927      825A4B35 
 927      7303D1BE 
 927      27D1481E 
 928 02ba 71130A3F 		.ascii	"q\023\012?\317\357\"0\363\011\326K\247\011\340\362\355"
 928      CFEF2230 
 928      F309D64B 
 928      A709E0F2 
 928      ED
 929 02cb 7729B7BC 		.ascii	"w)\267\274\276\372\306\032\370HP\274\317\033\035\262"
 929      BEFAC61A 
 929      F84850BC 
 929      CF1B1DB2 
 930 02db B9BA9DCE 		.ascii	"\271\272\235\316[P\235\007\326\315\370\267n\213\216"
 930      5B509D07 
 930      D6CDF8B7 
 930      6E8B8E
 931 02ea 6E776AE1 		.ascii	"nwj\341vE\014V\204\025\014\200\003\273\322\246J\224"
 931      76450C56 
 931      84150C80 
 931      03BBD2A6 
 931      4A94
 932 02fc FDEDAA44 		.ascii	"\375\355\252DU\307\346F\035\033*\372\362\272>\361\377"
 932      55C7E646 
 932      1D1B2AFA 
 932      F2BA3EF1 
 932      FF
 933 030d FAFC91FA 		.ascii	"\372\374\221\372\304\266>\221YT\237\006\2452\316\334"
 933      C4B63E91 
 933      59549F06 
 933      A532CEDC 
 934 031d DD4E8D07 		.ascii	"\335N\215\007%\247\364\267\235r{\351Z\3538\273uF\210"
 934      25A7F4B7 
 934      9D727BE9 
 934      5AEB38BB 
 934      754688
 935 0330 D979F544 		.ascii	"\331y\365D\235Z\371\022D\024\364\227\346{\300\267\200"
 935      9D5AF912 
 935      4414F497 
 935      E67BC0B7 
 935      80
 936 0341 725C9B27 		.ascii	"r\\\233'\\\304=0A0\377\343\246\375\244n\032=?Cu\326"
 936      5CC43D30 
 936      4130FFE3 
 936      A6FDA46E 
 936      1A3D3F43 
 937 0357 1EA5BA61 		.ascii	"\036\245\272a\021\3402\237b\347\372m\342\213s\005\234"
 937      11E0329F 
 937      62E7FA6D 
 937      E28B7305 
 937      9C
 938 0368 975E1143 		.ascii	"\227^\021C\337\336\372\264G\011\036\360\256\367\035"
 938      DFDEFAB4 
 938      47091EF0 
 938      AEF71D
 939 0377 C8DF587D 		.ascii	"\310\337X}\315\005\200\367\006\020\242\333\332\221J"
 939      CD0580F7 
 939      0610A2DB 
 939      DA914A
 940 0386 C6AD37B3 		.ascii	"\306\2557\263\271\370[\003\231\234\225M\015gbq\353\235"
 940      B9F85B03 
 940      999C954D 
 940      0D676271 
 940      EB9D
 941 0398 817872E7 		.ascii	"\201xr\347\346lz(\221\333\274s\320z%\221I\222;.^\030"
 941      E66C7A28 
 941      91DBBC73 
 941      D07A2591 
 941      49923B2E 
 942 03ae 4A0C5AB1 		.ascii	"J\014Z\261\035\211\301D*k\3217\226J&S\273\254l\216b"
 942      1D89C144 
 942      2A6BD137 
 942      964A2653 
 942      BBAC6C8E 
 943 03c3 87D3D64B 		.ascii	"\207\323\326K\257o\353\337\3666\357\246\023C\361L\326"
 943      AF6FEBDF 
 943      F636EFA6 
 943      1343F14C 
 943      D6
 944 03d4 7AB5BFDF 		.ascii	"z\265\277\337\212er=\3351\201\231\201t\324\261\273\267"
 944      8A65723D 
 944      DD318199 
 944      8174D4B1 
 944      BBB7
 945 03e6 6EDDD2F3 		.ascii	"n\335\322\363|\374\271g\005\244\265\\\372\037\230\373"
 945      7CFCB967 
 945      05A4B55C 
 945      FA1F98FB 
 946 03f6 FDE7     		.ascii	"\375\347"
 947              		.text
 948              		.section	.gnu.lto_.symbol_nodes.390c49c268c778d6,"e",%progbits
 949 0000 789C75CB 		.ascii	"x\234u\313GRBa\020E\341>/\210\212\001\025\005E\205\255"
 949      47524261 
 949      1045E13E 
 949      2F888A01 
 949      15054585 
 950 0015 C8C6FE67 		.ascii	"\310\306\376g\0001\020\004\023AT\004\235\271\000\306"
 950      00311004 
 950      13415404 
 950      9DB900C6 
 951 0025 8ED98A5B 		.ascii	"\216\331\212[\200w\253,&\322\223\257\252O\3356f\346"
 951      8077AB2C 
 951      26D293AF 
 951      AA4FDD36 
 951      66E6
 952 0037 9DE32C9A 		.ascii	"\235\343,\232]@cb\346\314\306\321)\026\247Y\274\300"
 952      5D406362 
 952      E6CCC6D1 
 952      2916A759 
 952      BCC0
 953 0049 B1309670 		.ascii	"\2610\226p\336\302X\306\371?\277\225p\336N\376\322%"
 953      DEC258C6 
 953      F93FBF95 
 953      70DE4EFE 
 953      D225
 954 005b 2EF8AE97 		.ascii	".\370\256\227\022\377\314\3023,*\232\371a\005\012\361"
 954      12FFCCC2 
 954      332C2A9A 
 954      F961050A 
 954      F1
 955 006c E30A4F5E 		.ascii	"\343\012O^\343\313\033\002yK(\253,\311\032\011YgY6X"
 955      E3CB1B02 
 955      794B28AB 
 955      2CC91A09 
 955      59675936 
 956 0081 9177ACCA 		.ascii	"\221w\254\312&I\331bM\336\263.\037\330\220\217l\312"
 956      2649D962 
 956      4DDEB32E 
 956      1FD8908F 
 956      6CCA
 957 0093 2752F299 		.ascii	"'R\362\231-\331f[v\330\221]\322\262\307\256|aO\366\311"
 957      2DD9665B 
 957      76D8915D 
 957      D2B2C7AE 
 957      7C614FF6 
 958 00a8 C857B2F2 		.ascii	"\310W\262\362\215}\371\316\201\034\220\223\037\034\312"
 958      8D7DF9CE 
 958      811C9093 
 958      1F1CCA
 959 00b7 214772C4 		.ascii	"!Gr\304\261\374$/\277(\304\332\024\313\244<\260"
 959      B1FC242F 
 959      BF28C4DA 
 959      14CBA43C 
 959      B0
 960              		.text
 961              		.section	.gnu.lto_.refs.390c49c268c778d6,"e",%progbits
 962 0000 789C05C1 		.ascii	"x\234\005\301i\032B`\030\000\300\367\231|h\221\222h"
 962      691A4260 
 962      1800C0F7 
 962      997C6891 
 962      9268
 963 0012 A7C52F67 		.ascii	"\247\305/gq\377\3534\263D\204LZ\2054\307\230\344\012"
 963      71FFEB34 
 963      B344844C 
 963      5A8534C7 
 963      98E40A
 964 0025 A5B58DAD 		.ascii	"\245\265\215\255\235\312^\355\340\250q\322:\353\364"
 964      9DCA5EED 
 964      E0A871D2 
 964      3AEBF4
 965 0034 2EAE6EEE 		.ascii	".\256n\356\036\236^\006\243\267\217\257\237)\376\200"
 965      1E9E5E06 
 965      A3B78FAF 
 965      9F29FE80 
 966 0044 6803A5   		.ascii	"h\003\245"
 967              		.text
 968              		.section	.gnu.lto_.decls.390c49c268c778d6,"e",%progbits
 969 0000 789C9D96 		.ascii	"x\234\235\226]P\024W\032\206\317wN\0173\323\214\014"
 969      5D501457 
 969      1A86CF77 
 969      4E0F33D3 
 969      8C0C
 970 0012 AB58D656 		.ascii	"\253X\326V*\206\030]\310fu\302\200R\356\025[V%\027\251"
 970      2A86185D 
 970      C86675C2 
 970      8052EE15 
 970      5B562517 
 971 0027 64ADADDA 		.ascii	"d\255\255\332\233\334L!3)X\371gH\314\305V\265\004A\014"
 971      9BDC4C21 
 971      332958F9 
 971      6748CCC5 
 971      56B50441 
 972 003c 61590543 		.ascii	"aY\005C\024]VL\226\254\224A\2235\250\2408\370\203\377"
 972      145D564C 
 972      96AC9441 
 972      9335A8A0 
 972      38F883FF 
 973 0050 808008C6 		.ascii	"\200\200\010\306?D\007e\225E\022\021\211\354\327\247"
 973      3F440765 
 973      95451211 
 973      89ECD7A7 
 974 0060 9B99393D 		.ascii	"\233\2319=\\lm\3537\335\247\373y\337\363\236\257\273"
 974      5C6C6DEB 
 974      37DDA7FB 
 974      79DFF39E 
 974      AFBB
 975 0072 AB69B611 		.ascii	"\253i\266\021\262\221\021RL\011\231\301\315L\010\351"
 975      B2911152 
 975      4C0999C1 
 975      CD4C08E9 
 976 0082 22C1CD84 		.ascii	"\"\301\315\204u\014\353\004\326I\254\263X\347\261^\305"
 976      750CEB04 
 976      D649ACB3 
 976      58E7B15E 
 976      C5
 977 0093 1AC17A88 		.ascii	"\032\301z\210\365o\254\307X\377\301z\202\365#\326S\254"
 977      F56FACC7 
 977      58FFC17A 
 977      82F523D6 
 977      53AC
 978 00a5 6758CFB1 		.ascii	"gX\317\261~\306\232\301\002 \204a\231\260\314XV\254"
 978      7EC69AC1 
 978      02208461 
 978      99B0CC58 
 978      56AC
 979 00b7 48AC7958 		.ascii	"H\254yXv\254_`-\300Z\210\265\010\353\227X/a\275\214"
 979      76AC5F60 
 979      2DC05A88 
 979      B508EB97 
 979      582F61BD 
 980 00cc F50AD6AB 		.ascii	"\365\012\326\253X\257a-\303\212\303z\035\210\260]\301"
 980      58AF612D 
 980      C38AC37A 
 980      1D88B05D 
 980      C1
 981 00dd B184FB6B 		.ascii	"\261\204\373kX\367\261b\260\374D;w\033\353\016\326M"
 981      58F7B162 
 981      B0FC443B 
 981      771BEB0E 
 981      D64D
 982 00ef AC219D8F 		.ascii	"\254!\235\217%\232G\234\356\371\232>\307+\372\234/\351"
 982      259A479C 
 982      EEF99A3E 
 982      C72BFA9C 
 982      2FE9
 983 0101 1916E999 		.ascii	"\031\026\351\231\026\350\031\355z\346H}\015f}M\352\332"
 983      16E819ED 
 983      7AE6487D 
 983      0D667D4D 
 983      EADA
 984 0113 D435CEE8 		.ascii	"\3245\316\350k~\256\367\340\251\336\223'z\217\036\353"
 984      6B7EAEF7 
 984      E0A9DE93 
 984      277A8F1E 
 984      EB
 985 0124 3D7B28C6 		.ascii	"={(\306'\177V\365\270O\327\307\240\367\336\270}2\007"
 985      277F56F5 
 985      B84FD7C7 
 985      A0F7DEB8 
 985      7D3207
 986 0137 77620EAE 		.ascii	"wb\016\256l\016\356\344\034\334\2669\270\263sp\237\343"
 986      6C0EEEE4 
 986      1CDCB639 
 986      B8B37370 
 986      9FE3
 987 0149 059BCECD 		.ascii	"\005\233\316\315'Z\177\177\015Z\277\343\260\336\000"
 987      275A7F7F 
 987      0D5ABFE3 
 987      B0DE00
 988 0158 ADDF6AEF 		.ascii	"\255\337j\357\177\203\307\375\270\177\237\314\335\177"
 988      7F83C7FD 
 988      B87F9FCC 
 988      DD7F
 989 0166 758EF3FA 		.ascii	"u\216\363\372~\3040\317NF\317\017\356n\262\016\003\301"
 989      7EC430CF 
 989      4E46CF0F 
 989      EE6EB20E 
 989      03C1
 990 0178 27132437 		.ascii	"'\023$7\000\364\257\302\037\231\274\317H\214B\025\032"
 990      00F4AFC2 
 990      1F99BCCF 
 990      488C4215 
 990      1A
 991 0189 E5665466 		.ascii	"\345fTf2s\313\375\222=~\202\245Xh\274]\2664\264C\264"
 991      3273CBFD 
 991      923D7E82 
 991      A55868BC 
 991      5DB634B4 
 992 019f 6CB250EA 		.ascii	"l\262P\3527\273\345\370)h\244u\021\261)\212\344._\350"
 992      37BBE5F8 
 992      2968A475 
 992      11B1298A 
 992      E42E5FE8 
 993 01b3 372BB4F2 		.ascii	"7+\264\362\275\230\304\024\374\365\233;\300\215\252"
 993      BD98C414 
 993      FCF59B3B 
 993      C08DAA
 994 01c2 B592251A 		.ascii	"\265\222%\032\217\374fy\202\325}\026\341\276H7\307A"
 994      8FFC6679 
 994      82D57D16 
 994      E1BE4837 
 994      C741
 995 01d4 07C86E67 		.ascii	"\007\310ng\214\242()\026\313\342\305>\346c\035\030\322"
 995      8CA22829 
 995      16CBE2C5 
 995      3EE6631D 
 995      18D2
 996 01e6 6269DABF 		.ascii	"bi\332\277P\366\233\355\350\021\357\216\215v\307\332"
 996      50F69BED 
 996      E811EF8E 
 996      8D76C7DA 
 997 01f6 3BC0E476 		.ascii	";\300\344v\3131\361\004S\270\235\316\024*\243\265d\351"
 997      CB31F104 
 997      53B89DCE 
 997      142AA3B5 
 997      64E9
 998 0208 0027039B 		.ascii	"\000'\003\233S\271\375p\221l\222\255\213c\343\011q\223"
 998      53B9FD70 
 998      916C92AD 
 998      8B63E309 
 998      7193
 999 021a B7281AB3 		.ascii	"\267(\032\263\231\331\015\3148\251;8\004\210\227\251"
 999      99D90DCC 
 999      38A93B38 
 999      048897A9 
 1000 022a 93B277FC 		.ascii	"\223\262w\374\370\002R\032K\210\"Yl6Ppgu\275\343^\353"
 1000      F802521A 
 1000      4B882259 
 1000      6C365070 
 1000      6775BDE3 
 1001 0240 9489DF4C 		.ascii	"\224\211\337L\361R\214\004\012\205\240R\216\300g\216"
 1001      F1528C04 
 1001      0A85A052 
 1001      8EC0678E 
 1002 0250 02E1FF70 		.ascii	"\002\341\377pS\237@\355G/\022:K\340:\325\017\010\231"
 1002      539F40ED 
 1002      472F123A 
 1002      4BE03AD5 
 1002      0F0899
 1003 0263 3D1BD848 		.ascii	"=\033\330H`O\250\356A\265;\005\240\357\011\314N\021"
 1003      604FA8EE 
 1003      41B53B05 
 1003      A0EF09CC 
 1003      4E11
 1004 0275 624E743B 		.ascii	"bNt;\002:2\353\243k\265\267u\366\314l\026u\016\016\323"
 1004      023A32EB 
 1004      A36BB5B7 
 1004      75F6CC6C 
 1004      16750E0E 
 1005 028a D9B3812D 		.ascii	"\331\263\201-,\270\260\005c\250\036\372s\263m\370h\261"
 1005      2CB8B005 
 1005      63A81EFA 
 1005      73B36DF8 
 1005      68B1
 1006 029c F51EB64D 		.ascii	"\365\036\266M\251Z\010Q\225)\370R\276L\330\353\352\245"
 1006      A95A0851 
 1006      9529F852 
 1006      BE4CD8EB 
 1006      EAA5
 1007 02ae A6DAE92E 		.ascii	"\246\332\351.\013>\212\360\275\372\252\256 \016\205"
 1007      0B3E8AF0 
 1007      BDFAAAAE 
 1007      200E85
 1008 02bd 6F451F12 		.ascii	"oE\037\0228\254E\313\213\334\312`>P\374\215\201h\224"
 1008      38AC45CB 
 1008      8BDCCA60 
 1008      3E50FC8D 
 1008      816894
 1009 02d0 941EAD38 		.ascii	"\224\036\2558//BhTQb \035Z\000\216\252\363\266\342\264"
 1009      2F2F4268 
 1009      54516220 
 1009      1D5A008E 
 1009      AAF3B6E2 
 1010 02e5 397CBEAF 		.ascii	"9|\276\257\177h^\273\244\246R\231\254>7\261\347Ww\232"
 1010      7F685EBB 
 1010      A4A65299 
 1010      AC3E37B1 
 1010      E757779A 
 1011 02f9 15655391 		.ascii	"\025eS\221\242XT\004\016\001\034Q\351f\244\017a\375"
 1011      A2585404 
 1011      0E011C51 
 1011      E966A40F 
 1011      61FD
 1012 030b 0BE03BC8 		.ascii	"\013\340;\310\373\326\304F!,\017\216\207\016<IW\255"
 1012      FBD6C446 
 1012      212C0F8E 
 1012      870E3C49 
 1012      57AD
 1013 031d 9A5A3695 		.ascii	"\232Z6\225*\321E\033\361\326\253.\307u\2276t8\036p\331"
 1013      2AD1451B 
 1013      F1D6AB2E 
 1013      C7759736 
 1013      74381E70 
 1014 0332 6762CFE6 		.ascii	"gb\317\346ti//\357\264q\233\001\301\306\247\333\264"
 1014      74692F2F 
 1014      EFB4719B 
 1014      01C1C6A7 
 1014      DBB4
 1015 0344 A3852F60 		.ascii	"\243\205/`Sob\233(aUT\225\216\370{\006\355\252\325i"
 1015      536F629B 
 1015      28615554 
 1015      958EF87B 
 1015      06EDAAD5 
 1016 0359 3D505957 		.ascii	"=PYW\213U\267\2063\200gj/\355,3/iF\363\307\202\371)"
 1016      8B55B786 
 1016      3380676A 
 1016      2FED2C33 
 1016      2F6946F3 
 1017 0371 DD1C5F14 		.ascii	"\335\034_\024<\2365\337ib\273\270\361\363o\276mdKjj"
 1017      3C9E35DF 
 1017      6962BBB8 
 1017      F1F36FBE 
 1017      6D644B6A 
 1018 0386 94A6B252 		.ascii	"\224\246\262RU\246\350\262s\232\014\205\347\002\242"
 1018      55A6E8B2 
 1018      739A0C85 
 1018      E702A2
 1019 0395 6189EDA7 		.ascii	"a\211\355\247\204\337\007\005\370\215P,|d\346\277\022"
 1019      84DF0705 
 1019      F88D502C 
 1019      7C64E6BF 
 1019      12
 1020 03a6 3F158BA6 		.ascii	"?\025\213\246\207\373>k\215\224\321jLi+\266\342\245"
 1020      87FB3E6B 
 1020      8D94D16A 
 1020      4C692BB6 
 1020      E2A5
 1021 03b8 2E804E35 		.ascii	".\200N5D7z9\3402p\336\302\232\271[\034\177\230\354\374"
 1021      44377A39 
 1021      E03270DE 
 1021      C29AB95B 
 1021      1C7F98EC 
 1022 03cd 88B0761E 		.ascii	"\210\260v\036k\364\324\310\205yr\233\356@t\003\270\012"
 1022      6BF4D4C8 
 1022      8579729B 
 1022      EE407403 
 1022      B80A
 1023 03df C81C01E8 		.ascii	"\310\034\001\350\003\350U\027}d\372\362x\204\215cu>"
 1023      03E85517 
 1023      7D64FAF2 
 1023      78848D63 
 1023      753E
 1024 03f1 09FA2130 		.ascii	"\011\372!0\3235\365A\272\200\375\353\323\023Gk\201\201"
 1024      D335F541 
 1024      BA80FDEB 
 1024      D313476B 
 1024      8181
 1025 0403 0DAB13C8 		.ascii	"\015\253\023\310u;\257\236aK\027,]\272TUON\344v\264"
 1025      753BAF9E 
 1025      614B172C 
 1025      5DBA5455 
 1025      4F4EE476 
 1026 0418 018AA007 		.ascii	"\001\212\240\007\340V\320E\375jA\002\301\225\024+J\233"
 1026      E056D045 
 1026      FD6A4102 
 1026      C195142B 
 1026      4A9B
 1027 042a 44E00780 		.ascii	"D\340\007\200\353\352\271[j{\3406\300\035\200\233\000"
 1027      EBEAB95B 
 1027      6A7BE036 
 1027      C01D809B 
 1027      00
 1028 043b 436AABD0 		.ascii	"Cj\253\320\250\351\021>eV\233j4(\0309\270\217J<\016"
 1028      A8E9113E 
 1028      65569B6A 
 1028      34281839 
 1028      B88F4A3C 
 1029 0450 10036144 		.ascii	"\020\003aD\027p\344Y\000\271\021\236\006\0316\316{t"
 1029      1770E459 
 1029      00B9119E 
 1029      061936CE 
 1029      7B74
 1030 0462 B7A4BDDB 		.ascii	"\267\244\275\333\274\300\230\015\356\302\234\351Pp\377"
 1030      BCC0980D 
 1030      EEC29CE9 
 1030      5070FF
 1031 0471 90EF9A65 		.ascii	"\220\357\232e\276&\250\2430\014p\011\340\242jz\017\370"
 1031      BE26A8A3 
 1031      300C7009 
 1031      E0A26A7A 
 1031      0FF8
 1032 0483 BD51A17B 		.ascii	"\275Q\241{'\017TJ\334\265\355\177s}\261\357\257=R\320"
 1032      270F544A 
 1032      DCB5ED7F 
 1032      737DB1EF 
 1032      AF3D52D0 
 1033 0497 F57EB8EB 		.ascii	"\365~\270\353\262\252Je\254\265\375\367\225\000~\200"
 1033      B2AA4A65 
 1033      ACB5FDF7 
 1033      95007E80 
 1034 04a7 0BDC6696 		.ascii	"\013\334f\226\301Qv\3365\211\0251\3565Z\334--\353\307"
 1034      C15176DE 
 1034      35891531 
 1034      EE355ADC 
 1034      2D2DEBC7 
 1035 04bb 3B5256BF 		.ascii	";RV\277\245B\201\312\215\240\336\324\007\\2\333\206"
 1035      A54281CA 
 1035      8DA0DED4 
 1035      075C32DB 
 1035      86
 1036 04cc 0740F24E 		.ascii	"\007@\362N\002\253\346\212\257O\357*\267\252\212\316"
 1036      02ABE68A 
 1036      AF4FEF2A 
 1036      B7AA8ACE 
 1037 04dc 8BCD4AB1 		.ascii	"\213\315J\261\225?\003\243\002\216ot^'\260z\216\177"
 1037      953F03A3 
 1037      028E6F74 
 1037      5E27B07A 
 1037      8E7F
 1038 04ee AA9C3D6B 		.ascii	"\252\234=k\347\370h\000\177$\340\217\020\277\016\354"
 1038      E7F86800 
 1038      7F24E08F 
 1038      10BF0EEC 
 1039 04fe 20C78F8F 		.ascii	" \307\217\217\014N\2318^\376Ii[t1\347\307\004~\014y"
 1039      0C4E9938 
 1039      5EFE4969 
 1039      5B7431E7 
 1039      C7047E0C 
 1040 0513 3FE09748 		.ascii	"?\340\227H\345\373\212J\217\332x\376\362\320\374\343"
 1040      E5FB8A4A 
 1040      8FDA78FE 
 1040      F2D0FCE3 
 1041 0523 82621C15 		.ascii	"\202b\034\025\023\300z\271\242eb\272V2\344\237\020\360"
 1041      13C07AB9 
 1041      A26562BA 
 1041      5632E49F 
 1041      10F0
 1042 0535 09C415CA 		.ascii	"\011\304\025\312\2068~\353\201\257\003\014\371\177\022"
 1042      86387EEB 
 1042      81AF030C 
 1042      F97F12
 1043 0544 F09F102F 		.ascii	"\360\237\020/\247l\234\343\243?V\325\3173\346\237\024"
 1043      A76C9CE3 
 1043      A33F56D5 
 1043      CF33E69F 
 1043      14
 1044 0555 F849E46B 		.ascii	"\370I\344k(+\222T~j\244\344E\024\317\377\227\320\374"
 1044      282B9254 
 1044      7E6AA4E4 
 1044      4514CFFF 
 1044      97D0FC
 1045 0568 5382620A 		.ascii	"S\202b\012\025{)\253\346\212\353#\307\372dC\376i\001"
 1045      157B29AB 
 1045      E68AEB23 
 1045      C7FA6443 
 1045      FE6901
 1046 057b 9F46BC89 		.ascii	"\237F\274\211\262z\216\327\224_:f\354\377\013\001\177"
 1046      B27A8ED7 
 1046      945F3A66 
 1046      ECFF0B01 
 1046      7F
 1047 058c 81780B65 		.ascii	"\201x\013e\0079~\365\037w\237Z\214\371\361\023\033\302"
 1047      07397EF5 
 1047      1F779F5A 
 1047      8CF9F113 
 1047      1BC2
 1048 059e 2B94E475 		.ascii	"+\224\344uP\346\343\374\341\335\347\312\314<\377\216"
 1048      50E6E3FC 
 1048      E1DDE7CA 
 1048      CC3CFF8E 
 1049 05ae D0FC4582 		.ascii	"\320\374E\202\242\010\025=\224\365rE\305\211\276F\213"
 1049      A208153D 
 1049      94F57245 
 1049      C589BE46 
 1049      8B
 1050 05bf 217FB180 		.ascii	"!\177\261\200\343_\337y\267\260\377\332\004\325\007"
 1050      E35FDF79 
 1050      B7B0FFDA 
 1050      04D507
 1051 05ce 666C86FC 		.ascii	"fl\206\374%\002^\202\370(\366\237\343\337\377}\334\007"
 1051      25025E82 
 1051      F828F69F 
 1051      E3DFFF7D 
 1051      DC07
 1052 05e0 C6FC9B05 		.ascii	"\306\374\233\005~3\362\223\330\177\223\312\217\315\334"
 1052      7E33F293 
 1052      D87F93CA 
 1052      8FCDDC
 1053 05ef 38C09FE6 		.ascii	"8\300\237\346\261]\241\371\267\010\212-\250(f\254\232"
 1053      B15DA1F9 
 1053      B7088A2D 
 1053      A82866AC 
 1053      9A
 1054 0600 2B76375E 		.ascii	"+v7^?\015\206\374\345\002^\216x%c\365\034?\365\267\201"
 1054      3F0D86FC 
 1054      E5025E8E 
 1054      782563F5 
 1054      1C3FF5B7 
 1055 0615 1BC6FC15 		.ascii	"\033\306\374\025\002^\201x-c\0079\376\345\315+%\324"
 1055      025E8178 
 1055      2D630739 
 1055      FEE5CD2B 
 1055      25D4
 1056 0627 98BF52E0 		.ascii	"\230\277R\340+\221o`\314\307\371\233\227\333|\234\037"
 1056      2B916F60 
 1056      CCC7F99B 
 1056      97DB7C9C 
 1056      1F
 1057 0638 6B08CDBF 		.ascii	"k\010\315\277UPlE\305w\214\365rE\325\231/\352#\014\371"
 1057      55506C45 
 1057      C5778CF5 
 1057      7245D599 
 1057      2FEA230C 
 1058 064d AB041C3F 		.ascii	"\253\004\034?\200ym\214\015q\274e\340J75\344\337.\340"
 1058      80796D8C 
 1058      0D71BC65 
 1058      E04A3735 
 1058      E4DF2EE0 
 1059 0661 DB11BFC0 		.ascii	"\333\021\277\300\3308\307{|\376{vc\376\032\201\257A"
 1059      D838C77B 
 1059      7CFE7B76 
 1059      63FE1A81 
 1059      AF41
 1060 0673 BE9FB1A2 		.ascii	"\276\237\261\242\010\376Y=\346?\245=\377\373B\363\357"
 1060      08FE593D 
 1060      E63FA53D 
 1060      FFFB42F3 
 1060      EF
 1061 0684 10143B50 		.ascii	"\020\024;Pq\027\373\317\025\255\323}\227\215\357o\255"
 1061      7117FBCF 
 1061      15ADD37D 
 1061      978DEF6F 
 1061      AD
 1062 0695 80D7223E 		.ascii	"\200\327\">\206\375\347xw\363\300\347\021\206\374\273"
 1062      86FDE778 
 1062      77F3C0E7 
 1062      1186FCBB 
 1063 06a5 057C37E2 		.ascii	"\005|7\342\323\330\177\216\177\263e{\277\325\230\277"
 1063      D3D87F8E 
 1063      7FB3657B 
 1063      BFD598BF 
 1064 06b5 4EE0EB90 		.ascii	"N\340\353\220\337,1\037\347\017N\217\265F\362\374\373"
 1064      DF2C311F 
 1064      E70F4E8F 
 1064      B546F2FC 
 1064      FB
 1065 06c6 43F3EF11 		.ascii	"C\363\357\021\024{PQ%\261^\256h*Rj\314\206\374{\005"
 1065      147B5051 
 1065      25B15EAE 
 1065      682A526A 
 1065      CC86FC7B 
 1066 06db 7C2FE275 		.ascii	"|/\342u\022\033\342\370\266/>\225\014\361\277\022\350"
 1066      121BE2F8 
 1066      B62F3E95 
 1066      0CF1BF12 
 1066      E8
 1067 06ec AF906E94 		.ascii	"\257\220n\224\3308\247}O:\372\243\214\361\033\004\276"
 1067      D838A77D 
 1067      4F3AFAA3 
 1067      8CF11B04 
 1067      BE
 1068 06fd 01F96609 		.ascii	"\001\371f\011\331\336m\233~6\005?\345\367\203\310?)"
 1068      D9DE6D9B 
 1068      7E36053F 
 1068      E5F783C8 
 1068      3F29
 1069 070f FFCE7475 		.ascii	"\377\316tu6LKA\300\037\004\366i\300T\313`\034\277\336"
 1069      364C4B41 
 1069      C01F04F6 
 1069      69C054CB 
 1069      601CBFDE 
 1070 0723 36C7DF02 		.ascii	"6\307\337\002\204&\021[j~\326\207\311\236\345Yo|\220"
 1070      8426115B 
 1070      6A7ED687 
 1070      C99EE559 
 1070      6F7C90
 1071 0736 4BE4B49C 		.ascii	"K\344\264\234|\257g\303\362\254$\022\351r\341\300\343"
 1071      7CAF67C3 
 1071      F2AC2412 
 1071      E972E1C0 
 1071      E3
 1072 0747 CAC8CEF0 		.ascii	"\312\310\316\360J\037yR\327\257\316\314X\347HK\317X"
 1072      4A1F7952 
 1072      D7AFCECC 
 1072      58E7484B 
 1072      CF58
 1073 0759 979153E0 		.ascii	"\227\221S\340\300\377i9YY9\331\216\002oj\276\2670\327"
 1073      C0FF6939 
 1073      595939D9 
 1073      8E026F6A 
 1073      BEB730D7 
 1074 076d F1BB3FBC 		.ascii	"\361\273?\274\273\346\335\015\352\331\334\214LO~\201"
 1074      BBE6DD0D 
 1074      EAD9DC8C 
 1074      4C4F7E81 
 1075 077d E3ED356B 		.ascii	"\343\3555k\034i\371\336\204\025i\226\267\337\373c\354"
 1075      1C69F9DE 
 1075      84156996 
 1075      B7DFFB63 
 1075      EC
 1076 078e 9AD5AB49 		.ascii	"\232\325\253I\2646^\221\224\364f\302j\317\312D\262\302"
 1076      B4365E91 
 1076      94F466C2 
 1076      6ACFCA44 
 1076      B2C2
 1077 07a0 919E93E5 		.ascii	"\221\236\223\345q\374\251\300\353\371\010m\034\0059"
 1077      71FCA9C0 
 1077      EBF9086D 
 1077      1C0539
 1078 07af 85F9691E 		.ascii	"\205\371i\036\307\307\251\236\254\365\313\013r33\274"
 1078      C7C7A99E 
 1078      ACF5CB0B 
 1078      723333BC 
 1079 07bf CBD7AF73 		.ascii	"\313\327\257s\274\225\221\237\205\227=\344\267\377w"
 1079      BC95919F 
 1079      85973DE4 
 1079      B7FF77
 1080 07ce 0462     		.ascii	"\004b"
 1081 07d0 73B93CA9 		.ascii	"s\271<\251\371\231\037\363\365\340\3322S\275\332\332"
 1081      F9991FF3 
 1081      F5E0DA32 
 1081      53BDDADA 
 1082 07e0 A25C2EB7 		.ascii	"\242\\.\267\347\203\324\302L\257\313\263!\303k\311\306"
 1082      E783D4C2 
 1082      4CAFCBB3 
 1082      21C36BC9 
 1082      C6
 1083 07f1 457B0BF3 		.ascii	"E{\013\363\263\243]\374\262+?5\313\205s\247\026X\003"
 1083      B3A35DFC 
 1083      B22B3F35 
 1083      CB8573A7 
 1083      165803
 1084 0804 47725A26 		.ascii	"GrZ&z\361cKaF\2667\321\351\362Z9\254\236\212\342G\330"
 1084      7AF1634B 
 1084      6146B637 
 1084      D1E9F25A 
 1084      39AC9E8A 
 1085 081b 456D68CB 		.ascii	"Emh\313\316q\005\256\331U\217\300\310\345\235\357R\375"
 1085      CE7105AE 
 1085      D9558FC0 
 1085      C8E59DEF 
 1085      52FD
 1086 082d DF740525 		.ascii	"\337t\005%\256y\241\247\\Q\372H\233\321e\327\207\331"
 1086      AE79A1A7 
 1086      5C51FA48 
 1086      9BD165D7 
 1086      87D9
 1087 083f 39DA654D 		.ascii	"9\332eM\237\020\256O\020\364\011\242>\301\240w\206\353"
 1087      9F10AE4F 
 1087      10F409A2 
 1087      3EC1A077 
 1087      86EB
 1088 0851 9D82DE29 		.ascii	"\235\202\336)\352\235\006}b\270>Q\320'\212\372D\203"
 1088      EA9D067D 
 1088      62B83E51 
 1088      D0278AFA 
 1088      4483
 1089 0863 3E295C9F 		.ascii	">)\\\237$\350\223D}\222A\2772\\\277R\320\257\024\365"
 1089      24E89344 
 1089      7D9241BF 
 1089      325CBF52 
 1089      D0AF14F5 
 1090 0877 2B0DFA55 		.ascii	"+\015\372U\341\372U\202~\225\250_e\320'\207\353\223"
 1090      E1FA5582 
 1090      7E95A85F 
 1090      65D02787 
 1090      EB93
 1091 0889 057DB2A8 		.ascii	"\005}\262\250O\016\350\377\013\256\000Z/"
 1091      4F0EE8FF 
 1091      0BAE005A 
 1091      2F
 1092              		.text
 1093              		.section	.gnu.lto_.symtab.390c49c268c778d6,"e",%progbits
 1094 0000 5F5F636F 		.ascii	"__core_init\000"
 1094      72655F69 
 1094      6E697400 
 1095 000c 00       		.ascii	"\000"
 1096 000d 01       		.ascii	"\001"
 1097 000e 00       		.ascii	"\000"
 1098 000f 00000000 		.ascii	"\000\000\000\000\000\000\000\000"
 1098      00000000 
 1099 0017 BE000000 		.ascii	"\276\000\000\000"
 1100 001b 5F5F6561 		.ascii	"__early_init\000"
 1100      726C795F 
 1100      696E6974 
 1100      00
 1101 0028 00       		.ascii	"\000"
 1102 0029 01       		.ascii	"\001"
 1103 002a 00       		.ascii	"\000"
 1104 002b 00000000 		.ascii	"\000\000\000\000\000\000\000\000"
 1104      00000000 
 1105 0033 C1000000 		.ascii	"\301\000\000\000"
 1106 0037 5F5F6C61 		.ascii	"__late_init\000"
 1106      74655F69 
 1106      6E697400 
 1107 0043 00       		.ascii	"\000"
 1108 0044 01       		.ascii	"\001"
 1109 0045 00       		.ascii	"\000"
 1110 0046 00000000 		.ascii	"\000\000\000\000\000\000\000\000"
 1110      00000000 
 1111 004e C4000000 		.ascii	"\304\000\000\000"
 1112 0052 5F5F6465 		.ascii	"__default_exit\000"
 1112      6661756C 
 1112      745F6578 
 1112      697400
 1113 0061 00       		.ascii	"\000"
 1114 0062 01       		.ascii	"\001"
 1115 0063 00       		.ascii	"\000"
 1116 0064 00000000 		.ascii	"\000\000\000\000\000\000\000\000"
 1116      00000000 
 1117 006c C9000000 		.ascii	"\311\000\000\000"
 1118 0070 5F5F696E 		.ascii	"__init_ram_areas\000"
 1118      69745F72 
 1118      616D5F61 
 1118      72656173 
 1118      00
 1119 0081 00       		.ascii	"\000"
 1120 0082 00       		.ascii	"\000"
 1121 0083 00       		.ascii	"\000"
 1122 0084 00000000 		.ascii	"\000\000\000\000\000\000\000\000"
 1122      00000000 
 1123 008c CB000000 		.ascii	"\313\000\000\000"
 1124 0090 5F5F7261 		.ascii	"__ram0_init_text__\000"
 1124      6D305F69 
 1124      6E69745F 
 1124      74657874 
 1124      5F5F00
 1125 00a3 00       		.ascii	"\000"
 1126 00a4 02       		.ascii	"\002"
 1127 00a5 00       		.ascii	"\000"
 1128 00a6 00000000 		.ascii	"\000\000\000\000\000\000\000\000"
 1128      00000000 
 1129 00ae EB000000 		.ascii	"\353\000\000\000"
 1130 00b2 5F5F7261 		.ascii	"__ram0_init__\000"
 1130      6D305F69 
 1130      6E69745F 
 1130      5F00
 1131 00c0 00       		.ascii	"\000"
 1132 00c1 02       		.ascii	"\002"
 1133 00c2 00       		.ascii	"\000"
 1134 00c3 00000000 		.ascii	"\000\000\000\000\000\000\000\000"
 1134      00000000 
 1135 00cb ED000000 		.ascii	"\355\000\000\000"
 1136 00cf 5F5F7261 		.ascii	"__ram0_clear__\000"
 1136      6D305F63 
 1136      6C656172 
 1136      5F5F00
 1137 00de 00       		.ascii	"\000"
 1138 00df 02       		.ascii	"\002"
 1139 00e0 00       		.ascii	"\000"
 1140 00e1 00000000 		.ascii	"\000\000\000\000\000\000\000\000"
 1140      00000000 
 1141 00e9 EF000000 		.ascii	"\357\000\000\000"
 1142 00ed 5F5F7261 		.ascii	"__ram0_noinit__\000"
 1142      6D305F6E 
 1142      6F696E69 
 1142      745F5F00 
 1143 00fd 00       		.ascii	"\000"
 1144 00fe 02       		.ascii	"\002"
 1145 00ff 00       		.ascii	"\000"
 1146 0100 00000000 		.ascii	"\000\000\000\000\000\000\000\000"
 1146      00000000 
 1147 0108 F1000000 		.ascii	"\361\000\000\000"
 1148 010c 5F5F7261 		.ascii	"__ram1_init_text__\000"
 1148      6D315F69 
 1148      6E69745F 
 1148      74657874 
 1148      5F5F00
 1149 011f 00       		.ascii	"\000"
 1150 0120 02       		.ascii	"\002"
 1151 0121 00       		.ascii	"\000"
 1152 0122 00000000 		.ascii	"\000\000\000\000\000\000\000\000"
 1152      00000000 
 1153 012a F3000000 		.ascii	"\363\000\000\000"
 1154 012e 5F5F7261 		.ascii	"__ram1_init__\000"
 1154      6D315F69 
 1154      6E69745F 
 1154      5F00
 1155 013c 00       		.ascii	"\000"
 1156 013d 02       		.ascii	"\002"
 1157 013e 00       		.ascii	"\000"
 1158 013f 00000000 		.ascii	"\000\000\000\000\000\000\000\000"
 1158      00000000 
 1159 0147 F5000000 		.ascii	"\365\000\000\000"
 1160 014b 5F5F7261 		.ascii	"__ram1_clear__\000"
 1160      6D315F63 
 1160      6C656172 
 1160      5F5F00
 1161 015a 00       		.ascii	"\000"
 1162 015b 02       		.ascii	"\002"
 1163 015c 00       		.ascii	"\000"
 1164 015d 00000000 		.ascii	"\000\000\000\000\000\000\000\000"
 1164      00000000 
 1165 0165 F7000000 		.ascii	"\367\000\000\000"
 1166 0169 5F5F7261 		.ascii	"__ram1_noinit__\000"
 1166      6D315F6E 
 1166      6F696E69 
 1166      745F5F00 
 1167 0179 00       		.ascii	"\000"
 1168 017a 02       		.ascii	"\002"
 1169 017b 00       		.ascii	"\000"
 1170 017c 00000000 		.ascii	"\000\000\000\000\000\000\000\000"
 1170      00000000 
 1171 0184 F9000000 		.ascii	"\371\000\000\000"
 1172 0188 5F5F7261 		.ascii	"__ram2_init_text__\000"
 1172      6D325F69 
 1172      6E69745F 
 1172      74657874 
 1172      5F5F00
 1173 019b 00       		.ascii	"\000"
 1174 019c 02       		.ascii	"\002"
 1175 019d 00       		.ascii	"\000"
 1176 019e 00000000 		.ascii	"\000\000\000\000\000\000\000\000"
 1176      00000000 
 1177 01a6 FB000000 		.ascii	"\373\000\000\000"
 1178 01aa 5F5F7261 		.ascii	"__ram2_init__\000"
 1178      6D325F69 
 1178      6E69745F 
 1178      5F00
 1179 01b8 00       		.ascii	"\000"
 1180 01b9 02       		.ascii	"\002"
 1181 01ba 00       		.ascii	"\000"
 1182 01bb 00000000 		.ascii	"\000\000\000\000\000\000\000\000"
 1182      00000000 
 1183 01c3 FD000000 		.ascii	"\375\000\000\000"
 1184 01c7 5F5F7261 		.ascii	"__ram2_clear__\000"
 1184      6D325F63 
 1184      6C656172 
 1184      5F5F00
 1185 01d6 00       		.ascii	"\000"
 1186 01d7 02       		.ascii	"\002"
 1187 01d8 00       		.ascii	"\000"
 1188 01d9 00000000 		.ascii	"\000\000\000\000\000\000\000\000"
 1188      00000000 
 1189 01e1 FF000000 		.ascii	"\377\000\000\000"
 1190 01e5 5F5F7261 		.ascii	"__ram2_noinit__\000"
 1190      6D325F6E 
 1190      6F696E69 
 1190      745F5F00 
 1191 01f5 00       		.ascii	"\000"
 1192 01f6 02       		.ascii	"\002"
 1193 01f7 00       		.ascii	"\000"
 1194 01f8 00000000 		.ascii	"\000\000\000\000\000\000\000\000"
 1194      00000000 
 1195 0200 01010000 		.ascii	"\001\001\000\000"
 1196 0204 5F5F7261 		.ascii	"__ram3_init_text__\000"
 1196      6D335F69 
 1196      6E69745F 
 1196      74657874 
 1196      5F5F00
 1197 0217 00       		.ascii	"\000"
 1198 0218 02       		.ascii	"\002"
 1199 0219 00       		.ascii	"\000"
 1200 021a 00000000 		.ascii	"\000\000\000\000\000\000\000\000"
 1200      00000000 
 1201 0222 03010000 		.ascii	"\003\001\000\000"
 1202 0226 5F5F7261 		.ascii	"__ram3_init__\000"
 1202      6D335F69 
 1202      6E69745F 
 1202      5F00
 1203 0234 00       		.ascii	"\000"
 1204 0235 02       		.ascii	"\002"
 1205 0236 00       		.ascii	"\000"
 1206 0237 00000000 		.ascii	"\000\000\000\000\000\000\000\000"
 1206      00000000 
 1207 023f 05010000 		.ascii	"\005\001\000\000"
 1208 0243 5F5F7261 		.ascii	"__ram3_clear__\000"
 1208      6D335F63 
 1208      6C656172 
 1208      5F5F00
 1209 0252 00       		.ascii	"\000"
 1210 0253 02       		.ascii	"\002"
 1211 0254 00       		.ascii	"\000"
 1212 0255 00000000 		.ascii	"\000\000\000\000\000\000\000\000"
 1212      00000000 
 1213 025d 07010000 		.ascii	"\007\001\000\000"
 1214 0261 5F5F7261 		.ascii	"__ram3_noinit__\000"
 1214      6D335F6E 
 1214      6F696E69 
 1214      745F5F00 
 1215 0271 00       		.ascii	"\000"
 1216 0272 02       		.ascii	"\002"
 1217 0273 00       		.ascii	"\000"
 1218 0274 00000000 		.ascii	"\000\000\000\000\000\000\000\000"
 1218      00000000 
 1219 027c 09010000 		.ascii	"\011\001\000\000"
 1220 0280 5F5F7261 		.ascii	"__ram4_init_text__\000"
 1220      6D345F69 
 1220      6E69745F 
 1220      74657874 
 1220      5F5F00
 1221 0293 00       		.ascii	"\000"
 1222 0294 02       		.ascii	"\002"
 1223 0295 00       		.ascii	"\000"
 1224 0296 00000000 		.ascii	"\000\000\000\000\000\000\000\000"
 1224      00000000 
 1225 029e 0B010000 		.ascii	"\013\001\000\000"
 1226 02a2 5F5F7261 		.ascii	"__ram4_init__\000"
 1226      6D345F69 
 1226      6E69745F 
 1226      5F00
 1227 02b0 00       		.ascii	"\000"
 1228 02b1 02       		.ascii	"\002"
 1229 02b2 00       		.ascii	"\000"
 1230 02b3 00000000 		.ascii	"\000\000\000\000\000\000\000\000"
 1230      00000000 
 1231 02bb 0D010000 		.ascii	"\015\001\000\000"
 1232 02bf 5F5F7261 		.ascii	"__ram4_clear__\000"
 1232      6D345F63 
 1232      6C656172 
 1232      5F5F00
 1233 02ce 00       		.ascii	"\000"
 1234 02cf 02       		.ascii	"\002"
 1235 02d0 00       		.ascii	"\000"
 1236 02d1 00000000 		.ascii	"\000\000\000\000\000\000\000\000"
 1236      00000000 
 1237 02d9 0F010000 		.ascii	"\017\001\000\000"
 1238 02dd 5F5F7261 		.ascii	"__ram4_noinit__\000"
 1238      6D345F6E 
 1238      6F696E69 
 1238      745F5F00 
 1239 02ed 00       		.ascii	"\000"
 1240 02ee 02       		.ascii	"\002"
 1241 02ef 00       		.ascii	"\000"
 1242 02f0 00000000 		.ascii	"\000\000\000\000\000\000\000\000"
 1242      00000000 
 1243 02f8 11010000 		.ascii	"\021\001\000\000"
 1244 02fc 5F5F7261 		.ascii	"__ram5_init_text__\000"
 1244      6D355F69 
 1244      6E69745F 
 1244      74657874 
 1244      5F5F00
 1245 030f 00       		.ascii	"\000"
 1246 0310 02       		.ascii	"\002"
 1247 0311 00       		.ascii	"\000"
 1248 0312 00000000 		.ascii	"\000\000\000\000\000\000\000\000"
 1248      00000000 
 1249 031a 13010000 		.ascii	"\023\001\000\000"
 1250 031e 5F5F7261 		.ascii	"__ram5_init__\000"
 1250      6D355F69 
 1250      6E69745F 
 1250      5F00
 1251 032c 00       		.ascii	"\000"
 1252 032d 02       		.ascii	"\002"
 1253 032e 00       		.ascii	"\000"
 1254 032f 00000000 		.ascii	"\000\000\000\000\000\000\000\000"
 1254      00000000 
 1255 0337 15010000 		.ascii	"\025\001\000\000"
 1256 033b 5F5F7261 		.ascii	"__ram5_clear__\000"
 1256      6D355F63 
 1256      6C656172 
 1256      5F5F00
 1257 034a 00       		.ascii	"\000"
 1258 034b 02       		.ascii	"\002"
 1259 034c 00       		.ascii	"\000"
 1260 034d 00000000 		.ascii	"\000\000\000\000\000\000\000\000"
 1260      00000000 
 1261 0355 17010000 		.ascii	"\027\001\000\000"
 1262 0359 5F5F7261 		.ascii	"__ram5_noinit__\000"
 1262      6D355F6E 
 1262      6F696E69 
 1262      745F5F00 
 1263 0369 00       		.ascii	"\000"
 1264 036a 02       		.ascii	"\002"
 1265 036b 00       		.ascii	"\000"
 1266 036c 00000000 		.ascii	"\000\000\000\000\000\000\000\000"
 1266      00000000 
 1267 0374 19010000 		.ascii	"\031\001\000\000"
 1268 0378 5F5F7261 		.ascii	"__ram6_init_text__\000"
 1268      6D365F69 
 1268      6E69745F 
 1268      74657874 
 1268      5F5F00
 1269 038b 00       		.ascii	"\000"
 1270 038c 02       		.ascii	"\002"
 1271 038d 00       		.ascii	"\000"
 1272 038e 00000000 		.ascii	"\000\000\000\000\000\000\000\000"
 1272      00000000 
 1273 0396 1B010000 		.ascii	"\033\001\000\000"
 1274 039a 5F5F7261 		.ascii	"__ram6_init__\000"
 1274      6D365F69 
 1274      6E69745F 
 1274      5F00
 1275 03a8 00       		.ascii	"\000"
 1276 03a9 02       		.ascii	"\002"
 1277 03aa 00       		.ascii	"\000"
 1278 03ab 00000000 		.ascii	"\000\000\000\000\000\000\000\000"
 1278      00000000 
 1279 03b3 1D010000 		.ascii	"\035\001\000\000"
 1280 03b7 5F5F7261 		.ascii	"__ram6_clear__\000"
 1280      6D365F63 
 1280      6C656172 
 1280      5F5F00
 1281 03c6 00       		.ascii	"\000"
 1282 03c7 02       		.ascii	"\002"
 1283 03c8 00       		.ascii	"\000"
 1284 03c9 00000000 		.ascii	"\000\000\000\000\000\000\000\000"
 1284      00000000 
 1285 03d1 1F010000 		.ascii	"\037\001\000\000"
 1286 03d5 5F5F7261 		.ascii	"__ram6_noinit__\000"
 1286      6D365F6E 
 1286      6F696E69 
 1286      745F5F00 
 1287 03e5 00       		.ascii	"\000"
 1288 03e6 02       		.ascii	"\002"
 1289 03e7 00       		.ascii	"\000"
 1290 03e8 00000000 		.ascii	"\000\000\000\000\000\000\000\000"
 1290      00000000 
 1291 03f0 21010000 		.ascii	"!\001\000\000"
 1292 03f4 5F5F7261 		.ascii	"__ram7_init_text__\000"
 1292      6D375F69 
 1292      6E69745F 
 1292      74657874 
 1292      5F5F00
 1293 0407 00       		.ascii	"\000"
 1294 0408 02       		.ascii	"\002"
 1295 0409 00       		.ascii	"\000"
 1296 040a 00000000 		.ascii	"\000\000\000\000\000\000\000\000"
 1296      00000000 
 1297 0412 23010000 		.ascii	"#\001\000\000"
 1298 0416 5F5F7261 		.ascii	"__ram7_init__\000"
 1298      6D375F69 
 1298      6E69745F 
 1298      5F00
 1299 0424 00       		.ascii	"\000"
 1300 0425 02       		.ascii	"\002"
 1301 0426 00       		.ascii	"\000"
 1302 0427 00000000 		.ascii	"\000\000\000\000\000\000\000\000"
 1302      00000000 
 1303 042f 25010000 		.ascii	"%\001\000\000"
 1304 0433 5F5F7261 		.ascii	"__ram7_clear__\000"
 1304      6D375F63 
 1304      6C656172 
 1304      5F5F00
 1305 0442 00       		.ascii	"\000"
 1306 0443 02       		.ascii	"\002"
 1307 0444 00       		.ascii	"\000"
 1308 0445 00000000 		.ascii	"\000\000\000\000\000\000\000\000"
 1308      00000000 
 1309 044d 27010000 		.ascii	"'\001\000\000"
 1310 0451 5F5F7261 		.ascii	"__ram7_noinit__\000"
 1310      6D375F6E 
 1310      6F696E69 
 1310      745F5F00 
 1311 0461 00       		.ascii	"\000"
 1312 0462 02       		.ascii	"\002"
 1313 0463 00       		.ascii	"\000"
 1314 0464 00000000 		.ascii	"\000\000\000\000\000\000\000\000"
 1314      00000000 
 1315 046c 29010000 		.ascii	")\001\000\000"
 1316              		.text
 1317              		.section	.gnu.lto_.ext_symtab.390c49c268c778d6,"e",%progbits
 1318 0000 01       		.ascii	"\001"
 1319 0001 01       		.ascii	"\001"
 1320 0002 00       		.ascii	"\000"
 1321 0003 01       		.ascii	"\001"
 1322 0004 00       		.ascii	"\000"
 1323 0005 01       		.ascii	"\001"
 1324 0006 00       		.ascii	"\000"
 1325 0007 01       		.ascii	"\001"
 1326 0008 00       		.ascii	"\000"
 1327 0009 01       		.ascii	"\001"
 1328 000a 00       		.ascii	"\000"
 1329 000b 02       		.ascii	"\002"
 1330 000c 01       		.ascii	"\001"
 1331 000d 02       		.ascii	"\002"
 1332 000e 01       		.ascii	"\001"
 1333 000f 02       		.ascii	"\002"
 1334 0010 01       		.ascii	"\001"
 1335 0011 02       		.ascii	"\002"
 1336 0012 01       		.ascii	"\001"
 1337 0013 02       		.ascii	"\002"
 1338 0014 01       		.ascii	"\001"
 1339 0015 02       		.ascii	"\002"
 1340 0016 01       		.ascii	"\001"
 1341 0017 02       		.ascii	"\002"
 1342 0018 01       		.ascii	"\001"
 1343 0019 02       		.ascii	"\002"
 1344 001a 01       		.ascii	"\001"
 1345 001b 02       		.ascii	"\002"
 1346 001c 01       		.ascii	"\001"
 1347 001d 02       		.ascii	"\002"
 1348 001e 01       		.ascii	"\001"
 1349 001f 02       		.ascii	"\002"
 1350 0020 01       		.ascii	"\001"
 1351 0021 02       		.ascii	"\002"
 1352 0022 01       		.ascii	"\001"
 1353 0023 02       		.ascii	"\002"
 1354 0024 01       		.ascii	"\001"
 1355 0025 02       		.ascii	"\002"
 1356 0026 01       		.ascii	"\001"
 1357 0027 02       		.ascii	"\002"
 1358 0028 01       		.ascii	"\001"
 1359 0029 02       		.ascii	"\002"
 1360 002a 01       		.ascii	"\001"
 1361 002b 02       		.ascii	"\002"
 1362 002c 01       		.ascii	"\001"
 1363 002d 02       		.ascii	"\002"
 1364 002e 01       		.ascii	"\001"
 1365 002f 02       		.ascii	"\002"
 1366 0030 01       		.ascii	"\001"
 1367 0031 02       		.ascii	"\002"
 1368 0032 01       		.ascii	"\001"
 1369 0033 02       		.ascii	"\002"
 1370 0034 01       		.ascii	"\001"
 1371 0035 02       		.ascii	"\002"
 1372 0036 01       		.ascii	"\001"
 1373 0037 02       		.ascii	"\002"
 1374 0038 01       		.ascii	"\001"
 1375 0039 02       		.ascii	"\002"
 1376 003a 01       		.ascii	"\001"
 1377 003b 02       		.ascii	"\002"
 1378 003c 01       		.ascii	"\001"
 1379 003d 02       		.ascii	"\002"
 1380 003e 01       		.ascii	"\001"
 1381 003f 02       		.ascii	"\002"
 1382 0040 01       		.ascii	"\001"
 1383 0041 02       		.ascii	"\002"
 1384 0042 01       		.ascii	"\001"
 1385 0043 02       		.ascii	"\002"
 1386 0044 01       		.ascii	"\001"
 1387 0045 02       		.ascii	"\002"
 1388 0046 01       		.ascii	"\001"
 1389 0047 02       		.ascii	"\002"
 1390 0048 01       		.ascii	"\001"
 1391 0049 02       		.ascii	"\002"
 1392 004a 01       		.ascii	"\001"
 1393              		.text
 1394              		.section	.gnu.lto_.opts,"e",%progbits
 1395 0000 272D666E 		.ascii	"'-fno-openmp' '-fno-openacc' '-fno-pie' '-fcf-prote"
 1395      6F2D6F70 
 1395      656E6D70 
 1395      2720272D 
 1395      666E6F2D 
 1396 0033 6374696F 		.ascii	"ction=none' '-g' '-mcpu=cortex-m4' '-mthumb' '-mno-"
 1396      6E3D6E6F 
 1396      6E652720 
 1396      272D6727 
 1396      20272D6D 
 1397 0066 7468756D 		.ascii	"thumb-interwork' '-mno-unaligned-access' '-mfloat-a"
 1397      622D696E 
 1397      74657277 
 1397      6F726B27 
 1397      20272D6D 
 1398 0099 62693D68 		.ascii	"bi=hard' '-mfpu=fpv4-sp-d16' '-mlibarch=armv7e-m+fp"
 1398      61726427 
 1398      20272D6D 
 1398      6670753D 
 1398      66707634 
 1399 00cc 2720272D 		.ascii	"' '-march=armv7e-m+fp' '-Os' '-Ofast' '-fsingle-pre"
 1399      6D617263 
 1399      683D6172 
 1399      6D763765 
 1399      2D6D2B66 
 1400 00ff 63697369 		.ascii	"cision-constant' '-fomit-frame-pointer' '-ffunction"
 1400      6F6E2D63 
 1400      6F6E7374 
 1400      616E7427 
 1400      20272D66 
 1401 0132 2D736563 		.ascii	"-sections' '-fdata-sections' '-fshort-wchar' '-fcom"
 1401      74696F6E 
 1401      73272027 
 1401      2D666461 
 1401      74612D73 
 1402 0165 6D6F6E27 		.ascii	"mon' '-flto' '-Xassembler' '-adhlns=.build/obj_karl"
 1402      20272D66 
 1402      6C746F27 
 1402      20272D58 
 1402      61737365 
 1403 0198 6B39305F 		.ascii	"k90_yaemk/lib/chibios/os/common/startup/ARMCMx/comp"
 1403      7961656D 
 1403      6B2F6C69 
 1403      622F6368 
 1403      6962696F 
 1404 01cb 696C6572 		.ascii	"ilers/GCC/crt1.lst'\000"
 1404      732F4743 
 1404      432F6372 
 1404      74312E6C 
 1404      73742700 
 1405              		.text
 1406              		.comm	__gnu_lto_slim,1,1
 1407              		.ident	"GCC: (15:10.3-2021.07-4) 10.3.1 20210621 (release)"
DEFINED SYMBOLS
                            *ABS*:0000000000000000 crt1.c
     /tmp/ccBZ0sJt.s:18     .gnu.debuglto_.debug_info:0000000000000000 crt1.c.44019e53
                            *COM*:0000000000000001 __gnu_lto_slim

NO UNDEFINED SYMBOLS
