   1              		.cpu cortex-m4
   2              		.eabi_attribute 27, 1
   3              		.eabi_attribute 28, 1
   4              		.eabi_attribute 23, 1
   5              		.eabi_attribute 24, 1
   6              		.eabi_attribute 25, 1
   7              		.eabi_attribute 26, 1
   8              		.eabi_attribute 30, 2
   9              		.eabi_attribute 34, 0
  10              		.eabi_attribute 18, 2
  11              		.file	"rgb_matrix_drivers.c"
  12              		.file 1 "quantum/color.h"
  13              		.file 2 "/usr/lib/gcc/arm-none-eabi/10.3.1/include/stdint.h"
  14              		.file 3 "quantum/rgb_matrix/rgb_matrix.h"
  15              		.file 4 "quantum/rgb_matrix/rgb_matrix_drivers.c"
  16              		.file 5 "quantum/sequencer/sequencer.h"
  17              		.section	.gnu.debuglto_.debug_info,"e",%progbits
  18              	.Ldebug_info0:
  19              		.hidden	rgb_matrix_drivers.c.899dc6b1
  20              		.weak	rgb_matrix_drivers.c.899dc6b1
  21              	rgb_matrix_drivers.c.899dc6b1:
  22 0000 4B020000 		.4byte	0x24b
  23 0004 0400     		.2byte	0x4
  24 0006 00000000 		.4byte	.Ldebug_abbrev0
  25 000a 04       		.byte	0x4
  26 000b 01       		.uleb128 0x1
  27 000c 6B010000 		.4byte	.LASF30
  28 0010 0C       		.byte	0xc
  29 0011 4E000000 		.4byte	.LASF31
  30 0015 EF000000 		.4byte	.LASF32
  31 0019 00000000 		.4byte	.Ldebug_line0
  32 001d 02       		.uleb128 0x2
  33 001e 01       		.byte	0x1
  34 001f 06       		.byte	0x6
  35 0020 EA020000 		.4byte	.LASF0
  36 0024 02       		.uleb128 0x2
  37 0025 02       		.byte	0x2
  38 0026 05       		.byte	0x5
  39 0027 D2020000 		.4byte	.LASF1
  40 002b 02       		.uleb128 0x2
  41 002c 04       		.byte	0x4
  42 002d 05       		.byte	0x5
  43 002e DC020000 		.4byte	.LASF2
  44 0032 02       		.uleb128 0x2
  45 0033 08       		.byte	0x8
  46 0034 05       		.byte	0x5
  47 0035 94020000 		.4byte	.LASF3
  48 0039 03       		.uleb128 0x3
  49 003a 59010000 		.4byte	.LASF9
  50 003e 02       		.byte	0x2
  51 003f 2E       		.byte	0x2e
  52 0040 18       		.byte	0x18
  53 0041 45000000 		.4byte	0x45
  54 0045 02       		.uleb128 0x2
  55 0046 01       		.byte	0x1
  56 0047 08       		.byte	0x8
  57 0048 94000000 		.4byte	.LASF4
  58 004c 02       		.uleb128 0x2
  59 004d 02       		.byte	0x2
  60 004e 07       		.byte	0x7
  61 004f AC000000 		.4byte	.LASF5
  62 0053 02       		.uleb128 0x2
  63 0054 04       		.byte	0x4
  64 0055 07       		.byte	0x7
  65 0056 DD000000 		.4byte	.LASF6
  66 005a 02       		.uleb128 0x2
  67 005b 08       		.byte	0x8
  68 005c 07       		.byte	0x7
  69 005d 7D000000 		.4byte	.LASF7
  70 0061 04       		.uleb128 0x4
  71 0062 04       		.byte	0x4
  72 0063 05       		.byte	0x5
  73 0064 696E7400 		.ascii	"int\000"
  74 0068 02       		.uleb128 0x2
  75 0069 04       		.byte	0x4
  76 006a 07       		.byte	0x7
  77 006b 3D010000 		.4byte	.LASF8
  78 006f 05       		.uleb128 0x5
  79 0070 03       		.byte	0x3
  80 0071 01       		.byte	0x1
  81 0072 64       		.byte	0x64
  82 0073 09       		.byte	0x9
  83 0074 9A000000 		.4byte	0x9a
  84 0078 06       		.uleb128 0x6
  85 0079 6700     		.ascii	"g\000"
  86 007b 01       		.byte	0x1
  87 007c 66       		.byte	0x66
  88 007d 0D       		.byte	0xd
  89 007e 39000000 		.4byte	0x39
  90 0082 00       		.byte	0
  91 0083 06       		.uleb128 0x6
  92 0084 7200     		.ascii	"r\000"
  93 0086 01       		.byte	0x1
  94 0087 67       		.byte	0x67
  95 0088 0D       		.byte	0xd
  96 0089 39000000 		.4byte	0x39
  97 008d 01       		.byte	0x1
  98 008e 06       		.uleb128 0x6
  99 008f 6200     		.ascii	"b\000"
 100 0091 01       		.byte	0x1
 101 0092 68       		.byte	0x68
 102 0093 0D       		.byte	0xd
 103 0094 39000000 		.4byte	0x39
 104 0098 02       		.byte	0x2
 105 0099 00       		.byte	0
 106 009a 03       		.uleb128 0x3
 107 009b E5020000 		.4byte	.LASF10
 108 009f 01       		.byte	0x1
 109 00a0 72       		.byte	0x72
 110 00a1 03       		.byte	0x3
 111 00a2 6F000000 		.4byte	0x6f
 112 00a6 07       		.uleb128 0x7
 113 00a7 52474200 		.ascii	"RGB\000"
 114 00ab 01       		.byte	0x1
 115 00ac 74       		.byte	0x74
 116 00ad 0E       		.byte	0xe
 117 00ae 9A000000 		.4byte	0x9a
 118 00b2 02       		.uleb128 0x2
 119 00b3 01       		.byte	0x1
 120 00b4 02       		.byte	0x2
 121 00b5 F6020000 		.4byte	.LASF11
 122 00b9 02       		.uleb128 0x2
 123 00ba 01       		.byte	0x1
 124 00bb 08       		.byte	0x8
 125 00bc 54010000 		.4byte	.LASF12
 126 00c0 08       		.uleb128 0x8
 127 00c1 04       		.byte	0x4
 128 00c2 C6000000 		.4byte	0xc6
 129 00c6 09       		.uleb128 0x9
 130 00c7 0A       		.uleb128 0xa
 131 00c8 07       		.byte	0x7
 132 00c9 01       		.byte	0x1
 133 00ca 45000000 		.4byte	0x45
 134 00ce 05       		.byte	0x5
 135 00cf 2D       		.byte	0x2d
 136 00d0 0E       		.byte	0xe
 137 00d1 12010000 		.4byte	0x112
 138 00d5 0B       		.uleb128 0xb
 139 00d6 00000000 		.4byte	.LASF13
 140 00da 00       		.byte	0
 141 00db 0B       		.uleb128 0xb
 142 00dc A2000000 		.4byte	.LASF14
 143 00e0 01       		.byte	0x1
 144 00e1 0B       		.uleb128 0xb
 145 00e2 09000000 		.4byte	.LASF15
 146 00e6 02       		.byte	0x2
 147 00e7 0B       		.uleb128 0xb
 148 00e8 D3000000 		.4byte	.LASF16
 149 00ec 03       		.byte	0x3
 150 00ed 0B       		.uleb128 0xb
 151 00ee 12000000 		.4byte	.LASF17
 152 00f2 04       		.byte	0x4
 153 00f3 0B       		.uleb128 0xb
 154 00f4 33010000 		.4byte	.LASF18
 155 00f8 05       		.byte	0x5
 156 00f9 0B       		.uleb128 0xb
 157 00fa 4A010000 		.4byte	.LASF19
 158 00fe 06       		.byte	0x6
 159 00ff 0B       		.uleb128 0xb
 160 0100 1B000000 		.4byte	.LASF20
 161 0104 07       		.byte	0x7
 162 0105 0B       		.uleb128 0xb
 163 0106 61010000 		.4byte	.LASF21
 164 010a 08       		.byte	0x8
 165 010b 0B       		.uleb128 0xb
 166 010c 1D010000 		.4byte	.LASF22
 167 0110 09       		.byte	0x9
 168 0111 00       		.byte	0
 169 0112 05       		.uleb128 0x5
 170 0113 10       		.byte	0x10
 171 0114 03       		.byte	0x3
 172 0115 CE       		.byte	0xce
 173 0116 09       		.byte	0x9
 174 0117 50010000 		.4byte	0x150
 175 011b 0C       		.uleb128 0xc
 176 011c 49000000 		.4byte	.LASF23
 177 0120 03       		.byte	0x3
 178 0121 D0       		.byte	0xd0
 179 0122 0C       		.byte	0xc
 180 0123 C0000000 		.4byte	0xc0
 181 0127 00       		.byte	0
 182 0128 0C       		.uleb128 0xc
 183 0129 BA020000 		.4byte	.LASF24
 184 012d 03       		.byte	0x3
 185 012e D2       		.byte	0xd2
 186 012f 0C       		.byte	0xc
 187 0130 6A010000 		.4byte	0x16a
 188 0134 04       		.byte	0x4
 189 0135 0C       		.uleb128 0xc
 190 0136 C4020000 		.4byte	.LASF25
 191 013a 03       		.byte	0x3
 192 013b D4       		.byte	0xd4
 193 013c 0C       		.byte	0xc
 194 013d 85010000 		.4byte	0x185
 195 0141 08       		.byte	0x8
 196 0142 0C       		.uleb128 0xc
 197 0143 B4020000 		.4byte	.LASF26
 198 0147 03       		.byte	0x3
 199 0148 D6       		.byte	0xd6
 200 0149 0C       		.byte	0xc
 201 014a C0000000 		.4byte	0xc0
 202 014e 0C       		.byte	0xc
 203 014f 00       		.byte	0
 204 0150 0D       		.uleb128 0xd
 205 0151 6A010000 		.4byte	0x16a
 206 0155 0E       		.uleb128 0xe
 207 0156 61000000 		.4byte	0x61
 208 015a 0E       		.uleb128 0xe
 209 015b 39000000 		.4byte	0x39
 210 015f 0E       		.uleb128 0xe
 211 0160 39000000 		.4byte	0x39
 212 0164 0E       		.uleb128 0xe
 213 0165 39000000 		.4byte	0x39
 214 0169 00       		.byte	0
 215 016a 08       		.uleb128 0x8
 216 016b 04       		.byte	0x4
 217 016c 50010000 		.4byte	0x150
 218 0170 0D       		.uleb128 0xd
 219 0171 85010000 		.4byte	0x185
 220 0175 0E       		.uleb128 0xe
 221 0176 39000000 		.4byte	0x39
 222 017a 0E       		.uleb128 0xe
 223 017b 39000000 		.4byte	0x39
 224 017f 0E       		.uleb128 0xe
 225 0180 39000000 		.4byte	0x39
 226 0184 00       		.byte	0
 227 0185 08       		.uleb128 0x8
 228 0186 04       		.byte	0x4
 229 0187 70010000 		.4byte	0x170
 230 018b 03       		.uleb128 0x3
 231 018c BF000000 		.4byte	.LASF27
 232 0190 03       		.byte	0x3
 233 0191 D7       		.byte	0xd7
 234 0192 03       		.byte	0x3
 235 0193 12010000 		.4byte	0x112
 236 0197 0F       		.uleb128 0xf
 237 0198 8B010000 		.4byte	0x18b
 238 019c 10       		.uleb128 0x10
 239 019d A2020000 		.4byte	.LASF33
 240 01a1 03       		.byte	0x3
 241 01a2 D9       		.byte	0xd9
 242 01a3 22       		.byte	0x22
 243 01a4 97010000 		.4byte	0x197
 244 01a8 11       		.uleb128 0x11
 245 01a9 A6000000 		.4byte	0xa6
 246 01ad B8010000 		.4byte	0x1b8
 247 01b1 12       		.uleb128 0x12
 248 01b2 68000000 		.4byte	0x68
 249 01b6 4F       		.byte	0x4f
 250 01b7 00       		.byte	0
 251 01b8 13       		.uleb128 0x13
 252 01b9 31000000 		.4byte	.LASF34
 253 01bd 04       		.byte	0x4
 254 01be F2       		.byte	0xf2
 255 01bf 0A       		.byte	0xa
 256 01c0 A8010000 		.4byte	0x1a8
 257 01c4 14       		.uleb128 0x14
 258 01c5 9C010000 		.4byte	0x19c
 259 01c9 04       		.byte	0x4
 260 01ca 0B01     		.2byte	0x10b
 261 01cc 1B       		.byte	0x1b
 262 01cd 15       		.uleb128 0x15
 263 01ce 26000000 		.4byte	.LASF28
 264 01d2 04       		.byte	0x4
 265 01d3 0501     		.2byte	0x105
 266 01d5 0D       		.byte	0xd
 267 01d6 09020000 		.4byte	0x209
 268 01da 16       		.uleb128 0x16
 269 01db 7200     		.ascii	"r\000"
 270 01dd 04       		.byte	0x4
 271 01de 0501     		.2byte	0x105
 272 01e0 20       		.byte	0x20
 273 01e1 39000000 		.4byte	0x39
 274 01e5 16       		.uleb128 0x16
 275 01e6 6700     		.ascii	"g\000"
 276 01e8 04       		.byte	0x4
 277 01e9 0501     		.2byte	0x105
 278 01eb 2B       		.byte	0x2b
 279 01ec 39000000 		.4byte	0x39
 280 01f0 16       		.uleb128 0x16
 281 01f1 6200     		.ascii	"b\000"
 282 01f3 04       		.byte	0x4
 283 01f4 0501     		.2byte	0x105
 284 01f6 36       		.byte	0x36
 285 01f7 39000000 		.4byte	0x39
 286 01fb 17       		.uleb128 0x17
 287 01fc 18       		.uleb128 0x18
 288 01fd 6900     		.ascii	"i\000"
 289 01ff 04       		.byte	0x4
 290 0200 0601     		.2byte	0x106
 291 0202 0E       		.byte	0xe
 292 0203 61000000 		.4byte	0x61
 293 0207 00       		.byte	0
 294 0208 00       		.byte	0
 295 0209 19       		.uleb128 0x19
 296 020a 76000000 		.4byte	.LASF29
 297 020e 04       		.byte	0x4
 298 020f FC       		.byte	0xfc
 299 0210 14       		.byte	0x14
 300 0211 3E020000 		.4byte	0x23e
 301 0215 1A       		.uleb128 0x1a
 302 0216 6900     		.ascii	"i\000"
 303 0218 04       		.byte	0x4
 304 0219 FC       		.byte	0xfc
 305 021a 1F       		.byte	0x1f
 306 021b 61000000 		.4byte	0x61
 307 021f 1A       		.uleb128 0x1a
 308 0220 7200     		.ascii	"r\000"
 309 0222 04       		.byte	0x4
 310 0223 FC       		.byte	0xfc
 311 0224 2A       		.byte	0x2a
 312 0225 39000000 		.4byte	0x39
 313 0229 1A       		.uleb128 0x1a
 314 022a 6700     		.ascii	"g\000"
 315 022c 04       		.byte	0x4
 316 022d FC       		.byte	0xfc
 317 022e 35       		.byte	0x35
 318 022f 39000000 		.4byte	0x39
 319 0233 1A       		.uleb128 0x1a
 320 0234 6200     		.ascii	"b\000"
 321 0236 04       		.byte	0x4
 322 0237 FC       		.byte	0xfc
 323 0238 40       		.byte	0x40
 324 0239 39000000 		.4byte	0x39
 325 023d 00       		.byte	0
 326 023e 1B       		.uleb128 0x1b
 327 023f B4020000 		.4byte	.LASF26
 328 0243 04       		.byte	0x4
 329 0244 F6       		.byte	0xf6
 330 0245 0D       		.byte	0xd
 331 0246 1B       		.uleb128 0x1b
 332 0247 49000000 		.4byte	.LASF23
 333 024b 04       		.byte	0x4
 334 024c F4       		.byte	0xf4
 335 024d 0D       		.byte	0xd
 336 024e 00       		.byte	0
 337              		.section	.gnu.debuglto_.debug_abbrev,"e",%progbits
 338              	.Ldebug_abbrev0:
 339 0000 01       		.uleb128 0x1
 340 0001 11       		.uleb128 0x11
 341 0002 01       		.byte	0x1
 342 0003 25       		.uleb128 0x25
 343 0004 0E       		.uleb128 0xe
 344 0005 13       		.uleb128 0x13
 345 0006 0B       		.uleb128 0xb
 346 0007 03       		.uleb128 0x3
 347 0008 0E       		.uleb128 0xe
 348 0009 1B       		.uleb128 0x1b
 349 000a 0E       		.uleb128 0xe
 350 000b 10       		.uleb128 0x10
 351 000c 17       		.uleb128 0x17
 352 000d 00       		.byte	0
 353 000e 00       		.byte	0
 354 000f 02       		.uleb128 0x2
 355 0010 24       		.uleb128 0x24
 356 0011 00       		.byte	0
 357 0012 0B       		.uleb128 0xb
 358 0013 0B       		.uleb128 0xb
 359 0014 3E       		.uleb128 0x3e
 360 0015 0B       		.uleb128 0xb
 361 0016 03       		.uleb128 0x3
 362 0017 0E       		.uleb128 0xe
 363 0018 00       		.byte	0
 364 0019 00       		.byte	0
 365 001a 03       		.uleb128 0x3
 366 001b 16       		.uleb128 0x16
 367 001c 00       		.byte	0
 368 001d 03       		.uleb128 0x3
 369 001e 0E       		.uleb128 0xe
 370 001f 3A       		.uleb128 0x3a
 371 0020 0B       		.uleb128 0xb
 372 0021 3B       		.uleb128 0x3b
 373 0022 0B       		.uleb128 0xb
 374 0023 39       		.uleb128 0x39
 375 0024 0B       		.uleb128 0xb
 376 0025 49       		.uleb128 0x49
 377 0026 13       		.uleb128 0x13
 378 0027 00       		.byte	0
 379 0028 00       		.byte	0
 380 0029 04       		.uleb128 0x4
 381 002a 24       		.uleb128 0x24
 382 002b 00       		.byte	0
 383 002c 0B       		.uleb128 0xb
 384 002d 0B       		.uleb128 0xb
 385 002e 3E       		.uleb128 0x3e
 386 002f 0B       		.uleb128 0xb
 387 0030 03       		.uleb128 0x3
 388 0031 08       		.uleb128 0x8
 389 0032 00       		.byte	0
 390 0033 00       		.byte	0
 391 0034 05       		.uleb128 0x5
 392 0035 13       		.uleb128 0x13
 393 0036 01       		.byte	0x1
 394 0037 0B       		.uleb128 0xb
 395 0038 0B       		.uleb128 0xb
 396 0039 3A       		.uleb128 0x3a
 397 003a 0B       		.uleb128 0xb
 398 003b 3B       		.uleb128 0x3b
 399 003c 0B       		.uleb128 0xb
 400 003d 39       		.uleb128 0x39
 401 003e 0B       		.uleb128 0xb
 402 003f 01       		.uleb128 0x1
 403 0040 13       		.uleb128 0x13
 404 0041 00       		.byte	0
 405 0042 00       		.byte	0
 406 0043 06       		.uleb128 0x6
 407 0044 0D       		.uleb128 0xd
 408 0045 00       		.byte	0
 409 0046 03       		.uleb128 0x3
 410 0047 08       		.uleb128 0x8
 411 0048 3A       		.uleb128 0x3a
 412 0049 0B       		.uleb128 0xb
 413 004a 3B       		.uleb128 0x3b
 414 004b 0B       		.uleb128 0xb
 415 004c 39       		.uleb128 0x39
 416 004d 0B       		.uleb128 0xb
 417 004e 49       		.uleb128 0x49
 418 004f 13       		.uleb128 0x13
 419 0050 38       		.uleb128 0x38
 420 0051 0B       		.uleb128 0xb
 421 0052 00       		.byte	0
 422 0053 00       		.byte	0
 423 0054 07       		.uleb128 0x7
 424 0055 16       		.uleb128 0x16
 425 0056 00       		.byte	0
 426 0057 03       		.uleb128 0x3
 427 0058 08       		.uleb128 0x8
 428 0059 3A       		.uleb128 0x3a
 429 005a 0B       		.uleb128 0xb
 430 005b 3B       		.uleb128 0x3b
 431 005c 0B       		.uleb128 0xb
 432 005d 39       		.uleb128 0x39
 433 005e 0B       		.uleb128 0xb
 434 005f 49       		.uleb128 0x49
 435 0060 13       		.uleb128 0x13
 436 0061 00       		.byte	0
 437 0062 00       		.byte	0
 438 0063 08       		.uleb128 0x8
 439 0064 0F       		.uleb128 0xf
 440 0065 00       		.byte	0
 441 0066 0B       		.uleb128 0xb
 442 0067 0B       		.uleb128 0xb
 443 0068 49       		.uleb128 0x49
 444 0069 13       		.uleb128 0x13
 445 006a 00       		.byte	0
 446 006b 00       		.byte	0
 447 006c 09       		.uleb128 0x9
 448 006d 15       		.uleb128 0x15
 449 006e 00       		.byte	0
 450 006f 27       		.uleb128 0x27
 451 0070 19       		.uleb128 0x19
 452 0071 00       		.byte	0
 453 0072 00       		.byte	0
 454 0073 0A       		.uleb128 0xa
 455 0074 04       		.uleb128 0x4
 456 0075 01       		.byte	0x1
 457 0076 3E       		.uleb128 0x3e
 458 0077 0B       		.uleb128 0xb
 459 0078 0B       		.uleb128 0xb
 460 0079 0B       		.uleb128 0xb
 461 007a 49       		.uleb128 0x49
 462 007b 13       		.uleb128 0x13
 463 007c 3A       		.uleb128 0x3a
 464 007d 0B       		.uleb128 0xb
 465 007e 3B       		.uleb128 0x3b
 466 007f 0B       		.uleb128 0xb
 467 0080 39       		.uleb128 0x39
 468 0081 0B       		.uleb128 0xb
 469 0082 01       		.uleb128 0x1
 470 0083 13       		.uleb128 0x13
 471 0084 00       		.byte	0
 472 0085 00       		.byte	0
 473 0086 0B       		.uleb128 0xb
 474 0087 28       		.uleb128 0x28
 475 0088 00       		.byte	0
 476 0089 03       		.uleb128 0x3
 477 008a 0E       		.uleb128 0xe
 478 008b 1C       		.uleb128 0x1c
 479 008c 0B       		.uleb128 0xb
 480 008d 00       		.byte	0
 481 008e 00       		.byte	0
 482 008f 0C       		.uleb128 0xc
 483 0090 0D       		.uleb128 0xd
 484 0091 00       		.byte	0
 485 0092 03       		.uleb128 0x3
 486 0093 0E       		.uleb128 0xe
 487 0094 3A       		.uleb128 0x3a
 488 0095 0B       		.uleb128 0xb
 489 0096 3B       		.uleb128 0x3b
 490 0097 0B       		.uleb128 0xb
 491 0098 39       		.uleb128 0x39
 492 0099 0B       		.uleb128 0xb
 493 009a 49       		.uleb128 0x49
 494 009b 13       		.uleb128 0x13
 495 009c 38       		.uleb128 0x38
 496 009d 0B       		.uleb128 0xb
 497 009e 00       		.byte	0
 498 009f 00       		.byte	0
 499 00a0 0D       		.uleb128 0xd
 500 00a1 15       		.uleb128 0x15
 501 00a2 01       		.byte	0x1
 502 00a3 27       		.uleb128 0x27
 503 00a4 19       		.uleb128 0x19
 504 00a5 01       		.uleb128 0x1
 505 00a6 13       		.uleb128 0x13
 506 00a7 00       		.byte	0
 507 00a8 00       		.byte	0
 508 00a9 0E       		.uleb128 0xe
 509 00aa 05       		.uleb128 0x5
 510 00ab 00       		.byte	0
 511 00ac 49       		.uleb128 0x49
 512 00ad 13       		.uleb128 0x13
 513 00ae 00       		.byte	0
 514 00af 00       		.byte	0
 515 00b0 0F       		.uleb128 0xf
 516 00b1 26       		.uleb128 0x26
 517 00b2 00       		.byte	0
 518 00b3 49       		.uleb128 0x49
 519 00b4 13       		.uleb128 0x13
 520 00b5 00       		.byte	0
 521 00b6 00       		.byte	0
 522 00b7 10       		.uleb128 0x10
 523 00b8 34       		.uleb128 0x34
 524 00b9 00       		.byte	0
 525 00ba 03       		.uleb128 0x3
 526 00bb 0E       		.uleb128 0xe
 527 00bc 3A       		.uleb128 0x3a
 528 00bd 0B       		.uleb128 0xb
 529 00be 3B       		.uleb128 0x3b
 530 00bf 0B       		.uleb128 0xb
 531 00c0 39       		.uleb128 0x39
 532 00c1 0B       		.uleb128 0xb
 533 00c2 49       		.uleb128 0x49
 534 00c3 13       		.uleb128 0x13
 535 00c4 3F       		.uleb128 0x3f
 536 00c5 19       		.uleb128 0x19
 537 00c6 3C       		.uleb128 0x3c
 538 00c7 19       		.uleb128 0x19
 539 00c8 00       		.byte	0
 540 00c9 00       		.byte	0
 541 00ca 11       		.uleb128 0x11
 542 00cb 01       		.uleb128 0x1
 543 00cc 01       		.byte	0x1
 544 00cd 49       		.uleb128 0x49
 545 00ce 13       		.uleb128 0x13
 546 00cf 01       		.uleb128 0x1
 547 00d0 13       		.uleb128 0x13
 548 00d1 00       		.byte	0
 549 00d2 00       		.byte	0
 550 00d3 12       		.uleb128 0x12
 551 00d4 21       		.uleb128 0x21
 552 00d5 00       		.byte	0
 553 00d6 49       		.uleb128 0x49
 554 00d7 13       		.uleb128 0x13
 555 00d8 2F       		.uleb128 0x2f
 556 00d9 0B       		.uleb128 0xb
 557 00da 00       		.byte	0
 558 00db 00       		.byte	0
 559 00dc 13       		.uleb128 0x13
 560 00dd 34       		.uleb128 0x34
 561 00de 00       		.byte	0
 562 00df 03       		.uleb128 0x3
 563 00e0 0E       		.uleb128 0xe
 564 00e1 3A       		.uleb128 0x3a
 565 00e2 0B       		.uleb128 0xb
 566 00e3 3B       		.uleb128 0x3b
 567 00e4 0B       		.uleb128 0xb
 568 00e5 39       		.uleb128 0x39
 569 00e6 0B       		.uleb128 0xb
 570 00e7 49       		.uleb128 0x49
 571 00e8 13       		.uleb128 0x13
 572 00e9 3F       		.uleb128 0x3f
 573 00ea 19       		.uleb128 0x19
 574 00eb 00       		.byte	0
 575 00ec 00       		.byte	0
 576 00ed 14       		.uleb128 0x14
 577 00ee 34       		.uleb128 0x34
 578 00ef 00       		.byte	0
 579 00f0 47       		.uleb128 0x47
 580 00f1 13       		.uleb128 0x13
 581 00f2 3A       		.uleb128 0x3a
 582 00f3 0B       		.uleb128 0xb
 583 00f4 3B       		.uleb128 0x3b
 584 00f5 05       		.uleb128 0x5
 585 00f6 39       		.uleb128 0x39
 586 00f7 0B       		.uleb128 0xb
 587 00f8 00       		.byte	0
 588 00f9 00       		.byte	0
 589 00fa 15       		.uleb128 0x15
 590 00fb 2E       		.uleb128 0x2e
 591 00fc 01       		.byte	0x1
 592 00fd 03       		.uleb128 0x3
 593 00fe 0E       		.uleb128 0xe
 594 00ff 3A       		.uleb128 0x3a
 595 0100 0B       		.uleb128 0xb
 596 0101 3B       		.uleb128 0x3b
 597 0102 05       		.uleb128 0x5
 598 0103 39       		.uleb128 0x39
 599 0104 0B       		.uleb128 0xb
 600 0105 27       		.uleb128 0x27
 601 0106 19       		.uleb128 0x19
 602 0107 01       		.uleb128 0x1
 603 0108 13       		.uleb128 0x13
 604 0109 00       		.byte	0
 605 010a 00       		.byte	0
 606 010b 16       		.uleb128 0x16
 607 010c 05       		.uleb128 0x5
 608 010d 00       		.byte	0
 609 010e 03       		.uleb128 0x3
 610 010f 08       		.uleb128 0x8
 611 0110 3A       		.uleb128 0x3a
 612 0111 0B       		.uleb128 0xb
 613 0112 3B       		.uleb128 0x3b
 614 0113 05       		.uleb128 0x5
 615 0114 39       		.uleb128 0x39
 616 0115 0B       		.uleb128 0xb
 617 0116 49       		.uleb128 0x49
 618 0117 13       		.uleb128 0x13
 619 0118 00       		.byte	0
 620 0119 00       		.byte	0
 621 011a 17       		.uleb128 0x17
 622 011b 0B       		.uleb128 0xb
 623 011c 01       		.byte	0x1
 624 011d 00       		.byte	0
 625 011e 00       		.byte	0
 626 011f 18       		.uleb128 0x18
 627 0120 34       		.uleb128 0x34
 628 0121 00       		.byte	0
 629 0122 03       		.uleb128 0x3
 630 0123 08       		.uleb128 0x8
 631 0124 3A       		.uleb128 0x3a
 632 0125 0B       		.uleb128 0xb
 633 0126 3B       		.uleb128 0x3b
 634 0127 05       		.uleb128 0x5
 635 0128 39       		.uleb128 0x39
 636 0129 0B       		.uleb128 0xb
 637 012a 49       		.uleb128 0x49
 638 012b 13       		.uleb128 0x13
 639 012c 00       		.byte	0
 640 012d 00       		.byte	0
 641 012e 19       		.uleb128 0x19
 642 012f 2E       		.uleb128 0x2e
 643 0130 01       		.byte	0x1
 644 0131 03       		.uleb128 0x3
 645 0132 0E       		.uleb128 0xe
 646 0133 3A       		.uleb128 0x3a
 647 0134 0B       		.uleb128 0xb
 648 0135 3B       		.uleb128 0x3b
 649 0136 0B       		.uleb128 0xb
 650 0137 39       		.uleb128 0x39
 651 0138 0B       		.uleb128 0xb
 652 0139 27       		.uleb128 0x27
 653 013a 19       		.uleb128 0x19
 654 013b 01       		.uleb128 0x1
 655 013c 13       		.uleb128 0x13
 656 013d 00       		.byte	0
 657 013e 00       		.byte	0
 658 013f 1A       		.uleb128 0x1a
 659 0140 05       		.uleb128 0x5
 660 0141 00       		.byte	0
 661 0142 03       		.uleb128 0x3
 662 0143 08       		.uleb128 0x8
 663 0144 3A       		.uleb128 0x3a
 664 0145 0B       		.uleb128 0xb
 665 0146 3B       		.uleb128 0x3b
 666 0147 0B       		.uleb128 0xb
 667 0148 39       		.uleb128 0x39
 668 0149 0B       		.uleb128 0xb
 669 014a 49       		.uleb128 0x49
 670 014b 13       		.uleb128 0x13
 671 014c 00       		.byte	0
 672 014d 00       		.byte	0
 673 014e 1B       		.uleb128 0x1b
 674 014f 2E       		.uleb128 0x2e
 675 0150 00       		.byte	0
 676 0151 03       		.uleb128 0x3
 677 0152 0E       		.uleb128 0xe
 678 0153 3A       		.uleb128 0x3a
 679 0154 0B       		.uleb128 0xb
 680 0155 3B       		.uleb128 0x3b
 681 0156 0B       		.uleb128 0xb
 682 0157 39       		.uleb128 0x39
 683 0158 0B       		.uleb128 0xb
 684 0159 27       		.uleb128 0x27
 685 015a 19       		.uleb128 0x19
 686 015b 00       		.byte	0
 687 015c 00       		.byte	0
 688 015d 00       		.byte	0
 689              		.section	.gnu.debuglto_.debug_line,"e",%progbits
 690              	.Ldebug_line0:
 691 0000 BF000000 		.4byte	.LELT0-.LSLT0
 692              	.LSLT0:
 693 0004 0400     		.2byte	0x4
 694 0006 B9000000 		.4byte	.LELTP0-.LASLTP0
 695              	.LASLTP0:
 696 000a 01       		.byte	0x1
 697 000b 01       		.byte	0x1
 698 000c 01       		.byte	0x1
 699 000d F6       		.byte	0xf6
 700 000e F2       		.byte	0xf2
 701 000f 0D       		.byte	0xd
 702 0010 00       		.byte	0
 703 0011 01       		.byte	0x1
 704 0012 01       		.byte	0x1
 705 0013 01       		.byte	0x1
 706 0014 01       		.byte	0x1
 707 0015 00       		.byte	0
 708 0016 00       		.byte	0
 709 0017 00       		.byte	0
 710 0018 01       		.byte	0x1
 711 0019 00       		.byte	0
 712 001a 00       		.byte	0
 713 001b 01       		.byte	0x1
 714 001c 7175616E 		.ascii	"quantum/rgb_matrix"
 714      74756D2F 
 714      7267625F 
 714      6D617472 
 714      6978
 715 002e 00       		.byte	0
 716 002f 7175616E 		.ascii	"quantum/sequencer"
 716      74756D2F 
 716      73657175 
 716      656E6365 
 716      72
 717 0040 00       		.byte	0
 718 0041 7175616E 		.ascii	"quantum"
 718      74756D
 719 0048 00       		.byte	0
 720 0049 2F757372 		.ascii	"/usr/lib/gcc/arm-none-eabi/10.3.1/include"
 720      2F6C6962 
 720      2F676363 
 720      2F61726D 
 720      2D6E6F6E 
 721 0072 00       		.byte	0
 722 0073 00       		.byte	0
 723 0074 636F6C6F 		.ascii	"color.h\000"
 723      722E6800 
 724 007c 03       		.uleb128 0x3
 725 007d 00       		.uleb128 0
 726 007e 00       		.uleb128 0
 727 007f 73746469 		.ascii	"stdint.h\000"
 727      6E742E68 
 727      00
 728 0088 04       		.uleb128 0x4
 729 0089 00       		.uleb128 0
 730 008a 00       		.uleb128 0
 731 008b 7267625F 		.ascii	"rgb_matrix.h\000"
 731      6D617472 
 731      69782E68 
 731      00
 732 0098 01       		.uleb128 0x1
 733 0099 00       		.uleb128 0
 734 009a 00       		.uleb128 0
 735 009b 7267625F 		.ascii	"rgb_matrix_drivers.c\000"
 735      6D617472 
 735      69785F64 
 735      72697665 
 735      72732E63 
 736 00b0 01       		.uleb128 0x1
 737 00b1 00       		.uleb128 0
 738 00b2 00       		.uleb128 0
 739 00b3 73657175 		.ascii	"sequencer.h\000"
 739      656E6365 
 739      722E6800 
 740 00bf 02       		.uleb128 0x2
 741 00c0 00       		.uleb128 0
 742 00c1 00       		.uleb128 0
 743 00c2 00       		.byte	0
 744              	.LELTP0:
 745              	.LELT0:
 746              		.section	.gnu.debuglto_.debug_str,"eMS",%progbits,1
 747              	.LASF13:
 748 0000 53515F52 		.ascii	"SQ_RES_2\000"
 748      45535F32 
 748      00
 749              	.LASF15:
 750 0009 53515F52 		.ascii	"SQ_RES_4\000"
 750      45535F34 
 750      00
 751              	.LASF17:
 752 0012 53515F52 		.ascii	"SQ_RES_8\000"
 752      45535F38 
 752      00
 753              	.LASF20:
 754 001b 53515F52 		.ascii	"SQ_RES_16T\000"
 754      45535F31 
 754      365400
 755              	.LASF28:
 756 0026 7365746C 		.ascii	"setled_all\000"
 756      65645F61 
 756      6C6C00
 757              	.LASF34:
 758 0031 7267625F 		.ascii	"rgb_matrix_ws2812_array\000"
 758      6D617472 
 758      69785F77 
 758      73323831 
 758      325F6172 
 759              	.LASF23:
 760 0049 696E6974 		.ascii	"init\000"
 760      00
 761              	.LASF31:
 762 004e 7175616E 		.ascii	"quantum/rgb_matrix/rgb_matrix_drivers.c\000"
 762      74756D2F 
 762      7267625F 
 762      6D617472 
 762      69782F72 
 763              	.LASF29:
 764 0076 7365746C 		.ascii	"setled\000"
 764      656400
 765              	.LASF7:
 766 007d 6C6F6E67 		.ascii	"long long unsigned int\000"
 766      206C6F6E 
 766      6720756E 
 766      7369676E 
 766      65642069 
 767              	.LASF4:
 768 0094 756E7369 		.ascii	"unsigned char\000"
 768      676E6564 
 768      20636861 
 768      7200
 769              	.LASF14:
 770 00a2 53515F52 		.ascii	"SQ_RES_2T\000"
 770      45535F32 
 770      5400
 771              	.LASF5:
 772 00ac 73686F72 		.ascii	"short unsigned int\000"
 772      7420756E 
 772      7369676E 
 772      65642069 
 772      6E7400
 773              	.LASF27:
 774 00bf 7267625F 		.ascii	"rgb_matrix_driver_t\000"
 774      6D617472 
 774      69785F64 
 774      72697665 
 774      725F7400 
 775              	.LASF16:
 776 00d3 53515F52 		.ascii	"SQ_RES_4T\000"
 776      45535F34 
 776      5400
 777              	.LASF6:
 778 00dd 6C6F6E67 		.ascii	"long unsigned int\000"
 778      20756E73 
 778      69676E65 
 778      6420696E 
 778      7400
 779              	.LASF32:
 780 00ef 2F686F6D 		.ascii	"/home/jstewart/source/yaemk-split-kb/Firmware\000"
 780      652F6A73 
 780      74657761 
 780      72742F73 
 780      6F757263 
 781              	.LASF22:
 782 011d 53455155 		.ascii	"SEQUENCER_RESOLUTIONS\000"
 782      454E4345 
 782      525F5245 
 782      534F4C55 
 782      54494F4E 
 783              	.LASF18:
 784 0133 53515F52 		.ascii	"SQ_RES_8T\000"
 784      45535F38 
 784      5400
 785              	.LASF8:
 786 013d 756E7369 		.ascii	"unsigned int\000"
 786      676E6564 
 786      20696E74 
 786      00
 787              	.LASF19:
 788 014a 53515F52 		.ascii	"SQ_RES_16\000"
 788      45535F31 
 788      3600
 789              	.LASF12:
 790 0154 63686172 		.ascii	"char\000"
 790      00
 791              	.LASF9:
 792 0159 75696E74 		.ascii	"uint8_t\000"
 792      385F7400 
 793              	.LASF21:
 794 0161 53515F52 		.ascii	"SQ_RES_32\000"
 794      45535F33 
 794      3200
 795              	.LASF30:
 796 016b 474E5520 		.ascii	"GNU C99 10.3.1 20210621 (release) -mcpu=cortex-m4 -"
 796      43393920 
 796      31302E33 
 796      2E312032 
 796      30323130 
 797 019e 6D746875 		.ascii	"mthumb -mno-thumb-interwork -mno-unaligned-access -"
 797      6D62202D 
 797      6D6E6F2D 
 797      7468756D 
 797      622D696E 
 798 01d1 6D666C6F 		.ascii	"mfloat-abi=hard -mfpu=fpv4-sp-d16 -march=armv7e-m+f"
 798      61742D61 
 798      62693D68 
 798      61726420 
 798      2D6D6670 
 799 0204 70202D67 		.ascii	"p -ggdb -Os -Ofast -std=gnu99 -fsingle-precision-co"
 799      67646220 
 799      2D4F7320 
 799      2D4F6661 
 799      7374202D 
 800 0237 6E737461 		.ascii	"nstant -fomit-frame-pointer -ffunction-sections -fd"
 800      6E74202D 
 800      666F6D69 
 800      742D6672 
 800      616D652D 
 801 026a 6174612D 		.ascii	"ata-sections -fshort-wchar -fcommon -flto\000"
 801      73656374 
 801      696F6E73 
 801      202D6673 
 801      686F7274 
 802              	.LASF3:
 803 0294 6C6F6E67 		.ascii	"long long int\000"
 803      206C6F6E 
 803      6720696E 
 803      7400
 804              	.LASF33:
 805 02a2 7267625F 		.ascii	"rgb_matrix_driver\000"
 805      6D617472 
 805      69785F64 
 805      72697665 
 805      7200
 806              	.LASF26:
 807 02b4 666C7573 		.ascii	"flush\000"
 807      6800
 808              	.LASF24:
 809 02ba 7365745F 		.ascii	"set_color\000"
 809      636F6C6F 
 809      7200
 810              	.LASF25:
 811 02c4 7365745F 		.ascii	"set_color_all\000"
 811      636F6C6F 
 811      725F616C 
 811      6C00
 812              	.LASF1:
 813 02d2 73686F72 		.ascii	"short int\000"
 813      7420696E 
 813      7400
 814              	.LASF2:
 815 02dc 6C6F6E67 		.ascii	"long int\000"
 815      20696E74 
 815      00
 816              	.LASF10:
 817 02e5 63524742 		.ascii	"cRGB\000"
 817      00
 818              	.LASF0:
 819 02ea 7369676E 		.ascii	"signed char\000"
 819      65642063 
 819      68617200 
 820              	.LASF11:
 821 02f6 5F426F6F 		.ascii	"_Bool\000"
 821      6C00
 822              		.text
 823              		.section	.gnu.lto_.profile.f82b7897d8024691,"e",%progbits
 824 0000 789C6362 		.ascii	"x\234cb\000\001\000\000\022\000\003"
 824      00010000 
 824      120003
 825              		.text
 826              		.section	.gnu.lto_.icf.f82b7897d8024691,"e",%progbits
 827 0000 789C5363 		.ascii	"x\234Sc@\0006\206\347\357\356\316\347e|5\355\350y\036"
 827      40003686 
 827      E7EFEECE 
 827      E7657C35 
 827      EDE8791E 
 828 0014 A6058FE6 		.ascii	"\246\005\217\346tq1O\271\3246\223\207\345\340\274\015"
 828      7471314F 
 828      B9D43693 
 828      87E5E0BC 
 828      0D
 829 0025 AF7959E7 		.ascii	"\257yY\347,8\364\214\233\001\000j\026\021\363"
 829      2C38F48C 
 829      9B01006A 
 829      1611F3
 830              		.text
 831              		.section	.gnu.lto_.ipa_sra.f82b7897d8024691,"e",%progbits
 832 0000 789CD361 		.ascii	"x\234\323a@\000\026\006\006FF\026\0064\300\310\314\214"
 832      40001606 
 832      06464616 
 832      0634C0C8 
 832      CC8C
 833 0012 C2656160 		.ascii	"\302ea`\004B\000\014+\000E"
 833      0442000C 
 833      2B0045
 834              		.text
 835              		.section	.gnu.lto_.inline.f82b7897d8024691,"e",%progbits
 836 0000 789C5BC2 		.ascii	"x\234[\302\200\000,\014\014\314\015@\300\224\302\310"
 836      80002C0C 
 836      0CCC0D40 
 836      C094C2C8 
 837 0010 C0C4C0D0 		.ascii	"\300\304\300\320\010d\32610\260A\204\230@B\014\214\014"
 837      0864D631 
 837      30B04184 
 837      9840420C 
 837      8C0C
 838 0022 9C606E1A 		.ascii	"\234`n\032##\003\343\022f\220.f\260\002\346\024\024"
 838      232303E3 
 838      1266902E 
 838      66B002E6 
 838      1414
 839 0034 95303116 		.ascii	"\22501\026\220\002\006\236\343\213\326\276f\312\001"
 839      9002069E 
 839      E38BD6BE 
 839      66CA01
 840 0043 9A2A0464 		.ascii	"\232*\004d\275b\312A3\225\005\314=\300\234\206\323^"
 840      BD62CA41 
 840      339505CC 
 840      3DC09C86 
 840      D35E
 841 0055 661E2001 		.ascii	"f\036 \001b\000\000 y#\230"
 841      62000020 
 841      792398
 842              		.text
 843              		.section	.gnu.lto_.jmpfuncs.f82b7897d8024691,"e",%progbits
 844 0000 789CCB65 		.ascii	"x\234\313e@\000\026 fda\004\002\376\372%\314\014@\314"
 844      40001620 
 844      66646104 
 844      02FEFA25 
 844      CC0C40CC 
 845 0014 08C3CCCC 		.ascii	"\010\303\314\314@Qvd\021\240b\026\346\025\314@\035\007"
 845      40517664 
 845      11A06216 
 845      E615CC40 
 845      1D07
 846 0026 58181980 		.ascii	"X\030\031\200\370?\020\36032Mb^\302\314\304\310\010"
 846      F83F10F0 
 846      33324D62 
 846      5EC2CCC4 
 846      C808
 847 0038 A1C06260 		.ascii	"\241\300b`!f\306\013\020\245\027@j\201\026\001\000\012"
 847      2166C60B 
 847      10A51740 
 847      6A811601 
 847      000A
 848 004a DA19F0   		.ascii	"\332\031\360"
 849              		.text
 850              		.section	.gnu.lto_.pureconst.f82b7897d8024691,"e",%progbits
 851 0000 789CE365 		.ascii	"x\234\343e```ah`a\234\301\302<\203\205e\006\013\000"
 851      60606061 
 851      6860619C 
 851      C1C23C83 
 851      8565060B 
 852 0015 10090272 		.ascii	"\020\011\002r"
 853              		.text
 854              		.section	.gnu.lto_.lto.f82b7897d8024691,"e",%progbits
 855 0000 09000400 		.ascii	"\011\000\004\000\001\000\000\000"
 855      01000000 
 856              		.text
 857              		.section	.gnu.lto_init.296.f82b7897d8024691,"e",%progbits
 858 0000 789C2B66 		.ascii	"x\234+f``\210\004be fdf`\2344\261\213\211\241\241\241"
 858      60608804 
 858      62652066 
 858      6466609C 
 858      34B18B89 
 859 0017 C1819D89 		.ascii	"\301\201\235\211\261qb\027'\343VF0\217\221\241\236\211"
 859      B1716217 
 859      27E35646 
 859      308F91A1 
 859      9E89
 860 0029 B19E7132 		.ascii	"\261\236q2\263&\220\373c\351\2547\313\331\033V\034`"
 860      B32690FB 
 860      63E9AC37 
 860      CBD91B56 
 860      1C60
 861 003b 5CC2CCC0 		.ascii	"\\\302\314\3000\017\210\241\200\015\306c\004\342\365"
 861      300F88A1 
 861      800DC663 
 861      04E2F5
 862 004a 97580F34 		.ascii	"\227X\0174\374\371\337\337\320pt1\243%\023\003C?3\310"
 862      FCF9DFDF 
 862      D0707431 
 862      A3251303 
 862      433F33C8 
 863 005e E40616C6 		.ascii	"\344\006\026\306\206\003\014\014\023\230\231 \234F "
 863      86030C0C 
 863      13989920 
 863      9C4620
 864 006d E7156383 		.ascii	"\347\025c\203\022\303'\306&\005\260)\375\314\214\010"
 864      12C327C6 
 864      2605B029 
 864      FDCC8C08 
 865 007d 750C0C7A 		.ascii	"u\014\014z\372\031\371\271\251\372Y\305%\251\345\211"
 865      FA19F9B9 
 865      A9FA59C5 
 865      25A9E589 
 866 008d 4525FAC5 		.ascii	"E%\372\305\371\245E\311\251\372\225\211\251\271\331"
 866      F9A545C9 
 866      A9FA9589 
 866      A9B9D9
 867 009c BAC50539 		.ascii	"\272\305\0059\231%\272\331I\372n\231E\271@\351T\006"
 867      9925BAD9 
 867      49FA6E99 
 867      45B940E9 
 867      5406
 868 00ae 8DC2D2C4 		.ascii	"\215\302\322\304\274\222\322\\\375\242\364\244\370\334"
 868      BC92D25C 
 868      FDA2F4A4 
 868      F8DC
 869 00bc C492A2CC 		.ascii	"\304\222\242\314\012$f|JQfYjQ\261^2\003\000<\321Ki"
 869      0A24667C 
 869      4A516659 
 869      6A51B15E 
 869      3203003C 
 870              		.text
 871              		.section	.gnu.lto_flush.297.f82b7897d8024691,"e",%progbits
 872 0000 789C4D8E 		.ascii	"x\234M\216=/\004Q\024\206\317{\317\256\215?\240\226"
 872      3D2F0451 
 872      1486CF7B 
 872      CFAE8D3F 
 872      A096
 873 0012 2850ECDE 		.ascii	"(P\354\336\277\240\322\252U\233\331u\303Xc\2713\343"
 873      BFA0D2AA 
 873      559BD975 
 873      C35863B9 
 873      33E3
 874 0024 A3DABB1B 		.ascii	"\243\332\273\033\232m\306\256Nd\253\301t*A7?\200\020"
 874      9A6DC6AE 
 874      4E64ABC1 
 874      742A4137 
 874      3F8010
 875 0037 BF40E814 		.ascii	"\277@\350\024\342\243!\221pg\020N\362&\347y\317\347"
 875      E2A32191 
 875      7067104E 
 875      F226E779 
 875      CFE7
 876 0049 0511CD5A 		.ascii	"\005\021\315Z\215Y\201\011\375^W\2201f\252$\320\356"
 876      8D598109 
 876      FD5E5790 
 876      3166AA24 
 876      D0EE
 877 005b 75877182 		.ascii	"u\207q\202\234@-\201\026vy\322\342\333\301\336\343Q"
 877      9C402D81 
 877      167679D2 
 877      E2DBC1DE 
 877      E351
 878 006d C9242962 		.ascii	"\311$)b&\032X\375\304\320/\301\352\370\246\230\232\217"
 878      261A58FD 
 878      C4D02FC1 
 878      EAF8A698 
 878      9A8F
 879 007f CFC898CB 		.ascii	"\317\310\230\313{\274\217[?\342l\265)\300\244D;,\276"
 879      7BBC8F5B 
 879      3FE26CB5 
 879      29C0A444 
 879      3B2CBE
 880 0092 A16DE101 		.ascii	"\241m\341\001\346\356\371J\320\023\266Gi\013\"f\014"
 880      E6EEF94A 
 880      D013B647 
 880      690B2266 
 880      0C
 881 00a3 D82ED967 		.ascii	"\330.\331g\3649f\201,\313}\221pn\037\202bf\234\001\247"
 881      F4396681 
 881      2CCB7D91 
 881      706E1F82 
 881      62669C01 
 882 00b8 B0131D63 		.ascii	"\260\023\035c\222\221\254\361\034\366\345l\246\200k"
 882      9291ACF1 
 882      1CF6E56C 
 882      A6806B
 883 00c7 DB51A417 		.ascii	"\333Q\244\027tn_g\362\367\"\306\337}\242\212\\hzJ.\372"
 883      746E5F67 
 883      F2F722C6 
 883      DF7DA28A 
 883      5C687A4A 
 884 00dd 815A7774 		.ascii	"\201Zwt \375f\250\353Jn:\312k\224\375\225%7(7jr\332"
 884      20FD66A8 
 884      EB4A6E3A 
 884      CA6B94FD 
 884      95253728 
 885 00f5 D59E2D2B 		.ascii	"\325\236-+\232X\015\235\345 \364\244\236\257U='\320"
 885      9A580D9D 
 885      E520F4A4 
 885      9EAF553D 
 885      27D0
 886 0107 EEC6BFB4 		.ascii	"\356\306\277\264:\247\3355\245\375J\235\276\000\273"
 886      3AA7DD35 
 886      A5FD4A9D 
 886      BE00BB
 887 0116 91643A   		.ascii	"\221d:"
 888              		.text
 889              		.section	.gnu.lto_setled.298.f82b7897d8024691,"e",%progbits
 890 0000 789C8592 		.ascii	"x\234\205\222\317KTQ\024\307\317\367\236\367\034\206"
 890      CF4B5451 
 890      14C7CFF7 
 890      9EF71C86 
 891 0010 362E5B99 		.ascii	"6.[\231\020b-\234\247\005\221;W\376\001-C\220\231\361"
 891      10622D9C 
 891      A705913B 
 891      57FE012D 
 891      439099F1 
 892 0024 612F7B6A 		.ascii	"a/{jo\336T\"1W\221\0127\323\030\"H?@\246\030W-\372\345"
 892      6FDE5422 
 892      3157910A 
 892      37D31822 
 892      483F40A6 
 893 003d 8FD25752 		.ascii	"\217\322WRQ-\012\227B\020\255\"\310E\253 E\317\273#"
 893      512D0A97 
 893      4210AD22 
 893      C845AB20 
 893      45CFBB23 
 894 0051 8E30820F 		.ascii	"\2160\202\017.\234s\356\367|8\347{_\267\"\322DtR\016"
 894      2E9C73EE 
 894      F77C38E7 
 894      7B5FB722 
 894      D2447452 
 895 0066 9830559A 		.ascii	"\2300U\232T\244\265\356J(\214\225&\223X\205\311@\005"
 895      54A4B5EE 
 895      4A288C95 
 895      26935885 
 895      C94005
 896 0079 8502EEF1 		.ascii	"\205\002\356\361iI\377=\236\335\272}LW\"\224\231\350"
 896      6949FF3D 
 896      9EDDBA7D 
 896      4C572294 
 896      99E8
 897 008b A11CF3DD 		.ascii	"\241\034\363\335gLq\231\001k/Rh\226\210/R\2534}[]\320"
 897      674C7199 
 897      016B2F52 
 897      6896882F 
 897      52AB347D 
 898 00a2 3A496566 		.ascii	":Ief\274\202\364\340%\360\002\204\005\201p\317t\334"
 898      BC82F4E0 
 898      25F00284 
 898      058170CF 
 898      74DC
 899 00b4 C3A3D41A 		.ascii	"\303\243\324\032\211r\343\271\326,J\013\213Fy\026\355"
 899      8972E3B9 
 899      D62C4A0B 
 899      8B467916 
 899      ED
 900 00c5 8425D159 		.ascii	"\204%\321Y=\217\214\356fU\367g_\267\\\323\2756\272y"
 900      3D8F8CEE 
 900      6655F767 
 900      5FB75CD3 
 900      BD36BA79 
 901 00d9 A32B5475 		.ascii	"\243+Tuw\326n\351\306\270\21475\335\212\321=\263\210"
 901      77D66EE9 
 901      C6B88C37 
 901      35DD8AD1 
 901      3DB388
 902 00ec 1ACC0EB2 		.ascii	"\032\314\016\262\251X k<]\267#\275\265S\324\372\373"
 902      A958206B 
 902      3C5DB723 
 902      BDB553D4 
 902      FAFB
 903 00fe F195929D 		.ascii	"\361\225\222\235T\220\031e\253%\330\020z\002\322JT\344"
 903      54901965 
 903      AB25D810 
 903      7A02D24A 
 903      54E4
 904 0110 D8266D41 		.ascii	"\330&mAGDwYU\2231I~C\377\374\377U\321&\306g\347[\366"
 904      47447759 
 904      55933149 
 904      7E43FFFC 
 904      FF55D126 
 905 0129 ACB011DB 		.ascii	"\254\260\021\3333\001%a\205\215WO \2437\340-\020\231"
 905      33012561 
 905      858D574F 
 905      20A337E0 
 905      2D1099
 906 013c CB3342A8 		.ascii	"\3133B\2504\2259\201w\230cy\027j\227\312\257\023\361"
 906      34953981 
 906      77986379 
 906      176A97CA 
 906      AF13F1
 907 014f DC6B7810 		.ascii	"\334kx\020\273<\307l\360\333\007\361\207A\337\327C?"
 907      BB3CC76C 
 907      F0DB07F1 
 907      8741DFD7 
 907      433F
 908 0161 D4413F0A 		.ascii	"\324A?\012\0241\3246\320\235\243\240\237\352\241\237"
 908      1431D436 
 908      D09DA3A0 
 908      9FEAA19F 
 909 0171 EBA05F04 		.ascii	"\353\240_\004\252bh\202\376b\374\307\314\005\363k\024"
 909      AA626882 
 909      FE62FCC7 
 909      CC05F36B 
 909      14
 910 0182 1935B788 		.ascii	"\0315\267\210R\316\245!\337u.\347B\367z:\010\235\334"
 910      52CEA521 
 910      DF752EE7 
 910      42F77A3A 
 910      089DDC
 911 0195 503EC8BA 		.ascii	"P>\310\272\316H\332\365\007\332r\303W\274\260m \343"
 911      CE48DAF5 
 911      07DA72C3 
 911      57BCB06D 
 911      20E3
 912 01a7 747B812F 		.ascii	"t{\201/\327.\235\272\232O\017\206y\337\011\3723\275"
 912      D72E9DBA 
 912      9A4F0F86 
 912      79DF09FA 
 912      33BD
 913 01b9 7E3A0CBC 		.ascii	"~:\014\274\033\007\302\336\276\300\273\346\006\271T"
 913      1B07C2DE 
 913      BEC0BBE6 
 913      06B954
 914 01c8 96E0351D 		.ascii	"\226\3405\035VO\235\357\354\354\313\236\313t\020\002"
 914      564F9DEF 
 914      ECECCB9E 
 914      CB741002 
 915 01d8 F423B30B 		.ascii	"\364#\263\013\324\337\326P"
 915      D4DFD650 
 916              		.text
 917              		.section	.gnu.lto_setled_all.299.f82b7897d8024691,"e",%progbits
 918 0000 789C8594 		.ascii	"x\234\205\224\313OSA\024\306\347\233\271\275m\210\262"
 918      CB4F5341 
 918      14C6E79B 
 918      B9BD6D88 
 918      B2
 919 0011 7465D098 		.ascii	"te\320\230\030\024#EM\214,\214\254\214\177\203!!<\032"
 919      18142345 
 919      4D8C2C8C 
 919      AC8C7F83 
 919      21213C1A 
 920 0025 AD5AD152 		.ascii	"\255Z\321R|\304\030FPI@,Ed\001*\246\251\010+5>\360\201"
 920      7CC41846 
 920      5049402C 
 920      4564012A 
 920      A6A9082B 
 921 003d 7841B1E0 		.ascii	"xA\261\340\013\254Q\243.T\324(.\224\030\023Ek\364\314"
 921      0BAC51A3 
 921      2E54D428 
 921      2E941813 
 921      456BF4CC 
 922 0051 DC5E1EA1 		.ascii	"\334^\036\241\211M\332\236;\347;\277\231\363\235i\337"
 922      894DDA9E 
 922      3BE73BBF 
 922      99F39D69 
 922      DF
 923 0062 1B8C49C6 		.ascii	"\033\214I\306X\210\3360\031\232\"u\234I)\013\334\034"
 923      5888DE30 
 923      199A2275 
 923      9C49290B 
 923      DC1C
 924 0074 CD91BA1F 		.ascii	"\315\221\272\037\2039\350\203~\026h\276\340\344\014"
 924      8339E883 
 924      7E1668BE 
 924      E0E40C
 925 0083 5E13A9E7 		.ascii	"^\023\251\347\224\351?\325\266\3168\024\311\354}[f\270"
 925      94E93FD5 
 925      B6CE3814 
 925      C9EC7D5B 
 925      66B8
 926 0095 70205237 		.ascii	"p R7<\264\0107\354\002\260*.h\265\212\033\014\226\201"
 926      3CB40837 
 926      EC02B02A 
 926      2E68B58A 
 926      1B0C9681 
 927 00a9 91199FA9 		.ascii	"\221\031\237\251\3271\261\224\304?\317\2646t\271e\247"
 927      D731B194 
 927      C43FCFB4 
 927      3674B965 
 927      A7
 928 00ba 859860EC 		.ascii	"\205\230`\354\224H%O\010\210\215,\333\222rd\360\222"
 928      9448254F 
 928      08888D2C 
 928      DB927264 
 928      F092
 929 00cc 9482C504 		.ascii	"\224\202\305\004p\031\224\307*\3441\365X\370R(\325>"
 929      701994C7 
 929      2AE431F5 
 929      58F85228 
 929      D53E
 930 00de 5BF56A52 		.ascii	"[\365jR\325=S\365A\253\366\333\252/\223\252k3U\343\264"
 930      D53D53F5 
 930      41ABF6DB 
 930      AA2F93AA 
 930      6B3355E3 
 931 00f3 B199DA1F 		.ascii	"\261\231\332\037T\240c\240\007\352$M\"&8\214T$\260P"
 931      54A063A0 
 931      07EA244D 
 931      2226388C 
 931      5424B050 
 932 0107 11AB5466 		.ascii	"\021\253Tf1u0~t\2506\263\361\200'&\014\334\322\324^"
 932      3175307E 
 932      74A836B3 
 932      F1802726 
 932      0CDCD2D4 
 933 011c E0265417 		.ascii	"\340&T\027\205I\241Y\260\300\310\033V\370[=g\253\242"
 933      8549A159 
 933      B0C0C81B 
 933      56F85B3D 
 933      67ABA2
 934 012f E4C77066 		.ascii	"\344\307pf#\234\032\244j\320\257\226\012\217\033\016"
 934      239C1AA4 
 934      6AD0AF96 
 934      0A8F1B0E 
 935 013f BBA12B2D 		.ascii	"\273\241+-\233t\266I\252\253\361d\274en\236c\020tS\270"
 935      9B74B649 
 935      AAABF164 
 935      BC656E9E 
 935      63107453 
 936 0154 03D556BB 		.ascii	"\003\325V\273\006Y6h\356y\351\231i#\251\246c\316\266"
 936      06593668 
 936      EE79E999 
 936      6923A9A6 
 936      63CEB6
 937 0167 D998EE29 		.ascii	"\331\230\356)\314]\215\351J\207\231\362\231T\3231\265"
 937      CC5D8DE9 
 937      4A8799F2 
 937      9954D331 
 937      B5
 938 0178 A32390A6 		.ascii	"\243#\220\246cr\0124\250A\027\323\201\246FA*\033d\252"
 938      63720A34 
 938      A84117D3 
 938      81A64641 
 938      2A1B64AA 
 939 018c 9B116F16 		.ascii	"\233\021o\026\030\002\342\300\000p\233\232\356S85&\334"
 939      1802E2C0 
 939      00709B9A 
 939      EE533835 
 939      26DC
 940 019e D3A32131 		.ascii	"\323\243!1\310\332s\011\227%\223\177\303R~\3350\321"
 940      C8DA7309 
 940      9725937F 
 940      C3527EDD 
 940      30D1
 941 01b0 D3913107 		.ascii	"\323\2211\0074R\027W\256\273\200+0\201\253p\003\327"
 941      34521757 
 941      AEBB802B 
 941      3081AB70 
 941      03D7
 942 01c2 E1D19360 		.ascii	"\341\321\223`a\301\306\353;LH\213\261F\301u\\C\361g"
 942      61C1C6EB 
 942      3B4C488B 
 942      B146C175 
 942      5C43F167 
 943 01d6 C8D19309 		.ascii	"\310\321\223\011\256\276\243\227\015\332\216\242\352"
 943      AEBEA397 
 943      0DDA8EA2 
 943      EA
 944 01e3 D36BA906 		.ascii	"\323k\251\0069LIE\344\373\213\0111\251mO\314Q\212\205"
 944      394C4945 
 944      E4FB8B09 
 944      31A96D4F 
 944      CC518A85 
 945 01f7 74B8A8E0 		.ascii	"t\270\250\340v8@\241\313\016\343\024\232v8D\241[\325"
 945      763840A1 
 945      CB0EE314 
 945      9A763844 
 945      A15BD5
 946 020a BC9B08B7 		.ascii	"\274\233\010\267\200\216\257\353\177\017g\340>\330\027"
 946      808EAFEB 
 946      7F0F67E0 
 946      3ED817
 947 0219 54B7762D 		.ascii	"T\267v-N\335.S\337\270\203\340\024v\012mF\207\352\307"
 947      4EDD2E53 
 947      DFB883E0 
 947      14760A6D 
 947      4687EAC7 
 948 022d 8D87C003 		.ascii	"\215\207\300\003\235\\I\346tf\305\204\007\217\364\276"
 948      9D5C49E6 
 948      7466C584 
 948      078FF4BE 
 949 023d CA8E3C5A 		.ascii	"\312\216<Z\373\264@\2719\214\223B/\331\347\220\243\177"
 949      FBB440B9 
 949      398C9342 
 949      2FD9E790 
 949      A37F
 950 024f 86F9D416 		.ascii	"\206\371\324\026\351\300\217g\203\023i\300O\010\014"
 950      E9C08F67 
 950      831369C0 
 950      4F080C
 951 025e 1B6C6AF0 		.ascii	"\033lj\360\337\377\201\237\316\006?K\003~N`n\203\225"
 951      DFFF819F 
 951      CE063F4B 
 951      037E4E60 
 951      6E8395
 952 0271 47D56FDA 		.ascii	"G\325o\332\023G@\356\253\231;\2462\307R\346\030\352"
 952      134740EE 
 952      AB993BA6 
 952      32C752E6 
 952      18EA
 953 0283 8CEBB532 		.ascii	"\214\353\2652\260\346\304\341\201\371Q\341!8\226\331"
 953      B0E6C4E1 
 953      81F951E1 
 953      213896D9 
 954 0293 0A8B701E 		.ascii	"\012\213p\036=5\203v\222\206\232\032(S\300t\312\236"
 954      3D358376 
 954      92869A1A 
 954      2853C074 
 954      CA9E
 955 02a5 F22B3D65 		.ascii	"\362+=ej\"Y\373\207G\205^\037\303\301\261\333\363\242"
 955      6A2259FB 
 955      8747855E 
 955      1FC3C1B1 
 955      DBF3A2
 956 02b8 F6385CA9 		.ascii	"\3668\\\251\377\253_\340\310\341\237\0051E]>A]\223\267"
 956      FFAB5FE0 
 956      C8E19F05 
 956      31455D3E 
 956      415D93B7 
 957 02cc E61B9DF8 		.ascii	"\346\033\235\370b\302\243~\337\352\025\026\320\251j"
 957      62C2A37E 
 957      DFEA1516 
 957      D0A96A
 958 02db 4B3DE57A 		.ascii	"K=\345z7\227\007|\336-\025!\337\356\342`\310[Q^\031"
 958      3797077C 
 958      DE2D1521 
 958      DFEEE260 
 958      C85B515E 
 959 02f0 2CF579F7 		.ascii	",\365y\367\026\373\002[\227W\354\330\346\017-\337Z\342"
 959      16FB025B 
 959      9757ECD8 
 959      E60F2DDF 
 959      5AE2
 960 0302 5DEF0F06 		.ascii	"]\357\017\006(\355cKvV\026o\017U\006\274\301M%E\201"
 960      28ED634B 
 960      7656166F 
 960      0F5506BC 
 960      C14D2545 
 961 0317 E250D0BF 		.ascii	"\342P\320\277gZXT\026\364\357\362\005+rK\031\202Y\351"
 961      675A5854 
 961      16F4EFF2 
 961      052B724B 
 961      198259E9 
 962 032b D673D7E4 		.ascii	"\326s\327\344\347\227\225\256.Y\301\260\011%\360\377"
 962      E79795AE 
 962      2E59C1B0 
 962      0925F0FF 
 963 033b 03975CB9 		.ascii	"\003\227\\\271\252"
 963      AA
 964              		.text
 965              		.section	.gnu.lto_rgb_matrix_driver.300.f82b7897d8024691,"e",%progbits
 966 0000 789CCB66 		.ascii	"x\234\313f``\210d\200\2009\314\214-\214M\015\015\177"
 966      60608864 
 966      808039CC 
 966      8C2D8C4D 
 966      0D0D7F
 967 0013 269D3DF7 		.ascii	"&\235=\367\204u\0113\303<f\204\340\215\363,K\230\031"
 967      84750933 
 967      C33C6684 
 967      E08DF32C 
 967      4B9819
 968 0026 E73133C2 		.ascii	"\34713\302Ef\200D\230\34613!D\316\261\200u13X6u4\010"
 968      45668044 
 968      98E63133 
 968      2144CEB1 
 968      80753133 
 969 003f 2C61669E 		.ascii	",af\236\313\314\300\270\235q.3#\3436 \311\304\270\025"
 969      CBCCC0B8 
 969      9D712E33 
 969      23E33620 
 969      C9C4B815 
 970 0053 4832336E 		.ascii	"H23nad\320\323\317\310\317M\325\317*.I-O,*\321/\316"
 970      6164D0D3 
 970      CFC8CF4D 
 970      D5CF2A2E 
 970      492D4F2C 
 971 006b 2F2D4A4E 		.ascii	"/-JN\325\257LL\315\315\326-.\310\311,\321\315N\322w"
 971      D5AF4C4C 
 971      CDCDD62D 
 971      2EC8C92C 
 971      D1CD4ED2 
 972 0080 CB2CCA05 		.ascii	"\313,\312\005J\2472h\024\226&\346\225\224\346\352\027"
 972      4AA73268 
 972      149626E6 
 972      9594E6EA 
 972      17
 973 0091 A527C5E7 		.ascii	"\245'\305\347&\226\024eV 1\343S\2122\313R\213\212\365"
 973      26961465 
 973      562031E3 
 973      538A32CB 
 973      528B8AF5 
 974 00a5 92190019 		.ascii	"\222\031\000\031\363BI"
 974      F34249
 975              		.text
 976              		.section	.gnu.lto_.symbol_nodes.f82b7897d8024691,"e",%progbits
 977 0000 789CDBC8 		.ascii	"x\234\333\310\000\004L+\230\352\031\032\200\200\205"
 977      00044C2B 
 977      98EA191A 
 977      808085
 978 000f 71C23906 		.ascii	"q\3029\006\206z\006\206\035\013\032\033\015\030\030"
 978      867A0686 
 978      1D0B1A1B 
 978      0D1818
 979 001e 19C0B2AB 		.ascii	"\031\300\262\253\230\352\031q\312\262.gbht\002)[\315"
 979      98EA1971 
 979      CAB22E67 
 979      62687402 
 979      295BCD
 980 0031 54CFF4A1 		.ascii	"T\317\364\241{\031\033V3V2\3253\3436c\015\023#\330\014"
 980      7B191B56 
 980      335632D5 
 980      33E33663 
 980      0D1323D8 
 981 0046 C6B54CF5 		.ascii	"\306\265L\365,\377\241@\036\254\224\001\3440\2202f\026"
 981      2CFFA140 
 981      1EAC9401 
 981      E4309032 
 981      6616
 982 0058 3688012E 		.ascii	"6\210\001.\014\000\217\3760\251"
 982      0C008FFE 
 982      30A9
 983              		.text
 984              		.section	.gnu.lto_.refs.f82b7897d8024691,"e",%progbits
 985 0000 789C0D8A 		.ascii	"x\234\015\212\301\011\3000\020\303l\371\332O\010\231"
 985      C109C030 
 985      10C36CF9 
 985      DA4F0899 
 986 0010 24FBAF17 		.ascii	"$\373\257\027?\004\002\351J\212\0152S~%f\325v9\362\320"
 986      3F0402E9 
 986      4A8A0D32 
 986      537E2566 
 986      D57639F2 
 987 0025 361FC2A4 		.ascii	"6\037\302\244\313\003\022\326\000\241"
 987      CB0312D6 
 987      00A1
 988              		.text
 989              		.section	.gnu.lto_.decls.f82b7897d8024691,"e",%progbits
 990 0000 789C8D55 		.ascii	"x\234\215UklTE\024\2363s\273{\367\262\264\205\026\361"
 990      6B6C5445 
 990      149E3373 
 990      BB7BF7B2 
 990      B48516F1 
 991 0014 87210D41 		.ascii	"\207!\015A\331\304\300\332-A\370\327h\002?H\010!\361"
 991      D9C4C0DA 
 991      2D41F8D7 
 991      68023F48 
 991      0821F1
 992 0027 878D715D 		.ascii	"\207\215q]z\027Z\351\003\267[\036\277\234\226\312\242"
 992      7A175AE9 
 992      03B75B1E 
 992      BF9C96CA 
 992      A2
 993 0038 40A980D2 		.ascii	"@\251\200\322\246\004\252\022\255Jp\215\212@\021\227"
 993      A604AA12 
 993      AD4A708D 
 993      8A401197 
 994 0048 02A5504A 		.ascii	"\002\245PJ\001\261]\344\375(,\224G\301*\265\005\352"
 994      01B15DE4 
 994      FD282C94 
 994      47C12AB5 
 994      05EA
 995 005a 99B9771F 		.ascii	"\231\271w\037\264E\234\315\331\231{\346\233o\27693s"
 995      B4459CCD 
 995      D9997BE6 
 995      9B6FBE39 
 995      3373
 996 006c A64D2564 		.ascii	"\246M%d\033\020\262\007m\000\213\205\020r\002MA\313"
 996      1B10B207 
 996      6D008B85 
 996      1072024D 
 996      41CB
 997 007e 41DB85D6 		.ascii	"A\333\205\326\206v\212\030%\011\3554\332E\264kh\021"
 997      86768A18 
 997      2509ED34 
 997      DA45B46B 
 997      6811
 998 0090 B46E348A 		.ascii	"\264n4\212v\037\215\001y\242\374\200\337\302\225g~\203"
 998      761F8D01 
 998      79A2FC80 
 998      DFC29567 
 998      7E83
 999 00a2 397E7039 		.ascii	"9~p9\201\035\026\023\247\2001\3471s\336\273&\206&\314"
 999      811D1613 
 999      A78031E7 
 999      3173DEBB 
 999      268626CC 
 1000 00b6 07E67C89 		.ascii	"\007\346|\211e\037:U\223c4Z\372\2405\010\276V\241\021"
 1000      651F3A55 
 1000      9363345A 
 1000      FAA03508 
 1000      BE56A111 
 1001 00ca AD19ED30 		.ascii	"\255\031\3550Z\213\311u\361)\234\255\350\264\231\234"
 1001      5A8BC975 
 1001      F1299CAD 
 1001      E8B4999C 
 1002 00da BB06F1BE 		.ascii	"\273\006\361\276\371\014^j\306\350i\334Vj\304\271\037"
 1002      F90C5E6A 
 1002      C6E869DC 
 1002      566AC4B9 
 1002      1F
 1003 00eb AD17AD4F 		.ascii	"\255\027\255O\214\001\303'\006<\306\352\021\332\000"
 1003      8C01C327 
 1003      063CC6EA 
 1003      11DA00
 1004 00fa 317C9104 		.ascii	"1|\221\004\276\341b\270\216\301\0130\000\262\"\214\022"
 1004      BEE162B8 
 1004      8EC10B30 
 1004      00B2228C 
 1004      12
 1005 010b 2797A5F1 		.ascii	"'\227\245\3619\002;\214m\311\032\301\346\222ZF\2176"
 1005      39023B8C 
 1005      6DC91AC1 
 1005      E6925A46 
 1005      8F36
 1006 011d AD69062D 		.ascii	"\255i\006-\304y\2047\2261\002Y\360\012\201\235\200\343"
 1006      C4798437 
 1006      96310259 
 1006      F00A819D 
 1006      80E3
 1007 012f 7E06F809 		.ascii	"~\006\370\011\340GA2\032\024\374O\207\014\331n\023\343"
 1007      E0474132 
 1007      1A14FC4F 
 1007      870CD96E 
 1007      13E3
 1008 0141 3E3877FE 		.ascii	">8w\376\210\246!g7\017U\330\320\333\000\260[\354\360"
 1008      88A62167 
 1008      370F55D8 
 1008      D0DB00B0 
 1008      5BECF0
 1009 0154 2F40C009 		.ascii	"/@\300\011{\214a\335 \307\361\024Y\245\262\034\302\336"
 1009      7B8C61DD 
 1009      20C7F114 
 1009      59A5B21C 
 1009      C2DE
 1010 0166 22EC6D41 		.ascii	"\"\354mA\020\254ypN\303\265\300~\220zG\003\223\240\347"
 1010      10AC7970 
 1010      4EC3B5C0 
 1010      7E907A47 
 1010      0393A0E7 
 1011 017a 9917BBD5 		.ascii	"\231\027\273\325\353\007\370\227\366\011\023\322&\240"
 1011      EB07F897 
 1011      F60913D2 
 1011      26A0
 1012 0188 B4DE2D81 		.ascii	"\264\336-\201\216\313Y'\366\257\340A\316`\027\300>\200"
 1012      8ECB5927 
 1012      F6AFE041 
 1012      CE6017C0 
 1012      3E80
 1013 019a 2320A5E2 		.ascii	"# \245\342\\hY\004Q\301c\010H-\263\013@\343 @&A\245"
 1013      5C685904 
 1013      51C16308 
 1013      482DB30B 
 1013      40E32040 
 1014 01b1 152B7908 		.ascii	"\025+y\010\3055\001\034\0048\200-\204\340\"\017\003"
 1014      C535011C 
 1014      0438802D 
 1014      84E0220F 
 1014      03
 1015 01c2 3403B488 		.ascii	"4\003\264\210\260\010\226p\234\345\320 \026\034\315"
 1015      B0089670 
 1015      9CE5D020 
 1015      161CCD
 1016 01d1 BE02217E 		.ascii	"\276\002!~\375\311\340Gj\332PN8\012CY\021\177\265\274"
 1016      FDC9E047 
 1016      6ADA504E 
 1016      380A4359 
 1016      117FB5BC 
 1017 01e5 9D8F182D 		.ascii	"\235\217\030-\360\234\277\003\255\000\277\002\354\025"
 1017      F09CBF03 
 1017      AD00BF02 
 1017      EC15
 1018 01f3 D13A0632 		.ascii	"\321:\0062b\002\023x\370\331r\260\207DD\353\032\025"
 1018      62021378 
 1018      F8D972B0 
 1018      874444EB 
 1018      1A15
 1019 0205 EC8985B4 		.ascii	"\354\211\205\264\315\210\320K00\300dM\330\267`\304\214"
 1019      CD88D04B 
 1019      3030C064 
 1019      4DD8B760 
 1019      C48C
 1020 0217 E2C0072B 		.ascii	"\342\300\007+\3527\217\020[x\213\207\312\223\204L\370"
 1020      EA378F10 
 1020      5B788B87 
 1020      CA93844C 
 1020      F8
 1021 0228 0D694F02 		.ascii	"\015iO\002\"Q\311\011\200\343\200\260\2263\233\203\266"
 1021      2251C909 
 1021      80E380B0 
 1021      96339B83 
 1021      B6
 1022 0239 4E106713 		.ascii	"N\020g\023\024\035\000\302S\361O#9\214\244s\312i\262"
 1022      141D00C2 
 1022      53F14F23 
 1022      398CA473 
 1022      CA69B2
 1023 024c CEA8C634 		.ascii	"\316\250\3064\246ka%\305\321\303\262U\352H\321\324\372"
 1023      A66B6125 
 1023      C5D1C3B2 
 1023      55EA48D1 
 1023      D4FA
 1024 025e FD90AA25 		.ascii	"\375\220\252%\251\224F\254\272\346\350\203m\264\316"
 1024      A99446AC 
 1024      BAE6E883 
 1024      6DB4CE
 1025 026d 9291CD15 		.ascii	"\222\221\315\025}\365\230\210\225\323\252\331\351Y\331"
 1025      7DF59888 
 1025      95D3AAD9 
 1025      E959D9
 1026 027c F81FB136 		.ascii	"\370\037\2616\203\216\243\346(j*\266\"V\255\207\325"
 1026      838EA3E6 
 1026      286A2AB6 
 1026      2256AD87 
 1026      D5
 1027 028d ADB1E8AD 		.ascii	"\255\261\350\255t\345D\214\204\246\273\322q\371\331"
 1027      74E5448C 
 1027      84A6BBD2 
 1027      71F9D9
 1028 029c AA3A6E5C 		.ascii	"\252:n\\#kd\315\342\202\252\301\355c\264\2105\0059\034"
 1028      236B64CD 
 1028      E282AAC1 
 1028      ED63B488 
 1028      3505391C 
 1029 02b0 7A46AA9E 		.ascii	"zF\252\236\221\322\014I\272\256\245;\010\252\320]\256"
 1029      91D20C49 
 1029      BAAEA53B 
 1029      08AAD05D 
 1029      AE
 1030 02c1 6CAA21B5 		.ascii	"l\252!\265\2426\203\213\201\335\305/u\215\325\2224\333"
 1030      A236838B 
 1030      81DDC52F 
 1030      758DD592 
 1030      34DB
 1031 02d3 B80C0721 		.ascii	"\270\014\007!:\231A\221\230\015D\013XqR=\376\011\340"
 1031      3A994191 
 1031      980D440B 
 1031      5871523D 
 1031      FE09E0
 1032 02e6 D0A88BB2 		.ascii	"\320\250\213\262Y\021+^&\232A\010WT\273\0358V6\367,"
 1032      59112B5E 
 1032      269A4108 
 1032      5754BB1D 
 1032      385636F7 
 1033 02fb 7D8E4B23 		.ascii	"}\216K#\021\274x\224\246+\300)\304Gj\026\002p+\011c"
 1033      11BC7894 
 1033      A62BC029 
 1033      C4476A16 
 1033      02702B09 
 1034 0310 287E5808 		.ascii	"(~X\010\030-\002\246\221\304ib\375\324l\020\022\365"
 1034      182D02A6 
 1034      91C46962 
 1034      FDD46C10 
 1034      12F5
 1035 0322 C60A89D5 		.ascii	"\306\012\211\325x\257\015\016j\\m\000\263&\020\235\""
 1035      78AF0D0E 
 1035      6A5C6D00 
 1035      B326109D 
 1035      22
 1036 0333 819C9874 		.ascii	"\201\234\230t\004LH\224\307\034k\\\346\250'\252E\314"
 1036      044C4894 
 1036      C71C6B5C 
 1036      E6A827AA 
 1036      45CC
 1037 0345 21C134EA 		.ascii	"!\3014\352\215\225!\302\237(q\031F\376\221\007s}gC\205"
 1037      8D9521C2 
 1037      9F287119 
 1037      46FE9107 
 1037      737D6743 
 1038 035a ED1AC68D 		.ascii	"\355\032\306\215\357\331\270\332\012\311U\331\230\340"
 1038      EFD9B8DA 
 1038      0AC955D9 
 1038      98E0
 1039 0368 DAE43D08 		.ascii	"\332\344=\0104T\266hc\2718z<\035\362\314\243G \214\034"
 1039      3454B668 
 1039      63B9387A 
 1039      3C1DF2CC 
 1039      A347208C 
 1040 037d C5848CDF 		.ascii	"\305\204\214\337P\315w\206+o\005\254\274^\354>\372\241"
 1040      50CD7786 
 1040      2B6F05AC 
 1040      BC5EEC3E 
 1040      FAA1
 1041 038f 435C0F29 		.ascii	"C\\\017)\272\003A\355\000\277CV\223\302\036I\276\332"
 1041      BA0341ED 
 1041      00BF4356 
 1041      93C21E49 
 1041      BEDA
 1042 03a1 FB5B8276 		.ascii	"\373[\202v\221\340\304\365+F\307\265\336+\357G\277\317"
 1042      91E0C4F5 
 1042      2B46C7B5 
 1042      DE2BEF47 
 1042      BFCF
 1043 03b3 88535C73 		.ascii	"\210S\\so\347A%\3529+<\337\035\336Sm\221\236\0348'\034"
 1043      6FE74125 
 1043      EA392B3C 
 1043      DF1DDE53 
 1043      6D919E1C 
 1044 03ca 9D95E15E 		.ascii	"\235\225\341^e\030Q\027p\276\363\330\030_U\315\273\037"
 1044      65185117 
 1044      70BEF3D8 
 1044      185F55CD 
 1044      BB1F
 1045 03dc 0656251F 		.ascii	"\006V%\037\347\274\256\012\320\017\177\230\242\340\242"
 1045      E7BCAE0A 
 1045      D00F7F98 
 1045      A2E0A2
 1046 03eb 6847657D 		.ascii	"hGe}\250\260\012\372LY\227\207\310\272\"<=\3415\235"
 1046      A8B00AFA 
 1046      4C599787 
 1046      C8BA223C 
 1046      3DE1359D 
 1047 03ff B66154E0 		.ascii	"\266aT\340\015\204\253Q\025k\276\016\010\025\234\003"
 1047      0D84AB51 
 1047      156BBE0E 
 1047      08159C03 
 1048 040f FAE1522C 		.ascii	"\372\341R,4\227b\032Z\031[K%8x'\020\340\251\345\010"
 1048      3497621A 
 1048      5A195B4B 
 1048      25387827 
 1048      10E0A9E5 
 1049 0424 56441CAF 		.ascii	"VD\034\257\307\300\327c\340\275\012\373D\012\336\272"
 1049      C7C0D763 
 1049      E0BD0AFB 
 1049      440ADEBA 
 1050 0434 AAE7A655 		.ascii	"\252\347\246U\3129e\010n\377\276\351\343$\221\260\270"
 1050      CA396508 
 1050      6EFFBEE9 
 1050      E32491B0 
 1050      B8
 1051 0445 4C58D821 		.ascii	"LX\330!\022`\227\311\201\200\363\247;Zl\203\000\"\233"
 1051      126097C9 
 1051      8180F3A7 
 1051      3B5A6C83 
 1051      00229B
 1052 0458 2540FABB 		.ascii	"%@\372\273\256\356MHP\267\342\011\352\266\221\301\266"
 1052      AEEE4D48 
 1052      50B7E209 
 1052      EAB691C1 
 1052      B6
 1053 0469 6C3DD74D 		.ascii	"l=\327M\345\254\267\001n\212 \354n\330ve\270 \334\305"
 1053      E5ACB701 
 1053      6E8A20EC 
 1053      6ED87665 
 1053      B820DCC5 
 1054 047d C9EF1883 		.ascii	"\311\357\030\203>?U\337\242\216\257\306,_\275>\274\332"
 1054      3E3F55DF 
 1054      A28EAFC6 
 1054      2C5FBD3E 
 1054      BCDA
 1055 048f 5AE7C04E 		.ascii	"Z\347\300N\270\021[\334\015Y\261\035rY_\034\357Z\256"
 1055      B8115BDC 
 1055      0D59B11D 
 1055      72595F1C 
 1055      EF5AAE
 1056 04a2 BC585DC5 		.ascii	"\274X]\305{\303\2257\017Y\312x\250L&\312{2\345Fs\352"
 1056      7BC39537 
 1056      0F59CA78 
 1056      A84C26CA 
 1056      7B32E546 
 1057 04b8 3D20593B 		.ascii	"= Y;\031;F\215\024\231j<A\306\203\244\262\213\222\251"
 1057      193B468D 
 1057      14996A3C 
 1057      41C683A4 
 1057      B28B92A9 
 1058 04cc BA7C4379 		.ascii	"\272|Cyr|-\235\361\265\364\342\037\273#A\355\225\241"
 1058      727C2D9D 
 1058      F1B5F4E2 
 1058      1FBB2341 
 1058      ED95A1
 1059 04df C8C838E8 		.ascii	"\310\3108\350B\034\324gh?r6\330\257\306\001\3418\240"
 1059      421CD467 
 1059      683F7236 
 1059      D8AFC601 
 1059      E138A0
 1060 04f2 5F02B4D3 		.ascii	"_\002\264\323gN~\252\244M\300b\344\376\220B\340/\200"
 1060      674E7EAA 
 1060      A44DC062 
 1060      E4FE9042 
 1060      E02F80
 1061 0505 1E017928 		.ascii	"\036\001y(Ec\342y\014\360\010/\246\371\000\365vo\334"
 1061      4563E279 
 1061      0CF0082F 
 1061      A6F900F5 
 1061      766FDC
 1062 0518 16B06EC2 		.ascii	"\026\260n\302W\325\216Z\340\001\010`\224\366o\220\217"
 1062      57D58E5A 
 1062      E0010860 
 1062      94F66F90 
 1062      8F
 1063 0529 9978A7BE 		.ascii	"\231x\247\276\021\247\0011}\000\377<\201\021/U\003H"
 1063      11A70131 
 1063      7D00FF3C 
 1063      81112F55 
 1063      0348
 1064 053b CC7613D3 		.ascii	"\314v\023\323/\217\313`\036\023T\037\007u\014!\312$"
 1064      2F8FCB60 
 1064      1E13541F 
 1064      07750C21 
 1064      CA24
 1065 054d AC8689A5 		.ascii	"\254\206\211\245\356\256\275S*\037\274P\302\"\240\214"
 1065      EEAEBD53 
 1065      2A1FBC50 
 1065      C222A08C 
 1066 055d 0EBB0CC4 		.ascii	"\016\273\014\304o\254i[k\177q\223\334\252\332\033\311"
 1066      6FAC695B 
 1066      6B7F7193 
 1066      DCAADA1B 
 1066      C9
 1067 056e B8550A94 		.ascii	"\270U\012\224S\370S\242\243!\300\257\242\254\003\014"
 1067      53F853A2 
 1067      A321C0AF 
 1067      A2AC030C 
 1068 057e E1EB0E6F 		.ascii	"\341\353\016o\256I\330\217\273q\025\025\"\207M|\257"
 1068      AE49D88F 
 1068      BB711515 
 1068      22874D7C 
 1068      AF
 1069 058f D453E42F 		.ascii	"\324S\344/-t\372\026\314s\027z\374\276\374\245\011M"
 1069      2D74FA16 
 1069      CC73177A 
 1069      FCBEFCA5 
 1069      094D
 1070 05a1 B7EECB5F 		.ascii	"\267\356\313_\354\365\225L\316Ug\316~#\343\365\351\323"
 1070      ECF5954C 
 1070      CE5567CE 
 1070      7E23E3F5 
 1070      E9D3
 1071 05b3 C9B8E17A 		.ascii	"\311\270\341z'O\233>]\317\235:/\223XK\363\213\374\323"
 1071      274F9B3E 
 1071      5DCF9D3A 
 1071      2F93584B 
 1071      F38BFCD3 
 1072 05c7 DC7EF0C1 		.ascii	"\334~\360\301\002\313\"O\356B\257\016\363&;\363\212"
 1072      02CB224F 
 1072      EE42AF0E 
 1072      F3263BF3 
 1072      8A
 1073 05d8 0BBDCE77 		.ascii	"\013\275\316wK\374\336%\036\237\337YR\\\352\313\365"
 1073      4BFCDE25 
 1073      1E9FDF59 
 1073      525CEACB 
 1073      F5
 1074 05e9 3A9779BC 		.ascii	":\227y\274\205\013'\225,*\310\367OZ8\3179#\337W\210"
 1074      850B2795 
 1074      2C2AC8F7 
 1074      4F5A38CF 
 1074      3923DF57 
 1075 05fe DD5E921A 		.ascii	"\335^\222\032\325\224[\\P\354\233\234G\330\334\231\257"
 1075      D5945B5C 
 1075      50EC9B9C 
 1075      47D8DC99 
 1075      AF
 1076 060f A9823873 		.ascii	"\251\2028s\252\333O\247\020\273\307W\270\370U\357\244"
 1076      AADB4FA7 
 1076      10BBC757 
 1076      B8F855EF 
 1076      A4
 1077 0620 C297E72F 		.ascii	"\302\227\347/\"Zn\261\317\357]:\251p\012Q\362\213\362"
 1077      225A6EB1 
 1077      CFEF5D3A 
 1077      A9700A51 
 1077      F28BF2
 1078 0633 FD8EFFB9 		.ascii	"\375\216\377\271\"b)\361\372\013\274\272fTnOAA\322\374"
 1078      226229F1 
 1078      FA0BBCBA 
 1078      66546E4F 
 1078      4141D2FC 
 1079 0647 82D292BC 		.ascii	"\202\322\222\274\344%%\256i\231.\267\341/\031e\216p"
 1079      E42525AE 
 1079      69992EB7 
 1079      E12F1965 
 1079      8E70
 1080 0659 1A6E9433 		.ascii	"\032n\22436\201\316\304z|>\317\262QC\246\031\211\034"
 1080      3681CEC4 
 1080      7A7C3ECF 
 1080      B25143A6 
 1080      19891C
 1081 066c 6EB90A41 		.ascii	"n\271\012Ao\213}e\374\247F\234\"m\010\225\333\377/T"
 1081      6F8B7D65 
 1081      FCA7469C 
 1081      226D0895 
 1081      DBFF2F54 
 1082 0680 AC3FDF   		.ascii	"\254?\337"
 1083              		.text
 1084              		.section	.gnu.lto_.symtab.f82b7897d8024691,"e",%progbits
 1085 0000 7267625F 		.ascii	"rgb_matrix_ws2812_array\000"
 1085      6D617472 
 1085      69785F77 
 1085      73323831 
 1085      325F6172 
 1086 0018 00       		.ascii	"\000"
 1087 0019 04       		.ascii	"\004"
 1088 001a 00       		.ascii	"\000"
 1089 001b F0000000 		.ascii	"\360\000\000\000\000\000\000\000"
 1089      00000000 
 1090 0023 F2000000 		.ascii	"\362\000\000\000"
 1091 0027 7267625F 		.ascii	"rgb_matrix_driver\000"
 1091      6D617472 
 1091      69785F64 
 1091      72697665 
 1091      7200
 1092 0039 00       		.ascii	"\000"
 1093 003a 00       		.ascii	"\000"
 1094 003b 00       		.ascii	"\000"
 1095 003c 00000000 		.ascii	"\000\000\000\000\000\000\000\000"
 1095      00000000 
 1096 0044 03010000 		.ascii	"\003\001\000\000"
 1097 0048 77733238 		.ascii	"ws2812_setleds\000"
 1097      31325F73 
 1097      65746C65 
 1097      647300
 1098 0057 00       		.ascii	"\000"
 1099 0058 02       		.ascii	"\002"
 1100 0059 00       		.ascii	"\000"
 1101 005a 00000000 		.ascii	"\000\000\000\000\000\000\000\000"
 1101      00000000 
 1102 0062 F0000000 		.ascii	"\360\000\000\000"
 1103              		.text
 1104              		.section	.gnu.lto_.ext_symtab.f82b7897d8024691,"e",%progbits
 1105 0000 01       		.ascii	"\001"
 1106 0001 02       		.ascii	"\002"
 1107 0002 01       		.ascii	"\001"
 1108 0003 02       		.ascii	"\002"
 1109 0004 00       		.ascii	"\000"
 1110 0005 01       		.ascii	"\001"
 1111 0006 00       		.ascii	"\000"
 1112              		.text
 1113              		.section	.gnu.lto_.opts,"e",%progbits
 1114 0000 272D666E 		.ascii	"'-fno-openmp' '-fno-openacc' '-fno-pie' '-fcf-prote"
 1114      6F2D6F70 
 1114      656E6D70 
 1114      2720272D 
 1114      666E6F2D 
 1115 0033 6374696F 		.ascii	"ction=none' '-g' '-mcpu=cortex-m4' '-mthumb' '-mno-"
 1115      6E3D6E6F 
 1115      6E652720 
 1115      272D6727 
 1115      20272D6D 
 1116 0066 7468756D 		.ascii	"thumb-interwork' '-mno-unaligned-access' '-mfloat-a"
 1116      622D696E 
 1116      74657277 
 1116      6F726B27 
 1116      20272D6D 
 1117 0099 62693D68 		.ascii	"bi=hard' '-mfpu=fpv4-sp-d16' '-mlibarch=armv7e-m+fp"
 1117      61726427 
 1117      20272D6D 
 1117      6670753D 
 1117      66707634 
 1118 00cc 2720272D 		.ascii	"' '-march=armv7e-m+fp' '-Os' '-Ofast' '-fsingle-pre"
 1118      6D617263 
 1118      683D6172 
 1118      6D763765 
 1118      2D6D2B66 
 1119 00ff 63697369 		.ascii	"cision-constant' '-fomit-frame-pointer' '-ffunction"
 1119      6F6E2D63 
 1119      6F6E7374 
 1119      616E7427 
 1119      20272D66 
 1120 0132 2D736563 		.ascii	"-sections' '-fdata-sections' '-fshort-wchar' '-fcom"
 1120      74696F6E 
 1120      73272027 
 1120      2D666461 
 1120      74612D73 
 1121 0165 6D6F6E27 		.ascii	"mon' '-flto' '-Xassembler' '-adhlns=.build/obj_karl"
 1121      20272D66 
 1121      6C746F27 
 1121      20272D58 
 1121      61737365 
 1122 0198 6B39305F 		.ascii	"k90_yaemk_moonlanderlike/quantum/rgb_matrix/rgb_mat"
 1122      7961656D 
 1122      6B5F6D6F 
 1122      6F6E6C61 
 1122      6E646572 
 1123 01cb 7269785F 		.ascii	"rix_drivers.lst'\000"
 1123      64726976 
 1123      6572732E 
 1123      6C737427 
 1123      00
 1124              		.text
 1125              		.comm	__gnu_lto_slim,1,1
 1126              		.ident	"GCC: (15:10.3-2021.07-4) 10.3.1 20210621 (release)"
DEFINED SYMBOLS
                            *ABS*:0000000000000000 rgb_matrix_drivers.c
     /tmp/ccOcEZlh.s:21     .gnu.debuglto_.debug_info:0000000000000000 rgb_matrix_drivers.c.899dc6b1
                            *COM*:0000000000000001 __gnu_lto_slim

NO UNDEFINED SYMBOLS
