   1              		.cpu cortex-m4
   2              		.eabi_attribute 27, 1
   3              		.eabi_attribute 28, 1
   4              		.eabi_attribute 23, 1
   5              		.eabi_attribute 24, 1
   6              		.eabi_attribute 25, 1
   7              		.eabi_attribute 26, 1
   8              		.eabi_attribute 30, 2
   9              		.eabi_attribute 34, 0
  10              		.eabi_attribute 18, 2
  11              		.file	"board.c"
  12              		.file 1 "/usr/lib/gcc/arm-none-eabi/10.3.1/include/stdint.h"
  13              		.file 2 "./lib/chibios/os/common/ext/ST/STM32F3xx/stm32f303xc.h"
  14              		.file 3 "./lib/chibios/os/hal/ports/STM32/LLD/GPIOv2/stm32_gpio.h"
  15              		.file 4 "lib/chibios/os/hal/boards/ST_STM32F3_DISCOVERY/board.c"
  16              		.section	.gnu.debuglto_.debug_info,"e",%progbits
  17              	.Ldebug_info0:
  18              		.hidden	board.c.0f5a9339
  19              		.weak	board.c.0f5a9339
  20              	board.c.0f5a9339:
  21 0000 6C030000 		.4byte	0x36c
  22 0004 0400     		.2byte	0x4
  23 0006 00000000 		.4byte	.Ldebug_abbrev0
  24 000a 04       		.byte	0x4
  25 000b 01       		.uleb128 0x1
  26 000c 7E020000 		.4byte	.LASF52
  27 0010 0C       		.byte	0xc
  28 0011 D8010000 		.4byte	.LASF53
  29 0015 50020000 		.4byte	.LASF54
  30 0019 00000000 		.4byte	.Ldebug_line0
  31 001d 02       		.uleb128 0x2
  32 001e 04       		.byte	0x4
  33 001f 05       		.byte	0x5
  34 0020 696E7400 		.ascii	"int\000"
  35 0024 03       		.uleb128 0x3
  36 0025 04       		.byte	0x4
  37 0026 07       		.byte	0x7
  38 0027 43020000 		.4byte	.LASF0
  39 002b 03       		.uleb128 0x3
  40 002c 02       		.byte	0x2
  41 002d 07       		.byte	0x7
  42 002e 8A010000 		.4byte	.LASF1
  43 0032 03       		.uleb128 0x3
  44 0033 01       		.byte	0x1
  45 0034 06       		.byte	0x6
  46 0035 31010000 		.4byte	.LASF2
  47 0039 03       		.uleb128 0x3
  48 003a 02       		.byte	0x2
  49 003b 05       		.byte	0x5
  50 003c 17000000 		.4byte	.LASF3
  51 0040 03       		.uleb128 0x3
  52 0041 04       		.byte	0x4
  53 0042 05       		.byte	0x5
  54 0043 C6000000 		.4byte	.LASF4
  55 0047 03       		.uleb128 0x3
  56 0048 08       		.byte	0x8
  57 0049 05       		.byte	0x5
  58 004a AA000000 		.4byte	.LASF5
  59 004e 03       		.uleb128 0x3
  60 004f 01       		.byte	0x1
  61 0050 08       		.byte	0x8
  62 0051 FE000000 		.4byte	.LASF6
  63 0055 04       		.uleb128 0x4
  64 0056 A2010000 		.4byte	.LASF7
  65 005a 01       		.byte	0x1
  66 005b 31       		.byte	0x31
  67 005c 19       		.byte	0x19
  68 005d 2B000000 		.4byte	0x2b
  69 0061 04       		.uleb128 0x4
  70 0062 54010000 		.4byte	.LASF8
  71 0066 01       		.byte	0x1
  72 0067 34       		.byte	0x34
  73 0068 19       		.byte	0x19
  74 0069 72000000 		.4byte	0x72
  75 006d 05       		.uleb128 0x5
  76 006e 61000000 		.4byte	0x61
  77 0072 03       		.uleb128 0x3
  78 0073 04       		.byte	0x4
  79 0074 07       		.byte	0x7
  80 0075 C0010000 		.4byte	.LASF9
  81 0079 03       		.uleb128 0x3
  82 007a 08       		.byte	0x8
  83 007b 07       		.byte	0x7
  84 007c 3D010000 		.4byte	.LASF10
  85 0080 06       		.uleb128 0x6
  86 0081 34       		.byte	0x34
  87 0082 02       		.byte	0x2
  88 0083 FE01     		.2byte	0x1fe
  89 0085 09       		.byte	0x9
  90 0086 40010000 		.4byte	0x140
  91 008a 07       		.uleb128 0x7
  92 008b 435200   		.ascii	"CR\000"
  93 008e 02       		.byte	0x2
  94 008f 0002     		.2byte	0x200
  95 0091 11       		.byte	0x11
  96 0092 6D000000 		.4byte	0x6d
  97 0096 00       		.byte	0
  98 0097 08       		.uleb128 0x8
  99 0098 87000000 		.4byte	.LASF11
 100 009c 02       		.byte	0x2
 101 009d 0102     		.2byte	0x201
 102 009f 11       		.byte	0x11
 103 00a0 6D000000 		.4byte	0x6d
 104 00a4 04       		.byte	0x4
 105 00a5 07       		.uleb128 0x7
 106 00a6 43495200 		.ascii	"CIR\000"
 107 00aa 02       		.byte	0x2
 108 00ab 0202     		.2byte	0x202
 109 00ad 11       		.byte	0x11
 110 00ae 6D000000 		.4byte	0x6d
 111 00b2 08       		.byte	0x8
 112 00b3 08       		.uleb128 0x8
 113 00b4 EF000000 		.4byte	.LASF12
 114 00b8 02       		.byte	0x2
 115 00b9 0302     		.2byte	0x203
 116 00bb 11       		.byte	0x11
 117 00bc 6D000000 		.4byte	0x6d
 118 00c0 0C       		.byte	0xc
 119 00c1 08       		.uleb128 0x8
 120 00c2 07000000 		.4byte	.LASF13
 121 00c6 02       		.byte	0x2
 122 00c7 0402     		.2byte	0x204
 123 00c9 11       		.byte	0x11
 124 00ca 6D000000 		.4byte	0x6d
 125 00ce 10       		.byte	0x10
 126 00cf 08       		.uleb128 0x8
 127 00d0 E2000000 		.4byte	.LASF14
 128 00d4 02       		.byte	0x2
 129 00d5 0502     		.2byte	0x205
 130 00d7 11       		.byte	0x11
 131 00d8 6D000000 		.4byte	0x6d
 132 00dc 14       		.byte	0x14
 133 00dd 08       		.uleb128 0x8
 134 00de 0C010000 		.4byte	.LASF15
 135 00e2 02       		.byte	0x2
 136 00e3 0602     		.2byte	0x206
 137 00e5 11       		.byte	0x11
 138 00e6 6D000000 		.4byte	0x6d
 139 00ea 18       		.byte	0x18
 140 00eb 08       		.uleb128 0x8
 141 00ec 8C000000 		.4byte	.LASF16
 142 00f0 02       		.byte	0x2
 143 00f1 0702     		.2byte	0x207
 144 00f3 11       		.byte	0x11
 145 00f4 6D000000 		.4byte	0x6d
 146 00f8 1C       		.byte	0x1c
 147 00f9 08       		.uleb128 0x8
 148 00fa 34000000 		.4byte	.LASF17
 149 00fe 02       		.byte	0x2
 150 00ff 0802     		.2byte	0x208
 151 0101 11       		.byte	0x11
 152 0102 6D000000 		.4byte	0x6d
 153 0106 20       		.byte	0x20
 154 0107 07       		.uleb128 0x7
 155 0108 43535200 		.ascii	"CSR\000"
 156 010c 02       		.byte	0x2
 157 010d 0902     		.2byte	0x209
 158 010f 11       		.byte	0x11
 159 0110 6D000000 		.4byte	0x6d
 160 0114 24       		.byte	0x24
 161 0115 08       		.uleb128 0x8
 162 0116 A2000000 		.4byte	.LASF18
 163 011a 02       		.byte	0x2
 164 011b 0A02     		.2byte	0x20a
 165 011d 11       		.byte	0x11
 166 011e 6D000000 		.4byte	0x6d
 167 0122 28       		.byte	0x28
 168 0123 08       		.uleb128 0x8
 169 0124 64010000 		.4byte	.LASF19
 170 0128 02       		.byte	0x2
 171 0129 0B02     		.2byte	0x20b
 172 012b 11       		.byte	0x11
 173 012c 6D000000 		.4byte	0x6d
 174 0130 2C       		.byte	0x2c
 175 0131 08       		.uleb128 0x8
 176 0132 6A010000 		.4byte	.LASF20
 177 0136 02       		.byte	0x2
 178 0137 0C02     		.2byte	0x20c
 179 0139 11       		.byte	0x11
 180 013a 6D000000 		.4byte	0x6d
 181 013e 30       		.byte	0x30
 182 013f 00       		.byte	0
 183 0140 09       		.uleb128 0x9
 184 0141 D6000000 		.4byte	.LASF21
 185 0145 02       		.byte	0x2
 186 0146 0D02     		.2byte	0x20d
 187 0148 03       		.byte	0x3
 188 0149 80000000 		.4byte	0x80
 189 014d 03       		.uleb128 0x3
 190 014e 01       		.byte	0x1
 191 014f 08       		.byte	0x8
 192 0150 9D010000 		.4byte	.LASF22
 193 0154 03       		.uleb128 0x3
 194 0155 01       		.byte	0x1
 195 0156 02       		.byte	0x2
 196 0157 AB010000 		.4byte	.LASF23
 197 015b 0A       		.uleb128 0xa
 198 015c 04       		.byte	0x4
 199 015d 03       		.byte	0x3
 200 015e 5B       		.byte	0x5b
 201 015f 05       		.byte	0x5
 202 0160 7F010000 		.4byte	0x17f
 203 0164 0B       		.uleb128 0xb
 204 0165 73657400 		.ascii	"set\000"
 205 0169 03       		.byte	0x3
 206 016a 5C       		.byte	0x5c
 207 016b 19       		.byte	0x19
 208 016c 55000000 		.4byte	0x55
 209 0170 00       		.byte	0
 210 0171 0C       		.uleb128 0xc
 211 0172 F8000000 		.4byte	.LASF24
 212 0176 03       		.byte	0x3
 213 0177 5D       		.byte	0x5d
 214 0178 19       		.byte	0x19
 215 0179 55000000 		.4byte	0x55
 216 017d 02       		.byte	0x2
 217 017e 00       		.byte	0
 218 017f 0D       		.uleb128 0xd
 219 0180 04       		.byte	0x4
 220 0181 03       		.byte	0x3
 221 0182 59       		.byte	0x59
 222 0183 0C       		.byte	0xc
 223 0184 9D010000 		.4byte	0x19d
 224 0188 0E       		.uleb128 0xe
 225 0189 5700     		.ascii	"W\000"
 226 018b 03       		.byte	0x3
 227 018c 5A       		.byte	0x5a
 228 018d 19       		.byte	0x19
 229 018e 61000000 		.4byte	0x61
 230 0192 0E       		.uleb128 0xe
 231 0193 4800     		.ascii	"H\000"
 232 0195 03       		.byte	0x3
 233 0196 5E       		.byte	0x5e
 234 0197 07       		.byte	0x7
 235 0198 5B010000 		.4byte	0x15b
 236 019c 00       		.byte	0
 237 019d 05       		.uleb128 0x5
 238 019e 7F010000 		.4byte	0x17f
 239 01a2 0A       		.uleb128 0xa
 240 01a3 28       		.byte	0x28
 241 01a4 03       		.byte	0x3
 242 01a5 51       		.byte	0x51
 243 01a6 09       		.byte	0x9
 244 01a7 2E020000 		.4byte	0x22e
 245 01ab 0C       		.uleb128 0xc
 246 01ac E9000000 		.4byte	.LASF25
 247 01b0 03       		.byte	0x3
 248 01b1 53       		.byte	0x53
 249 01b2 19       		.byte	0x19
 250 01b3 6D000000 		.4byte	0x6d
 251 01b7 00       		.byte	0
 252 01b8 0C       		.uleb128 0xc
 253 01b9 94000000 		.4byte	.LASF26
 254 01bd 03       		.byte	0x3
 255 01be 54       		.byte	0x54
 256 01bf 19       		.byte	0x19
 257 01c0 6D000000 		.4byte	0x6d
 258 01c4 04       		.byte	0x4
 259 01c5 0C       		.uleb128 0xc
 260 01c6 B8010000 		.4byte	.LASF27
 261 01ca 03       		.byte	0x3
 262 01cb 55       		.byte	0x55
 263 01cc 19       		.byte	0x19
 264 01cd 6D000000 		.4byte	0x6d
 265 01d1 08       		.byte	0x8
 266 01d2 0C       		.uleb128 0xc
 267 01d3 B8000000 		.4byte	.LASF28
 268 01d7 03       		.byte	0x3
 269 01d8 56       		.byte	0x56
 270 01d9 19       		.byte	0x19
 271 01da 6D000000 		.4byte	0x6d
 272 01de 0C       		.byte	0xc
 273 01df 0B       		.uleb128 0xb
 274 01e0 49445200 		.ascii	"IDR\000"
 275 01e4 03       		.byte	0x3
 276 01e5 57       		.byte	0x57
 277 01e6 19       		.byte	0x19
 278 01e7 6D000000 		.4byte	0x6d
 279 01eb 10       		.byte	0x10
 280 01ec 0B       		.uleb128 0xb
 281 01ed 4F445200 		.ascii	"ODR\000"
 282 01f1 03       		.byte	0x3
 283 01f2 58       		.byte	0x58
 284 01f3 19       		.byte	0x19
 285 01f4 6D000000 		.4byte	0x6d
 286 01f8 14       		.byte	0x14
 287 01f9 0C       		.uleb128 0xc
 288 01fa 5B000000 		.4byte	.LASF29
 289 01fe 03       		.byte	0x3
 290 01ff 5F       		.byte	0x5f
 291 0200 05       		.byte	0x5
 292 0201 9D010000 		.4byte	0x19d
 293 0205 18       		.byte	0x18
 294 0206 0C       		.uleb128 0xc
 295 0207 D2010000 		.4byte	.LASF30
 296 020b 03       		.byte	0x3
 297 020c 60       		.byte	0x60
 298 020d 19       		.byte	0x19
 299 020e 6D000000 		.4byte	0x6d
 300 0212 1C       		.byte	0x1c
 301 0213 0C       		.uleb128 0xc
 302 0214 85010000 		.4byte	.LASF31
 303 0218 03       		.byte	0x3
 304 0219 61       		.byte	0x61
 305 021a 19       		.byte	0x19
 306 021b 6D000000 		.4byte	0x6d
 307 021f 20       		.byte	0x20
 308 0220 0C       		.uleb128 0xc
 309 0221 80010000 		.4byte	.LASF32
 310 0225 03       		.byte	0x3
 311 0226 62       		.byte	0x62
 312 0227 19       		.byte	0x19
 313 0228 6D000000 		.4byte	0x6d
 314 022c 24       		.byte	0x24
 315 022d 00       		.byte	0
 316 022e 04       		.uleb128 0x4
 317 022f 21000000 		.4byte	.LASF33
 318 0233 03       		.byte	0x3
 319 0234 63       		.byte	0x63
 320 0235 03       		.byte	0x3
 321 0236 A2010000 		.4byte	0x1a2
 322 023a 0F       		.uleb128 0xf
 323 023b 04       		.byte	0x4
 324 023c 2E020000 		.4byte	0x22e
 325 0240 0A       		.uleb128 0xa
 326 0241 1C       		.byte	0x1c
 327 0242 04       		.byte	0x4
 328 0243 28       		.byte	0x28
 329 0244 09       		.byte	0x9
 330 0245 A5020000 		.4byte	0x2a5
 331 0249 0C       		.uleb128 0xc
 332 024a 36020000 		.4byte	.LASF34
 333 024e 04       		.byte	0x4
 334 024f 29       		.byte	0x29
 335 0250 19       		.byte	0x19
 336 0251 61000000 		.4byte	0x61
 337 0255 00       		.byte	0
 338 0256 0C       		.uleb128 0xc
 339 0257 5D010000 		.4byte	.LASF35
 340 025b 04       		.byte	0x4
 341 025c 2A       		.byte	0x2a
 342 025d 19       		.byte	0x19
 343 025e 61000000 		.4byte	0x61
 344 0262 04       		.byte	0x4
 345 0263 0C       		.uleb128 0xc
 346 0264 BE000000 		.4byte	.LASF36
 347 0268 04       		.byte	0x4
 348 0269 2B       		.byte	0x2b
 349 026a 19       		.byte	0x19
 350 026b 61000000 		.4byte	0x61
 351 026f 08       		.byte	0x8
 352 0270 0C       		.uleb128 0xc
 353 0271 0F020000 		.4byte	.LASF37
 354 0275 04       		.byte	0x4
 355 0276 2C       		.byte	0x2c
 356 0277 19       		.byte	0x19
 357 0278 61000000 		.4byte	0x61
 358 027c 0C       		.byte	0xc
 359 027d 0B       		.uleb128 0xb
 360 027e 6F647200 		.ascii	"odr\000"
 361 0282 04       		.byte	0x4
 362 0283 2D       		.byte	0x2d
 363 0284 19       		.byte	0x19
 364 0285 61000000 		.4byte	0x61
 365 0289 10       		.byte	0x10
 366 028a 0C       		.uleb128 0xc
 367 028b 31020000 		.4byte	.LASF38
 368 028f 04       		.byte	0x4
 369 0290 2E       		.byte	0x2e
 370 0291 19       		.byte	0x19
 371 0292 61000000 		.4byte	0x61
 372 0296 14       		.byte	0x14
 373 0297 0C       		.uleb128 0xc
 374 0298 1F020000 		.4byte	.LASF39
 375 029c 04       		.byte	0x4
 376 029d 2F       		.byte	0x2f
 377 029e 19       		.byte	0x19
 378 029f 61000000 		.4byte	0x61
 379 02a3 18       		.byte	0x18
 380 02a4 00       		.byte	0
 381 02a5 04       		.uleb128 0x4
 382 02a6 24020000 		.4byte	.LASF40
 383 02aa 04       		.byte	0x4
 384 02ab 30       		.byte	0x30
 385 02ac 03       		.byte	0x3
 386 02ad 40020000 		.4byte	0x240
 387 02b1 10       		.uleb128 0x10
 388 02b2 A5020000 		.4byte	0x2a5
 389 02b6 0A       		.uleb128 0xa
 390 02b7 A8       		.byte	0xa8
 391 02b8 04       		.byte	0x4
 392 02b9 35       		.byte	0x35
 393 02ba 09       		.byte	0x9
 394 02bb 0E030000 		.4byte	0x30e
 395 02bf 0C       		.uleb128 0xc
 396 02c0 9B000000 		.4byte	.LASF41
 397 02c4 04       		.byte	0x4
 398 02c5 37       		.byte	0x37
 399 02c6 19       		.byte	0x19
 400 02c7 A5020000 		.4byte	0x2a5
 401 02cb 00       		.byte	0
 402 02cc 0C       		.uleb128 0xc
 403 02cd 3C020000 		.4byte	.LASF42
 404 02d1 04       		.byte	0x4
 405 02d2 3A       		.byte	0x3a
 406 02d3 19       		.byte	0x19
 407 02d4 A5020000 		.4byte	0x2a5
 408 02d8 1C       		.byte	0x1c
 409 02d9 0C       		.uleb128 0xc
 410 02da 00000000 		.4byte	.LASF43
 411 02de 04       		.byte	0x4
 412 02df 3D       		.byte	0x3d
 413 02e0 19       		.byte	0x19
 414 02e1 A5020000 		.4byte	0x2a5
 415 02e5 38       		.byte	0x38
 416 02e6 0C       		.uleb128 0xc
 417 02e7 CF000000 		.4byte	.LASF44
 418 02eb 04       		.byte	0x4
 419 02ec 40       		.byte	0x40
 420 02ed 19       		.byte	0x19
 421 02ee A5020000 		.4byte	0x2a5
 422 02f2 54       		.byte	0x54
 423 02f3 0C       		.uleb128 0xc
 424 02f4 B1010000 		.4byte	.LASF45
 425 02f8 04       		.byte	0x4
 426 02f9 43       		.byte	0x43
 427 02fa 19       		.byte	0x19
 428 02fb A5020000 		.4byte	0x2a5
 429 02ff 70       		.byte	0x70
 430 0300 0C       		.uleb128 0xc
 431 0301 10000000 		.4byte	.LASF46
 432 0305 04       		.byte	0x4
 433 0306 46       		.byte	0x46
 434 0307 19       		.byte	0x19
 435 0308 A5020000 		.4byte	0x2a5
 436 030c 8C       		.byte	0x8c
 437 030d 00       		.byte	0
 438 030e 04       		.uleb128 0x4
 439 030f 39000000 		.4byte	.LASF47
 440 0313 04       		.byte	0x4
 441 0314 57       		.byte	0x57
 442 0315 03       		.byte	0x3
 443 0316 B6020000 		.4byte	0x2b6
 444 031a 10       		.uleb128 0x10
 445 031b 0E030000 		.4byte	0x30e
 446 031f 11       		.uleb128 0x11
 447 0320 47000000 		.4byte	.LASF55
 448 0324 04       		.byte	0x4
 449 0325 5C       		.byte	0x5c
 450 0326 1C       		.byte	0x1c
 451 0327 1A030000 		.4byte	0x31a
 452 032b 12       		.uleb128 0x12
 453 032c 14010000 		.4byte	.LASF48
 454 0330 04       		.byte	0x4
 455 0331 0801     		.2byte	0x108
 456 0333 06       		.byte	0x6
 457 0334 13       		.uleb128 0x13
 458 0335 60000000 		.4byte	.LASF49
 459 0339 04       		.byte	0x4
 460 033a D2       		.byte	0xd2
 461 033b 06       		.byte	0x6
 462 033c 14       		.uleb128 0x14
 463 033d 70010000 		.4byte	.LASF56
 464 0341 04       		.byte	0x4
 465 0342 9A       		.byte	0x9a
 466 0343 0D       		.byte	0xd
 467 0344 15       		.uleb128 0x15
 468 0345 15020000 		.4byte	.LASF57
 469 0349 04       		.byte	0x4
 470 034a 8F       		.byte	0x8f
 471 034b 0D       		.byte	0xd
 472 034c 69030000 		.4byte	0x369
 473 0350 16       		.uleb128 0x16
 474 0351 2E000000 		.4byte	.LASF50
 475 0355 04       		.byte	0x4
 476 0356 8F       		.byte	0x8f
 477 0357 25       		.byte	0x25
 478 0358 3A020000 		.4byte	0x23a
 479 035c 16       		.uleb128 0x16
 480 035d 80000000 		.4byte	.LASF51
 481 0361 04       		.byte	0x4
 482 0362 8F       		.byte	0x8f
 483 0363 40       		.byte	0x40
 484 0364 69030000 		.4byte	0x369
 485 0368 00       		.byte	0
 486 0369 0F       		.uleb128 0xf
 487 036a 04       		.byte	0x4
 488 036b B1020000 		.4byte	0x2b1
 489 036f 00       		.byte	0
 490              		.section	.gnu.debuglto_.debug_abbrev,"e",%progbits
 491              	.Ldebug_abbrev0:
 492 0000 01       		.uleb128 0x1
 493 0001 11       		.uleb128 0x11
 494 0002 01       		.byte	0x1
 495 0003 25       		.uleb128 0x25
 496 0004 0E       		.uleb128 0xe
 497 0005 13       		.uleb128 0x13
 498 0006 0B       		.uleb128 0xb
 499 0007 03       		.uleb128 0x3
 500 0008 0E       		.uleb128 0xe
 501 0009 1B       		.uleb128 0x1b
 502 000a 0E       		.uleb128 0xe
 503 000b 10       		.uleb128 0x10
 504 000c 17       		.uleb128 0x17
 505 000d 00       		.byte	0
 506 000e 00       		.byte	0
 507 000f 02       		.uleb128 0x2
 508 0010 24       		.uleb128 0x24
 509 0011 00       		.byte	0
 510 0012 0B       		.uleb128 0xb
 511 0013 0B       		.uleb128 0xb
 512 0014 3E       		.uleb128 0x3e
 513 0015 0B       		.uleb128 0xb
 514 0016 03       		.uleb128 0x3
 515 0017 08       		.uleb128 0x8
 516 0018 00       		.byte	0
 517 0019 00       		.byte	0
 518 001a 03       		.uleb128 0x3
 519 001b 24       		.uleb128 0x24
 520 001c 00       		.byte	0
 521 001d 0B       		.uleb128 0xb
 522 001e 0B       		.uleb128 0xb
 523 001f 3E       		.uleb128 0x3e
 524 0020 0B       		.uleb128 0xb
 525 0021 03       		.uleb128 0x3
 526 0022 0E       		.uleb128 0xe
 527 0023 00       		.byte	0
 528 0024 00       		.byte	0
 529 0025 04       		.uleb128 0x4
 530 0026 16       		.uleb128 0x16
 531 0027 00       		.byte	0
 532 0028 03       		.uleb128 0x3
 533 0029 0E       		.uleb128 0xe
 534 002a 3A       		.uleb128 0x3a
 535 002b 0B       		.uleb128 0xb
 536 002c 3B       		.uleb128 0x3b
 537 002d 0B       		.uleb128 0xb
 538 002e 39       		.uleb128 0x39
 539 002f 0B       		.uleb128 0xb
 540 0030 49       		.uleb128 0x49
 541 0031 13       		.uleb128 0x13
 542 0032 00       		.byte	0
 543 0033 00       		.byte	0
 544 0034 05       		.uleb128 0x5
 545 0035 35       		.uleb128 0x35
 546 0036 00       		.byte	0
 547 0037 49       		.uleb128 0x49
 548 0038 13       		.uleb128 0x13
 549 0039 00       		.byte	0
 550 003a 00       		.byte	0
 551 003b 06       		.uleb128 0x6
 552 003c 13       		.uleb128 0x13
 553 003d 01       		.byte	0x1
 554 003e 0B       		.uleb128 0xb
 555 003f 0B       		.uleb128 0xb
 556 0040 3A       		.uleb128 0x3a
 557 0041 0B       		.uleb128 0xb
 558 0042 3B       		.uleb128 0x3b
 559 0043 05       		.uleb128 0x5
 560 0044 39       		.uleb128 0x39
 561 0045 0B       		.uleb128 0xb
 562 0046 01       		.uleb128 0x1
 563 0047 13       		.uleb128 0x13
 564 0048 00       		.byte	0
 565 0049 00       		.byte	0
 566 004a 07       		.uleb128 0x7
 567 004b 0D       		.uleb128 0xd
 568 004c 00       		.byte	0
 569 004d 03       		.uleb128 0x3
 570 004e 08       		.uleb128 0x8
 571 004f 3A       		.uleb128 0x3a
 572 0050 0B       		.uleb128 0xb
 573 0051 3B       		.uleb128 0x3b
 574 0052 05       		.uleb128 0x5
 575 0053 39       		.uleb128 0x39
 576 0054 0B       		.uleb128 0xb
 577 0055 49       		.uleb128 0x49
 578 0056 13       		.uleb128 0x13
 579 0057 38       		.uleb128 0x38
 580 0058 0B       		.uleb128 0xb
 581 0059 00       		.byte	0
 582 005a 00       		.byte	0
 583 005b 08       		.uleb128 0x8
 584 005c 0D       		.uleb128 0xd
 585 005d 00       		.byte	0
 586 005e 03       		.uleb128 0x3
 587 005f 0E       		.uleb128 0xe
 588 0060 3A       		.uleb128 0x3a
 589 0061 0B       		.uleb128 0xb
 590 0062 3B       		.uleb128 0x3b
 591 0063 05       		.uleb128 0x5
 592 0064 39       		.uleb128 0x39
 593 0065 0B       		.uleb128 0xb
 594 0066 49       		.uleb128 0x49
 595 0067 13       		.uleb128 0x13
 596 0068 38       		.uleb128 0x38
 597 0069 0B       		.uleb128 0xb
 598 006a 00       		.byte	0
 599 006b 00       		.byte	0
 600 006c 09       		.uleb128 0x9
 601 006d 16       		.uleb128 0x16
 602 006e 00       		.byte	0
 603 006f 03       		.uleb128 0x3
 604 0070 0E       		.uleb128 0xe
 605 0071 3A       		.uleb128 0x3a
 606 0072 0B       		.uleb128 0xb
 607 0073 3B       		.uleb128 0x3b
 608 0074 05       		.uleb128 0x5
 609 0075 39       		.uleb128 0x39
 610 0076 0B       		.uleb128 0xb
 611 0077 49       		.uleb128 0x49
 612 0078 13       		.uleb128 0x13
 613 0079 00       		.byte	0
 614 007a 00       		.byte	0
 615 007b 0A       		.uleb128 0xa
 616 007c 13       		.uleb128 0x13
 617 007d 01       		.byte	0x1
 618 007e 0B       		.uleb128 0xb
 619 007f 0B       		.uleb128 0xb
 620 0080 3A       		.uleb128 0x3a
 621 0081 0B       		.uleb128 0xb
 622 0082 3B       		.uleb128 0x3b
 623 0083 0B       		.uleb128 0xb
 624 0084 39       		.uleb128 0x39
 625 0085 0B       		.uleb128 0xb
 626 0086 01       		.uleb128 0x1
 627 0087 13       		.uleb128 0x13
 628 0088 00       		.byte	0
 629 0089 00       		.byte	0
 630 008a 0B       		.uleb128 0xb
 631 008b 0D       		.uleb128 0xd
 632 008c 00       		.byte	0
 633 008d 03       		.uleb128 0x3
 634 008e 08       		.uleb128 0x8
 635 008f 3A       		.uleb128 0x3a
 636 0090 0B       		.uleb128 0xb
 637 0091 3B       		.uleb128 0x3b
 638 0092 0B       		.uleb128 0xb
 639 0093 39       		.uleb128 0x39
 640 0094 0B       		.uleb128 0xb
 641 0095 49       		.uleb128 0x49
 642 0096 13       		.uleb128 0x13
 643 0097 38       		.uleb128 0x38
 644 0098 0B       		.uleb128 0xb
 645 0099 00       		.byte	0
 646 009a 00       		.byte	0
 647 009b 0C       		.uleb128 0xc
 648 009c 0D       		.uleb128 0xd
 649 009d 00       		.byte	0
 650 009e 03       		.uleb128 0x3
 651 009f 0E       		.uleb128 0xe
 652 00a0 3A       		.uleb128 0x3a
 653 00a1 0B       		.uleb128 0xb
 654 00a2 3B       		.uleb128 0x3b
 655 00a3 0B       		.uleb128 0xb
 656 00a4 39       		.uleb128 0x39
 657 00a5 0B       		.uleb128 0xb
 658 00a6 49       		.uleb128 0x49
 659 00a7 13       		.uleb128 0x13
 660 00a8 38       		.uleb128 0x38
 661 00a9 0B       		.uleb128 0xb
 662 00aa 00       		.byte	0
 663 00ab 00       		.byte	0
 664 00ac 0D       		.uleb128 0xd
 665 00ad 17       		.uleb128 0x17
 666 00ae 01       		.byte	0x1
 667 00af 0B       		.uleb128 0xb
 668 00b0 0B       		.uleb128 0xb
 669 00b1 3A       		.uleb128 0x3a
 670 00b2 0B       		.uleb128 0xb
 671 00b3 3B       		.uleb128 0x3b
 672 00b4 0B       		.uleb128 0xb
 673 00b5 39       		.uleb128 0x39
 674 00b6 0B       		.uleb128 0xb
 675 00b7 01       		.uleb128 0x1
 676 00b8 13       		.uleb128 0x13
 677 00b9 00       		.byte	0
 678 00ba 00       		.byte	0
 679 00bb 0E       		.uleb128 0xe
 680 00bc 0D       		.uleb128 0xd
 681 00bd 00       		.byte	0
 682 00be 03       		.uleb128 0x3
 683 00bf 08       		.uleb128 0x8
 684 00c0 3A       		.uleb128 0x3a
 685 00c1 0B       		.uleb128 0xb
 686 00c2 3B       		.uleb128 0x3b
 687 00c3 0B       		.uleb128 0xb
 688 00c4 39       		.uleb128 0x39
 689 00c5 0B       		.uleb128 0xb
 690 00c6 49       		.uleb128 0x49
 691 00c7 13       		.uleb128 0x13
 692 00c8 00       		.byte	0
 693 00c9 00       		.byte	0
 694 00ca 0F       		.uleb128 0xf
 695 00cb 0F       		.uleb128 0xf
 696 00cc 00       		.byte	0
 697 00cd 0B       		.uleb128 0xb
 698 00ce 0B       		.uleb128 0xb
 699 00cf 49       		.uleb128 0x49
 700 00d0 13       		.uleb128 0x13
 701 00d1 00       		.byte	0
 702 00d2 00       		.byte	0
 703 00d3 10       		.uleb128 0x10
 704 00d4 26       		.uleb128 0x26
 705 00d5 00       		.byte	0
 706 00d6 49       		.uleb128 0x49
 707 00d7 13       		.uleb128 0x13
 708 00d8 00       		.byte	0
 709 00d9 00       		.byte	0
 710 00da 11       		.uleb128 0x11
 711 00db 34       		.uleb128 0x34
 712 00dc 00       		.byte	0
 713 00dd 03       		.uleb128 0x3
 714 00de 0E       		.uleb128 0xe
 715 00df 3A       		.uleb128 0x3a
 716 00e0 0B       		.uleb128 0xb
 717 00e1 3B       		.uleb128 0x3b
 718 00e2 0B       		.uleb128 0xb
 719 00e3 39       		.uleb128 0x39
 720 00e4 0B       		.uleb128 0xb
 721 00e5 49       		.uleb128 0x49
 722 00e6 13       		.uleb128 0x13
 723 00e7 00       		.byte	0
 724 00e8 00       		.byte	0
 725 00e9 12       		.uleb128 0x12
 726 00ea 2E       		.uleb128 0x2e
 727 00eb 00       		.byte	0
 728 00ec 3F       		.uleb128 0x3f
 729 00ed 19       		.uleb128 0x19
 730 00ee 03       		.uleb128 0x3
 731 00ef 0E       		.uleb128 0xe
 732 00f0 3A       		.uleb128 0x3a
 733 00f1 0B       		.uleb128 0xb
 734 00f2 3B       		.uleb128 0x3b
 735 00f3 05       		.uleb128 0x5
 736 00f4 39       		.uleb128 0x39
 737 00f5 0B       		.uleb128 0xb
 738 00f6 27       		.uleb128 0x27
 739 00f7 19       		.uleb128 0x19
 740 00f8 00       		.byte	0
 741 00f9 00       		.byte	0
 742 00fa 13       		.uleb128 0x13
 743 00fb 2E       		.uleb128 0x2e
 744 00fc 00       		.byte	0
 745 00fd 3F       		.uleb128 0x3f
 746 00fe 19       		.uleb128 0x19
 747 00ff 03       		.uleb128 0x3
 748 0100 0E       		.uleb128 0xe
 749 0101 3A       		.uleb128 0x3a
 750 0102 0B       		.uleb128 0xb
 751 0103 3B       		.uleb128 0x3b
 752 0104 0B       		.uleb128 0xb
 753 0105 39       		.uleb128 0x39
 754 0106 0B       		.uleb128 0xb
 755 0107 27       		.uleb128 0x27
 756 0108 19       		.uleb128 0x19
 757 0109 00       		.byte	0
 758 010a 00       		.byte	0
 759 010b 14       		.uleb128 0x14
 760 010c 2E       		.uleb128 0x2e
 761 010d 00       		.byte	0
 762 010e 03       		.uleb128 0x3
 763 010f 0E       		.uleb128 0xe
 764 0110 3A       		.uleb128 0x3a
 765 0111 0B       		.uleb128 0xb
 766 0112 3B       		.uleb128 0x3b
 767 0113 0B       		.uleb128 0xb
 768 0114 39       		.uleb128 0x39
 769 0115 0B       		.uleb128 0xb
 770 0116 27       		.uleb128 0x27
 771 0117 19       		.uleb128 0x19
 772 0118 00       		.byte	0
 773 0119 00       		.byte	0
 774 011a 15       		.uleb128 0x15
 775 011b 2E       		.uleb128 0x2e
 776 011c 01       		.byte	0x1
 777 011d 03       		.uleb128 0x3
 778 011e 0E       		.uleb128 0xe
 779 011f 3A       		.uleb128 0x3a
 780 0120 0B       		.uleb128 0xb
 781 0121 3B       		.uleb128 0x3b
 782 0122 0B       		.uleb128 0xb
 783 0123 39       		.uleb128 0x39
 784 0124 0B       		.uleb128 0xb
 785 0125 27       		.uleb128 0x27
 786 0126 19       		.uleb128 0x19
 787 0127 01       		.uleb128 0x1
 788 0128 13       		.uleb128 0x13
 789 0129 00       		.byte	0
 790 012a 00       		.byte	0
 791 012b 16       		.uleb128 0x16
 792 012c 05       		.uleb128 0x5
 793 012d 00       		.byte	0
 794 012e 03       		.uleb128 0x3
 795 012f 0E       		.uleb128 0xe
 796 0130 3A       		.uleb128 0x3a
 797 0131 0B       		.uleb128 0xb
 798 0132 3B       		.uleb128 0x3b
 799 0133 0B       		.uleb128 0xb
 800 0134 39       		.uleb128 0x39
 801 0135 0B       		.uleb128 0xb
 802 0136 49       		.uleb128 0x49
 803 0137 13       		.uleb128 0x13
 804 0138 00       		.byte	0
 805 0139 00       		.byte	0
 806 013a 00       		.byte	0
 807              		.section	.gnu.debuglto_.debug_line,"e",%progbits
 808              	.Ldebug_line0:
 809 0000 FC000000 		.4byte	.LELT0-.LSLT0
 810              	.LSLT0:
 811 0004 0400     		.2byte	0x4
 812 0006 F6000000 		.4byte	.LELTP0-.LASLTP0
 813              	.LASLTP0:
 814 000a 01       		.byte	0x1
 815 000b 01       		.byte	0x1
 816 000c 01       		.byte	0x1
 817 000d F6       		.byte	0xf6
 818 000e F2       		.byte	0xf2
 819 000f 0D       		.byte	0xd
 820 0010 00       		.byte	0
 821 0011 01       		.byte	0x1
 822 0012 01       		.byte	0x1
 823 0013 01       		.byte	0x1
 824 0014 01       		.byte	0x1
 825 0015 00       		.byte	0
 826 0016 00       		.byte	0
 827 0017 00       		.byte	0
 828 0018 01       		.byte	0x1
 829 0019 00       		.byte	0
 830 001a 00       		.byte	0
 831 001b 01       		.byte	0x1
 832 001c 6C69622F 		.ascii	"lib/chibios/os/common/ext/ST/STM32F3xx"
 832      63686962 
 832      696F732F 
 832      6F732F63 
 832      6F6D6D6F 
 833 0042 00       		.byte	0
 834 0043 6C69622F 		.ascii	"lib/chibios/os/hal/boards/ST_STM32F3_DISCOVERY"
 834      63686962 
 834      696F732F 
 834      6F732F68 
 834      616C2F62 
 835 0071 00       		.byte	0
 836 0072 6C69622F 		.ascii	"lib/chibios/os/hal/ports/STM32/LLD/GPIOv2"
 836      63686962 
 836      696F732F 
 836      6F732F68 
 836      616C2F70 
 837 009b 00       		.byte	0
 838 009c 2F757372 		.ascii	"/usr/lib/gcc/arm-none-eabi/10.3.1/include"
 838      2F6C6962 
 838      2F676363 
 838      2F61726D 
 838      2D6E6F6E 
 839 00c5 00       		.byte	0
 840 00c6 00       		.byte	0
 841 00c7 73746469 		.ascii	"stdint.h\000"
 841      6E742E68 
 841      00
 842 00d0 04       		.uleb128 0x4
 843 00d1 00       		.uleb128 0
 844 00d2 00       		.uleb128 0
 845 00d3 73746D33 		.ascii	"stm32f303xc.h\000"
 845      32663330 
 845      3378632E 
 845      6800
 846 00e1 01       		.uleb128 0x1
 847 00e2 00       		.uleb128 0
 848 00e3 00       		.uleb128 0
 849 00e4 73746D33 		.ascii	"stm32_gpio.h\000"
 849      325F6770 
 849      696F2E68 
 849      00
 850 00f1 03       		.uleb128 0x3
 851 00f2 00       		.uleb128 0
 852 00f3 00       		.uleb128 0
 853 00f4 626F6172 		.ascii	"board.c\000"
 853      642E6300 
 854 00fc 02       		.uleb128 0x2
 855 00fd 00       		.uleb128 0
 856 00fe 00       		.uleb128 0
 857 00ff 00       		.byte	0
 858              	.LELTP0:
 859              	.LELT0:
 860              		.section	.gnu.debuglto_.debug_str,"eMS",%progbits,1
 861              	.LASF43:
 862 0000 50434461 		.ascii	"PCData\000"
 862      746100
 863              	.LASF13:
 864 0007 41504231 		.ascii	"APB1RSTR\000"
 864      52535452 
 864      00
 865              	.LASF46:
 866 0010 50464461 		.ascii	"PFData\000"
 866      746100
 867              	.LASF3:
 868 0017 73686F72 		.ascii	"short int\000"
 868      7420696E 
 868      7400
 869              	.LASF33:
 870 0021 73746D33 		.ascii	"stm32_gpio_t\000"
 870      325F6770 
 870      696F5F74 
 870      00
 871              	.LASF50:
 872 002e 6770696F 		.ascii	"gpiop\000"
 872      7000
 873              	.LASF17:
 874 0034 42444352 		.ascii	"BDCR\000"
 874      00
 875              	.LASF47:
 876 0039 6770696F 		.ascii	"gpio_config_t\000"
 876      5F636F6E 
 876      6669675F 
 876      7400
 877              	.LASF55:
 878 0047 6770696F 		.ascii	"gpio_default_config\000"
 878      5F646566 
 878      61756C74 
 878      5F636F6E 
 878      66696700 
 879              	.LASF29:
 880 005b 42535252 		.ascii	"BSRR\000"
 880      00
 881              	.LASF49:
 882 0060 5F5F6368 		.ascii	"__chibios_override___early_init\000"
 882      6962696F 
 882      735F6F76 
 882      65727269 
 882      64655F5F 
 883              	.LASF51:
 884 0080 636F6E66 		.ascii	"config\000"
 884      696700
 885              	.LASF11:
 886 0087 43464752 		.ascii	"CFGR\000"
 886      00
 887              	.LASF16:
 888 008c 41504231 		.ascii	"APB1ENR\000"
 888      454E5200 
 889              	.LASF26:
 890 0094 4F545950 		.ascii	"OTYPER\000"
 890      455200
 891              	.LASF41:
 892 009b 50414461 		.ascii	"PAData\000"
 892      746100
 893              	.LASF18:
 894 00a2 41484252 		.ascii	"AHBRSTR\000"
 894      53545200 
 895              	.LASF5:
 896 00aa 6C6F6E67 		.ascii	"long long int\000"
 896      206C6F6E 
 896      6720696E 
 896      7400
 897              	.LASF28:
 898 00b8 50555044 		.ascii	"PUPDR\000"
 898      5200
 899              	.LASF36:
 900 00be 6F737065 		.ascii	"ospeedr\000"
 900      65647200 
 901              	.LASF4:
 902 00c6 6C6F6E67 		.ascii	"long int\000"
 902      20696E74 
 902      00
 903              	.LASF44:
 904 00cf 50444461 		.ascii	"PDData\000"
 904      746100
 905              	.LASF21:
 906 00d6 5243435F 		.ascii	"RCC_TypeDef\000"
 906      54797065 
 906      44656600 
 907              	.LASF14:
 908 00e2 41484245 		.ascii	"AHBENR\000"
 908      4E5200
 909              	.LASF25:
 910 00e9 4D4F4445 		.ascii	"MODER\000"
 910      5200
 911              	.LASF12:
 912 00ef 41504232 		.ascii	"APB2RSTR\000"
 912      52535452 
 912      00
 913              	.LASF24:
 914 00f8 636C6561 		.ascii	"clear\000"
 914      7200
 915              	.LASF6:
 916 00fe 756E7369 		.ascii	"unsigned char\000"
 916      676E6564 
 916      20636861 
 916      7200
 917              	.LASF15:
 918 010c 41504232 		.ascii	"APB2ENR\000"
 918      454E5200 
 919              	.LASF48:
 920 0114 5F5F6368 		.ascii	"__chibios_override_boardInit\000"
 920      6962696F 
 920      735F6F76 
 920      65727269 
 920      64655F62 
 921              	.LASF2:
 922 0131 7369676E 		.ascii	"signed char\000"
 922      65642063 
 922      68617200 
 923              	.LASF10:
 924 013d 6C6F6E67 		.ascii	"long long unsigned int\000"
 924      206C6F6E 
 924      6720756E 
 924      7369676E 
 924      65642069 
 925              	.LASF8:
 926 0154 75696E74 		.ascii	"uint32_t\000"
 926      33325F74 
 926      00
 927              	.LASF35:
 928 015d 6F747970 		.ascii	"otyper\000"
 928      657200
 929              	.LASF19:
 930 0164 43464752 		.ascii	"CFGR2\000"
 930      3200
 931              	.LASF20:
 932 016a 43464752 		.ascii	"CFGR3\000"
 932      3300
 933              	.LASF56:
 934 0170 73746D33 		.ascii	"stm32_gpio_init\000"
 934      325F6770 
 934      696F5F69 
 934      6E697400 
 935              	.LASF32:
 936 0180 41465248 		.ascii	"AFRH\000"
 936      00
 937              	.LASF31:
 938 0185 4146524C 		.ascii	"AFRL\000"
 938      00
 939              	.LASF1:
 940 018a 73686F72 		.ascii	"short unsigned int\000"
 940      7420756E 
 940      7369676E 
 940      65642069 
 940      6E7400
 941              	.LASF22:
 942 019d 63686172 		.ascii	"char\000"
 942      00
 943              	.LASF7:
 944 01a2 75696E74 		.ascii	"uint16_t\000"
 944      31365F74 
 944      00
 945              	.LASF23:
 946 01ab 5F426F6F 		.ascii	"_Bool\000"
 946      6C00
 947              	.LASF45:
 948 01b1 50454461 		.ascii	"PEData\000"
 948      746100
 949              	.LASF27:
 950 01b8 4F535045 		.ascii	"OSPEEDR\000"
 950      45445200 
 951              	.LASF9:
 952 01c0 6C6F6E67 		.ascii	"long unsigned int\000"
 952      20756E73 
 952      69676E65 
 952      6420696E 
 952      7400
 953              	.LASF30:
 954 01d2 4C4F434B 		.ascii	"LOCKR\000"
 954      5200
 955              	.LASF53:
 956 01d8 6C69622F 		.ascii	"lib/chibios/os/hal/boards/ST_STM32F3_DISCOVERY/boar"
 956      63686962 
 956      696F732F 
 956      6F732F68 
 956      616C2F62 
 957 020b 642E6300 		.ascii	"d.c\000"
 958              	.LASF37:
 959 020f 70757064 		.ascii	"pupdr\000"
 959      7200
 960              	.LASF57:
 961 0215 6770696F 		.ascii	"gpio_init\000"
 961      5F696E69 
 961      7400
 962              	.LASF39:
 963 021f 61667268 		.ascii	"afrh\000"
 963      00
 964              	.LASF40:
 965 0224 6770696F 		.ascii	"gpio_setup_t\000"
 965      5F736574 
 965      75705F74 
 965      00
 966              	.LASF38:
 967 0231 6166726C 		.ascii	"afrl\000"
 967      00
 968              	.LASF34:
 969 0236 6D6F6465 		.ascii	"moder\000"
 969      7200
 970              	.LASF42:
 971 023c 50424461 		.ascii	"PBData\000"
 971      746100
 972              	.LASF0:
 973 0243 756E7369 		.ascii	"unsigned int\000"
 973      676E6564 
 973      20696E74 
 973      00
 974              	.LASF54:
 975 0250 2F686F6D 		.ascii	"/home/jstewart/source/yaemk-split-kb/Firmware\000"
 975      652F6A73 
 975      74657761 
 975      72742F73 
 975      6F757263 
 976              	.LASF52:
 977 027e 474E5520 		.ascii	"GNU C99 10.3.1 20210621 (release) -mcpu=cortex-m4 -"
 977      43393920 
 977      31302E33 
 977      2E312032 
 977      30323130 
 978 02b1 6D746875 		.ascii	"mthumb -mno-thumb-interwork -mno-unaligned-access -"
 978      6D62202D 
 978      6D6E6F2D 
 978      7468756D 
 978      622D696E 
 979 02e4 6D666C6F 		.ascii	"mfloat-abi=hard -mfpu=fpv4-sp-d16 -march=armv7e-m+f"
 979      61742D61 
 979      62693D68 
 979      61726420 
 979      2D6D6670 
 980 0317 70202D67 		.ascii	"p -ggdb -Os -Ofast -std=gnu99 -fsingle-precision-co"
 980      67646220 
 980      2D4F7320 
 980      2D4F6661 
 980      7374202D 
 981 034a 6E737461 		.ascii	"nstant -fomit-frame-pointer -ffunction-sections -fd"
 981      6E74202D 
 981      666F6D69 
 981      742D6672 
 981      616D652D 
 982 037d 6174612D 		.ascii	"ata-sections -fshort-wchar -fcommon -flto\000"
 982      73656374 
 982      696F6E73 
 982      202D6673 
 982      686F7274 
 983              		.text
 984              		.section	.gnu.lto_.profile.67eedbd9d4aa7665,"e",%progbits
 985 0000 789C6362 		.ascii	"x\234cb\000\001\000\000\022\000\003"
 985      00010000 
 985      120003
 986              		.text
 987              		.section	.gnu.lto_.icf.67eedbd9d4aa7665,"e",%progbits
 988 0000 789C1361 		.ascii	"x\234\023a@\000f\206\347\307\337-ae|\264\341L/7\323"
 988      40006686 
 988      E7C7DF2D 
 988      61657CB4 
 988      E14C2F37 
 989 0015 F37777E7 		.ascii	"\363ww\347\3632\000\000h\026\011\264"
 989      F3320000 
 989      681609B4 
 990              		.text
 991              		.section	.gnu.lto_.ipa_sra.67eedbd9d4aa7665,"e",%progbits
 992 0000 789CE367 		.ascii	"x\234\343g@\000f\006\006FF\0060d\002\022\000\002\023"
 992      40006606 
 992      06464606 
 992      30640212 
 992      000213
 993 0013 001B     		.ascii	"\000\033"
 994              		.text
 995              		.section	.gnu.lto_.inline.67eedbd9d4aa7665,"e",%progbits
 996 0000 789C2B61 		.ascii	"x\234+a@\000f\006\006\213\206\206\206\035\314\031\214"
 996      40006606 
 996      068B8686 
 996      861DCC19 
 996      8C
 997 0011 0C4C5940 		.ascii	"\014LY@\326\012\346\014\006\0066 \243\201)\205\211\201"
 997      D60AE60C 
 997      06063620 
 997      A3812985 
 997      8981
 998 0023 09A88491 		.ascii	"\011\250\204\221\201\025\310{\300\224\316\010\3426\002"
 998      8115C87B 
 998      C094CE08 
 998      E23602
 999 0032 D975E82A 		.ascii	"\331u\350*\270\030\340$\023\0033D\012\247j\006\000\032"
 999      B818E024 
 999      13033344 
 999      0AA76A06 
 999      001A
 1000 0044 4817F7   		.ascii	"H\027\367"
 1001              		.text
 1002              		.section	.gnu.lto_.jmpfuncs.67eedbd9d4aa7665,"e",%progbits
 1003 0000 789CE365 		.ascii	"x\234\343e@\000f f\0041\230\200\030\000\001\226\000"
 1003      40006620 
 1003      66043198 
 1003      80180001 
 1003      9600
 1004 0012 14       		.ascii	"\024"
 1005              		.text
 1006              		.section	.gnu.lto_.pureconst.67eedbd9d4aa7665,"e",%progbits
 1007 0000 789CE362 		.ascii	"x\234\343b```f\230\305\3028\203\205\251\201\005\000"
 1007      60606066 
 1007      98C5C238 
 1007      8385A981 
 1007      0500
 1008 0012 09BC01CF 		.ascii	"\011\274\001\317"
 1009              		.text
 1010              		.section	.gnu.lto_.lto.67eedbd9d4aa7665,"e",%progbits
 1011 0000 09000400 		.ascii	"\011\000\004\000\001\000\000\000"
 1011      01000000 
 1012              		.text
 1013              		.section	.gnu.lto_stm32_gpio_init.284.67eedbd9d4aa7665,"e",%progbits
 1014 0000 789CB598 		.ascii	"x\234\265\230\355O[U\034\307\317\357\236\266<\014\267"
 1014      ED4F5B55 
 1014      1CC7CFEF 
 1014      9EB63C0C 
 1014      B7
 1015 0011 B8F8074C 		.ascii	"\270\370\007L\2151>l%%f.\2761Q\227\370BMd1\361\325\002"
 1015      8D313E6C 
 1015      2525662E 
 1015      BE315197 
 1015      F8424D64 
 1016 0029 C8B66E60 		.ascii	"\310\266n`\027\2301\276\332\241\260\261\220(\035\013"
 1016      179831BE 
 1016      DAA1B0B1 
 1016      90281D0B 
 1017 0039 6E596043 		.ascii	"nY`CR&!&\213\316=\300\236\012\014\030\255\254\214Rq"
 1017      52262126 
 1017      8BCE3DC0 
 1017      9E0A0C18 
 1017      ADAC8C52 
 1018 004e 13C3C3DC 		.ascii	"\023\303\303\334\346\346ddF\203\021S\317\271\277\373"
 1018      E6E66464 
 1018      46831153 
 1018      CFB9BFFB 
 1019 005e D07BDA7B 		.ascii	"\320{\332{\3277\020z\271\247\367|\316\367\374\356\375"
 1019      D737107A 
 1019      B9A7F77C 
 1019      CEF7FCEE 
 1019      FD
 1020 006f DC735B5E 		.ascii	"\334s[^]KH#!\344Y\376\002J\240\345`\223B\030c\257\347"
 1020      5D4B4823 
 1020      21E459FE 
 1020      024AA0E5 
 1020      60934218 
 1021 0086 295077B0 		.ascii	")Pw\260\251\000N\203\332\002\262W\201\275p\210\276\300"
 1021      A9004E83 
 1021      DA02B257 
 1021      81BD7088 
 1021      BEC0
 1022 0098 9B4B5D47 		.ascii	"\233K]G\373\272\362Xw\004\302\224\220c\374\245\375x"
 1022      FBBAF258 
 1022      7704C294 
 1022      9063FCA5 
 1022      FD78
 1023 00aa B496A78D 		.ascii	"\264\226\247\215\202\272\017p\006\010o\264\3200\337"
 1023      82BA0F70 
 1023      06086FB4 
 1023      D030DF
 1024 00b9 77697B0A 		.ascii	"wi{\012\254\343{\324/\216<\037al\361x\327\241\325!>"
 1024      ACE37BD4 
 1024      2F8E3C1F 
 1024      616CF178 
 1024      D7A1D521 
 1025 00ce 18855E10 		.ascii	"\030\205^\020\3209\200\263@\240O\274\025\030\027\243"
 1025      D03980B3 
 1025      40A04FBC 
 1025      151817A3 
 1026 00de 3D27BAF5 		.ascii	"='\272\365u5\256\016\325\345\353\375\210\331\217g\212"
 1026      7535AE0E 
 1026      D5E5EBFD 
 1026      88D98F67 
 1026      8A
 1027 00ef 11EBC01C 		.ascii	"\021\353\300\034r\337\374,\260\265a\352\202\013\351"
 1027      72DFFC2C 
 1027      B0B561EA 
 1027      820BE9
 1028 00fe 635EE463 		.ascii	"c^\344c\272\002\323\231cb?b\366\3031=\242\336\333>\270"
 1028      BA02D399 
 1028      63623F62 
 1028      F6C3313D 
 1028      A2DEDB3E 
 1029 0113 04709EBF 		.ascii	"\004p\236\277}Z\214%\352\204\313zm9MMt\012\265\261H"
 1029      7D5A8C25 
 1029      EA84CB7A 
 1029      6D394D4D 
 1029      740AB5B1 
 1030 0128 C33AE218 		.ascii	"\303:\342\030u\356\256\017\006\000\372-Q\203+\022\265"
 1030      75EEAE0F 
 1030      0600FA2D 
 1030      51832B12 
 1030      B5
 1031 0139 F4C007C3 		.ascii	"\364\300\007\303\000C\226\250\221\225\251j\301\007Q"
 1031      004396A8 
 1031      9195A96A 
 1031      C10751
 1032 0148 80514B54 		.ascii	"\200QKTle\252z\350\203k\000c\226\250\370\312T\365\227"
 1032      6C65AA7A 
 1032      E8836B00 
 1032      6396A8F8 
 1032      CA54F597 
 1033 015c 0F2600AE 		.ascii	"\017&\000\256[\242\022j\224\350ur\302\035a\313\251f"
 1033      5BA2126A 
 1033      94E87572 
 1033      C21D61CB 
 1033      A966
 1034 016e C6A65E8A 		.ascii	"\306\246^\212-\317\027l\004>\234[\021\033*6.\261q\213"
 1034      2DCF176C 
 1034      043E9C5B 
 1034      111B2A36 
 1034      2EB1718B 
 1035 0182 8D476C0A 		.ascii	"\215Gl\012\305\246Hl\010i\246\342\036d.`\021BBT\301"
 1035      C5A6486C 
 1035      0869A6E2 
 1035      1E642E60 
 1035      11424254 
 1036 0197 463D6FDC 		.ascii	"F=o\334\0076\377_\024\310\002\014\\(\350\244\240\335"
 1036      0736FF5F 
 1036      14C8020C 
 1036      5C28E8A4 
 1036      A0DD
 1037 01a9 511EE32E 		.ascii	"Q\036\343.\363\000\3538\300\304\235vB\334\271\274\312"
 1037      F300EB38 
 1037      C0C49D76 
 1037      42DCB9BC 
 1037      CA
 1038 01ba 3CF81120 		.ascii	"<\370\021 \011\244\370\3510\315\207)hW\357\327\005\250"
 1038      09A4F8E9 
 1038      30CD8729 
 1038      6857EFD7 
 1038      05A8
 1039 01cc 6F69844E 		.ascii	"oi\204N\252t\"\347\346\275\227\250\030w\261\011l\351"
 1039      AA7422E7 
 1039      E6BD97A8 
 1039      1877B109 
 1039      6CE9
 1040 01de 9B48734C 		.ascii	"\233HsL\314\344\031}\032\324\026\2306\343\276\024q."
 1040      CCE4197D 
 1040      1AD41698 
 1040      36E3BE14 
 1040      712E
 1041 01f0 DE19E352 		.ascii	"\336\031\343R\251\306\3455\217\313\233\321\363\\\226"
 1041      A9C6E535 
 1041      8FCB9BD1 
 1041      F35C96
 1042 01ff BCC26CC0 		.ascii	"\274\302l\300Wj3\037\346\264H\016t\266\202z\306R\346"
 1042      576A331F 
 1042      E6B4480E 
 1042      74B6827A 
 1042      C652E6
 1043 0212 1973DB66 		.ascii	"\031s\333f\335\342\034\244\235\031\017\357\0147\340"
 1043      DDE21CA4 
 1043      9D190FEF 
 1043      0C37E0
 1044 0221 7153BC8D 		.ascii	"qS\274\215\030\357o\231b\221\323\024\357jQb\212\247"
 1044      18EF6F99 
 1044      6291D314 
 1044      EF6A5162 
 1044      8AA7
 1045 0233 708A8763 		.ascii	"p\212\207c\342op\035_e\304\371\241\002\215\270\360\255"
 1045      E26F701D 
 1045      5F65C4F9 
 1045      A1028DB8 
 1045      F0AD
 1046 0245 4BFA652E 		.ascii	"K\372e.P/s\003x\370n7UE<\001\2560-\204\337\001\356\253"
 1046      502F7303 
 1046      78F86E37 
 1046      55453C01 
 1046      AE302D84 
 1047 025d 078B1B18 		.ascii	"\007\213\033\030\353~9LW\301\003\036\242\020\322\000"
 1047      EB7E394C 
 1047      57C1031E 
 1047      A210D200 
 1048 026d FB19FB4D 		.ascii	"\373\031\373M\254z\360\007pQE\332\255\313\321/\200\257"
 1048      AC7AF007 
 1048      705145DA 
 1048      ADCBD12F 
 1048      80AF
 1049 027f 606A7222 		.ascii	"`jr\"Z\000\021\255\314\244\242%Q\300\301\271\217Ep\017"
 1049      5A0011AD 
 1049      CCA4A225 
 1049      51C0C1B9 
 1049      8F45700F 
 1050 0293 E021CEBE 		.ascii	"\340!\316\276\273HL\177\221\217L\305\012\210W\022\255"
 1050      BB484C7F 
 1050      918F4CC5 
 1050      0A885712 
 1050      AD
 1051 02a4 4C46D3C7 		.ascii	"LF\323\307\260!\377\344\244\313$\331R\375\035\252\322"
 1051      B021FFE4 
 1051      A4CB24D9 
 1051      52FD1DAA 
 1051      D2
 1052 02b5 53B9D07F 		.ascii	"S\271\320\177s\332m\322\223\235\223\035\352I\237\277"
 1052      73DA6DD2 
 1052      939D931D 
 1052      EA499FBF 
 1053 02c5 910BFD0F 		.ascii	"\221\013\375\017\247=&\235Ja\362\317\271\260\313\234"
 1053      A73D269D 
 1053      4A61F2CF 
 1053      B9B0CB9C 
 1054 02d5 CD4B9B37 		.ascii	"\315K\2337\213\364\270U\372\227\\\350\024\247\363\323"
 1054      8BF4B855 
 1054      FA975CE8 
 1054      14A7F3D3 
 1055 02e5 E8C86B2A 		.ascii	"\350\310k*;\223\013\033T\332iA\032;\036\234\024\367"
 1055      3B930B1B 
 1055      54DA6941 
 1055      1A3B1E9C 
 1055      14F7
 1056 02f7 5E70F670 		.ascii	"^p\366pL<\234\305CI\227\004\257C\333*l\367\353\036\035"
 1056      4C3C9CC5 
 1056      43499704 
 1056      AF43DB2A 
 1056      6CF7EB1E 
 1057 030c 303C1A00 		.ascii	"0<\032\000\033{\366+\031\3664\362\334B\213=\007\024"
 1057      1B7BF62B 
 1057      19F634F2 
 1057      DC428B3D 
 1057      0714
 1058 031e 8B3D83A6 		.ascii	"\213=\203\246=W\262\324\261O\261\326\321\244\250\316"
 1058      3D57B2D4 
 1058      B14FB1D6 
 1058      D1A4A8CE 
 1059 032e 0C6A7544 		.ascii	"\014juD\300^\032\031\375\\Q\2451\3209\007ed6\244\250"
 1059      C05E1A19 
 1059      FD5C51A5 
 1059      31D03907 
 1059      656436A4 
 1060 0343 CAE86C6B 		.ascii	"\312\350lk\323\244v\341\262*#\323\207\024U\031\376\374"
 1060      D3A476E1 
 1060      B22A23D3 
 1060      87145519 
 1060      FEFC
 1061 0355 FD17EC65 		.ascii	"\375\027\354e\221\251VE\225e\320\220\205u\270\354e\221"
 1061      91A95645 
 1061      9565D090 
 1061      8575B8EC 
 1061      6591
 1062 0367 E9238A2A 		.ascii	"\351#\212*\013\317|\004\366\232\310\324Q\324\304\310"
 1062      0BCF7C04 
 1062      F69AC8D4 
 1062      51D4C4C8 
 1063 0377 EC4749DA 		.ascii	"\354GI\332Q\222~]\222\001M\222\3574I\206tIB\206$\303"
 1063      51927E5D 
 1063      92014D92 
 1063      EF344986 
 1063      74494286 
 1064 038d 76921CCB 		.ascii	"v\222\034\313\224\3448O]e\221\244\303*\311\210)\311"
 1064      94E4384F 
 1064      5D6591A4 
 1064      C32AC988 
 1064      29C9
 1065 039f D52C55B4 		.ascii	"\325,U\264KUt\242$#F\355Y\375\220\2510\3721b\236o\266"
 1065      4B5574A2 
 1065      242346ED 
 1065      59FD90A9 
 1065      30FA3162 
 1066 03b6 C6DE1099 		.ascii	"\306\336\020\231\376\032\015\321\351dO\362E{Ad\270\007"
 1066      FE1A0DD1 
 1066      E9644FF2 
 1066      457B4164 
 1066      B807
 1067 03c8 05197116 		.ascii	"\005\031q\026D\246\276AA\314\011OS{?d\370$\3721\342"
 1067      44A6BE41 
 1067      41CC094F 
 1067      537B3F64 
 1067      F824FA31 
 1068 03dd EC874C7D 		.ascii	"\354\207L}\213~\030\221O\251z\234B=\206t=\2065=\316"
 1068      8B7E1891 
 1068      4FA97A9C 
 1068      423D8674 
 1068      3D86353D 
 1069 03f2 697A8CEA 		.ascii	"iz\214\352z\0341\364\210\332\351q:S\2173<\264\310\242"
 1069      7A1C31F4 
 1069      88DAE971 
 1069      3A538F33 
 1069      3CB4C8A2 
 1070 0406 C759AB1E 		.ascii	"\307Y\253\0361S\217\037\262\024\361\275TD/\352\021s"
 1070      31538F1F 
 1070      B214F1BD 
 1070      54442FEA 
 1070      1173
 1071 0418 D643A6CE 		.ascii	"\326C\246\316\243\036&\225U\013\231\272\210Z\304L-\234"
 1071      A31E2695 
 1071      550B99BA 
 1071      885AC44C 
 1071      2D9C
 1072 042a 160E998E 		.ascii	"\026\016\231\216\240\0271g/dj\000\2750g\232U\010\231"
 1072      A0173167 
 1072      2F646A00 
 1072      BD30679A 
 1072      550899
 1073 043d BA8242C4 		.ascii	"\272\202B\304\234\205\220\251a\024B\247\202\263\275"
 1073      9C8590A9 
 1073      611442A7 
 1073      82B3BD
 1074 044c E8C2A8EE 		.ascii	"\350\302\250\356BTs\341\222\346\302\230\356B\207\341"
 1074      425473E1 
 1074      92E6C298 
 1074      EE4287E1 
 1075 045c C2353B17 		.ascii	"\3025;\027F3]\210\362\274',.\304\254.\304M\027\306\263"
 1075      46335D88 
 1075      F2BC272C 
 1075      2EC4AC2E 
 1075      C44D17C6 
 1076 0471 CCFFAA34 		.ascii	"\314\377\2524\3771t!\356\354\202L\305\321\205\270\376"
 1076      FF317421 
 1076      EEEC824C 
 1076      C5D185B8 
 1076      FE
 1077 0482 28A95B4E 		.ascii	"(\251[N9,\0252=\201N\350tkO2\337^\011\031N\242\022:"
 1077      392C1532 
 1077      3D814EE8 
 1077      746B4F32 
 1077      DF5E0919 
 1078 049a 9C72F042 		.ascii	"\234r\360BF\177B/\342\316^\310\324M\364\"\356\354\205"
 1078      467F422F 
 1078      E2CE5EC8 
 1078      D44DF422 
 1078      EEEC85
 1079 04ad 4C4DA317 		.ascii	"LM\243\027\306\031b\370\300\014\316^F?\306t?\256i~L"
 1079      C61962F8 
 1079      C00CCE5E 
 1079      463FC674 
 1079      3FAE697E 
 1080 04c2 6A7E5CD7 		.ascii	"j~\\\327\375\3506\374\230\260\363c6\323\2179\236\273"
 1080      FDE836FC 
 1080      98B0F363 
 1080      36D38F39 
 1080      9EBB
 1081 04d4 DAE2C7BC 		.ascii	"\332\342\307\274\325\217\204\351\307d\226:f\244:~E?"
 1081      D58F84E9 
 1081      C764963A 
 1081      66A43A7E 
 1081      453F
 1082 04e6 12CE7EC8 		.ascii	"\022\316~\310\324\035\364#\241U\357\340\206L\336C7t"
 1082      D41DF423 
 1082      A155EFE0 
 1082      864CDE43 
 1082      3774
 1083 04f8 72DC79BD 		.ascii	"r\334y\275\220\351\007(G\302y\275\220\251\005\364\""
 1083      90E90728 
 1083      47C279BD 
 1083      90A905F4 
 1083      22
 1084 0509 E1EC854C 		.ascii	"\341\354\205L-\242\027\011g/d\352\021z\2210\326\213"
 1084      2DA21709 
 1084      672F64EA 
 1084      117A9130 
 1084      D68B
 1085 051b 24FA705D 		.ascii	"$\372p]\367a\202\357<\022\237K\337U\377\025\324\254"
 1085      F76182EF 
 1085      3C129F4B 
 1085      DF55FF15 
 1085      D4AC
 1086 052d 7E83E1DF 		.ascii	"~\203\341\337Z\203\021\321\334\340\335\021\250\256\364"
 1086      5A8311D1 
 1086      DCE0DD11 
 1086      A8AEF4
 1087 053c EEACDD53 		.ascii	"\356\254\335S\371iY\315\036om\340\223\232\212J\357g"
 1087      F96959CD 
 1087      1E6F6DE0 
 1087      939A8A4A 
 1087      EF67
 1088 054e 6595D5BB 		.ascii	"e\225\325\273\326\327\356\256\362\357Y\277\253\334\273"
 1088      D6D7EEAE 
 1088      F2EF59BF 
 1088      ABDCBB
 1089 055d D95F53CD 		.ascii	"\331_S\315\017W\222\215U\376ro\305\016\177\271?P\353"
 1089      0F57928D 
 1089      55FE726F 
 1089      C50E7FB9 
 1089      3F50EB
 1090 0570 E5BF3BCA 		.ascii	"\345\277;\312\252\274\345\201\262\232\217j\275\245["
 1090      AABCE581 
 1090      B29A8F6A 
 1090      BDA55B
 1091 057f B6966E79 		.ascii	"\266\226ny\247\304\267\271d\353\233o\227\276\361\336"
 1091      A7C4B7B9 
 1091      64EB9B6F 
 1091      97BEF1DE 
 1092 058f 076FBDFF 		.ascii	"\007o\275\377!\036\333PA\334\333w\373\003\273\237\324"
 1092      211EDB50 
 1092      41DCDB77 
 1092      FB03BB9F 
 1092      D4
 1093 05a0 9A1B8AB7 		.ascii	"\232\033\212\267\275R\266\251\244d\023\361T\004>\336"
 1093      BD52B6A9 
 1093      A46413F1 
 1093      54043EDE 
 1094 05b0 E6DFFE3F 		.ascii	"\346\337\376?J\013\336`"
 1094      4A0BDE60 
 1095              		.text
 1096              		.section	.gnu.lto___chibios_override___early_init.285.67eedbd9d4aa7665,"e",%progbits
 1097 0000 789C5BC1 		.ascii	"x\234[\301\300\300\220\001\304\312@\314\310\314\300"
 1097      C0C09001 
 1097      C4CA40CC 
 1097      C8CCC0
 1098 000f 38696217 		.ascii	"8ib\027\023CCC\203\003;\023c\343\304.N\306\255\214`"
 1098      13434343 
 1098      83033B13 
 1098      63E3C42E 
 1098      4EC6AD8C 
 1099 0024 1E23433D 		.ascii	"\036#C=\023c=\343dfM \367\307\322Y\253\21636\2548\300"
 1099      13633DE3 
 1099      64664D20 
 1099      F7C7D259 
 1099      AB8E3336 
 1100 003b B8849981 		.ascii	"\270\204\231\201a\036\020C\001\033\214\307\010\304\353"
 1100      611E1043 
 1100      011B8CC7 
 1100      08C4EB
 1101 004a 2FB11E68 		.ascii	"/\261\036h\370\363\277\277\241\341\354c\306u\352,\014"
 1101      F8F3BFBF 
 1101      A1E1EC63 
 1101      C675EA2C 
 1101      0C
 1102 005b 0CFDCC20 		.ascii	"\014\375\314 \243\033X\030\033\01600L`f\202p\032\201"
 1102      A31B5818 
 1102      1B0E3030 
 1102      4C606682 
 1102      701A81
 1103 006e 9C578C0D 		.ascii	"\234W\214\015\217n\236cd\370\300\330\254\300\320\302"
 1103      8F6E9E63 
 1103      64F8C0D8 
 1103      ACC0D0C2 
 1104 007e C8B48499 		.ascii	"\310\264\204\231q\0363\320\220%\314L`\271[|\250RL\020"
 1104      711E33D0 
 1104      9025CC4C 
 1104      60B95B7C 
 1104      A8524C10 
 1105 0092 A94F8C4D 		.ascii	"\251O\214M\017\356\372\201\255\356gfD\230\315\300\240"
 1105      0FEEFA81 
 1105      ADEE6766 
 1105      4498CDC0 
 1105      A0
 1106 00a3 A79F919F 		.ascii	"\247\237\221\237\233\252\237U\\\222Z\236XT\242_\234"
 1106      9BAA9F55 
 1106      5C925A9E 
 1106      5854A25F 
 1106      9C
 1107 00b4 5F5A949C 		.ascii	"_Z\224\234\252_\231\230\232\233\255[\\\220\223Y\242"
 1107      AA5F9998 
 1107      9A9BAD5B 
 1107      5C909359 
 1107      A2
 1108 00c5 9B9DA4EF 		.ascii	"\233\235\244\357\226Y\224\013\224Ne0\317\311L\322O\316"
 1108      9659940B 
 1108      944E6530 
 1108      CFC94CD2 
 1108      4FCE
 1109 00d7 C84CCACC 		.ascii	"\310L\312\314/\326\007\242\214\304\034\375\244\374\304"
 1109      2FD607A2 
 1109      8CC41CFD 
 1109      A4FCC4
 1110 00e6 A29462FD 		.ascii	"\242\224b\375\340\220\370\340\020_c#7\343x\027\317`"
 1110      E090F8E0 
 1110      105F6323 
 1110      37E37817 
 1110      CF60
 1111 00f8 67FF30D7 		.ascii	"g\3770\327\240H\210\234^2\003\000\216-^\265"
 1111      A048889C 
 1111      5E320300 
 1111      8E2D5EB5 
 1112              		.text
 1113              		.section	.gnu.lto___chibios_override_boardInit.286.67eedbd9d4aa7665,"e",%progbits
 1114 0000 789C2B61 		.ascii	"x\234+a``\310\000be fdf`\2344\261\213\211\241\241\241"
 1114      6060C800 
 1114      62652066 
 1114      6466609C 
 1114      34B18B89 
 1115 0017 C1819D89 		.ascii	"\301\201\235\211\261qb\027'\343VF0\217\221\241\236\211"
 1115      B1716217 
 1115      27E35646 
 1115      308F91A1 
 1115      9E89
 1116 0029 B19E7132 		.ascii	"\261\236q2\263&\220\373c\351\254\031'\031\033V\034`"
 1116      B32690FB 
 1116      63E9AC19 
 1116      27191B56 
 1116      1C60
 1117 003b 5CC2CCC0 		.ascii	"\\\302\314\3000\017\210\241\200\015\306c\004\342\365"
 1117      300F88A1 
 1117      800DC663 
 1117      04E2F5
 1118 004a 97580F34 		.ascii	"\227X\0174\374\371\337\337\320\360\365\021\343,M&\006"
 1118      FCF9DFDF 
 1118      D0F0F511 
 1118      E32C4D26 
 1118      06
 1119 005b 867E6690 		.ascii	"\206~f\220\321\015,\214\015\007\030\030&03A8\215@\316"
 1119      D10D2C8C 
 1119      0D071818 
 1119      26303341 
 1119      388D40CE 
 1120 006f 2BC60625 		.ascii	"+\306\006%\206O\214M\012`c\372\231\031\021\352\030\030"
 1120      864F8C4D 
 1120      0A6063FA 
 1120      991911EA 
 1120      1818
 1121 0081 F4F433F2 		.ascii	"\364\3643\362sS\365\263\212KR\313\023\213J\364\213\363"
 1121      7353F5B3 
 1121      8A4B52CB 
 1121      138B4AF4 
 1121      8BF3
 1122 0093 4B8B9253 		.ascii	"K\213\222S\365+\023Ss\263u\213\013r2Kt\263\223\364\335"
 1122      F52B1353 
 1122      73B3758B 
 1122      0B72324B 
 1122      74B393F4 
 1123 00a8 328B7281 		.ascii	"2\213r\201\322\251\014\3469\231I\372\311\031\231I\231"
 1123      D2A90CE6 
 1123      399949FA 
 1123      C9199949 
 1123      99
 1124 00b9 F9C5FA40 		.ascii	"\371\305\372@\224\221\230\243\237\224\237X\224R\254"
 1124      949198A3 
 1124      9F949F58 
 1124      9452AC
 1125 00c8 1F1C121F 		.ascii	"\037\034\022\037\034\342kl\344f\034\357\342\031\354"
 1125      1CE26B6C 
 1125      E4661CEF 
 1125      E219EC
 1126 00d7 EC1FE61A 		.ascii	"\354\037\346\032\024\011\221\323Kf\000\000,EN\337"
 1126      140991D3 
 1126      4B660000 
 1126      2C454EDF 
 1127              		.text
 1128              		.section	.gnu.lto_.symbol_nodes.67eedbd9d4aa7665,"e",%progbits
 1129 0000 789CEB66 		.ascii	"x\234\353f\000\002\2469L\365\014\015@\300\3028\341\034"
 1129      0002A639 
 1129      4CF50C0D 
 1129      40C0C238 
 1129      E11C
 1130 0012 03433D03 		.ascii	"\003C=\003\303\316\206\306F\003\006F\006\260\354\\\246"
 1130      C3CE86C6 
 1130      46030646 
 1130      06B0EC5C 
 1130      A6
 1131 0023 7A4614D9 		.ascii	"zF\024\331]\015\215\2140\311yL\365L\270$\031\3473\325"
 1131      5D0D8D8C 
 1131      30C9794C 
 1131      F54CB824 
 1131      19E733D5 
 1132 0037 33FF8702 		.ascii	"3\377\207\002y\260\002\006\220= YfF\250\215N\314\214"
 1132      79B00206 
 1132      903D2059 
 1132      6646A88D 
 1132      4ECC8C
 1133 004a CC10560B 		.ascii	"\314\020V\013#\003\000p\327&r"
 1133      23030070 
 1133      D72672
 1134              		.text
 1135              		.section	.gnu.lto_.refs.67eedbd9d4aa7665,"e",%progbits
 1136 0000 789C6364 		.ascii	"x\234cd\000\002\000\000\012\000\002"
 1136      00020000 
 1136      0A0002
 1137              		.text
 1138              		.section	.gnu.lto_.decls.67eedbd9d4aa7665,"e",%progbits
 1139 0000 789C9D57 		.ascii	"x\234\235WkT\024G\026\256[5/Z\0046\340&?\\\227\343a"
 1139      6B541447 
 1139      16AE5B35 
 1139      2F5A0436 
 1139      E0263F5C 
 1140 0017 574E7274 		.ascii	"WNrtt0\032\367\251\362P\217F\330\301\354\236\354\237"
 1140      74301AF7 
 1140      A9F2508F 
 1140      46D8C1EC 
 1140      9EEC9F
 1141 002a 39C80C81 		.ascii	"9\310\014\201\225q\3100\272\372c\317iE\005\203\"Q7\242"
 1141      9571C830 
 1141      BAFA63CF 
 1141      69450583 
 1141      225137A2 
 1142 003e 66750C9B 		.ascii	"fu\014\233\210\361\205\256\032\024\220\021E\361\225"
 1142      88F185AE 
 1142      1A149011 
 1142      45F195
 1143 004d A8F1818A 		.ascii	"\250\361\201\212\257\370\010\022\037\230\370 &\306\275"
 1143      AFF80812 
 1143      1F98F820 
 1143      26C6BD
 1144 005c 55DDD33D 		.ascii	"U\335\323=\343\030\335l\301\235\252\256\372\356w\037"
 1144      E318DD6C 
 1144      C19DAAAE 
 1144      FAEE771F 
 1145 006c 75BBBAFB 		.ascii	"u\273\272\373@,!/3B\006\002!\217\261\031\010!G\211\336"
 1145      402C212F 
 1145      33420602 
 1145      218FB119 
 1145      08214789 
 1146 0081 F87503CA 		.ascii	"\370u\003\312N\224\000J3\211l\323Q\267'\366\371(/\240"
 1146      4E94004A 
 1146      33896CD3 
 1146      51B727F6 
 1146      F9282FA0 
 1147 0095 24A0DC47 		.ascii	"$\240\334G\221p\276\037\366\257`\3772\312\001\034\217"
 1147      9170BE1F 
 1147      F6AF60FF 
 1147      32CA011C 
 1147      8F
 1148 00a6 C47E044A 		.ascii	"\304~\004J*\312=\274F\363\244\037\216\373\240\374\006"
 1148      2ACA3DBC 
 1148      46F3A41F 
 1148      8EFBA0FC 
 1148      06
 1149 00b7 E5065EDF 		.ascii	"\345\006^\337F\271\205\322\211r\035\345k\224;(\177\300"
 1149      46B985D2 
 1149      89721DE5 
 1149      6B943B28 
 1149      7FC0
 1150 00c9 F5DFA1FC 		.ascii	"\365\337\241\374\026\345\367(\177D\241\252\177\343q"
 1150      16E5F728 
 1150      7F44A1AA 
 1150      7FE371
 1151 00d8 8CFF240B 		.ascii	"\214\377$\013\302}\373\007^3\325\267?\341\270^\235g"
 1151      C27DFB07 
 1151      5E33D5B7 
 1151      3FE1B85E 
 1151      9D67
 1152 00ea 6A4C0D3F 		.ascii	"jL\015?\022\323\014\225/_\275\0065\376'\333rF\017\236"
 1152      12D30C95 
 1152      2F5FBD06 
 1152      35FE27DB 
 1152      72460F9E 
 1153 00fe 5D511B75 		.ascii	"]Q\033u\0258%\030\234\000\3206\004\177$\362WF\022d*"
 1153      15382518 
 1153      9C00D036 
 1153      047F24F2 
 1153      57461264 
 1154 0113 D31827A3 		.ascii	"\323\030'\243\022\223\230Sj3\304&\337e\303-49V\262\324"
 1154      12939853 
 1154      6A33C426 
 1154      DF65C32D 
 1154      343956B2 
 1155 0128 EC8638C9 		.ascii	"\354\2068\311h\241\264\303\354\224\222\037\302:\352"
 1155      68A1B4C3 
 1155      EC94921F 
 1155      C23AEA
 1156 0137 37250E97 		.ascii	"7%\016\227\015\316y\275:\3142\255\034\237\2202\034\177"
 1156      0DCE79BD 
 1156      3ACC32AD 
 1156      1C9F9032 
 1156      1C7F
 1157 0149 3BCCADE0 		.ascii	";\314\255\340D\255,\203%\016G\035f\351.\363\31779\017"
 1157      44AD2C83 
 1157      250E471D 
 1157      66E92EF3 
 1157      CF37390F 
 1158 015d D3B27ED0 		.ascii	"\323\262~\320\012\222\323\226 \313\362p\213\245O\237"
 1158      0A92D396 
 1158      20CBF270 
 1158      8BA54F9F 
 1159 016d 66D6CC5A 		.ascii	"f\326\314Z\321Q\213\245vC/\251\303\034\213\034\311\316"
 1159      D1518BA5 
 1159      76432FA9 
 1159      C31C8B1C 
 1159      C9CE
 1160 017f C4386762 		.ascii	"\3048gbl+\030\235N)!\231\240\027N\233m8\225\220\332"
 1160      6C2B189D 
 1160      4E292199 
 1160      A0174E9B 
 1160      6D389590 
 1161 0194 6069051B 		.ascii	"`i\005\033\203h\233|\351\253\027%\243\024\325'1\231"
 1161      83689B7C 
 1161      E9AB1725 
 1161      A314D527 
 1161      3199
 1162 01a6 1027C9A0 		.ascii	"\020'\311\240H\314\036\007\033\230\321\250S\277\004"
 1162      48CC1E07 
 1162      1B98D1A8 
 1162      53BF04
 1163 01b5 4896A88D 		.ascii	"H\226\250\215\262\261\035f\314?M$D6X\242\243A\306.\312"
 1163      B2B11D66 
 1163      CC3F4D24 
 1163      443658A2 
 1163      A341C62E 
 1164 01ca 31D69965 		.ascii	"1\326\231e\223H\207\231\342R\202\001d\012\272\246d\""
 1164      93488799 
 1164      E2528201 
 1164      640ABAA6 
 1164      6422
 1165 01dc 001488F8 		.ascii	"\000\024\210\370\303F@\031\021P\205\204Z\321\326\251"
 1165      C3464019 
 1165      11508584 
 1165      5AD1D6A9 
 1166 01ec 3A202438 		.ascii	": $8\2535\242\365\204\252\034T\331-\000\265'\0204\021"
 1166      AB35A2F5 
 1166      84AA1C54 
 1166      D92D00B5 
 1166      27103411 
 1167 0200 424E543A 		.ascii	"BNT:\002*$\310\243\352*U\024\234\011\372\302m\0100\015"
 1167      022A24C8 
 1167      A3EA2A55 
 1167      149C09FA 
 1167      C26D0830 
 1168 0215 CE6A2DC2 		.ascii	"\316j-\302\361\260\246\273\3019\324\272Yt\265~V\324"
 1168      F1B0A6BB 
 1168      C139D4BA 
 1168      5974B57E 
 1168      56D4
 1169 0227 354C9BBC 		.ascii	"5L\233\274\270\027\304T\016\307\242\374\005a\375\211"
 1169      B817C454 
 1169      0EC7A2FC 
 1169      0561FD89 
 1170 0237 55166D66 		.ascii	"U\026mf1\201O\024?\334=\0262x\001(\376&@\034\252\226"
 1170      31814F14 
 1170      3FDC3D16 
 1170      32780128 
 1170      FE26401C 
 1171 024d D6571C94 		.ascii	"\326W\034\224^D\320\015YN\200|\330\001\260\235\033\251"
 1171      5E44D00D 
 1171      594E807C 
 1171      D801B09D 
 1171      1BA9
 1172 025f 471B1E42 		.ascii	"G\033\036B\372VV\311\335\217Ko7\0178VR*\037\341l\300"
 1172      FA5656C9 
 1172      DD8F4B6F 
 1172      370F3856 
 1172      522A1FE1 
 1173 0275 17611B40 		.ascii	"\027a\033@\235\240\304\021\201\255\000[\300\335`b\327"
 1173      9DA0C411 
 1173      81AD005B 
 1173      C0DD6062 
 1173      D7
 1174 0286 80FBD332 		.ascii	"\200\373\3232\243\273L\352[U%w}\274\357\355\032^T\\"
 1174      A3BB4CEA 
 1174      5B552577 
 1174      7DBCEFED 
 1174      1A5E545C 
 1175 029a A5515369 		.ascii	"\245QSi\324T\266\230\330\034\312U\232j.,\244}\337\257"
 1175      D454B698 
 1175      D81CCA55 
 1175      9A6A2E2C 
 1175      A47DDFAF 
 1176 02ae 926BABE6 		.ascii	"\222k\253\346\226\312q3Q\311\300\225\2324\245&Mi\255"
 1176      96CA7133 
 1176      51C9C095 
 1176      9A34A526 
 1176      4D69AD
 1177 02c1 89550BA5 		.ascii	"\211U\013\245\335[\327\265E\365\255\222\345\356\266"
 1177      DD5BD7B5 
 1177      45F5AD92 
 1177      E5EEB6
 1178 02d0 45E74F24 		.ascii	"E\347O$\356*\361's\235]\232\316.\321\211\220\015\"\344"
 1178      EE2AF127 
 1178      739D5D9A 
 1178      CE2ED189 
 1178      900D22E4 
 1179 02e4 44314E64 		.ascii	"D1Nd\235\224\317\366\023\311\216\025#\302n\013\3169"
 1179      9D94CFF6 
 1179      13C98E15 
 1179      23C26E0B 
 1179      CE39
 1180 02f6 812F8F58 		.ascii	"\201/\217X\244\213\262\334%\007fE\021\330\003\260\033"
 1180      A48BB2DC 
 1180      25076645 
 1180      11D803B0 
 1180      1B
 1181 0307 2DEF07C4 		.ascii	"-\357\007\304\324\001\2263\354\003A\362\022\353\246"
 1181      D4019633 
 1181      EC0341F2 
 1181      12EBA6
 1182 0316 84FD8052 		.ascii	"\204\375\200R\302\270\342\215\226\353\207zJ\201g*\262"
 1182      C2B8E28D 
 1182      96EB877A 
 1182      4A81672A 
 1182      B2
 1183 0327 D98CB052 		.ascii	"\331\214\260R\306m\377\032m3\321\0236_\020<\230S\263"
 1183      C66DFF1A 
 1183      6D33D113 
 1183      365F103C 
 1183      9853B3
 1184 033a A20727B8 		.ascii	"\242\007'\270!\007f\032\211\272\025p\034\020\203\004"
 1184      2107661A 
 1184      89BA1570 
 1184      1C108304 
 1185 034a 9F031C03 		.ascii	"\237\003\034\003\366\036\207\232\216\037]v\206\306'"
 1185      F61E879A 
 1185      8E1F5D76 
 1185      86C627
 1186 0359 25619666 		.ascii	"%a\226f\311r\200\006\255\0218\305c\2076\200\323\342"
 1186      C9728006 
 1186      AD1138C5 
 1186      63873680 
 1186      D3E2
 1187 036b 9CC1D4DC 		.ascii	"\234\301\324\334]\326P\035\263\034)\243\341\004\300"
 1187      5DD6501D 
 1187      B31C29A3 
 1187      E104C0
 1188 037a 49E090E0 		.ascii	"I\340\220\340.[Q\006qTm\343\3459\230u\0019\032\001\331"
 1188      2E5B5106 
 1188      71546DE3 
 1188      E5399875 
 1188      01391A01 
 1189 038f C177D5D4 		.ascii	"\301w\325\324\342?\342IJ\342gD\327\316\313\306\232\200"
 1189      E23FE249 
 1189      4AE26744 
 1189      D7CECBC6 
 1189      9A80
 1190 03a1 801D0168 		.ascii	"\200\035\001h\007\315\272\306\327\265\243\272\"\246"
 1190      07CDBAC6 
 1190      D7B5A3BA 
 1190      22A6
 1191 03af 720683CF 		.ascii	"r\006\203\317\000>}\012\204\223\240\343\006\335\361"
 1191      003E7D0A 
 1191      8493A0E3 
 1191      06DDF1
 1192 03be 76E1F859 		.ascii	"v\341\370Y\2003\240\024\365\255\272\335\013b\022\374"
 1192      8033A014 
 1192      F5ADBADD 
 1192      0B6212FC 
 1193 03ce CF018AAD 		.ascii	"\317\001\212\255\210c\3071\257mL\271\262\260v\274\372"
 1193      8863C731 
 1193      AF6D4CB9 
 1193      B2B076BC 
 1193      FA
 1194 03df 02A513E5 		.ascii	"\002\245\023\345\216:\233,\366?@\331\003\236\301\237"
 1194      8E3A9B2C 
 1194      F63F40D9 
 1194      039EC19F 
 1195 03ef DFBEF0EE 		.ascii	"\337\276\360\356\251\330$l\361I\242]\302\034\354\307"
 1195      A9D8246C 
 1195      F149A25D 
 1195      C21CECC7 
 1196 03ff 128F9B15 		.ascii	"\022\217\233\025\015\007\000\366\002\334\324}n\001\341"
 1196      0D0700F6 
 1196      02DCD47D 
 1196      6E01E1
 1197 040e 34C7D4E9 		.ascii	"4\307\324\351\230\013a\230\363\374g\017\220U\350pS\365"
 1197      980B6198 
 1197      F3FC670F 
 1197      9055E870 
 1197      53F5
 1198 0420 DBAD989E 		.ascii	"\333\255\230\236s\000\207\3030\0075\236\256uj~\220\347"
 1198      730087C3 
 1198      3007359E 
 1198      AE756A7E 
 1198      90E7
 1199 0432 4A18C6AA 		.ascii	"J\030\306\252\320\250;\213q\177\011p\215/\334\024q\337"
 1199      D0A83B8B 
 1199      717F0970 
 1199      8D2FDC14 
 1199      71DF
 1200 0444 01B80170 		.ascii	"\001\270\001p\033\340\026\3007\000\235\000_\001t\001"
 1200      1BE016C0 
 1200      37009D00 
 1200      5F017401 
 1201 0454 5C07F89A 		.ascii	"\\\007\370\232\347\203\373\270A\367\361\2130\356K\252"
 1201      E783FBB8 
 1201      41F7F18B 
 1201      30EE4BAA 
 1202 0464 8F1CB45E 		.ascii	"\217\034\264^\007]\216\004)\301\266\352\230C\221\201"
 1202      075D8E04 
 1202      29C1B6EA 
 1202      98439181 
 1203 0474 A8446B75 		.ascii	"\250Dku\320\325\210H\024\236\003:\244#2\261*\317F\035"
 1203      D0D58848 
 1203      149E033A 
 1203      A42332B1 
 1203      2ACF461D 
 1204 0488 743132B3 		.ascii	"t12\263\203\010\373^\334%\363\256lh2\307?\231\036\270"
 1204      8308FB5E 
 1204      DC25F3AE 
 1204      6C6832C7 
 1204      3F991EB8 
 1205 049c 0BFF6382 		.ascii	"\013\377c\202\220\342\233\245\235\253\014\321\342N\365"
 1205      90E29BA5 
 1205      9DAB0CD1 
 1205      E24EF5
 1206 04ab 371BE09E 		.ascii	"7\033\340\236n\352\27689\330\\\003a\025(\013Q\252P\374"
 1206      6EEABE38 
 1206      39D85C03 
 1206      6115280B 
 1206      51AA50FC 
 1207 04bf 28AB0D4A 		.ascii	"(\253\015J\035\365\026ut\021\330z\003r\305\315\351\270"
 1207      1DF51675 
 1207      7411D87A 
 1207      0372C5CD 
 1207      E9B8
 1208 04d1 B7C0A494 		.ascii	"\267\300\244\224P|\022R\3265\224\267\277\026\3000\260"
 1208      507C1252 
 1208      D63594B7 
 1208      BF16C030 
 1208      B0
 1209 04e2 F0BF0598 		.ascii	"\360\277\005\230C#\222\317\357\266\263u\262\034%0\017"
 1209      432392CF 
 1209      EFB6B375 
 1209      B21C2530 
 1209      0F
 1210 04f3 2331CA0D 		.ascii	"#1\312\015yA\203<\016\203\034\324!\3474Hw\030\344\274"
 1210      7941833C 
 1210      0E831CD4 
 1210      21E73448 
 1210      7718E4BC 
 1211 0507 0E39AF41 		.ascii	"\0169\257A\036DBTgNk\230\357\3030\332\235\252f\372\007"
 1211      1E444254 
 1211      674E6B98 
 1211      EFC330DA 
 1211      9DAA66FA 
 1212 051c 80477C1E 		.ascii	"\200G|\036!\230\347\331\024J)\314\240\374\271\\Ba\026"
 1212      2198E7D9 
 1212      144A29CC 
 1212      A0FCB95C 
 1212      426116
 1213 052f 85995439 		.ascii	"\205\231T9qj\317h\204\337E\020\242M\266\231g\216\236"
 1213      716ACF68 
 1213      84DF4510 
 1213      A24DB699 
 1213      678E9E
 1214 0542 F16FDE63 		.ascii	"\361o\336c\021\033\031\010\241\2072\372l\003\250\271"
 1214      111B1908 
 1214      A18732FA 
 1214      6C03A8B9 
 1215 0552 EAC8E1FB 		.ascii	"\352\310\341\373L\337\277\271\272\205w\250z\"\014dM"
 1215      4CDFBFB9 
 1215      BA8577A8 
 1215      7A220C64 
 1215      4D
 1216 0563 B8672D28 		.ascii	"\270g-(\207Q\216\242\234D9\217r\015\345&\312}\024|G"
 1216      87518EA2 
 1216      9C44398F 
 1216      720DE526 
 1216      CA7D147C 
 1217 0578 652546C2 		.ascii	"e%F\302\312\214\212\326`\261\267~\306\312\215h\247w"
 1217      CA8C8AD6 
 1217      60B1B77E 
 1217      C6CA8D68 
 1217      A777
 1218 058a FBF1F293 		.ascii	"\373\361\362\223,))\270\273\3521\321}\2543\260\310\264"
 1218      2C2929B8 
 1218      BBEA31D1 
 1218      7DAC33B0 
 1218      C8B4
 1219 059c 06639CFB 		.ascii	"\006c\234\373\022/\326e\024\252u\017\312\251V\365\313"
 1219      122FD665 
 1219      14AA750F 
 1219      CAA956F5 
 1219      CB
 1220 05ad 3715F153 		.ascii	"7\025\361S\000!\363\302 \327B\212\276J\303,\010\303"
 1220      0021F3C2 
 1220      20D7428A 
 1220      BE4AC32C 
 1220      08C3
 1221 05bf 849C38F3 		.ascii	"\204\2348\3635\310\3020\310\371\020\2322\015\263$\014"
 1221      35C8C230 
 1221      C8F9109A 
 1221      320DB324 
 1221      0C
 1222 05d0 A3DF82E5 		.ascii	"\243\337\202\345\032bq\030\"\364H\230\253a\336\213`"
 1222      1A627118 
 1222      22F44898 
 1222      AB61DE8B 
 1222      60
 1223 05e1 5121EF68 		.ascii	"Q!\357h\220\177F\322\204\026\313R\012U<\025\325b/WR"
 1223      907F46D2 
 1223      8416CB52 
 1223      0A553C15 
 1223      D5622F57 
 1224 05f6 5845E103 		.ascii	"XE\341\003\012~\012\377\246\260\202\302\207\024>\242"
 1224      0A7E0AFF 
 1224      A6B082C2 
 1224      87143EA2 
 1225 0606 F02F0A35 		.ascii	"\360/\0125\024VSx\237\302r\252\036_\3634\033\213\"\003"
 1225      14565378 
 1225      9FC272AA 
 1225      1E5FF334 
 1225      1B8B2203 
 1226 061a 56A2A9D0 		.ascii	"V\242\251\320 \357\206A\364\003\266v\201\006\251\214"
 1226      20EF8641 
 1226      F403B676 
 1226      8106A98C 
 1227 062a 84A8D12C 		.ascii	"\204\250\321,\3230\363#wH\241Y\252A*\"7\210\027\363"
 1227      D330F323 
 1227      7748A159 
 1227      AA412A22 
 1227      378817F3 
 1228 063e 7E5E2AF4 		.ascii	"~^*\364\372G\307\356X\342\237\014\037\326\320\237\232"
 1228      FA47C7EE 
 1228      58E29F0C 
 1228      1FD6D09F 
 1228      9A
 1229 064f 00E4BA79 		.ascii	"\000\344\272y\366\316\336(\275\274?\326\215\256\015"
 1229      F6CEDE28 
 1229      BDBC3FD6 
 1229      8DAE0D
 1230 065e 967799F2 		.ascii	"\226w\231\362\012\322E\330\011a~\311\352]~)\376\311"
 1230      0AD245D8 
 1230      09617EC9 
 1230      EA5D7E29 
 1230      FEC9
 1231 0670 5BF5B9F7 		.ascii	"[\365\271\367\222 9BX\273Z\377\257\261\313x7t\242\334"
 1231      92203942 
 1231      58BB5AFF 
 1231      AFB1CB78 
 1231      3774A2DC 
 1232 0684 51676A40 		.ascii	"Qgj@ylJ\254\233\033\212Y\342o8gP\037\231\272\271O(l"
 1232      796C4AAC 
 1232      9B1B8A59 
 1232      E26F3867 
 1232      501F99BA 
 1233 069c E39BBD5D 		.ascii	"\343\233\275]\030\333Aa'\205\006\012\365\024\032)4q"
 1233      18DB4161 
 1233      2785060A 
 1233      F5141A29 
 1233      3471
 1234 06ae 4B88ED6E 		.ascii	"K\210\355n(\277\355\235!\363\263q#\205\255\224\243\203"
 1234      28BFED9D 
 1234      21F3B371 
 1234      2385AD94 
 1234      A383
 1235 06c0 478A76D4 		.ascii	"G\212v\324\324\226U\313\342)\200\220Ma\220Z\252=\030"
 1235      D49655CB 
 1235      E2298090 
 1235      4D61905A 
 1235      AA3D18
 1236 06d3 6B1FCD14 		.ascii	"k\037\315\024\007\014b\376\023\206\331L5\236r\235gC"
 1236      070C62FE 
 1236      1386D94C 
 1236      359E729D 
 1236      6743
 1237 06e5 1866BD8E 		.ascii	"\030f\275\216y\250\321l\011\203\004K\204c*t\236\272"
 1237      79A8D16C 
 1237      0983044B 
 1237      84632A74 
 1237      9EBA
 1238 06f7 30D03AD5 		.ascii	"0\320:\325\037\366X\354@\303\267\247\326\230BN3%%\370"
 1238      1FF658EC 
 1238      40C3B7A7 
 1238      D698424E 
 1238      332525F8 
 1239 070b BEF18CA4 		.ascii	"\276\361\214\244\240\332\336\207\033O\201\276\327\273"
 1239      A0DADE87 
 1239      1B4F81BE 
 1239      D7BB
 1240 0719 F4BD6EA6 		.ascii	"\364\275n\246\002p\255\273neT\304)\371\234C\230\315"
 1240      0270ADBB 
 1240      6E6554C4 
 1240      29F99C43 
 1240      98CD
 1241 072b 3771DDB3 		.ascii	"7q\335\263\2637U@\274\362\015\020P\277CZ\250\362n\214"
 1241      B3375540 
 1241      BCF20D10 
 1241      50BF435A 
 1241      A8F26E8C 
 1242 073f CB1D47AF 		.ascii	"\313\035G\257t\031\305r@]\346\005\023\0028\335xi3\325"
 1242      7419C572 
 1242      405DE605 
 1242      130238DD 
 1242      786933D5 
 1243 0753 9DDBAB3B 		.ascii	"\235\333\253;\267Oq\356\203\207\333\036\365\344\337"
 1243      B74F71EE 
 1243      8387DB1E 
 1243      F5E4DF
 1244 0762 F538019E 		.ascii	"\3658\001\236\037\261\270_'<\321\326Z\021\033\266\314"
 1244      1FB1B85F 
 1244      273CD1D6 
 1244      5A111BB6 
 1244      CC
 1245 0773 9FDB2180 		.ascii	"\237\333!\200c\215+>\017y2\037\010\271m\025\213]\362"
 1245      638D2B3E 
 1245      0F79321F 
 1245      08B96D15 
 1245      8B5DF2
 1246 0786 E20B4C58 		.ascii	"\342\013LX<\210\237\226\024gj\266\373\253\215O\371\200"
 1246      3C889F96 
 1246      14676AB6 
 1246      FBAB8D4F 
 1246      F980
 1247 0798 398CD93F 		.ascii	"9\214\331?D\225/\230\256\225\037\226\306\340\307\213"
 1247      44952F98 
 1247      AE951F96 
 1247      C6E0C78B 
 1248 07a8 5FC63732 		.ascii	"_\30672\344T\015\302\247|\034\374\252\330cbKL\344W\213"
 1248      E4540DC2 
 1248      A77C1CFC 
 1248      AAD86362 
 1248      4B4CE457 
 1249 07bd 2BE5AE86 		.ascii	"+\345\256\206\222\314J\340\233\361\231\310r\260\274"
 1249      92CC4AE0 
 1249      9BF199C8 
 1249      72B0BC
 1250 07cc F16AB27B 		.ascii	"\361j\262{"
 1251 07d0 A5098D1E 		.ascii	"\245\011\215\036h\257\375\316\242\373Y\257\277A\034"
 1251      68AFFDCE 
 1251      A2FB59AF 
 1251      BF411C
 1252 07df E5F9A783 		.ascii	"\345\371\247\203It\216\327=u\250\253\277\373\225\274"
 1252      49748ED7 
 1252      3D75A8AB 
 1252      BFFB95BC 
 1253 07ef 2222E57A 		.ascii	"\"\"\345z\274>\327\264\376\356\301$\266\330\347N\261"
 1253      BC3ED7B4 
 1253      FEEEC124 
 1253      B6D8E74E 
 1253      B1
 1254 0800 39DE2A2A 		.ascii	"9\336**\3608\012&\027\370\206\024\026L\264\346\346\027"
 1254      F0380A26 
 1254      17F88614 
 1254      164CB4E6 
 1254      E617
 1255 0812 4C2CF014 		.ascii	"L,\360\024[\361??\247\320:\321\223\343u\026[\263'8\262"
 1255      5BF13F3F 
 1255      A7D03AD1 
 1255      93E37516 
 1255      5BB32738 
 1256 0827 27BC9E62 		.ascii	"'\274\236b\313Hq\244\215\311N\315\374s\272\375Mem@\256"
 1256      CB4871A4 
 1256      8DC94ECD 
 1256      FC73BAFD 
 1256      4D656D40 
 1257 083c 65D4F837 		.ascii	"e\324\3707\022S\207\015#?S'\006\014\314{5gXJ\31202\300"
 1257      1253870D 
 1257      233F5327 
 1257      060CCC7B 
 1257      3567584A 
 1258 0854 9AEF71BB 		.ascii	"\232\357q\273\254\177+\366\271\376\236\343\365Y\213"
 1258      AC7F2BF6 
 1258      B9FE9EE3 
 1258      F5598B
 1259 0863 3D53BCB9 		.ascii	"=S\274\271.\353\364\034\227{R\377\342\242\302\002_\377"
 1259      2EEBF41C 
 1259      977B52FF 
 1259      E2A2C202 
 1259      5FFF
 1260 0875 4913AD19 		.ascii	"I\023\255\031\005^7.\273\310\320\377\317\001\362K\207"
 1260      055E372E 
 1260      BBC8D0FF 
 1260      CF01F24B 
 1260      87
 1261 0886 43D57278 		.ascii	"C\325rx\246\272\274\336\002\247\313\341p\270r\274\205"
 1261      A6BABCDE 
 1261      02A7CBE1 
 1261      70B872BC 
 1261      85
 1262 0897 D34560BD 		.ascii	"\323E`\275\237\262.t\307\340b\234\222\205\334BO\356"
 1262      9FB22E74 
 1262      C7E0629C 
 1262      9285DC42 
 1262      4FEE
 1263 08a9 24817E75 		.ascii	"$\201~u\200\365)~\024a\332\270\033\350\203U\365d\332"
 1263      80F5297E 
 1263      1461DAB8 
 1263      1BE88355 
 1263      F564DA
 1264 08bc 34BEE228 		.ascii	"4\276\342(,t\016\310'\206\021\031\366q\226)\005\223"
 1264      2C740EC8 
 1264      27861119 
 1264      F6719629 
 1264      0593
 1265 08ce 7D48E633 		.ascii	"}H\3463\216\313L\035k7\214\314\266\333\341/0\332\230"
 1265      8ECB4C1D 
 1265      6B378CCC 
 1265      B6DBE12F 
 1265      30DA98
 1266 08e1 5B88DE88 		.ascii	"[\210\336\210\325AC\034>V\354\362\015{\256\225q\343"
 1266      D541431C 
 1266      3E56ECF2 
 1266      0D7BAE95 
 1266      71E3
 1267 08f3 D2ACA3B2 		.ascii	"\322\254\243\262\306dN\265Y\365\215BK,3\315\316\306"
 1267      C6644EB5 
 1267      59F58D42 
 1267      4B2C33CD 
 1267      CEC6
 1268 0905 A4D98D59 		.ascii	"\244\331\215Yod\245\331\315\231\331Y\351\351ivS\346"
 1268      6F64A5D9 
 1268      CD99D959 
 1268      E9E96976 
 1268      53E6
 1269 0917 8437B3D2 		.ascii	"\2047\263\322\355\306\3273\323\322\355\334\231\321\321"
 1269      EDC6D733 
 1269      D3D2EDDC 
 1269      99D1D1
 1270 0926 21DBEB33 		.ascii	"!\333\3533\344\344y\013\231\307\3515\026M)rz\315\236"
 1270      E4E4790B 
 1270      99C7E935 
 1270      164D2972 
 1270      7ACD9E
 1271 0939 E22297CB 		.ascii	"\342\"\227\313\3515y|\323\213\\^\243\333\343ty9&?Z\340"
 1271      E935797C 
 1271      D38B5C5E 
 1271      A3DBE374 
 1271      7939263F 
 1272 094f D1C12945 		.ascii	"\321\301)E\030Fj\306(\273\315<b\364H{\366\004;K\315"
 1272      18466AC6 
 1272      28BBCD3C 
 1272      62F4487B 
 1272      F6043B4B 
 1273 0964 C690D252 		.ascii	"\306\220\322R\355\346\021Y#\007\245\217\027\275\015"
 1273      EDE61159 
 1273      2307A58F 
 1273      17BD0D
 1274 0973 7B1302B0 		.ascii	"{\023\002\260\263\360i\016\344\003\233\2421\306n\340"
 1274      B3F0690E 
 1274      E4039BA2 
 1274      31C66EE0 
 1275 0983 1C34D52E 		.ascii	"\0344\325.\270R\206F\204\235\353q\273=\223\255\256i"
 1275      B8528646 
 1275      849DEB71 
 1275      BB3D93AD 
 1275      AE69
 1276 0995 3E8C3B24 		.ascii	">\214;$\265\302\373\274\224\201)\323r1\350\036\366\324"
 1276      B5C2FBBC 
 1276      948129D3 
 1276      7231E81E 
 1276      F6D4
 1277 09a7 54C704F4 		.ascii	"T\307\004\3645\315\225g\312JO\313\361\345\230\262\322"
 1277      35CD9567 
 1277      CA4A4FCB 
 1277      F1E598B2 
 1277      D2
 1278 09b8 942E55E9 		.ascii	"\224.U\351F*\335\010\245\313\340]O\021L\256gr^\301["
 1278      462ADD08 
 1278      A5CBE05D 
 1278      4F114CAE 
 1278      67725EC1 
 1279 09cd 0E5F9456 		.ascii	"\016_\224V\351\361b\344t\345\345L)\364\251\353\377\005"
 1279      E9F162E4 
 1279      74E5E54C 
 1279      29F4A9EB 
 1279      FF05
 1280 09df 15118043 		.ascii	"\025\021\200C"
 1281              		.text
 1282              		.section	.gnu.lto_.symtab.67eedbd9d4aa7665,"e",%progbits
 1283 0000 5F5F6368 		.ascii	"__chibios_override___early_init\000"
 1283      6962696F 
 1283      735F6F76 
 1283      65727269 
 1283      64655F5F 
 1284 0020 00       		.ascii	"\000"
 1285 0021 00       		.ascii	"\000"
 1286 0022 00       		.ascii	"\000"
 1287 0023 00000000 		.ascii	"\000\000\000\000\000\000\000\000"
 1287      00000000 
 1288 002b BE000000 		.ascii	"\276\000\000\000"
 1289 002f 5F5F6368 		.ascii	"__chibios_override_boardInit\000"
 1289      6962696F 
 1289      735F6F76 
 1289      65727269 
 1289      64655F62 
 1290 004c 00       		.ascii	"\000"
 1291 004d 00       		.ascii	"\000"
 1292 004e 00       		.ascii	"\000"
 1293 004f 00000000 		.ascii	"\000\000\000\000\000\000\000\000"
 1293      00000000 
 1294 0057 C0000000 		.ascii	"\300\000\000\000"
 1295 005b 73746D33 		.ascii	"stm32_clock_init\000"
 1295      325F636C 
 1295      6F636B5F 
 1295      696E6974 
 1295      00
 1296 006c 00       		.ascii	"\000"
 1297 006d 02       		.ascii	"\002"
 1298 006e 00       		.ascii	"\000"
 1299 006f 00000000 		.ascii	"\000\000\000\000\000\000\000\000"
 1299      00000000 
 1300 0077 C2000000 		.ascii	"\302\000\000\000"
 1301              		.text
 1302              		.section	.gnu.lto_.ext_symtab.67eedbd9d4aa7665,"e",%progbits
 1303 0000 01       		.ascii	"\001"
 1304 0001 01       		.ascii	"\001"
 1305 0002 00       		.ascii	"\000"
 1306 0003 01       		.ascii	"\001"
 1307 0004 00       		.ascii	"\000"
 1308 0005 01       		.ascii	"\001"
 1309 0006 00       		.ascii	"\000"
 1310              		.text
 1311              		.section	.gnu.lto_.opts,"e",%progbits
 1312 0000 272D666E 		.ascii	"'-fno-openmp' '-fno-openacc' '-fno-pie' '-fcf-prote"
 1312      6F2D6F70 
 1312      656E6D70 
 1312      2720272D 
 1312      666E6F2D 
 1313 0033 6374696F 		.ascii	"ction=none' '-g' '-mcpu=cortex-m4' '-mthumb' '-mno-"
 1313      6E3D6E6F 
 1313      6E652720 
 1313      272D6727 
 1313      20272D6D 
 1314 0066 7468756D 		.ascii	"thumb-interwork' '-mno-unaligned-access' '-mfloat-a"
 1314      622D696E 
 1314      74657277 
 1314      6F726B27 
 1314      20272D6D 
 1315 0099 62693D68 		.ascii	"bi=hard' '-mfpu=fpv4-sp-d16' '-mlibarch=armv7e-m+fp"
 1315      61726427 
 1315      20272D6D 
 1315      6670753D 
 1315      66707634 
 1316 00cc 2720272D 		.ascii	"' '-march=armv7e-m+fp' '-Os' '-Ofast' '-fsingle-pre"
 1316      6D617263 
 1316      683D6172 
 1316      6D763765 
 1316      2D6D2B66 
 1317 00ff 63697369 		.ascii	"cision-constant' '-fomit-frame-pointer' '-ffunction"
 1317      6F6E2D63 
 1317      6F6E7374 
 1317      616E7427 
 1317      20272D66 
 1318 0132 2D736563 		.ascii	"-sections' '-fdata-sections' '-fshort-wchar' '-fcom"
 1318      74696F6E 
 1318      73272027 
 1318      2D666461 
 1318      74612D73 
 1319 0165 6D6F6E27 		.ascii	"mon' '-flto' '-Xassembler' '-adhlns=.build/obj_karl"
 1319      20272D66 
 1319      6C746F27 
 1319      20272D58 
 1319      61737365 
 1320 0198 6B39305F 		.ascii	"k90_yaemk/lib/chibios/os/hal/boards/ST_STM32F3_DISC"
 1320      7961656D 
 1320      6B2F6C69 
 1320      622F6368 
 1320      6962696F 
 1321 01cb 4F564552 		.ascii	"OVERY/board.lst'\000"
 1321      592F626F 
 1321      6172642E 
 1321      6C737427 
 1321      00
 1322              		.text
 1323              		.comm	__gnu_lto_slim,1,1
 1324              		.ident	"GCC: (15:10.3-2021.07-4) 10.3.1 20210621 (release)"
DEFINED SYMBOLS
                            *ABS*:0000000000000000 board.c
     /tmp/ccXurPya.s:20     .gnu.debuglto_.debug_info:0000000000000000 board.c.0f5a9339
                            *COM*:0000000000000001 __gnu_lto_slim

NO UNDEFINED SYMBOLS
