   1              		.cpu cortex-m4
   2              		.eabi_attribute 27, 1
   3              		.eabi_attribute 28, 1
   4              		.eabi_attribute 23, 1
   5              		.eabi_attribute 24, 1
   6              		.eabi_attribute 25, 1
   7              		.eabi_attribute 26, 1
   8              		.eabi_attribute 30, 2
   9              		.eabi_attribute 34, 0
  10              		.eabi_attribute 18, 2
  11              		.file	"nvic.c"
  12              		.file 1 "/usr/lib/gcc/arm-none-eabi/10.3.1/include/stdint.h"
  13              		.file 2 "./lib/chibios/os/common/ext/ARM/CMSIS/Core/Include/core_cm4.h"
  14              		.file 3 "lib/chibios/os/hal/ports/common/ARMCMx/nvic.c"
  15              		.section	.gnu.debuglto_.debug_info,"e",%progbits
  16              	.Ldebug_info0:
  17              		.hidden	nvic.c.e1293086
  18              		.weak	nvic.c.e1293086
  19              	nvic.c.e1293086:
  20 0000 0D040000 		.4byte	0x40d
  21 0004 0400     		.2byte	0x4
  22 0006 00000000 		.4byte	.Ldebug_abbrev0
  23 000a 04       		.byte	0x4
  24 000b 01       		.uleb128 0x1
  25 000c 36000000 		.4byte	.LASF46
  26 0010 0C       		.byte	0xc
  27 0011 ED010000 		.4byte	.LASF47
  28 0015 31020000 		.4byte	.LASF48
  29 0019 00000000 		.4byte	.Ldebug_line0
  30 001d 02       		.uleb128 0x2
  31 001e 04       		.byte	0x4
  32 001f 05       		.byte	0x5
  33 0020 696E7400 		.ascii	"int\000"
  34 0024 03       		.uleb128 0x3
  35 0025 04       		.byte	0x4
  36 0026 07       		.byte	0x7
  37 0027 72020000 		.4byte	.LASF0
  38 002b 03       		.uleb128 0x3
  39 002c 02       		.byte	0x2
  40 002d 07       		.byte	0x7
  41 002e C4010000 		.4byte	.LASF1
  42 0032 03       		.uleb128 0x3
  43 0033 01       		.byte	0x1
  44 0034 06       		.byte	0x6
  45 0035 06030000 		.4byte	.LASF2
  46 0039 03       		.uleb128 0x3
  47 003a 02       		.byte	0x2
  48 003b 05       		.byte	0x5
  49 003c 2C000000 		.4byte	.LASF3
  50 0040 03       		.uleb128 0x3
  51 0041 04       		.byte	0x4
  52 0042 05       		.byte	0x5
  53 0043 FD020000 		.4byte	.LASF4
  54 0047 03       		.uleb128 0x3
  55 0048 08       		.byte	0x8
  56 0049 05       		.byte	0x5
  57 004a C4020000 		.4byte	.LASF5
  58 004e 04       		.uleb128 0x4
  59 004f BC020000 		.4byte	.LASF7
  60 0053 01       		.byte	0x1
  61 0054 2E       		.byte	0x2e
  62 0055 18       		.byte	0x18
  63 0056 5F000000 		.4byte	0x5f
  64 005a 05       		.uleb128 0x5
  65 005b 4E000000 		.4byte	0x4e
  66 005f 03       		.uleb128 0x3
  67 0060 01       		.byte	0x1
  68 0061 08       		.byte	0x8
  69 0062 A7010000 		.4byte	.LASF6
  70 0066 04       		.uleb128 0x4
  71 0067 F4020000 		.4byte	.LASF8
  72 006b 01       		.byte	0x1
  73 006c 34       		.byte	0x34
  74 006d 19       		.byte	0x19
  75 006e 7C000000 		.4byte	0x7c
  76 0072 05       		.uleb128 0x5
  77 0073 66000000 		.4byte	0x66
  78 0077 06       		.uleb128 0x6
  79 0078 72000000 		.4byte	0x72
  80 007c 03       		.uleb128 0x3
  81 007d 04       		.byte	0x4
  82 007e 07       		.byte	0x7
  83 007f 99020000 		.4byte	.LASF9
  84 0083 03       		.uleb128 0x3
  85 0084 08       		.byte	0x8
  86 0085 07       		.byte	0x7
  87 0086 90010000 		.4byte	.LASF10
  88 008a 07       		.uleb128 0x7
  89 008b 040E     		.2byte	0xe04
  90 008d 02       		.byte	0x2
  91 008e 9601     		.2byte	0x196
  92 0090 09       		.byte	0x9
  93 0091 54010000 		.4byte	0x154
  94 0095 08       		.uleb128 0x8
  95 0096 DE020000 		.4byte	.LASF11
  96 009a 02       		.byte	0x2
  97 009b 9801     		.2byte	0x198
  98 009d 12       		.byte	0x12
  99 009e 64010000 		.4byte	0x164
 100 00a2 00       		.byte	0
 101 00a3 08       		.uleb128 0x8
 102 00a4 5F010000 		.4byte	.LASF12
 103 00a8 02       		.byte	0x2
 104 00a9 9901     		.2byte	0x199
 105 00ab 12       		.byte	0x12
 106 00ac 69010000 		.4byte	0x169
 107 00b0 20       		.byte	0x20
 108 00b1 08       		.uleb128 0x8
 109 00b2 5F020000 		.4byte	.LASF13
 110 00b6 02       		.byte	0x2
 111 00b7 9A01     		.2byte	0x19a
 112 00b9 12       		.byte	0x12
 113 00ba 64010000 		.4byte	0x164
 114 00be 80       		.byte	0x80
 115 00bf 08       		.uleb128 0x8
 116 00c0 AB020000 		.4byte	.LASF14
 117 00c4 02       		.byte	0x2
 118 00c5 9B01     		.2byte	0x19b
 119 00c7 12       		.byte	0x12
 120 00c8 69010000 		.4byte	0x169
 121 00cc A0       		.byte	0xa0
 122 00cd 09       		.uleb128 0x9
 123 00ce 7F020000 		.4byte	.LASF15
 124 00d2 02       		.byte	0x2
 125 00d3 9C01     		.2byte	0x19c
 126 00d5 12       		.byte	0x12
 127 00d6 64010000 		.4byte	0x164
 128 00da 0001     		.2byte	0x100
 129 00dc 09       		.uleb128 0x9
 130 00dd 39030000 		.4byte	.LASF16
 131 00e1 02       		.byte	0x2
 132 00e2 9D01     		.2byte	0x19d
 133 00e4 12       		.byte	0x12
 134 00e5 69010000 		.4byte	0x169
 135 00e9 2001     		.2byte	0x120
 136 00eb 09       		.uleb128 0x9
 137 00ec 05000000 		.4byte	.LASF17
 138 00f0 02       		.byte	0x2
 139 00f1 9E01     		.2byte	0x19e
 140 00f3 12       		.byte	0x12
 141 00f4 64010000 		.4byte	0x164
 142 00f8 8001     		.2byte	0x180
 143 00fa 09       		.uleb128 0x9
 144 00fb 69010000 		.4byte	.LASF18
 145 00ff 02       		.byte	0x2
 146 0100 9F01     		.2byte	0x19f
 147 0102 12       		.byte	0x12
 148 0103 69010000 		.4byte	0x169
 149 0107 A001     		.2byte	0x1a0
 150 0109 09       		.uleb128 0x9
 151 010a 2F030000 		.4byte	.LASF19
 152 010e 02       		.byte	0x2
 153 010f A001     		.2byte	0x1a0
 154 0111 12       		.byte	0x12
 155 0112 64010000 		.4byte	0x164
 156 0116 0002     		.2byte	0x200
 157 0118 09       		.uleb128 0x9
 158 0119 73010000 		.4byte	.LASF20
 159 011d 02       		.byte	0x2
 160 011e A101     		.2byte	0x1a1
 161 0120 12       		.byte	0x12
 162 0121 79010000 		.4byte	0x179
 163 0125 2002     		.2byte	0x220
 164 0127 0A       		.uleb128 0xa
 165 0128 495000   		.ascii	"IP\000"
 166 012b 02       		.byte	0x2
 167 012c A201     		.2byte	0x1a2
 168 012e 12       		.byte	0x12
 169 012f 99010000 		.4byte	0x199
 170 0133 0003     		.2byte	0x300
 171 0135 09       		.uleb128 0x9
 172 0136 7D010000 		.4byte	.LASF21
 173 013a 02       		.byte	0x2
 174 013b A301     		.2byte	0x1a3
 175 013d 12       		.byte	0x12
 176 013e 9E010000 		.4byte	0x19e
 177 0142 F003     		.2byte	0x3f0
 178 0144 09       		.uleb128 0x9
 179 0145 BF010000 		.4byte	.LASF22
 180 0149 02       		.byte	0x2
 181 014a A401     		.2byte	0x1a4
 182 014c 12       		.byte	0x12
 183 014d 72000000 		.4byte	0x72
 184 0151 000E     		.2byte	0xe00
 185 0153 00       		.byte	0
 186 0154 0B       		.uleb128 0xb
 187 0155 72000000 		.4byte	0x72
 188 0159 64010000 		.4byte	0x164
 189 015d 0C       		.uleb128 0xc
 190 015e 24000000 		.4byte	0x24
 191 0162 07       		.byte	0x7
 192 0163 00       		.byte	0
 193 0164 05       		.uleb128 0x5
 194 0165 54010000 		.4byte	0x154
 195 0169 0B       		.uleb128 0xb
 196 016a 66000000 		.4byte	0x66
 197 016e 79010000 		.4byte	0x179
 198 0172 0C       		.uleb128 0xc
 199 0173 24000000 		.4byte	0x24
 200 0177 17       		.byte	0x17
 201 0178 00       		.byte	0
 202 0179 0B       		.uleb128 0xb
 203 017a 66000000 		.4byte	0x66
 204 017e 89010000 		.4byte	0x189
 205 0182 0C       		.uleb128 0xc
 206 0183 24000000 		.4byte	0x24
 207 0187 37       		.byte	0x37
 208 0188 00       		.byte	0
 209 0189 0B       		.uleb128 0xb
 210 018a 5A000000 		.4byte	0x5a
 211 018e 99010000 		.4byte	0x199
 212 0192 0C       		.uleb128 0xc
 213 0193 24000000 		.4byte	0x24
 214 0197 EF       		.byte	0xef
 215 0198 00       		.byte	0
 216 0199 05       		.uleb128 0x5
 217 019a 89010000 		.4byte	0x189
 218 019e 0B       		.uleb128 0xb
 219 019f 66000000 		.4byte	0x66
 220 01a3 AF010000 		.4byte	0x1af
 221 01a7 0D       		.uleb128 0xd
 222 01a8 24000000 		.4byte	0x24
 223 01ac 8302     		.2byte	0x283
 224 01ae 00       		.byte	0
 225 01af 0E       		.uleb128 0xe
 226 01b0 B5010000 		.4byte	.LASF23
 227 01b4 02       		.byte	0x2
 228 01b5 A501     		.2byte	0x1a5
 229 01b7 04       		.byte	0x4
 230 01b8 8A000000 		.4byte	0x8a
 231 01bc 0F       		.uleb128 0xf
 232 01bd 8C       		.byte	0x8c
 233 01be 02       		.byte	0x2
 234 01bf B801     		.2byte	0x1b8
 235 01c1 09       		.byte	0x9
 236 01c2 ED020000 		.4byte	0x2ed
 237 01c6 08       		.uleb128 0x8
 238 01c7 D2020000 		.4byte	.LASF24
 239 01cb 02       		.byte	0x2
 240 01cc BA01     		.2byte	0x1ba
 241 01ce 12       		.byte	0x12
 242 01cf 77000000 		.4byte	0x77
 243 01d3 00       		.byte	0
 244 01d4 08       		.uleb128 0x8
 245 01d5 8E020000 		.4byte	.LASF25
 246 01d9 02       		.byte	0x2
 247 01da BB01     		.2byte	0x1bb
 248 01dc 12       		.byte	0x12
 249 01dd 72000000 		.4byte	0x72
 250 01e1 04       		.byte	0x4
 251 01e2 08       		.uleb128 0x8
 252 01e3 27000000 		.4byte	.LASF26
 253 01e7 02       		.byte	0x2
 254 01e8 BC01     		.2byte	0x1bc
 255 01ea 12       		.byte	0x12
 256 01eb 72000000 		.4byte	0x72
 257 01ef 08       		.byte	0x8
 258 01f0 08       		.uleb128 0x8
 259 01f1 93020000 		.4byte	.LASF27
 260 01f5 02       		.byte	0x2
 261 01f6 BD01     		.2byte	0x1bd
 262 01f8 12       		.byte	0x12
 263 01f9 72000000 		.4byte	0x72
 264 01fd 0C       		.byte	0xc
 265 01fe 10       		.uleb128 0x10
 266 01ff 53435200 		.ascii	"SCR\000"
 267 0203 02       		.byte	0x2
 268 0204 BE01     		.2byte	0x1be
 269 0206 12       		.byte	0x12
 270 0207 72000000 		.4byte	0x72
 271 020b 10       		.byte	0x10
 272 020c 10       		.uleb128 0x10
 273 020d 43435200 		.ascii	"CCR\000"
 274 0211 02       		.byte	0x2
 275 0212 BF01     		.2byte	0x1bf
 276 0214 12       		.byte	0x12
 277 0215 72000000 		.4byte	0x72
 278 0219 14       		.byte	0x14
 279 021a 10       		.uleb128 0x10
 280 021b 53485000 		.ascii	"SHP\000"
 281 021f 02       		.byte	0x2
 282 0220 C001     		.2byte	0x1c0
 283 0222 12       		.byte	0x12
 284 0223 FD020000 		.4byte	0x2fd
 285 0227 18       		.byte	0x18
 286 0228 08       		.uleb128 0x8
 287 0229 EE020000 		.4byte	.LASF28
 288 022d 02       		.byte	0x2
 289 022e C101     		.2byte	0x1c1
 290 0230 12       		.byte	0x12
 291 0231 72000000 		.4byte	0x72
 292 0235 24       		.byte	0x24
 293 0236 08       		.uleb128 0x8
 294 0237 D7010000 		.4byte	.LASF29
 295 023b 02       		.byte	0x2
 296 023c C201     		.2byte	0x1c2
 297 023e 12       		.byte	0x12
 298 023f 72000000 		.4byte	0x72
 299 0243 28       		.byte	0x28
 300 0244 08       		.uleb128 0x8
 301 0245 1B020000 		.4byte	.LASF30
 302 0249 02       		.byte	0x2
 303 024a C301     		.2byte	0x1c3
 304 024c 12       		.byte	0x12
 305 024d 72000000 		.4byte	0x72
 306 0251 2C       		.byte	0x2c
 307 0252 08       		.uleb128 0x8
 308 0253 84020000 		.4byte	.LASF31
 309 0257 02       		.byte	0x2
 310 0258 C401     		.2byte	0x1c4
 311 025a 12       		.byte	0x12
 312 025b 72000000 		.4byte	0x72
 313 025f 30       		.byte	0x30
 314 0260 08       		.uleb128 0x8
 315 0261 E8020000 		.4byte	.LASF32
 316 0265 02       		.byte	0x2
 317 0266 C501     		.2byte	0x1c5
 318 0268 12       		.byte	0x12
 319 0269 72000000 		.4byte	0x72
 320 026d 34       		.byte	0x34
 321 026e 08       		.uleb128 0x8
 322 026f 34030000 		.4byte	.LASF33
 323 0273 02       		.byte	0x2
 324 0274 C601     		.2byte	0x1c6
 325 0276 12       		.byte	0x12
 326 0277 72000000 		.4byte	0x72
 327 027b 38       		.byte	0x38
 328 027c 08       		.uleb128 0x8
 329 027d E3020000 		.4byte	.LASF34
 330 0281 02       		.byte	0x2
 331 0282 C701     		.2byte	0x1c7
 332 0284 12       		.byte	0x12
 333 0285 72000000 		.4byte	0x72
 334 0289 3C       		.byte	0x3c
 335 028a 10       		.uleb128 0x10
 336 028b 50465200 		.ascii	"PFR\000"
 337 028f 02       		.byte	0x2
 338 0290 C801     		.2byte	0x1c8
 339 0292 12       		.byte	0x12
 340 0293 17030000 		.4byte	0x317
 341 0297 40       		.byte	0x40
 342 0298 10       		.uleb128 0x10
 343 0299 44465200 		.ascii	"DFR\000"
 344 029d 02       		.byte	0x2
 345 029e C901     		.2byte	0x1c9
 346 02a0 12       		.byte	0x12
 347 02a1 77000000 		.4byte	0x77
 348 02a5 48       		.byte	0x48
 349 02a6 10       		.uleb128 0x10
 350 02a7 41445200 		.ascii	"ADR\000"
 351 02ab 02       		.byte	0x2
 352 02ac CA01     		.2byte	0x1ca
 353 02ae 12       		.byte	0x12
 354 02af 77000000 		.4byte	0x77
 355 02b3 4C       		.byte	0x4c
 356 02b4 08       		.uleb128 0x8
 357 02b5 0A000000 		.4byte	.LASF35
 358 02b9 02       		.byte	0x2
 359 02ba CB01     		.2byte	0x1cb
 360 02bc 12       		.byte	0x12
 361 02bd 31030000 		.4byte	0x331
 362 02c1 50       		.byte	0x50
 363 02c2 08       		.uleb128 0x8
 364 02c3 64020000 		.4byte	.LASF36
 365 02c7 02       		.byte	0x2
 366 02c8 CC01     		.2byte	0x1cc
 367 02ca 12       		.byte	0x12
 368 02cb 4B030000 		.4byte	0x34b
 369 02cf 60       		.byte	0x60
 370 02d0 08       		.uleb128 0x8
 371 02d1 5F010000 		.4byte	.LASF12
 372 02d5 02       		.byte	0x2
 373 02d6 CD01     		.2byte	0x1cd
 374 02d8 12       		.byte	0x12
 375 02d9 50030000 		.4byte	0x350
 376 02dd 74       		.byte	0x74
 377 02de 08       		.uleb128 0x8
 378 02df D8020000 		.4byte	.LASF37
 379 02e3 02       		.byte	0x2
 380 02e4 CE01     		.2byte	0x1ce
 381 02e6 12       		.byte	0x12
 382 02e7 72000000 		.4byte	0x72
 383 02eb 88       		.byte	0x88
 384 02ec 00       		.byte	0
 385 02ed 0B       		.uleb128 0xb
 386 02ee 5A000000 		.4byte	0x5a
 387 02f2 FD020000 		.4byte	0x2fd
 388 02f6 0C       		.uleb128 0xc
 389 02f7 24000000 		.4byte	0x24
 390 02fb 0B       		.byte	0xb
 391 02fc 00       		.byte	0
 392 02fd 05       		.uleb128 0x5
 393 02fe ED020000 		.4byte	0x2ed
 394 0302 0B       		.uleb128 0xb
 395 0303 77000000 		.4byte	0x77
 396 0307 12030000 		.4byte	0x312
 397 030b 0C       		.uleb128 0xc
 398 030c 24000000 		.4byte	0x24
 399 0310 01       		.byte	0x1
 400 0311 00       		.byte	0
 401 0312 06       		.uleb128 0x6
 402 0313 02030000 		.4byte	0x302
 403 0317 05       		.uleb128 0x5
 404 0318 12030000 		.4byte	0x312
 405 031c 0B       		.uleb128 0xb
 406 031d 77000000 		.4byte	0x77
 407 0321 2C030000 		.4byte	0x32c
 408 0325 0C       		.uleb128 0xc
 409 0326 24000000 		.4byte	0x24
 410 032a 03       		.byte	0x3
 411 032b 00       		.byte	0
 412 032c 06       		.uleb128 0x6
 413 032d 1C030000 		.4byte	0x31c
 414 0331 05       		.uleb128 0x5
 415 0332 2C030000 		.4byte	0x32c
 416 0336 0B       		.uleb128 0xb
 417 0337 77000000 		.4byte	0x77
 418 033b 46030000 		.4byte	0x346
 419 033f 0C       		.uleb128 0xc
 420 0340 24000000 		.4byte	0x24
 421 0344 04       		.byte	0x4
 422 0345 00       		.byte	0
 423 0346 06       		.uleb128 0x6
 424 0347 36030000 		.4byte	0x336
 425 034b 05       		.uleb128 0x5
 426 034c 46030000 		.4byte	0x346
 427 0350 0B       		.uleb128 0xb
 428 0351 66000000 		.4byte	0x66
 429 0355 60030000 		.4byte	0x360
 430 0359 0C       		.uleb128 0xc
 431 035a 24000000 		.4byte	0x24
 432 035e 04       		.byte	0x4
 433 035f 00       		.byte	0
 434 0360 0E       		.uleb128 0xe
 435 0361 69020000 		.4byte	.LASF38
 436 0365 02       		.byte	0x2
 437 0366 CF01     		.2byte	0x1cf
 438 0368 03       		.byte	0x3
 439 0369 BC010000 		.4byte	0x1bc
 440 036d 03       		.uleb128 0x3
 441 036e 01       		.byte	0x1
 442 036f 08       		.byte	0x8
 443 0370 89020000 		.4byte	.LASF39
 444 0374 06       		.uleb128 0x6
 445 0375 6D030000 		.4byte	0x36d
 446 0379 03       		.uleb128 0x3
 447 037a 01       		.byte	0x1
 448 037b 02       		.byte	0x2
 449 037c 0F000000 		.4byte	.LASF40
 450 0380 11       		.uleb128 0x11
 451 0381 20020000 		.4byte	.LASF41
 452 0385 03       		.byte	0x3
 453 0386 6D       		.byte	0x6d
 454 0387 06       		.byte	0x6
 455 0388 97030000 		.4byte	0x397
 456 038c 12       		.uleb128 0x12
 457 038d 6E00     		.ascii	"n\000"
 458 038f 03       		.byte	0x3
 459 0390 6D       		.byte	0x6d
 460 0391 20       		.byte	0x20
 461 0392 66000000 		.4byte	0x66
 462 0396 00       		.byte	0
 463 0397 11       		.uleb128 0x11
 464 0398 12030000 		.4byte	.LASF42
 465 039c 03       		.byte	0x3
 466 039d 5A       		.byte	0x5a
 467 039e 06       		.byte	0x6
 468 039f C5030000 		.4byte	0x3c5
 469 03a3 13       		.uleb128 0x13
 470 03a4 B4020000 		.4byte	.LASF43
 471 03a8 03       		.byte	0x3
 472 03a9 5A       		.byte	0x5a
 473 03aa 2C       		.byte	0x2c
 474 03ab 66000000 		.4byte	0x66
 475 03af 13       		.uleb128 0x13
 476 03b0 00000000 		.4byte	.LASF44
 477 03b4 03       		.byte	0x3
 478 03b5 5A       		.byte	0x5a
 479 03b6 3E       		.byte	0x3e
 480 03b7 66000000 		.4byte	0x66
 481 03bb 14       		.uleb128 0x14
 482 03bc 87010000 		.4byte	.LASF49
 483 03c0 D5030000 		.4byte	0x3d5
 484 03c4 00       		.byte	0
 485 03c5 0B       		.uleb128 0xb
 486 03c6 74030000 		.4byte	0x374
 487 03ca D5030000 		.4byte	0x3d5
 488 03ce 0C       		.uleb128 0xc
 489 03cf 24000000 		.4byte	0x24
 490 03d3 1C       		.byte	0x1c
 491 03d4 00       		.byte	0
 492 03d5 06       		.uleb128 0x6
 493 03d6 C5030000 		.4byte	0x3c5
 494 03da 11       		.uleb128 0x11
 495 03db 15000000 		.4byte	.LASF45
 496 03df 03       		.byte	0x3
 497 03e0 4A       		.byte	0x4a
 498 03e1 06       		.byte	0x6
 499 03e2 F1030000 		.4byte	0x3f1
 500 03e6 12       		.uleb128 0x12
 501 03e7 6E00     		.ascii	"n\000"
 502 03e9 03       		.byte	0x3
 503 03ea 4A       		.byte	0x4a
 504 03eb 21       		.byte	0x21
 505 03ec 66000000 		.4byte	0x66
 506 03f0 00       		.byte	0
 507 03f1 15       		.uleb128 0x15
 508 03f2 DC010000 		.4byte	.LASF50
 509 03f6 03       		.byte	0x3
 510 03f7 39       		.byte	0x39
 511 03f8 06       		.byte	0x6
 512 03f9 12       		.uleb128 0x12
 513 03fa 6E00     		.ascii	"n\000"
 514 03fc 03       		.byte	0x3
 515 03fd 39       		.byte	0x39
 516 03fe 20       		.byte	0x20
 517 03ff 66000000 		.4byte	0x66
 518 0403 13       		.uleb128 0x13
 519 0404 00000000 		.4byte	.LASF44
 520 0408 03       		.byte	0x3
 521 0409 39       		.byte	0x39
 522 040a 2C       		.byte	0x2c
 523 040b 66000000 		.4byte	0x66
 524 040f 00       		.byte	0
 525 0410 00       		.byte	0
 526              		.section	.gnu.debuglto_.debug_abbrev,"e",%progbits
 527              	.Ldebug_abbrev0:
 528 0000 01       		.uleb128 0x1
 529 0001 11       		.uleb128 0x11
 530 0002 01       		.byte	0x1
 531 0003 25       		.uleb128 0x25
 532 0004 0E       		.uleb128 0xe
 533 0005 13       		.uleb128 0x13
 534 0006 0B       		.uleb128 0xb
 535 0007 03       		.uleb128 0x3
 536 0008 0E       		.uleb128 0xe
 537 0009 1B       		.uleb128 0x1b
 538 000a 0E       		.uleb128 0xe
 539 000b 10       		.uleb128 0x10
 540 000c 17       		.uleb128 0x17
 541 000d 00       		.byte	0
 542 000e 00       		.byte	0
 543 000f 02       		.uleb128 0x2
 544 0010 24       		.uleb128 0x24
 545 0011 00       		.byte	0
 546 0012 0B       		.uleb128 0xb
 547 0013 0B       		.uleb128 0xb
 548 0014 3E       		.uleb128 0x3e
 549 0015 0B       		.uleb128 0xb
 550 0016 03       		.uleb128 0x3
 551 0017 08       		.uleb128 0x8
 552 0018 00       		.byte	0
 553 0019 00       		.byte	0
 554 001a 03       		.uleb128 0x3
 555 001b 24       		.uleb128 0x24
 556 001c 00       		.byte	0
 557 001d 0B       		.uleb128 0xb
 558 001e 0B       		.uleb128 0xb
 559 001f 3E       		.uleb128 0x3e
 560 0020 0B       		.uleb128 0xb
 561 0021 03       		.uleb128 0x3
 562 0022 0E       		.uleb128 0xe
 563 0023 00       		.byte	0
 564 0024 00       		.byte	0
 565 0025 04       		.uleb128 0x4
 566 0026 16       		.uleb128 0x16
 567 0027 00       		.byte	0
 568 0028 03       		.uleb128 0x3
 569 0029 0E       		.uleb128 0xe
 570 002a 3A       		.uleb128 0x3a
 571 002b 0B       		.uleb128 0xb
 572 002c 3B       		.uleb128 0x3b
 573 002d 0B       		.uleb128 0xb
 574 002e 39       		.uleb128 0x39
 575 002f 0B       		.uleb128 0xb
 576 0030 49       		.uleb128 0x49
 577 0031 13       		.uleb128 0x13
 578 0032 00       		.byte	0
 579 0033 00       		.byte	0
 580 0034 05       		.uleb128 0x5
 581 0035 35       		.uleb128 0x35
 582 0036 00       		.byte	0
 583 0037 49       		.uleb128 0x49
 584 0038 13       		.uleb128 0x13
 585 0039 00       		.byte	0
 586 003a 00       		.byte	0
 587 003b 06       		.uleb128 0x6
 588 003c 26       		.uleb128 0x26
 589 003d 00       		.byte	0
 590 003e 49       		.uleb128 0x49
 591 003f 13       		.uleb128 0x13
 592 0040 00       		.byte	0
 593 0041 00       		.byte	0
 594 0042 07       		.uleb128 0x7
 595 0043 13       		.uleb128 0x13
 596 0044 01       		.byte	0x1
 597 0045 0B       		.uleb128 0xb
 598 0046 05       		.uleb128 0x5
 599 0047 3A       		.uleb128 0x3a
 600 0048 0B       		.uleb128 0xb
 601 0049 3B       		.uleb128 0x3b
 602 004a 05       		.uleb128 0x5
 603 004b 39       		.uleb128 0x39
 604 004c 0B       		.uleb128 0xb
 605 004d 01       		.uleb128 0x1
 606 004e 13       		.uleb128 0x13
 607 004f 00       		.byte	0
 608 0050 00       		.byte	0
 609 0051 08       		.uleb128 0x8
 610 0052 0D       		.uleb128 0xd
 611 0053 00       		.byte	0
 612 0054 03       		.uleb128 0x3
 613 0055 0E       		.uleb128 0xe
 614 0056 3A       		.uleb128 0x3a
 615 0057 0B       		.uleb128 0xb
 616 0058 3B       		.uleb128 0x3b
 617 0059 05       		.uleb128 0x5
 618 005a 39       		.uleb128 0x39
 619 005b 0B       		.uleb128 0xb
 620 005c 49       		.uleb128 0x49
 621 005d 13       		.uleb128 0x13
 622 005e 38       		.uleb128 0x38
 623 005f 0B       		.uleb128 0xb
 624 0060 00       		.byte	0
 625 0061 00       		.byte	0
 626 0062 09       		.uleb128 0x9
 627 0063 0D       		.uleb128 0xd
 628 0064 00       		.byte	0
 629 0065 03       		.uleb128 0x3
 630 0066 0E       		.uleb128 0xe
 631 0067 3A       		.uleb128 0x3a
 632 0068 0B       		.uleb128 0xb
 633 0069 3B       		.uleb128 0x3b
 634 006a 05       		.uleb128 0x5
 635 006b 39       		.uleb128 0x39
 636 006c 0B       		.uleb128 0xb
 637 006d 49       		.uleb128 0x49
 638 006e 13       		.uleb128 0x13
 639 006f 38       		.uleb128 0x38
 640 0070 05       		.uleb128 0x5
 641 0071 00       		.byte	0
 642 0072 00       		.byte	0
 643 0073 0A       		.uleb128 0xa
 644 0074 0D       		.uleb128 0xd
 645 0075 00       		.byte	0
 646 0076 03       		.uleb128 0x3
 647 0077 08       		.uleb128 0x8
 648 0078 3A       		.uleb128 0x3a
 649 0079 0B       		.uleb128 0xb
 650 007a 3B       		.uleb128 0x3b
 651 007b 05       		.uleb128 0x5
 652 007c 39       		.uleb128 0x39
 653 007d 0B       		.uleb128 0xb
 654 007e 49       		.uleb128 0x49
 655 007f 13       		.uleb128 0x13
 656 0080 38       		.uleb128 0x38
 657 0081 05       		.uleb128 0x5
 658 0082 00       		.byte	0
 659 0083 00       		.byte	0
 660 0084 0B       		.uleb128 0xb
 661 0085 01       		.uleb128 0x1
 662 0086 01       		.byte	0x1
 663 0087 49       		.uleb128 0x49
 664 0088 13       		.uleb128 0x13
 665 0089 01       		.uleb128 0x1
 666 008a 13       		.uleb128 0x13
 667 008b 00       		.byte	0
 668 008c 00       		.byte	0
 669 008d 0C       		.uleb128 0xc
 670 008e 21       		.uleb128 0x21
 671 008f 00       		.byte	0
 672 0090 49       		.uleb128 0x49
 673 0091 13       		.uleb128 0x13
 674 0092 2F       		.uleb128 0x2f
 675 0093 0B       		.uleb128 0xb
 676 0094 00       		.byte	0
 677 0095 00       		.byte	0
 678 0096 0D       		.uleb128 0xd
 679 0097 21       		.uleb128 0x21
 680 0098 00       		.byte	0
 681 0099 49       		.uleb128 0x49
 682 009a 13       		.uleb128 0x13
 683 009b 2F       		.uleb128 0x2f
 684 009c 05       		.uleb128 0x5
 685 009d 00       		.byte	0
 686 009e 00       		.byte	0
 687 009f 0E       		.uleb128 0xe
 688 00a0 16       		.uleb128 0x16
 689 00a1 00       		.byte	0
 690 00a2 03       		.uleb128 0x3
 691 00a3 0E       		.uleb128 0xe
 692 00a4 3A       		.uleb128 0x3a
 693 00a5 0B       		.uleb128 0xb
 694 00a6 3B       		.uleb128 0x3b
 695 00a7 05       		.uleb128 0x5
 696 00a8 39       		.uleb128 0x39
 697 00a9 0B       		.uleb128 0xb
 698 00aa 49       		.uleb128 0x49
 699 00ab 13       		.uleb128 0x13
 700 00ac 00       		.byte	0
 701 00ad 00       		.byte	0
 702 00ae 0F       		.uleb128 0xf
 703 00af 13       		.uleb128 0x13
 704 00b0 01       		.byte	0x1
 705 00b1 0B       		.uleb128 0xb
 706 00b2 0B       		.uleb128 0xb
 707 00b3 3A       		.uleb128 0x3a
 708 00b4 0B       		.uleb128 0xb
 709 00b5 3B       		.uleb128 0x3b
 710 00b6 05       		.uleb128 0x5
 711 00b7 39       		.uleb128 0x39
 712 00b8 0B       		.uleb128 0xb
 713 00b9 01       		.uleb128 0x1
 714 00ba 13       		.uleb128 0x13
 715 00bb 00       		.byte	0
 716 00bc 00       		.byte	0
 717 00bd 10       		.uleb128 0x10
 718 00be 0D       		.uleb128 0xd
 719 00bf 00       		.byte	0
 720 00c0 03       		.uleb128 0x3
 721 00c1 08       		.uleb128 0x8
 722 00c2 3A       		.uleb128 0x3a
 723 00c3 0B       		.uleb128 0xb
 724 00c4 3B       		.uleb128 0x3b
 725 00c5 05       		.uleb128 0x5
 726 00c6 39       		.uleb128 0x39
 727 00c7 0B       		.uleb128 0xb
 728 00c8 49       		.uleb128 0x49
 729 00c9 13       		.uleb128 0x13
 730 00ca 38       		.uleb128 0x38
 731 00cb 0B       		.uleb128 0xb
 732 00cc 00       		.byte	0
 733 00cd 00       		.byte	0
 734 00ce 11       		.uleb128 0x11
 735 00cf 2E       		.uleb128 0x2e
 736 00d0 01       		.byte	0x1
 737 00d1 3F       		.uleb128 0x3f
 738 00d2 19       		.uleb128 0x19
 739 00d3 03       		.uleb128 0x3
 740 00d4 0E       		.uleb128 0xe
 741 00d5 3A       		.uleb128 0x3a
 742 00d6 0B       		.uleb128 0xb
 743 00d7 3B       		.uleb128 0x3b
 744 00d8 0B       		.uleb128 0xb
 745 00d9 39       		.uleb128 0x39
 746 00da 0B       		.uleb128 0xb
 747 00db 27       		.uleb128 0x27
 748 00dc 19       		.uleb128 0x19
 749 00dd 01       		.uleb128 0x1
 750 00de 13       		.uleb128 0x13
 751 00df 00       		.byte	0
 752 00e0 00       		.byte	0
 753 00e1 12       		.uleb128 0x12
 754 00e2 05       		.uleb128 0x5
 755 00e3 00       		.byte	0
 756 00e4 03       		.uleb128 0x3
 757 00e5 08       		.uleb128 0x8
 758 00e6 3A       		.uleb128 0x3a
 759 00e7 0B       		.uleb128 0xb
 760 00e8 3B       		.uleb128 0x3b
 761 00e9 0B       		.uleb128 0xb
 762 00ea 39       		.uleb128 0x39
 763 00eb 0B       		.uleb128 0xb
 764 00ec 49       		.uleb128 0x49
 765 00ed 13       		.uleb128 0x13
 766 00ee 00       		.byte	0
 767 00ef 00       		.byte	0
 768 00f0 13       		.uleb128 0x13
 769 00f1 05       		.uleb128 0x5
 770 00f2 00       		.byte	0
 771 00f3 03       		.uleb128 0x3
 772 00f4 0E       		.uleb128 0xe
 773 00f5 3A       		.uleb128 0x3a
 774 00f6 0B       		.uleb128 0xb
 775 00f7 3B       		.uleb128 0x3b
 776 00f8 0B       		.uleb128 0xb
 777 00f9 39       		.uleb128 0x39
 778 00fa 0B       		.uleb128 0xb
 779 00fb 49       		.uleb128 0x49
 780 00fc 13       		.uleb128 0x13
 781 00fd 00       		.byte	0
 782 00fe 00       		.byte	0
 783 00ff 14       		.uleb128 0x14
 784 0100 34       		.uleb128 0x34
 785 0101 00       		.byte	0
 786 0102 03       		.uleb128 0x3
 787 0103 0E       		.uleb128 0xe
 788 0104 49       		.uleb128 0x49
 789 0105 13       		.uleb128 0x13
 790 0106 34       		.uleb128 0x34
 791 0107 19       		.uleb128 0x19
 792 0108 00       		.byte	0
 793 0109 00       		.byte	0
 794 010a 15       		.uleb128 0x15
 795 010b 2E       		.uleb128 0x2e
 796 010c 01       		.byte	0x1
 797 010d 3F       		.uleb128 0x3f
 798 010e 19       		.uleb128 0x19
 799 010f 03       		.uleb128 0x3
 800 0110 0E       		.uleb128 0xe
 801 0111 3A       		.uleb128 0x3a
 802 0112 0B       		.uleb128 0xb
 803 0113 3B       		.uleb128 0x3b
 804 0114 0B       		.uleb128 0xb
 805 0115 39       		.uleb128 0x39
 806 0116 0B       		.uleb128 0xb
 807 0117 27       		.uleb128 0x27
 808 0118 19       		.uleb128 0x19
 809 0119 00       		.byte	0
 810 011a 00       		.byte	0
 811 011b 00       		.byte	0
 812              		.section	.gnu.debuglto_.debug_line,"e",%progbits
 813              	.Ldebug_line0:
 814 0000 C0000000 		.4byte	.LELT0-.LSLT0
 815              	.LSLT0:
 816 0004 0400     		.2byte	0x4
 817 0006 BA000000 		.4byte	.LELTP0-.LASLTP0
 818              	.LASLTP0:
 819 000a 01       		.byte	0x1
 820 000b 01       		.byte	0x1
 821 000c 01       		.byte	0x1
 822 000d F6       		.byte	0xf6
 823 000e F2       		.byte	0xf2
 824 000f 0D       		.byte	0xd
 825 0010 00       		.byte	0
 826 0011 01       		.byte	0x1
 827 0012 01       		.byte	0x1
 828 0013 01       		.byte	0x1
 829 0014 01       		.byte	0x1
 830 0015 00       		.byte	0
 831 0016 00       		.byte	0
 832 0017 00       		.byte	0
 833 0018 01       		.byte	0x1
 834 0019 00       		.byte	0
 835 001a 00       		.byte	0
 836 001b 01       		.byte	0x1
 837 001c 6C69622F 		.ascii	"lib/chibios/os/common/ext/ARM/CMSIS/Core/Include"
 837      63686962 
 837      696F732F 
 837      6F732F63 
 837      6F6D6D6F 
 838 004c 00       		.byte	0
 839 004d 6C69622F 		.ascii	"lib/chibios/os/hal/ports/common/ARMCMx"
 839      63686962 
 839      696F732F 
 839      6F732F68 
 839      616C2F70 
 840 0073 00       		.byte	0
 841 0074 2F757372 		.ascii	"/usr/lib/gcc/arm-none-eabi/10.3.1/include"
 841      2F6C6962 
 841      2F676363 
 841      2F61726D 
 841      2D6E6F6E 
 842 009d 00       		.byte	0
 843 009e 00       		.byte	0
 844 009f 73746469 		.ascii	"stdint.h\000"
 844      6E742E68 
 844      00
 845 00a8 03       		.uleb128 0x3
 846 00a9 00       		.uleb128 0
 847 00aa 00       		.uleb128 0
 848 00ab 636F7265 		.ascii	"core_cm4.h\000"
 848      5F636D34 
 848      2E6800
 849 00b6 01       		.uleb128 0x1
 850 00b7 00       		.uleb128 0
 851 00b8 00       		.uleb128 0
 852 00b9 6E766963 		.ascii	"nvic.c\000"
 852      2E6300
 853 00c0 02       		.uleb128 0x2
 854 00c1 00       		.uleb128 0
 855 00c2 00       		.uleb128 0
 856 00c3 00       		.byte	0
 857              	.LELTP0:
 858              	.LELT0:
 859              		.section	.gnu.debuglto_.debug_str,"eMS",%progbits,1
 860              	.LASF44:
 861 0000 7072696F 		.ascii	"prio\000"
 861      00
 862              	.LASF17:
 863 0005 49435052 		.ascii	"ICPR\000"
 863      00
 864              	.LASF35:
 865 000a 4D4D4652 		.ascii	"MMFR\000"
 865      00
 866              	.LASF40:
 867 000f 5F426F6F 		.ascii	"_Bool\000"
 867      6C00
 868              	.LASF45:
 869 0015 6E766963 		.ascii	"nvicDisableVector\000"
 869      44697361 
 869      626C6556 
 869      6563746F 
 869      7200
 870              	.LASF26:
 871 0027 56544F52 		.ascii	"VTOR\000"
 871      00
 872              	.LASF3:
 873 002c 73686F72 		.ascii	"short int\000"
 873      7420696E 
 873      7400
 874              	.LASF46:
 875 0036 474E5520 		.ascii	"GNU C99 10.3.1 20210621 (release) -mcpu=cortex-m4 -"
 875      43393920 
 875      31302E33 
 875      2E312032 
 875      30323130 
 876 0069 6D746875 		.ascii	"mthumb -mno-thumb-interwork -mno-unaligned-access -"
 876      6D62202D 
 876      6D6E6F2D 
 876      7468756D 
 876      622D696E 
 877 009c 6D666C6F 		.ascii	"mfloat-abi=hard -mfpu=fpv4-sp-d16 -march=armv7e-m+f"
 877      61742D61 
 877      62693D68 
 877      61726420 
 877      2D6D6670 
 878 00cf 70202D67 		.ascii	"p -ggdb -Os -Ofast -std=gnu99 -fsingle-precision-co"
 878      67646220 
 878      2D4F7320 
 878      2D4F6661 
 878      7374202D 
 879 0102 6E737461 		.ascii	"nstant -fomit-frame-pointer -ffunction-sections -fd"
 879      6E74202D 
 879      666F6D69 
 879      742D6672 
 879      616D652D 
 880 0135 6174612D 		.ascii	"ata-sections -fshort-wchar -fcommon -flto\000"
 880      73656374 
 880      696F6E73 
 880      202D6673 
 880      686F7274 
 881              	.LASF12:
 882 015f 52455345 		.ascii	"RESERVED0\000"
 882      52564544 
 882      3000
 883              	.LASF18:
 884 0169 52455345 		.ascii	"RESERVED3\000"
 884      52564544 
 884      3300
 885              	.LASF20:
 886 0173 52455345 		.ascii	"RESERVED4\000"
 886      52564544 
 886      3400
 887              	.LASF21:
 888 017d 52455345 		.ascii	"RESERVED5\000"
 888      52564544 
 888      3500
 889              	.LASF49:
 890 0187 5F5F6675 		.ascii	"__func__\000"
 890      6E635F5F 
 890      00
 891              	.LASF10:
 892 0190 6C6F6E67 		.ascii	"long long unsigned int\000"
 892      206C6F6E 
 892      6720756E 
 892      7369676E 
 892      65642069 
 893              	.LASF6:
 894 01a7 756E7369 		.ascii	"unsigned char\000"
 894      676E6564 
 894      20636861 
 894      7200
 895              	.LASF23:
 896 01b5 4E564943 		.ascii	"NVIC_Type\000"
 896      5F547970 
 896      6500
 897              	.LASF22:
 898 01bf 53544952 		.ascii	"STIR\000"
 898      00
 899              	.LASF1:
 900 01c4 73686F72 		.ascii	"short unsigned int\000"
 900      7420756E 
 900      7369676E 
 900      65642069 
 900      6E7400
 901              	.LASF29:
 902 01d7 43465352 		.ascii	"CFSR\000"
 902      00
 903              	.LASF50:
 904 01dc 6E766963 		.ascii	"nvicEnableVector\000"
 904      456E6162 
 904      6C655665 
 904      63746F72 
 904      00
 905              	.LASF47:
 906 01ed 6C69622F 		.ascii	"lib/chibios/os/hal/ports/common/ARMCMx/nvic.c\000"
 906      63686962 
 906      696F732F 
 906      6F732F68 
 906      616C2F70 
 907              	.LASF30:
 908 021b 48465352 		.ascii	"HFSR\000"
 908      00
 909              	.LASF41:
 910 0220 6E766963 		.ascii	"nvicClearPending\000"
 910      436C6561 
 910      7250656E 
 910      64696E67 
 910      00
 911              	.LASF48:
 912 0231 2F686F6D 		.ascii	"/home/jstewart/source/yaemk-split-kb/Firmware\000"
 912      652F6A73 
 912      74657761 
 912      72742F73 
 912      6F757263 
 913              	.LASF13:
 914 025f 49434552 		.ascii	"ICER\000"
 914      00
 915              	.LASF36:
 916 0264 49534152 		.ascii	"ISAR\000"
 916      00
 917              	.LASF38:
 918 0269 5343425F 		.ascii	"SCB_Type\000"
 918      54797065 
 918      00
 919              	.LASF0:
 920 0272 756E7369 		.ascii	"unsigned int\000"
 920      676E6564 
 920      20696E74 
 920      00
 921              	.LASF15:
 922 027f 49535052 		.ascii	"ISPR\000"
 922      00
 923              	.LASF31:
 924 0284 44465352 		.ascii	"DFSR\000"
 924      00
 925              	.LASF39:
 926 0289 63686172 		.ascii	"char\000"
 926      00
 927              	.LASF25:
 928 028e 49435352 		.ascii	"ICSR\000"
 928      00
 929              	.LASF27:
 930 0293 41495243 		.ascii	"AIRCR\000"
 930      5200
 931              	.LASF9:
 932 0299 6C6F6E67 		.ascii	"long unsigned int\000"
 932      20756E73 
 932      69676E65 
 932      6420696E 
 932      7400
 933              	.LASF14:
 934 02ab 52534552 		.ascii	"RSERVED1\000"
 934      56454431 
 934      00
 935              	.LASF43:
 936 02b4 68616E64 		.ascii	"handler\000"
 936      6C657200 
 937              	.LASF7:
 938 02bc 75696E74 		.ascii	"uint8_t\000"
 938      385F7400 
 939              	.LASF5:
 940 02c4 6C6F6E67 		.ascii	"long long int\000"
 940      206C6F6E 
 940      6720696E 
 940      7400
 941              	.LASF24:
 942 02d2 43505549 		.ascii	"CPUID\000"
 942      4400
 943              	.LASF37:
 944 02d8 43504143 		.ascii	"CPACR\000"
 944      5200
 945              	.LASF11:
 946 02de 49534552 		.ascii	"ISER\000"
 946      00
 947              	.LASF34:
 948 02e3 41465352 		.ascii	"AFSR\000"
 948      00
 949              	.LASF32:
 950 02e8 4D4D4641 		.ascii	"MMFAR\000"
 950      5200
 951              	.LASF28:
 952 02ee 53484353 		.ascii	"SHCSR\000"
 952      5200
 953              	.LASF8:
 954 02f4 75696E74 		.ascii	"uint32_t\000"
 954      33325F74 
 954      00
 955              	.LASF4:
 956 02fd 6C6F6E67 		.ascii	"long int\000"
 956      20696E74 
 956      00
 957              	.LASF2:
 958 0306 7369676E 		.ascii	"signed char\000"
 958      65642063 
 958      68617200 
 959              	.LASF42:
 960 0312 6E766963 		.ascii	"nvicSetSystemHandlerPriority\000"
 960      53657453 
 960      79737465 
 960      6D48616E 
 960      646C6572 
 961              	.LASF19:
 962 032f 49414252 		.ascii	"IABR\000"
 962      00
 963              	.LASF33:
 964 0334 42464152 		.ascii	"BFAR\000"
 964      00
 965              	.LASF16:
 966 0339 52455345 		.ascii	"RESERVED2\000"
 966      52564544 
 966      3200
 967              		.text
 968              		.section	.gnu.lto_.profile.acf855fafa1b8638,"e",%progbits
 969 0000 789C6362 		.ascii	"x\234cb\000\001\000\000\022\000\003"
 969      00010000 
 969      120003
 970              		.text
 971              		.section	.gnu.lto_.icf.acf855fafa1b8638,"e",%progbits
 972 0000 789C9362 		.ascii	"x\234\223b@\000\026\206\335\207\317\317ab<\320\177\341"
 972      40001686 
 972      DD87CFCF 
 972      61623CD0 
 972      7FE1
 973 0012 193BD3F7 		.ascii	"\031;\323\367\337=\215\334\314w\256\274\271\307\315"
 973      DF3D8DDC 
 973      CC77AEBC 
 973      B9C7CD
 974 0021 0000A8B4 		.ascii	"\000\000\250\264\014\253"
 974      0CAB
 975              		.text
 976              		.section	.gnu.lto_.ipa_sra.acf855fafa1b8638,"e",%progbits
 977 0000 789C5363 		.ascii	"x\234Sc@\000\026\006&\030\223\221\221\021L1!D\230!\""
 977      40001606 
 977      26189391 
 977      91114C31 
 977      21449821 
 978 0015 0C000954 		.ascii	"\014\000\011T\000;"
 978      003B
 979              		.text
 980              		.section	.gnu.lto_.inline.acf855fafa1b8638,"e",%progbits
 981 0000 789C6D8D 		.ascii	"x\234m\215\301\015\200 \014E\177[B\210\321)\005\346"
 981      C10D8020 
 981      0C457F5B 
 981      4288D129 
 981      05E6
 982 0012 70140F0E 		.ascii	"p\024\017\016\342T\236m\213DM(\007~i\037\357\302[\001"
 982      E2549E6D 
 982      8B444D28 
 982      077E691F 
 982      EFC25B01 
 983 0026 58362DA9 		.ascii	"X6-\251\304D\207\370\343s\207\350\223\014x\340\314\320"
 983      C44487F8 
 983      E37387E8 
 983      930C78E0 
 983      CCD0
 984 0038 E3715570 		.ascii	"\343qUp\366iA2\002\2236;W\242NKh\320\217\266\255\223"
 984      F6694132 
 984      0293363B 
 984      57A24E4B 
 984      68D08FB6 
 985 004e 8B69B58B 		.ascii	"\213i\265\213\255\033\230\273el\356\311\314\202d\277"
 985      AD1B98BB 
 985      656CEEC9 
 985      CC8264BF 
 986 005e 48F99847 		.ascii	"H\371\230Gt\362\330\314\270\001O\3131\276"
 986      74F2D8CC 
 986      B8014FCB 
 986      31BE
 987              		.text
 988              		.section	.gnu.lto_.jmpfuncs.acf855fafa1b8638,"e",%progbits
 989 0000 789CD361 		.ascii	"x\234\323a@\000\026\006&FF\346\372%\314\014 \314\010"
 989      40001606 
 989      264646E6 
 989      FA25CC0C 
 989      20CC08
 990 0013 04209A09 		.ascii	"\004 \232\011Y\220\031*\310\000\000\241\271\007/"
 990      5990192A 
 990      C80000A1 
 990      B9072F
 991              		.text
 992              		.section	.gnu.lto_.pureconst.acf855fafa1b8638,"e",%progbits
 993 0000 789CE365 		.ascii	"x\234\343e```a\230\305\3028\213\205i\026\013\363,\026"
 993      60606061 
 993      98C5C238 
 993      8B856916 
 993      0BF32C16 
 994 0014 00113C02 		.ascii	"\000\021<\002\220"
 994      90
 995              		.text
 996              		.section	.gnu.lto_.lto.acf855fafa1b8638,"e",%progbits
 997 0000 09000400 		.ascii	"\011\000\004\000\001\000\000\000"
 997      01000000 
 998              		.text
 999              		.section	.gnu.lto_nvicEnableVector.282.acf855fafa1b8638,"e",%progbits
 1000 0000 789C8D52 		.ascii	"x\234\215RAk\023Q\020\236ogw\233hZ<zS\350A<4\257V\020"
 1000      416B1351 
 1000      109E6F67 
 1000      779B685A 
 1000      3C7A53E8 
 1001 001a 7B5384DE 		.ascii	"{S\204\336z\320_`\022\026\2626\311\206\335h\365\324"
 1001      7AD05F60 
 1001      1216B236 
 1001      C986DD68 
 1001      F5D4
 1002 002c D7065B88 		.ascii	"\327\006[\210\207\330\026\025D\005\303\352\325\223Z"
 1002      87D81615 
 1002      4405C3EA 
 1002      D5935A
 1003 003b 1535145A 		.ascii	"\0255\024Z\352A\020\2417\017\"(\305\203\210'+\221:o"
 1003      EA4110A1 
 1003      370F2228 
 1003      C5838827 
 1003      2B913A6F 
 1004 004f 136BF150 		.ascii	"\023k\361P\272\354\033\346\233\367\315\367\276y\273"
 1004      BAEC1BE6 
 1004      9BF7CDF7 
 1004      BE79BB
 1005 005e 672DA249 		.ascii	"g-\242I\"\032\224\005&,\3147,\322Z\237\352\2630=\337"
 1005      221A9405 
 1005      262CCC37 
 1005      2CD25A9F 
 1005      EAB3303D 
 1006 0073 48E30512 		.ascii	"H\343\005\022\004\232\2620\205E>*\360\347\203\333\233"
 1006      049AB230 
 1006      85453E2A 
 1006      F0E783DB 
 1006      9B
 1007 0084 99AB0763 		.ascii	"\231\253\007c&\272'+y\3560\0268f\300\356e\026\016K\306"
 1007      26BA272B 
 1007      79EE3016 
 1007      3866C0EE 
 1007      65160E4B 
 1008 0099 E7E9485B 		.ascii	"\347\351H[\353wkKZ\247)f\306SH\017\236\000\217A\246"
 1008      EB776B4B 
 1008      5AA72966 
 1008      C653480F 
 1008      9E008F41 
 1009 00ae 90DFEC33 		.ascii	"\220\337\3543\274\250\313\373\260\315{\366?\257\236"
 1009      BCA8CBFB 
 1009      B0CD7BF6 
 1009      3FAF9E
 1010 00bd 2272FF9E 		.ascii	"\"r\377\236(5z\364\336i\353\316VS\353\365/\2706\230"
 1010      28357AF4 
 1010      DE69EBCE 
 1010      5653EBF5 
 1010      2FB83698 
 1011 00d1 81D06CCB 		.ascii	"\201\320l\313\004\226\340\330&8\022\\\027x\216\024\260"
 1011      0496E0D8 
 1011      2638125C 
 1011      17788E14 
 1011      B0
 1012 00e2 245D4D36 		.ascii	"$]M6\343i\033\272Mt\235\255.\230\026\360\025\372\323"
 1012      E3691BBA 
 1012      4D749DAD 
 1012      2E9816F0 
 1012      15FAD3
 1013 00f5 563F7DC3 		.ascii	"V?}\303Lg\356\255\325b\264\330\025T\3775+\231\301f*"
 1013      4C67EEAD 
 1013      D562B4D8 
 1013      1554FF35 
 1013      2B99C166 
 1014 010a 17B6D496 		.ascii	"\027\266\324\226\2777~\2437\247\\\315v\246\227\353z"
 1014      BF377EA3 
 1014      37A75CCD 
 1014      76A697EB 
 1014      7A
 1015 011b 40D04373 		.ascii	"@\320Csi\033RJ\341\025\3602a\014\337\327:\025s\032\257"
 1015      691B524A 
 1015      E115F032 
 1015      610CDFD7 
 1015      3A15731A 
 1016 0130 71D78C30 		.ascii	"q\327\2140\"x\243?\346}h\213\276\314FrJbbq\025\346\334"
 1016      2278A33F 
 1016      E67D688B 
 1016      BECC4672 
 1016      4A626271 
 1017 0147 9B73EB76 		.ascii	"\233s\353v\213Y\366\214\270\203C\246\330\231]\021+v"
 1017      8B59F68C 
 1017      B88343A6 
 1017      D8995D11 
 1017      2B76
 1018 0159 AFE8C2E9 		.ascii	"\257\350\302\351:\374,4\247[\0211\356Y\264v\267\262"
 1018      3AFC2C34 
 1018      A75B1131 
 1018      EE59B476 
 1018      B7B2
 1019 016b 1F2B6205 		.ascii	"\037+b\005=+\0031g\260*\335vb\305I\254\334H\254\354"
 1019      3D2B0331 
 1019      67B02ADD 
 1019      7662C549 
 1019      ACDC48AC 
 1020 0180 496B4DB4 		.ascii	"IkM\264\254\235Zovh\375\300\314\307[c\311\217\322d\374"
 1020      AC9D5A6F 
 1020      7668FDC0 
 1020      CCC75B63 
 1020      C98FD264 
 1021 0195 FB004459 		.ascii	"\373\000DYU\014\312\236\272\020\325\274\311\\XSQp1,"
 1021      550CCA9E 
 1021      BA10D5BC 
 1021      C95C5853 
 1021      5170312C 
 1022 01a9 78EA4ACE 		.ascii	"x\352J\316+O\014E\325\222_\033\232\310\2531?,\313\266"
 1022      2B4F0C45 
 1022      D5925F1B 
 1022      9AC8AB31 
 1022      3F2CCBB6 
 1023 01bd 47D9929F 		.ascii	"G\331\222\237W\205\242\237\367\203H\311[\314\225T5\010"
 1023      5785A29F 
 1023      F78348C9 
 1023      5BCC9554 
 1023      3508
 1024 01cf 6B912A04 		.ascii	"k\221*\004\345rPQ\247\317\215\237\031\277\254*\227\374"
 1024      E5725051 
 1024      A7CF8D9F 
 1024      19BFAC2A 
 1024      97FC
 1025 01e1 42B640A8 		.ascii	"B\266@\250\034\350fY\357\330\310\350\361\341\223'\310"
 1025      1CE86659 
 1025      EFD8C8E8 
 1025      F1E19327 
 1025      C8
 1026 01f2 AE867EF0 		.ascii	"\256\206~\360\007r\230\334~"
 1026      077298DC 
 1026      7E
 1027              		.text
 1028              		.section	.gnu.lto_nvicDisableVector.283.acf855fafa1b8638,"e",%progbits
 1029 0000 789C7D51 		.ascii	"x\234}Q\317k\023A\024~\337\274M\223X\254\376\007\012"
 1029      CF6B1341 
 1029      147EDFBC 
 1029      4D9358AC 
 1029      FE070A
 1030 0013 3D888766 		.ascii	"=\210\207fj\005\321\233R\350\255\027\377\002\223e!\333"
 1030      6A05D19B 
 1030      52E8AD17 
 1030      FF029365 
 1030      21DB
 1031 0025 66B36537 		.ascii	"f\263e7\376:uj\241B.i+\364P\332\202a\025\351\245\007"
 1031      FE3A756A 
 1031      A1422E69 
 1031      2BF450DA 
 1031      826115E9 
 1032 003b D1B60775 		.ascii	"\321\266\007uIQ\360\246B\357\"V\202\007\221\236D*\372"
 1032      4951F0A6 
 1032      42EF2256 
 1032      8207919E 
 1032      442AFA
 1033 004e 6613F5D6 		.ascii	"f\023\365\326afx\3377\357}\363\275\231\247 \212\210"
 1033      616678DF 
 1033      37EF7DF3 
 1033      BD99A720 
 1033      8A88
 1034 0060 68581698 		.ascii	"hX\026\230\260\274\324Td\214\271\232W\230[j\026\261"
 1034      B0BCD454 
 1034      648CB99A 
 1034      57985B6A 
 1034      16B1
 1035 0072 8B0C8166 		.ascii	"\213\014\201f\025f\361\200\317\013\374\361huu\017\346"
 1035      1566F180 
 1035      CF0BFCF1 
 1035      6875750F 
 1035      E6
 1036 0083 498A8489 		.ascii	"I\212\204\2116dec\215\261\314\011\003N?R8+\021\337\240"
 1036      36646563 
 1036      8DB1CC09 
 1036      034E3F52 
 1036      382B11DF 
 1037 0098 73A931EF 		.ascii	"s\2511\357\336\356\030S\244\204\031\333\220\032<\007"
 1037      DEEE1853 
 1037      A48419DB 
 1037      901A3C07 
 1038 00a8 9EC9ED42 		.ascii	"\236\311\355BT\276\344\211\006\376*\011G[\037r\2519"
 1038      54BEE489 
 1038      06FE2A09 
 1038      475B1F72 
 1038      A939
 1039 00ba FADD32E6 		.ascii	"\372\3352\346\34036\207\013\2204G\331\215e\3139\300"
 1039      E0333687 
 1039      0B903447 
 1039      D98D65CB 
 1039      39C0
 1040 00cc 8EA4B5D8 		.ascii	"\216\244\265\330Z5\016LJ\264\310\252\007\346\004|\205"
 1040      5A350E4C 
 1040      4AB4C8AA 
 1040      07E6047C 
 1040      85
 1041 00dd F9B4FB06 		.ascii	"\371\264\373\006\364\015\363+\367\367\2356\243\315\216"
 1041      F40DF32B 
 1041      F7F79D36 
 1041      A3CD8E
 1042 00ec B5E4E08C 		.ascii	"\265\344\340\214%\217\026^\2536\253>\231C\316\222?\027"
 1042      258F165E 
 1042      AB36AB3E 
 1042      9943CE92 
 1042      3F17
 1043 00fe 0EB8CDDC 		.ascii	"\016\270\315\334c\244\300\226w\2767\177\251~;\003\240"
 1043      63A4C096 
 1043      77BE377F 
 1043      A97E3B03 
 1043      A0
 1044 010f 7F91E9CC 		.ascii	"\177\221\351\314\233!A\217\355\363t\205\312\343%\360"
 1044      9B21418F 
 1044      EDF37485 
 1044      CAE325F0 
 1045 011f 22CB187D 		.ascii	"\"\313\030}hL!\341\002^a\335v4&\270;\224p\021\251\250"
 1045      684C21E1 
 1045      025E61DD 
 1045      763426B8 
 1045      3B947011 
 1046 0135 2A61E496 		.ascii	"*a\344\226\314\342\373\314b\347\260{\352x\251\023\350"
 1046      CCE2FBCC 
 1046      62E7B07B 
 1046      EA78A913 
 1046      E8
 1047 0146 8814FA52 		.ascii	"\210\024\372R'\023\036\304\236\355H\244\254\235A99\304"
 1047      27131EC4 
 1047      9EED48A4 
 1047      AC9D4139 
 1047      39C4
 1048 0158 BD8FFB13 		.ascii	"\275\217\373\023\331?\264\030\377\237\205\250\244\253"
 1048      D93FB418 
 1048      FF9F85A8 
 1048      A4AB
 1049 0166 61E0E9A9 		.ascii	"a\340\351\251\270\341\335.G\015\035\2077#\327\323w\313"
 1049      B8E1DD2E 
 1049      470D1D87 
 1049      3723D7D3 
 1049      77CB
 1050 0178 5E303D12 		.ascii	"^0=\022\317\324\374\306\310tEO\370Q \307\036\225j~E"
 1050      CFD4FCC6 
 1050      C874454F 
 1050      F85120C7 
 1050      1E956A7E 
 1051 018d BB55BFE2 		.ascii	"\273U\277\342\207\261\226Y-\327\364L\0305b\355\206A"
 1051      87B19659 
 1051      2DD7F44C 
 1051      183562ED 
 1051      8641
 1052 019f 10D6F5B5 		.ascii	"\020\326\365\265\353\223\343\223wt\375\226\357\226\\"
 1052      EB93E393 
 1052      7774FD96 
 1052      EF965C
 1053 01ae 42FD742F 		.ascii	"B\375t/*y\027\306\256\\\034\275|\211\376\000\374\300"
 1053      2A7917C6 
 1053      AE5C1CBD 
 1053      7C89FE00 
 1053      FCC0
 1054 01c0 AD91     		.ascii	"\255\221"
 1055              		.text
 1056              		.section	.gnu.lto_nvicSetSystemHandlerPriority.284.acf855fafa1b8638,"e",%progbits
 1057 0000 789C5D90 		.ascii	"x\234]\220\313k\324P\024\306\317\227\223i:\213\212K"
 1057      CB6BD450 
 1057      14C6CF97 
 1057      93693A8B 
 1057      8A4B
 1058 0012 97A20BE9 		.ascii	"\227\242\013\351\242sk\013\242;\245`W\335\370\027t&"
 1058      A2736B0B 
 1058      A23BA560 
 1058      57DDF817 
 1058      7426
 1059 0024 06123B99 		.ascii	"\006\022;\231\014\311\370\350Bz\332\202\302l\246\255"
 1059      0CC9F8E8 
 1059      427ADA82 
 1059      C26CA6AD 
 1060 0034 1B2956B0 		.ascii	"\033)V\260\215\322]W\366%\332\240\340Z\\\212\013)\024"
 1060      8DD25D57 
 1060      F625DAA0 
 1060      E05A5C8A 
 1060      0B2914
 1061 0047 44B0882B 		.ascii	"D\260\210+\225\3728\231\251Sh\310\2759\277\357~7\347"
 1061      95FA3899 
 1061      A95368C8 
 1061      BD39BFEF 
 1061      7E37E7
 1062 005a 2120BA4B 		.ascii	"! \272KDgu\201\011\013\363M\213D\344\262caz\276Y\304"
 1062      44677581 
 1062      090BF34D 
 1062      8B44E4B2 
 1062      63617ABE 
 1063 0070 0BB40934 		.ascii	"\013\264\0114ea\012\017\270_\361\307\323\305\3557\220"
 1063      65610A0F 
 1063      B85FF1C7 
 1063      D3C5ED37 
 1063      90
 1064 0081 D50C2913 		.ascii	"\325\014)\023=\326\325~\0361\0268e\300>\214,\234\326"
 1064      3DD6D57E 
 1064      1E311638 
 1064      65C03E8C 
 1064      2C9CD6
 1065 0094 88C7E95C 		.ascii	"\210\307\351\\&\362\356\343\246H\221Rfl@\357`\035x\256"
 1065      26F2EEE3 
 1065      A6489152 
 1065      666C40EF 
 1065      601D78AE 
 1066 00a8 D955F057 		.ascii	"\331U\360W\234\3347\331\361\375\351\372\266\216\373"
 1066      9CDC37D9 
 1066      F1FDE9FA 
 1066      B68EFB
 1067 00b7 D61CA29E 		.ascii	"\326\034\242\236\377\031U\243\265\367\205L\016\376\266"
 1067      FF1955A3 
 1067      B5F7854C 
 1067      0EFEB6
 1068 00c6 44F64EED 		.ascii	"D\366N\355o\331Zf\312\266\225oZ\3066\012\300\246\332"
 1068      6FD95A66 
 1068      CAB6956F 
 1068      5AC6360A 
 1068      C0A6DA
 1069 00d9 5A9CB724 		.ascii	"Z\234\267$6$#\232c\253\003\323\012_ \273?\337\"\377"
 1069      3624239A 
 1069      63AB03D3 
 1069      0A5F20BB 
 1069      3FDF22FF 
 1070 00ed 9EE96EBB 		.ascii	"\236\351n\273\017\035\332\307\314\301\375\337\3262c"
 1070      0F1DDAC7 
 1070      CCC1FDDF 
 1070      D63263
 1071 00fc 995969F6 		.ascii	"\231Yi\366\327=\215r\316\033+\300V\355\365\267\346W"
 1071      D73D8D72 
 1071      CE1B2BC0 
 1071      56EDF5B7 
 1071      E657
 1072 010e EBB0D51E 		.ascii	"\353\260\325\036P7\222\017\263rB\351Y>\272U\225\034"
 1072      5037920F 
 1072      B37242E9 
 1072      593EBA55 
 1072      951C
 1073 0120 BC025EB6 		.ascii	"\274\002^\266\035\203ODzS\356\305\016\226\362.\206\224"
 1073      1D834F44 
 1073      7A53EEC5 
 1073      0E96F22E 
 1073      8694
 1074 0132 3FF7A55C 		.ascii	"?\367\245\\D\246\377/\250\242Y\350;f>-\215\266\207\332"
 1074      44A6FF2F 
 1074      A8A259E8 
 1074      3B663E2D 
 1074      8DB687DA 
 1075 0146 621CD54E 		.ascii	"b\034\325NT2~\024z\346F\322\360n\227\343\206I\242\233"
 1075      54327E14 
 1075      7AE646D2 
 1075      F06E97E3 
 1075      8649A29B 
 1076 015a B1EB99C9 		.ascii	"\261\353\231\311\262\027N\014$\365j\320\030\230\250"
 1076      B2174E0C 
 1076      24F56AD0 
 1076      1898A8
 1077 0169 98AB411C 		.ascii	"\230\253A\034\352\261G\245jP1\256\037T\202(1\372\372"
 1077      EAB147A5 
 1077      6A5031AE 
 1077      1F548228 
 1077      31FAFA
 1078 017c E5AAA947 		.ascii	"\345\252\251Gq#1n\024\206Q\315\\\271662v\307\324n\005"
 1078      7123316E 
 1078      148651CD 
 1078      5CB93636 
 1078      3276C7D4 
 1079 0192 6EC925C7 		.ascii	"n\311%\307/\327\256W\275\370d\207K\336\371\241K\303"
 1079      2FD7AE57 
 1079      BDF86487 
 1079      4BDEF9A1 
 1079      4BC3
 1080 01a4 83172F90 		.ascii	"\203\027/\220]\217\203\350\037\201@\2434"
 1080      5D8F83E8 
 1080      1F8140A3 
 1080      34
 1081              		.text
 1082              		.section	.gnu.lto_nvicClearPending.285.acf855fafa1b8638,"e",%progbits
 1083 0000 789C4550 		.ascii	"x\234EP\317k\023A\024~\337\274\335&\271\024\377\003"
 1083      CF6B1341 
 1083      147EDFBC 
 1083      DD26B914 
 1083      FF03
 1084 0012 851E8A48 		.ascii	"\205\036\212H3\265\202\350M\021\354\251\027\377\202"
 1084      33B582E8 
 1084      4D11ECA9 
 1084      17FF82
 1085 0021 26CB42B6 		.ascii	"&\313B\266\315f\313n\374u\352k\013-\004!\266B\017\245"
 1085      CD66CB6E 
 1085      FC75EA6B 
 1085      0B2D0421 
 1085      B6420FA5 
 1086 0035 0A8655BC 		.ascii	"\012\206U\274y\322VP\033*E\217*x,\210x\010\036D\004"
 1086      79D25650 
 1086      1B2A458F 
 1086      2A782C88 
 1086      78081E44 
 1087 004a 4124A06F 		.ascii	"A$\240o\322\250\303\274\341\373\276\367\315\233\367"
 1087      D2A8C3BC 
 1087      E1FBBEF7 
 1087      CD9BF7
 1088 0059 2605514A 		.ascii	"&\005QJDc\032`\302\306z\313\220\210\\(\030,\255\267"
 1088      44631A60 
 1088      C2C67ACB 
 1088      90885C28 
 1088      182CADB7 
 1089 006d 4A788601 		.ascii	"Jx\206\001\003-\032,\342\016\237T\372\363\301\326\341"
 1089      032D1A2C 
 1089      E20E9F54 
 1089      FAF3C1D6 
 1089      E1
 1090 007e 2BC8A32E 		.ascii	"+\310\243.r&\272\2471X\333\214\015\316\031\360\206\310"
 1090      7226BAA7 
 1090      3158DB8C 
 1090      0DCE19F0 
 1090      86C8
 1091 0090 E084229E 		.ascii	"\340\204\"\236\245\361\256\310\3337\273\"%\312\231\261"
 1091      A5F1AEC8 
 1091      DB37BB22 
 1091      25CA99B1 
 1092 00a0 03BD83A7 		.ascii	"\003\275\203\247\300\023}]\205\352\255\002\321\310\337"
 1092      C0137D5D 
 1092      85EAAD02 
 1092      D1C8DF
 1093 00af 4AAAD1E3 		.ascii	"J\252\321\343\367~W\372\277\333\"\207\237\321\033+B"
 1093      F77E57FA 
 1093      BFDB2287 
 1093      9FD11B2B 
 1093      42
 1094 00c0 6D9ED1C3 		.ascii	"m\236\321\303g\207<w\370\300\256z\333\354\372\025\017"
 1094      67873C77 
 1094      F8C0AE7A 
 1094      DBECFA15 
 1094      0F
 1095 00d1 D225BACD 		.ascii	"\322%\272\315\346\210,)\371\002\371\264\367\032\364"
 1095      E6882C29 
 1095      F902F9B4 
 1095      F71AF4
 1096 00e0 152B9B6B 		.ascii	"\025+\233k\007^\207\321a\337\365\345\341\270\023\177"
 1096      075E87D1 
 1096      61DFF5E5 
 1096      E1B8137F 
 1097 00f0 AD7EE08E 		.ascii	"\255~\340\2166yJ3\216\367W\017L\207yh\362\341\253\270"
 1097      36794A33 
 1097      8EF7570F 
 1097      4C877968 
 1097      F2E1ABB8 
 1098 0104 DC5F7326 		.ascii	"\334_s&\275l\224\355\177k\3750\303\341F@\377\220\354"
 1098      BD6C94ED 
 1098      7F6BFD30 
 1098      C3E14640 
 1098      FF90EC
 1099 0117 AFC8A8B2 		.ascii	"\257\310\250\262\207\356\263z*\025\360\002x>pL\336\027"
 1099      87EEB37A 
 1099      2A15F002 
 1099      783E704C 
 1099      DE17
 1100 0129 29E65CC4 		.ascii	")\346\\\304K\334u\363M)\357\215\346\\\302\236\366\343"
 1100      4BDC75F3 
 1100      4D29EF8D 
 1100      E65CC29E 
 1100      F6E3
 1101 013b 142D4FDF 		.ascii	"\024-O\337\261\374\361\335\364\340\033\333\214\377\003"
 1101      B1FCF1DD 
 1101      F4E01BDB 
 1101      8CFF03
 1102 014a 11956D2D 		.ascii	"\021\225m-\211C;\2275\303\353\225\264i\263\344j\032"
 1102      89433B97 
 1102      35C3EB95 
 1102      B469B3E4 
 1102      6A1A
 1103 015c 84F66625 		.ascii	"\204\366f%\214\347'\262\205z\324\234\230\257\332\313"
 1103      8CE727B2 
 1103      857AD49C 
 1103      98AFDACB 
 1104 016c 511A6B3A 		.ascii	"Q\032k:\244r=\252\332\240\026U\243$\263\272k\225\272"
 1104      A4723DAA 
 1104      DAA01655 
 1104      A324B3BA 
 1104      6B95BA
 1105 017f 5D48D266 		.ascii	"]H\322ff\203$\216\223\206\275xe\346\322\314\015\333"
 1105      6683248E 
 1105      9386BD78 
 1105      65E6D2CC 
 1105      0DDB
 1106 0191 B81605E5 		.ascii	"\270\026\005\345\200\3208v\204\312\341\351\251\363g"
 1106      80D03876 
 1106      84CAE1E9 
 1106      A9F367
 1107 01a0 26CF9DA5 		.ascii	"&\317\235\245?ZN\231\342"
 1107      3F5A4E99 
 1107      E2
 1108              		.text
 1109              		.section	.gnu.lto_.symbol_nodes.acf855fafa1b8638,"e",%progbits
 1110 0000 789C2B63 		.ascii	"x\234+c\000\002\246YL\365\014\015@\300\3028\341\034"
 1110      0002A659 
 1110      4CF50C0D 
 1110      40C0C238 
 1110      E11C
 1111 0012 03433D03 		.ascii	"\003C=\003\303\256\206FF\006F\006\260\344l\246zF\234"
 1111      C3AE8646 
 1111      46064606 
 1111      B0E46CA6 
 1111      7A469C
 1112 0025 927398EA 		.ascii	"\222s\230\352\231pJ\316e\252g\306%\311\000\000\331\222"
 1112      99704ACE 
 1112      65AA67C6 
 1112      25C90000 
 1112      D992
 1113 0037 1B73     		.ascii	"\033s"
 1114              		.text
 1115              		.section	.gnu.lto_.refs.acf855fafa1b8638,"e",%progbits
 1116 0000 789C6364 		.ascii	"x\234cd\000\002\000\000\012\000\002"
 1116      00020000 
 1116      0A0002
 1117              		.text
 1118              		.section	.gnu.lto_.decls.acf855fafa1b8638,"e",%progbits
 1119 0000 789CAD57 		.ascii	"x\234\255WkPTG\032\355\257\373\302\014\327QPI\231\332"
 1119      6B505447 
 1119      1AEDAFFB 
 1119      C20CD751 
 1119      504999DA 
 1120 0014 A22C6ACB 		.ascii	"\242,j\313\252P\265+\243h\214\376\331\002\007X\331\224"
 1120      AA50B52B 
 1120      A3688CFE 
 1120      D9020758 
 1120      D994
 1121 0026 2E3563AC 		.ascii	".5c\254Z\177\254\213\314$\314\206\2075\214Y\375\265"
 1121      5A7FAC8B 
 1121      CC24CC86 
 1121      87358C59 
 1121      FDB5
 1122 0038 17C50711 		.ascii	"\027\305\007\021\024I\214\210\217\240nV7\2760Q\243\340"
 1122      14498C88 
 1122      8FA06E56 
 1122      37BE3051 
 1122      A3E0
 1123 004a 63444504 		.ascii	"cDE\004\215\212h\014\276\006\025\235\370DcV\202(\373"
 1123      8D8A680C 
 1123      BE06159D 
 1123      F8446356 
 1123      8228FB
 1124 005d 75DF3B73 		.ascii	"u\337;s\2710\261*U\333\332\367Nw\237>\347|\337\355\207"
 1124      B930B12A 
 1124      55DBDAF7 
 1124      4E779F3E 
 1124      E77CDFED 
 1125 0072 FE338690 		.ascii	"\3763\206\220\267)!\225@H/\226\010B\310y\254\330$uD"
 1125      B7292195 
 1125      40482F96 
 1125      0842C879 
 1125      ACD82475 
 1126 0087 2D12D6E3 		.ascii	"-\022\326\343X\033\2616a=M\006\226\022\2340\030\337"
 1126      581BB136 
 1126      613D4D06 
 1126      96129C30 
 1126      18DF
 1127 0099 39588761 		.ascii	"9X\207a\215\325\346\307a}\013\353_\260\276\211\230\021"
 1127      8DD5E6C7 
 1127      617D0BEB 
 1127      5FB0BE89 
 1127      9811
 1128 00ab 58DBF1B7 		.ascii	"X\333\361\267\037\353\023\254\235X\031V\013\366\017"
 1128      1FEB13AC 
 1128      9D581956 
 1128      0BF60F
 1129 00ba C53A0854 		.ascii	"\305:\010T\355\343a4V\342\200%\214F\177\376 oP\007\303"
 1129      EDE36134 
 1129      56E28025 
 1129      8C467FFE 
 1129      206F5007 
 1130 00cf 2351A06A 		.ascii	"#Q\240j\200\026G\377\262\012\007\344_\360\317\271?\300"
 1130      801647FF 
 1130      B20A07E4 
 1130      5FF0CFB9 
 1130      3FC0
 1131 00e1 F1F7B1A6 		.ascii	"\361\367\261\246\201\312\311y\376\252\3615\205\341["
 1131      81CAC979 
 1131      FEAAF135 
 1131      85E15B
 1132 00f0 F30B7CDC 		.ascii	"\363\013|\334\353\3140^9\317P\215/\\~+\030\274\005\374"
 1132      EBCC305E 
 1132      39CF508D 
 1132      2F5C7E2B 
 1132      18BC05FC 
 1133 0104 03458B5F 		.ascii	"\003E\213_\204QbUDY\360\033\002\373@\200&\015b\177\342"
 1133      84516255 
 1133      4459F01B 
 1133      02FB4080 
 1133      260D627F 
 1134 0119 C86120E1 		.ascii	"\310a \3413\026\342\3272\372\340\304\017\247\007\313"
 1134      3316E2D7 
 1134      32FAE0C4 
 1134      0FA707CB 
 1135 0129 3E45E954 		.ascii	">E\351T|\305Q\004j\001\016\000\201\375\200,\337\000"
 1135      7CC55104 
 1135      6A010E00 
 1135      81FD802C 
 1135      DF00
 1136 013b EC05D803 		.ascii	"\354\005\330\003\010k\276\262\241&\252\003\370\267\000"
 1136      086BBEB2 
 1136      A126AA03 
 1136      F8B700
 1137 014a C9090097 		.ascii	"\311\011\000\227'\340C&3\031\211U\250B\2078\031\225"
 1137      27E04326 
 1137      33198955 
 1137      A8428738 
 1137      1995
 1138 015c 99CC9CF2 		.ascii	"\231\314\234\362e):\341\031K6\323\204h\331\274\365\030"
 1138      65293AE1 
 1138      194B36D3 
 1138      8468D9BC 
 1138      F518
 1139 016e C4C81166 		.ascii	"\304\310\021fJ\003&\247\234\320\015\333iud|\262\"9K"
 1139      4A0326A7 
 1139      9CD00DDB 
 1139      6975647C 
 1139      B222394B 
 1140 0182 DF089814 		.ascii	"\337\010\230\024Z>-v\\2>\003\246Fp\342\254L\311\034"
 1140      5A3E2D76 
 1140      5C323E03 
 1140      A64670E2 
 1140      AC4CC91C 
 1141 0196 83BF0226 		.ascii	"\203\277\002&\371\031\253.\213t\236\241K\337\202F\220"
 1141      F919AB2E 
 1141      8B749EA1 
 1141      4BDF8246 
 1141      90
 1142 01a7 9D49B118 		.ascii	"\235I\261\030I\262\331<rd=\253g\215\030\216\331\\\263"
 1142      49B2D93C 
 1142      72643DAB 
 1142      678D188E 
 1142      D95CB3
 1143 01ba F30D3960 		.ascii	"\363\0159`\212F\216\004g|\2143>\272\021\"\234N96\201"
 1143      8A468E04 
 1143      677C8C33 
 1143      3EBA1122 
 1143      9C4E3936 
 1144 01cf A00B6752 		.ascii	"\240\013gRR2\225\221Z27B\022\003K\222\322~\177\204\034"
 1144      52329591 
 1144      5A323742 
 1144      12034B92 
 1144      D27E7F84 
 1145 01e4 21478D8C 		.ascii	"!G\215\214O \304I\322)\022\263\336`\001\023\212:\365"
 1145      4F20C449 
 1145      D22912B3 
 1145      DE600113 
 1145      8A3AF5
 1146 01f7 2640824C 		.ascii	"&@\202L\223({7`\302\005B\343\011Q$\263\305\002\012\276"
 1146      93287B37 
 1146      60C20542 
 1146      E3095124 
 1146      B3C5020A 
 1147 020c A266BDEB 		.ascii	"\242f\275\353\314L\222I\300Dq(V\002\205\202>S\216$\000"
 1147      CC4C9249 
 1147      C0447128 
 1147      56028582 
 1147      3E538E24 
 1148 0221 DB18E690 		.ascii	"\333\030\346\220\377\301B@\375E@\253\244\257Lh\234j"
 1148      FFC14240 
 1148      FD4540AB 
 1148      A4AF4C68 
 1148      9C6A
 1149 0233 3F0809F6 		.ascii	"?\010\011\366\206\012\011\275\011\3258\250\272&\000"
 1149      860A09BD 
 1149      09D538A8 
 1149      BA2600
 1150 0242 B43781A0 		.ascii	"\2647\201\240D\037r\242\321\021\320 A\036m\256\272*"
 1150      441F72A2 
 1150      D111D020 
 1150      411E6DAE 
 1150      BA2A
 1151 0254 823D412F 		.ascii	"\202=A/\\C\200i\2607T\006\0307\024\335\006\347\340\324"
 1151      5C438069 
 1151      B0375406 
 1151      183714DD 
 1151      06E7E0D4 
 1152 0268 B8703EE9 		.ascii	"\270p>\351\250+\216\272\203yS\366\22753\030R\236\214"
 1152      A82B8EBA 
 1152      837953F6 
 1152      97353318 
 1152      529E8C
 1153 027b 1B3A9F8F 		.ascii	"\033:\237\217\224/m\235\300\217\016\250\003(\300vS\275"
 1153      942F6D9D 
 1153      C08F0EA8 
 1153      0328C076 
 1153      53BD
 1154 028d CF3724D8 		.ascii	"\3177$\330q\004\304:\245b\235\306\340h\333%\237\337"
 1154      7104C43A 
 1154      A5629DC6 
 1154      E068DB25 
 1154      9FDF
 1155 029f 3402691E 		.ascii	"4\002i\036(J,\344@=\300Q\256x\014\005} \244\374\245"
 1155      284A2CE4 
 1155      403DC051 
 1155      AE780C05 
 1155      7D20A4FC 
 1156 02b4 CF7ACDBF 		.ascii	"\317z\315\277\255\254T\272z\227<\3364\262a\241\262\225"
 1156      ADAC54BA 
 1156      7A973CDE 
 1156      34B261A1 
 1156      B295
 1157 02c6 AF1A84C0 		.ascii	"\257\032\204\300a\300\305,\202=\214\370C\000\007a\322"
 1157      61C0C52C 
 1157      823D8CF8 
 1157      43000761 
 1157      D2
 1158 02d7 1313BB06 		.ascii	"\023\023\273\006\341\214\264\225\255)\011'u\022\247"
 1158      E18CB495 
 1158      AD290927 
 1158      7512A7
 1159 02e6 36A852CF 		.ascii	"6\250R\317w\257}j\342R5U\013\227(1\013\020,\3418\234"
 1159      77AF7D6A 
 1159      E2523555 
 1159      0B972831 
 1159      0B102CE1 
 1160 02fc 08E99C08 		.ascii	"\010\351\234\010\351\264\231\330c\241s\262\266b\365"
 1160      E9B499D8 
 1160      63A173B2 
 1160      B662F5
 1161 030b 6031A956 		.ascii	"`1\251V\237\204\346N\205&\235\012MZmb\245\224OzX\271"
 1161      9F84E64E 
 1161      85269D0A 
 1161      4D5A6D62 
 1161      A5944F7A 
 1162 0321 66031593 		.ascii	"f\003\025\223\256\031\224\232C\223\232C\223\024\223"
 1162      AE19949A 
 1162      43939A43 
 1162      931493
 1163 0330 489A1227 		.ascii	"H\232\022'^\235j\253<V\344P\331\010l=Uw\377\302\010"
 1163      5E9D6AAB 
 1163      3C56E450 
 1163      D9086C3D 
 1163      5577FFC2 
 1164 0345 24BE74B2 		.ascii	"$\276t\262\245y\260\254h\033\037{\325\235O\340\002\362"
 1164      A579B0AC 
 1164      681B1F7B 
 1164      D59D4FE0 
 1164      02F2
 1165 0357 59A185EF 		.ascii	"Y\241\205\357\372[-W\257\014\031\206\230bE\251\246<"
 1165      FA5B2D57 
 1165      AF0C1986 
 1165      986245A9 
 1165      A63C
 1166 0369 3FE700CE 		.ascii	"?\347\000\316rP+\010\240\312\247D\252\202\240*E\263"
 1166      72502B08 
 1166      A0CAA744 
 1166      AA82A02A 
 1166      45B3
 1167 037b 2D9AD063 		.ascii	"-\232\320cNR\375\264\347\353\310pBmB\350{>+\016z\325"
 1167      4E52FDB4 
 1167      E7EBC870 
 1167      426D42E8 
 1167      7B3E2B0E 
 1168 0391 17615F8A 		.ascii	"\027a_\212\260O7\224\341\276\307c)\240\324\0271\002"
 1168      B04F3794 
 1168      E1BEC763 
 1168      29A0D417 
 1168      3102
 1169 03a3 E3600C81 		.ascii	"\343`\014\201k\200\010<\224\256\002\\\341\314/\367m"
 1169      6B80083C 
 1169      94AE025C 
 1169      E1CC2FF7 
 1169      6D
 1170 03b4 7F6AD1EC 		.ascii	"\177j\321\354\375\015\256\003|\007p\2113\337\000\301"
 1170      FD0DAE03 
 1170      7C077089 
 1170      33DF00C1 
 1171 03c4 CE894AAF 		.ascii	"\316\211J\257\267wG\313\376\327\023mS\226\327\311!\""
 1171      B77747CB 
 1171      FED7136D 
 1171      5396D7C9 
 1171      2122
 1172 03d6 FF402211 		.ascii	"\377@\"\021M\265$^~-\314!\354+-\314w\220\342\376\272"
 1172      4DB5245E 
 1172      7E2DCC21 
 1172      EC2B2DCC 
 1172      7790E2FE 
 1173 03eb FD15345C 		.ascii	"\375\0254\\\224wE\224w\270\314\223\252G\321\206l\336"
 1173      94774594 
 1173      77B8CC93 
 1173      AA47D186 
 1173      6CDE
 1174 03fd 06B8C531 		.ascii	"\006\270\3051\001\0208-\233\252L\274\252B\331AM\305"
 1174      0110382D 
 1174      9BAA4CBC 
 1174      AA42D941 
 1174      4DC5
 1175 040f 840C072E 		.ascii	"\204\014\007.\225\035\032\024N\345\221Py\310U*^5,\263"
 1175      951D1A14 
 1175      4EE59150 
 1175      79C8552A 
 1175      5E352CB3 
 1176 0423 1864EE03 		.ascii	"\030d\356\003\334\343 \\\206\034\310\323\262\330w\367"
 1176      DCE3205C 
 1176      861CC8D3 
 1176      B2D877F7 
 1177 0433 9C99A7E5 		.ascii	"\234\231\247\345\365\307\376\205\235\237^\000\235\253"
 1177      F5C7FE85 
 1177      9D9F5E00 
 1177      9DAB
 1178 0441 7320979A 		.ascii	"s \227\232\031\246f\206\250\236#\331Q\315\363\010\344"
 1178      19A66686 
 1178      A89E23D9 
 1178      51CDF308 
 1178      E4
 1179 0452 685CF77C 		.ascii	"h\\\367|\241\034\316\363s\341\371\277\\\307\267\325"
 1179      A11CCEF3 
 1179      73E1F9BF 
 1179      5CC7B7D5 
 1180 0462 EF32587E 		.ascii	"\3572X~\006\360#\307t\201\300i\231a\254Y#\256\246\354"
 1180      06F023C7 
 1180      7481C069 
 1180      9961AC59 
 1180      23AEA6EC 
 1181 0476 9CF61353 		.ascii	"\234\366\023S\324\026\354\005v#\330\013,@\011{\210\365"
 1181      D416EC05 
 1181      7623D80B 
 1181      2C40097B 
 1181      88F5
 1182 0488 B9D6551C 		.ascii	"\271\326U\034'\354U\373\201\365\360E\026\267\255\346"
 1182      27EC55FB 
 1182      81F5F045 
 1182      16B7ADE6 
 1183 0498 F6CC51BC 		.ascii	"\366\314Q\274\014\037\245\225\215\212\322UQu\360\214"
 1183      0C1FA595 
 1183      8D8AD255 
 1183      5175F08C 
 1184 04a8 5C845E2D 		.ascii	"\\\204^-\360\004\340\025@\031\015E\375\222?\306\022"
 1184      F004E015 
 1184      40190D45 
 1184      FD923FC6 
 1184      12
 1185 04b9 84D5D4EE 		.ascii	"\204\325\324\356P\224\030\025\263\200\366\305\024Q\201"
 1185      50941815 
 1185      B380F6C5 
 1185      145181
 1186 04c8 C1686AEA 		.ascii	"\301hj\3524L\027\360;\0021\301\260zu\236\375:O\261\201"
 1186      344C17F0 
 1186      3B0231C1 
 1186      B07A759E 
 1186      FD3A4FB1 
 1187 04dd C71A8234 		.ascii	"\307\032\2024qH\221\005\332\361\332\025v\202\313\363"
 1187      71489105 
 1187      DAF1DA15 
 1187      7682CBF3 
 1188 04ed 2204A530 		.ascii	"\"\004\2450q>\211\300b\012\213\270<b\360+.\243\260\234"
 1188      713E89C0 
 1188      620A8BB8 
 1188      3C62F02B 
 1188      2EA3B09C 
 1189 0501 4209858F 		.ascii	"B\011\205\217),\245PNa%\205O(|Ja\025\205R\012+(T\360"
 1189      292CA550 
 1189      4E612585 
 1189      4F287C4A 
 1189      61158552 
 1190 051a 539E7B3D 		.ascii	"S\236{=\240{]h\360z/$R\323\254aZ\001\316\013#\301\343"
 1190      A07B5D68 
 1190      F07A2F24 
 1190      52D3AC61 
 1190      5A01CE0B 
 1191 0531 E05B1D73 		.ascii	"\340[\035sH\347\351\201\276</\364\230\017\3531w\033"
 1191      48E7E981 
 1191      BE3C2FF4 
 1191      980FEB31 
 1191      771B
 1192 0543 F2FBB38A 		.ascii	"\362\373\263\212iG\314\351\262%\002\203kn\211\360\023"
 1192      6947CCE9 
 1192      B2250283 
 1192      6B6E89F0 
 1192      13
 1193 0554 5C366774 		.ascii	"\\6gt\255#\272\326O\006\255\247\272V\243\256\365\300"
 1193      AD23BAD6 
 1193      4F06ADA7 
 1193      BA56A3AE 
 1193      F5C0
 1194 0566 A0F583CE 		.ascii	"\240\365\203\316sJ\303\004\000:\004&\2701o\252\030\346"
 1194      734AC304 
 1194      003A0426 
 1194      B8316FAA 
 1194      18E6
 1195 0578 637CD3DC 		.ascii	"c|\323\334^_}\3362\274\177\266\3413\372k\363\215\\\233"
 1195      5E5F7DDE 
 1195      32BC7FB6 
 1195      E133FA6B 
 1195      F38D5C9B 
 1196 058c 6E74EDA6 		.ascii	"nt\355\246\026\361\357\256\352z\011V\353\361URm\271"
 1196      16F1EFAE 
 1196      EA7A0956 
 1196      EBF15552 
 1196      6DB9
 1197 059e 2F55EFC0 		.ascii	"/U\357\300N\265\245\036\343\325|\267\004\326\236o\260"
 1197      4EB5A51E 
 1197      E3D57CB7 
 1197      04D69E6F 
 1197      B0
 1198 05af 84DB5178 		.ascii	"\204\333Qx\300\343\216:\3001\307\374\213\253e\303\226"
 1198      C0E38E3A 
 1198      C031C7FC 
 1198      8BAB65C3 
 1198      96
 1199 05c0 5A47612D 		.ascii	"ZGa-_\033\033\250\000\022\326$\202\372ys\367}&N\002"
 1199      5F1B1BA8 
 1199      0012D624 
 1199      82FA7973 
 1199      F77D264E 
 1200 05d5 DFEB4E82 		.ascii	"\337\353N\202[=\035G\006\351|\370\267?\237pyN}\305\250"
 1200      5B3D1D47 
 1200      06E97CF8 
 1200      B73F9F70 
 1200      794E7DC5 
 1201 05ea 0701B0B3 		.ascii	"\007\001\260\263L\355`\374\237\002\367^\354\012k{\213"
 1201      4CED60FC 
 1201      9F02F75E 
 1201      EC0A6B7B 
 1201      8B
 1202 05fb B0FD6F8A 		.ascii	"\260\375o\212\230\235UWJ\300`\373_\0246s\231\255T\000"
 1202      989D5557 
 1202      4AC060FB 
 1202      5F143673 
 1202      99AD5400 
 1203 060f B9E55BEB 		.ascii	"\271\345[\353\277[d2x\351\017\022\232\215\204\2652\302"
 1203      BF5B6432 
 1203      78E90F12 
 1203      9A8D84B5 
 1203      32C2
 1204 0621 2E6B167C 		.ascii	".k\026|\352\313,\254\371\010\273*\302\337\373\250\247"
 1204      EACB2CAC 
 1204      F908BB2A 
 1204      C2DFFBA8 
 1204      A7
 1205 0632 26229CA9 		.ascii	"&\"\234\251\335\302\324\030\204\354\251k\336J\015\236"
 1205      DDC2D418 
 1205      84ECA96B 
 1205      DE4A0D9E 
 1206 0642 7651D8C9 		.ascii	"vQ\330\311\345\360\002\3408\316s\263\245\3531\030<\365"
 1206      E5F002E0 
 1206      38CE73B3 
 1206      A5EB3118 
 1206      3CF5
 1207 0654 0709F589 		.ascii	"\007\011\365\211\314\217\226:4Kc\330=luj\255\004\366"
 1207      CC8F963A 
 1207      344B63D8 
 1207      3D6C756A 
 1207      AD04F6
 1208 0667 13B6BAB1 		.ascii	"\023\266\272\261\366j=o\212\247E8\366\023\266HR\273"
 1208      F66A3D6F 
 1208      8AA74538 
 1208      F613B648 
 1208      52BB
 1209 0679 07A15EEB 		.ascii	"\007\241^\353\305\013\267\303\372>&|\327\363d>Y\362"
 1209      C50BB7C3 
 1209      FA3E267C 
 1209      D7F3643E 
 1209      59F2
 1210 068b 5591DCF7 		.ascii	"U\221\334\367~\364Q8\302-\035\247\002\307}\267\234*"
 1210      7EF45138 
 1210      C22D1DA7 
 1210      02C77DB7 
 1210      9C2A
 1211 069d 2F8EEA7B 		.ascii	"/\216\352{\365\365\307\260\022\211\2602\254+\261\256"
 1211      F5F5C7B0 
 1211      1289B032 
 1211      AC2BB1AE 
 1212 06ad C6BA0EEB 		.ascii	"\306\272\016\353F\315I\251z\027\372\315l\213\204l\277"
 1212      46CD49A9 
 1212      7A17FACD 
 1212      6C8B846C 
 1212      BF
 1213 06be DF5E5F51 		.ascii	"\337^_Q\024=\252o\011\035\255|O\277\320\367t\023\205"
 1213      143DAA6F 
 1213      091DAD7C 
 1213      4FBFD0F7 
 1213      741385
 1214 06d1 ABFA9AE7 		.ascii	"\253\372\232\347g]-\220/\020\263n\227\272\0277R\370"
 1214      675D2D90 
 1214      2F10B36E 
 1214      97BA1737 
 1214      52F8
 1215 06e3 5C6082EB 		.ascii	"\\`\202\353\354G\375l(Y\021\3429d\340\021\033\033\211"
 1215      EC47FD6C 
 1215      285911E2 
 1215      3964E011 
 1215      1B1B89
 1216 06f6 3A1054A5 		.ascii	":\020T\245\201\360Sl3\200\276\244*\2103\225\352L\007"
 1216      81F0536C 
 1216      3380BEA4 
 1216      2A883395 
 1216      EA4C07
 1217 0709 0CA06FD4 		.ascii	"\014\240o\324S\234\023u\227\205\210\232\007\270V\015"
 1217      539C1375 
 1217      9785889A 
 1217      07B8560D 
 1218 0719 7DACD31C 		.ascii	"}\254\323\0344@ji\010\263L\307\324\015\304h~^\352\031"
 1218      34406A69 
 1218      08B34CC7 
 1218      D40DC468 
 1218      7E5EEA19 
 1219 072d 6A348076 		.ascii	"j4\200v\366\001m\320\231\2765\200\326\350j\313u\314"
 1219      F6016DD0 
 1219      99BE3580 
 1219      D6E86ACB 
 1219      75CC
 1220 073f 3E03668F 		.ascii	">\003f\217\216\351\325\305\032\014\230\315TO\343\032"
 1220      8EE9D5C5 
 1220      1A0C98CD 
 1220      544FE31A 
 1221 074f 3D8DDB07 		.ascii	"=\215\333\007\246\261\357\345s\206\302i\336wU\034\206"
 1221      A6B1EFE5 
 1221      7386C269 
 1221      DE77551C 
 1221      86
 1222 0760 AD14CE52 		.ascii	"\255\024\316R\270\206\227\025\205[\024\332(\\\247p\236"
 1222      B8869715 
 1222      855B14DA 
 1222      285CA770 
 1222      9E
 1223 0771 C2450A97 		.ascii	"\302E\012\227(\\\240p\203\302\367x\322Rh\247p\205B\013"
 1223      285CA070 
 1223      83C2F778 
 1223      D25268A7 
 1223      7085420B 
 1224 0785 859B78A1 		.ascii	"\205\233x\241P\360S\270\314\017I\356\260Gwxj`:\324\003"
 1224      50F053B8 
 1224      CC0F49EE 
 1224      B0477778 
 1224      6A603AD4 
 1225 079a 7EE92EF5 		.ascii	"~\351.\365v<A\341\250\300\004W\360a=\3222=\033\373\007"
 1225      763C41E1 
 1225      A8C00457 
 1225      F0613DD2 
 1225      323D1BFB 
 1226 07af 7E668C94 		.ascii	"~f\214\224\337\002\353\265\225\267\201\362\033\260\317"
 1226      DF02EBB5 
 1226      95B781F2 
 1226      1BB0CF
 1227 07be CAABA2FA 		.ascii	"\312\253\242\372\362\254\324@_S\250\021\240\3406\337"
 1227      F2ACD440 
 1227      5F53A811 
 1227      A0E036DF 
 1228 07ce A1AA     		.ascii	"\241\252"
 1229 07d0 71CC5A0D 		.ascii	"q\314Z\015\363\037\012_\010L\360x\332\244;z\245Gvr`"
 1229      F31F0A5F 
 1229      084CF078 
 1229      DAA43B7A 
 1229      A5477672 
 1230 07e5 EE55CC0A 		.ascii	"\356U\314\012\335\365\336\201\337\020\015\261\035\222"
 1230      DDF5DE81 
 1230      DF100DB1 
 1230      1D92
 1231 07f3 F80FCCAA 		.ascii	"\370\017\314\252\2277\351\360\376\037\002:\350\377\353"
 1231      9737E9F0 
 1231      FE1F023A 
 1231      E8FFEB
 1232 0802 53F0B3E4 		.ascii	"S\360\263\344\263E>\223~_\335\321\315\334\345\210\321"
 1232      B3453E93 
 1232      7E5FDDD1 
 1232      CDDCE588 
 1232      D1
 1233 0813 B9EED9D6 		.ascii	"\271\356\331\326\354\034\367lwA\241\025\377\346d\345"
 1233      EC1CF76C 
 1233      7741A115 
 1233      FFE664E5 
 1234 0823 5AE71478 		.ascii	"Z\347\024x\274\205\326\354\202\274\274\202|k\212}\252"
 1234      BC85D6EC 
 1234      82BCBC82 
 1234      7C6B8A7D 
 1234      AA
 1235 0834 6DEA3C6B 		.ascii	"m\352<k\376G\356\354\304l\363\037\247\275\027o\2334"
 1235      FE47EEEC 
 1235      C46CF31F 
 1235      A7BD176F 
 1235      9B34
 1236 0846 89C4A8ED 		.ascii	"\211\304\250\355D\327\330\244I\343\306L\234@\314s\335"
 1236      44D7D8A4 
 1236      49E3C64C 
 1236      9C40CC73 
 1236      DD
 1237 0857 F9DE7149 		.ascii	"\371\336qI\263\274t<\261dy\362>z\3075:\357w\357\317"
 1237      B3BC743C 
 1237      B16479F2 
 1237      3E7AC735 
 1237      3AEF77EF 
 1238 086c 217236B2 		.ascii	"!r6\262\271\346\215\316\033\257NJ\313\317\232\235\353"
 1238      B9E68DCE 
 1238      1BAF4E4A 
 1238      CBCF9A9D 
 1238      EB
 1239 087d 9AE1CAF6 		.ascii	"\232\341\312\366\026x\022\2559\005y.\353\337\013\275"
 1239      167812AD 
 1239      3905792E 
 1239      EBDF0BBD 
 1240 088d AE7F6479 		.ascii	"\256\177dy\274\326\302\202\271\236l\227u~\226+\357\303"
 1240      BCD6C282 
 1240      B99E6C97 
 1240      757E962B 
 1240      EFC3
 1241 089f D1857372 		.ascii	"\321\205sr\335\336\321\037\316\266\246\273=y8\354\""
 1241      DDDED11F 
 1241      CEB6A6BB 
 1241      3D7938EC 
 1241      22
 1242 08b0 89BFCA2B 		.ascii	"\211\277\312+\031\312\337\251\356B]/\216\3678\\^\307"
 1242      19CADFA9 
 1242      EE425D2F 
 1242      8EF7385C 
 1242      5EC7
 1243 08c2 7C54CC9B 		.ascii	"|T\314\233\222\225\357\314uy2=\356\002\217\333;_\270"
 1243      9295EFCC 
 1243      7579323D 
 1243      EE028FDB 
 1243      3B5FB8
 1244 08d5 B3E5BAB2 		.ascii	"\263\345\272\262<\231\256|\247;\377\203({\232#\315>"
 1244      3C99AE7C 
 1244      A73BFF83 
 1244      287B9A23 
 1244      CD3E
 1245 08e7 232DF56D 		.ascii	"#-\365m\232\221i\342\361M\234\345\015u\216\2272R&\333"
 1245      9A9169E2 
 1245      F14D9CE5 
 1245      0D758E97 
 1245      325226DB 
 1246 08fb 43CD7152 		.ascii	"C\315qR\206-So&I\031\216L\273\331\256\266\306\342`\232"
 1246      862D536F 
 1246      2649198E 
 1246      4CBBD9AE 
 1246      B6C6E260 
 1247 0910 3E380607 		.ascii	">8\006\007\323\354\222cz\206\375\017\211\326~Ai\241"
 1247      D3EC9263 
 1247      7A86FD0F 
 1247      89D67E41 
 1247      69A1
 1248 0922 B8E67979 		.ascii	"\270\346yy8V\333TG\206\303j+\360\270\254\031\371\331"
 1248      3856DB54 
 1248      4786C36A 
 1248      2BF0B8AC 
 1248      19F9D9
 1249 0935 B9739D2E 		.ascii	"\271s\235.Dx\\\263\262\363\306'\346\220\250i32l\263"
 1249      44785CB3 
 1249      B2F3C627 
 1249      E690A869 
 1249      33326CB3 
 1250 0949 A6CF9FE3 		.ascii	"\246\317\237\343B\312\024\2734uj\272\235\245\244\332"
 1250      42CA14BB 
 1250      34756ABA 
 1250      9DA5A4DA 
 1251 0959 592ABE33 		.ascii	"Y*\2763\323\355RJ\272\303.MNO\261G\340\020\002Ry{\012"
 1251      D3ED524A 
 1251      BAC32E4D 
 1251      4E4FB147 
 1251      E0100252 
 1252 0970 7FD8F011 		.ascii	"\177\330\360\021\341\230bs\330\231cJ&\263\331\360m\263"
 1252      E1986273 
 1252      D899634A 
 1252      26B3D9F0 
 1252      6DB3
 1253 0982 47A464D8 		.ascii	"G\244d\330mvi\306\364?\333\3213\"l\231\357e\244\342"
 1253      6D7669C6 
 1253      F43FDBD1 
 1253      33226C99 
 1253      EF65A4E2 
 1254 0996 33C56637 		.ascii	"3\305f7;l\223\205\326\377\000\014vI9"
 1254      3B6C9385 
 1254      D6FF000C 
 1254      764939
 1255              		.text
 1256              		.section	.gnu.lto_.symtab.acf855fafa1b8638,"e",%progbits
 1257 0000 6E766963 		.ascii	"nvicEnableVector\000"
 1257      456E6162 
 1257      6C655665 
 1257      63746F72 
 1257      00
 1258 0011 00       		.ascii	"\000"
 1259 0012 00       		.ascii	"\000"
 1260 0013 00       		.ascii	"\000"
 1261 0014 00000000 		.ascii	"\000\000\000\000\000\000\000\000"
 1261      00000000 
 1262 001c C4000000 		.ascii	"\304\000\000\000"
 1263 0020 6E766963 		.ascii	"nvicDisableVector\000"
 1263      44697361 
 1263      626C6556 
 1263      6563746F 
 1263      7200
 1264 0032 00       		.ascii	"\000"
 1265 0033 00       		.ascii	"\000"
 1266 0034 00       		.ascii	"\000"
 1267 0035 00000000 		.ascii	"\000\000\000\000\000\000\000\000"
 1267      00000000 
 1268 003d C8000000 		.ascii	"\310\000\000\000"
 1269 0041 6E766963 		.ascii	"nvicSetSystemHandlerPriority\000"
 1269      53657453 
 1269      79737465 
 1269      6D48616E 
 1269      646C6572 
 1270 005e 00       		.ascii	"\000"
 1271 005f 00       		.ascii	"\000"
 1272 0060 00       		.ascii	"\000"
 1273 0061 00000000 		.ascii	"\000\000\000\000\000\000\000\000"
 1273      00000000 
 1274 0069 CA000000 		.ascii	"\312\000\000\000"
 1275 006d 6E766963 		.ascii	"nvicClearPending\000"
 1275      436C6561 
 1275      7250656E 
 1275      64696E67 
 1275      00
 1276 007e 00       		.ascii	"\000"
 1277 007f 00       		.ascii	"\000"
 1278 0080 00       		.ascii	"\000"
 1279 0081 00000000 		.ascii	"\000\000\000\000\000\000\000\000"
 1279      00000000 
 1280 0089 CC000000 		.ascii	"\314\000\000\000"
 1281              		.text
 1282              		.section	.gnu.lto_.ext_symtab.acf855fafa1b8638,"e",%progbits
 1283 0000 01       		.ascii	"\001"
 1284 0001 01       		.ascii	"\001"
 1285 0002 00       		.ascii	"\000"
 1286 0003 01       		.ascii	"\001"
 1287 0004 00       		.ascii	"\000"
 1288 0005 01       		.ascii	"\001"
 1289 0006 00       		.ascii	"\000"
 1290 0007 01       		.ascii	"\001"
 1291 0008 00       		.ascii	"\000"
 1292              		.text
 1293              		.section	.gnu.lto_.opts,"e",%progbits
 1294 0000 272D666E 		.ascii	"'-fno-openmp' '-fno-openacc' '-fno-pie' '-fcf-prote"
 1294      6F2D6F70 
 1294      656E6D70 
 1294      2720272D 
 1294      666E6F2D 
 1295 0033 6374696F 		.ascii	"ction=none' '-g' '-mcpu=cortex-m4' '-mthumb' '-mno-"
 1295      6E3D6E6F 
 1295      6E652720 
 1295      272D6727 
 1295      20272D6D 
 1296 0066 7468756D 		.ascii	"thumb-interwork' '-mno-unaligned-access' '-mfloat-a"
 1296      622D696E 
 1296      74657277 
 1296      6F726B27 
 1296      20272D6D 
 1297 0099 62693D68 		.ascii	"bi=hard' '-mfpu=fpv4-sp-d16' '-mlibarch=armv7e-m+fp"
 1297      61726427 
 1297      20272D6D 
 1297      6670753D 
 1297      66707634 
 1298 00cc 2720272D 		.ascii	"' '-march=armv7e-m+fp' '-Os' '-Ofast' '-fsingle-pre"
 1298      6D617263 
 1298      683D6172 
 1298      6D763765 
 1298      2D6D2B66 
 1299 00ff 63697369 		.ascii	"cision-constant' '-fomit-frame-pointer' '-ffunction"
 1299      6F6E2D63 
 1299      6F6E7374 
 1299      616E7427 
 1299      20272D66 
 1300 0132 2D736563 		.ascii	"-sections' '-fdata-sections' '-fshort-wchar' '-fcom"
 1300      74696F6E 
 1300      73272027 
 1300      2D666461 
 1300      74612D73 
 1301 0165 6D6F6E27 		.ascii	"mon' '-flto' '-Xassembler' '-adhlns=.build/obj_karl"
 1301      20272D66 
 1301      6C746F27 
 1301      20272D58 
 1301      61737365 
 1302 0198 6B39305F 		.ascii	"k90_yaemk/lib/chibios/os/hal/ports/common/ARMCMx/nv"
 1302      7961656D 
 1302      6B2F6C69 
 1302      622F6368 
 1302      6962696F 
 1303 01cb 69632E6C 		.ascii	"ic.lst'\000"
 1303      73742700 
 1304              		.text
 1305              		.comm	__gnu_lto_slim,1,1
 1306              		.ident	"GCC: (15:10.3-2021.07-4) 10.3.1 20210621 (release)"
DEFINED SYMBOLS
                            *ABS*:0000000000000000 nvic.c
     /tmp/ccQFKGvZ.s:19     .gnu.debuglto_.debug_info:0000000000000000 nvic.c.e1293086
                            *COM*:0000000000000001 __gnu_lto_slim

NO UNDEFINED SYMBOLS
