   1              		.cpu cortex-m4
   2              		.eabi_attribute 27, 1
   3              		.eabi_attribute 28, 1
   4              		.eabi_attribute 23, 1
   5              		.eabi_attribute 24, 1
   6              		.eabi_attribute 25, 1
   7              		.eabi_attribute 26, 1
   8              		.eabi_attribute 30, 2
   9              		.eabi_attribute 34, 0
  10              		.eabi_attribute 18, 2
  11              		.file	"hal_pal_lld.c"
  12              		.file 1 "/usr/lib/gcc/arm-none-eabi/10.3.1/include/stdint.h"
  13              		.file 2 "./lib/chibios/os/hal/ports/STM32/LLD/GPIOv2/stm32_gpio.h"
  14              		.file 3 "./lib/chibios/os/hal/ports/STM32/LLD/GPIOv2/hal_pal_lld.h"
  15              		.file 4 "lib/chibios/os/hal/ports/STM32/LLD/GPIOv2/hal_pal_lld.c"
  16              		.section	.gnu.debuglto_.debug_info,"e",%progbits
  17              	.Ldebug_info0:
  18              		.hidden	hal_pal_lld.c.2b6a0ffb
  19              		.weak	hal_pal_lld.c.2b6a0ffb
  20              	hal_pal_lld.c.2b6a0ffb:
  21 0000 44020000 		.4byte	0x244
  22 0004 0400     		.2byte	0x4
  23 0006 00000000 		.4byte	.Ldebug_abbrev0
  24 000a 04       		.byte	0x4
  25 000b 01       		.uleb128 0x1
  26 000c 22010000 		.4byte	.LASF35
  27 0010 0C       		.byte	0xc
  28 0011 4B020000 		.4byte	.LASF36
  29 0015 A9000000 		.4byte	.LASF37
  30 0019 00000000 		.4byte	.Ldebug_line0
  31 001d 02       		.uleb128 0x2
  32 001e 04       		.byte	0x4
  33 001f 05       		.byte	0x5
  34 0020 696E7400 		.ascii	"int\000"
  35 0024 03       		.uleb128 0x3
  36 0025 04       		.byte	0x4
  37 0026 07       		.byte	0x7
  38 0027 F3000000 		.4byte	.LASF0
  39 002b 03       		.uleb128 0x3
  40 002c 02       		.byte	0x2
  41 002d 07       		.byte	0x7
  42 002e 88000000 		.4byte	.LASF1
  43 0032 03       		.uleb128 0x3
  44 0033 01       		.byte	0x1
  45 0034 06       		.byte	0x6
  46 0035 C7020000 		.4byte	.LASF2
  47 0039 03       		.uleb128 0x3
  48 003a 02       		.byte	0x2
  49 003b 05       		.byte	0x5
  50 003c 3C000000 		.4byte	.LASF3
  51 0040 03       		.uleb128 0x3
  52 0041 04       		.byte	0x4
  53 0042 05       		.byte	0x5
  54 0043 B8020000 		.4byte	.LASF4
  55 0047 03       		.uleb128 0x3
  56 0048 08       		.byte	0x8
  57 0049 05       		.byte	0x5
  58 004a 00000000 		.4byte	.LASF5
  59 004e 03       		.uleb128 0x3
  60 004f 01       		.byte	0x1
  61 0050 08       		.byte	0x8
  62 0051 63000000 		.4byte	.LASF6
  63 0055 04       		.uleb128 0x4
  64 0056 A6020000 		.4byte	.LASF7
  65 005a 01       		.byte	0x1
  66 005b 31       		.byte	0x31
  67 005c 19       		.byte	0x19
  68 005d 2B000000 		.4byte	0x2b
  69 0061 04       		.uleb128 0x4
  70 0062 AF020000 		.4byte	.LASF8
  71 0066 01       		.byte	0x1
  72 0067 34       		.byte	0x34
  73 0068 19       		.byte	0x19
  74 0069 72000000 		.4byte	0x72
  75 006d 05       		.uleb128 0x5
  76 006e 61000000 		.4byte	0x61
  77 0072 03       		.uleb128 0x3
  78 0073 04       		.byte	0x4
  79 0074 07       		.byte	0x7
  80 0075 76000000 		.4byte	.LASF9
  81 0079 03       		.uleb128 0x3
  82 007a 08       		.byte	0x8
  83 007b 07       		.byte	0x7
  84 007c D9020000 		.4byte	.LASF10
  85 0080 03       		.uleb128 0x3
  86 0081 01       		.byte	0x1
  87 0082 08       		.byte	0x8
  88 0083 05010000 		.4byte	.LASF11
  89 0087 03       		.uleb128 0x3
  90 0088 01       		.byte	0x1
  91 0089 02       		.byte	0x2
  92 008a D3020000 		.4byte	.LASF12
  93 008e 06       		.uleb128 0x6
  94 008f 04       		.byte	0x4
  95 0090 02       		.byte	0x2
  96 0091 5B       		.byte	0x5b
  97 0092 05       		.byte	0x5
  98 0093 B2000000 		.4byte	0xb2
  99 0097 07       		.uleb128 0x7
 100 0098 73657400 		.ascii	"set\000"
 101 009c 02       		.byte	0x2
 102 009d 5C       		.byte	0x5c
 103 009e 19       		.byte	0x19
 104 009f 55000000 		.4byte	0x55
 105 00a3 00       		.byte	0
 106 00a4 08       		.uleb128 0x8
 107 00a5 16000000 		.4byte	.LASF13
 108 00a9 02       		.byte	0x2
 109 00aa 5D       		.byte	0x5d
 110 00ab 19       		.byte	0x19
 111 00ac 55000000 		.4byte	0x55
 112 00b0 02       		.byte	0x2
 113 00b1 00       		.byte	0
 114 00b2 09       		.uleb128 0x9
 115 00b3 04       		.byte	0x4
 116 00b4 02       		.byte	0x2
 117 00b5 59       		.byte	0x59
 118 00b6 0C       		.byte	0xc
 119 00b7 D0000000 		.4byte	0xd0
 120 00bb 0A       		.uleb128 0xa
 121 00bc 5700     		.ascii	"W\000"
 122 00be 02       		.byte	0x2
 123 00bf 5A       		.byte	0x5a
 124 00c0 19       		.byte	0x19
 125 00c1 61000000 		.4byte	0x61
 126 00c5 0A       		.uleb128 0xa
 127 00c6 4800     		.ascii	"H\000"
 128 00c8 02       		.byte	0x2
 129 00c9 5E       		.byte	0x5e
 130 00ca 07       		.byte	0x7
 131 00cb 8E000000 		.4byte	0x8e
 132 00cf 00       		.byte	0
 133 00d0 05       		.uleb128 0x5
 134 00d1 B2000000 		.4byte	0xb2
 135 00d5 06       		.uleb128 0x6
 136 00d6 28       		.byte	0x28
 137 00d7 02       		.byte	0x2
 138 00d8 51       		.byte	0x51
 139 00d9 09       		.byte	0x9
 140 00da 61010000 		.4byte	0x161
 141 00de 08       		.uleb128 0x8
 142 00df 1C000000 		.4byte	.LASF14
 143 00e3 02       		.byte	0x2
 144 00e4 53       		.byte	0x53
 145 00e5 19       		.byte	0x19
 146 00e6 6D000000 		.4byte	0x6d
 147 00ea 00       		.byte	0
 148 00eb 08       		.uleb128 0x8
 149 00ec 35000000 		.4byte	.LASF15
 150 00f0 02       		.byte	0x2
 151 00f1 54       		.byte	0x54
 152 00f2 19       		.byte	0x19
 153 00f3 6D000000 		.4byte	0x6d
 154 00f7 04       		.byte	0x4
 155 00f8 08       		.uleb128 0x8
 156 00f9 0E000000 		.4byte	.LASF16
 157 00fd 02       		.byte	0x2
 158 00fe 55       		.byte	0x55
 159 00ff 19       		.byte	0x19
 160 0100 6D000000 		.4byte	0x6d
 161 0104 08       		.byte	0x8
 162 0105 08       		.uleb128 0x8
 163 0106 90020000 		.4byte	.LASF17
 164 010a 02       		.byte	0x2
 165 010b 56       		.byte	0x56
 166 010c 19       		.byte	0x19
 167 010d 6D000000 		.4byte	0x6d
 168 0111 0C       		.byte	0xc
 169 0112 07       		.uleb128 0x7
 170 0113 49445200 		.ascii	"IDR\000"
 171 0117 02       		.byte	0x2
 172 0118 57       		.byte	0x57
 173 0119 19       		.byte	0x19
 174 011a 6D000000 		.4byte	0x6d
 175 011e 10       		.byte	0x10
 176 011f 07       		.uleb128 0x7
 177 0120 4F445200 		.ascii	"ODR\000"
 178 0124 02       		.byte	0x2
 179 0125 58       		.byte	0x58
 180 0126 19       		.byte	0x19
 181 0127 6D000000 		.4byte	0x6d
 182 012b 14       		.byte	0x14
 183 012c 08       		.uleb128 0x8
 184 012d 30000000 		.4byte	.LASF18
 185 0131 02       		.byte	0x2
 186 0132 5F       		.byte	0x5f
 187 0133 05       		.byte	0x5
 188 0134 D0000000 		.4byte	0xd0
 189 0138 18       		.byte	0x18
 190 0139 08       		.uleb128 0x8
 191 013a 0F010000 		.4byte	.LASF19
 192 013e 02       		.byte	0x2
 193 013f 60       		.byte	0x60
 194 0140 19       		.byte	0x19
 195 0141 6D000000 		.4byte	0x6d
 196 0145 1C       		.byte	0x1c
 197 0146 08       		.uleb128 0x8
 198 0147 9B000000 		.4byte	.LASF20
 199 014b 02       		.byte	0x2
 200 014c 61       		.byte	0x61
 201 014d 19       		.byte	0x19
 202 014e 6D000000 		.4byte	0x6d
 203 0152 20       		.byte	0x20
 204 0153 08       		.uleb128 0x8
 205 0154 71000000 		.4byte	.LASF21
 206 0158 02       		.byte	0x2
 207 0159 62       		.byte	0x62
 208 015a 19       		.byte	0x19
 209 015b 6D000000 		.4byte	0x6d
 210 015f 24       		.byte	0x24
 211 0160 00       		.byte	0
 212 0161 04       		.uleb128 0x4
 213 0162 15010000 		.4byte	.LASF22
 214 0166 02       		.byte	0x2
 215 0167 63       		.byte	0x63
 216 0168 03       		.byte	0x3
 217 0169 D5000000 		.4byte	0xd5
 218 016d 04       		.uleb128 0x4
 219 016e 4D000000 		.4byte	.LASF23
 220 0172 03       		.byte	0x3
 221 0173 C2       		.byte	0xc2
 222 0174 12       		.byte	0x12
 223 0175 61000000 		.4byte	0x61
 224 0179 04       		.uleb128 0x4
 225 017a 5A000000 		.4byte	.LASF24
 226 017e 03       		.byte	0x3
 227 017f C7       		.byte	0xc7
 228 0180 12       		.byte	0x12
 229 0181 61000000 		.4byte	0x61
 230 0185 04       		.uleb128 0x4
 231 0186 9B020000 		.4byte	.LASF25
 232 018a 03       		.byte	0x3
 233 018b D9       		.byte	0xd9
 234 018c 18       		.byte	0x18
 235 018d 91010000 		.4byte	0x191
 236 0191 0B       		.uleb128 0xb
 237 0192 04       		.byte	0x4
 238 0193 61010000 		.4byte	0x161
 239 0197 0C       		.uleb128 0xc
 240 0198 DD000000 		.4byte	.LASF38
 241 019c 04       		.byte	0x4
 242 019d 59       		.byte	0x59
 243 019e 06       		.byte	0x6
 244 019f 3F020000 		.4byte	0x23f
 245 01a3 0D       		.uleb128 0xd
 246 01a4 96020000 		.4byte	.LASF26
 247 01a8 04       		.byte	0x4
 248 01a9 59       		.byte	0x59
 249 01aa 27       		.byte	0x27
 250 01ab 85010000 		.4byte	0x185
 251 01af 0D       		.uleb128 0xd
 252 01b0 8B020000 		.4byte	.LASF27
 253 01b4 04       		.byte	0x4
 254 01b5 5A       		.byte	0x5a
 255 01b6 29       		.byte	0x29
 256 01b7 6D010000 		.4byte	0x16d
 257 01bb 0D       		.uleb128 0xd
 258 01bc 0A010000 		.4byte	.LASF28
 259 01c0 04       		.byte	0x4
 260 01c1 5B       		.byte	0x5b
 261 01c2 25       		.byte	0x25
 262 01c3 79010000 		.4byte	0x179
 263 01c7 0E       		.uleb128 0xe
 264 01c8 C1020000 		.4byte	.LASF29
 265 01cc 04       		.byte	0x4
 266 01cd 5D       		.byte	0x5d
 267 01ce 0C       		.byte	0xc
 268 01cf 61000000 		.4byte	0x61
 269 01d3 0E       		.uleb128 0xe
 270 01d4 46000000 		.4byte	.LASF30
 271 01d8 04       		.byte	0x4
 272 01d9 5E       		.byte	0x5e
 273 01da 0C       		.byte	0xc
 274 01db 61000000 		.4byte	0x61
 275 01df 0E       		.uleb128 0xe
 276 01e0 83020000 		.4byte	.LASF31
 277 01e4 04       		.byte	0x4
 278 01e5 5F       		.byte	0x5f
 279 01e6 0C       		.byte	0xc
 280 01e7 61000000 		.4byte	0x61
 281 01eb 0E       		.uleb128 0xe
 282 01ec D7000000 		.4byte	.LASF32
 283 01f0 04       		.byte	0x4
 284 01f1 60       		.byte	0x60
 285 01f2 0C       		.byte	0xc
 286 01f3 61000000 		.4byte	0x61
 287 01f7 0E       		.uleb128 0xe
 288 01f8 00010000 		.4byte	.LASF33
 289 01fc 04       		.byte	0x4
 290 01fd 61       		.byte	0x61
 291 01fe 0C       		.byte	0xc
 292 01ff 61000000 		.4byte	0x61
 293 0203 0F       		.uleb128 0xf
 294 0204 62697400 		.ascii	"bit\000"
 295 0208 04       		.byte	0x4
 296 0209 62       		.byte	0x62
 297 020a 0C       		.byte	0xc
 298 020b 61000000 		.4byte	0x61
 299 020f 10       		.uleb128 0x10
 300 0210 0E       		.uleb128 0xe
 301 0211 A0000000 		.4byte	.LASF34
 302 0215 04       		.byte	0x4
 303 0216 65       		.byte	0x65
 304 0217 10       		.byte	0x10
 305 0218 61000000 		.4byte	0x61
 306 021c 0F       		.uleb128 0xf
 307 021d 6D3100   		.ascii	"m1\000"
 308 0220 04       		.byte	0x4
 309 0221 65       		.byte	0x65
 310 0222 1A       		.byte	0x1a
 311 0223 61000000 		.4byte	0x61
 312 0227 0F       		.uleb128 0xf
 313 0228 6D3200   		.ascii	"m2\000"
 314 022b 04       		.byte	0x4
 315 022c 65       		.byte	0x65
 316 022d 1E       		.byte	0x1e
 317 022e 61000000 		.4byte	0x61
 318 0232 0F       		.uleb128 0xf
 319 0233 6D3400   		.ascii	"m4\000"
 320 0236 04       		.byte	0x4
 321 0237 65       		.byte	0x65
 322 0238 22       		.byte	0x22
 323 0239 61000000 		.4byte	0x61
 324 023d 00       		.byte	0
 325 023e 00       		.byte	0
 326 023f 11       		.uleb128 0x11
 327 0240 22000000 		.4byte	.LASF39
 328 0244 04       		.byte	0x4
 329 0245 41       		.byte	0x41
 330 0246 06       		.byte	0x6
 331 0247 00       		.byte	0
 332              		.section	.gnu.debuglto_.debug_abbrev,"e",%progbits
 333              	.Ldebug_abbrev0:
 334 0000 01       		.uleb128 0x1
 335 0001 11       		.uleb128 0x11
 336 0002 01       		.byte	0x1
 337 0003 25       		.uleb128 0x25
 338 0004 0E       		.uleb128 0xe
 339 0005 13       		.uleb128 0x13
 340 0006 0B       		.uleb128 0xb
 341 0007 03       		.uleb128 0x3
 342 0008 0E       		.uleb128 0xe
 343 0009 1B       		.uleb128 0x1b
 344 000a 0E       		.uleb128 0xe
 345 000b 10       		.uleb128 0x10
 346 000c 17       		.uleb128 0x17
 347 000d 00       		.byte	0
 348 000e 00       		.byte	0
 349 000f 02       		.uleb128 0x2
 350 0010 24       		.uleb128 0x24
 351 0011 00       		.byte	0
 352 0012 0B       		.uleb128 0xb
 353 0013 0B       		.uleb128 0xb
 354 0014 3E       		.uleb128 0x3e
 355 0015 0B       		.uleb128 0xb
 356 0016 03       		.uleb128 0x3
 357 0017 08       		.uleb128 0x8
 358 0018 00       		.byte	0
 359 0019 00       		.byte	0
 360 001a 03       		.uleb128 0x3
 361 001b 24       		.uleb128 0x24
 362 001c 00       		.byte	0
 363 001d 0B       		.uleb128 0xb
 364 001e 0B       		.uleb128 0xb
 365 001f 3E       		.uleb128 0x3e
 366 0020 0B       		.uleb128 0xb
 367 0021 03       		.uleb128 0x3
 368 0022 0E       		.uleb128 0xe
 369 0023 00       		.byte	0
 370 0024 00       		.byte	0
 371 0025 04       		.uleb128 0x4
 372 0026 16       		.uleb128 0x16
 373 0027 00       		.byte	0
 374 0028 03       		.uleb128 0x3
 375 0029 0E       		.uleb128 0xe
 376 002a 3A       		.uleb128 0x3a
 377 002b 0B       		.uleb128 0xb
 378 002c 3B       		.uleb128 0x3b
 379 002d 0B       		.uleb128 0xb
 380 002e 39       		.uleb128 0x39
 381 002f 0B       		.uleb128 0xb
 382 0030 49       		.uleb128 0x49
 383 0031 13       		.uleb128 0x13
 384 0032 00       		.byte	0
 385 0033 00       		.byte	0
 386 0034 05       		.uleb128 0x5
 387 0035 35       		.uleb128 0x35
 388 0036 00       		.byte	0
 389 0037 49       		.uleb128 0x49
 390 0038 13       		.uleb128 0x13
 391 0039 00       		.byte	0
 392 003a 00       		.byte	0
 393 003b 06       		.uleb128 0x6
 394 003c 13       		.uleb128 0x13
 395 003d 01       		.byte	0x1
 396 003e 0B       		.uleb128 0xb
 397 003f 0B       		.uleb128 0xb
 398 0040 3A       		.uleb128 0x3a
 399 0041 0B       		.uleb128 0xb
 400 0042 3B       		.uleb128 0x3b
 401 0043 0B       		.uleb128 0xb
 402 0044 39       		.uleb128 0x39
 403 0045 0B       		.uleb128 0xb
 404 0046 01       		.uleb128 0x1
 405 0047 13       		.uleb128 0x13
 406 0048 00       		.byte	0
 407 0049 00       		.byte	0
 408 004a 07       		.uleb128 0x7
 409 004b 0D       		.uleb128 0xd
 410 004c 00       		.byte	0
 411 004d 03       		.uleb128 0x3
 412 004e 08       		.uleb128 0x8
 413 004f 3A       		.uleb128 0x3a
 414 0050 0B       		.uleb128 0xb
 415 0051 3B       		.uleb128 0x3b
 416 0052 0B       		.uleb128 0xb
 417 0053 39       		.uleb128 0x39
 418 0054 0B       		.uleb128 0xb
 419 0055 49       		.uleb128 0x49
 420 0056 13       		.uleb128 0x13
 421 0057 38       		.uleb128 0x38
 422 0058 0B       		.uleb128 0xb
 423 0059 00       		.byte	0
 424 005a 00       		.byte	0
 425 005b 08       		.uleb128 0x8
 426 005c 0D       		.uleb128 0xd
 427 005d 00       		.byte	0
 428 005e 03       		.uleb128 0x3
 429 005f 0E       		.uleb128 0xe
 430 0060 3A       		.uleb128 0x3a
 431 0061 0B       		.uleb128 0xb
 432 0062 3B       		.uleb128 0x3b
 433 0063 0B       		.uleb128 0xb
 434 0064 39       		.uleb128 0x39
 435 0065 0B       		.uleb128 0xb
 436 0066 49       		.uleb128 0x49
 437 0067 13       		.uleb128 0x13
 438 0068 38       		.uleb128 0x38
 439 0069 0B       		.uleb128 0xb
 440 006a 00       		.byte	0
 441 006b 00       		.byte	0
 442 006c 09       		.uleb128 0x9
 443 006d 17       		.uleb128 0x17
 444 006e 01       		.byte	0x1
 445 006f 0B       		.uleb128 0xb
 446 0070 0B       		.uleb128 0xb
 447 0071 3A       		.uleb128 0x3a
 448 0072 0B       		.uleb128 0xb
 449 0073 3B       		.uleb128 0x3b
 450 0074 0B       		.uleb128 0xb
 451 0075 39       		.uleb128 0x39
 452 0076 0B       		.uleb128 0xb
 453 0077 01       		.uleb128 0x1
 454 0078 13       		.uleb128 0x13
 455 0079 00       		.byte	0
 456 007a 00       		.byte	0
 457 007b 0A       		.uleb128 0xa
 458 007c 0D       		.uleb128 0xd
 459 007d 00       		.byte	0
 460 007e 03       		.uleb128 0x3
 461 007f 08       		.uleb128 0x8
 462 0080 3A       		.uleb128 0x3a
 463 0081 0B       		.uleb128 0xb
 464 0082 3B       		.uleb128 0x3b
 465 0083 0B       		.uleb128 0xb
 466 0084 39       		.uleb128 0x39
 467 0085 0B       		.uleb128 0xb
 468 0086 49       		.uleb128 0x49
 469 0087 13       		.uleb128 0x13
 470 0088 00       		.byte	0
 471 0089 00       		.byte	0
 472 008a 0B       		.uleb128 0xb
 473 008b 0F       		.uleb128 0xf
 474 008c 00       		.byte	0
 475 008d 0B       		.uleb128 0xb
 476 008e 0B       		.uleb128 0xb
 477 008f 49       		.uleb128 0x49
 478 0090 13       		.uleb128 0x13
 479 0091 00       		.byte	0
 480 0092 00       		.byte	0
 481 0093 0C       		.uleb128 0xc
 482 0094 2E       		.uleb128 0x2e
 483 0095 01       		.byte	0x1
 484 0096 3F       		.uleb128 0x3f
 485 0097 19       		.uleb128 0x19
 486 0098 03       		.uleb128 0x3
 487 0099 0E       		.uleb128 0xe
 488 009a 3A       		.uleb128 0x3a
 489 009b 0B       		.uleb128 0xb
 490 009c 3B       		.uleb128 0x3b
 491 009d 0B       		.uleb128 0xb
 492 009e 39       		.uleb128 0x39
 493 009f 0B       		.uleb128 0xb
 494 00a0 27       		.uleb128 0x27
 495 00a1 19       		.uleb128 0x19
 496 00a2 01       		.uleb128 0x1
 497 00a3 13       		.uleb128 0x13
 498 00a4 00       		.byte	0
 499 00a5 00       		.byte	0
 500 00a6 0D       		.uleb128 0xd
 501 00a7 05       		.uleb128 0x5
 502 00a8 00       		.byte	0
 503 00a9 03       		.uleb128 0x3
 504 00aa 0E       		.uleb128 0xe
 505 00ab 3A       		.uleb128 0x3a
 506 00ac 0B       		.uleb128 0xb
 507 00ad 3B       		.uleb128 0x3b
 508 00ae 0B       		.uleb128 0xb
 509 00af 39       		.uleb128 0x39
 510 00b0 0B       		.uleb128 0xb
 511 00b1 49       		.uleb128 0x49
 512 00b2 13       		.uleb128 0x13
 513 00b3 00       		.byte	0
 514 00b4 00       		.byte	0
 515 00b5 0E       		.uleb128 0xe
 516 00b6 34       		.uleb128 0x34
 517 00b7 00       		.byte	0
 518 00b8 03       		.uleb128 0x3
 519 00b9 0E       		.uleb128 0xe
 520 00ba 3A       		.uleb128 0x3a
 521 00bb 0B       		.uleb128 0xb
 522 00bc 3B       		.uleb128 0x3b
 523 00bd 0B       		.uleb128 0xb
 524 00be 39       		.uleb128 0x39
 525 00bf 0B       		.uleb128 0xb
 526 00c0 49       		.uleb128 0x49
 527 00c1 13       		.uleb128 0x13
 528 00c2 00       		.byte	0
 529 00c3 00       		.byte	0
 530 00c4 0F       		.uleb128 0xf
 531 00c5 34       		.uleb128 0x34
 532 00c6 00       		.byte	0
 533 00c7 03       		.uleb128 0x3
 534 00c8 08       		.uleb128 0x8
 535 00c9 3A       		.uleb128 0x3a
 536 00ca 0B       		.uleb128 0xb
 537 00cb 3B       		.uleb128 0x3b
 538 00cc 0B       		.uleb128 0xb
 539 00cd 39       		.uleb128 0x39
 540 00ce 0B       		.uleb128 0xb
 541 00cf 49       		.uleb128 0x49
 542 00d0 13       		.uleb128 0x13
 543 00d1 00       		.byte	0
 544 00d2 00       		.byte	0
 545 00d3 10       		.uleb128 0x10
 546 00d4 0B       		.uleb128 0xb
 547 00d5 01       		.byte	0x1
 548 00d6 00       		.byte	0
 549 00d7 00       		.byte	0
 550 00d8 11       		.uleb128 0x11
 551 00d9 2E       		.uleb128 0x2e
 552 00da 00       		.byte	0
 553 00db 3F       		.uleb128 0x3f
 554 00dc 19       		.uleb128 0x19
 555 00dd 03       		.uleb128 0x3
 556 00de 0E       		.uleb128 0xe
 557 00df 3A       		.uleb128 0x3a
 558 00e0 0B       		.uleb128 0xb
 559 00e1 3B       		.uleb128 0x3b
 560 00e2 0B       		.uleb128 0xb
 561 00e3 39       		.uleb128 0x39
 562 00e4 0B       		.uleb128 0xb
 563 00e5 27       		.uleb128 0x27
 564 00e6 19       		.uleb128 0x19
 565 00e7 00       		.byte	0
 566 00e8 00       		.byte	0
 567 00e9 00       		.byte	0
 568              		.section	.gnu.debuglto_.debug_line,"e",%progbits
 569              	.Ldebug_line0:
 570 0000 AC000000 		.4byte	.LELT0-.LSLT0
 571              	.LSLT0:
 572 0004 0400     		.2byte	0x4
 573 0006 A6000000 		.4byte	.LELTP0-.LASLTP0
 574              	.LASLTP0:
 575 000a 01       		.byte	0x1
 576 000b 01       		.byte	0x1
 577 000c 01       		.byte	0x1
 578 000d F6       		.byte	0xf6
 579 000e F2       		.byte	0xf2
 580 000f 0D       		.byte	0xd
 581 0010 00       		.byte	0
 582 0011 01       		.byte	0x1
 583 0012 01       		.byte	0x1
 584 0013 01       		.byte	0x1
 585 0014 01       		.byte	0x1
 586 0015 00       		.byte	0
 587 0016 00       		.byte	0
 588 0017 00       		.byte	0
 589 0018 01       		.byte	0x1
 590 0019 00       		.byte	0
 591 001a 00       		.byte	0
 592 001b 01       		.byte	0x1
 593 001c 6C69622F 		.ascii	"lib/chibios/os/hal/ports/STM32/LLD/GPIOv2"
 593      63686962 
 593      696F732F 
 593      6F732F68 
 593      616C2F70 
 594 0045 00       		.byte	0
 595 0046 2F757372 		.ascii	"/usr/lib/gcc/arm-none-eabi/10.3.1/include"
 595      2F6C6962 
 595      2F676363 
 595      2F61726D 
 595      2D6E6F6E 
 596 006f 00       		.byte	0
 597 0070 00       		.byte	0
 598 0071 73746469 		.ascii	"stdint.h\000"
 598      6E742E68 
 598      00
 599 007a 02       		.uleb128 0x2
 600 007b 00       		.uleb128 0
 601 007c 00       		.uleb128 0
 602 007d 73746D33 		.ascii	"stm32_gpio.h\000"
 602      325F6770 
 602      696F2E68 
 602      00
 603 008a 01       		.uleb128 0x1
 604 008b 00       		.uleb128 0
 605 008c 00       		.uleb128 0
 606 008d 68616C5F 		.ascii	"hal_pal_lld.h\000"
 606      70616C5F 
 606      6C6C642E 
 606      6800
 607 009b 01       		.uleb128 0x1
 608 009c 00       		.uleb128 0
 609 009d 00       		.uleb128 0
 610 009e 68616C5F 		.ascii	"hal_pal_lld.c\000"
 610      70616C5F 
 610      6C6C642E 
 610      6300
 611 00ac 01       		.uleb128 0x1
 612 00ad 00       		.uleb128 0
 613 00ae 00       		.uleb128 0
 614 00af 00       		.byte	0
 615              	.LELTP0:
 616              	.LELT0:
 617              		.section	.gnu.debuglto_.debug_str,"eMS",%progbits,1
 618              	.LASF5:
 619 0000 6C6F6E67 		.ascii	"long long int\000"
 619      206C6F6E 
 619      6720696E 
 619      7400
 620              	.LASF16:
 621 000e 4F535045 		.ascii	"OSPEEDR\000"
 621      45445200 
 622              	.LASF13:
 623 0016 636C6561 		.ascii	"clear\000"
 623      7200
 624              	.LASF14:
 625 001c 4D4F4445 		.ascii	"MODER\000"
 625      5200
 626              	.LASF39:
 627 0022 5F70616C 		.ascii	"_pal_lld_init\000"
 627      5F6C6C64 
 627      5F696E69 
 627      7400
 628              	.LASF18:
 629 0030 42535252 		.ascii	"BSRR\000"
 629      00
 630              	.LASF15:
 631 0035 4F545950 		.ascii	"OTYPER\000"
 631      455200
 632              	.LASF3:
 633 003c 73686F72 		.ascii	"short int\000"
 633      7420696E 
 633      7400
 634              	.LASF30:
 635 0046 6F747970 		.ascii	"otyper\000"
 635      657200
 636              	.LASF23:
 637 004d 696F706F 		.ascii	"ioportmask_t\000"
 637      72746D61 
 637      736B5F74 
 637      00
 638              	.LASF24:
 639 005a 696F6D6F 		.ascii	"iomode_t\000"
 639      64655F74 
 639      00
 640              	.LASF6:
 641 0063 756E7369 		.ascii	"unsigned char\000"
 641      676E6564 
 641      20636861 
 641      7200
 642              	.LASF21:
 643 0071 41465248 		.ascii	"AFRH\000"
 643      00
 644              	.LASF9:
 645 0076 6C6F6E67 		.ascii	"long unsigned int\000"
 645      20756E73 
 645      69676E65 
 645      6420696E 
 645      7400
 646              	.LASF1:
 647 0088 73686F72 		.ascii	"short unsigned int\000"
 647      7420756E 
 647      7369676E 
 647      65642069 
 647      6E7400
 648              	.LASF20:
 649 009b 4146524C 		.ascii	"AFRL\000"
 649      00
 650              	.LASF34:
 651 00a0 616C7472 		.ascii	"altrmask\000"
 651      6D61736B 
 651      00
 652              	.LASF37:
 653 00a9 2F686F6D 		.ascii	"/home/jstewart/source/yaemk-split-kb/Firmware\000"
 653      652F6A73 
 653      74657761 
 653      72742F73 
 653      6F757263 
 654              	.LASF32:
 655 00d7 70757064 		.ascii	"pupdr\000"
 655      7200
 656              	.LASF38:
 657 00dd 5F70616C 		.ascii	"_pal_lld_setgroupmode\000"
 657      5F6C6C64 
 657      5F736574 
 657      67726F75 
 657      706D6F64 
 658              	.LASF0:
 659 00f3 756E7369 		.ascii	"unsigned int\000"
 659      676E6564 
 659      20696E74 
 659      00
 660              	.LASF33:
 661 0100 616C7472 		.ascii	"altr\000"
 661      00
 662              	.LASF11:
 663 0105 63686172 		.ascii	"char\000"
 663      00
 664              	.LASF28:
 665 010a 6D6F6465 		.ascii	"mode\000"
 665      00
 666              	.LASF19:
 667 010f 4C4F434B 		.ascii	"LOCKR\000"
 667      5200
 668              	.LASF22:
 669 0115 73746D33 		.ascii	"stm32_gpio_t\000"
 669      325F6770 
 669      696F5F74 
 669      00
 670              	.LASF35:
 671 0122 474E5520 		.ascii	"GNU C99 10.3.1 20210621 (release) -mcpu=cortex-m4 -"
 671      43393920 
 671      31302E33 
 671      2E312032 
 671      30323130 
 672 0155 6D746875 		.ascii	"mthumb -mno-thumb-interwork -mno-unaligned-access -"
 672      6D62202D 
 672      6D6E6F2D 
 672      7468756D 
 672      622D696E 
 673 0188 6D666C6F 		.ascii	"mfloat-abi=hard -mfpu=fpv4-sp-d16 -march=armv7e-m+f"
 673      61742D61 
 673      62693D68 
 673      61726420 
 673      2D6D6670 
 674 01bb 70202D67 		.ascii	"p -ggdb -Os -Ofast -std=gnu99 -fsingle-precision-co"
 674      67646220 
 674      2D4F7320 
 674      2D4F6661 
 674      7374202D 
 675 01ee 6E737461 		.ascii	"nstant -fomit-frame-pointer -ffunction-sections -fd"
 675      6E74202D 
 675      666F6D69 
 675      742D6672 
 675      616D652D 
 676 0221 6174612D 		.ascii	"ata-sections -fshort-wchar -fcommon -flto\000"
 676      73656374 
 676      696F6E73 
 676      202D6673 
 676      686F7274 
 677              	.LASF36:
 678 024b 6C69622F 		.ascii	"lib/chibios/os/hal/ports/STM32/LLD/GPIOv2/hal_pal_l"
 678      63686962 
 678      696F732F 
 678      6F732F68 
 678      616C2F70 
 679 027e 6C642E63 		.ascii	"ld.c\000"
 679      00
 680              	.LASF31:
 681 0283 6F737065 		.ascii	"ospeedr\000"
 681      65647200 
 682              	.LASF27:
 683 028b 6D61736B 		.ascii	"mask\000"
 683      00
 684              	.LASF17:
 685 0290 50555044 		.ascii	"PUPDR\000"
 685      5200
 686              	.LASF26:
 687 0296 706F7274 		.ascii	"port\000"
 687      00
 688              	.LASF25:
 689 029b 696F706F 		.ascii	"ioportid_t\000"
 689      72746964 
 689      5F7400
 690              	.LASF7:
 691 02a6 75696E74 		.ascii	"uint16_t\000"
 691      31365F74 
 691      00
 692              	.LASF8:
 693 02af 75696E74 		.ascii	"uint32_t\000"
 693      33325F74 
 693      00
 694              	.LASF4:
 695 02b8 6C6F6E67 		.ascii	"long int\000"
 695      20696E74 
 695      00
 696              	.LASF29:
 697 02c1 6D6F6465 		.ascii	"moder\000"
 697      7200
 698              	.LASF2:
 699 02c7 7369676E 		.ascii	"signed char\000"
 699      65642063 
 699      68617200 
 700              	.LASF12:
 701 02d3 5F426F6F 		.ascii	"_Bool\000"
 701      6C00
 702              	.LASF10:
 703 02d9 6C6F6E67 		.ascii	"long long unsigned int\000"
 703      206C6F6E 
 703      6720756E 
 703      7369676E 
 703      65642069 
 704              		.text
 705              		.section	.gnu.lto_.profile.6c4a5fc5ebdc6cbb,"e",%progbits
 706 0000 789C6362 		.ascii	"x\234cb\000\001\000\000\022\000\003"
 706      00010000 
 706      120003
 707              		.text
 708              		.section	.gnu.lto_.icf.6c4a5fc5ebdc6cbb,"e",%progbits
 709 0000 789CE363 		.ascii	"x\234\343c@\000&\206\347\357\356\316\347e\374\261\347"
 709      40002686 
 709      E7EFEECE 
 709      E765FCB1 
 709      E7
 710 0011 D1675606 		.ascii	"\321gV\006\0005?\006\376"
 710      00353F06 
 710      FE
 711              		.text
 712              		.section	.gnu.lto_.ipa_sra.6c4a5fc5ebdc6cbb,"e",%progbits
 713 0000 789C1361 		.ascii	"x\234\023a@\000&\006\006FFf$\001\006F\006\000\003\030"
 713      40002606 
 713      06464666 
 713      24010646 
 713      06000318 
 714 0014 001D     		.ascii	"\000\035"
 715              		.text
 716              		.section	.gnu.lto_.inline.6c4a5fc5ebdc6cbb,"e",%progbits
 717 0000 789C458E 		.ascii	"x\234E\216\261\012\302P\014Eon\036\265\203\203\223C"
 717      B10AC250 
 717      0C456F6E 
 717      1EB58383 
 717      9343
 718 0012 3FC5DFB1 		.ascii	"?\305\337\261\266\240\213\376\200(\270usq\024\341u\025"
 718      B6A08BFE 
 718      8028B875 
 718      737114E1 
 718      7515
 719 0024 07BB141C 		.ascii	"\007\273\024\034\2738\010\375\004\235\034\035\374\000"
 719      BB3808FD 
 719      049D1C1D 
 719      FC00
 720 0032 F368C14B 		.ascii	"\363h\301K\206\223\023HR\341\037\002\272\2610\225\300"
 720      86931348 
 720      52E11F02 
 720      BAB13095 
 720      C0
 721 0043 5BC33510 		.ascii	"[\3035\020u\212AA\360\300\353\335\354\270\020\345\322"
 721      758A4141 
 721      F0C0EBDD 
 721      ECB810E5 
 721      D2
 722 0054 2BF6EA55 		.ascii	"+\366\352U\204\220\251W\366\235re\023\271Jo\245\022"
 722      8490A957 
 722      F69D7265 
 722      13B94A6F 
 722      A512
 723 0066 8A19CB60 		.ascii	"\212\031\313`r\254\333'\347\300\360\323\234\277\232"
 723      72ACDB27 
 723      E7C0F0D3 
 723      9CBF9A
 724 0075 85B5E3F2 		.ascii	"\205\265\343\362P\237\230c\324\335\322YLX%\306\027\315"
 724      509F9863 
 724      D4DDD259 
 724      4C5825C6 
 724      17CD
 725 0087 63C448EE 		.ascii	"c\304H\356mq\323\314\301!\362u[h\352\010\027\036\302"
 725      6D71D3CC 
 725      C121F275 
 725      5B68EA08 
 725      171EC2
 726 009a 0FBD292B 		.ascii	"\017\275)+\340"
 726      E0
 727              		.text
 728              		.section	.gnu.lto_.jmpfuncs.6c4a5fc5ebdc6cbb,"e",%progbits
 729 0000 789C1367 		.ascii	"x\234\023g@\000& fdfddd\257_\302\314\014\304,@\314\300"
 729      40002620 
 729      66646664 
 729      6464AF5F 
 729      C2CC0CC4 
 730 0018 0000218B 		.ascii	"\000\000!\213\003\241"
 730      03A1
 731              		.text
 732              		.section	.gnu.lto_.pureconst.6c4a5fc5ebdc6cbb,"e",%progbits
 733 0000 789C6367 		.ascii	"x\234cg```bh`a\234\305\002\000\0041\001-"
 733      60606062 
 733      6860619C 
 733      C5020004 
 733      31012D
 734              		.text
 735              		.section	.gnu.lto_.lto.6c4a5fc5ebdc6cbb,"e",%progbits
 736 0000 09000400 		.ascii	"\011\000\004\000\001\000\000\000"
 736      01000000 
 737              		.text
 738              		.section	.gnu.lto__pal_lld_init.282.6c4a5fc5ebdc6cbb,"e",%progbits
 739 0000 789C2B61 		.ascii	"x\234+a``\310\004be fdf`\2344\261\213\211\241\241\241"
 739      6060C804 
 739      62652066 
 739      6466609C 
 739      34B18B89 
 740 0017 C1819D89 		.ascii	"\301\201\235\211\261qb\027'\343VF0\217\221\241\236\211"
 740      B1716217 
 740      27E35646 
 740      308F91A1 
 740      9E89
 741 0029 B19E7132 		.ascii	"\261\236q2\263&\220\373c\351\254\316\303\214\015+\016"
 741      B32690FB 
 741      63E9ACCE 
 741      C38C0D2B 
 741      0E
 742 003a 302E6166 		.ascii	"0.af`\230\007\304P\300\006\3431\002\361\372K\254\007"
 742      609807C4 
 742      50C006E3 
 742      3102F1FA 
 742      4BAC07
 743 004d 1AFEFCEF 		.ascii	"\032\376\374\357oh\270\372\230q\2262\023\003C?3\310"
 743      6F68B8FA 
 743      98719632 
 743      1303433F 
 743      33C8
 744 005f E80616C6 		.ascii	"\350\006\026\306\206\003\014\014\023\230\231 \234F "
 744      86030C0C 
 744      13989920 
 744      9C4620
 745 006e E7156383 		.ascii	"\347\025c\203\022\303'\306&\005\2601\375\314\214\010"
 745      12C327C6 
 745      2605B031 
 745      FDCC8C08 
 746 007e 750C0C7A 		.ascii	"u\014\014z\372\031\371\271\251\372Y\305%\251\345\211"
 746      FA19F9B9 
 746      A9FA59C5 
 746      25A9E589 
 747 008e 4525FAC5 		.ascii	"E%\372\305\371\245E\311\251\372\225\211\251\271\331"
 747      F9A545C9 
 747      A9FA9589 
 747      A9B9D9
 748 009d BAC50539 		.ascii	"\272\305\0059\231%\272\331I\372n\231E\271@\351T\006"
 748      9925BAD9 
 748      49FA6E99 
 748      45B940E9 
 748      5406
 749 00af 8B9CCC24 		.ascii	"\213\234\314$\375\344\214\314\244\314\374b} \312H\314"
 749      FDE48CCC 
 749      A4CCFC62 
 749      7D20CA48 
 749      CC
 750 00c0 D12FC82F 		.ascii	"\321/\310/*)\326\017\016\36156\322\367\361q\321w\017"
 750      2A29D60F 
 750      0EF13536 
 750      D2F7F171 
 750      D1770F
 751 00d3 F0F42F33 		.ascii	"\360\364/3\002I\305\027\000qNN\212^2\003\000RrOC"
 751      0249C517 
 751      00714E4E 
 751      8A5E3203 
 751      0052724F 
 752              		.text
 753              		.section	.gnu.lto__pal_lld_setgroupmode.283.6c4a5fc5ebdc6cbb,"e",%progbits
 754 0000 789C8D56 		.ascii	"x\234\215V{P\224U\024\277\347\273\337>X\340\303g\246"
 754      7B509455 
 754      14BFE7BB 
 754      DF3E58E0 
 754      C367A6
 755 0013 9682F916 		.ascii	"\226\202\371\026X\240\306\260\032C\247\251i\006\004"
 755      58A0C6B0 
 755      1A43A7A9 
 755      690604
 756 0022 AAFF0B74 		.ascii	"\252\377\013t\035Q\230e\026\252\351\257\026Q\230\261"
 756      1D519865 
 756      16AAE9AF 
 756      165198B1 
 757 0032 2676A197 		.ascii	"&v\241\227\206d\253\025\375\223fc>\360A\"\254b\246\370"
 757      8664AB15 
 757      FD936663 
 757      3EF04122 
 757      AC62A6F8 
 758 0046 986A7C95 		.ascii	"\230j|\225\223\245\025f5d\242d\347\234\273\373}\273"
 758      93A51566 
 758      3564A264 
 758      E79CBBFB 
 758      7DBB
 759 0058 9BC3C0C0 		.ascii	"\233\303\300\300\341\336s\177\277s\177\367\334\363\335"
 759      E1DE737F 
 759      BF737FF7 
 759      DCF3DD
 760 0067 7B571842 		.ascii	"{W\030B\364\010!n\340\037\244\011h\016\256\323\204\337"
 760      F408216E 
 760      E01FA409 
 760      680EAED3 
 760      84DF
 761 0079 EF2F7068 		.ascii	"\357/ph\320\022tqKjk\202\257ip\004\260\227\256\267\006"
 761      D0127471 
 761      4B6A6B82 
 761      AF697004 
 761      B097AEB7 
 762 008e 2E65C049 		.ascii	".e\300I\325\326\265\265\301\344\3376\3770^_\037\270"
 762      D5D6B5B5 
 762      C1E4DF36 
 762      FF305E5F 
 762      1FB8
 763 00a0 046F9E6B 		.ascii	"\004o\236k\233\253\333\264\206`2\0176\006\015\376o\207"
 763      9BABDBB4 
 763      8660320F 
 763      36060DFE 
 763      6F87
 764 00b2 779B43C0 		.ascii	"w\233C\300\221\034\324\314P\361\235\320\212m\025\251"
 764      911CD4CC 
 764      50F19DD0 
 764      8A6D15A9 
 765 00c2 C091A46D 		.ascii	"\300\221\244m\010lWA\337\303P\334p\021B\015'3X\021S"
 765      086C5741 
 765      DFC350DC 
 765      7011420D 
 765      27335811 
 766 00d7 B48D81ED 		.ascii	"\264\215\201\355\031(\347\323\246\265\016\275\015\321"
 766      1928E7D3 
 766      A6B50EBD 
 766      0DD1
 767 00e5 27AF0FE6 		.ascii	"'\257\017\346\353\251P\027\\w\261\335`\214\001-\237"
 767      EBA95017 
 767      5C77B1DD 
 767      608C012D 
 767      9F
 768 00f6 ADFBB935 		.ascii	"\255\373\2715\207; ^\325\244n\263;\234I\256\344\224"
 768      873B205E 
 768      D5A46EB3 
 768      3B9C49AE 
 768      E494
 769 0108 5403B02B 		.ascii	"T\003\260+\254\237\0269\007a\377|\270aw\027\370\333"
 769      AC9F1639 
 769      0761FF7C 
 769      B8617717 
 769      F8DB
 770 011a 3B610B0E 		.ascii	";a\013\016\266E\001\255\022\232\345\026\011\240GZ\032"
 770      B64501AD 
 770      129AE516 
 770      09A0475A 
 770      1A
 771 012b A4634BAE 		.ascii	"\244cK\256\024\263:\375\376\023\307w\371\375Ib\213\224"
 771      14B33AFD 
 771      FE13C777 
 771      F9FD4962 
 771      8B94
 772 013d B0139003 		.ascii	"\260\023\220\003_\000\354\000A\016\357fI\270F`\340\365"
 772      5F00EC00 
 772      410EEF66 
 772      49B84660 
 772      E0F5
 773 014f 3D9BDF36 		.ascii	"=\233\3376\002\030Z\207\335\361@\335\273\225\201\257"
 773      02185A87 
 773      DDF140DD 
 773      BB9581AF 
 774 015f 47801D9B 		.ascii	"G\200\035\233[\030h\203\216x\240\315\333!Y\217\014\002"
 774      5B186883 
 774      8E78A0CD 
 774      DB21598F 
 774      0C02
 775 0171 FD9B41E8 		.ascii	"\375\233A\350\336\372F#P\347\334\"\355\260/\026.\204"
 775      DEFA4623 
 775      50E7DC22 
 775      EDB02F16 
 775      2E84
 776 0183 B79E14CB 		.ascii	"\267\236\024\313\267L\354\266#\365\215\376Qk\322\011"
 776      B74CECB6 
 776      23F58DFE 
 776      516BD209 
 777 0193 7B20017B 		.ascii	"{ \001{\203%l\260\260\207-\354\227\011\330_\031\273"
 777      83256CB0 
 777      B0872DEC 
 777      9709D85F 
 777      19BB
 778 01a5 C9C21EB0 		.ascii	"\311\302\036\260\260]\011\330\213\214m\267\260\373-"
 778      B05D09D8 
 778      8B8C6DB7 
 778      B0FB2D
 779 01b4 6C7702F6 		.ascii	"lw\002\366\024c\267Z\330}\0266\234\200\015K\273\200"
 779      1463B75A 
 779      D87D1636 
 779      9C800D4B 
 779      BB80
 780 01c6 C3003D00 		.ascii	"\303\000=\000\207\000\016\002t\002\354\007\265k@avX"
 780      87000E02 
 780      7402EC07 
 780      B56B4061 
 780      7658
 781 01d8 293AD6D5 		.ascii	"):\326\325\034MQoB\230\355\234\242]&\366\304~\332N\236"
 781      1C4D516F 
 781      4298ED9C 
 781      A25D26F6 
 781      C47EDA4E 
 782 01ed F1AB04E8 		.ascii	"\361\253\004\350\307\014\355\260\240{L\350\327\011\320"
 782      C70CEDB0 
 782      A07B4CE8 
 782      D709D0
 783 01fc 5686EEB7 		.ascii	"V\206\356\267\240\355&\364D\0024\240\343:\372\000\216"
 783      A0ED26F4 
 783      440234A0 
 783      E33AFA00 
 783      8E
 784 020d 031C0338 		.ascii	"\003\034\0038\012\002\253Zx\233t\034u\375\177}\261\310"
 784      0A02AB5A 
 784      789B741C 
 784      75FD7F7D 
 784      B1C8
 785 021f AD276D9D 		.ascii	"\255'm\235\376\333w\232\374\376\213\223\317\236\373"
 785      FEDB779A 
 785      FCFE8B93 
 785      CF9EFB
 786 022e 28E919C0 		.ascii	"(\351\031\300\022qhd$\031\235\214\215\214\235\214\203"
 786      12716864 
 786      24199D8C 
 786      8D8C9D8C 
 786      83
 787 023f 8C138D93 		.ascii	"\214\023\215\223\252\325\341\242V2\231\024\352\246\222"
 787      AAD5E1A2 
 787      56329914 
 787      EAA692
 788 024e 31C8A491 		.ascii	"1\310\244\221\031Ef4\2311d\306\222\031Gf<\231{\310L"
 788      19456634 
 788      993164C6 
 788      92194766 
 788      3C997BC8 
 789 0263 20732F99 		.ascii	" s/\231\211d&\221\231L\346>2\367\223\231Bf*\231t2\031"
 789      89642691 
 789      994CE63E 
 789      32F79399 
 789      42662A99 
 790 027a 64A69179 		.ascii	"d\246\221y\200\314t23\310\314$3\213\314l2s\310\314%"
 790      80CC7432 
 790      33C8CC24 
 790      338BCC6C 
 790      3273C8CC 
 791 028f 338F4C26 		.ascii	"3\217L&\231,\001{ \233v\334-0'9\002\263\222+0/y\002"
 791      992C017B 
 791      209B76DC 
 791      2D302739 
 791      02B3922B 
 792 02a7 D3321F60 		.ascii	"\3232\037`/<L\243\3714\272\200F\037\241\321G\005\346"
 792      2F3C4CA3 
 792      F934BA80 
 792      461FA1D1 
 792      4705E6
 793 02ba ED3140EE 		.ascii	"\3551@\356B\312\362\343\002\263W 0\177\213\004fp1\300"
 793      42CAF2E3 
 793      02B35720 
 793      307F8B04 
 793      667031C0 
 794 02ce 2E28A4C8 		.ascii	".(\244\310ED[B\264b\242\225P\250R\212,D\223\024\327"
 794      45445B42 
 794      B462A295 
 794      50A8528A 
 794      2C449314 
 795 02e3 07DBF3C1 		.ascii	"\007\333\363\301\337)D@j\334\256\303\366/\340\277t\253"
 795      DF294440 
 795      6ADCAEC3 
 795      F62FE0BF 
 795      74AB
 796 02f5 07C435A8 		.ascii	"\007\3045\250\177\273\3612\204\344\303!9\237\216\007"
 796      7FBBF132 
 796      84E4C321 
 796      399F8E07 
 797 0305 07481C5C 		.ascii	"\007H\034\\\235\216!\320\311\270!\205\273\335p\331\036"
 797      9D8E21D0 
 797      C9B82185 
 797      BBDD70D9 
 797      1E
 798 0316 9210C139 		.ascii	"\222\020\3019A\263\310\371!u\2668\000\024\271\207\234"
 798      41B3C8F9 
 798      2175B638 
 798      0014B987 
 798      9C
 799 0327 4CBE1325 		.ascii	"L\276\023%\367#YC2dZ\274\005\350\202S\021\316!r0'\030"
 799      F7235943 
 799      32645ABC 
 799      05E88253 
 799      11CE2172 
 800 033e 8E99509A 		.ascii	"\216\231P\232\023\332,\342#\3507\211\007\311\301\304"
 800      13DA2CE2 
 800      23E83789 
 800      07C9C1C4 
 801 034e 9628B1DB 		.ascii	"\226(\261\333\021\222\272ItX\304G\321\257\224\246)r"
 801      1192BA49 
 801      7458C447 
 801      D1AF94A6 
 801      2972
 802 0360 273999FC 		.ascii	"'9\231\374V\230\343mZ\200\211#\210\235K< %\036\256~"
 802      5698E36D 
 802      5A808923 
 802      889D4B3C 
 802      20251EAE 
 803 0375 3D92B5D5 		.ascii	"=\222\265\325\005\224\327\220\314\303\266\3063\347r"
 803      0594D790 
 803      CCC3B6C6 
 803      33E772
 804 0384 8BC4E770 		.ascii	"\213\304\347p\213\226\356\346\026e0\233[{\260\225\305"
 804      8B96EEE6 
 804      1665309B 
 804      5B7BB095 
 804      C5
 805 0395 93BC134E 		.ascii	"\223\274\023N\242O\204\232\353\303\221\014\016\341\250"
 805      A24F849A 
 805      EBC3910C 
 805      0EE1A8
 806 03a4 0D017006 		.ascii	"\015\001p\006\304UXs\265\253\034\373J$\037\341\203\220"
 806      C4555873 
 806      B5AB1CFB 
 806      4A241FE1 
 806      8390
 807 03b6 15928F69 		.ascii	"\025\222\217i\272\010\311B\243\255\357\212\023#\014"
 807      BA08C942 
 807      A3ADEF8A 
 807      13230C
 808 03c5 42366E8F 		.ascii	"B6n\217vaguH\226\030\377\366U\016\202\033S\256]#G\221"
 808      76616775 
 808      489618FF 
 808      F6550E82 
 808      1B53AE5D 
 809 03dc D1533A08 		.ascii	"\321S:\0109\230N\355o\334\327%\306\205\276\332A\310"
 809      39984EED 
 809      6FDCD725 
 809      C685BEDA 
 809      41C8
 810 03ee C52C696F 		.ascii	"\305,io\354\306\361b\343\032\021\362\340;\320>%G\251"
 810      ECC6F162 
 810      E31A11F2 
 810      E03BD03E 
 810      2547A9
 811 0401 F1C6A917 		.ascii	"\361\306\251\027p\251z\035.U3\013\344\275p2^o\334l\213"
 811      70A97A1D 
 811      2E55330B 
 811      E4BD7032 
 811      5E6FDC6C 
 812 0416 E4B01BB3 		.ascii	"\344\260\033\263\212\233\222\247\344\261s[C?:1\341v"
 812      8A9B92A7 
 812      E4B1735B 
 812      433F3A31 
 812      E176
 813 0428 E5D4C939 		.ascii	"\345\324\3119\330\320\215\233\275\220\023\356P\231\356"
 813      D8D08D9B 
 813      BD9013EE 
 813      5099EE
 814 0437 C3652EE4 		.ascii	"\303e.\344`\237\205\245\302\014\240\313\011\363(\235"
 814      609F85A5 
 814      C20CA0CB 
 814      09F3289D 
 815 0447 D760F5ED 		.ascii	"\327`\365\355\3063\330\177\034]\212p\234zL\370\\\021"
 815      C633D87F 
 815      1C5D8A70 
 815      9C7A4CF8 
 815      5C11
 816 0459 B6350C60 		.ascii	"\2665\014`\320$sz\315\212\342\202L\034\261\242\024\240"
 816      D024737A 
 816      CD8AE282 
 816      4C1CB1A2 
 816      14A0
 817 046b 4B453946 		.ascii	"KE9F=\216\262#:-%<Y\225F\032\3113Y\213\320\257XG\251"
 817      3D8EB223 
 817      3A2D253C 
 817      5995461A 
 817      C933598B 
 818 0484 C7AC9DCC 		.ascii	"\307\254\235\314:\270\367\223)!\231\022\271C%\237\215"
 818      3AB8F793 
 818      29219912 
 818      B943259F 
 818      8D
 819 0495 1FD1D58E 		.ascii	"\037\321\325\216\3472\012Z\014\027A\344|\300]\027|\017"
 819      E7320A5A 
 819      0C1741E4 
 819      7CC05D17 
 819      7C0F
 820 04a7 1BF9FAC5 		.ascii	"\033\371\372\305\270\3576\016arRi!\234?J\225\201\201"
 820      B8EF360E 
 820      61725269 
 820      219C3F4A 
 820      958181
 821 04ba D0478EE6 		.ascii	"\320G\216\346\306\313\270\363i\354s\3234\327\327\365"
 821      C6CBB8F3 
 821      69EC73D3 
 821      34D7D7F5 
 822 04ca 6BD1D057 		.ascii	"k\321\320WR\357\022\373\222\212\215$V\267;F\335\250"
 822      52EF12FB 
 822      928A8D24 
 822      56B73B46 
 822      DDA8
 823 04dc E134FD88 		.ascii	"\3414\375\210<\210j\352\306IGSZX\323\000j\032\203t\364"
 823      3C886AEA 
 823      C6494753 
 823      5A58D300 
 823      6A1A8374 
 824 04f1 294DFD38 		.ascii	")M\3758<\226}9#\322\364\223\212\215$\326\324\021\243"
 824      3C967D39 
 824      23D2F493 
 824      8A8D24D6 
 824      D411A3
 825 0504 69DC709A 		.ascii	"i\334p\232\256 OcM\364u\242\212\361,k\234Rq\036U\334"
 825      AE204F63 
 825      4DF475A2 
 825      8AF12C6B 
 825      9C52711E 
 826 051a C3BEDC11 		.ascii	"\303\276\334\021\251\370EEC\022\253\330\207*\360k\272"
 826      A9F84545 
 826      4312ABD8 
 826      872AF06B 
 826      BA
 827 052b D2B5123F 		.ascii	"\322\265\022?\0248\257>\245\200\264mkZ\373\2150K\374"
 827      1438AF3E 
 827      A580B46D 
 827      6B5AFB8D 
 827      304BFC
 828 053e 54388550 		.ascii	"T8\205P\347\272|\221\252\262cQ+\244\375\333\360\301"
 828      E7BA7C91 
 828      AAB26351 
 828      2BA4FDDB 
 828      F0C1
 829 0550 7926F04C 		.ascii	"y&\360L8\225\027u\025\0275a\270E\365\243\014\031M4\245"
 829      38951775 
 829      15173561 
 829      B845F5A3 
 829      0C194D34 
 830 0565 F65EAA24 		.ascii	"\366^\252$s\211\023\221\216>k\211\223\330\267P-q\300"
 830      73891391 
 830      8E3E6B89 
 830      93D8B750 
 830      2D71C0
 831 0578 5A62DA5D 		.ascii	"Zb\332]b\377\256b#\211\025:\342\024~\027\243p\362p\012"
 831      62FFAE62 
 831      2389153A 
 831      E2147E17 
 831      A370F270 
 832 058d FFC0287A 		.ascii	"\377\300(z\254\302\373\342\024\336\217t\364Y\012\247"
 832      ACC2FBE2 
 832      14DE8F74 
 832      F4590AA7 
 833 059d B06F640A 		.ascii	"\260od\012\377R\261\221\304\012\235\361\331>\213\331"
 833      FF52B191 
 833      C40A9DF1 
 833      D93E8BD9 
 834 05ad E6CA981A 		.ascii	"\346\312\230\032\222S\207\2238\200al\321\312 \211\351"
 834      92538793 
 834      3880616C 
 834      D1CA2089 
 834      E9
 835 05be 5C1953AD 		.ascii	"\\\031S\255\372\314`_\266\0225d\2112\356\022\355\206"
 835      FACC605F 
 835      B6123564 
 835      8932EE12 
 835      ED86
 836 05d0 8A862416 		.ascii	"\212\206$\026\225t\002\257A0E\015\304\210\2326\234\250"
 836      957402AF 
 836      4130450D 
 836      C4889A36 
 836      9CA8
 837 05e2 9B89A21E 		.ascii	"\233\211\242\036`Q\323,Q\323\33172Q\267\242\242\246"
 837      6051D32C 
 837      51D3D937 
 837      3251B7A2 
 837      A2A6
 838 05f4 B38A1BB1 		.ascii	"\263\212\033\261\205\010\277E\313\325\325\276k\337i"
 838      8508BF45 
 838      CBD5D5BE 
 838      6BDF69
 839 0603 2B813763 		.ascii	"+\2017c\366x\306pZ\207\022\253pf\334\036\317B:\372\254"
 839      F678C670 
 839      5A8712AB 
 839      7066DC1E 
 839      CF423AFA 
 840 0618 3D9ECDBE 		.ascii	"=\236\315\276\221\355\361\235h\025\316f\211\311\361"
 840      91EDF19D 
 840      6815CE66 
 840      89C9F1
 841 0627 12876224 		.ascii	"\022\207b$\316\031Nb\235\226P\206s\343$\342\2550\007"
 841      CE194E62 
 841      9D965086 
 841      73E324E2 
 841      AD3007
 842 063a 7D96C44C 		.ascii	"}\226\304L\366\215Lb\275\026)\303L\226\230\022{\205"
 842      F68D4C62 
 842      BD1629C3 
 842      4C969812 
 842      7B85
 843 064c E333A1D7 		.ascii	"\3433\241\327E\2270\277\024\350\330/\244\313w\236:\370"
 843      459730BF 
 843      14E8D82F 
 843      A4CB779E 
 843      3AF8
 844 065e E9AA2E54 		.ascii	"\351\252.T\357\201^M\035 x\035\027\322\321\240\253M"
 844      EF815E4D 
 844      1D20781D 
 844      17D2D1A0 
 844      AB4D
 845 0670 C178A971 		.ascii	"\301x\251q\357\250wz\245\370\023\271\221A#\270\366\233"
 845      EFA8777A 
 845      A5F813B9 
 845      914123B8 
 845      F69B
 846 0682 B03447D7 		.ascii	"\2604G\327\367F\256)z~\024\3411\037\235\211\036\012"
 846      F746AE29 
 846      7A7E14E1 
 846      311F9D89 
 846      1E0A
 847 0694 45EA9E8D 		.ascii	"E\352\236\215B\372\321\265\004O]8\035\363&Z\302\230"
 847      42FAD1B5 
 847      044F5D38 
 847      1DF3265A 
 847      C298
 848 06a6 8D51CC79 		.ascii	"\215Q\314yt\025\343\231hb\350\021R\314\230\367c1%X\210"
 848      7415E399 
 848      6862E811 
 848      52CC98F7 
 848      63312558 
 849 06bb 26869E22 		.ascii	"&\206\236\"%\352\356U\230\326\206nt\225\232\207^\004"
 849      25EAEE55 
 849      98D6866E 
 849      74959A87 
 849      5E04
 850 06cd 474F9BD2 		.ascii	"GO\233\322\310C%E\320\363\021\314\347\243\020\331\356"
 850      C8432545 
 850      D0F311CC 
 850      E7A310D9 
 850      EE
 851 06de 15DE2A8F 		.ascii	"\025\336*\217{eM\255\347\3452_\255\273\306\373\242o"
 851      7B654DAD 
 851      E7E5325F 
 851      ADBBC6FB 
 851      A26F
 852 06f0 A9C7FD4A 		.ascii	"\251\307\375J\231\247jUVMueEm\326\252r\367\223\025\276"
 852      99A76A55 
 852      564D7565 
 852      456DD6AA 
 852      72F79315 
 853 0705 2A1CF688 		.ascii	"*\034\366\210\374\312\212r\367\322\025\025\345\025\336"
 853      FCCA8A72 
 853      F7D21515 
 853      E515DE
 854 0714 1A37FEAE 		.ascii	"\0327\376\256(\253tW{}\2655\356g\237+z0\317]X\370\204"
 854      28AB7457 
 854      7B7DB535 
 854      EE679F2B 
 854      7A30CF5D 
 855 072b FBA992A7 		.ascii	"\373\251\222\247\213_\312\243\241\347\253\361\257\262"
 855      8B5FCAA3 
 855      A1E7ABF1 
 855      AFB2
 856 0739 7259F652 		.ascii	"rY\366R\241\023jB\234/;\257|~Y\316\362\345\345B\257"
 856      A1136A42 
 856      9C2F3BAF 
 856      7C7E59CE 
 856      F2E5E542 
 857 074e 2AAB59A5 		.ascii	"*\253Y\245Wy\227ydyE\255^VY\353\263U\277X\275\314\347"
 857      57799779 
 857      647945AD 
 857      5E5659EB 
 857      B355BF58 
 858 0765 F0D6547B 		.ascii	"\360\326T{<\313|vo\355+\325\036\237\215 >\255\352!\255"
 858      3CCB7C76 
 858      6FED2BD5 
 858      1E9F8D20 
 858      3EADEA21 
 859 077a 2A4FABCA 		.ascii	"*O\253\312u\022\220\250\377\001x\263\0149"
 859      751290A8 
 859      FF0178B3 
 859      0C39
 860              		.text
 861              		.section	.gnu.lto_.symbol_nodes.6c4a5fc5ebdc6cbb,"e",%progbits
 862 0000 789CB366 		.ascii	"x\234\263f\000\002\246YL\365\014\015@\300\3028\341\034"
 862      0002A659 
 862      4CF50C0D 
 862      40C0C238 
 862      E11C
 863 0012 03433D03 		.ascii	"\003C=\003\303\256\206FF\006F\006\260\344l\246z\306"
 863      C3AE8646 
 863      46064606 
 863      B0E46CA6 
 863      7AC6
 864 0024 0FBF5658 		.ascii	"\017\277VX`\221c\000\000\340i\016|"
 864      60916300 
 864      00E0690E 
 864      7C
 865              		.text
 866              		.section	.gnu.lto_.refs.6c4a5fc5ebdc6cbb,"e",%progbits
 867 0000 789C6364 		.ascii	"x\234cd\000\002\000\000\012\000\002"
 867      00020000 
 867      0A0002
 868              		.text
 869              		.section	.gnu.lto_.decls.6c4a5fc5ebdc6cbb,"e",%progbits
 870 0000 789C9D55 		.ascii	"x\234\235UmLSW\030>\3579\267\364r\251\224H\235\373E"
 870      6D4C5357 
 870      183EEF39 
 870      B7F472A9 
 870      94489DFB 
 871 0015 1A4326C9 		.ascii	"\032C&\311\002\235\325\350\374\307\006\370\021QH\235"
 871      029DD5E8 
 871      FCC706F8 
 871      1151489D 
 872 0025 59E67E34 		.ascii	"Y\346~4\300\255\322I-k\253s?\226]\005\321e\216\341\374"
 872      C0ADD249 
 872      2D6BAB73 
 872      3F965D05 
 872      D1658EE1 
 873 003a A1534330 		.ascii	"\241SC0\306\305d\314\261\315M\204!\025\206\253\242\033"
 873      C6C564CC 
 873      B1CD4D84 
 873      211586AB 
 873      A21B
 874 004c 7E21CAE6 		.ascii	"~!\312\346\307\020-\212\212\023?\306\346\334{\356\275"
 874      C7102D8A 
 874      8A133FC6 
 874      E6DC7BEE 
 874      BD
 875 005d 6DC19268 		.ascii	"m\301\222h\366\266\357\3758\3479\317\373\234\347\336"
 875      F6B6EFFD 
 875      38E739CF 
 875      FB9CE7DE 
 876 006d 73CF4691 		.ascii	"s\317F\221\220\303@H\027!\344\011\006\303\363IL\003"
 876      90C34048 
 876      1721E409 
 876      06C3F349 
 876      4C03
 877 007f 6633E654 		.ascii	"f3\346T\314\026\314;\230w\211\026\024\363\001\277\000"
 877      CC16CC3B 
 877      98778916 
 877      14F301BF 
 877      00
 878 0090 1217B740 		.ascii	"\022\027\267@k.\325\357!\202}*\000I\222t\334DL\313\250"
 878      6B2ED5EF 
 878      21827D2A 
 878      00499274 
 878      DC444CCB 
 879 00a5 1ACD7A4D 		.ascii	"\032\315zM^{)\346 f\0203\001\263\017\363\032f?\346e"
 879      5E7B29E6 
 879      20661033 
 879      01B30FF3 
 879      1A663FE6 
 880 00ba CC01CC70 		.ascii	"\314\001\314pD\3128z>c0\025\370\304\314\352\025a\224"
 880      44CA387A 
 880      3E633015 
 880      F8C4CCEA 
 880      156194
 881 00cd D81435DA 		.ascii	"\330\0245\332\322\010\374\240\215\310Ibos\344D\020\360"
 881      D208FCA0 
 881      8DC84962 
 881      6F73E444 
 881      10F0
 882 00df 6801EB0E 		.ascii	"h\001\353\016FG\266\034\270d\222\202\2122\244\004+\023"
 882      4647B61C 
 882      B8649282 
 882      8A32A404 
 882      2B13
 883 00f1 0934011C 		.ascii	"\0114\001\034\004\002\215\200,\007\000\276\007\330\017"
 883      04028D80 
 883      2C0700BE 
 883      07D80F
 884 0100 4C26881C 		.ascii	"L&\210\034\354\0308>!\036\371\343h\244Jne\036\216\257"
 884      EC18383E 
 884      211EF9E3 
 884      68A44A6E 
 884      651E8EAF 
 885 0114 0A5EEF12 		.ascii	"\012^\357\022\245\313\317\306\277\310|\204\255!\354"
 885      A5CBCFC6 
 885      BFC87C84 
 885      AD21EC
 886 0123 03C23E24 		.ascii	"\003\302>$\252\260\024\265\235\262\265\300\357_\302"
 886      AAB014B5 
 886      9DB2B5C0 
 886      EF5FC2
 887 0132 8931F54C 		.ascii	"\2111\365L\330\006\340\324\017\253\366\326&q)\203Jp"
 887      D806E0D4 
 887      0FABF6D6 
 887      26712983 
 887      4A70
 888 0144 9D81C011 		.ascii	"\235\201\300\021\200\237\221\272\023\020\203\324\307"
 888      809F91BA 
 888      131083D4 
 888      C7
 889 0151 008E02AB 		.ascii	"\000\216\002\253\341\320\2043'\267_\240\251\351\351"
 889      E1D08433 
 889      27B75FA0 
 889      A9E9E9
 890 0160 E844A5A2 		.ascii	"\350D\245\242\004iD\007\201_\200c\177\005\350\342\356"
 890      04694407 
 890      815F8063 
 890      7F05E8E2 
 890      EE
 891 0171 20D9A3F3 		.ascii	" \331\243\363\307:*l\233\257W)]\012\203\343\000'\200"
 891      C73A2A6C 
 891      9BAF5729 
 891      5D0A83E3 
 891      002780
 892 0184 83347202 		.ascii	"\2034r\0026\314i\034\327\320\322W\245\244\2543qH(\016"
 892      36CC691C 
 892      D7D0D257 
 892      A5A4AC33 
 892      7148280E 
 893 0198 72442DDB 		.ascii	"rD-\333Q\327\345MO\267`\325\241C}\206\275A\025\326\001"
 893      51D7E54D 
 893      4FB760D5 
 893      A1437D86 
 893      BD4115D6 
 894 01ad 701AA2F5 		.ascii	"p\032\242\365\243|CM\273\253\223k\3262h\001\370i\034"
 894      A37C434D 
 894      BBAB936B 
 894      D6326801 
 894      F8691C
 895 01c0 082741E9 		.ascii	"\010'A\351BL\372iU\372)\200\223\\:\032r\273\261\375"
 895      424CFA69 
 895      55FA2980 
 895      935C3A1A 
 895      72BBB1FD 
 896 01d4 D3644BDD 		.ascii	"\323dK\3353\200\252\253)\3541\372\270\226jw\"[O\011"
 896      3380AAAB 
 896      29EC31FA 
 896      B8966A77 
 896      225B4F09 
 897 01e8 FB18730B 		.ascii	"\373\030s\013\346v\2755C}\012A\312\352(\262\277p\347"
 897      E676BD35 
 897      437D0A41 
 897      CAEA28B2 
 897      BF70E7
 898 01fb D2E673E6 		.ascii	"\322\346s\346t\214\324t5\256\240\007G+6()\225&\300\231"
 898      748CD474 
 898      35AEA007 
 898      472B3628 
 898      299526C0 
 899 0210 B5025C8D 		.ascii	"\265\002\\\215i>\004\252h\216i\214a\272\307`\316\362"
 899      693E04AA 
 899      688E698C 
 899      61BAC760 
 899      CEF2
 900 0222 4313905D 		.ascii	"C\023\220](\270u\367\273!\004\234\001h\037\2039\034"
 900      28B875F7 
 900      BB21049C 
 900      01681F83 
 900      391C
 901 0234 E519AAD7 		.ascii	"\345\031\252\327\375AX\357\030\214M\243\321\237-\316"
 901      FD4158EF 
 901      188C4DA3 
 901      D19F2DCE 
 902 0244 FB22C0EF 		.ascii	"\373\"\300\357\274\343\252:\3570@\037\3005\200~\200"
 902      BCE3AA3A 
 902      EF30401F 
 902      C035807E 
 902      80
 903 0255 1B005700 		.ascii	"\033\000W\000\376\000\270\016p\031`\200\373\3015\356"
 903      FE00B80E 
 903      70196080 
 903      FBC135EE 
 904 0265 8B693C3F 		.ascii	"\213i<?\206\273G\327\310A_\305@\027\342A\332dC1L[\374"
 904      86BB47D7 
 904      C8415FC5 
 904      4017E241 
 904      DA644331 
 905 027c 4474A22F 		.ascii	"Dt\242/c\240\337\342f\242\361\034\213A.\305\033\253"
 905      63A0DFE2 
 905      66A2F11C 
 905      8B412EC5 
 905      1BAB
 906 028e F37C1D03 		.ascii	"\363|\035\003\235\213wv\032a{\370\203\243\233\256\356"
 906      9D8B7776 
 906      1A617BF8 
 906      83A39BAE 
 906      EE
 907 029f 6B35A63E 		.ascii	"k5\246>m\017\334\204\3474\010)\356}~c\227`RW}]\233\000"
 907      6D0FDC84 
 907      E7340829 
 907      EE7D7E63 
 907      97605257 
 908 02b7 83B152B7 		.ascii	"\203\261R\2678\005a\337\252\225v64U\320q`p\033\"\300"
 908      380561DF 
 908      AA957636 
 908      3455D071 
 908      60701B22 
 909 02cc 1615D875 		.ascii	"\026\025\330uqW\2479\376+24\372\253\200\260\316\336"
 909      7157A739 
 909      FE2B3234 
 909      FAAB80B0 
 909      CEDE
 910 02de DA86C47E 		.ascii	"\332\206\304~\034\205\205\004\031\000zf\342A\"K\031"
 910      1C858504 
 910      19007A66 
 910      E241224B 
 910      19
 911 02ef B12854A1 		.ascii	"\261(T\241\3112\243\022\223\230,\365\010\346\214a\226"
 911      C932A312 
 911      93982CF5 
 911      08E68C61 
 911      96
 912 0300 2DD20CB3 		.ascii	"-\322\014\263$\356m\207\024\311 R\0326\312R\306\010"
 912      24EE6D87 
 912      14C92052 
 912      1A36CA52 
 912      C608
 913 0312 D4D3BA04 		.ascii	"\324\323\272\004k\266\"\310\233&\205\215\012\255Yd\231"
 913      6BB622C8 
 913      9B26858D 
 913      0AAD5964 
 913      99
 914 0323 9E8DC7B0 		.ascii	"\236\215\307\2601\0042\216*\024\304\024\274\012\033"
 914      3104328E 
 914      2A14C414 
 914      BC0A1B
 915 0332 A56156F7 		.ascii	"\245aV\367I\202|\202n\234\212KZ\222\355|\345f\213bZ"
 915      49827C82 
 915      6E9C8A4B 
 915      5A92ED7C 
 915      E5668B62 
 916 0347 5A1B6B63 		.ascii	"Z\033kc!\234\256(6\354\233$\205\215f\344\310\220\255"
 916      219CAE28 
 916      36EC9B24 
 916      858D66E4 
 916      C890AD
 917 035a 29B2D51C 		.ascii	")\262\325\034\002\203,K\226\014\202*d\273=\233JH-\210"
 917      02832C4B 
 917      960C822A 
 917      64BB3D9B 
 917      4A482D88 
 918 036e 21B03330 		.ascii	"!\26030\331\225+7'K\006)1\315\232A\210L\346P$fO\"\001"
 918      D9952B37 
 918      274B0629 
 918      31CD9A41 
 918      884CE650 
 919 0387 462C2AC7 		.ascii	"F,*\307n\0012$j\247lA\330\210\033\017\265\022\242\010"
 919      6E013224 
 919      6AA76C41 
 919      D8881B0F 
 919      B512A208 
 920 039b A2C9040A 		.ascii	"\242\311\004\012\236\022\235\013\344B\273D\302F\212"
 920      9E129D0B 
 920      E442BB44 
 920      C2468A
 921 03aa 5D160114 		.ascii	"]\026\001\024\012\261\221R\002\001\330\236\204\036\362"
 921      0AB19152 
 921      0201D89E 
 921      841EF2
 922 03b9 1F0601ED 		.ascii	"\037\006\001\355\212\200\236dt\231h?\325/\010\211\264"
 922      8A809E64 
 922      7499683F 
 922      D52F0889 
 922      B4
 923 03ca 468344CF 		.ascii	"F\203D\317\204\352\034T\333v\000\3643\201H\211Q\344"
 923      84EA1C54 
 923      DB7600F4 
 923      33814889 
 923      51E4
 924 03dc 44A723A0 		.ascii	"D\247#\240C\"<\372Xm\027\212\264D\264\360\032*\230F"
 924      43223CFA 
 924      586D178A 
 924      B444B4F0 
 924      1A2A9846 
 925 03f0 5AA31127 		.ascii	"Z\243\021'|L\304dp\016\242\275\257[\372\233+\023\257"
 925      7C4CC464 
 925      700EA2BD 
 925      AF5BFA9B 
 925      2B13AF
 926 0403 A16FCA70 		.ascii	"\241o\312p}S\022$\327d\023\302\372\325WoCsu\2474Y\341"
 926      7D531224 
 926      D76413C2 
 926      FAD5576F 
 926      437375A7 
 927 041a BB866281 		.ascii	"\273\206b\201\322\350W\373>rx\325\301\207\037\337\332"
 927      D2E857FB 
 927      3E7278D5 
 927      C1871FDF 
 927      DA
 928 042b 4FA7ECDC 		.ascii	"O\247\354\334\246<\352\336\372Q;\354\304\335\005\341"
 928      A63CEADE 
 928      FA513BEC 
 928      C4DD05E1 
 929 043b 02226058 		.ascii	"\002\"`X}\211\271\302a\204\337\003\370\023rZ\005V\317"
 929      7D89B9C2 
 929      6184DF03 
 929      F813725A 
 929      0556CF
 930 044e F8B807B5 		.ascii	"\370\270\007\265G\272%\201w6\003x\261\241\261\373P\273"
 930      47BA2581 
 930      77360378 
 930      B1A1B1FB 
 930      50BB
 931 0460 A036DC05 		.ascii	"\2406\334\005x\304_\350\336\365\337TC\252\266%\007u"
 931      78C45FE8 
 931      DEF5DF54 
 931      43AAB625 
 931      0775
 932 0472 2346744E 		.ascii	"#FtN\354>\333\023\2526\217\351\346\253t\024\340TK\355"
 932      EC3EDB13 
 932      AA368FE9 
 932      E6AB7414 
 932      E0544BED 
 933 0486 E951EBF0 		.ascii	"\351Q\353\360\357\330:\374\007T\300\300\310ww'\214\003"
 933      EFD83AFC 
 933      0754C0C0 
 933      C8777727 
 933      8C03
 934 0498 E02B5087 		.ascii	"\340+P\207\354Xw\177\217&\3631\300_\\\325\321\336\332"
 934      EC58777F 
 934      8F26F331 
 934      C05F5CD5 
 934      D1DEDA
 935 04ab 9BE359F2 		.ascii	"\233\343Y\362\004\307\375\253\015\272\367E\305\035q"
 935      04C7FDAB 
 935      0DBAF745 
 935      C51D71
 936 04ba CAB66D4A 		.ascii	"\312\266mJ\303A\376\321\321\014\301\007\3620j\310\303"
 936      C341FED1 
 936      D10CC107 
 936      F2306AC8 
 936      C3
 937 04cb A8215B19 		.ascii	"\250![\031\231U\346.\266\225\224\272\213\335^\277\015"
 937      9955E62E 
 937      B69594BA 
 937      8BDD5EBF 
 937      0D
 938 04dc FFA54565 		.ascii	"\377\245Ee\266r\257/\340\267-~c\341t\273-??\3276\267"
 938      B672AF2F 
 938      E0B72D7E 
 938      63E174BB 
 938      2D3F3FD7 
 939 04f2 707EC16A 		.ascii	"p~\301j;\357r\226c\226\225\311Y%\342\334EK\2549\263"
 939      3BEF7296 
 939      639695C9 
 939      5925E2DC 
 939      454BAC39 
 940 0507 6793C963 		.ascii	"g\223\311c\232\263\354\3053\213^Y\266\254\230\210n\257"
 940      9AB3ECC5 
 940      338B5E59 
 940      B6AC9888 
 940      6EAF
 941 0519 C72BBB9C 		.ascii	"\307+\273\234\001q\225{e`\272\335\031\020^\233\343\310"
 941      0171957B 
 941      6560BADD 
 941      19105E9B 
 941      E3C8
 942 052b 37E417E4 		.ascii	"7\344\027\344,p\010\257/v8\340M\230g()s\025\371T\310"
 942      2C7008AF 
 942      2F7638E0 
 942      4D986728 
 942      297315F9 
 943 0541 B499CE00 		.ascii	"\264\231\316\000\363\273\002Y\266R\257\307e{\307\037"
 943      F3BB0259 
 943      B652AFC7 
 943      657BC71F 
 944 0551 70BD57E4 		.ascii	"p\275W\344\013\330\374\336U\276\022\227\355\375\"\227"
 944      0BD8FCDE 
 944      55BE1297 
 944      EDFD2297 
 945 0561 6745A6BF 		.ascii	"gE\246\277\274\314\035\310\\Ql\233\343\366y\260\333"
 945      BCCC1DC8 
 945      5C516C9B 
 945      E3F679B0 
 945      DB
 946 0572 456667D9 		.ascii	"Efg\331\236\177\012\376\200\007\225,/w{\263J\011+\310"
 946      9E7F0AFE 
 946      8007952C 
 946      2F777BB3 
 946      4A092BC8 
 947 0586 75B0F9B9 		.ascii	"u\260\371\271\016C\341\222\302\\\207\261`qa^^\256#\241"
 947      0E43E192 
 947      C25C87B1 
 947      6071615E 
 947      5EAE23A1 
 948 059a E08DB70A 		.ascii	"\340\215\267\012\363\034\206\205\005\271y\016.y\236"
 948      F31C8685 
 948      05B9790E 
 948      2E799E
 949 05a9 2936CA19 		.ascii	")6\312\031\220\334^\316\355\226\235\001\223v\351)\362"
 949      90DC5ECE 
 949      ED969D01 
 949      9376E929 
 949      F2
 950 05ba AF7006E8 		.ascii	"\257p\006\350\014b*\362yV\317rez^^VN\244\022\354r\255"
 950      0C622AF2 
 950      7956CF72 
 950      657A5E5E 
 950      564EA412 
 951 05d1 C9F4CC20 		.ascii	"\311\364\314 \023\"\3668\335+\335\201W\377\247\341d"
 951      1322F638 
 951      DD2BDD81 
 951      57FFA7E1 
 951      64
 952 05e2 5294064D 		.ascii	"R\224\006MZ\356\363\256*\347\376\376\007f\254\003\303"
 952      5AEEF3AE 
 952      2AE7FEFE 
 952      0766AC03 
 952      C3
 953              		.text
 954              		.section	.gnu.lto_.symtab.6c4a5fc5ebdc6cbb,"e",%progbits
 955 0000 5F70616C 		.ascii	"_pal_lld_init\000"
 955      5F6C6C64 
 955      5F696E69 
 955      7400
 956 000e 00       		.ascii	"\000"
 957 000f 00       		.ascii	"\000"
 958 0010 00       		.ascii	"\000"
 959 0011 00000000 		.ascii	"\000\000\000\000\000\000\000\000"
 959      00000000 
 960 0019 F6000000 		.ascii	"\366\000\000\000"
 961 001d 5F70616C 		.ascii	"_pal_lld_setgroupmode\000"
 961      5F6C6C64 
 961      5F736574 
 961      67726F75 
 961      706D6F64 
 962 0033 00       		.ascii	"\000"
 963 0034 00       		.ascii	"\000"
 964 0035 00       		.ascii	"\000"
 965 0036 00000000 		.ascii	"\000\000\000\000\000\000\000\000"
 965      00000000 
 966 003e 00010000 		.ascii	"\000\001\000\000"
 967              		.text
 968              		.section	.gnu.lto_.ext_symtab.6c4a5fc5ebdc6cbb,"e",%progbits
 969 0000 01       		.ascii	"\001"
 970 0001 01       		.ascii	"\001"
 971 0002 00       		.ascii	"\000"
 972 0003 01       		.ascii	"\001"
 973 0004 00       		.ascii	"\000"
 974              		.text
 975              		.section	.gnu.lto_.opts,"e",%progbits
 976 0000 272D666E 		.ascii	"'-fno-openmp' '-fno-openacc' '-fno-pie' '-fcf-prote"
 976      6F2D6F70 
 976      656E6D70 
 976      2720272D 
 976      666E6F2D 
 977 0033 6374696F 		.ascii	"ction=none' '-g' '-mcpu=cortex-m4' '-mthumb' '-mno-"
 977      6E3D6E6F 
 977      6E652720 
 977      272D6727 
 977      20272D6D 
 978 0066 7468756D 		.ascii	"thumb-interwork' '-mno-unaligned-access' '-mfloat-a"
 978      622D696E 
 978      74657277 
 978      6F726B27 
 978      20272D6D 
 979 0099 62693D68 		.ascii	"bi=hard' '-mfpu=fpv4-sp-d16' '-mlibarch=armv7e-m+fp"
 979      61726427 
 979      20272D6D 
 979      6670753D 
 979      66707634 
 980 00cc 2720272D 		.ascii	"' '-march=armv7e-m+fp' '-Os' '-Ofast' '-fsingle-pre"
 980      6D617263 
 980      683D6172 
 980      6D763765 
 980      2D6D2B66 
 981 00ff 63697369 		.ascii	"cision-constant' '-fomit-frame-pointer' '-ffunction"
 981      6F6E2D63 
 981      6F6E7374 
 981      616E7427 
 981      20272D66 
 982 0132 2D736563 		.ascii	"-sections' '-fdata-sections' '-fshort-wchar' '-fcom"
 982      74696F6E 
 982      73272027 
 982      2D666461 
 982      74612D73 
 983 0165 6D6F6E27 		.ascii	"mon' '-flto' '-Xassembler' '-adhlns=.build/obj_karl"
 983      20272D66 
 983      6C746F27 
 983      20272D58 
 983      61737365 
 984 0198 6B39305F 		.ascii	"k90_yaemk/lib/chibios/os/hal/ports/STM32/LLD/GPIOv2"
 984      7961656D 
 984      6B2F6C69 
 984      622F6368 
 984      6962696F 
 985 01cb 2F68616C 		.ascii	"/hal_pal_lld.lst'\000"
 985      5F70616C 
 985      5F6C6C64 
 985      2E6C7374 
 985      2700
 986              		.text
 987              		.comm	__gnu_lto_slim,1,1
 988              		.ident	"GCC: (15:10.3-2021.07-4) 10.3.1 20210621 (release)"
DEFINED SYMBOLS
                            *ABS*:0000000000000000 hal_pal_lld.c
     /tmp/cc4p7fZt.s:20     .gnu.debuglto_.debug_info:0000000000000000 hal_pal_lld.c.2b6a0ffb
                            *COM*:0000000000000001 __gnu_lto_slim

NO UNDEFINED SYMBOLS
