   1              		.cpu cortex-m4
   2              		.eabi_attribute 27, 1
   3              		.eabi_attribute 28, 1
   4              		.eabi_attribute 23, 1
   5              		.eabi_attribute 24, 1
   6              		.eabi_attribute 25, 1
   7              		.eabi_attribute 26, 1
   8              		.eabi_attribute 30, 2
   9              		.eabi_attribute 34, 0
  10              		.eabi_attribute 18, 2
  11              		.file	"crc.c"
  12              		.file 1 "/usr/lib/gcc/arm-none-eabi/10.3.1/include/stddef.h"
  13              		.file 2 "/usr/lib/gcc/arm-none-eabi/10.3.1/include/stdint.h"
  14              		.file 3 "quantum/crc.h"
  15              		.file 4 "quantum/crc.c"
  16              		.file 5 "quantum/sequencer/sequencer.h"
  17              		.section	.gnu.debuglto_.debug_info,"e",%progbits
  18              	.Ldebug_info0:
  19              		.hidden	crc.c.7176c176
  20              		.weak	crc.c.7176c176
  21              	crc.c.7176c176:
  22 0000 74010000 		.4byte	0x174
  23 0004 0400     		.2byte	0x4
  24 0006 00000000 		.4byte	.Ldebug_abbrev0
  25 000a 04       		.byte	0x4
  26 000b 01       		.uleb128 0x1
  27 000c 3B010000 		.4byte	.LASF29
  28 0010 0C       		.byte	0xc
  29 0011 A4020000 		.4byte	.LASF30
  30 0015 B9000000 		.4byte	.LASF31
  31 0019 00000000 		.4byte	.Ldebug_line0
  32 001d 02       		.uleb128 0x2
  33 001e 04       		.byte	0x4
  34 001f 05       		.byte	0x5
  35 0020 696E7400 		.ascii	"int\000"
  36 0024 03       		.uleb128 0x3
  37 0025 1C000000 		.4byte	.LASF6
  38 0029 01       		.byte	0x1
  39 002a D1       		.byte	0xd1
  40 002b 17       		.byte	0x17
  41 002c 30000000 		.4byte	0x30
  42 0030 04       		.uleb128 0x4
  43 0031 04       		.byte	0x4
  44 0032 07       		.byte	0x7
  45 0033 07010000 		.4byte	.LASF0
  46 0037 04       		.uleb128 0x4
  47 0038 02       		.byte	0x2
  48 0039 07       		.byte	0x7
  49 003a 8A000000 		.4byte	.LASF1
  50 003e 04       		.uleb128 0x4
  51 003f 01       		.byte	0x1
  52 0040 06       		.byte	0x6
  53 0041 8A020000 		.4byte	.LASF2
  54 0045 04       		.uleb128 0x4
  55 0046 02       		.byte	0x2
  56 0047 05       		.byte	0x5
  57 0048 77020000 		.4byte	.LASF3
  58 004c 04       		.uleb128 0x4
  59 004d 04       		.byte	0x4
  60 004e 05       		.byte	0x5
  61 004f 81020000 		.4byte	.LASF4
  62 0053 04       		.uleb128 0x4
  63 0054 08       		.byte	0x8
  64 0055 05       		.byte	0x5
  65 0056 64020000 		.4byte	.LASF5
  66 005a 03       		.uleb128 0x3
  67 005b 24010000 		.4byte	.LASF7
  68 005f 02       		.byte	0x2
  69 0060 2E       		.byte	0x2e
  70 0061 18       		.byte	0x18
  71 0062 6B000000 		.4byte	0x6b
  72 0066 05       		.uleb128 0x5
  73 0067 5A000000 		.4byte	0x5a
  74 006b 04       		.uleb128 0x4
  75 006c 01       		.byte	0x1
  76 006d 08       		.byte	0x8
  77 006e 72000000 		.4byte	.LASF8
  78 0072 04       		.uleb128 0x4
  79 0073 04       		.byte	0x4
  80 0074 07       		.byte	0x7
  81 0075 A7000000 		.4byte	.LASF9
  82 0079 04       		.uleb128 0x4
  83 007a 08       		.byte	0x8
  84 007b 07       		.byte	0x7
  85 007c 5B000000 		.4byte	.LASF10
  86 0080 03       		.uleb128 0x3
  87 0081 40000000 		.4byte	.LASF11
  88 0085 02       		.byte	0x2
  89 0086 4B       		.byte	0x4b
  90 0087 1D       		.byte	0x1d
  91 0088 30000000 		.4byte	0x30
  92 008c 04       		.uleb128 0x4
  93 008d 01       		.byte	0x1
  94 008e 08       		.byte	0x8
  95 008f 72020000 		.4byte	.LASF12
  96 0093 06       		.uleb128 0x6
  97 0094 04       		.byte	0x4
  98 0095 66000000 		.4byte	0x66
  99 0099 04       		.uleb128 0x4
 100 009a 01       		.byte	0x1
 101 009b 02       		.byte	0x2
 102 009c 96020000 		.4byte	.LASF13
 103 00a0 07       		.uleb128 0x7
 104 00a1 07       		.byte	0x7
 105 00a2 01       		.byte	0x1
 106 00a3 6B000000 		.4byte	0x6b
 107 00a7 05       		.byte	0x5
 108 00a8 2D       		.byte	0x2d
 109 00a9 0E       		.byte	0xe
 110 00aa EB000000 		.4byte	0xeb
 111 00ae 08       		.uleb128 0x8
 112 00af 00000000 		.4byte	.LASF14
 113 00b3 00       		.byte	0
 114 00b4 08       		.uleb128 0x8
 115 00b5 80000000 		.4byte	.LASF15
 116 00b9 01       		.byte	0x1
 117 00ba 08       		.uleb128 0x8
 118 00bb 13000000 		.4byte	.LASF16
 119 00bf 02       		.byte	0x2
 120 00c0 08       		.uleb128 0x8
 121 00c1 9D000000 		.4byte	.LASF17
 122 00c5 03       		.byte	0x3
 123 00c6 08       		.uleb128 0x8
 124 00c7 23000000 		.4byte	.LASF18
 125 00cb 04       		.byte	0x4
 126 00cc 08       		.uleb128 0x8
 127 00cd FD000000 		.4byte	.LASF19
 128 00d1 05       		.byte	0x5
 129 00d2 08       		.uleb128 0x8
 130 00d3 14010000 		.4byte	.LASF20
 131 00d7 06       		.byte	0x6
 132 00d8 08       		.uleb128 0x8
 133 00d9 2C000000 		.4byte	.LASF21
 134 00dd 07       		.byte	0x7
 135 00de 08       		.uleb128 0x8
 136 00df 2C010000 		.4byte	.LASF22
 137 00e3 08       		.byte	0x8
 138 00e4 08       		.uleb128 0x8
 139 00e5 E7000000 		.4byte	.LASF23
 140 00e9 09       		.byte	0x9
 141 00ea 00       		.byte	0
 142 00eb 06       		.uleb128 0x6
 143 00ec 04       		.byte	0x4
 144 00ed F1000000 		.4byte	0xf1
 145 00f1 09       		.uleb128 0x9
 146 00f2 03       		.uleb128 0x3
 147 00f3 1E010000 		.4byte	.LASF24
 148 00f7 03       		.byte	0x3
 149 00f8 1B       		.byte	0x1b
 150 00f9 16       		.byte	0x16
 151 00fa 80000000 		.4byte	0x80
 152 00fe 05       		.uleb128 0x5
 153 00ff F2000000 		.4byte	0xf2
 154 0103 0A       		.uleb128 0xa
 155 0104 FE000000 		.4byte	0xfe
 156 0108 13010000 		.4byte	0x113
 157 010c 0B       		.uleb128 0xb
 158 010d 30000000 		.4byte	0x30
 159 0111 FF       		.byte	0xff
 160 0112 00       		.byte	0
 161 0113 05       		.uleb128 0x5
 162 0114 03010000 		.4byte	0x103
 163 0118 0C       		.uleb128 0xc
 164 0119 09000000 		.4byte	.LASF27
 165 011d 04       		.byte	0x4
 166 011e 1B       		.byte	0x1b
 167 011f 14       		.byte	0x14
 168 0120 13010000 		.4byte	0x113
 169 0124 0D       		.uleb128 0xd
 170 0125 36010000 		.4byte	.LASF32
 171 0129 04       		.byte	0x4
 172 012a 1E       		.byte	0x1e
 173 012b 1F       		.byte	0x1f
 174 012c 5A000000 		.4byte	0x5a
 175 0130 6F010000 		.4byte	0x16f
 176 0134 0E       		.uleb128 0xe
 177 0135 56000000 		.4byte	.LASF25
 178 0139 04       		.byte	0x4
 179 013a 1E       		.byte	0x1e
 180 013b 30       		.byte	0x30
 181 013c EB000000 		.4byte	0xeb
 182 0140 0E       		.uleb128 0xe
 183 0141 4D000000 		.4byte	.LASF26
 184 0145 04       		.byte	0x4
 185 0146 1E       		.byte	0x1e
 186 0147 3D       		.byte	0x3d
 187 0148 24000000 		.4byte	0x24
 188 014c 0F       		.uleb128 0xf
 189 014d 6400     		.ascii	"d\000"
 190 014f 04       		.byte	0x4
 191 0150 1F       		.byte	0x1f
 192 0151 14       		.byte	0x14
 193 0152 93000000 		.4byte	0x93
 194 0156 0F       		.uleb128 0xf
 195 0157 63726300 		.ascii	"crc\000"
 196 015b 04       		.byte	0x4
 197 015c 20       		.byte	0x20
 198 015d 14       		.byte	0x14
 199 015e F2000000 		.4byte	0xf2
 200 0162 0C       		.uleb128 0xc
 201 0163 9C020000 		.4byte	.LASF28
 202 0167 04       		.byte	0x4
 203 0168 21       		.byte	0x21
 204 0169 14       		.byte	0x14
 205 016a 24000000 		.4byte	0x24
 206 016e 00       		.byte	0
 207 016f 10       		.uleb128 0x10
 208 0170 37000000 		.4byte	.LASF33
 209 0174 04       		.byte	0x4
 210 0175 13       		.byte	0x13
 211 0176 1C       		.byte	0x1c
 212 0177 00       		.byte	0
 213              		.section	.gnu.debuglto_.debug_abbrev,"e",%progbits
 214              	.Ldebug_abbrev0:
 215 0000 01       		.uleb128 0x1
 216 0001 11       		.uleb128 0x11
 217 0002 01       		.byte	0x1
 218 0003 25       		.uleb128 0x25
 219 0004 0E       		.uleb128 0xe
 220 0005 13       		.uleb128 0x13
 221 0006 0B       		.uleb128 0xb
 222 0007 03       		.uleb128 0x3
 223 0008 0E       		.uleb128 0xe
 224 0009 1B       		.uleb128 0x1b
 225 000a 0E       		.uleb128 0xe
 226 000b 10       		.uleb128 0x10
 227 000c 17       		.uleb128 0x17
 228 000d 00       		.byte	0
 229 000e 00       		.byte	0
 230 000f 02       		.uleb128 0x2
 231 0010 24       		.uleb128 0x24
 232 0011 00       		.byte	0
 233 0012 0B       		.uleb128 0xb
 234 0013 0B       		.uleb128 0xb
 235 0014 3E       		.uleb128 0x3e
 236 0015 0B       		.uleb128 0xb
 237 0016 03       		.uleb128 0x3
 238 0017 08       		.uleb128 0x8
 239 0018 00       		.byte	0
 240 0019 00       		.byte	0
 241 001a 03       		.uleb128 0x3
 242 001b 16       		.uleb128 0x16
 243 001c 00       		.byte	0
 244 001d 03       		.uleb128 0x3
 245 001e 0E       		.uleb128 0xe
 246 001f 3A       		.uleb128 0x3a
 247 0020 0B       		.uleb128 0xb
 248 0021 3B       		.uleb128 0x3b
 249 0022 0B       		.uleb128 0xb
 250 0023 39       		.uleb128 0x39
 251 0024 0B       		.uleb128 0xb
 252 0025 49       		.uleb128 0x49
 253 0026 13       		.uleb128 0x13
 254 0027 00       		.byte	0
 255 0028 00       		.byte	0
 256 0029 04       		.uleb128 0x4
 257 002a 24       		.uleb128 0x24
 258 002b 00       		.byte	0
 259 002c 0B       		.uleb128 0xb
 260 002d 0B       		.uleb128 0xb
 261 002e 3E       		.uleb128 0x3e
 262 002f 0B       		.uleb128 0xb
 263 0030 03       		.uleb128 0x3
 264 0031 0E       		.uleb128 0xe
 265 0032 00       		.byte	0
 266 0033 00       		.byte	0
 267 0034 05       		.uleb128 0x5
 268 0035 26       		.uleb128 0x26
 269 0036 00       		.byte	0
 270 0037 49       		.uleb128 0x49
 271 0038 13       		.uleb128 0x13
 272 0039 00       		.byte	0
 273 003a 00       		.byte	0
 274 003b 06       		.uleb128 0x6
 275 003c 0F       		.uleb128 0xf
 276 003d 00       		.byte	0
 277 003e 0B       		.uleb128 0xb
 278 003f 0B       		.uleb128 0xb
 279 0040 49       		.uleb128 0x49
 280 0041 13       		.uleb128 0x13
 281 0042 00       		.byte	0
 282 0043 00       		.byte	0
 283 0044 07       		.uleb128 0x7
 284 0045 04       		.uleb128 0x4
 285 0046 01       		.byte	0x1
 286 0047 3E       		.uleb128 0x3e
 287 0048 0B       		.uleb128 0xb
 288 0049 0B       		.uleb128 0xb
 289 004a 0B       		.uleb128 0xb
 290 004b 49       		.uleb128 0x49
 291 004c 13       		.uleb128 0x13
 292 004d 3A       		.uleb128 0x3a
 293 004e 0B       		.uleb128 0xb
 294 004f 3B       		.uleb128 0x3b
 295 0050 0B       		.uleb128 0xb
 296 0051 39       		.uleb128 0x39
 297 0052 0B       		.uleb128 0xb
 298 0053 01       		.uleb128 0x1
 299 0054 13       		.uleb128 0x13
 300 0055 00       		.byte	0
 301 0056 00       		.byte	0
 302 0057 08       		.uleb128 0x8
 303 0058 28       		.uleb128 0x28
 304 0059 00       		.byte	0
 305 005a 03       		.uleb128 0x3
 306 005b 0E       		.uleb128 0xe
 307 005c 1C       		.uleb128 0x1c
 308 005d 0B       		.uleb128 0xb
 309 005e 00       		.byte	0
 310 005f 00       		.byte	0
 311 0060 09       		.uleb128 0x9
 312 0061 26       		.uleb128 0x26
 313 0062 00       		.byte	0
 314 0063 00       		.byte	0
 315 0064 00       		.byte	0
 316 0065 0A       		.uleb128 0xa
 317 0066 01       		.uleb128 0x1
 318 0067 01       		.byte	0x1
 319 0068 49       		.uleb128 0x49
 320 0069 13       		.uleb128 0x13
 321 006a 01       		.uleb128 0x1
 322 006b 13       		.uleb128 0x13
 323 006c 00       		.byte	0
 324 006d 00       		.byte	0
 325 006e 0B       		.uleb128 0xb
 326 006f 21       		.uleb128 0x21
 327 0070 00       		.byte	0
 328 0071 49       		.uleb128 0x49
 329 0072 13       		.uleb128 0x13
 330 0073 2F       		.uleb128 0x2f
 331 0074 0B       		.uleb128 0xb
 332 0075 00       		.byte	0
 333 0076 00       		.byte	0
 334 0077 0C       		.uleb128 0xc
 335 0078 34       		.uleb128 0x34
 336 0079 00       		.byte	0
 337 007a 03       		.uleb128 0x3
 338 007b 0E       		.uleb128 0xe
 339 007c 3A       		.uleb128 0x3a
 340 007d 0B       		.uleb128 0xb
 341 007e 3B       		.uleb128 0x3b
 342 007f 0B       		.uleb128 0xb
 343 0080 39       		.uleb128 0x39
 344 0081 0B       		.uleb128 0xb
 345 0082 49       		.uleb128 0x49
 346 0083 13       		.uleb128 0x13
 347 0084 00       		.byte	0
 348 0085 00       		.byte	0
 349 0086 0D       		.uleb128 0xd
 350 0087 2E       		.uleb128 0x2e
 351 0088 01       		.byte	0x1
 352 0089 3F       		.uleb128 0x3f
 353 008a 19       		.uleb128 0x19
 354 008b 03       		.uleb128 0x3
 355 008c 0E       		.uleb128 0xe
 356 008d 3A       		.uleb128 0x3a
 357 008e 0B       		.uleb128 0xb
 358 008f 3B       		.uleb128 0x3b
 359 0090 0B       		.uleb128 0xb
 360 0091 39       		.uleb128 0x39
 361 0092 0B       		.uleb128 0xb
 362 0093 27       		.uleb128 0x27
 363 0094 19       		.uleb128 0x19
 364 0095 49       		.uleb128 0x49
 365 0096 13       		.uleb128 0x13
 366 0097 01       		.uleb128 0x1
 367 0098 13       		.uleb128 0x13
 368 0099 00       		.byte	0
 369 009a 00       		.byte	0
 370 009b 0E       		.uleb128 0xe
 371 009c 05       		.uleb128 0x5
 372 009d 00       		.byte	0
 373 009e 03       		.uleb128 0x3
 374 009f 0E       		.uleb128 0xe
 375 00a0 3A       		.uleb128 0x3a
 376 00a1 0B       		.uleb128 0xb
 377 00a2 3B       		.uleb128 0x3b
 378 00a3 0B       		.uleb128 0xb
 379 00a4 39       		.uleb128 0x39
 380 00a5 0B       		.uleb128 0xb
 381 00a6 49       		.uleb128 0x49
 382 00a7 13       		.uleb128 0x13
 383 00a8 00       		.byte	0
 384 00a9 00       		.byte	0
 385 00aa 0F       		.uleb128 0xf
 386 00ab 34       		.uleb128 0x34
 387 00ac 00       		.byte	0
 388 00ad 03       		.uleb128 0x3
 389 00ae 08       		.uleb128 0x8
 390 00af 3A       		.uleb128 0x3a
 391 00b0 0B       		.uleb128 0xb
 392 00b1 3B       		.uleb128 0x3b
 393 00b2 0B       		.uleb128 0xb
 394 00b3 39       		.uleb128 0x39
 395 00b4 0B       		.uleb128 0xb
 396 00b5 49       		.uleb128 0x49
 397 00b6 13       		.uleb128 0x13
 398 00b7 00       		.byte	0
 399 00b8 00       		.byte	0
 400 00b9 10       		.uleb128 0x10
 401 00ba 2E       		.uleb128 0x2e
 402 00bb 00       		.byte	0
 403 00bc 3F       		.uleb128 0x3f
 404 00bd 19       		.uleb128 0x19
 405 00be 03       		.uleb128 0x3
 406 00bf 0E       		.uleb128 0xe
 407 00c0 3A       		.uleb128 0x3a
 408 00c1 0B       		.uleb128 0xb
 409 00c2 3B       		.uleb128 0x3b
 410 00c3 0B       		.uleb128 0xb
 411 00c4 39       		.uleb128 0x39
 412 00c5 0B       		.uleb128 0xb
 413 00c6 27       		.uleb128 0x27
 414 00c7 19       		.uleb128 0x19
 415 00c8 00       		.byte	0
 416 00c9 00       		.byte	0
 417 00ca 00       		.byte	0
 418              		.section	.gnu.debuglto_.debug_line,"e",%progbits
 419              	.Ldebug_line0:
 420 0000 97000000 		.4byte	.LELT0-.LSLT0
 421              	.LSLT0:
 422 0004 0400     		.2byte	0x4
 423 0006 91000000 		.4byte	.LELTP0-.LASLTP0
 424              	.LASLTP0:
 425 000a 01       		.byte	0x1
 426 000b 01       		.byte	0x1
 427 000c 01       		.byte	0x1
 428 000d F6       		.byte	0xf6
 429 000e F2       		.byte	0xf2
 430 000f 0D       		.byte	0xd
 431 0010 00       		.byte	0
 432 0011 01       		.byte	0x1
 433 0012 01       		.byte	0x1
 434 0013 01       		.byte	0x1
 435 0014 01       		.byte	0x1
 436 0015 00       		.byte	0
 437 0016 00       		.byte	0
 438 0017 00       		.byte	0
 439 0018 01       		.byte	0x1
 440 0019 00       		.byte	0
 441 001a 00       		.byte	0
 442 001b 01       		.byte	0x1
 443 001c 7175616E 		.ascii	"quantum/sequencer"
 443      74756D2F 
 443      73657175 
 443      656E6365 
 443      72
 444 002d 00       		.byte	0
 445 002e 7175616E 		.ascii	"quantum"
 445      74756D
 446 0035 00       		.byte	0
 447 0036 2F757372 		.ascii	"/usr/lib/gcc/arm-none-eabi/10.3.1/include"
 447      2F6C6962 
 447      2F676363 
 447      2F61726D 
 447      2D6E6F6E 
 448 005f 00       		.byte	0
 449 0060 00       		.byte	0
 450 0061 73746464 		.ascii	"stddef.h\000"
 450      65662E68 
 450      00
 451 006a 03       		.uleb128 0x3
 452 006b 00       		.uleb128 0
 453 006c 00       		.uleb128 0
 454 006d 73746469 		.ascii	"stdint.h\000"
 454      6E742E68 
 454      00
 455 0076 03       		.uleb128 0x3
 456 0077 00       		.uleb128 0
 457 0078 00       		.uleb128 0
 458 0079 6372632E 		.ascii	"crc.h\000"
 458      6800
 459 007f 02       		.uleb128 0x2
 460 0080 00       		.uleb128 0
 461 0081 00       		.uleb128 0
 462 0082 6372632E 		.ascii	"crc.c\000"
 462      6300
 463 0088 02       		.uleb128 0x2
 464 0089 00       		.uleb128 0
 465 008a 00       		.uleb128 0
 466 008b 73657175 		.ascii	"sequencer.h\000"
 466      656E6365 
 466      722E6800 
 467 0097 01       		.uleb128 0x1
 468 0098 00       		.uleb128 0
 469 0099 00       		.uleb128 0
 470 009a 00       		.byte	0
 471              	.LELTP0:
 472              	.LELT0:
 473              		.section	.gnu.debuglto_.debug_str,"eMS",%progbits,1
 474              	.LASF14:
 475 0000 53515F52 		.ascii	"SQ_RES_2\000"
 475      45535F32 
 475      00
 476              	.LASF27:
 477 0009 6372635F 		.ascii	"crc_table\000"
 477      7461626C 
 477      6500
 478              	.LASF16:
 479 0013 53515F52 		.ascii	"SQ_RES_4\000"
 479      45535F34 
 479      00
 480              	.LASF6:
 481 001c 73697A65 		.ascii	"size_t\000"
 481      5F7400
 482              	.LASF18:
 483 0023 53515F52 		.ascii	"SQ_RES_8\000"
 483      45535F38 
 483      00
 484              	.LASF21:
 485 002c 53515F52 		.ascii	"SQ_RES_16T\000"
 485      45535F31 
 485      365400
 486              	.LASF33:
 487 0037 6372635F 		.ascii	"crc_init\000"
 487      696E6974 
 487      00
 488              	.LASF11:
 489 0040 75696E74 		.ascii	"uint_fast8_t\000"
 489      5F666173 
 489      74385F74 
 489      00
 490              	.LASF26:
 491 004d 64617461 		.ascii	"data_len\000"
 491      5F6C656E 
 491      00
 492              	.LASF25:
 493 0056 64617461 		.ascii	"data\000"
 493      00
 494              	.LASF10:
 495 005b 6C6F6E67 		.ascii	"long long unsigned int\000"
 495      206C6F6E 
 495      6720756E 
 495      7369676E 
 495      65642069 
 496              	.LASF8:
 497 0072 756E7369 		.ascii	"unsigned char\000"
 497      676E6564 
 497      20636861 
 497      7200
 498              	.LASF15:
 499 0080 53515F52 		.ascii	"SQ_RES_2T\000"
 499      45535F32 
 499      5400
 500              	.LASF1:
 501 008a 73686F72 		.ascii	"short unsigned int\000"
 501      7420756E 
 501      7369676E 
 501      65642069 
 501      6E7400
 502              	.LASF17:
 503 009d 53515F52 		.ascii	"SQ_RES_4T\000"
 503      45535F34 
 503      5400
 504              	.LASF9:
 505 00a7 6C6F6E67 		.ascii	"long unsigned int\000"
 505      20756E73 
 505      69676E65 
 505      6420696E 
 505      7400
 506              	.LASF31:
 507 00b9 2F686F6D 		.ascii	"/home/jstewart/source/yaemk-split-kb/Firmware\000"
 507      652F6A73 
 507      74657761 
 507      72742F73 
 507      6F757263 
 508              	.LASF23:
 509 00e7 53455155 		.ascii	"SEQUENCER_RESOLUTIONS\000"
 509      454E4345 
 509      525F5245 
 509      534F4C55 
 509      54494F4E 
 510              	.LASF19:
 511 00fd 53515F52 		.ascii	"SQ_RES_8T\000"
 511      45535F38 
 511      5400
 512              	.LASF0:
 513 0107 756E7369 		.ascii	"unsigned int\000"
 513      676E6564 
 513      20696E74 
 513      00
 514              	.LASF20:
 515 0114 53515F52 		.ascii	"SQ_RES_16\000"
 515      45535F31 
 515      3600
 516              	.LASF24:
 517 011e 6372635F 		.ascii	"crc_t\000"
 517      7400
 518              	.LASF7:
 519 0124 75696E74 		.ascii	"uint8_t\000"
 519      385F7400 
 520              	.LASF22:
 521 012c 53515F52 		.ascii	"SQ_RES_32\000"
 521      45535F33 
 521      3200
 522              	.LASF32:
 523 0136 63726338 		.ascii	"crc8\000"
 523      00
 524              	.LASF29:
 525 013b 474E5520 		.ascii	"GNU C99 10.3.1 20210621 (release) -mcpu=cortex-m4 -"
 525      43393920 
 525      31302E33 
 525      2E312032 
 525      30323130 
 526 016e 6D746875 		.ascii	"mthumb -mno-thumb-interwork -mno-unaligned-access -"
 526      6D62202D 
 526      6D6E6F2D 
 526      7468756D 
 526      622D696E 
 527 01a1 6D666C6F 		.ascii	"mfloat-abi=hard -mfpu=fpv4-sp-d16 -march=armv7e-m+f"
 527      61742D61 
 527      62693D68 
 527      61726420 
 527      2D6D6670 
 528 01d4 70202D67 		.ascii	"p -ggdb -Os -Ofast -std=gnu99 -fsingle-precision-co"
 528      67646220 
 528      2D4F7320 
 528      2D4F6661 
 528      7374202D 
 529 0207 6E737461 		.ascii	"nstant -fomit-frame-pointer -ffunction-sections -fd"
 529      6E74202D 
 529      666F6D69 
 529      742D6672 
 529      616D652D 
 530 023a 6174612D 		.ascii	"ata-sections -fshort-wchar -fcommon -flto\000"
 530      73656374 
 530      696F6E73 
 530      202D6673 
 530      686F7274 
 531              	.LASF5:
 532 0264 6C6F6E67 		.ascii	"long long int\000"
 532      206C6F6E 
 532      6720696E 
 532      7400
 533              	.LASF12:
 534 0272 63686172 		.ascii	"char\000"
 534      00
 535              	.LASF3:
 536 0277 73686F72 		.ascii	"short int\000"
 536      7420696E 
 536      7400
 537              	.LASF4:
 538 0281 6C6F6E67 		.ascii	"long int\000"
 538      20696E74 
 538      00
 539              	.LASF2:
 540 028a 7369676E 		.ascii	"signed char\000"
 540      65642063 
 540      68617200 
 541              	.LASF13:
 542 0296 5F426F6F 		.ascii	"_Bool\000"
 542      6C00
 543              	.LASF28:
 544 029c 74626C5F 		.ascii	"tbl_idx\000"
 544      69647800 
 545              	.LASF30:
 546 02a4 7175616E 		.ascii	"quantum/crc.c\000"
 546      74756D2F 
 546      6372632E 
 546      6300
 547              		.text
 548              		.section	.gnu.lto_.profile.ab06a3fa73cba09a,"e",%progbits
 549 0000 789C6362 		.ascii	"x\234cb\000\001\000\000\022\000\003"
 549      00010000 
 549      120003
 550              		.text
 551              		.section	.gnu.lto_.icf.ab06a3fa73cba09a,"e",%progbits
 552 0000 789C1361 		.ascii	"x\234\023a@\000f\206\347\357\356\316\347e\234\270\347"
 552      40006686 
 552      E7EFEECE 
 552      E7659CB8 
 552      E7
 553 0011 FA0246A6 		.ascii	"\372\002F\246o\273\372\346\2602\000\000eD\011\035"
 553      6FBBFAE6 
 553      B0320000 
 553      6544091D 
 554              		.text
 555              		.section	.gnu.lto_.ipa_sra.ab06a3fa73cba09a,"e",%progbits
 556 0000 789C1360 		.ascii	"x\234\023`@\000&\006\006FF&\030\217\231\001\000\002"
 556      40002606 
 556      06464626 
 556      188F9901 
 556      0002
 557 0012 31001A   		.ascii	"1\000\032"
 558              		.text
 559              		.section	.gnu.lto_.inline.ab06a3fa73cba09a,"e",%progbits
 560 0000 789CF367 		.ascii	"x\234\363g@\000&\006\006\346\006 `Ja\004\261\033\201"
 560      40002606 
 560      06E60620 
 560      604A6104 
 560      B11B81
 561 0013 CC3A0606 		.ascii	"\314:\006\0066\210\020\023H\210\201\221\201g\313\227"
 561      36881013 
 561      48888191 
 561      8167CB97 
 562 0023 45DB9932 		.ascii	"E\333\2312\031\201`\0113X\227\020Pd=S&\212J\026\240"
 562      19816009 
 562      33589710 
 562      50643D53 
 562      268A4A16 
 563 0038 0400EF53 		.ascii	"\004\000\357S\021\275"
 563      11BD
 564              		.text
 565              		.section	.gnu.lto_.jmpfuncs.ab06a3fa73cba09a,"e",%progbits
 566 0000 789C1362 		.ascii	"x\234\023b@\000& fdbdd\256_\302\314\010\304\014\014"
 566      40002620 
 566      66646264 
 566      64AE5FC2 
 566      CC08C40C 
 567 0015 00118102 		.ascii	"\000\021\201\002j"
 567      6A
 568              		.text
 569              		.section	.gnu.lto_.pureconst.ab06a3fa73cba09a,"e",%progbits
 570 0000 789C6367 		.ascii	"x\234cg```b\230\301\3028\223\005\000\004\247\001D"
 570      60606062 
 570      98C1C238 
 570      93050004 
 570      A70144
 571              		.text
 572              		.section	.gnu.lto_.lto.ab06a3fa73cba09a,"e",%progbits
 573 0000 09000400 		.ascii	"\011\000\004\000\001\000\000\000"
 573      01000000 
 574              		.text
 575              		.section	.gnu.lto_crc_init.295.ab06a3fa73cba09a,"e",%progbits
 576 0000 789C2B66 		.ascii	"x\234+f``\260\007be fdf`\2344\261\213\211\241\241\241"
 576      6060B007 
 576      62652066 
 576      6466609C 
 576      34B18B89 
 577 0017 C1819D89 		.ascii	"\301\201\235\211\261qb\027'\343VF0\217\221\241\236\211"
 577      B1716217 
 577      27E35646 
 577      308F91A1 
 577      9E89
 578 0029 B19E7132 		.ascii	"\261\236q2\263&\220\373c\351\254\325\025\015+\0160."
 578      B32690FB 
 578      63E9ACD5 
 578      150D2B0E 
 578      302E
 579 003b 61666098 		.ascii	"af`\230\007\304P\300\006\3431\002\361\372K\254\007\032"
 579      07C450C0 
 579      06E33102 
 579      F1FA4BAC 
 579      071A
 580 004d FEFCEF6F 		.ascii	"\376\374\357oh\270\372\224q-\023\023\003C?3\310\344"
 580      68B8FA94 
 580      712D1313 
 580      03433F33 
 580      C8E4
 581 005f 0616C686 		.ascii	"\006\026\306\206\003\014\014\023\230\231 \234F \347"
 581      030C0C13 
 581      9899209C 
 581      4620E7
 582 006e 15638312 		.ascii	"\025c\203\022\303'\306&\005\2601\375\314\214\010u\014"
 582      C327C626 
 582      05B031FD 
 582      CC8C0875 
 582      0C
 583 007f 0C7AFA19 		.ascii	"\014z\372\031\371\271\251\372Y\305%\251\345\211E%\372"
 583      F9B9A9FA 
 583      59C525A9 
 583      E5894525 
 583      FA
 584 0090 C5F9A545 		.ascii	"\305\371\245E\311\251\372\225\211\251\271\331\272\305"
 584      C9A9FA95 
 584      89A9B9D9 
 584      BAC5
 585 009e 05399925 		.ascii	"\0059\231%\272\331I\372n\231E\271@\351T\006\276\302"
 585      BAD949FA 
 585      6E9945B9 
 585      40E95406 
 585      BEC2
 586 00b0 D2C4BC92 		.ascii	"\322\304\274\222\322\\\375\344\242d\275d\006\000\017"
 586      D25CFDE4 
 586      A264BD64 
 586      06000F
 587 00bf B540D3   		.ascii	"\265@\323"
 588              		.text
 589              		.section	.gnu.lto_crc_table.296.ab06a3fa73cba09a,"e",%progbits
 590 0000 789C45D9 		.ascii	"x\234E\331ewT{\022\305\341\374\252\352\334\231\353\356"
 590      6577547B 
 590      12C5E1FC 
 590      AAEADC99 
 590      EBEE
 591 0012 23D7DD75 		.ascii	"#\327\335u\356\\\373:\3631pwwww\327\000!@\200\240A\003"
 591      EE5CFB3A 
 591      F3317077 
 591      777777D7 
 591      00214080 
 592 0029 04081620 		.ascii	"\004\010\026 @ \020lN\257\231U\273_\365z\372E\367\352"
 592      4020106C 
 592      4EAF9955 
 592      BB5FF57A 
 592      FA45F7EA 
 593 003d 754EFDF7 		.ascii	"uN\375\367\331\365\237\267\253\252\250\372\337k\234"
 593      D9F59FB7 
 593      ABAAA8FA 
 593      DF6B9C
 594 004c 33C4A779 		.ascii	"3\304\247y\025\267\370\377[xLj\233\364\221\364\241\364"
 594      15B7F8FF 
 594      5B784C6A 
 594      9BF491F4 
 594      A1F4
 595 005e A1B443FA 		.ascii	"\241\264C\372@z]z_zQ\332!=#\275'm\226\336\225\356\222"
 595      407A5D7A 
 595      5F7A51DA 
 595      213D23BD 
 595      276D96DE 
 596 0075 B64BEBA4 		.ascii	"\266K\353\244w\244\333\244\267\245\325\3226i\203\364"
 596      77A4DBA4 
 596      B7A5D5D2 
 596      366983F4 
 597 0085 96B45E7A 		.ascii	"\226\264^zSzTzC\332(m\225v\225^\227v\223^\223\366\227"
 597      537A547A 
 597      43DA286D 
 597      9576955E 
 597      9776935E 
 598 009c 5E95F691 		.ascii	"^\225\366\221\266H'J\257HGI/K\007K/IGH/J\327J/H\327"
 598      B648274A 
 598      AF484749 
 598      2F4B074B 
 598      2F494748 
 599 00b7 499BA5CB 		.ascii	"I\233\245\313\245\347\245K\244\347\2443\245g\245\223"
 599      A5E7A54B 
 599      A4E7A433 
 599      A567A593 
 600 00c7 A44DD2D9 		.ascii	"\244M\322\331\3223\322\005\322\323\322\227\023O\011"
 600      D233D205 
 600      D2D3D297 
 600      134F09
 601 00d6 5F496C14 		.ascii	"_Il\024\376=\361\244\360\255\304\023\302\347\023\217"
 601      FE3DF1A4 
 601      F0ADC413 
 601      C2E7138F 
 602 00e6 0BFF9A78 		.ascii	"\013\377\232xL\250\237tT\370D\342\021\341\347\211\015"
 602      4CA89F74 
 602      54F844E2 
 602      11E1E789 
 602      0D
 603 00f7 C22F120F 		.ascii	"\302/\022\017\013?L<$|/\361\240\360\347\304\003\302"
 603      0B3F4C3C 
 603      247C2FF1 
 603      A0F0E7C4 
 603      03C2
 604 0109 6F12F70B 		.ascii	"o\022\367\013\177I\334'\374#\261^x\266*u\257\364\234"
 604      7F49DC27 
 604      FC23B15E 
 604      78B62A75 
 604      AFF49C
 605 011c 748FF4AA 		.ascii	"t\217\364\252t\267\364\262\264N\372X\272KzW\272SzC\272"
 605      74B7F4B2 
 605      B44EFA58 
 605      BA4B7A57 
 605      BA537A43 
 606 0131 437A475A 		.ascii	"CzGZ+=.\335.=!\255\221\036\222n\223\356\227n\225n\227"
 606      2B3D2EDD 
 606      2E3D21AD 
 606      911E926E 
 606      93EE976E 
 607 0148 6E916E92 		.ascii	"n\221n\222VKwH7K\367H7I\177H\334(\374>q\203\360\337"
 607      564B7748 
 607      374BF748 
 607      37497F48 
 607      DC28FC3E 
 608 0160 89EB85BF 		.ascii	"\211\353\205\277'\256\023~\222\270V\370u\342\032\341"
 608      27AE137E 
 608      92B856F8 
 608      75E21AE1 
 609 0170 4789AB85 		.ascii	"G\211\253\205\357&\256\022>\223\270R\370t\342\012\241"
 609      EF26AE12 
 609      3E93B852 
 609      F874E20A 
 609      A1
 610 0181 252E1716 		.ascii	"%.\027\026\211\313\204/$.\025\276\236\270D\370\217\304"
 610      89CB842F 
 610      242E15BE 
 610      9EB844F8 
 610      8FC4
 611 0193 C5C23713 		.ascii	"\305\3027\023\027\011\267\352_^(\335\"] \335)\235/\335"
 611      1709B7EA 
 611      5F5E28DD 
 611      225D20DD 
 611      299D2FDD 
 612 01a7 2D9D273D 		.ascii	"-\235'=\"\235+=%\235#=,\235-\335'\235%} \235)\275/\235"
 612      229D2B3D 
 612      259D233D 
 612      2C9D2DDD 
 612      279D257D 
 613 01c1 21BD299D 		.ascii	"!\275)\235.\275-\235&=-\235*\275 \235\"\275&\235,\275"
 613      2EBD2D9D 
 613      263D2D9D 
 613      2ABD209D 
 613      22BD269D 
 614 01d7 249D24CD 		.ascii	"$\235$\315q\203\216\234*\315\033\230 =&\035/=)\035'"
 614      71838E9C 
 614      2ACD1B98 
 614      203D261D 
 614      2F3D291D 
 615 01ec AD958E95 		.ascii	"\255\225\216\225\356\225\216\221\326HGK7KGI[\244#\245"
 615      EE958E91 
 615      D648474B 
 615      374B4749 
 615      5BA423A5 
 616 0200 57A423A4 		.ascii	"W\244#\244M\322\341\322\363\322a\322V\351Pi\273t\210"
 616      4DD2E1D2 
 616      F3D261D2 
 616      56E95069 
 616      BB7488
 617 0213 F49174B0 		.ascii	"\364\221t\260\364\236t\220t\232t\240t\252t\200t\216"
 617      F49E7490 
 617      749A74A0 
 617      74AA7480 
 617      748E
 618 0225 B4BF74BE 		.ascii	"\264\277t\276\264\237t\225\264\257t\243\264\217t\205"
 618      B49F7495 
 618      B4AF74A3 
 618      B48F7485 
 619 0235 B4B774B1 		.ascii	"\264\267t\261\264\227t\234\264\247t\254\264\207t\210"
 619      B497749C 
 619      B4A774AC 
 619      B4877488 
 620 0245 B4BB74B8 		.ascii	"\264\273t\270\264\233\264\223\264\253\264\247\264\213"
 620      B49BB493 
 620      B4ABB4A7 
 620      B48B
 621 0253 7480B4B3 		.ascii	"t\200\264\263\264\267\264\223\264CWu\036Ae\222\225>"
 621      B4B7B493 
 621      B4435775 
 621      1E416592 
 621      953E
 622 0265 92B6491F 		.ascii	"\222\266I\037JoI\037H\233\245\367\245g\244\035\322\213"
 622      4A6F491F 
 622      489BA5F7 
 622      A567A41D 
 622      D28B
 623 0277 D27BD2EB 		.ascii	"\322{\322\353\322\273\322ji\273t\233\364\216\264Nz["
 623      D2BBD26A 
 623      69BB749B 
 623      F48EB44E 
 623      7A5B
 624 0289 BA4BDA26 		.ascii	"\272K\332&m\224\336\222\036\225\336\224\326KoH\033\244"
 624      6D94DE92 
 624      1E95DE94 
 624      D64B6F48 
 624      1BA4
 625 029b ADD2A712 		.ascii	"\255\322\247\022\257\013\237M\274&\214\304\253BOl\021"
 625      AF0B9F4D 
 625      BC268CC4 
 625      AB424F6C 
 625      11
 626 02ac BE967845 		.ascii	"\276\226xE\370b\342e\341\033\211\227\204\377L\274(\374"
 626      F862E265 
 626      E11B8997 
 626      84FF4CBC 
 626      28FC
 627 02be 2EF182F0 		.ascii	".\361\202\360\307\304f\341o\211\347\205\277&\236\023"
 627      C7C466E1 
 627      6F89E785 
 627      BF269E13 
 628 02ce 7E957856 		.ascii	"~\225xV\370ib\223\360\235\3043\302\217\023O\013\307"
 628      F8696293 
 628      F09DC433 
 628      C28F134F 
 628      0BC7
 629 02e0 E82A3E25 		.ascii	"\350*>%\035/m\224\016\223\236\224\016\225\236\220\366"
 629      1D2F6D94 
 629      0E939E94 
 629      0E959E90 
 629      F6
 630 02f1 901E9776 		.ascii	"\220\036\227v\226\036\223\366\222\036\225\016\224\036"
 630      961E93F6 
 630      921E950E 
 630      941E
 631 02ff 914E9136 		.ascii	"\221N\2216H\247K\017K\347I\017I\347J\017J7H\017HWK\367"
 631      48A74B0F 
 631      4BE7490F 
 631      49E74A0F 
 631      4A37480F 
 632 0317 4B1749F7 		.ascii	"K\027I\367IWJ\353\245\227\245{\245W\245{\244\347\244"
 632      49574AEB 
 632      A597A57B 
 632      A557A57B 
 632      A4E7A4
 633 032a BBA567A5 		.ascii	"\273\245g\245u\322;\322]\322\033\322\235\322\273\322"
 633      75D23BD2 
 633      5DD21BD2 
 633      9DD2BBD2 
 634 033a 1DD2C7D2 		.ascii	"\035\322\307\322Z\351~\351v\351!i\215\364\204t\233\364"
 634      5AE97EE9 
 634      76E92169 
 634      8DF48474 
 634      9BF4
 635 034c B874AB74 		.ascii	"\270t\253t\217t\213t\207\264Z\272I\272Y\272]\272I\272"
 635      8F748B74 
 635      87B45ABA 
 635      49BA59BA 
 635      5DBA49BA 
 636 0360 5EFA67E2 		.ascii	"^\372g\342\032\341\037\211K\205\277'.\023\376\2268Y"
 636      1AE11F89 
 636      4B85BF27 
 636      2E13FE96 
 636      3859
 637 0372 F86BE20C 		.ascii	"\370k\342\014\341\277\023\027\012\177I\234%\374Wbw\341"
 637      E1BF1317 
 637      0A7F499C 
 637      25FC5762 
 637      77E1
 638 0384 CF895D84 		.ascii	"\317\211]\204?%\366\025\376\230\330O\370C\342h\341\367"
 638      3F25F615 
 638      FE98D84F 
 638      F843E268 
 638      E1F7
 639 0396 891384DF 		.ascii	"\211\023\204\337%\216\024~\2338H\370M\342n\341\327\211"
 639      258E147E 
 639      9B3848F8 
 639      4DE26EE1 
 639      D789
 640 03a8 3B855F25 		.ascii	";\205_%n\021~\231\270U\370E\342>\341\347\211\207\205"
 640      6E117E99 
 640      B855F845 
 640      E23EE1E7 
 640      898785
 641 03bb 9F259E12 		.ascii	"\237%\236\022~\232xD\370I\342m\341\307\2117\205\037"
 641      7E9A7844 
 641      F849E26D 
 641      E1C78937 
 641      851F
 642 03cd 25DE177E 		.ascii	"%\336\027~\230\370@\370A\342%\341\373\211\327\204\357"
 642      98F840F8 
 642      41E225E1 
 642      FB89D784 
 642      EF
 643 03de 255E10BE 		.ascii	"%^\020\276\233xZ\370Nb\016J\362\234\250\322\354#\237"
 643      9B785AF8 
 643      4E620E4A 
 643      F29CA8D2 
 643      EC239F
 644 03f1 3CAA3476 		.ascii	"<\2524v\310\352\240J\023\012\376\226\270Y\370vb\215"
 644      C8EAA04A 
 644      130AFE96 
 644      B859F876 
 644      628D
 645 0403 F0ADC4BD 		.ascii	"\360\255\304\275\3027\023k\205o$\236\027\276\236\330"
 645      C237136B 
 645      856F249E 
 645      17BE9ED8 
 646 0413 247C2DF1 		.ascii	"$|-\361\212\360\325\304\026\341+\211\367\204/'>\022"
 646      8AF0D5C4 
 646      16E12B89 
 646      F7842F27 
 646      3E12
 647 0425 BE94D82E 		.ascii	"\276\224\330.|1\261U\370B\342\227i\317\247}\226\366"
 647      7C31B155 
 647      F842E297 
 647      69CFA77D 
 647      96F6
 648 0437 5CDAFB69 		.ascii	"\\\332\373i\317\246}\220\366L\332\267iO\247\375\224"
 648      CFA67D90 
 648      F64CDAB7 
 648      694FA7FD 
 648      94
 649 0448 F654DA9F 		.ascii	"\366T\332\237iO\246\351\356~5?\375K\332KiO\244\275\235"
 649      694FA6E9 
 649      EE7E353F 
 649      FD4BDA4B 
 649      694FA4BD 
 650 045d 56A4FD2D 		.ascii	"V\244\375--\322\236L\363\264\347\322,M\337V\365K\227"
 650      2DD29E4C 
 650      F3B4E7D2 
 650      2C4DDF56 
 650      F54B97
 651 0470 5E9D267D 		.ascii	"^\235&}0\315\215oYT\360\035\013\013\026\024\314/\230"
 651      30CD8D6F 
 651      5954F01D 
 651      0B0B1614 
 651      CC2F98
 652 0483 5730B760 		.ascii	"W0\267`N\301\354\202Y\0053\013f\024L/\230V0\265\340"
 652      4EC1EC82 
 652      5905330B 
 652      66144C2F 
 652      985630B5 
 653 0498 7BA6144C 		.ascii	"{\246\024L.\230T0\261`B\301\370\202q\005c\013\306\024"
 653      2E985430 
 653      B16042C1 
 653      F8827105 
 653      630BC614 
 654 04ac 8C2E1855 		.ascii	"\214.\030U0\262`D\301\360\202a\005C\013\206\024\014"
 654      30B26044 
 654      C1F08261 
 654      05430B86 
 654      140C
 655 04be 2E185430 		.ascii	".\030T0\260`@A\377\202~\005}\013\372\024\364.\350U\320"
 655      B0604041 
 655      FF827E05 
 655      7D0BFA14 
 655      F42EE855 
 656 04d3 B3A04741 		.ascii	"\263\240GA\367\202n\005]\013\272\024t.\350T\3608x\024"
 656      F7826E05 
 656      5D0BBA14 
 656      742EE854 
 656      F0387814 
 657 04e7 3C0C1E04 		.ascii	"<\014\036\004\367\203\216\340^p7h\017\356\004\267\203"
 657      F7838EE0 
 657      5E703768 
 657      0FEE04B7 
 657      83
 658 04f8 B6E05670 		.ascii	"\266\340Vp3\270\021\264\006\327\203k\301\325\240%\270"
 658      33B811B4 
 658      06D7836B 
 658      C1D5A025 
 658      B8
 659 0509 125C0E2E 		.ascii	"\022\\\016.\005\027\203\013Asp>8\027\234\015\232\202"
 659      0517830B 
 659      4173703E 
 659      38179C0D 
 659      9A82
 660 051b 33C1E9E0 		.ascii	"3\301\351\340T\320\030\234\014N\004\307\203c\301\321"
 660      54D0189C 
 660      0C4E04C7 
 660      8363C1D1 
 661 052b E048D010 		.ascii	"\340H\320\020\034\016\016\005\007\203\003\301\376`_"
 661      1C0E0E05 
 661      078303C1 
 661      FE605F
 662 053a 501FEC0D 		.ascii	"P\037\354\015\366\004\273\203\272`W\2603\330\021\324"
 662      F604BB83 
 662      BA6057B0 
 662      33D811D4 
 663 054a 06DB839A 		.ascii	"\006\333\203\232`[\2605\330\022T\007\233\203M\301\306"
 663      605BB035 
 663      D8125407 
 663      9B834DC1 
 663      C6
 664 055b 6043B03E 		.ascii	"`C\260>X\027\254\015\326\004\253\203U\301\312`E\260"
 664      5817AC0D 
 664      D604AB83 
 664      55C1CA60 
 664      45B0
 665 056d 3C58162C 		.ascii	"<X\026,\015\226\004\213\203E\301\302`A0?\230\027\314"
 665      0D96048B 
 665      8345C1C2 
 665      6041303F 
 665      9817CC
 666 0580 0DE604B3 		.ascii	"\015\346\004\263\203Y\301\314`F0=\230\026L\015\246\004"
 666      8359C1CC 
 666      6046303D 
 666      98164C0D 
 666      A604
 667 0592 938349C1 		.ascii	"\223\203I\301\304`B0>\030\027\214\015\306\004\243\203"
 667      C4604230 
 667      3E18178C 
 667      0DC604A3 
 667      83
 668 05a3 51C1C860 		.ascii	"Q\301\310`D0<\030\026\014\015\206\004\203\203A\301\300"
 668      44303C18 
 668      160C0D86 
 668      04838341 
 668      C1C0
 669 05b5 6040D03F 		.ascii	"`@\320?\350\027\364\015\372\004\275\203^A\317\240G\320"
 669      E817F40D 
 669      FA04BD83 
 669      5E41CFA0 
 669      47D0
 670 05c7 3DE81674 		.ascii	"=\350\026t\015\272\004\235\203N\301c\347\221\363\320"
 670      0DBA049D 
 670      834EC163 
 670      E791F3D0 
 671 05d7 79E0DC77 		.ascii	"y\340\334w:\234{\316]\247\335\271\343\334v\332\234["
 671      3A9C7BCE 
 671      5DA7DDB9 
 671      E3DC76DA 
 671      9C5B
 672 05e9 CE4DE786 		.ascii	"\316M\347\206\323\352\\w\2569W\235\026\347\212s\331"
 672      D3EA5C77 
 672      AE39579D 
 672      16E78A73 
 672      D9
 673 05fa B9E45C74 		.ascii	"\271\344\\t.8\315\316y\347\234s\326ir\3168\247\235S"
 673      2E38CDCE 
 673      79E79C73 
 673      D66972CE 
 673      38A79D53 
 674 060e 4EA373D2 		.ascii	"N\243s\3229\341\034w\2169G\235#N\203s\3309\344\034t"
 674      39E11C77 
 674      8E39479D 
 674      234E8373 
 674      D839E41C 
 675 0623 0E38FB9D 		.ascii	"\0168\373\235}N\275\263\327\331\343\354v\352\234]\316"
 675      7D4EBDB3 
 675      D7D9E3EC 
 675      76EA9C5D 
 675      CE
 676 0634 4E678753 		.ascii	"Ng\207S\353lwj\234m\316Vg\213S\355lv69\033\235\015\316"
 676      EB6C776A 
 676      9C6DCE56 
 676      678B53ED 
 676      6C763639 
 677 064c 7A679DB3 		.ascii	"zg\235\263\326Y\343\254vV9+\235\025\316rg\231\263\324"
 677      D659E3AC 
 677      7656392B 
 677      9D15CE72 
 677      6799B3D4 
 678 0660 59E22C76 		.ascii	"Y\342,v\0269\013\235\005\316|g\2363\327\231\343\314"
 678      16390B9D 
 678      05CE7C67 
 678      9E33D799 
 678      E3CC
 679 0672 76663933 		.ascii	"vf93\235\031\316t\247\274\231\246:S\234\311\316$g\242"
 679      9D19CE74 
 679      A7BC99A6 
 679      3A539CC9 
 679      CE2467A2 
 680 0686 33C119EF 		.ascii	"3\301\031\357\2259>\326\031\343\214vF9#\235\021\316"
 680      95393ED6 
 680      19E38C76 
 680      4639239D 
 680      11CE
 681 0698 70679833 		.ascii	"pg\2303\264r\3031\330\031\344\014t\0068\375\235~N_\247"
 681      B472C331 
 681      D819E40C 
 681      740638FD 
 681      9D7E4E5F 
 682 06ad 8FD3DBE9 		.ascii	"\217\323\333\351\345\364tz8\335\235nNW\247\213\323\331"
 682      E5F4747A 
 682      38DD9D6E 
 682      4E57A78B 
 682      D3D9
 683 06bf E9E43C36 		.ascii	"\351\344<6\036\031\017\215\007\306}\243\303\270g\334"
 683      1E190F8D 
 683      07C67DA3 
 683      C3B867DC 
 684 06cf 35DA8D3B 		.ascii	"5\332\215;\306m\243\315\270e\3344n\030\255\306u\343"
 684      C66DA3CD 
 684      B865DC34 
 684      6E18ADC6 
 684      75E3
 685 06e1 9A71D568 		.ascii	"\232q\325h1\256\030\227\215K\306E\343\202\321l\2347"
 685      31AE1897 
 685      8D4BC645 
 685      E382D16C 
 685      9C37
 686 06f3 CE19678D 		.ascii	"\316\031g\215&\343\214q\3328e4\032'\215\023\306q\343"
 686      26E38C71 
 686      DA386534 
 686      1A278D13 
 686      C671E3
 687 0706 9871D438 		.ascii	"\230q\3248b4\030\207\215C\306A\343\200\261\337\330g"
 687      62341887 
 687      8D43C641 
 687      E380B1DF 
 687      D867
 688 0718 D41B7B8D 		.ascii	"\324\033{\215=\306n\243\316\330e\3544v\030\265\306v"
 688      3DC66EA3 
 688      CED865EC 
 688      347618B5 
 688      C676
 689 072a A3C6D866 		.ascii	"\243\306\330fl5\266\030\325\306fc\223\261\321\330`\254"
 689      6C35B618 
 689      D5C66663 
 689      93B1D1D8 
 689      60AC
 690 073c 37D6196B 		.ascii	"7\326\031k\2155\306jc\225\261\322Xa,7\226\031K\215%"
 690      8D35C66A 
 690      6395B1D2 
 690      58612C37 
 690      96194B8D 
 691 0751 C6626391 		.ascii	"\306bc\221\261\320X`\3147\346\031s\2159\306lc\2261\323"
 691      B1D05860 
 691      CC37E619 
 691      738D39C6 
 691      6C639631 
 692 0766 98614C37 		.ascii	"\230aL7\246\031S\215)\306dc\2221\321\230`\2147\306\031"
 692      A619538D 
 692      29C66463 
 692      9231D198 
 692      608C37C6 
 693 077b 638D31C6 		.ascii	"c\2151\306hc\2241\322\030a\0147\206\031C\215!\306`c"
 693      68639431 
 693      D218610C 
 693      37861943 
 693      8D21C660 
 694 0790 9031D018 		.ascii	"\2201\320\030`\3647\372\031}\215>Fo\243\227\321\323"
 694      60F437FA 
 694      197D8D3E 
 694      466FA397 
 694      D1D3
 695 07a2 E8617437 		.ascii	"\350at7\272\031]\215.Fg\243\223\225\211\227G\225URy"
 695      BA195D8D 
 695      2E4667A3 
 695      93958997 
 695      47955552 
 696 07b7 FA97A980 		.ascii	"\372\227\251\200\216\312\372\247\014\307\264W\2668e"
 696      8ECAFAA7 
 696      0CC7B457 
 696      B63865
 697 07c6 A2A0ADB2 		.ascii	"\242\240\255\262\214)SD\231\243"
 697      8C295344 
 697      99A3
 698 07d0 69AD2C50 		.ascii	"i\255,P\312\323\277\314\352\264T\226\036e\224/\023\002"
 698      CAD3BFCC 
 698      EAB45496 
 698      1E65942F 
 698      1302
 699 07e2 172B8B0A 		.ascii	"\027+\213\012\232++\2102\260\227\351\234\246\312\332"
 699      9A2B2B88 
 699      32B097E9 
 699      9CA6CADA 
 700 07f2 A03CFDCB 		.ascii	"\240<\375\313\364Bc\245\355/\203q\231\2029Vi\351\313"
 700      F44263A5 
 700      ED2F8371 
 700      99823956 
 700      69E9CB
 701 0805 F44243A5 		.ascii	"\364BC\245o/34\007+\315y\031\261\313DD}\245\360.cq\231"
 701      6F2F3334 
 701      072BCD79 
 701      19B1CB44 
 701      447DA5F0 
 702 081d B8A8AB94 		.ascii	"\270\250\253\224\324e\312*\3630\265\225b\231\232Je\\"
 702      D465CA2A 
 702      F330B595 
 702      62999A4A 
 702      655C
 703 082f A6A93265 		.ascii	"\246\2512eQ]\251y\313P\314\306J_[&^\326U\232\3272\345"
 703      515DA979 
 703      CB50CCC6 
 703      4A5F5B26 
 703      5ED6559A 
 704 0846 96CF27AC 		.ascii	"\226\317'\254\2524\246\254\250\264\241e\232\255\372"
 704      AA34A6AC 
 704      A8B4A165 
 704      9AADFA
 705 0855 2F1B357E 		.ascii	"/\0335~\255"
 705      AD
 706              		.text
 707              		.section	.gnu.lto_crc8.297.ab06a3fa73cba09a,"e",%progbits
 708 0000 789C5D93 		.ascii	"x\234]\223\337K\223a\024\307\317y\317\363\356\335fn"
 708      DF4B9361 
 708      14C7CF79 
 708      CFF3EEDD 
 708      666E
 709 0012 5DE46D08 		.ascii	"]\344m\010!\321\205\316\012\322Ko\354?(\350&\231s\221"
 709      21D185CE 
 709      0AD24B6F 
 709      EC3F28E8 
 709      26997391 
 710 0026 3FA6B64D 		.ascii	"?\246\266M\252\233|uNI!\235\212\231Y\304Z\2427\225a"
 710      AA9B7C75 
 710      4E49219D 
 710      8A9959C4 
 710      5AA23795 
 711 003b 65667325 		.ascii	"efs%\246F\202\010\375\270*\020\202\014\022)\250\030"
 711      A6468208 
 711      FDB82A10 
 711      820C1229 
 711      A818
 712 004d C63ACFB3 		.ascii	"\306:\317\263\327\221\276\360\276\357y\316\371<\337"
 712      D791BEF0 
 712      BEEF79CE 
 712      F93CDF
 713 005c 739EE73C 		.ascii	"s\236\347<\317]\002\250\007\200\020\277h\003\354\217"
 713      CF5D02A8 
 713      078010BF 
 713      6803EC8F 
 714 006c 756B609A 		.ascii	"uk`\232f\205\241\341`\254\373\363\324!|\211jL88\271"
 714      6685A1E1 
 714      60ACFBF3 
 714      D4217C89 
 714      6A4C3838 
 715 0081 13135A24 		.ascii	"\023\023Z$\326\243qdm+].\2421\327\375\336\250!tl\213"
 715      D6A37164 
 715      6D2B5D2E 
 715      A231D7FD 
 715      DEA82174 
 716 0097 752F4675 		.ascii	"u/Fu\205 \264j\304\256VM\000\246\004f\370q\347\014\260"
 716      8520B46A 
 716      C4AE564D 
 716      00A60466 
 716      F871E70C 
 717 00ac 9E013A92 		.ascii	"\236\001:\2222\315?\367F\222WF\306S\230\340jn\023\340"
 717      32CD3FF7 
 717      46925746 
 717      C65398E0 
 717      6A6E13E0 
 718 00c0 712C95D1 		.ascii	"q,\225\321Q\302~J\020\242\260,\015\013\331\242\0128"
 718      51C27E4A 
 718      10A2B02C 
 718      0D0BD9A2 
 718      0A38
 719 00d2 CCB356BF 		.ascii	"\314\263V\277N\233\246\003\022D\370\024\345\254'\210"
 719      4E9BA603 
 719      1244F814 
 719      E5AC2788 
 720 00e2 8F11A4A3 		.ascii	"\217\021\244\243rJ\223\334\251,\367\327\342\004>\333"
 720      724A93DC 
 720      A92CF7D7 
 720      E2043EDB 
 721 00f2 CD89CA94 		.ascii	"\315\211\312\224\246\262\320Y\371-bxk\371c\363\222)"
 721      A6B2D059 
 721      F92D6278 
 721      6BF963F3 
 721      9229
 722 0104 24FCFC7F 		.ascii	"$\374\374\177\030\240r]i\236\333!\037.I\331\302\004"
 722      18A0725D 
 722      699EDB21 
 722      1F2E49D9 
 722      C204
 723 0116 E9F8620F 		.ascii	"\351\370b\017\371^\221u9r\316\"m8\267\207|\253\361\236"
 723      F95E9175 
 723      3972CE22 
 723      6D38B787 
 723      7CABF19E 
 724 012a A7109388 		.ascii	"\247\020\223\210\263(\227.\333\000@9\337\2035=engzM"
 724      B328972E 
 724      DB004039 
 724      DF83353D 
 724      656E677A 
 725 013f F3F74F1C 		.ascii	"\363\367O\034\236=\275\037\271nC\343\217\235\344\207"
 725      9E3DBD1F 
 725      B96E43E3 
 725      8F9DE487 
 726 014f 3737893A 		.ascii	"77\211:\340\014*!C\016\355\210\323\350@\3669e \2179"
 726      E00C2A21 
 726      430EED88 
 726      D3E840F6 
 726      3965208F 
 727 0164 C8071673 		.ascii	"\310\007\026s\311\250[r\000\275\004[\351\361r4S\000"
 727      C9A85B72 
 727      00BD045B 
 727      E9F17234 
 727      5300
 728 0176 7DA429BB 		.ascii	"}\244)\273\215\355oh\256g\016\360\257\375\316\031\006"
 728      8DED6F68 
 728      AE670EF0 
 728      AFFDCE19 
 728      06
 729 0187 E36457AE 		.ascii	"\343dW\256X\201\345J\252F\350\230A\345\037(P\277!\271"
 729      5881E54A 
 729      AA46E898 
 729      41E51F28 
 729      50BF21B9 
 730 019b 9C3EA258 		.ascii	"\234>\242X\364\303\"\345tn\370a\023\333\207{V(Nh\265"
 730      F4C322E5 
 730      746EF861 
 730      13DB877B 
 730      56284E68 
 731 01b0 D0863026 		.ascii	"\320\2060&\017\224=A\2168\217\346y&C\333]\234Jc\214"
 731      0F943D41 
 731      8E388FE6 
 731      792643DB 
 731      5D9C4A63 
 732 01c5 0791C1AE 		.ascii	"\007\221\301\256\0256\363\225\303\220y\013\271xv(\321"
 732      1536F395 
 732      C390790B 
 732      B9787628 
 732      D1
 733 01d6 9B4A7475 		.ascii	"\233Jtu\342`\234\310\322t\242\334\352\016\264\2619N"
 733      E2609CC8 
 733      D274A2DC 
 733      EA0EB4B1 
 733      394E
 734 01e8 AAA363C8 		.ascii	"\252\243c\310=\314\303\327\210\013\010\307:T\276}\270"
 734      3DCCC3D7 
 734      880B08C7 
 734      3A54BE7D 
 734      B8
 735 01f9 A8544066 		.ascii	"\250T@f\214\014\251$.V\221\022\366\354\2028S\222\031"
 735      8C0CA924 
 735      2E569112 
 735      F6EC8238 
 735      539219
 736 020c 97CA744B 		.ascii	"\227\312tKf\212<\352|\307\036\267\254\2654K\310]q\253"
 736      668A3CEA 
 736      7CC71EB7 
 736      ACB5344B 
 736      C85D71AB 
 737 0220 F50A5E88 		.ascii	"\365\012^\210)\254\365\266W\200\232,+\326\024dS\326"
 737      29ACF5B6 
 737      57809A2C 
 737      2BD61464 
 737      53D6
 738 0232 0C5BBA12 		.ascii	"\014[\272\022\274\376\335\316wF\212\216v~\341\344N\016"
 738      BCFEDDCE 
 738      77468A8E 
 738      767EE1E4 
 738      4E0E
 739 0244 C8E43B97 		.ascii	"\310\344;\227B\251K\334\011\033\330\2611\337\230\213"
 739      42A94BDC 
 739      091BD8B1 
 739      31DF988B 
 740 0254 ABCB9246 		.ascii	"\253\313\222F=N\016\276O\014\320\233\"\226J\243\215"
 740      3D4E0EBE 
 740      4F0CD09B 
 740      22964AA3 
 740      8D
 741 0265 1BA4FD32 		.ascii	"\033\244\3752\270 \332\\\266\245\321\300W\250]\273\232"
 741      B820DA5C 
 741      B6A5D1C0 
 741      57A85DBB 
 741      9A
 742 0276 C76BA04F 		.ascii	"\307k\240O\023N\256Q\337\325\332\311\202\354n/pz\206"
 742      134EAE51 
 742      DFD5DAC9 
 742      82EC6E2F 
 742      707A86
 743 0289 04FCE09C 		.ascii	"\004\374\340\234l*y\301\305\013!\317\006\346\316\006"
 743      6C2A79C1 
 743      C50B21CF 
 743      06E6CE06 
 744 0299 4089E77C 		.ascii	"@\211\347|S\300\357\251\013\205\375\027\275\301\260"
 744      53C0EFA9 
 744      0B85FD17 
 744      BDC1B0
 745 02a8 27D4D412 		.ascii	"'\324\324\022\364\371=\227\275\376@}q\250\271\2416\\"
 745      F4F93D97 
 745      BDFE407D 
 745      71A8B9A1 
 745      365C
 746 02ba 5C5FED39 		.ascii	"\\_\3559Y\033\014p\330\017\256\013-\336\306pK\300\343"
 746      591B0C70 
 746      D80FAE0B 
 746      2DDEC670 
 746      4BC0E3
 747 02cd 0BFA4A7C 		.ascii	"\013\372J| j\274a\257[\331%eG\313N\370\370\005\273t"
 747      206ABC61 
 747      AF5BD925 
 747      6547CB4E 
 747      F8F805BB 
 748 02e2 5635F81B 		.ascii	"V5\370\033\215puCUm\315%b\000k\376\001\371\255W\350"
 748      8D707543 
 748      556DCD25 
 748      62006BFE 
 748      01F9AD57 
 749              		.text
 750              		.section	.gnu.lto_.symbol_nodes.ab06a3fa73cba09a,"e",%progbits
 751 0000 789C7361 		.ascii	"x\234sa\000\002\246\345L\365\014\015@\300\3028\341\034"
 751      0002A6E5 
 751      4CF50C0D 
 751      40C0C238 
 751      E11C
 752 0012 03433D03 		.ascii	"\003C=\003\303\256\206FF\006F\006\260\344J\246z\306"
 752      C3AE8646 
 752      46064606 
 752      B0E44AA6 
 752      7AC6
 753 0024 0FBF5658 		.ascii	"\017\277VX`\221c]\301\304\320\340\304\300\300\314\000"
 753      6091635D 
 753      C1C4D0E0 
 753      C4C0C0CC 
 753      00
 754 0035 00753610 		.ascii	"\000u6\020\024"
 754      14
 755              		.text
 756              		.section	.gnu.lto_.refs.ab06a3fa73cba09a,"e",%progbits
 757 0000 789C6367 		.ascii	"x\234cg```dd`\342e`\000\000\000\224\000\031"
 757      60606064 
 757      6460E265 
 757      60000000 
 757      940019
 758              		.text
 759              		.section	.gnu.lto_.decls.ab06a3fa73cba09a,"e",%progbits
 760 0000 789C7D54 		.ascii	"x\234}TmlSe\024>\317{o\327\333\227\215.K\011.!Kcb\254"
 760      6D6C5365 
 760      143ECF7B 
 760      6FD7DB97 
 760      8D2E4B09 
 761 001a 215BB510 		.ascii	"![\265\020\006\377\232\230\240\311\022\302\017\375\201"
 761      06FF9A98 
 761      A0C912C2 
 761      0FFD81
 762 0029 7F96D25B 		.ascii	"\177\226\322[\263:\272\315\256\023\365\327\3532\025"
 762      B33ABACD 
 762      AE13F5D7 
 762      EB3215
 763 0038 8C5B96CD 		.ascii	"\214[\226\315\004\022\320\014B\"\312\202K@\0047F\335"
 763      0412D00C 
 763      4222CA82 
 763      4B400437 
 763      46DD
 764 004a C6AC6EA8 		.ascii	"\306\254n\250S\201\312H\210\022H\025\215$\0031\3068"
 764      5381CA48 
 764      88124815 
 764      8D240331 
 764      C638
 765 005c CFFD68BB 		.ascii	"\317\375h\2731\3614\347\236\367\343y\237\363\221s\332"
 765      31F134E7 
 765      9EF7E379 
 765      9FF39173 
 765      DA
 766 006d E4213A41 		.ascii	"\344!:AD\005\326E\026\235\355\034\253`\035eM\222#\326"
 766      4405D645 
 766      169DED1C 
 766      AB601D65 
 766      4D9223D6 
 767 0081 7E8AF52B 		.ascii	"~\212\365+V\260\376@\313e/\234\363\026w\017\027\177"
 767      56B0FE40 
 767      CB652F9C 
 767      F316770F 
 767      177F
 768 0093 BF9CE00B 		.ascii	"\277\234\340\013\215\355\016\326\000k\376?0Ey\227\261"
 768      8DED0ED6 
 768      006BFE3F 
 768      30457997 
 768      B1
 769 00a4 556C6759 		.ascii	"UlgYk\\|\322\215\353\"\353<\353:\227\353\012\353U\227"
 769      6B5C7CD2 
 769      8DEB22EB 
 769      3CEB3A97 
 769      EB0AEB55 
 770 00b9 EFF29218 		.ascii	"\357\362\222\030\036\024\357\200\206\035\260\022\366"
 770      1E14EF80 
 770      861DB012 
 770      F6
 771 00c6 DB2BD204 		.ascii	"\333+\322\004\205\225-\335\222p\0126\250v\225\366\230"
 771      85952DDD 
 771      92700A36 
 771      A87695F6 
 771      98
 772 00d7 85AC81CE 		.ascii	"\205\254\201\316\337\000\202\00741\260p/W!\263J\335"
 772      DF008207 
 772      3431B070 
 772      2F5721B3 
 772      4ADD
 773 00e9 56D91E1F 		.ascii	"V\331\036\037\341S\340\014\010\247\301,\237\000\037"
 773      E153E00C 
 773      08A7C12C 
 773      9F001F
 774 00f8 0327C1B0 		.ascii	"\003'\301\260\231\371\367F|7`\345\012\335\004\220\337"
 774      99F9F746 
 774      7C3760E5 
 774      0ADD0490 
 774      DF
 775 0109 C41F49CF 		.ascii	"\304\037I\317i\024PB\211\325\246&\244&5S\346u\177\350"
 775      69145042 
 775      89D5A626 
 775      A4263553 
 775      E6757FE8 
 776 011d 8E163544 		.ascii	"\216\0265D\310/\215\243\223\250\226\036C\210\202\327"
 776      C82F8DA3 
 776      93A8961E 
 776      438882D7 
 777 012d 94A1BF30 		.ascii	"\224\241\2770,\206*\202Q\245\233o\257)x\225\350\337"
 777      2C862A82 
 777      51A59B6F 
 777      AF297895 
 777      E8DF
 778 013f 16D810E5 		.ascii	"\026\330\020\345o\301\233\203\311\257\266\353F5\257"
 778      6FC19B83 
 778      C9AFB6EB 
 778      4635AF
 779 014e 0A5E7947 		.ascii	"\012^yG\033\352\2550/\210=\217\"\007iF\002\234I\324"
 779      1BEAAD30 
 779      2F883D8F 
 779      22076946 
 779      029C49D4 
 780 0162 30EAEA26 		.ascii	"0\352\352&\264\011-\307\351\030\306\310\3615\262\340"
 780      B4092DC7 
 780      E918C6C8 
 780      F135B2E0 
 781 0172 F53347C8 		.ascii	"\3653G\310\014V\233A\177\016\036\323\224\201\020q\024"
 781      0C569B41 
 781      7F0E1ED3 
 781      94811071 
 781      14
 782 0183 66241215 		.ascii	"f$\022\025\222\251u#\207\210\206\312\210\372\361\326"
 782      92A97523 
 782      878886CA 
 782      88FAF1D6 
 783 0193 5AE991BE 		.ascii	"Z\351\221\276\272`\210\310\244\255\202\211\265\305\242"
 783      BA6088C8 
 783      A4AD8289 
 783      B5C5A2
 784 01a2 C0CB4ECD 		.ascii	"\300\313N\315\362\026\010I\021\021ZS\301\313\315\"\202"
 784      F2160849 
 784      11115A53 
 784      C1CBCD22 
 784      82
 785 01b3 444A372A 		.ascii	"DJ7*+\241\330\370\232\233\314\355\021I\005\257\340\253"
 785      2BA1D8F8 
 785      9A9BCCED 
 785      114905AF 
 785      E0AB
 786 01c5 800E2550 		.ascii	"\200\016%P~)+\010h\341\022Z?\026\202\263\"\270JK\275"
 786      7E292B08 
 786      68E1125A 
 786      3F1682B3 
 786      22B84A4B 
 787 01da 94EE85BB 		.ascii	"\224\356\205\273 *\236\226\204J\226\204\313!\2346\000"
 787      202A9E96 
 787      844A9684 
 787      CB219C36 
 787      00
 788 01eb 5C4B28BA 		.ascii	"\\K(\272XBN.\035\301\205\024y\334\267NS\024O\212\261"
 788      58424E2E 
 788      1DC18514 
 788      79DCB74E 
 788      53144F8A 
 789 0200 583E6CB0 		.ascii	"X>l\260(\236\226dE\340\313\244\034\206\305aQs\337\014"
 789      289E9664 
 789      45E0CBA4 
 789      1C86C561 
 789      5173DF0C 
 790 0214 DE18EDF1 		.ascii	"\336\030\355\361\335\344\262\251\341\311\207\260\272"
 790      DDE4B2A9 
 790      E1C987B0 
 790      BA
 791 0221 3FCAE3D2 		.ascii	"?\312\343\322D\3323\326\335\310\301\277\347\014\036"
 791      44DA33D6 
 791      DDC8C1BF 
 791      E70C1E
 792 0230 509C0339 		.ascii	"P\234\0039m)\354\266\254\346\2737G\373f\344Z~\366\253"
 792      6D29ECB6 
 792      ACE6BB37 
 792      47FB66E4 
 792      5A7EF6AB 
 793 0244 52012EE7 		.ascii	"R\001.\347\004\360\231\345a\222\035\264\333\314?\017"
 793      04F099E5 
 793      61921DB4 
 793      DBCC3F0F 
 794 0254 BF75B2EA 		.ascii	"\277u\262\352\341\375\375\352\317\2057f\177\222c\247"
 794      E1FDFDEA 
 794      CF853766 
 794      7F9263A7 
 795 0264 957ABD5B 		.ascii	"\225z\275[)\303\302`\034\334\274\014\3172|\234\365,"
 795      29C3C260 
 795      1CDCBC0C 
 795      CF327C9C 
 795      F52C
 796 0276 3086DADF 		.ascii	"0\206\332\337\205\266\017+<\363\376\300\2713\357\353"
 796      85B60F2B 
 796      3CF3FEC0 
 796      B933EFEB 
 797 0286 D65F0546 		.ascii	"\326_\005F\201v>\230\275y\370\326*\373 \211\317\301"
 797      81763E98 
 797      BD79F8D6 
 797      2AFB2089 
 797      CFC1
 798 0298 51ADC3A2 		.ascii	"Q\255\303\242cH;hS\314N\367rc\362\334\024\324\304k\032"
 798      63483B68 
 798      53CC4EF7 
 798      7263F2DC 
 798      14D4C46B 
 799 02ad 61031E27 		.ascii	"a\003\036'\314\200\021<5_\002_XSs\350\354\2619\255\224"
 799      CC80113C 
 799      355F025F 
 799      585373E8 
 799      ECB139AD 
 800 02c2 C52C4A69 		.ascii	"\305,Ji\\\340\230r\216\357\261\336\301K\322\312\343"
 800      5CE09872 
 800      8EEFB1DE 
 800      C14BD2CA 
 800      E3
 801 02d3 F6F83F1D 		.ascii	"\366\370?\035G\373\271\315\371\026\347\335\004\246\031"
 801      47FBB9CD 
 801      F916E7DD 
 801      04A619
 802 02e2 78BE94C0 		.ascii	"x\276\224\300\021\241\035\201S*e\330\265RYg\273h\271"
 802      11A11D81 
 802      532A65D8 
 802      B5525967 
 802      BB68B9
 803 02f5 9BFEE0D4 		.ascii	"\233\376\340\3245!\225;\313|\352\0143\341;f\010\343"
 803      3521953B 
 803      CB7CEA0C 
 803      33E13B66 
 803      08E3
 804 0307 5B68C7ED 		.ascii	"[h\307\355\330\247\272\367\335\363\254\234\371\357\357"
 804      D8A7BAF7 
 804      DDF3AC9C 
 804      F9EFEF
 805 0316 9BF9C13F 		.ascii	"\233\371\301?z\016\373k\230\256G\251!\201\213\300\034"
 805      7A0EFB6B 
 805      98AE47A9 
 805      21818BC0 
 805      1C
 806 0327 F08DC577 		.ascii	"\360\215\305w\0116\247\305\365\333\300\336_\244\315"
 806      0936A7C5 
 806      F5DBC0DE 
 806      5FA4CD
 807 0336 95FD3FAE 		.ascii	"\225\375?\256=w\017\335\325\312\\\227Wr=\362\016\227"
 807      3D770FDD 
 807      D5CA5C97 
 807      57723DF2 
 807      0E97
 808 0348 6034AF3F 		.ascii	"`4\257?\215<\360\265\225~\011\302\273\266\332\375\202"
 808      8D3CF0B5 
 808      957E09C2 
 808      BBB6DAFD 
 808      82
 809 0359 69AEF77D 		.ascii	"i\256\367}t\335oW=\373\340\252_\353\233\372PV\332\351"
 809      74DD6F57 
 809      3DFBE0AA 
 809      5FEB9BFA 
 809      5056DAE9 
 810 036d 0D4DE8B8 		.ascii	"\015M\350\270\202R\035\346\235\230\027\346\216\015\370"
 810      82521DE6 
 810      9D9817E6 
 810      8E0DF8
 811 037c CB807C19 		.ascii	"\313\200|\031p\325\352\333\252\027\273bm\231\256T8\236"
 811      70D5EADB 
 811      AA17BB62 
 811      6D99AE54 
 811      389E
 812 038e 8E37C48D 		.ascii	"\2167\304\215\247\266=\033|r\313\026\362\333\333\206"
 812      A7B63D1B 
 812      7C72CB16 
 812      F2DBDB86 
 813 039e C6271A37 		.ascii	"\306'\0327\305Y\251\2423\371j\2429#6Re,\235z\2511Q\237"
 813      C559A9A2 
 813      33F96AA2 
 813      39233652 
 813      652C9D7A 
 814 03b6 5AFF7C07 		.ascii	"Z\377|\007\311x{:\223x\271>\265\221\014~\321\234lKf"
 814      C9787B3A 
 814      9378B93E 
 814      B5910C7E 
 814      D19C6C4B 
 815 03cb F4DD8958 		.ascii	"\364\335\211XkC\270\245=\225\010\277\320\231I\354\216"
 815      6B43B8A5 
 815      3D9508BF 
 815      D09949EC 
 815      8E
 816 03dc A533E1CE 		.ascii	"\2453\341\316\366\256t<\021~%\226H\265\326wv\354Jf\352"
 816      F6AE743C 
 816      117E2596 
 816      48B5D677 
 816      76EC4A66 
 817 03f1 5B7786B7 		.ascii	"[w\206\267&\323)\276N\320\352eQ\220\316f\263\267+\331"
 817      26D329BE 
 817      4ED0EA65 
 817      5190CE66 
 817      B3B72BD9 
 818 0405 96D9DC9C 		.ascii	"\226\331\334\234\361Y\304\231\330\316]\011\217\275\372"
 818      F159C499 
 818      D8CE5D09 
 818      8FBDFA
 819 0414 171BBFB5 		.ascii	"\027\033\277\265J"
 819      4A
 820              		.text
 821              		.section	.gnu.lto_.symtab.ab06a3fa73cba09a,"e",%progbits
 822 0000 6372635F 		.ascii	"crc_init\000"
 822      696E6974 
 822      00
 823 0009 00       		.ascii	"\000"
 824 000a 01       		.ascii	"\001"
 825 000b 00       		.ascii	"\000"
 826 000c 00000000 		.ascii	"\000\000\000\000\000\000\000\000"
 826      00000000 
 827 0014 C4000000 		.ascii	"\304\000\000\000"
 828 0018 63726338 		.ascii	"crc8\000"
 828      00
 829 001d 00       		.ascii	"\000"
 830 001e 01       		.ascii	"\001"
 831 001f 00       		.ascii	"\000"
 832 0020 00000000 		.ascii	"\000\000\000\000\000\000\000\000"
 832      00000000 
 833 0028 CE000000 		.ascii	"\316\000\000\000"
 834              		.text
 835              		.section	.gnu.lto_.ext_symtab.ab06a3fa73cba09a,"e",%progbits
 836 0000 01       		.ascii	"\001"
 837 0001 01       		.ascii	"\001"
 838 0002 00       		.ascii	"\000"
 839 0003 01       		.ascii	"\001"
 840 0004 00       		.ascii	"\000"
 841              		.text
 842              		.section	.gnu.lto_.opts,"e",%progbits
 843 0000 272D666E 		.ascii	"'-fno-openmp' '-fno-openacc' '-fno-pie' '-fcf-prote"
 843      6F2D6F70 
 843      656E6D70 
 843      2720272D 
 843      666E6F2D 
 844 0033 6374696F 		.ascii	"ction=none' '-g' '-mcpu=cortex-m4' '-mthumb' '-mno-"
 844      6E3D6E6F 
 844      6E652720 
 844      272D6727 
 844      20272D6D 
 845 0066 7468756D 		.ascii	"thumb-interwork' '-mno-unaligned-access' '-mfloat-a"
 845      622D696E 
 845      74657277 
 845      6F726B27 
 845      20272D6D 
 846 0099 62693D68 		.ascii	"bi=hard' '-mfpu=fpv4-sp-d16' '-mlibarch=armv7e-m+fp"
 846      61726427 
 846      20272D6D 
 846      6670753D 
 846      66707634 
 847 00cc 2720272D 		.ascii	"' '-march=armv7e-m+fp' '-Os' '-Ofast' '-fsingle-pre"
 847      6D617263 
 847      683D6172 
 847      6D763765 
 847      2D6D2B66 
 848 00ff 63697369 		.ascii	"cision-constant' '-fomit-frame-pointer' '-ffunction"
 848      6F6E2D63 
 848      6F6E7374 
 848      616E7427 
 848      20272D66 
 849 0132 2D736563 		.ascii	"-sections' '-fdata-sections' '-fshort-wchar' '-fcom"
 849      74696F6E 
 849      73272027 
 849      2D666461 
 849      74612D73 
 850 0165 6D6F6E27 		.ascii	"mon' '-flto' '-Xassembler' '-adhlns=.build/obj_karl"
 850      20272D66 
 850      6C746F27 
 850      20272D58 
 850      61737365 
 851 0198 6B39305F 		.ascii	"k90_yaemk_moonlanderlike/crc.lst'\000"
 851      7961656D 
 851      6B5F6D6F 
 851      6F6E6C61 
 851      6E646572 
 852              		.text
 853              		.comm	__gnu_lto_slim,1,1
 854              		.ident	"GCC: (15:10.3-2021.07-4) 10.3.1 20210621 (release)"
DEFINED SYMBOLS
                            *ABS*:0000000000000000 crc.c
     /tmp/cc35H5qj.s:21     .gnu.debuglto_.debug_info:0000000000000000 crc.c.7176c176
                            *COM*:0000000000000001 __gnu_lto_slim

NO UNDEFINED SYMBOLS
