   1              		.cpu cortex-m4
   2              		.eabi_attribute 27, 1
   3              		.eabi_attribute 28, 1
   4              		.eabi_attribute 23, 1
   5              		.eabi_attribute 24, 1
   6              		.eabi_attribute 25, 1
   7              		.eabi_attribute 26, 1
   8              		.eabi_attribute 30, 2
   9              		.eabi_attribute 34, 0
  10              		.eabi_attribute 18, 2
  11              		.file	"custom_color.c"
  12              		.file 1 "/usr/lib/gcc/arm-none-eabi/10.3.1/include/stdint.h"
  13              		.file 2 "quantum/color.h"
  14              		.file 3 "./lib/lib8tion/lib8tion.h"
  15              		.file 4 "keyboards/karlk90/yaemk/custom_color.c"
  16              		.file 5 "./lib/lib8tion/scale8.h"
  17              		.file 6 "./lib/lib8tion/trig8.h"
  18              		.section	.gnu.debuglto_.debug_info,"e",%progbits
  19              	.Ldebug_info0:
  20              		.hidden	custom_color.c.73c89579
  21              		.weak	custom_color.c.73c89579
  22              	custom_color.c.73c89579:
  23 0000 FB020000 		.4byte	0x2fb
  24 0004 0400     		.2byte	0x4
  25 0006 00000000 		.4byte	.Ldebug_abbrev0
  26 000a 04       		.byte	0x4
  27 000b 01       		.uleb128 0x1
  28 000c 33010000 		.4byte	.LASF26
  29 0010 0C       		.byte	0xc
  30 0011 26000000 		.4byte	.LASF27
  31 0015 B4000000 		.4byte	.LASF28
  32 0019 00000000 		.4byte	.Ldebug_line0
  33 001d 02       		.uleb128 0x2
  34 001e 01       		.byte	0x1
  35 001f 06       		.byte	0x6
  36 0020 CF020000 		.4byte	.LASF0
  37 0024 02       		.uleb128 0x2
  38 0025 02       		.byte	0x2
  39 0026 05       		.byte	0x5
  40 0027 A8020000 		.4byte	.LASF1
  41 002b 02       		.uleb128 0x2
  42 002c 04       		.byte	0x4
  43 002d 05       		.byte	0x5
  44 002e C6020000 		.4byte	.LASF2
  45 0032 02       		.uleb128 0x2
  46 0033 08       		.byte	0x8
  47 0034 05       		.byte	0x5
  48 0035 62020000 		.4byte	.LASF3
  49 0039 03       		.uleb128 0x3
  50 003a 1C010000 		.4byte	.LASF5
  51 003e 01       		.byte	0x1
  52 003f 2E       		.byte	0x2e
  53 0040 18       		.byte	0x18
  54 0041 4A000000 		.4byte	0x4a
  55 0045 04       		.uleb128 0x4
  56 0046 39000000 		.4byte	0x39
  57 004a 02       		.uleb128 0x2
  58 004b 01       		.byte	0x1
  59 004c 08       		.byte	0x8
  60 004d 6B000000 		.4byte	.LASF4
  61 0051 03       		.uleb128 0x3
  62 0052 B2020000 		.4byte	.LASF6
  63 0056 01       		.byte	0x1
  64 0057 31       		.byte	0x31
  65 0058 19       		.byte	0x19
  66 0059 5D000000 		.4byte	0x5d
  67 005d 02       		.uleb128 0x2
  68 005e 02       		.byte	0x2
  69 005f 07       		.byte	0x7
  70 0060 8B000000 		.4byte	.LASF7
  71 0064 02       		.uleb128 0x2
  72 0065 04       		.byte	0x4
  73 0066 07       		.byte	0x7
  74 0067 79000000 		.4byte	.LASF8
  75 006b 02       		.uleb128 0x2
  76 006c 08       		.byte	0x8
  77 006d 07       		.byte	0x7
  78 006e 05010000 		.4byte	.LASF9
  79 0072 05       		.uleb128 0x5
  80 0073 04       		.byte	0x4
  81 0074 05       		.byte	0x5
  82 0075 696E7400 		.ascii	"int\000"
  83 0079 02       		.uleb128 0x2
  84 007a 04       		.byte	0x4
  85 007b 07       		.byte	0x7
  86 007c F8000000 		.4byte	.LASF10
  87 0080 06       		.uleb128 0x6
  88 0081 03       		.byte	0x3
  89 0082 02       		.byte	0x2
  90 0083 64       		.byte	0x64
  91 0084 09       		.byte	0x9
  92 0085 AB000000 		.4byte	0xab
  93 0089 07       		.uleb128 0x7
  94 008a 6700     		.ascii	"g\000"
  95 008c 02       		.byte	0x2
  96 008d 66       		.byte	0x66
  97 008e 0D       		.byte	0xd
  98 008f 39000000 		.4byte	0x39
  99 0093 00       		.byte	0
 100 0094 07       		.uleb128 0x7
 101 0095 7200     		.ascii	"r\000"
 102 0097 02       		.byte	0x2
 103 0098 67       		.byte	0x67
 104 0099 0D       		.byte	0xd
 105 009a 39000000 		.4byte	0x39
 106 009e 01       		.byte	0x1
 107 009f 07       		.uleb128 0x7
 108 00a0 6200     		.ascii	"b\000"
 109 00a2 02       		.byte	0x2
 110 00a3 68       		.byte	0x68
 111 00a4 0D       		.byte	0xd
 112 00a5 39000000 		.4byte	0x39
 113 00a9 02       		.byte	0x2
 114 00aa 00       		.byte	0
 115 00ab 03       		.uleb128 0x3
 116 00ac 24010000 		.4byte	.LASF11
 117 00b0 02       		.byte	0x2
 118 00b1 72       		.byte	0x72
 119 00b2 03       		.byte	0x3
 120 00b3 80000000 		.4byte	0x80
 121 00b7 08       		.uleb128 0x8
 122 00b8 52474200 		.ascii	"RGB\000"
 123 00bc 02       		.byte	0x2
 124 00bd 74       		.byte	0x74
 125 00be 0E       		.byte	0xe
 126 00bf AB000000 		.4byte	0xab
 127 00c3 06       		.uleb128 0x6
 128 00c4 03       		.byte	0x3
 129 00c5 02       		.byte	0x2
 130 00c6 88       		.byte	0x88
 131 00c7 09       		.byte	0x9
 132 00c8 EE000000 		.4byte	0xee
 133 00cc 07       		.uleb128 0x7
 134 00cd 6800     		.ascii	"h\000"
 135 00cf 02       		.byte	0x2
 136 00d0 89       		.byte	0x89
 137 00d1 0D       		.byte	0xd
 138 00d2 39000000 		.4byte	0x39
 139 00d6 00       		.byte	0
 140 00d7 07       		.uleb128 0x7
 141 00d8 7300     		.ascii	"s\000"
 142 00da 02       		.byte	0x2
 143 00db 8A       		.byte	0x8a
 144 00dc 0D       		.byte	0xd
 145 00dd 39000000 		.4byte	0x39
 146 00e1 01       		.byte	0x1
 147 00e2 07       		.uleb128 0x7
 148 00e3 7600     		.ascii	"v\000"
 149 00e5 02       		.byte	0x2
 150 00e6 8B       		.byte	0x8b
 151 00e7 0D       		.byte	0xd
 152 00e8 39000000 		.4byte	0x39
 153 00ec 02       		.byte	0x2
 154 00ed 00       		.byte	0
 155 00ee 08       		.uleb128 0x8
 156 00ef 48535600 		.ascii	"HSV\000"
 157 00f3 02       		.byte	0x2
 158 00f4 8C       		.byte	0x8c
 159 00f5 03       		.byte	0x3
 160 00f6 C3000000 		.4byte	0xc3
 161 00fa 04       		.uleb128 0x4
 162 00fb EE000000 		.4byte	0xee
 163 00ff 02       		.uleb128 0x2
 164 0100 01       		.byte	0x1
 165 0101 08       		.byte	0x8
 166 0102 77020000 		.4byte	.LASF12
 167 0106 09       		.uleb128 0x9
 168 0107 70020000 		.4byte	.LASF13
 169 010b 03       		.byte	0x3
 170 010c 4801     		.2byte	0x148
 171 010e 13       		.byte	0x13
 172 010f 39000000 		.4byte	0x39
 173 0113 0A       		.uleb128 0xa
 174 0114 45000000 		.4byte	0x45
 175 0118 23010000 		.4byte	0x123
 176 011c 0B       		.uleb128 0xb
 177 011d 79000000 		.4byte	0x79
 178 0121 07       		.byte	0x7
 179 0122 00       		.byte	0
 180 0123 04       		.uleb128 0x4
 181 0124 13010000 		.4byte	0x113
 182 0128 0C       		.uleb128 0xc
 183 0129 0F000000 		.4byte	.LASF29
 184 012d 06       		.byte	0x6
 185 012e 96       		.byte	0x96
 186 012f 16       		.byte	0x16
 187 0130 23010000 		.4byte	0x123
 188 0134 08       		.byte	0x8
 189 0135 00       		.byte	0
 190 0136 31       		.byte	0x31
 191 0137 31       		.byte	0x31
 192 0138 29       		.byte	0x29
 193 0139 5A       		.byte	0x5a
 194 013a 1B       		.byte	0x1b
 195 013b 75       		.byte	0x75
 196 013c 0A       		.byte	0xa
 197 013d 0D       		.uleb128 0xd
 198 013e E2000000 		.4byte	.LASF30
 199 0142 04       		.byte	0x4
 200 0143 12       		.byte	0x12
 201 0144 05       		.byte	0x5
 202 0145 B7000000 		.4byte	0xb7
 203 0149 4A020000 		.4byte	0x24a
 204 014d 0E       		.uleb128 0xe
 205 014e 68737600 		.ascii	"hsv\000"
 206 0152 04       		.byte	0x4
 207 0153 12       		.byte	0x12
 208 0154 25       		.byte	0x25
 209 0155 FA000000 		.4byte	0xfa
 210 0159 0F       		.uleb128 0xf
 211 015a 593100   		.ascii	"Y1\000"
 212 015d 04       		.byte	0x4
 213 015e 1B       		.byte	0x1b
 214 015f 13       		.byte	0x13
 215 0160 45000000 		.4byte	0x45
 216 0164 0F       		.uleb128 0xf
 217 0165 593200   		.ascii	"Y2\000"
 218 0168 04       		.byte	0x4
 219 0169 1C       		.byte	0x1c
 220 016a 13       		.byte	0x13
 221 016b 45000000 		.4byte	0x45
 222 016f 0F       		.uleb128 0xf
 223 0170 475F3200 		.ascii	"G_2\000"
 224 0174 04       		.byte	0x4
 225 0175 20       		.byte	0x20
 226 0176 13       		.byte	0x13
 227 0177 45000000 		.4byte	0x45
 228 017b 10       		.uleb128 0x10
 229 017c 00000000 		.4byte	.LASF14
 230 0180 04       		.byte	0x4
 231 0181 24       		.byte	0x24
 232 0182 13       		.byte	0x13
 233 0183 45000000 		.4byte	0x45
 234 0187 0F       		.uleb128 0xf
 235 0188 68756500 		.ascii	"hue\000"
 236 018c 04       		.byte	0x4
 237 018d 26       		.byte	0x26
 238 018e 13       		.byte	0x13
 239 018f 45000000 		.4byte	0x45
 240 0193 0F       		.uleb128 0xf
 241 0194 73617400 		.ascii	"sat\000"
 242 0198 04       		.byte	0x4
 243 0199 27       		.byte	0x27
 244 019a 13       		.byte	0x13
 245 019b 45000000 		.4byte	0x45
 246 019f 0F       		.uleb128 0xf
 247 01a0 76616C00 		.ascii	"val\000"
 248 01a4 04       		.byte	0x4
 249 01a5 28       		.byte	0x28
 250 01a6 13       		.byte	0x13
 251 01a7 39000000 		.4byte	0x39
 252 01ab 10       		.uleb128 0x10
 253 01ac 94020000 		.4byte	.LASF15
 254 01b0 04       		.byte	0x4
 255 01b1 2A       		.byte	0x2a
 256 01b2 0D       		.byte	0xd
 257 01b3 39000000 		.4byte	0x39
 258 01b7 10       		.uleb128 0x10
 259 01b8 07000000 		.4byte	.LASF16
 260 01bc 04       		.byte	0x4
 261 01bd 2D       		.byte	0x2d
 262 01be 0D       		.byte	0xd
 263 01bf 39000000 		.4byte	0x39
 264 01c3 10       		.uleb128 0x10
 265 01c4 AE000000 		.4byte	.LASF17
 266 01c8 04       		.byte	0x4
 267 01c9 3E       		.byte	0x3e
 268 01ca 0D       		.byte	0xd
 269 01cb 39000000 		.4byte	0x39
 270 01cf 0F       		.uleb128 0xf
 271 01d0 7200     		.ascii	"r\000"
 272 01d2 04       		.byte	0x4
 273 01d3 40       		.byte	0x40
 274 01d4 0D       		.byte	0xd
 275 01d5 39000000 		.4byte	0x39
 276 01d9 0F       		.uleb128 0xf
 277 01da 6700     		.ascii	"g\000"
 278 01dc 04       		.byte	0x4
 279 01dd 40       		.byte	0x40
 280 01de 10       		.byte	0x10
 281 01df 39000000 		.4byte	0x39
 282 01e3 0F       		.uleb128 0xf
 283 01e4 6200     		.ascii	"b\000"
 284 01e6 04       		.byte	0x4
 285 01e7 40       		.byte	0x40
 286 01e8 13       		.byte	0x13
 287 01e9 39000000 		.4byte	0x39
 288 01ed 11       		.uleb128 0x11
 289 01ee FF010000 		.4byte	0x1ff
 290 01f2 10       		.uleb128 0x10
 291 01f3 29010000 		.4byte	.LASF18
 292 01f7 04       		.byte	0x4
 293 01f8 5A       		.byte	0x5a
 294 01f9 1D       		.byte	0x1d
 295 01fa 39000000 		.4byte	0x39
 296 01fe 00       		.byte	0
 297 01ff 11       		.uleb128 0x11
 298 0200 11020000 		.4byte	0x211
 299 0204 10       		.uleb128 0x10
 300 0205 29010000 		.4byte	.LASF18
 301 0209 04       		.byte	0x4
 302 020a 68       		.byte	0x68
 303 020b 1D       		.byte	0x1d
 304 020c 39000000 		.4byte	0x39
 305 0210 00       		.byte	0
 306 0211 11       		.uleb128 0x11
 307 0212 23020000 		.4byte	0x223
 308 0216 10       		.uleb128 0x10
 309 0217 29010000 		.4byte	.LASF18
 310 021b 04       		.byte	0x4
 311 021c 88       		.byte	0x88
 312 021d 19       		.byte	0x19
 313 021e 39000000 		.4byte	0x39
 314 0222 00       		.byte	0
 315 0223 12       		.uleb128 0x12
 316 0224 10       		.uleb128 0x10
 317 0225 5C020000 		.4byte	.LASF19
 318 0229 04       		.byte	0x4
 319 022a B5       		.byte	0xb5
 320 022b 15       		.byte	0x15
 321 022c 39000000 		.4byte	0x39
 322 0230 10       		.uleb128 0x10
 323 0231 A5000000 		.4byte	.LASF20
 324 0235 04       		.byte	0x4
 325 0236 B8       		.byte	0xb8
 326 0237 15       		.byte	0x15
 327 0238 39000000 		.4byte	0x39
 328 023c 10       		.uleb128 0x10
 329 023d DB020000 		.4byte	.LASF21
 330 0241 04       		.byte	0x4
 331 0242 C6       		.byte	0xc6
 332 0243 15       		.byte	0x15
 333 0244 39000000 		.4byte	0x39
 334 0248 00       		.byte	0
 335 0249 00       		.byte	0
 336 024a 13       		.uleb128 0x13
 337 024b BB020000 		.4byte	.LASF31
 338 024f 05       		.byte	0x5
 339 0250 E9       		.byte	0xe9
 340 0251 1F       		.byte	0x1f
 341 0252 14       		.uleb128 0x14
 342 0253 4D000000 		.4byte	.LASF23
 343 0257 05       		.byte	0x5
 344 0258 BD       		.byte	0xbd
 345 0259 22       		.byte	0x22
 346 025a 39000000 		.4byte	0x39
 347 025e 83020000 		.4byte	0x283
 348 0262 0E       		.uleb128 0xe
 349 0263 6900     		.ascii	"i\000"
 350 0265 05       		.byte	0x5
 351 0266 BD       		.byte	0xbd
 352 0267 49       		.byte	0x49
 353 0268 39000000 		.4byte	0x39
 354 026c 15       		.uleb128 0x15
 355 026d 20000000 		.4byte	.LASF22
 356 0271 05       		.byte	0x5
 357 0272 BD       		.byte	0xbd
 358 0273 53       		.byte	0x53
 359 0274 06010000 		.4byte	0x106
 360 0278 0F       		.uleb128 0xf
 361 0279 6A00     		.ascii	"j\000"
 362 027b 05       		.byte	0x5
 363 027c C0       		.byte	0xc0
 364 027d 0D       		.byte	0xd
 365 027e 39000000 		.4byte	0x39
 366 0282 00       		.byte	0
 367 0283 14       		.uleb128 0x14
 368 0284 7C020000 		.4byte	.LASF24
 369 0288 05       		.byte	0x5
 370 0289 92       		.byte	0x92
 371 028a 22       		.byte	0x22
 372 028b 39000000 		.4byte	0x39
 373 028f AA020000 		.4byte	0x2aa
 374 0293 0E       		.uleb128 0xe
 375 0294 6900     		.ascii	"i\000"
 376 0296 05       		.byte	0x5
 377 0297 92       		.byte	0x92
 378 0298 43       		.byte	0x43
 379 0299 39000000 		.4byte	0x39
 380 029d 15       		.uleb128 0x15
 381 029e 20000000 		.4byte	.LASF22
 382 02a2 05       		.byte	0x5
 383 02a3 92       		.byte	0x92
 384 02a4 4D       		.byte	0x4d
 385 02a5 06010000 		.4byte	0x106
 386 02a9 00       		.byte	0
 387 02aa 14       		.uleb128 0x14
 388 02ab 9B020000 		.4byte	.LASF25
 389 02af 05       		.byte	0x5
 390 02b0 62       		.byte	0x62
 391 02b1 22       		.byte	0x22
 392 02b2 39000000 		.4byte	0x39
 393 02b6 DB020000 		.4byte	0x2db
 394 02ba 0E       		.uleb128 0xe
 395 02bb 6900     		.ascii	"i\000"
 396 02bd 05       		.byte	0x5
 397 02be 62       		.byte	0x62
 398 02bf 38       		.byte	0x38
 399 02c0 39000000 		.4byte	0x39
 400 02c4 15       		.uleb128 0x15
 401 02c5 20000000 		.4byte	.LASF22
 402 02c9 05       		.byte	0x5
 403 02ca 62       		.byte	0x62
 404 02cb 42       		.byte	0x42
 405 02cc 06010000 		.4byte	0x106
 406 02d0 0F       		.uleb128 0xf
 407 02d1 6A00     		.ascii	"j\000"
 408 02d3 05       		.byte	0x5
 409 02d4 65       		.byte	0x65
 410 02d5 0D       		.byte	0xd
 411 02d6 39000000 		.4byte	0x39
 412 02da 00       		.byte	0
 413 02db 16       		.uleb128 0x16
 414 02dc 9E000000 		.4byte	.LASF32
 415 02e0 05       		.byte	0x5
 416 02e1 14       		.byte	0x14
 417 02e2 22       		.byte	0x22
 418 02e3 39000000 		.4byte	0x39
 419 02e7 0E       		.uleb128 0xe
 420 02e8 6900     		.ascii	"i\000"
 421 02ea 05       		.byte	0x5
 422 02eb 14       		.byte	0x14
 423 02ec 32       		.byte	0x32
 424 02ed 39000000 		.4byte	0x39
 425 02f1 15       		.uleb128 0x15
 426 02f2 20000000 		.4byte	.LASF22
 427 02f6 05       		.byte	0x5
 428 02f7 14       		.byte	0x14
 429 02f8 3C       		.byte	0x3c
 430 02f9 06010000 		.4byte	0x106
 431 02fd 00       		.byte	0
 432 02fe 00       		.byte	0
 433              		.section	.gnu.debuglto_.debug_abbrev,"e",%progbits
 434              	.Ldebug_abbrev0:
 435 0000 01       		.uleb128 0x1
 436 0001 11       		.uleb128 0x11
 437 0002 01       		.byte	0x1
 438 0003 25       		.uleb128 0x25
 439 0004 0E       		.uleb128 0xe
 440 0005 13       		.uleb128 0x13
 441 0006 0B       		.uleb128 0xb
 442 0007 03       		.uleb128 0x3
 443 0008 0E       		.uleb128 0xe
 444 0009 1B       		.uleb128 0x1b
 445 000a 0E       		.uleb128 0xe
 446 000b 10       		.uleb128 0x10
 447 000c 17       		.uleb128 0x17
 448 000d 00       		.byte	0
 449 000e 00       		.byte	0
 450 000f 02       		.uleb128 0x2
 451 0010 24       		.uleb128 0x24
 452 0011 00       		.byte	0
 453 0012 0B       		.uleb128 0xb
 454 0013 0B       		.uleb128 0xb
 455 0014 3E       		.uleb128 0x3e
 456 0015 0B       		.uleb128 0xb
 457 0016 03       		.uleb128 0x3
 458 0017 0E       		.uleb128 0xe
 459 0018 00       		.byte	0
 460 0019 00       		.byte	0
 461 001a 03       		.uleb128 0x3
 462 001b 16       		.uleb128 0x16
 463 001c 00       		.byte	0
 464 001d 03       		.uleb128 0x3
 465 001e 0E       		.uleb128 0xe
 466 001f 3A       		.uleb128 0x3a
 467 0020 0B       		.uleb128 0xb
 468 0021 3B       		.uleb128 0x3b
 469 0022 0B       		.uleb128 0xb
 470 0023 39       		.uleb128 0x39
 471 0024 0B       		.uleb128 0xb
 472 0025 49       		.uleb128 0x49
 473 0026 13       		.uleb128 0x13
 474 0027 00       		.byte	0
 475 0028 00       		.byte	0
 476 0029 04       		.uleb128 0x4
 477 002a 26       		.uleb128 0x26
 478 002b 00       		.byte	0
 479 002c 49       		.uleb128 0x49
 480 002d 13       		.uleb128 0x13
 481 002e 00       		.byte	0
 482 002f 00       		.byte	0
 483 0030 05       		.uleb128 0x5
 484 0031 24       		.uleb128 0x24
 485 0032 00       		.byte	0
 486 0033 0B       		.uleb128 0xb
 487 0034 0B       		.uleb128 0xb
 488 0035 3E       		.uleb128 0x3e
 489 0036 0B       		.uleb128 0xb
 490 0037 03       		.uleb128 0x3
 491 0038 08       		.uleb128 0x8
 492 0039 00       		.byte	0
 493 003a 00       		.byte	0
 494 003b 06       		.uleb128 0x6
 495 003c 13       		.uleb128 0x13
 496 003d 01       		.byte	0x1
 497 003e 0B       		.uleb128 0xb
 498 003f 0B       		.uleb128 0xb
 499 0040 3A       		.uleb128 0x3a
 500 0041 0B       		.uleb128 0xb
 501 0042 3B       		.uleb128 0x3b
 502 0043 0B       		.uleb128 0xb
 503 0044 39       		.uleb128 0x39
 504 0045 0B       		.uleb128 0xb
 505 0046 01       		.uleb128 0x1
 506 0047 13       		.uleb128 0x13
 507 0048 00       		.byte	0
 508 0049 00       		.byte	0
 509 004a 07       		.uleb128 0x7
 510 004b 0D       		.uleb128 0xd
 511 004c 00       		.byte	0
 512 004d 03       		.uleb128 0x3
 513 004e 08       		.uleb128 0x8
 514 004f 3A       		.uleb128 0x3a
 515 0050 0B       		.uleb128 0xb
 516 0051 3B       		.uleb128 0x3b
 517 0052 0B       		.uleb128 0xb
 518 0053 39       		.uleb128 0x39
 519 0054 0B       		.uleb128 0xb
 520 0055 49       		.uleb128 0x49
 521 0056 13       		.uleb128 0x13
 522 0057 38       		.uleb128 0x38
 523 0058 0B       		.uleb128 0xb
 524 0059 00       		.byte	0
 525 005a 00       		.byte	0
 526 005b 08       		.uleb128 0x8
 527 005c 16       		.uleb128 0x16
 528 005d 00       		.byte	0
 529 005e 03       		.uleb128 0x3
 530 005f 08       		.uleb128 0x8
 531 0060 3A       		.uleb128 0x3a
 532 0061 0B       		.uleb128 0xb
 533 0062 3B       		.uleb128 0x3b
 534 0063 0B       		.uleb128 0xb
 535 0064 39       		.uleb128 0x39
 536 0065 0B       		.uleb128 0xb
 537 0066 49       		.uleb128 0x49
 538 0067 13       		.uleb128 0x13
 539 0068 00       		.byte	0
 540 0069 00       		.byte	0
 541 006a 09       		.uleb128 0x9
 542 006b 16       		.uleb128 0x16
 543 006c 00       		.byte	0
 544 006d 03       		.uleb128 0x3
 545 006e 0E       		.uleb128 0xe
 546 006f 3A       		.uleb128 0x3a
 547 0070 0B       		.uleb128 0xb
 548 0071 3B       		.uleb128 0x3b
 549 0072 05       		.uleb128 0x5
 550 0073 39       		.uleb128 0x39
 551 0074 0B       		.uleb128 0xb
 552 0075 49       		.uleb128 0x49
 553 0076 13       		.uleb128 0x13
 554 0077 00       		.byte	0
 555 0078 00       		.byte	0
 556 0079 0A       		.uleb128 0xa
 557 007a 01       		.uleb128 0x1
 558 007b 01       		.byte	0x1
 559 007c 49       		.uleb128 0x49
 560 007d 13       		.uleb128 0x13
 561 007e 01       		.uleb128 0x1
 562 007f 13       		.uleb128 0x13
 563 0080 00       		.byte	0
 564 0081 00       		.byte	0
 565 0082 0B       		.uleb128 0xb
 566 0083 21       		.uleb128 0x21
 567 0084 00       		.byte	0
 568 0085 49       		.uleb128 0x49
 569 0086 13       		.uleb128 0x13
 570 0087 2F       		.uleb128 0x2f
 571 0088 0B       		.uleb128 0xb
 572 0089 00       		.byte	0
 573 008a 00       		.byte	0
 574 008b 0C       		.uleb128 0xc
 575 008c 34       		.uleb128 0x34
 576 008d 00       		.byte	0
 577 008e 03       		.uleb128 0x3
 578 008f 0E       		.uleb128 0xe
 579 0090 3A       		.uleb128 0x3a
 580 0091 0B       		.uleb128 0xb
 581 0092 3B       		.uleb128 0x3b
 582 0093 0B       		.uleb128 0xb
 583 0094 39       		.uleb128 0x39
 584 0095 0B       		.uleb128 0xb
 585 0096 49       		.uleb128 0x49
 586 0097 13       		.uleb128 0x13
 587 0098 1C       		.uleb128 0x1c
 588 0099 0A       		.uleb128 0xa
 589 009a 00       		.byte	0
 590 009b 00       		.byte	0
 591 009c 0D       		.uleb128 0xd
 592 009d 2E       		.uleb128 0x2e
 593 009e 01       		.byte	0x1
 594 009f 3F       		.uleb128 0x3f
 595 00a0 19       		.uleb128 0x19
 596 00a1 03       		.uleb128 0x3
 597 00a2 0E       		.uleb128 0xe
 598 00a3 3A       		.uleb128 0x3a
 599 00a4 0B       		.uleb128 0xb
 600 00a5 3B       		.uleb128 0x3b
 601 00a6 0B       		.uleb128 0xb
 602 00a7 39       		.uleb128 0x39
 603 00a8 0B       		.uleb128 0xb
 604 00a9 27       		.uleb128 0x27
 605 00aa 19       		.uleb128 0x19
 606 00ab 49       		.uleb128 0x49
 607 00ac 13       		.uleb128 0x13
 608 00ad 01       		.uleb128 0x1
 609 00ae 13       		.uleb128 0x13
 610 00af 00       		.byte	0
 611 00b0 00       		.byte	0
 612 00b1 0E       		.uleb128 0xe
 613 00b2 05       		.uleb128 0x5
 614 00b3 00       		.byte	0
 615 00b4 03       		.uleb128 0x3
 616 00b5 08       		.uleb128 0x8
 617 00b6 3A       		.uleb128 0x3a
 618 00b7 0B       		.uleb128 0xb
 619 00b8 3B       		.uleb128 0x3b
 620 00b9 0B       		.uleb128 0xb
 621 00ba 39       		.uleb128 0x39
 622 00bb 0B       		.uleb128 0xb
 623 00bc 49       		.uleb128 0x49
 624 00bd 13       		.uleb128 0x13
 625 00be 00       		.byte	0
 626 00bf 00       		.byte	0
 627 00c0 0F       		.uleb128 0xf
 628 00c1 34       		.uleb128 0x34
 629 00c2 00       		.byte	0
 630 00c3 03       		.uleb128 0x3
 631 00c4 08       		.uleb128 0x8
 632 00c5 3A       		.uleb128 0x3a
 633 00c6 0B       		.uleb128 0xb
 634 00c7 3B       		.uleb128 0x3b
 635 00c8 0B       		.uleb128 0xb
 636 00c9 39       		.uleb128 0x39
 637 00ca 0B       		.uleb128 0xb
 638 00cb 49       		.uleb128 0x49
 639 00cc 13       		.uleb128 0x13
 640 00cd 00       		.byte	0
 641 00ce 00       		.byte	0
 642 00cf 10       		.uleb128 0x10
 643 00d0 34       		.uleb128 0x34
 644 00d1 00       		.byte	0
 645 00d2 03       		.uleb128 0x3
 646 00d3 0E       		.uleb128 0xe
 647 00d4 3A       		.uleb128 0x3a
 648 00d5 0B       		.uleb128 0xb
 649 00d6 3B       		.uleb128 0x3b
 650 00d7 0B       		.uleb128 0xb
 651 00d8 39       		.uleb128 0x39
 652 00d9 0B       		.uleb128 0xb
 653 00da 49       		.uleb128 0x49
 654 00db 13       		.uleb128 0x13
 655 00dc 00       		.byte	0
 656 00dd 00       		.byte	0
 657 00de 11       		.uleb128 0x11
 658 00df 0B       		.uleb128 0xb
 659 00e0 01       		.byte	0x1
 660 00e1 01       		.uleb128 0x1
 661 00e2 13       		.uleb128 0x13
 662 00e3 00       		.byte	0
 663 00e4 00       		.byte	0
 664 00e5 12       		.uleb128 0x12
 665 00e6 0B       		.uleb128 0xb
 666 00e7 01       		.byte	0x1
 667 00e8 00       		.byte	0
 668 00e9 00       		.byte	0
 669 00ea 13       		.uleb128 0x13
 670 00eb 2E       		.uleb128 0x2e
 671 00ec 00       		.byte	0
 672 00ed 03       		.uleb128 0x3
 673 00ee 0E       		.uleb128 0xe
 674 00ef 3A       		.uleb128 0x3a
 675 00f0 0B       		.uleb128 0xb
 676 00f1 3B       		.uleb128 0x3b
 677 00f2 0B       		.uleb128 0xb
 678 00f3 39       		.uleb128 0x39
 679 00f4 0B       		.uleb128 0xb
 680 00f5 27       		.uleb128 0x27
 681 00f6 19       		.uleb128 0x19
 682 00f7 00       		.byte	0
 683 00f8 00       		.byte	0
 684 00f9 14       		.uleb128 0x14
 685 00fa 2E       		.uleb128 0x2e
 686 00fb 01       		.byte	0x1
 687 00fc 03       		.uleb128 0x3
 688 00fd 0E       		.uleb128 0xe
 689 00fe 3A       		.uleb128 0x3a
 690 00ff 0B       		.uleb128 0xb
 691 0100 3B       		.uleb128 0x3b
 692 0101 0B       		.uleb128 0xb
 693 0102 39       		.uleb128 0x39
 694 0103 0B       		.uleb128 0xb
 695 0104 27       		.uleb128 0x27
 696 0105 19       		.uleb128 0x19
 697 0106 49       		.uleb128 0x49
 698 0107 13       		.uleb128 0x13
 699 0108 01       		.uleb128 0x1
 700 0109 13       		.uleb128 0x13
 701 010a 00       		.byte	0
 702 010b 00       		.byte	0
 703 010c 15       		.uleb128 0x15
 704 010d 05       		.uleb128 0x5
 705 010e 00       		.byte	0
 706 010f 03       		.uleb128 0x3
 707 0110 0E       		.uleb128 0xe
 708 0111 3A       		.uleb128 0x3a
 709 0112 0B       		.uleb128 0xb
 710 0113 3B       		.uleb128 0x3b
 711 0114 0B       		.uleb128 0xb
 712 0115 39       		.uleb128 0x39
 713 0116 0B       		.uleb128 0xb
 714 0117 49       		.uleb128 0x49
 715 0118 13       		.uleb128 0x13
 716 0119 00       		.byte	0
 717 011a 00       		.byte	0
 718 011b 16       		.uleb128 0x16
 719 011c 2E       		.uleb128 0x2e
 720 011d 01       		.byte	0x1
 721 011e 03       		.uleb128 0x3
 722 011f 0E       		.uleb128 0xe
 723 0120 3A       		.uleb128 0x3a
 724 0121 0B       		.uleb128 0xb
 725 0122 3B       		.uleb128 0x3b
 726 0123 0B       		.uleb128 0xb
 727 0124 39       		.uleb128 0x39
 728 0125 0B       		.uleb128 0xb
 729 0126 27       		.uleb128 0x27
 730 0127 19       		.uleb128 0x19
 731 0128 49       		.uleb128 0x49
 732 0129 13       		.uleb128 0x13
 733 012a 00       		.byte	0
 734 012b 00       		.byte	0
 735 012c 00       		.byte	0
 736              		.section	.gnu.debuglto_.debug_line,"e",%progbits
 737              	.Ldebug_line0:
 738 0000 BF000000 		.4byte	.LELT0-.LSLT0
 739              	.LSLT0:
 740 0004 0400     		.2byte	0x4
 741 0006 B9000000 		.4byte	.LELTP0-.LASLTP0
 742              	.LASLTP0:
 743 000a 01       		.byte	0x1
 744 000b 01       		.byte	0x1
 745 000c 01       		.byte	0x1
 746 000d F6       		.byte	0xf6
 747 000e F2       		.byte	0xf2
 748 000f 0D       		.byte	0xd
 749 0010 00       		.byte	0
 750 0011 01       		.byte	0x1
 751 0012 01       		.byte	0x1
 752 0013 01       		.byte	0x1
 753 0014 01       		.byte	0x1
 754 0015 00       		.byte	0
 755 0016 00       		.byte	0
 756 0017 00       		.byte	0
 757 0018 01       		.byte	0x1
 758 0019 00       		.byte	0
 759 001a 00       		.byte	0
 760 001b 01       		.byte	0x1
 761 001c 6B657962 		.ascii	"keyboards/karlk90/yaemk"
 761      6F617264 
 761      732F6B61 
 761      726C6B39 
 761      302F7961 
 762 0033 00       		.byte	0
 763 0034 6C69622F 		.ascii	"lib/lib8tion"
 763      6C696238 
 763      74696F6E 
 764 0040 00       		.byte	0
 765 0041 7175616E 		.ascii	"quantum"
 765      74756D
 766 0048 00       		.byte	0
 767 0049 2F757372 		.ascii	"/usr/lib/gcc/arm-none-eabi/10.3.1/include"
 767      2F6C6962 
 767      2F676363 
 767      2F61726D 
 767      2D6E6F6E 
 768 0072 00       		.byte	0
 769 0073 00       		.byte	0
 770 0074 73746469 		.ascii	"stdint.h\000"
 770      6E742E68 
 770      00
 771 007d 04       		.uleb128 0x4
 772 007e 00       		.uleb128 0
 773 007f 00       		.uleb128 0
 774 0080 636F6C6F 		.ascii	"color.h\000"
 774      722E6800 
 775 0088 03       		.uleb128 0x3
 776 0089 00       		.uleb128 0
 777 008a 00       		.uleb128 0
 778 008b 6C696238 		.ascii	"lib8tion.h\000"
 778      74696F6E 
 778      2E6800
 779 0096 02       		.uleb128 0x2
 780 0097 00       		.uleb128 0
 781 0098 00       		.uleb128 0
 782 0099 63757374 		.ascii	"custom_color.c\000"
 782      6F6D5F63 
 782      6F6C6F72 
 782      2E6300
 783 00a8 01       		.uleb128 0x1
 784 00a9 00       		.uleb128 0
 785 00aa 00       		.uleb128 0
 786 00ab 7363616C 		.ascii	"scale8.h\000"
 786      65382E68 
 786      00
 787 00b4 02       		.uleb128 0x2
 788 00b5 00       		.uleb128 0
 789 00b6 00       		.uleb128 0
 790 00b7 74726967 		.ascii	"trig8.h\000"
 790      382E6800 
 791 00bf 02       		.uleb128 0x2
 792 00c0 00       		.uleb128 0
 793 00c1 00       		.uleb128 0
 794 00c2 00       		.byte	0
 795              	.LELTP0:
 796              	.LELT0:
 797              		.section	.gnu.debuglto_.debug_str,"eMS",%progbits,1
 798              	.LASF14:
 799 0000 47736361 		.ascii	"Gscale\000"
 799      6C6500
 800              	.LASF16:
 801 0007 6F666673 		.ascii	"offset8\000"
 801      65743800 
 802              	.LASF29:
 803 000f 625F6D31 		.ascii	"b_m16_interleave\000"
 803      365F696E 
 803      7465726C 
 803      65617665 
 803      00
 804              	.LASF22:
 805 0020 7363616C 		.ascii	"scale\000"
 805      6500
 806              	.LASF27:
 807 0026 6B657962 		.ascii	"keyboards/karlk90/yaemk/custom_color.c\000"
 807      6F617264 
 807      732F6B61 
 807      726C6B39 
 807      302F7961 
 808              	.LASF23:
 809 004d 7363616C 		.ascii	"scale8_video_LEAVING_R1_DIRTY\000"
 809      65385F76 
 809      6964656F 
 809      5F4C4541 
 809      56494E47 
 810              	.LASF4:
 811 006b 756E7369 		.ascii	"unsigned char\000"
 811      676E6564 
 811      20636861 
 811      7200
 812              	.LASF8:
 813 0079 6C6F6E67 		.ascii	"long unsigned int\000"
 813      20756E73 
 813      69676E65 
 813      6420696E 
 813      7400
 814              	.LASF7:
 815 008b 73686F72 		.ascii	"short unsigned int\000"
 815      7420756E 
 815      7369676E 
 815      65642069 
 815      6E7400
 816              	.LASF32:
 817 009e 7363616C 		.ascii	"scale8\000"
 817      653800
 818              	.LASF20:
 819 00a5 73617473 		.ascii	"satscale\000"
 819      63616C65 
 819      00
 820              	.LASF17:
 821 00ae 74686972 		.ascii	"third\000"
 821      6400
 822              	.LASF28:
 823 00b4 2F686F6D 		.ascii	"/home/jstewart/source/yaemk-split-kb/Firmware\000"
 823      652F6A73 
 823      74657761 
 823      72742F73 
 823      6F757263 
 824              	.LASF30:
 825 00e2 7267625F 		.ascii	"rgb_matrix_hsv_to_rgb\000"
 825      6D617472 
 825      69785F68 
 825      73765F74 
 825      6F5F7267 
 826              	.LASF10:
 827 00f8 756E7369 		.ascii	"unsigned int\000"
 827      676E6564 
 827      20696E74 
 827      00
 828              	.LASF9:
 829 0105 6C6F6E67 		.ascii	"long long unsigned int\000"
 829      206C6F6E 
 829      6720756E 
 829      7369676E 
 829      65642069 
 830              	.LASF5:
 831 011c 75696E74 		.ascii	"uint8_t\000"
 831      385F7400 
 832              	.LASF11:
 833 0124 63524742 		.ascii	"cRGB\000"
 833      00
 834              	.LASF18:
 835 0129 74776F74 		.ascii	"twothirds\000"
 835      68697264 
 835      7300
 836              	.LASF26:
 837 0133 474E5520 		.ascii	"GNU C99 10.3.1 20210621 (release) -mcpu=cortex-m4 -"
 837      43393920 
 837      31302E33 
 837      2E312032 
 837      30323130 
 838 0166 6D746875 		.ascii	"mthumb -mno-thumb-interwork -mno-unaligned-access -"
 838      6D62202D 
 838      6D6E6F2D 
 838      7468756D 
 838      622D696E 
 839 0199 6D666C6F 		.ascii	"mfloat-abi=hard -mfpu=fpv4-sp-d16 -march=armv7e-m+f"
 839      61742D61 
 839      62693D68 
 839      61726420 
 839      2D6D6670 
 840 01cc 70202D67 		.ascii	"p -ggdb -Os -Ofast -std=gnu99 -fsingle-precision-co"
 840      67646220 
 840      2D4F7320 
 840      2D4F6661 
 840      7374202D 
 841 01ff 6E737461 		.ascii	"nstant -fomit-frame-pointer -ffunction-sections -fd"
 841      6E74202D 
 841      666F6D69 
 841      742D6672 
 841      616D652D 
 842 0232 6174612D 		.ascii	"ata-sections -fshort-wchar -fcommon -flto\000"
 842      73656374 
 842      696F6E73 
 842      202D6673 
 842      686F7274 
 843              	.LASF19:
 844 025c 64657361 		.ascii	"desat\000"
 844      7400
 845              	.LASF3:
 846 0262 6C6F6E67 		.ascii	"long long int\000"
 846      206C6F6E 
 846      6720696E 
 846      7400
 847              	.LASF13:
 848 0270 66726163 		.ascii	"fract8\000"
 848      743800
 849              	.LASF12:
 850 0277 63686172 		.ascii	"char\000"
 850      00
 851              	.LASF24:
 852 027c 7363616C 		.ascii	"scale8_LEAVING_R1_DIRTY\000"
 852      65385F4C 
 852      45415649 
 852      4E475F52 
 852      315F4449 
 853              	.LASF15:
 854 0294 6F666673 		.ascii	"offset\000"
 854      657400
 855              	.LASF25:
 856 029b 7363616C 		.ascii	"scale8_video\000"
 856      65385F76 
 856      6964656F 
 856      00
 857              	.LASF1:
 858 02a8 73686F72 		.ascii	"short int\000"
 858      7420696E 
 858      7400
 859              	.LASF6:
 860 02b2 75696E74 		.ascii	"uint16_t\000"
 860      31365F74 
 860      00
 861              	.LASF31:
 862 02bb 636C6561 		.ascii	"cleanup_R1\000"
 862      6E75705F 
 862      523100
 863              	.LASF2:
 864 02c6 6C6F6E67 		.ascii	"long int\000"
 864      20696E74 
 864      00
 865              	.LASF0:
 866 02cf 7369676E 		.ascii	"signed char\000"
 866      65642063 
 866      68617200 
 867              	.LASF21:
 868 02db 62726967 		.ascii	"brightness_floor\000"
 868      68746E65 
 868      73735F66 
 868      6C6F6F72 
 868      00
 869              		.text
 870              		.section	.gnu.lto_.profile.b52c41a06d36d484,"e",%progbits
 871 0000 789C6362 		.ascii	"x\234cb\000\001\000\000\022\000\003"
 871      00010000 
 871      120003
 872              		.text
 873              		.section	.gnu.lto_.icf.b52c41a06d36d484,"e",%progbits
 874 0000 789CE360 		.ascii	"x\234\343`@\000F\206K\377\237Nfe\000\000\017\372\003"
 874      40004686 
 874      4BFF9F4E 
 874      66650000 
 874      0FFA03
 875 0013 58       		.ascii	"X"
 876              		.text
 877              		.section	.gnu.lto_.ipa_sra.b52c41a06d36d484,"e",%progbits
 878 0000 789C5361 		.ascii	"x\234Sa@\000F\006F\346%\314\014K\230\201\014F\010\203"
 878      40004606 
 878      46E625CC 
 878      0C4B9881 
 878      0C460883 
 879 0014 11C66062 		.ascii	"\021\306`bd\004\252`f\000\000\\h\004#"
 879      6404AA60 
 879      6600005C 
 879      680423
 880              		.text
 881              		.section	.gnu.lto_.inline.b52c41a06d36d484,"e",%progbits
 882 0000 789C6592 		.ascii	"x\234e\222\261J\003A\020\206gf\227c\213\010\213Op\340"
 882      B14A0341 
 882      10866766 
 882      97638B08 
 882      8B4F70E0 
 883 0014 8BEC9BA8 		.ascii	"\213\354\233\250\271\004\004A\364\005dk\033%\210v\001"
 883      B9040441 
 883      F405646B 
 883      1B258876 
 883      01
 884 0025 31751AA3 		.ascii	"1u\032\243\202(\004\301\3022\275\2026666\026\212\240"
 884      822804C1 
 884      C232BD82 
 884      36363636 
 884      168AA0
 885 0038 33B377B9 		.ascii	"3\263w\271M\274\343f\377\357\237\177\207\343\366\276"
 885      4DBCE366 
 885      FFEF9F7F 
 885      87E3F6BE 
 886 0048 08E61782 		.ascii	"\010\346\027\202y\206\223\247\341#m\341\012\354\214"
 886      798693A7 
 886      E1236DE1 
 886      0AEC8C
 887 0057 0C0CCCC8 		.ascii	"\014\014\314\310\020r\003\367Y\3006[8\301\006w\353\204"
 887      107203F7 
 887      59C0365B 
 887      38C10677 
 887      EB84
 888 0069 D144C542 		.ascii	"\321D\305B\021p\012\260'\353%6>^\241\3063+E\313\177"
 888      11700AB0 
 888      27EB2536 
 888      3E5EA1C6 
 888      332B45CB 
 889 007e C96B542B 		.ascii	"\311kT+\265\177\021\035d\0145ZA+m\0172\270f\020D\016"
 889      B57F111D 
 889      640C355A 
 889      412B6D0F 
 889      32B86610 
 890 0094 72B211AE 		.ascii	"r\262\021\256\021\036\326\\\344\213\372\000\205\212"
 890      111ED65C 
 890      E48BFA00 
 890      858A
 891 00a2 1E01DF2A 		.ascii	"\036\001\337*+\202X\346\020r\210H\320\0212}\216A\361"
 891      2B8258E6 
 891      10728848 
 891      D011327D 
 891      8E41F1
 892 00b5 31FBB8A1 		.ascii	"1\373\270\241\312\261v5tK!.vz\377~n6\"\252\241\013\251"
 892      CAB17635 
 892      744B212E 
 892      767AFF7E 
 892      6E3622AA 
 893 00cc B59E2C6C 		.ascii	"\265\236,l3A#\241M\210\014\355H/m\237\355\027\003\227"
 893      334123A1 
 893      4D880CED 
 893      482F6D9F 
 893      ED170397 
 894 00e0 8D32B702 		.ascii	"\2152\267\002Ky\234\342f\320\200\324b0>|0\225e\264P"
 894      4B799CE2 
 894      66D080D4 
 894      62303E7C 
 894      309565B4 
 895 00f5 1C09744B 		.ascii	"\034\011tK!.\3642<\030\223\274\262\005-\013F\251\213"
 895      212EF432 
 895      3C1893BC 
 895      B2052D0B 
 895      46A98B
 896 0108 53AB1BD4 		.ascii	"S\253\033\324\011mFdhGzi\373l\202O\023\226\255\314\010"
 896      096D4664 
 896      68477A69 
 896      FB6C824F 
 896      1396ADCC 
 897 011d 1A098B86 		.ascii	"\032\011\213\206<6\235\021\037\005\330\263\327\317\031"
 897      3C369D11 
 897      1F05D8B3 
 897      D7CF19
 898 012c 5551CE85 		.ascii	"UQ\316\205K\207\277\317\267\251\242M\206,\253\223\273"
 898      4B87BFCF 
 898      B7A9A24D 
 898      862CAB93 
 898      BB
 899 013d E31FEA25 		.ascii	"\343\037\352%K\312|wD\360\247\027o\267\324\217N\210"
 899      4BCA7C77 
 899      44F0A717 
 899      6FB7D48F 
 899      4E88
 900 014f 6BB39FD9 		.ascii	"k\263\237\331\311\217\377\007`}\301y"
 900      C98FFF07 
 900      607DC179 
 901              		.text
 902              		.section	.gnu.lto_.jmpfuncs.b52c41a06d36d484,"e",%progbits
 903 0000 789CE362 		.ascii	"x\234\343b@\000F\006FF\306\372%\314\254\014\000\006"
 903      40004606 
 903      4646C6FA 
 903      25CCAC0C 
 903      0006
 904 0012 2F013A   		.ascii	"/\001:"
 905              		.text
 906              		.section	.gnu.lto_.pureconst.b52c41a06d36d484,"e",%progbits
 907 0000 789C6361 		.ascii	"x\234ca```d\330\305\012\000\001\245\000\305"
 907      60606064 
 907      D8C50A00 
 907      01A500C5 
 908              		.text
 909              		.section	.gnu.lto_.lto.b52c41a06d36d484,"e",%progbits
 910 0000 09000400 		.ascii	"\011\000\004\000\001\000\000\000"
 910      01000000 
 911              		.text
 912              		.section	.gnu.lto_rgb_matrix_hsv_to_rgb.73.b52c41a06d36d484,"e",%progbits
 913 0000 789CAD58 		.ascii	"x\234\255X{XU\305\026\337k\3669\207sx+\017\321\322\360"
 913      7B5855C5 
 913      16DF6BF6 
 913      39877378 
 913      2B0FD1D2 
 914 0015 958A29DE 		.ascii	"\225\212)\336\253\245\326\255\354iie\226ff\350\247F"
 914      ABA5D6AD 
 914      EC696965 
 914      966666E8 
 914      A746
 915 0027 496ADC0F 		.ascii	"Ij\334\017\250n\367\353\373:\276\320\213%\"\212O@\021"
 915      A86EF7EB 
 915      FB3ABED0 
 915      8B25228A 
 915      4F4011
 916 003a CC94F051 		.ascii	"\314\224\360Q\346\033M\015\012\024\305G\276B\257\232"
 916      E61B4D0D 
 916      0A14C547 
 916      BE42AF9A 
 917 004a A5650522 		.ascii	"\245e\005\"J(r\327\232\231\275go\365J\177\370}:g\366"
 917      4A2872D7 
 917      9A99BD67 
 917      6FF54A7F 
 917      F87D3A67 
 918 005f 9ADF5AF3 		.ascii	"\232\337Z\363[\217Y{6}#5\255A\323\264\255\240i\320B"
 918      5B8F597B 
 918      367D2335 
 918      AD41D3B4 
 918      ADA069D0 
 919 0074 83596929 		.ascii	"\203Yi)L\363z\275}|\030\233\2246\235\301\001\270\260"
 919      4CF37ABD 
 919      7D7C189B 
 919      94369DC1 
 919      01B8B0
 920 0087 F4547BC7 		.ascii	"\364T{\307\202\231\247a\366\017Y-\034:\233\234\346\207"
 920      8299A761 
 920      F60F592D 
 920      1C3A9B9C 
 920      E687
 921 0099 8048C7D4 		.ascii	"\200H\307\324\264@\376\353`S\244$YJ\234\360\331\254"
 921      B440FEEB 
 921      6053A424 
 921      594A9CF0 
 921      D9AC
 922 00ab 1CE0565C 		.ascii	"\034\340V\\j\352\303\346\315\\\013\0340\037\255\361"
 922      6AEAC3E6 
 922      CD5C0B1C 
 922      301FADF1 
 923 00bb 895B2D7B 		.ascii	"\211[-{h\332Z\354\355\313\026\316\\\333\032\367\346"
 923      68DA5AEC 
 923      EDCB16CE 
 923      5CDB1AF7 
 923      E6
 924 00cc A02C03ED 		.ascii	"\240,\003\355\307\026\031\0262\015\231\277\262\020`"
 924      C7161916 
 924      320D99BF 
 924      B21060
 925 00db B110C8B2 		.ascii	"\261\020\310\262-\026\226\033\350 \205\016\266\240\233"
 925      2D16961B 
 925      E820850E 
 925      B6A09B
 926 00ea B015028D 		.ascii	"\260\025\002\215.F9\362\021\215N\2079\232\262|c\277"
 926      2E4639F2 
 926      118D4E87 
 926      399AB27C 
 926      63BF
 927 00fc 95868510 		.ascii	"\225\206\205\020\3107\325B\331\347\026\265\215\206Z"
 927      C837D542 
 927      D9E716B5 
 927      8D865A
 928 010b 185B45E2 		.ascii	"\030[E\342\337\205B\201\241\031\016\253L\315fl\243\205"
 928      DF854281 
 928      A1190EAB 
 928      4CCD666C 
 928      A385
 929 011d DE060312 		.ascii	"\336\006\003\022\001\033MHs\230\220\226\262w\353\006"
 929      011B4D48 
 929      73989096 
 929      B277EB06 
 930 012d 8740F5F1 		.ascii	"\207@\365\361\001\355#\246;\234.\037\267\307\327\317"
 930      01ED23A6 
 930      3B9C2E1F 
 930      B7C7D7CF 
 931 013d 3F203028 		.ascii	"? 0(\270I\323\220\320\260\360f\021\315\341#H\327\027"
 931      B849D390 
 931      D0B0F066 
 931      11CDE123 
 931      48D717
 932 0150 E9304BCF 		.ascii	"\3510K\317\32550f\000\021\235P\2636o\301\212\250)\021"
 932      D5353066 
 932      00119D50 
 932      B3366FC1 
 932      8AA82911 
 933 0164 B93AD3B2 		.ascii	"\271:\323\262pu\035\300\227\230lMC\224>T\3530\331\353"
 933      70751DC0 
 933      97986C4D 
 933      43943E54 
 933      EB30D9EB 
 934 0178 DDB767A2 		.ascii	"\335\267g\242\327\253k\271\272\016\353\301\202AA\314"
 934      D7AB6BB9 
 934      BA0EEBC1 
 934      824141CC 
 935 0188 1E2690EF 		.ascii	"\036&\220\357\321\330~\273\327[9\355LJ\300j\257;Ww\300"
 935      D1D87EBB 
 935      D75B39ED 
 935      4C4AC06A 
 935      AF3B5777 
 936 019d 468EEE0E 		.ascii	"F\216\356\016\335\310^\314\031\332X\377\227\001\334"
 936      DDC85ECC 
 936      19DA58FF 
 936      9701DC
 937 01ac B7FC4BB4 		.ascii	"\267\374K\264\032I\270\3156\334Q\216\373\267\211\313"
 937      1A49B8CD 
 937      36DC518E 
 937      FBB789CB 
 938 01bc 34715B6D 		.ascii	"4q[m\270\275\034\367\241\201[}\335\304m\263\341vr\334"
 938      B8BD1CF7 
 938      A1815B7D 
 938      DDC46DB3 
 938      E17672DC 
 939 01d0 44308115 		.ascii	"D0\201\025&\360k\033p=\007\246(\3401\023\270\323\006"
 939      26F06B1B 
 939      703D07A6 
 939      28E03113 
 939      B8D306
 940 01e3 5CC98169 		.ascii	"\\\311\201i&\260\362\310\367c\346y\035\004\374\306\006"
 940      26B0F2C8 
 940      F763E679 
 940      1D04FCC6 
 940      06
 941 01f4 CCE6C039 		.ascii	"\314\346\3009\002\270\013-\356\225\026\235Pl\003\362"
 941      02B80B2D 
 941      EE95169D 
 941      506C03F2 
 942 0204 F4E8F315 		.ascii	"\364\350\363\025\260\314\004~g\003N\345\300L\005\334"
 942      B0CC047E 
 942      67034EE5 
 942      C04C05DC 
 943 0214 6D024B6D 		.ascii	"m\002Km\300\253\214\200\271\012\370\255\011\334c\003"
 943      C0AB8C80 
 943      B90AF8AD 
 943      09DC6303 
 944 0224 FEC181CB 		.ascii	"\376\301\201\313\025p\213\011\334k\003\376\310\201+"
 944      15708B09 
 944      DC6B03FE 
 944      C8812B
 945 0233 1570B309 		.ascii	"\025p\263\011,\267'\220\2714\330\017\260\017\240\014"
 945      2CB72790 
 945      B934D80F 
 945      B00FA00C 
 946 0243 60374009 		.ascii	"`7@\011\300\267\000E\000\273\000v\000l\007(\004\330"
 946      C0B70045 
 946      00BB0076 
 946      006C0728 
 946      04D8
 947 0255 02B009A8 		.ascii	"\002\260\011\250\3444\315\017-\2724\234\003\034\344"
 947      E434CD0F 
 947      2DBA349C 
 947      031CE4
 948 0264 E6F502FE 		.ascii	"\346\365\002\376\323\001c[\273o\372\212\263m\226L\362"
 948      D301635B 
 948      BB6FFA8A 
 948      B36D964C 
 948      F2
 949 0275 4650780F 		.ascii	"FPx\017\001\201h#\370\036P\020\223\356\2249\250\335"
 949      01816823 
 949      F81E5010 
 949      93EE9439 
 949      A8DD
 950 0287 5FBEBFC7 		.ascii	"_\276\277\307\366\011\221\006J3P\262\224\277\263Y\314"
 950      F6099106 
 950      4A3350B2 
 950      94BFB359 
 950      CC
 951 0298 EB202CBA 		.ascii	"\353 ,\272\340\210\262x\024-\272b2o\266(P\232\201\022"
 951      E088B278 
 951      142DBA62 
 951      326FB628 
 951      509A8112 
 952 02ac 165D7476 		.ascii	"\026]tv\016\247;\341\030\300a\320\360\030\242!\015\335"
 952      0EA73BE1 
 952      18C061D0 
 952      F018A221 
 952      0DDD
 953 02be 80E3861B 		.ascii	"\200\343\206\033\2746V\224${\203\377//\202\314\\\340"
 953      BC365694 
 953      247B83FF 
 953      2F2F82CC 
 953      5CE0
 954 02d0 C56DB4DB 		.ascii	"\305m\264\333\354\263\341\007\334\347\004@\205m\237"
 954      ECB3E107 
 954      DCE70440 
 954      856D9F
 955 02df 93777C9F 		.ascii	"\223w|\237Z\332\3474\300)\333>g\314\264\3545\267\303"
 955      5ADAE734 
 955      C029DB3E 
 955      67CCB4EC 
 955      35B7C3
 956 02f2 204EFBD4 		.ascii	" N\373\324\207\033\244\035\317\"\230\011{?\241\275\230"
 956      871BA41D 
 956      CF229809 
 956      7B3FA1BD 
 956      98
 957 0303 5A074F29 		.ascii	"Z\007O)=\320\302\317f\360+\353\363~\332\007^\227AS*"
 957      3DD0C2CF 
 957      66F02BEB 
 957      F37EDA07 
 957      5E974153 
 958 0318 9DE3C93C 		.ascii	"\235\343\311<\355\270}2\317I\2522\213\365g\243\254Y"
 958      EDB87D32 
 958      CF49AA32 
 958      8BF567A3 
 958      AC59
 959 032a 94A67EE1 		.ascii	"\224\246~\341Y\274p\263)\233\327\277X\275\336[\255\303"
 959      59BC70B3 
 959      299BD7BF 
 959      58BDDE5B 
 959      ADC3
 960 033c AF00E7A5 		.ascii	"\257\000\347\245\327\3546Nj\312I\214\015\374\206*\027"
 960      D7EC364E 
 960      6ACA498C 
 960      0DFC862A 
 960      17
 961 034d 40FAC74B 		.ascii	"@\372\307KX\207?\224\263\371\007\343\314\262\325\205"
 961      58873F94 
 961      B3F907E3 
 961      CCB2D585 
 962 035d 6625F7F4 		.ascii	"f%\367\364\347F\312\266\322\356i~- \0130|\220\246.r"
 962      E746CAB6 
 962      D2EE697E 
 962      2D200B30 
 962      7C90A62E 
 963 0372 4FAB1AA9 		.ascii	"O\253\032\251\327\213\326:\332\326\005\252\001\252\244"
 963      D78BD63A 
 963      DAD605AA 
 963      01AAA4
 964 0381 A33A4FEF 		.ascii	"\243:O\357%\220\224\365rKG[\232jt\361\313\266\303=Y"
 964      259094F5 
 964      724B475B 
 964      9A6A74F1 
 964      CBB6C33D 
 965 0396 66F60AB7 		.ascii	"f\366\012\267\241\3054\350\267/\300\312F\013\320F\360"
 965      A1C534E8 
 965      B72FC0CA 
 965      460BD046 
 965      F0
 966 03a7 429A1FD4 		.ascii	"B\232\037\324\001\374\211\326kM\206W\015\206|\237yy"
 966      01FC89D6 
 966      6B4D8657 
 966      0D867C9F 
 966      7979
 967 03b9 336E4D2D 		.ascii	"3nM-CR\253\227\324\322\034w\224\332\356\375\036\360"
 967      4352AB97 
 967      D4D21C77 
 967      94DAEEFD 
 967      1EF0
 968 03cb 326840EB 		.ascii	"2h@\353\327Mj\023\230\205\032fj\317R{\2758\204\241I"
 968      D74D6A13 
 968      98851A66 
 968      6ACF527B 
 968      BD3884A1 
 969 03e0 F89A8CD9 		.ascii	"\370\232\214\331\347\024\374&\321\233\326\001\223y\235"
 969      E714FC26 
 969      D19BD601 
 969      93799D
 970 03ef E9C795FA 		.ascii	"\351\307\225\372\376\252\015\257\231\332S\230\325\267"
 970      FEAA0DAF 
 970      99DA5398 
 970      D5B7
 971 03fd 2DE48B7E 		.ascii	"-\344\213~A\275\233j\2771]\232jC\256\346\310\032\205"
 971      41BD9B6A 
 971      BF315D9A 
 971      6A43AEE6 
 971      C81A85
 972 0410 FC4D21FF 		.ascii	"\374M!\377cC\346\312x\2450\230\306 \231\211\250-u\250"
 972      6343E6CA 
 972      78A53098 
 972      C6209989 
 972      A82D75A8 
 973 0424 BA2B99D4 		.ascii	"\272+\231\324J\324\235\210\233t\346cF%\274\251\221\022"
 973      4AD49D88 
 973      9B74E663 
 973      4625BCA9 
 973      9112
 974 0436 FE98D94A 		.ascii	"\376\230\331J\270dg\033\353a\225\246f0*\341]\215\224"
 974      B864671B 
 974      EB6195A6 
 974      66302AE1 
 974      5D8D94
 975 0449 F00C6649 		.ascii	"\360\014fI\303\225\375>\220\312\340\023\244;\035\335"
 975      C395FD3E 
 975      90CAE013 
 975      A43B1DDD 
 976 0459 71DC26F8 		.ascii	"q\334&\370\232\012>\035\3264T\231\311d\334\377\302;"
 976      9A0A3E1D 
 976      D6345499 
 976      C964DCFF 
 976      C23B
 977 046b E32FF6CC 		.ascii	"\343/\366\314\353\263\2340\233A\272$$z\346\034v\307"
 977      EBB39C30 
 977      9B41BA24 
 977      247AE61C 
 977      76C7
 978 047d DF010DB8 		.ascii	"\337\001\015\270\317<\006sm\373\314\277\343\373\324"
 978      CF3C0673 
 978      6DFBCCBF 
 978      E3FBD4
 979 048c D23E8B18 		.ascii	"\322>\213\030,\264\355\223\311\367A\230\177{\357\024"
 979      2CB4ED93 
 979      C9F74198 
 979      7F7BEF14 
 980 049c 6FE5D1A9 		.ascii	"o\345\321\251\305\336P~\010o\2705j\352e\277C\275\346"
 980      C5DE507E 
 980      086FB835 
 980      6AEA65BF 
 980      43BDE6
 981 04af 6589A531 		.ascii	"e\211\2451l\230\253\366;\267{\2575\244z\275\207s\340"
 981      6C98ABF6 
 981      3BB77BAF 
 981      35A47ABD 
 981      8773E0
 982 04c2 ECBA0123 		.ascii	"\354\272\001#\000\331\3700\034\334t\307t;4Ts\322\340"
 982      00D9F830 
 982      1CDC74C7 
 982      743B3454 
 982      73D2E0
 983 04d5 A2C14743 		.ascii	"\242\301GC\023n\032<4\370jh\316\217\006\177\032\002"
 983      136E1A3C 
 983      34F86A68 
 983      CE8F067F 
 983      1A02
 984 04e7 48239086 		.ascii	"H#\220\206 \032\202ihJ\034B4d\021\252!\2170\015\231"
 984      201A8269 
 984      684A1C42 
 984      346411AA 
 984      218F300D 
 985 04fc 8493A966 		.ascii	"\204\223\251f\244\021A\263\3464kA\303]\250\341\271\233"
 985      A41141B3 
 985      E6346B41 
 985      C35DA8E1 
 985      B99B
 986 050e 2CB7A4C7 		.ascii	",\267\244\307V4\273\207\254D\022\2565=\266\241\241-"
 986      5634BB87 
 986      AC4412AE 
 986      353DB6A1 
 986      A12D
 987 0520 3DB6A359 		.ascii	"=\266\243Y{:0\367\222Z\007\015\235\352H\340N\264\032"
 987      7B3A30F7 
 987      925A070D 
 987      9DEA48E0 
 987      4EB41A
 988 0533 45AB9DC9 		.ascii	"E\253\235\311\312}\264\332\205\206\256\264\032MC7z\354"
 988      CA7DB4DA 
 988      8586AEB4 
 988      1A4D4337 
 988      7AEC
 989 0545 41C3FD34 		.ascii	"A\303\3754<@\262\2364\353ECo\032\036$\331C4\373\007"
 989      3C40B29E 
 989      34EB4543 
 989      6F1A1E24 
 989      D94334FB 
 990 055a 0D0FD3F0 		.ascii	"\015\017\323\360\010\311\036\245Y\037\032\036\243\341"
 990      08C91EA5 
 990      591F1A1E 
 990      A3E1
 991 0568 711A9EA0 		.ascii	"q\032\236\240\341IZ}\212fO\323\320\227\206gH\366,\015"
 991      E1495A7D 
 991      8A664FD3 
 991      D0978667 
 991      48F62C0D 
 992 057c FDA8E4FB 		.ascii	"\375\250\344\373\223\3549\032\236\247\341\005Z\030@"
 992      93EC391A 
 992      9EA7E105 
 992      5A1840
 993 058b B3176936 		.ascii	"\263\027i6\220^a/\321\343\3134\014\242a0-\274B\263!"
 993      905E612F 
 993      D1E3CB34 
 993      0CA26130 
 993      2DBC42B3 
 994 05a0 34BC4AC3 		.ascii	"4\274J\303P\222\275F\263a4\274NC\014\015\303iA\323R"
 994      5092BD46 
 994      B36134BC 
 994      4E430C0D 
 994      C36941D3 
 995 05b5 75FA2AF1 		.ascii	"u\372*\361:\300\273]\323f\352L<L\302\207_\300{\372J"
 995      3AC0BB5D 
 995      D366EA4C 
 995      3C4CC287 
 995      5FC07BFA 
 996 05ca 28FE4C5C 		.ascii	"(\376L\\<\004/\205\364\341\341\004\340\342?\015\361"
 996      3C042F85 
 996      F4E1E104 
 996      E0E23F0D 
 996      F1
 997 05db 3E2916E8 		.ascii	">)\026\350\2640)\306\313\343b\306E\363\015\021^&\227"
 997      B43029C6 
 997      CBE362C6 
 997      45F30D11 
 997      5E2697
 998 05ee 08516698 		.ascii	"\010Qf\230\366;L\334r>,Go\332\015?R\226\267\"\013\033"
 998      F63B4CDC 
 998      723E2C47 
 998      6FDA0D3F 
 998      5296B722 
 999 0604 20932E94 		.ascii	" \223.\224\022]\002\270\310\321\331\012\035bG\203\211"
 999      125D02B8 
 999      C8D1D90A 
 999      1D624783 
 999      89
 1000 0615 FE16D121 		.ascii	"\376\026\321!\034\275F\241C\355hf\242\213\020\035\312"
 1000      1CBD46A1 
 1000      43ED6866 
 1000      A28B101D 
 1000      CA
 1001 0626 D1EB04B9 		.ascii	"\321\353\004\271\207\242\320\347\312c\237\236\363\002"
 1001      87A2D0E7 
 1001      CA639F9E 
 1001      F302
 1002 0634 354CED53 		.ascii	"5L\355SN\204\037+\362\316\001\367\304\322)\376\274%"
 1002      4E841F2B 
 1002      F2CE01F7 
 1002      C4D229FE 
 1002      BC25
 1003 0646 CE91162C 		.ascii	"\316\221\026,\243\217g\322\214\244kq\236\360j\263\264"
 1003      A38F67D2 
 1003      8CA46B71 
 1003      9EF06AB3 
 1003      B4
 1004 0657 4587478A 		.ascii	"E\207G\212jb\221\314\244:l\3179\272\216\212d\314\027"
 1004      6A6291CC 
 1004      A43A6CCF 
 1004      39BA8E8A 
 1004      64CC17
 1005 066a 7412664C 		.ascii	"t\022fL\335\323\024\215\344\350HT\027\233\324J\223;"
 1005      DDD3148D 
 1005      E4E84854 
 1005      179BD44A 
 1005      933B
 1006 067c 48CAF5EB 		.ascii	"H\312\365\353\303\204\244JJpZ\315\031\271\340\020\017"
 1006      C384A44A 
 1006      4A705ACD 
 1006      19B9E010 
 1006      0F
 1007 068d 78F592B9 		.ascii	"x\365\222\271G\226\373\3425\200\303\253\006\001\276"
 1007      4796FBE2 
 1007      3580C3AB 
 1007      0601BE
 1008 069c 3BD0FD6B 		.ascii	";\320\375kSkP\243\033)\341V\253\223+p\363.( U\017|\257"
 1008      536B50A3 
 1008      1B29E156 
 1008      AB932B70 
 1008      F32E2820 
 1009 06b4 91F45AF2 		.ascii	"\221\364Z\362YW\216~\037.\010\251[(\242^G\024\323f\225"
 1009      59578E7E 
 1009      1F2E08A9 
 1009      5B28A25E 
 1009      4714D366 
 1010 06c9 796756F5 		.ascii	"ygV\365G\216t\34706\227\223\355\004\023\031/\022\256"
 1010      478E74E7 
 1010      30369793 
 1010      ED041319 
 1010      2F12AE
 1011 06dc CE7609FD 		.ascii	"\316v\011\375=\270\302Sw\036&\237\3309*GD\320G4\030"
 1011      3DB8C253 
 1011      771E269F 
 1011      D8392A47 
 1011      44D04734 
 1012 06f1 2C2FFD54 		.ascii	",/\375TVJ\0013\313k~\221\277\210\006\205(X\206\310\011"
 1012      564A0133 
 1012      CB6B7E91 
 1012      BF880685 
 1012      285886C8 
 1013 0706 B88AFAE7 		.ascii	"\270\212\372\347v^t\363\030\005\223\324m\332p\254N\235"
 1013      765E74F3 
 1013      180593D4 
 1013      6DDA70AC 
 1013      4E9D
 1014 0718 32174C1B 		.ascii	"2\027L\033\331E\201\312FW\323F\2440\221\343\341&\272"
 1014      D94581CA 
 1014      4657D346 
 1014      A43091E3 
 1014      E126BA
 1015 072b C22A26D5 		.ascii	"\302*&\325\235G\212w\224j\246\372\272\242P\242>oj\005"
 1015      9D478A77 
 1015      946AA6FA 
 1015      BAA250A2 
 1015      3E6F6A05 
 1016 073f CBD1DB0A 		.ascii	"\313\321\333\012\277\320\305BTj\313\001\353\213\214"
 1016      BFD0C542 
 1016      546ACB01 
 1016      EB8B8C
 1017 074e 62DF62BA 		.ascii	"b\337b\272\275\321\224m\222%\"\214mF\371\0370\241\015"
 1017      BDD1946D 
 1017      9225228C 
 1017      6D46F91F 
 1017      30A10D
 1018 0761 71BD0A58 		.ascii	"q\275\012X?\255\353!\031[-}&9\250\305\256e\032\376\302"
 1018      3FADEB21 
 1018      195B2D7D 
 1018      2639A8C5 
 1018      AE651AFE 
 1019 0776 170CD630 		.ascii	"\027\014\3260A\307e\247\263\337\305\177\016\025\205"
 1019      41C765A7 
 1019      B3DFC57F 
 1019      0E1585
 1020 0785 F30D4620 		.ascii	"\363\015F \021\261\301J\221\344\303\270\200\336.J\256"
 1020      11B1C14A 
 1020      91E4C3B8 
 1020      80DE2E4A 
 1020      AE
 1021 0796 47BA6D90 		.ascii	"G\272m\220\217X=$3C\024\333p\340Q\323\0026\3615\"K\307"
 1021      8F583D24 
 1021      334314DB 
 1021      70E051D3 
 1021      0236F135 
 1022 07ad 51765B7A 		.ascii	"Qv[z\353\005\275\015\202\036\251\234D\217\210\246\217"
 1022      EB05BD0D 
 1022      821EA99C 
 1022      448F88A6 
 1022      8F
 1023 07be 3DE8738B 		.ascii	"=\350s\213-A\217\246C\261\232\331\002\036\255\002\356"
 1023      2D418FA6 
 1023      43B19AD9 
 1023      021EAD02 
 1023      EE
 1024 07cf B6       		.ascii	"\266"
 1025 07d0 7B98592C 		.ascii	"{\230Y,\016\337\232\342\0140\213\376OU\342u\262\304"
 1025      0EDF9AE2 
 1025      0C308BFE 
 1025      4F55E275 
 1025      B2C4
 1026 07e2 5780A5C4 		.ascii	"W\200\245\304\257\232%~\015TQ\337k\026\365JPE}\027."
 1026      AF9A257E 
 1026      0D5451DF 
 1026      6B16F54A 
 1026      50457D17 
 1027 07f7 403E330B 		.ascii	"@>3\013\372\036\024\211\202\236\264\371G_\334\222\356"
 1027      FA1E1489 
 1027      829EB4F9 
 1027      475FDC92 
 1027      EE
 1028 0808 A8C65E72 		.ascii	"\250\306^rr\205p|\213/\212y\200\263\222\353\361\254"
 1028      7285707C 
 1028      8B2F8A79 
 1028      80B392EB 
 1028      F1AC
 1029 081a 47C23A26 		.ascii	"G\302:&\026dID\212\232)6\222\200\230\326f\022V\200J"
 1029      16644944 
 1029      8A9A2936 
 1029      928098D6 
 1029      66125680 
 1030 082f 426B513B 		.ascii	"BkQ;\305\"\011\331`\311\302\306\342F\262\260Ud\241P"
 1030      C52209D9 
 1030      60C9C2C6 
 1030      E246B2B0 
 1030      5564A150 
 1031 0843 65616BF1 		.ascii	"eak\361l\240\236C\341\364\330\303y\302GVb\241\271AU"
 1031      6CA09E43 
 1031      E1F4D8C3 
 1031      79C24756 
 1031      62A1B941 
 1032 0858 712355B8 		.ascii	"q#U\270]l\360\265\332\340\242\217:\004\255\314C@\216"
 1032      5D6CF0B5 
 1032      DAE0A28F 
 1032      3A04ADCC 
 1032      43408E
 1033 086b B412ADAC 		.ascii	"\264\022\255\254X\025<-\023\021\337\305\247j\312UI\244"
 1033      58153C2D 
 1033      1311DFC5 
 1033      A76ACA55 
 1033      49A4
 1034 087d 9558CE72 		.ascii	"\225X\316r\000\225D\001\263\035\343\000U\022~\373*\353"
 1034      00954401 
 1034      B31DE300 
 1034      55127EFB 
 1034      2AEB
 1035 088f CE291FE6 		.ascii	"\316)\037\346\224X\252)\350\026\325\024\244T\375\227"
 1035      9458AA29 
 1035      E816D514 
 1035      A454FD97 
 1036 089f 6FD8DAC3 		.ascii	"o\330\332\303\324\\X\202\201\271\0167\205 \263\244\221"
 1036      D45C5882 
 1036      81B90E37 
 1036      8520B3A4 
 1036      91
 1037 08b0 10EC1421 		.ascii	"\020\354\024!\330\245B\260\332W8\335\240J\021\277\031"
 1037      D8A542B0 
 1037      DA5738DD 
 1037      A04A11BF 
 1037      19
 1038 08c1 36314B15 		.ascii	"61K\025N`F\025Nd\252\012{`\025\302f\246\012\360~\224"
 1038      4E604615 
 1038      4E64AA0A 
 1038      7B6015C2 
 1038      66A60AF0 
 1039 08d7 590BF001 		.ascii	"Y\013\360\001\024\311\002<\360\245/\322\245/\021c\007"
 1039      14C9023C 
 1039      F0A52FD2 
 1039      A52F1163 
 1039      07
 1040 08e8 39A9279C 		.ascii	"9\251'\234(\300\222PQ\200\025X\\w\363\002|@\245\343"
 1040      28C09250 
 1040      51801558 
 1040      5C77F302 
 1040      7C40A5E3 
 1041 08fc 6E518002 		.ascii	"nQ\200\002\263\210cZ\"\000\276b\002C\351i\311\003\025"
 1041      B388635A 
 1041      2200BE62 
 1041      0243E969 
 1041      C90315
 1042 090f 600BD4B6 		.ascii	"`\013\324\266\022QAF\240\214NV^\242\272\233\021\274"
 1042      12514146 
 1042      A08C4E56 
 1042      5EA2BA9B 
 1042      11BC
 1043 0921 038D05AF 		.ascii	"\003\215\005\257H\004\257X\005\357\240\257\252\237\026"
 1043      4804AF58 
 1043      05EFA0AF 
 1043      AA9F16
 1044 0930 66FD1099 		.ascii	"f\375\020\231\026\234L\240=\341\307\255\011\017\274"
 1044      169C4CA0 
 1044      3DE1C7AD 
 1044      090FBC
 1045 093f 45C20355 		.ascii	"E\302\003U\302\203l~T\231\236\343N\021\270\223\3519"
 1045      C2836C7E 
 1045      54999EE3 
 1045      4E11B893 
 1045      E939
 1046 0951 F914C131 		.ascii	"\371\024\3011\325\267\360\251\2461\237\276\023>\225"
 1046      D5B7F0A9 
 1046      A6319FBE 
 1046      133E95
 1047 0960 289F2EFB 		.ascii	"(\237.\373\312<\340N\315y\036,n5\347\334\202m\334\322"
 1047      CA3CE04E 
 1047      CD791E2C 
 1047      6E35E7DC 
 1047      826DDCD2 
 1048 0974 4A2DDCC2 		.ascii	"J-\334\302\211\333\026\013\267p\216I/\275\231\333\234"
 1048      89DB160B 
 1048      B7708E49 
 1048      2FBD99DB 
 1048      9C
 1049 0985 D246B8ED 		.ascii	"\322F\270\355\026\334\366(n\031~\212[3\014\201\215["
 1049      16DCF628 
 1049      6E197E8A 
 1049      5B330C81 
 1049      8D5B
 1050 0997 33CEAD89 		.ascii	"3\316\255\211y\223\003\\\351\243\361%\252q\306\013\311"
 1050      7993035C 
 1050      E9A3F125 
 1050      AA71C60B 
 1050      C9
 1051 09a8 87CF8898 		.ascii	"\207\317\210\230C\224T\251\257\250\017o\316\303\242"
 1051      439454A9 
 1051      AFA80F6F 
 1051      CEC3A2
 1052 09b7 94BF41AB 		.ascii	"\224\277A\253\355\020\2107c\263\374\332\211\266V*\210"
 1052      ED108837 
 1052      63B3FCDA 
 1052      89B6562A 
 1052      88
 1053 09c8 17FA51D2 		.ascii	"\027\372Q\322\316\323{>D\274u\033\370[\272\016\260,"
 1053      CED37B3E 
 1053      44BC751B 
 1053      F85BBA0E 
 1053      B02C
 1054 09da 3B065C3F 		.ascii	";\006\\?\220O-\323\235\265y\013o\273k\230\377\211\362"
 1054      904F2DD3 
 1054      9DB5790B 
 1054      6FBB6B98 
 1054      FF89F2
 1055 09ed 7C0F1D80 		.ascii	"|\017\035\2005\314sy\253\203\247\272\255sYw\214\256"
 1055      35CC7379 
 1055      AB83A7BA 
 1055      AD735977 
 1055      8CAE
 1056 09ff AB601D6D 		.ascii	"\253`\035m\020\036<\343(iE\004%\017\251\003\037\004"
 1056      101E3CE3 
 1056      28694504 
 1056      250FA903 
 1056      1F04
 1057 0a11 06240FC6 		.ascii	"\006$\017\306v\352.\020F\360\004\370g\035\310\247S\204"
 1057      76EA2E10 
 1057      46F004F8 
 1057      671DC8A7 
 1057      5384
 1058 0a23 BDC993B5 		.ascii	"\275\311\223\265-_\024LG\347W\335\361\325\347*\\\307"
 1058      2D5F144C 
 1058      47E757DD 
 1058      F1D5E72A 
 1058      5CC7
 1059 0a35 E31A9C85 		.ascii	"\343\032\234\205V\3607(\003\255\370b\025\006,\033\214"
 1059      56F03728 
 1059      03ADF862 
 1059      15062C1B 
 1059      8C
 1060 0a46 8FEE42C3 		.ascii	"\217\356B\303JK\377\002\303JGO\201\260\202\000gQw\034"
 1060      4A4BFF02 
 1060      C34A474F 
 1060      81B08200 
 1060      6751771C 
 1061 0a5a 5D659C4B 		.ascii	"]e\234K\263\340B\316\245y\320WC0\240M\227`\277Sw\227"
 1061      B3E042CE 
 1061      A579D057 
 1061      4330A04D 
 1061      9760BF53 
 1062 0a70 F2527F51 		.ascii	"\362R\177Q\262\011\350=\335mE\271\206`\245/W]\361x\351"
 1062      B209E83D 
 1062      DD6D45B9 
 1062      8660A52F 
 1062      575DF178 
 1063 0a85 0CC08F31 		.ascii	"\014\300\2171q:~\303\210\266\027WU\214g\012=qPEi\240"
 1063      713A7EC3 
 1063      88B61757 
 1063      558C670A 
 1063      3D715045 
 1064 0a9b 107D2245 		.ascii	"\020}\"E8M5V\261\367\314\236\232\007\370\375+:^\261"
 1064      384D3556 
 1064      B1F7CC9E 
 1064      9A07F8FD 
 1064      2B3A5EB1 
 1065 0aaf 2FCC92BD 		.ascii	"/\314\222\275\205\262\377\024\301x/:\204\275\350i.x"
 1065      85B2FF14 
 1065      C1782F3A 
 1065      84BDE869 
 1065      2E78
 1066 0ac1 4A26D099 		.ascii	"J&\320\231\243\367E\231\331\213jP\360\014\312\350\351"
 1066      A3F74599 
 1066      D98B6A50 
 1066      F00CCAE8 
 1066      E9
 1067 0ad2 A23B477F 		.ascii	"\242;G\177V\\\254@T\355o\350j?\016xVPHC\363\375\344"
 1067      565CAC40 
 1067      54ED6FE8 
 1067      6A3F0E78 
 1067      56504843 
 1068 0ae9 BB9AC92B 		.ascii	"\273\232\311+a\305%\017\272C\337\360\006M\315\000k\312"
 1068      61C5250F 
 1068      BA43DFF0 
 1068      064DCD00 
 1068      6BCA
 1069 0afb 2DA15555 		.ascii	"-\241UU\032\250\374\356 \244\010\230FO\034p\325\360"
 1069      1AA8FCEE 
 1069      20A40898 
 1069      464F1C70 
 1069      D5F0
 1070 0b0d 3B9D8932 		.ascii	";\235\2112\304\351lc\025\375>\230\202~\317\021~W\224"
 1070      C4E96C63 
 1070      15FD3E98 
 1070      827ECF11 
 1070      7E5794
 1071 0b20 F84286E1 		.ascii	"\370B\206\341\0072}\2244\304\023\372\335\207\224\304"
 1071      07327D94 
 1071      34C413FA 
 1071      DD8794C4 
 1072 0b30 2B197D7C 		.ascii	"+\031}|\014\005X\265f\207~\234\303\037S\035\372\011"
 1072      0C0558B5 
 1072      66877E9C 
 1072      C31F531D 
 1072      FA09
 1073 0b42 94593BF4 		.ascii	"\224Y;\364\223(\022\016\0368\231\313\035L7\334\231m"
 1073      9328120E 
 1073      1E3899CB 
 1073      1D4C37DC 
 1073      996D
 1074 0b54 4CE8A83C 		.ascii	"L\350\250<)\356\345\006\355\271L\234\010\234\316\273"
 1074      29EEE506 
 1074      EDB94C9C 
 1074      089CCEBB 
 1075 0b64 91F67C45 		.ascii	"\221\366|E{\201\205\366C\244a\022\373\007\027X\210="
 1075      7B8185F6 
 1075      43A46112 
 1075      FB071758 
 1075      883D
 1076 0b76 8C322BB1 		.ascii	"\2142+\261GP$#/\211\3155\370\314c\226;\337#|\263\006"
 1076      47502423 
 1076      2F89CD35 
 1076      F8CC6396 
 1076      3BDF237C 
 1077 0b8c 83D84226 		.ascii	"\203\330B&\216:N\027\335H,S\021\313\262\020\353I\032"
 1077      8E3A4E17 
 1077      DD482C53 
 1077      11CBB210 
 1077      EB491A
 1078 0b9f 26B15E5C 		.ascii	"&\261^\\`!\326\033eVb\017\242H\020\253\226\304\026\032"
 1078      6021D61B 
 1078      6556620F 
 1078      A24810AB 
 1078      96C4161A 
 1079 0bb3 7C161913 		.ascii	"|\026\031\023j8\017\212\316X\026()\254\335\233-\357"
 1079      6A380F8A 
 1079      CE581628 
 1079      29ACDD9B 
 1079      2DEF
 1080 0bc5 CADB06D0 		.ascii	"\312\333\006\320\317\305\2743U\227\334tB\250+\016\203"
 1080      CFC5BC33 
 1080      5597DC74 
 1080      42A82B0E 
 1080      83
 1081 0bd6 64B37AB2 		.ascii	"d\263z\262\313\002eF\321L'\236\243~*\023\235D]Z1Q<\\"
 1081      CB026546 
 1081      D14C279E 
 1081      A37E2A13 
 1081      9D445D5A 
 1082 0bee FD5450A2 		.ascii	"\375TP\242\304\373\324\212\351\314\231\367S\374:\363"
 1082      C4FBD48A 
 1082      E9CC99F7 
 1082      53FC3AF3 
 1083 0bfe 431B6AFD 		.ascii	"C\033j\375\3525z\245\237\331+\335f\257t\212\353X\031"
 1083      EA357AA5 
 1083      9FD92BDD 
 1083      66AF748A 
 1083      EB5819
 1084 0c11 EF9546EF 		.ascii	"\357\225F\357\013\025\327?\243\367a\001:\23284(gM\263"
 1084      0B15D73F 
 1084      A3F76101 
 1084      3A9A3834 
 1084      28674DB3 
 1085 0c25 2AAE89BB 		.ascii	"*\256\211\273O\247\220\313U\016\364\262\016\360\330"
 1085      4FA790CB 
 1085      550EF4B2 
 1085      0EF0D8
 1086 0c34 B56B5270 		.ascii	"\265kRp|1o8\010)\254\370\020\231\206$W\213e?L\203T^"
 1086      7C316F38 
 1086      0829ACF8 
 1086      10998624 
 1086      578B653F 
 1087 0c4c 56211A64 		.ascii	"V!\032d\347\220\014\276\210<\303\354-h[\331\307`~\212"
 1087      E7900CBE 
 1087      883CC3EC 
 1087      2D685BD9 
 1087      C7607E8A 
 1088 0c60 9E979FB5 		.ascii	"\236\227\237\2658\375\325\370\302\305\200\327M\307\234"
 1088      38FDD5F8 
 1088      C2C580D7 
 1088      4DC79C
 1089 0c6f 5F009906 		.ascii	"_\000\231\006_\370\035T\357\350O0\263w<\307\005\375"
 1089      5FF81D54 
 1089      EFE84F30 
 1089      B3773CC7 
 1089      05FD
 1090 0c81 55EF781E 		.ascii	"U\357x\036e\266\336\361\002\312\204\327\227\021\037"
 1090      65B6DEF1 
 1090      02CA84D7 
 1090      97111F
 1091 0c90 2ABF61B4 		.ascii	"*\277a\264T=\\5\275\231z3E\322\324|1G\037\240\272\314"
 1091      543D5C35 
 1091      BD997A33 
 1091      45D2D47C 
 1091      31471FA0 
 1092 0ca6 406EEA45 		.ascii	"@n\352EA\226\0138\275\271e\262\313TW\363\260\321\237"
 1092      41960B38 
 1092      BDB965B2 
 1092      CB5457F3 
 1092      B0D19F
 1093 0cb9 F50D8734 		.ascii	"\365\015\2074\003,'E\246Vy\231\352\303\003%\245:\030"
 1093      032C2745 
 1093      A6567999 
 1093      EAC30325 
 1093      A53A18
 1094 0ccc 009DC352 		.ascii	"\000\235\303R7M\250\272\344\207\036CT8E/\302\326\232"
 1094      374DA8BA 
 1094      E4871E43 
 1094      5438452F 
 1094      C2D69A
 1095 0cdf 2FE655D7 		.ascii	"/\346U\327\\r\233\341;,\263\213\323c\206m\343\310\034"
 1095      5C729BE1 
 1095      3B2CB38B 
 1095      D363866D 
 1095      E3C81C
 1096 0cf2 07F3C8FC 		.ascii	"\007\363\310\374`\371\302~\2154\270St\215\301x\016\024"
 1096      60F9C27E 
 1096      8D34B853 
 1096      748DC178 
 1096      0E14
 1097 0d04 852021F5 		.ascii	"\205 !\365a\210\316\321\207\341\222:X\257s\265a\352"
 1097      6188CED1 
 1097      87E1923A 
 1097      58AF73B5 
 1097      61EA
 1098 0d16 60C5A0CC 		.ascii	"`\305\240\314z\260\206\243HF\241&\227\027\311a\303\347"
 1098      7AB086A3 
 1098      4846A126 
 1098      9717C961 
 1098      C3E7
 1099 0d28 63606945 		.ascii	"c`iE\303E\213-\223'\276B\226)NO\334H\377\244\242\377"
 1099      C3458B2D 
 1099      9327BE42 
 1099      96294E4F 
 1099      DC48FFA4 
 1100 0d3e 5F0BFD57 		.ascii	"_\013\375WH\303$6\204\013,\304^E\231\225\330P\024\311"
 1100      48C32436 
 1100      840B2CC4 
 1100      5E459995 
 1100      D85014C9 
 1101 0d52 5BEC1541 		.ascii	"[\354\025A\254\302\340s\002,\255h\250\270\203\031\304"
 1101      ACC2E073 
 1101      022CAD68 
 1101      A8B88319 
 1101      C4
 1102 0d63 4EC99384 		.ascii	"N\311\223\204\323\3237\022;\243\210\375h!\366\022i\230"
 1102      D3D33712 
 1102      3BA388FD 
 1102      6821F612 
 1102      6998
 1103 0d75 C45EE602 		.ascii	"\304^\346\002\013\261A(\263\022\303\353\301 A,]\022"
 1103      0BB14128 
 1103      B312C3EB 
 1103      C120412C 
 1103      5D12
 1104 0d87 3B65F039 		.ascii	";e\3609\015\226V4X\\\004ohET\261\315\255\307\237q\260"
 1104      0D965634 
 1104      585C046F 
 1104      684554B1 
 1104      CDADC79F 
 1105 0d9d BF79F83D 		.ascii	"\277y\370=\346\341\347\237\346k\363\016\360?\377\340"
 1105      E6E1E79F 
 1105      E66BF30E 
 1105      F03FFFE0 
 1106 0dad EE199F05 		.ascii	"\356\031\237\005\322\337\006\035\220\3152u]\323\010"
 1106      D2DF061D 
 1106      90CD3275 
 1106      5DD308
 1107 0dbc 4B628F92 		.ascii	"Kb\217\222:H\352\272Q\352$\251\277v\221\230e3^\257\350"
 1107      3A48EABA 
 1107      51EA24A9 
 1107      BF769198 
 1107      65335EAF 
 1108 0dd1 973314CF 		.ascii	"\2273\024\317\375\032\326,\253F6\215\341\021\327kr\361"
 1108      FD1AD62C 
 1108      AB46368D 
 1108      E111D76B 
 1108      72F1
 1109 0de3 1BD58389 		.ascii	"\033\325\203\211\222k\005\306\332\320\210\031Wh\315"
 1109      926B05C6 
 1109      DAD08819 
 1109      5768CD
 1110 0df2 1F6325D7 		.ascii	"\037c%\327\012\215\265\301\021Y\270\206\307\022\204"
 1110      0A8DB5C1 
 1110      1159B886 
 1110      C71284
 1111 0e01 5F13B793 		.ascii	"_\023\267\223\233]\243\307\304\217\217\215~;1)\366\375"
 1111      9B5DA3C7 
 1111      C48F8F8D 
 1111      7E3B3129 
 1111      F6FD
 1112 0e13 910949D1 		.ascii	"\221\011I\321\211\361\357&\214\216\215\376`d\354\370"
 1112      89F1EF26 
 1112      8C8E8DFE 
 1112      6064ECF8 
 1113 0e23 B15D12FF 		.ascii	"\261]\022\3779..\251\313\330Q\321O\307%\214\307\345"
 1113      392E2EA9 
 1113      CBD851D1 
 1113      4FC7258C 
 1113      C7E5
 1114 0e35 58ADC3D8 		.ascii	"X\255\303\330\330\017F\305\217Lx#1z\354\310\204qc{w"
 1114      D80F46C5 
 1114      8F4C7823 
 1114      317AECC8 
 1114      8471637B 
 1115 0e4a 13D0E8D1 		.ascii	"\023\320\350\321\357&&\305\217\0371:~\\|B\327\321\232"
 1115      EF2626C5 
 1115      8F1F313A 
 1115      7E5C7C42 
 1115      D7D19A
 1116 0e5d 3E26F1BD 		.ascii	">&\361\275\010\273\254k\317\356\243{\365\276\277go\015"
 1116      08BBAC6B 
 1116      CFEEA37B 
 1116      F5BEBF67 
 1116      6F0D
 1117 0e6f 46C15B90 		.ascii	"F\301[\220\340L\032\023\227\360\206O\374\233o&\306&"
 1117      E04C1A13 
 1117      97F0864F 
 1117      FC9B6F26 
 1117      C626
 1118 0e81 F572895F 		.ascii	"\365r\211_\375\275\221\343\364\304\221I\372\230wc]}"
 1118      FDBD91E3 
 1118      F4C49149 
 1118      FA987763 
 1118      5D7D
 1119 0e93 13478F1C 		.ascii	"\023G\217\034\027\253\367\035\361w6\024\377\375\015"
 1119      17ABF71D 
 1119      F1773614 
 1119      FFFD0D
 1120 0ea2 E222BA46 		.ascii	"\342\"\272F\217\213\033E\377{%\305\305\277\023\315\001"
 1120      8F8B1B45 
 1120      FF7B25C5 
 1120      C5BF13CD 
 1120      01
 1121 0eb3 BDBA8ED1 		.ascii	"\275\272\216\321\234|\006o{\222\336\217\347v\023\203"
 1121      9C7C066F 
 1121      7B92DE8F 
 1121      E7761383 
 1122 0ec3 4725C4BD 		.ascii	"G%\304\2755&\351\235\330\304\304\021o\216\213\217Op"
 1122      3526E99D 
 1122      D8C4C411 
 1122      6F8E8B8F 
 1122      4F70
 1123 0ed5 A3598E72 		.ascii	"\243Y\216r\276\021\213S\320X\202\366?\366n\011\230"
 1123      BE118B53 
 1123      D05882F6 
 1123      3FF66E09 
 1123      98
 1124              		.text
 1125              		.section	.gnu.lto_.symbol_nodes.b52c41a06d36d484,"e",%progbits
 1126 0000 789C9367 		.ascii	"x\234\223g\000\002\246\223\014\365\014\015@\300\302"
 1126      0002A693 
 1126      0CF50C0D 
 1126      40C0C2
 1127 000f 38E11C03 		.ascii	"8\341\034\003\220\315\260\253\241\221\221\201\221\001"
 1127      90CDB0AB 
 1127      A1919181 
 1127      9101
 1128 001d 0C008C1D 		.ascii	"\014\000\214\035\007\011"
 1128      0709
 1129              		.text
 1130              		.section	.gnu.lto_.refs.b52c41a06d36d484,"e",%progbits
 1131 0000 789C6364 		.ascii	"x\234cd\000\002\000\000\012\000\002"
 1131      00020000 
 1131      0A0002
 1132              		.text
 1133              		.section	.gnu.lto_.decls.b52c41a06d36d484,"e",%progbits
 1134 0000 789C8D54 		.ascii	"x\234\215TklTE\024>g\346\356\356\355eC7e\021\242\210"
 1134      6B6C5445 
 1134      143E67E6 
 1134      EEEEED65 
 1134      43376511 
 1135 0016 0D21D0C4 		.ascii	"\015!\320\304\264\013[\224\366_}\201\004C\010\010\006"
 1135      B40B5B94 
 1135      F65F7D81 
 1135      04430808 
 1135      06
 1136 0027 7EB86EF7 		.ascii	"~\270n\367.\264\266\313\342\356\266\302\277A\020\010"
 1136      2EB4B6CB 
 1136      E2EEB6C2 
 1136      BF411008 
 1137 0037 11444B0C 		.ascii	"\021DK\014\210\321\006#\222\212\270?\344\241\024XZ\036"
 1137      88D10623 
 1137      928AB83F 
 1137      E4A11458 
 1137      5A1E
 1138 0049 0B140A85 		.ascii	"\013\024\012\205B\241\200B\005\026yVH\004\302\3033w"
 1138      42A18042 
 1138      05167956 
 1138      4804C2C3 
 1138      3377
 1139 005b EFDD966E 		.ascii	"\357\335\226nH\234\366\2733;\363\235\357\23493g\246"
 1139      489CF6BB 
 1139      333BF39D 
 1139      EF9C3933 
 1139      67A6
 1140 006d 39006A10 		.ascii	"9\000j\020 \001\000O\2501\352\217\021\354\204\337\010"
 1140      2001004F 
 1140      A831EA8F 
 1140      11EC84DF 
 1140      08
 1141 007e 8D849D84 		.ascii	"\215\204\235\204!\220\346\034\201t#\023\370\023\262"
 1141      2190E61C 
 1141      81742313 
 1141      F813B2
 1142 008d DB6E5A70 		.ascii	"\333nZpR\237Gp\023\316\2336\011S\357b/\275\231\204\031"
 1142      529F4770 
 1142      13CE9B36 
 1142      0953EF62 
 1142      2FBD9984 
 1143 00a2 8494E9AF 		.ascii	"\204\224\351\257\205p\200p\220p\206p\232p\226`3}\335"
 1143      85708070 
 1143      90708670 
 1143      9A709660 
 1143      337DDD
 1144 00b5 20DC2274 		.ascii	" \334\"t\023\356\2301l\355\343\377K\216C\360\011\032"
 1144      13EE9831 
 1144      6CEDE3FF 
 1144      4B8E43F0 
 1144      091A
 1145 00c7 1D70061E 		.ascii	"\035p\006\036a\264u\317\001nA\203\341\355\307'\302Z"
 1145      61B475CF 
 1145      016E4183 
 1145      E1EDC727 
 1145      C25A
 1146 00d9 CEBA56FC 		.ascii	"\316\272V\374\322\225\253%\204H%\232\026p\300b\034\005"
 1146      D295AB25 
 1146      8448259A 
 1146      1670C062 
 1146      1C05
 1147 00eb B80DC96E 		.ascii	"\270\015\311n+\342f\304_\245H\036*\364uc>\031\034\377"
 1147      2BE266C4 
 1147      5FA5481E 
 1147      2AF47563 
 1147      3E191CFF 
 1148 00ff E96497E2 		.ascii	"\351d\227\342$\203\333\242\276I!\336v\304\337I\023\033"
 1148      2483DBA2 
 1148      BE4921DE 
 1148      76C4DF49 
 1148      131B
 1149 0111 E9B396DB 		.ascii	"\351\263\226\333o\337?\363\374\013\210\032\341\023!"
 1149      6FDF3FF3 
 1149      FC0B881A 
 1149      E11321
 1150 0120 EAC7E04E 		.ascii	"\352\307\340N$\317)\221\260\324\201f\000w \356\222\204"
 1150      24CF2991 
 1150      B0D48166 
 1150      007720EE 
 1150      9284
 1151 0132 87B9F493 		.ascii	"\207\271\364\223d[\366-O\242\021\207xv\034nt\361\251"
 1151      645BF62D 
 1151      4FA21187 
 1151      78761C6E 
 1151      74F1A9
 1152 0145 C0A7017F 		.ascii	"\300\247\001\177O\306\036_\363\3579M!\301=hl9\017\271"
 1152      4FC61E5F 
 1152      F3EF394D 
 1152      21C13D68 
 1152      6C390FB9 
 1153 0159 411ACCDF 		.ascii	"A\032\314\337\247e\365\334\306#;\372\015\037>`8\251"
 1153      A765F5DC 
 1153      C6233BFA 
 1153      0D1F3E60 
 1153      38A9
 1154 016b DEFB627F 		.ascii	"\336\373b\177k\323\210\266\346\305\".8&\020\233\020"
 1154      6BD388B6 
 1154      E6C5222E 
 1154      3826109B 
 1154      10
 1155 017c 0FA1198F 		.ascii	"\017\241\031\217\207P\014\304\212\257\335\273X\270\026"
 1155      87500CC4 
 1155      8AAFDDBB 
 1155      58B816
 1156 018b 382521D9 		.ascii	"8%!\331\207@GJ\373X\264T$(\372\375\210\373\020\367\322"
 1156      8740474A 
 1156      FB58B454 
 1156      2428FAFD 
 1156      88FB10F7 
 1157 01a0 88381460 		.ascii	"\2108\024`\013\342\001\304\2032\265RfM\217Ls\037\231"
 1157      0BE201C4 
 1157      8332B552 
 1157      664D8F4C 
 1157      731F99
 1158 01b3 D1C0EB51 		.ascii	"\321\300\353Q\006\377uw\262E\033 %\223OI\342a\314\026"
 1158      06FF7577 
 1158      B2451B20 
 1158      25934F49 
 1158      E261CC16 
 1159 01c7 25FEA1CE 		.ascii	"%\376\241\316o\3439\227\3504ID\321\021\261\343U\372"
 1159      6FE33997 
 1159      E8344944 
 1159      D111B1E3 
 1159      55FA
 1160 01d9 68309383 		.ascii	"h0\223\203[0\301\372\353\234i\\\343\272\326\241\344"
 1160      5B30C1FA 
 1160      EB9C695C 
 1160      E3BAD6A1 
 1160      E4
 1161 01ea 16DCE565 		.ascii	"\026\334\345e*+\310\325\324\015\315\350\322l*c)\207"
 1161      2A2BC8D5 
 1161      D40DCDE8 
 1161      D26C2A63 
 1161      2987
 1162 01fc AE153CC0 		.ascii	"\256\025<\300\215\254\336\236_&\024\375\263\201)\207"
 1162      8DACDE9E 
 1162      5F2614FD 
 1162      B3812987 
 1163 020c 602B27B9 		.ascii	"`+'\271\213\313\350\233r$Q'\253\311\212\352\242Q\312"
 1163      8BCBE89B 
 1163      72245127 
 1163      ABC98AEA 
 1163      A251CA
 1164 021f A1DDE5F5 		.ascii	"\241\335\345\365\313\355\372a\266t$\245B\323\275n\012"
 1164      CBEDFA61 
 1164      B67424A5 
 1164      42D3BD6E 
 1164      0A
 1165 0230 B54C5587 		.ascii	"\265LU\207\016m\342M<IA\251j|\323@-\345\310%\215\002"
 1165      0E6DE24D 
 1165      3C4941A9 
 1165      6A7CD340 
 1165      2DE5C825 
 1166 0246 3DDFA5E7 		.ascii	"=\337\245\347\347&\321\246\353\232\273\000(\012\335"
 1166      E726D1A6 
 1166      EB9ABB00 
 1166      280ADD
 1167 0255 EB2D631A 		.ascii	"\353-c\032I+j\022\275\034\235^q\341\332 \315\246\345"
 1167      492B6A12 
 1167      BD1C9D5E 
 1167      71E1DA20 
 1167      CDA6E5
 1168 0268 0CCD2F00 		.ascii	"\014\315/\000\320a\034#a\376\304j\350 \247z\317O\304"
 1168      D0611C23 
 1168      61FEC46A 
 1168      E820A77A 
 1168      CF4FC4
 1169 027b 028D7919 		.ascii	"\002\215y\031\237\230\242\332d,\037@(\252\323I\227I"
 1169      9F98A2DA 
 1169      642C1F40 
 1169      28AAD349 
 1169      9749
 1170 028d 51737C13 		.ascii	"Qs|\023\365\311^\015R\016FKn\005\005\303\036K\315\016"
 1170      F5C95E0D 
 1170      520E464B 
 1170      6E0505C3 
 1170      1E4BCD0E 
 1171 02a1 943C1BE5 		.ascii	"\224<\033\345T\376Q\003L\217\000M@o7\231uf\016\000\254"
 1171      54FE5103 
 1171      4C8F004D 
 1171      406F3799 
 1171      75660E00 
 1172 02b6 D94C834C 		.ascii	"\331L\203L\017\314\324`\351\322C4{@\313E/q0\345\000"
 1172      0FCCD460 
 1172      E9D24334 
 1172      7B40CB45 
 1172      2F7130E5 
 1173 02cb 4D8AA563 		.ascii	"M\212\245c\332\246k\321\232\261b\221>\0142\263f3-+\360"
 1173      DAA66BD1 
 1173      9AB16291 
 1173      3E0C32B3 
 1173      66332D2B 
 1174 02e0 A75A4F18 		.ascii	"\247ZO\030R\003\322\027\247\356\322\366E9\227e\0216"
 1174      5203D217 
 1174      A7EED2F6 
 1174      45399765 
 1174      1136
 1175 02f2 7E75DD86 		.ascii	"~u\335\206\375W\226\001\360]\306\035<{\347\370\371\334"
 1175      FD579601 
 1175      F05DC61D 
 1175      3C7BE7F8 
 1175      F9DC
 1176 0304 01D9D7FA 		.ascii	"\001\331\327\372Yw\360\336\375\307\353\231\"\203jC\014"
 1176      5977F0DE 
 1176      FDC7EB99 
 1176      22836A43 
 1176      0C
 1177 0315 1B15C778 		.ascii	"\033\025\307x;\335\311S\230U\217\374\264\234S\257\354"
 1177      3BDDC953 
 1177      98558FFC 
 1177      B49C53AF 
 1177      EC
 1178 0326 11EB9D66 		.ascii	"\021\353\235f\021\306[\2333u\321\216\330\231]\177Gz"
 1178      11C65B9B 
 1178      3375D18E 
 1178      D8995D7F 
 1178      477A
 1179 0338 0827FB10 		.ascii	"\010'\373\020Fg\225\0379\225\024\212\362\014\342i\304"
 1179      4667951F 
 1179      3995148A 
 1179      F20CE269 
 1179      C4
 1180 0349 B356F975 		.ascii	"\263V\371u\364\250t\364Q\241*\346\235F\260um\361ej\326"
 1180      F4A874F4 
 1180      51A12AE6 
 1180      9D46B075 
 1180      6DF1656A 
 1181 035e DE4F219E 		.ascii	"\336O!\236\303lU\342\177\276\270\373\007m\020\361\257"
 1181      C36C55E2 
 1181      7FBEB8FB 
 1181      076D10F1 
 1181      AF
 1182 036f 0BE1C6F3 		.ascii	"\013\341\306\363HRxBf\374\0172>n\274}\354\307SWW\252"
 1182      48527842 
 1182      66FC0F32 
 1182      3E6EBC7D 
 1182      ECC75357 
 1183 0385 C356AF16 		.ascii	"\303V\257\026\367\036\257hX\346\020\033d\315\020\001"
 1183      F71EAF68 
 1183      58E6101B 
 1183      64CD1001 
 1184 0395 8F4941E3 		.ascii	"\217IA\343\250\217\021\373(b+zw0\276\204I\253\346\206"
 1184      A88F11FB 
 1184      28622B7A 
 1184      7730BE84 
 1184      49ABE686 
 1185 03a9 553F2B7D 		.ascii	"U?+}\237\276\013\275\237>\"m\276\3710n\323\204|v\023"
 1185      9FBE0BBD 
 1185      9F3E226D 
 1185      BEF9306E 
 1185      D3847C76 
 1186 03be 8B7228F1 		.ascii	"\213r(\361\326\263\333E\202\036\034\305WH-\373\243\023"
 1186      D6B3DB45 
 1186      821E1CC5 
 1186      57482DFB 
 1186      A313
 1187 03d0 ED471DF2 		.ascii	"\355G\035\362\355\245\377>\212\177!\322\363\201\227"
 1187      EDA5FF3E 
 1187      8A7F21D2 
 1187      F38197
 1188 03df 11AFD055 		.ascii	"\021\257\320U\277d<\276/QO\342\355\337?h\344y2\027B"
 1188      BF643CBE 
 1188      2F514FE2 
 1188      EDDF3F68 
 1188      E4793217 
 1189 03f4 7C405399 		.ascii	"|@S\231\275\245\320p\000\274\316\210\264\376\362\246"
 1189      BDA5D070 
 1189      00BCCE88 
 1189      B4FEF2A6 
 1190 0404 EF54E3FC 		.ascii	"\357T\343\374/\322\371\323\304\343\345\313Z\323\023"
 1190      2FD2F9D3 
 1190      C4E3E5CB 
 1190      5AD313
 1191 0413 94EBBFA5 		.ascii	"\224\353\277\245\324\241+K\033\224L\232\022=R\327I\352"
 1191      D4A12B4B 
 1191      1B944C9A 
 1191      123D52D7 
 1191      49EA
 1192 0425 1A0D86AD 		.ascii	"\032\015\206\255\242\364l\251k\330\233\367\215HP\014"
 1192      A2F46CA9 
 1192      6BD89BF7 
 1192      8D48500C 
 1193 0435 BB155AC2 		.ascii	"\273\025Z\302\253f\202\360\206\034[)Zh\343{\230a\021"
 1193      AB6682F0 
 1193      861C5B29 
 1193      5A68E37B 
 1193      986111
 1194 0448 7FF4E912 		.ascii	"\177\364\351\022\341\312\320oZ\364[rl\321\333\024~\321"
 1194      E1CAD06F 
 1194      5AF45B72 
 1194      6CD1DB14 
 1194      7ED1
 1195 045a A46FDC26 		.ascii	"\244o\334&\204\315b\337\266\330\335rl\261;m\374\252"
 1195      84CD62DF 
 1195      B6D8DD72 
 1195      6CB13B6D 
 1195      FCAA
 1196 046c C93EB8B0 		.ascii	"\311>\270\260\267\370?\026\375\216\034[\364\006\033"
 1196      B7F83F16 
 1196      FD8E1C5B 
 1196      F4061B
 1197 047b 8CA80ACE 		.ascii	"\214\250\012\316/\017\373#z\324S\345\217TW\225\216\362"
 1197      2F0FFB23 
 1197      7AD453E5 
 1197      8F545795 
 1197      8EF2
 1198 048d CCF70743 		.ascii	"\314\367\007CU\236@M4\026\016\371\002\341\352p\244("
 1198      559E404D 
 1198      34160EF9 
 1198      02E1EA70 
 1198      A428
 1199 049f A08E9F34 		.ascii	"\240\216\2374-\377\215\322R\030\374\364|\321\330\342"
 1199      2DFF8DD2 
 1199      5218FCF4 
 1199      7CD1D8E2 
 1200 04af 4049E92B 		.ascii	"@I\351+cK\301QS9'V\342\213a\024+\354s\375\201\252\240"
 1200      634BC151 
 1200      53392756 
 1200      E28B6114 
 1200      2BEC73FD 
 1201 04c6 8EB5459E 		.ascii	"\216\265E\236\212p(\350\3710\032\013~\354\217\304<\321"
 1201      8A7028E8 
 1201      F9301A0B 
 1201      7EEC8FC4 
 1201      3CD1
 1202 04d8 704D2410 		.ascii	"pM$\020L{(\214\316\255\256\214\025V\225{\306UFB\264"
 1202      4C7B288C 
 1202      CEADAE8C 
 1202      1556957B 
 1202      C6554642 
 1203 04ed 1C04D747 		.ascii	"\034\004\327G5\3769\261\232\220'\255^\001\374\355\251"
 1203      35FE39B1 
 1203      9A9027AD 
 1203      5E01FCED 
 1203      A9
 1204 04fe D3D91870 		.ascii	"\323\331\030p\372#\241\332\261\301\302\320\313\263\346"
 1204      FA23A1DA 
 1204      B1C1C2D0 
 1204      CBB3E6
 1205 050d 82160847 		.ascii	"\202\026\010Gb\301y\205\2411002\273\334\027\362\307"
 1205      62C17985 
 1205      A1313030 
 1205      32BBDC17 
 1205      F2C7
 1206 051f 2295F37C 		.ascii	"\"\225\363|\025\321Z_,\354\243\031\214\340l,\347S\306"
 1206      15D15A5F 
 1206      2CECA319 
 1206      8CE06C2C 
 1206      E753C6
 1207 0532 BF3EF2FF 		.ascii	"\277>\362\377m\016\354\263\"\376@\254D\011T\370#\203"
 1207      6D0EECB3 
 1207      22FE40AC 
 1207      440954F8 
 1207      2383
 1208 0544 A2017F75 		.ascii	"\242\001\177u\260\304\367\316[\257M\2370i\274o\312h"
 1208      B0C4F7CE 
 1208      5BAF4D9F 
 1208      3069BC6F 
 1208      CA68
 1209 0556 DF9B13A6 		.ascii	"\337\233\023\246\274;cp\221\247\272\262\\\242$V\031"
 1209      BC3B6370 
 1209      91A7BAB2 
 1209      5CA22456 
 1209      19
 1210 0567 9EE349D3 		.ascii	"\236\343I\323(\306\027M\203\332J=\030\3162\263\247W"
 1210      28C6174D 
 1210      83DA4A3D 
 1210      18CE32B3 
 1210      A757
 1211 0579 9DBD49FF 		.ascii	"\235\275I\377\001b\352\222\331"
 1211      0162EA92 
 1211      D9
 1212              		.text
 1213              		.section	.gnu.lto_.symtab.b52c41a06d36d484,"e",%progbits
 1214 0000 7267625F 		.ascii	"rgb_matrix_hsv_to_rgb\000"
 1214      6D617472 
 1214      69785F68 
 1214      73765F74 
 1214      6F5F7267 
 1215 0016 00       		.ascii	"\000"
 1216 0017 00       		.ascii	"\000"
 1217 0018 00       		.ascii	"\000"
 1218 0019 00000000 		.ascii	"\000\000\000\000\000\000\000\000"
 1218      00000000 
 1219 0021 E0000000 		.ascii	"\340\000\000\000"
 1220              		.text
 1221              		.section	.gnu.lto_.ext_symtab.b52c41a06d36d484,"e",%progbits
 1222 0000 01       		.ascii	"\001"
 1223 0001 01       		.ascii	"\001"
 1224 0002 00       		.ascii	"\000"
 1225              		.text
 1226              		.section	.gnu.lto_.opts,"e",%progbits
 1227 0000 272D666E 		.ascii	"'-fno-openmp' '-fno-openacc' '-fno-pie' '-fcf-prote"
 1227      6F2D6F70 
 1227      656E6D70 
 1227      2720272D 
 1227      666E6F2D 
 1228 0033 6374696F 		.ascii	"ction=none' '-g' '-mcpu=cortex-m4' '-mthumb' '-mno-"
 1228      6E3D6E6F 
 1228      6E652720 
 1228      272D6727 
 1228      20272D6D 
 1229 0066 7468756D 		.ascii	"thumb-interwork' '-mno-unaligned-access' '-mfloat-a"
 1229      622D696E 
 1229      74657277 
 1229      6F726B27 
 1229      20272D6D 
 1230 0099 62693D68 		.ascii	"bi=hard' '-mfpu=fpv4-sp-d16' '-mlibarch=armv7e-m+fp"
 1230      61726427 
 1230      20272D6D 
 1230      6670753D 
 1230      66707634 
 1231 00cc 2720272D 		.ascii	"' '-march=armv7e-m+fp' '-Os' '-Ofast' '-fsingle-pre"
 1231      6D617263 
 1231      683D6172 
 1231      6D763765 
 1231      2D6D2B66 
 1232 00ff 63697369 		.ascii	"cision-constant' '-fomit-frame-pointer' '-ffunction"
 1232      6F6E2D63 
 1232      6F6E7374 
 1232      616E7427 
 1232      20272D66 
 1233 0132 2D736563 		.ascii	"-sections' '-fdata-sections' '-fshort-wchar' '-fcom"
 1233      74696F6E 
 1233      73272027 
 1233      2D666461 
 1233      74612D73 
 1234 0165 6D6F6E27 		.ascii	"mon' '-flto' '-Xassembler' '-adhlns=.build/obj_karl"
 1234      20272D66 
 1234      6C746F27 
 1234      20272D58 
 1234      61737365 
 1235 0198 6B39305F 		.ascii	"k90_yaemk_moonlanderlike/custom_color.lst'\000"
 1235      7961656D 
 1235      6B5F6D6F 
 1235      6F6E6C61 
 1235      6E646572 
 1236              		.text
 1237              		.comm	__gnu_lto_slim,1,1
 1238              		.ident	"GCC: (15:10.3-2021.07-4) 10.3.1 20210621 (release)"
DEFINED SYMBOLS
                            *ABS*:0000000000000000 custom_color.c
     /tmp/ccHLraDL.s:22     .gnu.debuglto_.debug_info:0000000000000000 custom_color.c.73c89579
                            *COM*:0000000000000001 __gnu_lto_slim

NO UNDEFINED SYMBOLS
