   1              		.cpu cortex-m4
   2              		.eabi_attribute 27, 1
   3              		.eabi_attribute 28, 1
   4              		.eabi_attribute 23, 1
   5              		.eabi_attribute 24, 1
   6              		.eabi_attribute 25, 1
   7              		.eabi_attribute 26, 1
   8              		.eabi_attribute 30, 2
   9              		.eabi_attribute 34, 0
  10              		.eabi_attribute 18, 2
  11              		.file	"eeprom_i2c.c"
  12              		.file 1 "/usr/lib/gcc/arm-none-eabi/10.3.1/include/stdint.h"
  13              		.file 2 "/usr/lib/gcc/arm-none-eabi/10.3.1/include/stddef.h"
  14              		.file 3 "./lib/chibios/os/rt/include/chtime.h"
  15              		.file 4 "drivers/eeprom/eeprom_i2c.c"
  16              		.section	.gnu.debuglto_.debug_info,"e",%progbits
  17              	.Ldebug_info0:
  18              		.hidden	eeprom_i2c.c.3c034042
  19              		.weak	eeprom_i2c.c.3c034042
  20              	eeprom_i2c.c.3c034042:
  21 0000 1F020000 		.4byte	0x21f
  22 0004 0400     		.2byte	0x4
  23 0006 00000000 		.4byte	.Ldebug_abbrev0
  24 000a 04       		.byte	0x4
  25 000b 01       		.uleb128 0x1
  26 000c 51010000 		.4byte	.LASF28
  27 0010 0C       		.byte	0xc
  28 0011 32000000 		.4byte	.LASF29
  29 0015 CF000000 		.4byte	.LASF30
  30 0019 00000000 		.4byte	.Ldebug_line0
  31 001d 02       		.uleb128 0x2
  32 001e 01       		.byte	0x1
  33 001f 06       		.byte	0x6
  34 0020 D3020000 		.4byte	.LASF0
  35 0024 02       		.uleb128 0x2
  36 0025 02       		.byte	0x2
  37 0026 05       		.byte	0x5
  38 0027 88020000 		.4byte	.LASF1
  39 002b 02       		.uleb128 0x2
  40 002c 04       		.byte	0x4
  41 002d 05       		.byte	0x5
  42 002e C1020000 		.4byte	.LASF2
  43 0032 02       		.uleb128 0x2
  44 0033 08       		.byte	0x8
  45 0034 05       		.byte	0x5
  46 0035 7A020000 		.4byte	.LASF3
  47 0039 03       		.uleb128 0x3
  48 003a 23010000 		.4byte	.LASF6
  49 003e 01       		.byte	0x1
  50 003f 2E       		.byte	0x2e
  51 0040 18       		.byte	0x18
  52 0041 45000000 		.4byte	0x45
  53 0045 02       		.uleb128 0x2
  54 0046 01       		.byte	0x1
  55 0047 08       		.byte	0x8
  56 0048 8E000000 		.4byte	.LASF4
  57 004c 02       		.uleb128 0x2
  58 004d 02       		.byte	0x2
  59 004e 07       		.byte	0x7
  60 004f 1F000000 		.4byte	.LASF5
  61 0053 03       		.uleb128 0x3
  62 0054 B8020000 		.4byte	.LASF7
  63 0058 01       		.byte	0x1
  64 0059 34       		.byte	0x34
  65 005a 19       		.byte	0x19
  66 005b 5F000000 		.4byte	0x5f
  67 005f 02       		.uleb128 0x2
  68 0060 04       		.byte	0x4
  69 0061 07       		.byte	0x7
  70 0062 AC000000 		.4byte	.LASF8
  71 0066 03       		.uleb128 0x3
  72 0067 4E000000 		.4byte	.LASF9
  73 006b 01       		.byte	0x1
  74 006c 37       		.byte	0x37
  75 006d 19       		.byte	0x19
  76 006e 72000000 		.4byte	0x72
  77 0072 02       		.uleb128 0x2
  78 0073 08       		.byte	0x8
  79 0074 07       		.byte	0x7
  80 0075 77000000 		.4byte	.LASF10
  81 0079 04       		.uleb128 0x4
  82 007a 04       		.byte	0x4
  83 007b 05       		.byte	0x5
  84 007c 696E7400 		.ascii	"int\000"
  85 0080 02       		.uleb128 0x2
  86 0081 04       		.byte	0x4
  87 0082 07       		.byte	0x7
  88 0083 11010000 		.4byte	.LASF11
  89 0087 03       		.uleb128 0x3
  90 0088 07000000 		.4byte	.LASF12
  91 008c 01       		.byte	0x1
  92 008d 56       		.byte	0x56
  93 008e 1A       		.byte	0x1a
  94 008f 80000000 		.4byte	0x80
  95 0093 03       		.uleb128 0x3
  96 0094 00000000 		.4byte	.LASF13
  97 0098 02       		.byte	0x2
  98 0099 D1       		.byte	0xd1
  99 009a 17       		.byte	0x17
 100 009b 80000000 		.4byte	0x80
 101 009f 05       		.uleb128 0x5
 102 00a0 04       		.byte	0x4
 103 00a1 02       		.uleb128 0x2
 104 00a2 01       		.byte	0x1
 105 00a3 08       		.byte	0x8
 106 00a4 1E010000 		.4byte	.LASF14
 107 00a8 03       		.uleb128 0x3
 108 00a9 11000000 		.4byte	.LASF15
 109 00ad 03       		.byte	0x3
 110 00ae 79       		.byte	0x79
 111 00af 12       		.byte	0x12
 112 00b0 53000000 		.4byte	0x53
 113 00b4 03       		.uleb128 0x3
 114 00b5 E5020000 		.4byte	.LASF16
 115 00b9 03       		.byte	0x3
 116 00ba 96       		.byte	0x96
 117 00bb 12       		.byte	0x12
 118 00bc 66000000 		.4byte	0x66
 119 00c0 06       		.uleb128 0x6
 120 00c1 04       		.byte	0x4
 121 00c2 39000000 		.4byte	0x39
 122 00c6 02       		.uleb128 0x2
 123 00c7 01       		.byte	0x1
 124 00c8 02       		.byte	0x2
 125 00c9 DF020000 		.4byte	.LASF17
 126 00cd 06       		.uleb128 0x6
 127 00ce 04       		.byte	0x4
 128 00cf D3000000 		.4byte	0xd3
 129 00d3 07       		.uleb128 0x7
 130 00d4 08       		.uleb128 0x8
 131 00d5 3E010000 		.4byte	.LASF24
 132 00d9 04       		.byte	0x4
 133 00da 61       		.byte	0x61
 134 00db 06       		.byte	0x6
 135 00dc 4F010000 		.4byte	0x14f
 136 00e0 09       		.uleb128 0x9
 137 00e1 62756600 		.ascii	"buf\000"
 138 00e5 04       		.byte	0x4
 139 00e6 61       		.byte	0x61
 140 00e7 25       		.byte	0x25
 141 00e8 CD000000 		.4byte	0xcd
 142 00ec 0A       		.uleb128 0xa
 143 00ed CA000000 		.4byte	.LASF18
 144 00f1 04       		.byte	0x4
 145 00f2 61       		.byte	0x61
 146 00f3 30       		.byte	0x30
 147 00f4 9F000000 		.4byte	0x9f
 148 00f8 09       		.uleb128 0x9
 149 00f9 6C656E00 		.ascii	"len\000"
 150 00fd 04       		.byte	0x4
 151 00fe 61       		.byte	0x61
 152 00ff 3D       		.byte	0x3d
 153 0100 93000000 		.4byte	0x93
 154 0104 0B       		.uleb128 0xb
 155 0105 9C000000 		.4byte	.LASF19
 156 0109 04       		.byte	0x4
 157 010a 62       		.byte	0x62
 158 010b 0F       		.byte	0xf
 159 010c 4F010000 		.4byte	0x14f
 160 0110 0B       		.uleb128 0xb
 161 0111 CA020000 		.4byte	.LASF20
 162 0115 04       		.byte	0x4
 163 0116 63       		.byte	0x63
 164 0117 0F       		.byte	0xf
 165 0118 C0000000 		.4byte	0xc0
 166 011c 0B       		.uleb128 0xb
 167 011d BE000000 		.4byte	.LASF21
 168 0121 04       		.byte	0x4
 169 0122 64       		.byte	0x64
 170 0123 0F       		.byte	0xf
 171 0124 87000000 		.4byte	0x87
 172 0128 0C       		.uleb128 0xc
 173 0129 0B       		.uleb128 0xb
 174 012a 57000000 		.4byte	.LASF22
 175 012e 04       		.byte	0x4
 176 012f 6C       		.byte	0x6c
 177 0130 13       		.byte	0x13
 178 0131 87000000 		.4byte	0x87
 179 0135 0B       		.uleb128 0xb
 180 0136 AB020000 		.4byte	.LASF23
 181 013a 04       		.byte	0x4
 182 013b 6D       		.byte	0x6d
 183 013c 13       		.byte	0x13
 184 013d 79000000 		.4byte	0x79
 185 0141 0C       		.uleb128 0xc
 186 0142 0D       		.uleb128 0xd
 187 0143 6900     		.ascii	"i\000"
 188 0145 04       		.byte	0x4
 189 0146 73       		.byte	0x73
 190 0147 16       		.byte	0x16
 191 0148 39000000 		.4byte	0x39
 192 014c 00       		.byte	0
 193 014d 00       		.byte	0
 194 014e 00       		.byte	0
 195 014f 0E       		.uleb128 0xe
 196 0150 39000000 		.4byte	0x39
 197 0154 5F010000 		.4byte	0x15f
 198 0158 0F       		.uleb128 0xf
 199 0159 80000000 		.4byte	0x80
 200 015d 81       		.byte	0x81
 201 015e 00       		.byte	0
 202 015f 08       		.uleb128 0x8
 203 0160 99020000 		.4byte	.LASF25
 204 0164 04       		.byte	0x4
 205 0165 51       		.byte	0x51
 206 0166 06       		.byte	0x6
 207 0167 9C010000 		.4byte	0x19c
 208 016b 09       		.uleb128 0x9
 209 016c 62756600 		.ascii	"buf\000"
 210 0170 04       		.byte	0x4
 211 0171 51       		.byte	0x51
 212 0172 1E       		.byte	0x1e
 213 0173 9F000000 		.4byte	0x9f
 214 0177 0A       		.uleb128 0xa
 215 0178 CA000000 		.4byte	.LASF18
 216 017c 04       		.byte	0x4
 217 017d 51       		.byte	0x51
 218 017e 2F       		.byte	0x2f
 219 017f CD000000 		.4byte	0xcd
 220 0183 09       		.uleb128 0x9
 221 0184 6C656E00 		.ascii	"len\000"
 222 0188 04       		.byte	0x4
 223 0189 51       		.byte	0x51
 224 018a 3C       		.byte	0x3c
 225 018b 93000000 		.4byte	0x93
 226 018f 0B       		.uleb128 0xb
 227 0190 9C000000 		.4byte	.LASF19
 228 0194 04       		.byte	0x4
 229 0195 52       		.byte	0x52
 230 0196 0D       		.byte	0xd
 231 0197 9C010000 		.4byte	0x19c
 232 019b 00       		.byte	0
 233 019c 0E       		.uleb128 0xe
 234 019d 39000000 		.4byte	0x39
 235 01a1 AC010000 		.4byte	0x1ac
 236 01a5 0F       		.uleb128 0xf
 237 01a6 80000000 		.4byte	0x80
 238 01aa 01       		.byte	0x1
 239 01ab 00       		.byte	0
 240 01ac 08       		.uleb128 0x8
 241 01ad 63000000 		.4byte	.LASF26
 242 01b1 04       		.byte	0x4
 243 01b2 41       		.byte	0x41
 244 01b3 06       		.byte	0x6
 245 01b4 D3010000 		.4byte	0x1d3
 246 01b8 0D       		.uleb128 0xd
 247 01b9 62756600 		.ascii	"buf\000"
 248 01bd 04       		.byte	0x4
 249 01be 46       		.byte	0x46
 250 01bf 0D       		.byte	0xd
 251 01c0 D3010000 		.4byte	0x1d3
 252 01c4 0C       		.uleb128 0xc
 253 01c5 0B       		.uleb128 0xb
 254 01c6 CA000000 		.4byte	.LASF18
 255 01ca 04       		.byte	0x4
 256 01cb 48       		.byte	0x48
 257 01cc 13       		.byte	0x13
 258 01cd 53000000 		.4byte	0x53
 259 01d1 00       		.byte	0
 260 01d2 00       		.byte	0
 261 01d3 0E       		.uleb128 0xe
 262 01d4 39000000 		.4byte	0x39
 263 01d8 E3010000 		.4byte	0x1e3
 264 01dc 0F       		.uleb128 0xf
 265 01dd 80000000 		.4byte	0x80
 266 01e1 7F       		.byte	0x7f
 267 01e2 00       		.byte	0
 268 01e3 10       		.uleb128 0x10
 269 01e4 2B010000 		.4byte	.LASF31
 270 01e8 04       		.byte	0x4
 271 01e9 38       		.byte	0x38
 272 01ea 06       		.byte	0x6
 273 01eb 11       		.uleb128 0x11
 274 01ec FD000000 		.4byte	.LASF32
 275 01f0 04       		.byte	0x4
 276 01f1 30       		.byte	0x30
 277 01f2 14       		.byte	0x14
 278 01f3 0A       		.uleb128 0xa
 279 01f4 92020000 		.4byte	.LASF27
 280 01f8 04       		.byte	0x4
 281 01f9 30       		.byte	0x30
 282 01fa 31       		.byte	0x31
 283 01fb C0000000 		.4byte	0xc0
 284 01ff 0A       		.uleb128 0xa
 285 0200 CA000000 		.4byte	.LASF18
 286 0204 04       		.byte	0x4
 287 0205 30       		.byte	0x30
 288 0206 45       		.byte	0x45
 289 0207 CD000000 		.4byte	0xcd
 290 020b 0D       		.uleb128 0xd
 291 020c 7000     		.ascii	"p\000"
 292 020e 04       		.byte	0x4
 293 020f 31       		.byte	0x31
 294 0210 0F       		.byte	0xf
 295 0211 87000000 		.4byte	0x87
 296 0215 0C       		.uleb128 0xc
 297 0216 0D       		.uleb128 0xd
 298 0217 6900     		.ascii	"i\000"
 299 0219 04       		.byte	0x4
 300 021a 32       		.byte	0x32
 301 021b 0E       		.byte	0xe
 302 021c 79000000 		.4byte	0x79
 303 0220 00       		.byte	0
 304 0221 00       		.byte	0
 305 0222 00       		.byte	0
 306              		.section	.gnu.debuglto_.debug_abbrev,"e",%progbits
 307              	.Ldebug_abbrev0:
 308 0000 01       		.uleb128 0x1
 309 0001 11       		.uleb128 0x11
 310 0002 01       		.byte	0x1
 311 0003 25       		.uleb128 0x25
 312 0004 0E       		.uleb128 0xe
 313 0005 13       		.uleb128 0x13
 314 0006 0B       		.uleb128 0xb
 315 0007 03       		.uleb128 0x3
 316 0008 0E       		.uleb128 0xe
 317 0009 1B       		.uleb128 0x1b
 318 000a 0E       		.uleb128 0xe
 319 000b 10       		.uleb128 0x10
 320 000c 17       		.uleb128 0x17
 321 000d 00       		.byte	0
 322 000e 00       		.byte	0
 323 000f 02       		.uleb128 0x2
 324 0010 24       		.uleb128 0x24
 325 0011 00       		.byte	0
 326 0012 0B       		.uleb128 0xb
 327 0013 0B       		.uleb128 0xb
 328 0014 3E       		.uleb128 0x3e
 329 0015 0B       		.uleb128 0xb
 330 0016 03       		.uleb128 0x3
 331 0017 0E       		.uleb128 0xe
 332 0018 00       		.byte	0
 333 0019 00       		.byte	0
 334 001a 03       		.uleb128 0x3
 335 001b 16       		.uleb128 0x16
 336 001c 00       		.byte	0
 337 001d 03       		.uleb128 0x3
 338 001e 0E       		.uleb128 0xe
 339 001f 3A       		.uleb128 0x3a
 340 0020 0B       		.uleb128 0xb
 341 0021 3B       		.uleb128 0x3b
 342 0022 0B       		.uleb128 0xb
 343 0023 39       		.uleb128 0x39
 344 0024 0B       		.uleb128 0xb
 345 0025 49       		.uleb128 0x49
 346 0026 13       		.uleb128 0x13
 347 0027 00       		.byte	0
 348 0028 00       		.byte	0
 349 0029 04       		.uleb128 0x4
 350 002a 24       		.uleb128 0x24
 351 002b 00       		.byte	0
 352 002c 0B       		.uleb128 0xb
 353 002d 0B       		.uleb128 0xb
 354 002e 3E       		.uleb128 0x3e
 355 002f 0B       		.uleb128 0xb
 356 0030 03       		.uleb128 0x3
 357 0031 08       		.uleb128 0x8
 358 0032 00       		.byte	0
 359 0033 00       		.byte	0
 360 0034 05       		.uleb128 0x5
 361 0035 0F       		.uleb128 0xf
 362 0036 00       		.byte	0
 363 0037 0B       		.uleb128 0xb
 364 0038 0B       		.uleb128 0xb
 365 0039 00       		.byte	0
 366 003a 00       		.byte	0
 367 003b 06       		.uleb128 0x6
 368 003c 0F       		.uleb128 0xf
 369 003d 00       		.byte	0
 370 003e 0B       		.uleb128 0xb
 371 003f 0B       		.uleb128 0xb
 372 0040 49       		.uleb128 0x49
 373 0041 13       		.uleb128 0x13
 374 0042 00       		.byte	0
 375 0043 00       		.byte	0
 376 0044 07       		.uleb128 0x7
 377 0045 26       		.uleb128 0x26
 378 0046 00       		.byte	0
 379 0047 00       		.byte	0
 380 0048 00       		.byte	0
 381 0049 08       		.uleb128 0x8
 382 004a 2E       		.uleb128 0x2e
 383 004b 01       		.byte	0x1
 384 004c 3F       		.uleb128 0x3f
 385 004d 19       		.uleb128 0x19
 386 004e 03       		.uleb128 0x3
 387 004f 0E       		.uleb128 0xe
 388 0050 3A       		.uleb128 0x3a
 389 0051 0B       		.uleb128 0xb
 390 0052 3B       		.uleb128 0x3b
 391 0053 0B       		.uleb128 0xb
 392 0054 39       		.uleb128 0x39
 393 0055 0B       		.uleb128 0xb
 394 0056 27       		.uleb128 0x27
 395 0057 19       		.uleb128 0x19
 396 0058 01       		.uleb128 0x1
 397 0059 13       		.uleb128 0x13
 398 005a 00       		.byte	0
 399 005b 00       		.byte	0
 400 005c 09       		.uleb128 0x9
 401 005d 05       		.uleb128 0x5
 402 005e 00       		.byte	0
 403 005f 03       		.uleb128 0x3
 404 0060 08       		.uleb128 0x8
 405 0061 3A       		.uleb128 0x3a
 406 0062 0B       		.uleb128 0xb
 407 0063 3B       		.uleb128 0x3b
 408 0064 0B       		.uleb128 0xb
 409 0065 39       		.uleb128 0x39
 410 0066 0B       		.uleb128 0xb
 411 0067 49       		.uleb128 0x49
 412 0068 13       		.uleb128 0x13
 413 0069 00       		.byte	0
 414 006a 00       		.byte	0
 415 006b 0A       		.uleb128 0xa
 416 006c 05       		.uleb128 0x5
 417 006d 00       		.byte	0
 418 006e 03       		.uleb128 0x3
 419 006f 0E       		.uleb128 0xe
 420 0070 3A       		.uleb128 0x3a
 421 0071 0B       		.uleb128 0xb
 422 0072 3B       		.uleb128 0x3b
 423 0073 0B       		.uleb128 0xb
 424 0074 39       		.uleb128 0x39
 425 0075 0B       		.uleb128 0xb
 426 0076 49       		.uleb128 0x49
 427 0077 13       		.uleb128 0x13
 428 0078 00       		.byte	0
 429 0079 00       		.byte	0
 430 007a 0B       		.uleb128 0xb
 431 007b 34       		.uleb128 0x34
 432 007c 00       		.byte	0
 433 007d 03       		.uleb128 0x3
 434 007e 0E       		.uleb128 0xe
 435 007f 3A       		.uleb128 0x3a
 436 0080 0B       		.uleb128 0xb
 437 0081 3B       		.uleb128 0x3b
 438 0082 0B       		.uleb128 0xb
 439 0083 39       		.uleb128 0x39
 440 0084 0B       		.uleb128 0xb
 441 0085 49       		.uleb128 0x49
 442 0086 13       		.uleb128 0x13
 443 0087 00       		.byte	0
 444 0088 00       		.byte	0
 445 0089 0C       		.uleb128 0xc
 446 008a 0B       		.uleb128 0xb
 447 008b 01       		.byte	0x1
 448 008c 00       		.byte	0
 449 008d 00       		.byte	0
 450 008e 0D       		.uleb128 0xd
 451 008f 34       		.uleb128 0x34
 452 0090 00       		.byte	0
 453 0091 03       		.uleb128 0x3
 454 0092 08       		.uleb128 0x8
 455 0093 3A       		.uleb128 0x3a
 456 0094 0B       		.uleb128 0xb
 457 0095 3B       		.uleb128 0x3b
 458 0096 0B       		.uleb128 0xb
 459 0097 39       		.uleb128 0x39
 460 0098 0B       		.uleb128 0xb
 461 0099 49       		.uleb128 0x49
 462 009a 13       		.uleb128 0x13
 463 009b 00       		.byte	0
 464 009c 00       		.byte	0
 465 009d 0E       		.uleb128 0xe
 466 009e 01       		.uleb128 0x1
 467 009f 01       		.byte	0x1
 468 00a0 49       		.uleb128 0x49
 469 00a1 13       		.uleb128 0x13
 470 00a2 01       		.uleb128 0x1
 471 00a3 13       		.uleb128 0x13
 472 00a4 00       		.byte	0
 473 00a5 00       		.byte	0
 474 00a6 0F       		.uleb128 0xf
 475 00a7 21       		.uleb128 0x21
 476 00a8 00       		.byte	0
 477 00a9 49       		.uleb128 0x49
 478 00aa 13       		.uleb128 0x13
 479 00ab 2F       		.uleb128 0x2f
 480 00ac 0B       		.uleb128 0xb
 481 00ad 00       		.byte	0
 482 00ae 00       		.byte	0
 483 00af 10       		.uleb128 0x10
 484 00b0 2E       		.uleb128 0x2e
 485 00b1 00       		.byte	0
 486 00b2 3F       		.uleb128 0x3f
 487 00b3 19       		.uleb128 0x19
 488 00b4 03       		.uleb128 0x3
 489 00b5 0E       		.uleb128 0xe
 490 00b6 3A       		.uleb128 0x3a
 491 00b7 0B       		.uleb128 0xb
 492 00b8 3B       		.uleb128 0x3b
 493 00b9 0B       		.uleb128 0xb
 494 00ba 39       		.uleb128 0x39
 495 00bb 0B       		.uleb128 0xb
 496 00bc 27       		.uleb128 0x27
 497 00bd 19       		.uleb128 0x19
 498 00be 00       		.byte	0
 499 00bf 00       		.byte	0
 500 00c0 11       		.uleb128 0x11
 501 00c1 2E       		.uleb128 0x2e
 502 00c2 01       		.byte	0x1
 503 00c3 03       		.uleb128 0x3
 504 00c4 0E       		.uleb128 0xe
 505 00c5 3A       		.uleb128 0x3a
 506 00c6 0B       		.uleb128 0xb
 507 00c7 3B       		.uleb128 0x3b
 508 00c8 0B       		.uleb128 0xb
 509 00c9 39       		.uleb128 0x39
 510 00ca 0B       		.uleb128 0xb
 511 00cb 27       		.uleb128 0x27
 512 00cc 19       		.uleb128 0x19
 513 00cd 00       		.byte	0
 514 00ce 00       		.byte	0
 515 00cf 00       		.byte	0
 516              		.section	.gnu.debuglto_.debug_line,"e",%progbits
 517              	.Ldebug_line0:
 518 0000 A1000000 		.4byte	.LELT0-.LSLT0
 519              	.LSLT0:
 520 0004 0400     		.2byte	0x4
 521 0006 9B000000 		.4byte	.LELTP0-.LASLTP0
 522              	.LASLTP0:
 523 000a 01       		.byte	0x1
 524 000b 01       		.byte	0x1
 525 000c 01       		.byte	0x1
 526 000d F6       		.byte	0xf6
 527 000e F2       		.byte	0xf2
 528 000f 0D       		.byte	0xd
 529 0010 00       		.byte	0
 530 0011 01       		.byte	0x1
 531 0012 01       		.byte	0x1
 532 0013 01       		.byte	0x1
 533 0014 01       		.byte	0x1
 534 0015 00       		.byte	0
 535 0016 00       		.byte	0
 536 0017 00       		.byte	0
 537 0018 01       		.byte	0x1
 538 0019 00       		.byte	0
 539 001a 00       		.byte	0
 540 001b 01       		.byte	0x1
 541 001c 6C69622F 		.ascii	"lib/chibios/os/rt/include"
 541      63686962 
 541      696F732F 
 541      6F732F72 
 541      742F696E 
 542 0035 00       		.byte	0
 543 0036 64726976 		.ascii	"drivers/eeprom"
 543      6572732F 
 543      65657072 
 543      6F6D
 544 0044 00       		.byte	0
 545 0045 2F757372 		.ascii	"/usr/lib/gcc/arm-none-eabi/10.3.1/include"
 545      2F6C6962 
 545      2F676363 
 545      2F61726D 
 545      2D6E6F6E 
 546 006e 00       		.byte	0
 547 006f 00       		.byte	0
 548 0070 73746469 		.ascii	"stdint.h\000"
 548      6E742E68 
 548      00
 549 0079 03       		.uleb128 0x3
 550 007a 00       		.uleb128 0
 551 007b 00       		.uleb128 0
 552 007c 73746464 		.ascii	"stddef.h\000"
 552      65662E68 
 552      00
 553 0085 03       		.uleb128 0x3
 554 0086 00       		.uleb128 0
 555 0087 00       		.uleb128 0
 556 0088 63687469 		.ascii	"chtime.h\000"
 556      6D652E68 
 556      00
 557 0091 01       		.uleb128 0x1
 558 0092 00       		.uleb128 0
 559 0093 00       		.uleb128 0
 560 0094 65657072 		.ascii	"eeprom_i2c.c\000"
 560      6F6D5F69 
 560      32632E63 
 560      00
 561 00a1 02       		.uleb128 0x2
 562 00a2 00       		.uleb128 0
 563 00a3 00       		.uleb128 0
 564 00a4 00       		.byte	0
 565              	.LELTP0:
 566              	.LELT0:
 567              		.section	.gnu.debuglto_.debug_str,"eMS",%progbits,1
 568              	.LASF13:
 569 0000 73697A65 		.ascii	"size_t\000"
 569      5F7400
 570              	.LASF12:
 571 0007 75696E74 		.ascii	"uintptr_t\000"
 571      7074725F 
 571      7400
 572              	.LASF15:
 573 0011 73797369 		.ascii	"sysinterval_t\000"
 573      6E746572 
 573      76616C5F 
 573      7400
 574              	.LASF5:
 575 001f 73686F72 		.ascii	"short unsigned int\000"
 575      7420756E 
 575      7369676E 
 575      65642069 
 575      6E7400
 576              	.LASF29:
 577 0032 64726976 		.ascii	"drivers/eeprom/eeprom_i2c.c\000"
 577      6572732F 
 577      65657072 
 577      6F6D2F65 
 577      6570726F 
 578              	.LASF9:
 579 004e 75696E74 		.ascii	"uint64_t\000"
 579      36345F74 
 579      00
 580              	.LASF22:
 581 0057 70616765 		.ascii	"page_offset\000"
 581      5F6F6666 
 581      73657400 
 582              	.LASF26:
 583 0063 65657072 		.ascii	"eeprom_driver_erase\000"
 583      6F6D5F64 
 583      72697665 
 583      725F6572 
 583      61736500 
 584              	.LASF10:
 585 0077 6C6F6E67 		.ascii	"long long unsigned int\000"
 585      206C6F6E 
 585      6720756E 
 585      7369676E 
 585      65642069 
 586              	.LASF4:
 587 008e 756E7369 		.ascii	"unsigned char\000"
 587      676E6564 
 587      20636861 
 587      7200
 588              	.LASF19:
 589 009c 636F6D70 		.ascii	"complete_packet\000"
 589      6C657465 
 589      5F706163 
 589      6B657400 
 590              	.LASF8:
 591 00ac 6C6F6E67 		.ascii	"long unsigned int\000"
 591      20756E73 
 591      69676E65 
 591      6420696E 
 591      7400
 592              	.LASF21:
 593 00be 74617267 		.ascii	"target_addr\000"
 593      65745F61 
 593      64647200 
 594              	.LASF18:
 595 00ca 61646472 		.ascii	"addr\000"
 595      00
 596              	.LASF30:
 597 00cf 2F686F6D 		.ascii	"/home/jstewart/source/yaemk-split-kb/Firmware\000"
 597      652F6A73 
 597      74657761 
 597      72742F73 
 597      6F757263 
 598              	.LASF32:
 599 00fd 66696C6C 		.ascii	"fill_target_address\000"
 599      5F746172 
 599      6765745F 
 599      61646472 
 599      65737300 
 600              	.LASF11:
 601 0111 756E7369 		.ascii	"unsigned int\000"
 601      676E6564 
 601      20696E74 
 601      00
 602              	.LASF14:
 603 011e 63686172 		.ascii	"char\000"
 603      00
 604              	.LASF6:
 605 0123 75696E74 		.ascii	"uint8_t\000"
 605      385F7400 
 606              	.LASF31:
 607 012b 65657072 		.ascii	"eeprom_driver_init\000"
 607      6F6D5F64 
 607      72697665 
 607      725F696E 
 607      697400
 608              	.LASF24:
 609 013e 65657072 		.ascii	"eeprom_write_block\000"
 609      6F6D5F77 
 609      72697465 
 609      5F626C6F 
 609      636B00
 610              	.LASF28:
 611 0151 474E5520 		.ascii	"GNU C99 10.3.1 20210621 (release) -mcpu=cortex-m4 -"
 611      43393920 
 611      31302E33 
 611      2E312032 
 611      30323130 
 612 0184 6D746875 		.ascii	"mthumb -mno-thumb-interwork -mno-unaligned-access -"
 612      6D62202D 
 612      6D6E6F2D 
 612      7468756D 
 612      622D696E 
 613 01b7 6D666C6F 		.ascii	"mfloat-abi=hard -mfpu=fpv4-sp-d16 -march=armv7e-m+f"
 613      61742D61 
 613      62693D68 
 613      61726420 
 613      2D6D6670 
 614 01ea 70202D67 		.ascii	"p -ggdb -Os -Ofast -std=gnu99 -fsingle-precision-co"
 614      67646220 
 614      2D4F7320 
 614      2D4F6661 
 614      7374202D 
 615 021d 6E737461 		.ascii	"nstant -fomit-frame-pointer -ffunction-sections -fd"
 615      6E74202D 
 615      666F6D69 
 615      742D6672 
 615      616D652D 
 616 0250 6174612D 		.ascii	"ata-sections -fshort-wchar -fcommon -flto\000"
 616      73656374 
 616      696F6E73 
 616      202D6673 
 616      686F7274 
 617              	.LASF3:
 618 027a 6C6F6E67 		.ascii	"long long int\000"
 618      206C6F6E 
 618      6720696E 
 618      7400
 619              	.LASF1:
 620 0288 73686F72 		.ascii	"short int\000"
 620      7420696E 
 620      7400
 621              	.LASF27:
 622 0292 62756666 		.ascii	"buffer\000"
 622      657200
 623              	.LASF25:
 624 0299 65657072 		.ascii	"eeprom_read_block\000"
 624      6F6D5F72 
 624      6561645F 
 624      626C6F63 
 624      6B00
 625              	.LASF23:
 626 02ab 77726974 		.ascii	"write_length\000"
 626      655F6C65 
 626      6E677468 
 626      00
 627              	.LASF7:
 628 02b8 75696E74 		.ascii	"uint32_t\000"
 628      33325F74 
 628      00
 629              	.LASF2:
 630 02c1 6C6F6E67 		.ascii	"long int\000"
 630      20696E74 
 630      00
 631              	.LASF20:
 632 02ca 72656164 		.ascii	"read_buf\000"
 632      5F627566 
 632      00
 633              	.LASF0:
 634 02d3 7369676E 		.ascii	"signed char\000"
 634      65642063 
 634      68617200 
 635              	.LASF17:
 636 02df 5F426F6F 		.ascii	"_Bool\000"
 636      6C00
 637              	.LASF16:
 638 02e5 74696D65 		.ascii	"time_conv_t\000"
 638      5F636F6E 
 638      765F7400 
 639              		.text
 640              		.section	.gnu.lto_.profile.307f330f9ff98e43,"e",%progbits
 641 0000 789C6362 		.ascii	"x\234cb\000\001\000\000\022\000\003"
 641      00010000 
 641      120003
 642              		.text
 643              		.section	.gnu.lto_.icf.307f330f9ff98e43,"e",%progbits
 644 0000 789C9362 		.ascii	"x\234\223b@\000\026\206\031\2536\037fe\\\270\360t\013"
 644      40001686 
 644      19AB361F 
 644      66655CB8 
 644      F0740B
 645 0013 13D3D6AB 		.ascii	"\023\323\326\253\347\372\371\231\037|\356\233\307\310"
 645      E7FAF999 
 645      1F7CEE9B 
 645      C7C8
 646 0021 000099C3 		.ascii	"\000\000\231\303\013k"
 646      0B6B
 647              		.text
 648              		.section	.gnu.lto_.ipa_sra.307f330f9ff98e43,"e",%progbits
 649 0000 789C7365 		.ascii	"x\234se@\000\026\006\006F\006FFf \223\025*\304\310\310"
 649      40001606 
 649      06460646 
 649      46662093 
 649      152AC4C8 
 650 0015 02A61A40 		.ascii	"\002\246\032@rLP1 \213\031I\033H\200\001\250\013L1\000"
 650      724C5031 
 650      208B1949 
 650      1B488001 
 650      A80B4C31 
 651 002a 00323C00 		.ascii	"\0002<\000\363"
 651      F3
 652              		.text
 653              		.section	.gnu.lto_.inline.307f330f9ff98e43,"e",%progbits
 654 0000 789C7BCA 		.ascii	"x\234{\312\200\000,@\324\000\004\314i\214\014L\014\014"
 654      80002C40 
 654      D40004CC 
 654      698C0C4C 
 654      0C0C
 655 0012 8D40661D 		.ascii	"\215@f\035\003\003\033H\210)\205\011$\304\300\310\005"
 655      03031B48 
 655      88298509 
 655      24C4C0C8 
 655      05
 656 0023 52C8C824 		.ascii	"R\310\310$\262xr\323\007\246\014F&F\306%\314 !& \315"
 656      B27872D3 
 656      07A60C46 
 656      2646C625 
 656      CC202126 
 657 0039 08A2F98E 		.ascii	"\010\242\371\216.ki`JG\323\307\312\0076\177\202\337"
 657      2E6B6960 
 657      4A47D3C7 
 657      CA07367F 
 657      82DF
 658 004b 043F181B 		.ascii	"\004?\030\033\244\270\211Q\351\366\3519\267\230s\030"
 658      A4B88951 
 658      E9F6E939 
 658      B7987318 
 659 005b 19410681 		.ascii	"\031A\006\201T2\031\034\235\330\375\205)\007\315\000"
 659      5432191C 
 659      9DD8FD85 
 659      2907CD00 
 660 006b 266EA0E9 		.ascii	"&n\240\351\214@\275\214`\275@c\230\033\030\37164.\230"
 660      8C40BD8C 
 660      60BD4063 
 660      981B18F9 
 660      36342E98 
 661 007f C09C0B74 		.ascii	"\300\234\013t-[Kc\303j\246l4M,\274@\325\314 \305,\274"
 661      2D5B4B63 
 661      C36AA66C 
 661      344D2CBC 
 661      40D5CC20 
 662 0096 0C201610 		.ascii	"\014 \026\020\000\000\030\341)_"
 662      000018E1 
 662      295F
 663              		.text
 664              		.section	.gnu.lto_.jmpfuncs.307f330f9ff98e43,"e",%progbits
 665 0000 789C8D90 		.ascii	"x\234\215\220=\016\3020\014\205\375\331\241t\343\036"
 665      3D0EC230 
 665      0C85FDD9 
 665      A174E31E 
 666 0010 8C3D2054 		.ascii	"\214= T=\002'`\310\310\310\317\302\300az\017H\234\250"
 666      3D022760 
 666      C8C8C8CF 
 666      C2C0617A 
 666      0F489CA8 
 667 0024 6A2B2188 		.ascii	"j+!\210d;q\336{~\311\005\231V\310\011\003\266D\323c"
 667      643B71DE 
 667      7B7EC905 
 667      9956C809 
 667      03B644D3 
 668 0039 344941AB 		.ascii	"4IA\253'\213f\234\021^!\225\224\022\370\220\301y\233"
 668      278B669C 
 668      115E2195 
 668      9412F890 
 668      C1799B
 669 004c E29DD66E 		.ascii	"\342\235\326nq6qV`,\335Q\234\325*\327\205\314J\003g"
 669      71367156 
 669      602CDD51 
 669      9CD52AD7 
 669      85CC4A03 
 670 0061 6DA014EF 		.ascii	"m\240\024\357U!u\244:K\2711\227U7]\015g\343\250\263"
 670      552175A4 
 670      3A4BB931 
 670      9755375D 
 670      0D67E3A8 
 671 0076 1A3A8775 		.ascii	"\032:\207u\177\016\347\016\017fm\250\323\255\224\201"
 671      7F0EE70E 
 671      0F666DA8 
 671      D3AD9481 
 672 0086 F5681369 		.ascii	"\365h\023i~\352\364\376?.\005}\341\367\305\3037\262"
 672      7EEAF4FE 
 672      3F2E057D 
 672      E1F7C5C3 
 672      37B2
 673 0098 B29F2EF2 		.ascii	"\262\237.\362\203\237\013\226|\000\226\030`\020"
 673      839F0B96 
 673      7C009618 
 673      6010
 674              		.text
 675              		.section	.gnu.lto_.pureconst.307f330f9ff98e43,"e",%progbits
 676 0000 789CE365 		.ascii	"x\234\343e```a\230\301\3028\203\205i'\013\363\014\026"
 676      60606061 
 676      98C1C238 
 676      83856927 
 676      0BF30C16 
 677 0014 0011AD02 		.ascii	"\000\021\255\002\251"
 677      A9
 678              		.text
 679              		.section	.gnu.lto_.lto.307f330f9ff98e43,"e",%progbits
 680 0000 09000400 		.ascii	"\011\000\004\000\001\000\000\000"
 680      01000000 
 681              		.text
 682              		.section	.gnu.lto_eeprom_driver_init.284.307f330f9ff98e43,"e",%progbits
 683 0000 789CEB64 		.ascii	"x\234\353d``\360\005be fdf`\2344\261\213\211\241\241"
 683      6060F005 
 683      62652066 
 683      6466609C 
 683      34B18B89 
 684 0016 A1C1819D 		.ascii	"\241\301\201\235\211\261qb\027'\343VF0\217\221\241\236"
 684      89B17162 
 684      1727E356 
 684      46308F91 
 684      A19E
 685 0028 89B19E71 		.ascii	"\211\261\236q2\263&\220\373c\351\254\037<\255\022K\230"
 685      32B32690 
 685      FB63E9AC 
 685      1F3CAD12 
 685      4B98
 686 003a 1918E601 		.ascii	"\031\030\346\0011\024\260\301x\214@\274\376\022\353"
 686      3114B0C1 
 686      788C40BC 
 686      FE12EB
 687 0049 81863FFF 		.ascii	"\201\206?\377\373\033\032\376>f\374\317\004\024\357"
 687      FB1B1AFE 
 687      3E66FCCF 
 687      0414EF
 688 0058 670699DB 		.ascii	"g\006\231\333\300\302\330p\200\201a\0023\023\204\323"
 688      C0C2D870 
 688      80816102 
 688      331384D3 
 689 0068 08E4BC62 		.ascii	"\010\344\274blx\364Y\224\341\003c\263\002C\013#\323"
 689      6C78F459 
 689      94E10363 
 689      B302430B 
 689      23D3
 690 007a 1266C679 		.ascii	"\022f\306y\314@3\226031|blz\360\237\025l|?3#B?\003\203"
 690      CC403396 
 690      3033317C 
 690      626C7AF0 
 690      9F156C7C 
 691 0095 9E7E467E 		.ascii	"\236~F~n\252~VqIjybQ\211~q~iQr\252~ebjn\266nqANf\211"
 691      6EAA7E56 
 691      71496A79 
 691      6251897E 
 691      717E6951 
 692 00b7 6E7692BE 		.ascii	"nv\222\276[fQ.P:\225A&\245(\263,\265\250X?5\265\240"
 692      5B66512E 
 692      503A9541 
 692      26A528B3 
 692      2CB5A858 
 693 00cf 283F174A 		.ascii	"(?\027J\305g\032%\353%3\000\000\330cM\005"
 693      C5671A25 
 693      EB253300 
 693      00D8634D 
 693      05
 694              		.text
 695              		.section	.gnu.lto_eeprom_driver_erase.285.307f330f9ff98e43,"e",%progbits
 696 0000 789C4D92 		.ascii	"x\234M\222AHTQ\024\206\317\177\317\033\035K\006\332"
 696      41485451 
 696      1486CF7F 
 696      CF1B1D4B 
 696      06DA
 697 0012 888B8841 		.ascii	"\210\213\210Ah\221\240c\352\246U\256l\0274\233\226\241"
 697      6891A063 
 697      EAA655AE 
 697      6C17349B 
 697      96A1
 698 0024 E38B261B 		.ascii	"\343\213&\033\2247c\321\312\253NSM\320\314\230\213\014"
 698      943763D1 
 698      CAAB4E53 
 698      4DD0CC98 
 698      8B0C
 699 0036 9BC25EE0 		.ascii	"\233\302^\340\312\222\260\324\312&5k\027\265l\021e\213"
 699      CA92B0D4 
 699      CA26356B 
 699      17B56C11 
 699      658B
 700 0048 30482408 		.ascii	"0H$\010\312\004;\367\275q\360\361\336\273\347\236s\317"
 700      CA043BF7 
 700      BD71F0F1 
 700      DEBBE79E 
 700      73CF
 701 005a F79F7BEE 		.ascii	"\367\237{\356\215*\242\004\021\245\344C\025a\264\220"
 701      8D2AA204 
 701      11A5E443 
 701      1561B490 
 702 006a 55A4B5EE 		.ascii	"U\244\265\356\250V\030+d\337\2167b\021\336\23416\263"
 702      A856182B 
 702      64DF8E37 
 702      6211DE9C 
 702      3136B3
 703 007d 1BB3D448 		.ascii	"\033\263\324H\341\206\222\310\275\354\364q\353J!\364"
 703      E18692C8 
 703      BDECF471 
 703      EB4A21F4 
 704 008d F5F7292B 		.ascii	"\365\367)+\200\241Bvg\274\001\363~\002hP\261x\007\225"
 704      80A14276 
 704      67BC01F3 
 704      7E026850 
 704      B1780795 
 705 00a1 452859D0 		.ascii	"E(Y\320\326\336?\371\317->\"\213\377<\274s}\031z\252"
 705      D6DE3FF9 
 705      CF2D3E22 
 705      8BFF3CBC 
 705      737D197A 
 706 00b6 0497898A 		.ascii	"\004\227\211\212L\273\317\004c\224]\0064\312\246\202"
 706      4CBBCF04 
 706      63945D06 
 706      34CAA682 
 707 00c6 0E8AC927 		.ascii	"\016\212\311'M\354p^\353\315\233\017N<\326A\227\031"
 707      4DEC705E 
 707      EBCD9B0F 
 707      4E3CD641 
 707      9719
 708 00d8 CF20A978 		.ascii	"\317 \251x\012\314\302$G\347Xv4\007\037\210\012\313"
 708      0ACCC224 
 708      47E75876 
 708      34071F88 
 708      0ACB
 709 00ea AAA0C286 		.ascii	"\252\240\302\206\024\367H%!\335\376\226\015\345\207"
 709      14F74825 
 709      21DDFE96 
 709      0DE587
 710 00f9 0465E185 		.ascii	"\004e\341\205\207z\016,\370\2507\006\365\022$\233\243"
 710      877A0E2C 
 710      F8A83706 
 710      F512249B 
 710      A3
 711 010a E80A8B53 		.ascii	"\350\012\213S\011Y<\217>\006Jz{'\247\365\373\372w\333"
 711      09593C8F 
 711      3E064A7A 
 711      7B27A7F5 
 711      FBFA77DB 
 712 011e DF833520 		.ascii	"\337\2035 \227\003\312,\016z\031\224c\2726\235\013@"
 712      9703CA2C 
 712      0E7A1994 
 712      63BA369D 
 712      0B40
 713 0130 9788F2AC 		.ascii	"\227\210\362\254<{H\354\037\320kwW\2257\026\253h\023"
 713      3C7B48EC 
 713      1FD06B77 
 713      57953716 
 713      AB6813
 714 0143 9930A5A1 		.ascii	"\2310\245\241\\\256*\032~\332tq*\344r\265\021\232\007"
 714      5CAE2A1A 
 714      7EDA7471 
 714      2AE472B5 
 714      119A07
 715 0156 1A4DCD41 		.ascii	"\032M\315A\351\204\3135^\322\214\237<9k\311I\2105|\377"
 715      E984CB35 
 715      5ED28C9F 
 715      3C396BC9 
 715      4988357C 
 716 016b B4089A55 		.ascii	"\264\010\232U\226Wt\236\371\357\207\315-6jl\022\236"
 716      9657749E 
 716      F9EF87CD 
 716      2D366A6C 
 716      129E
 717 017d ACD6D206 		.ascii	"\254\326\322\006\206\267\257b\222\345U{4\367\025eZ\326"
 717      86B7AF62 
 717      92E5557B 
 717      34F71565 
 717      5AD6
 718 018f 3C54D65C 		.ascii	"<T\326\\4\313\360Z\364\366\373z\231\025H\376\310D\346"
 718      34CBF05A 
 718      F4F6FB7A 
 718      991548FE 
 718      C844E6
 719 01a2 67FD2407 		.ascii	"g\375$\007\005`\264j\245\"#\036\026m\361z\272\226`\344"
 719      0560B46A 
 719      A522231E 
 719      166DF17A 
 719      BA9660E4 
 720 01b6 A0451712 		.ascii	"\240E\027\022\351 /\344\027\373\317+v\035\351\365\345"
 720      E9202FE4 
 720      17FBCF2B 
 720      761DE9F5 
 720      E5
 721 01c7 BA3241AE 		.ascii	"\2722A\256\203\177\037\266\240\260\004\265\020\020\016"
 721      837F1FB6 
 721      A0B004B5 
 721      10100E
 722 01d6 7F3A2AA0 		.ascii	"\177:*\240@\245[\033X\372|\300\264a\016\307\032\344"
 722      40A55B1B 
 722      58FA7CC0 
 722      B4610EC7 
 722      1AE4
 723 01e8 B0E91786 		.ascii	"\260\351\027\206\277\274\352\364nI\216Q\3510Qs\344\\"
 723      BFBCEAF4 
 723      6E498E51 
 723      E9305173 
 723      E45C
 724 01fa 5FC28E9C 		.ascii	"_\302\216\234O\246\354K]N*\222\354\033pbv\344r\227\235"
 724      4FA6EC4B 
 724      5D4E2A92 
 724      EC1B7062 
 724      76E47297 
 725 020f E86D4AF6 		.ascii	"\350mJ\366_\210\247\232z\273#\235q'!a\233\016\3668\361"
 725      5F88A79A 
 725      7ABB239D 
 725      71272161 
 725      9B0EF638 
 726 0224 8BB6938C 		.ascii	"\213\266\223\214\330v\277\323\227(\017g\342\255\261"
 726      D876BFD3 
 726      97280F67 
 726      E2ADB1
 727 0233 E61871F7 		.ascii	"\346\030q\367\300\331\272\275\236\346\266XK[{K{+Y]="
 727      C0D9BABD 
 727      9EE6B658 
 727      4B5B7B4B 
 727      7B2B595D 
 728 0248 3DCE7F57 		.ascii	"=\316\177W$\360F"
 728      24F046
 729              		.text
 730              		.section	.gnu.lto_eeprom_read_block.286.307f330f9ff98e43,"e",%progbits
 731 0000 789C7554 		.ascii	"x\234uT_lSU\030?\277{n\357\332n\3556#<\030\036\026\022"
 731      5F6C5355 
 731      183FBF7B 
 731      6EEFDA6E 
 731      ED36233C 
 732 0018 631C6125 		.ascii	"c\034a%\300\213\017&<\015\237Ll\3423\031\335%\326\255"
 732      C08B0F26 
 732      3C0D9F4C 
 732      6CE23319 
 732      DD25D6AD 
 733 002c ACDC1588 		.ascii	"\254\334\025\210O\\\273Yt\250[\001}@\322\220Z\015,F"
 733      4F5CBB59 
 733      74A85B01 
 733      7D40D290 
 733      5A0D2C46 
 734 0040 1D098A0A 		.ascii	"\035\011\212\012\263\2430Q\331\037\300\262\240\"F\215"
 734      B3A33051 
 734      D91FC0B2 
 734      A022468D 
 735 0050 6128A6D1 		.ascii	"a(\246\321\007q\231\251\337w\316m\327E]\272{\316\367"
 735      077199A9 
 735      DF77CE6D 
 735      D7455DBA 
 735      7BCEF7
 736 0063 7DBFDFF7 		.ascii	"}\277\337\367\347w\316\275\257\372\204xY\010\341\320"
 736      E777CEBD 
 736      AFFA8478 
 736      5908E1D0 
 737 0073 3F2C81C3 		.ascii	"?,\201\303\331\021C\270\256\273\255\311\300\321\354"
 737      D91143B8 
 737      AEBBADC9 
 737      C0D1EC
 738 0082 C8C20D03 		.ascii	"\310\302\015\003W\241l\211\243\023\265\230i\014e\017"
 738      57A16C89 
 738      A313B598 
 738      690C650F 
 739 0092 71646EA6 		.ascii	"qdn\246\334i\276\220\015O\234\036_c\372\360|v\244\372"
 739      DC69BE90 
 739      0D4F9C1E 
 739      5F63FAF0 
 739      7C76A4FA 
 740 00a6 C67A4C69 		.ascii	"\306zLi\006\304\001C\222\367\200a\012\024M\030+\017"
 740      06C40143 
 740      92F78061 
 740      0A144D18 
 740      2B0F
 741 00b8 A1FF8EC8 		.ascii	"\241\377\216\310G\011y\377\255c\247JpO\026Q\220B\344"
 741      470979FF 
 741      AD63A74A 
 741      704F1651 
 741      9042E4
 742 00cb A4173C2E 		.ascii	"\244\027<.qX\026$`z;\003\035\264\223O\212G\212\256;"
 742      71581624 
 742      607A3B03 
 742      1DB4934F 
 742      8A478AAE 
 743 00e0 3F79D675 		.ascii	"?y\326u\003\242 %>\004q\360\001p\006\202\035\321_\014"
 743      03A22025 
 743      3E0471F0 
 743      01700682 
 743      1DD15F0C 
 744 00f4 C6C535EE 		.ascii	"\306\3055\356\266\2073\361\321j\234\031\375S\341vk\334"
 744      B68733F1 
 744      D16A9C19 
 744      FD53E176 
 744      6BDC
 745 0106 B287F3E1 		.ascii	"\262\207\363\341\223\3258_tH6tc\324\273ic\266\303\221"
 745      93D5385F 
 745      74483674 
 745      63D4BB69 
 745      63B6C391 
 746 011a 87C75CB7 		.ascii	"\207\307\\\2672\376\346\366\367]\177AZ\370T%\230\004"
 746      32FEE6F6 
 746      F75D7F41 
 746      5AF85425 
 746      9804
 747 012c CE830789 		.ascii	"\316\203\007\211\216JR\266\010=\032\230\225\206\242"
 747      8E4A52B6 
 747      083D1A98 
 747      9586A2
 748 013b 51DDCAE2 		.ascii	"Q\335\312\342d\362\262k\026d\023.\020\015^]\224\210"
 748      64F2B26B 
 748      1664132E 
 748      100D5E5D 
 748      9488
 749 014d 1A3DC4A3 		.ascii	"\032=\304\243[\312\340\320E\305\222\303\232L\312U\356"
 749      5BCAE0D0 
 749      45C592C3 
 749      9A4CCA55 
 749      EE
 750 015e 9ED3643F 		.ascii	"\236\323d?.5\222\247\231\374\272G&\203\230\370\014\321"
 750      2E3592A7 
 750      99FCBA47 
 750      268398F8 
 750      0CD1
 751 0170 D7D82333 		.ascii	"\327\330#3\212\3163W\356\\\333\363DA\006p\271\221\374"
 751      8ACE3357 
 751      EE5CDBF3 
 751      44410670 
 751      B991FC
 752 0183 391D4320 		.ascii	"9\035C \372\207\2545x\252\264G\325\3200\261\002\323"
 752      FA87AC35 
 752      78AAB447 
 752      D5D030B1 
 752      02D3
 753 0195 67A4131D 		.ascii	"g\244\023\035\313\204\307P\023\271\236\352KvE\253\377"
 753      CB84C750 
 753      13B99EEA 
 753      4B7645AB 
 753      FF
 754 01a6 4AB5FA2C 		.ascii	"J\265\372,\010\246SY|\031\312O\341\012\360\005\271\247"
 754      08A65359 
 754      7C19CA4F 
 754      E10AF005 
 754      B9A7
 755 01b8 38D5FFE8 		.ascii	"8\325\377\350$\032u\022z\320Y2gj*\375\207<\242Q\036"
 755      241A7512 
 755      7AD05932 
 755      676A2AFD 
 755      873CA251 
 756 01cd 418479DA 		.ascii	"A\204y\332\317\2612\202\034\222N\210<\224\345\275k\276"
 756      CFB13282 
 756      1C924E88 
 756      3C94E5BD 
 756      6BBE
 757 01df A2BB5C1D 		.ascii	"\242\273\\\035u\335\271\207^*U_\301\203\240k\020\244"
 757      75DDB987 
 757      5E2A555F 
 757      C183A06B 
 757      10A4
 758 01f1 B13E860F 		.ascii	"\261>\206\0178\007\0138\213\000\027\014r\222f\212\372"
 758      38070B38 
 758      8B00170C 
 758      7292668A 
 758      FA
 759 0202 5BE88110 		.ascii	"[\350\201\020=\002a\016\264\322\256\271\215w\355\252"
 759      3D02610E 
 759      B4D2AEB9 
 759      8D77EDAA 
 760 0212 8E1895E2 		.ascii	"\216\030\225\342\305#\327\307\001\267(\304\2304\264"
 760      C523D7C7 
 760      01B728C4 
 760      9834B4
 761 0221 3144C65D 		.ascii	"1D\306]\270?\224\247\015\265\336\260hIw\320\370\303"
 761      B83F94A7 
 761      0DB5DEB0 
 761      684977D0 
 761      F8C3
 762 0233 FC0EDD59 		.ascii	"\374\016\335YW\220-\334\327\024\330\177\242\231\244"
 762      57902DDC 
 762      D714D87F 
 762      A299A4
 763 0242 C94BC9D0 		.ascii	"\311K\311\320\037\257N\004hZ\305\272\3764\215!~Cz\371"
 763      1FAF4E04 
 763      685AC5BA 
 763      FE348D21 
 763      7E437AF9 
 764 0256 E0DF140F 		.ascii	"\340\337\024\017h\010\245\231eK\027X\303K\376\214I/"
 764      6808A599 
 764      654B1758 
 764      C34BFE8C 
 764      492F
 765 0268 AD4AF538 		.ascii	"\255J\3658\317\332)\270\027\371\327\257\357\224\215"
 765      CFDA29B8 
 765      17F9D7AF 
 765      EF948D
 766 0277 7A2F0B36 		.ascii	"z/\0136\245\032\312ef\254\274l\306\206\274\014\352\324"
 766      A51ACA65 
 766      66ACBC6C 
 766      C686BC0C 
 766      EAD4
 767 0289 94AB853C 		.ascii	"\224\253\205<\034<\235\341:!\325\343\375r\266\251\336"
 767      1C3C9DE1 
 767      3A21D5E3 
 767      FD72B6A9 
 767      DE
 768 029a 254134F8 		.ascii	"%A4\370\366\317\241\274l\315\3130\233\225\021x/M\000"
 768      F6CFA1BC 
 768      6CCDCB30 
 768      9B951178 
 768      2F4D00
 769 02ad E26D1693 		.ascii	"\342m\026\223\202!|\005A\030U\363\246\252\271\234\271"
 769      82217C05 
 769      411855F3 
 769      A6AAB99C 
 769      B9
 770 02be 4519DA88 		.ascii	"E\031\332\210\305X?\374+S\264\351)\316K\306\035\317"
 770      C5583FFC 
 770      2B53B4E9 
 770      29CE4BC6 
 770      1DCF
 771 02d0 90A79D1A 		.ascii	"\220\247\235\032\303\006\215\230g[\315bRG\256\351\315"
 771      C3068D98 
 771      675BCD62 
 771      5247AEE9 
 771      CD
 772 02e1 92DE2654 		.ascii	"\222\336&T(H{C\245\011+\025\276Q*,bx\261\264\226\242"
 772      28487B43 
 772      A5092B15 
 772      BE512A2C 
 772      6278B1B4 
 773 02f7 BA98FA26 		.ascii	"\272\230\372&-!L\212\031\271{\333IQ\252*g\357u\023v"
 773      2D214C8A 
 773      19B97BDB 
 773      4951AA2A 
 773      67EF7513 
 774 030c 0941741A 		.ascii	"\011At\032\357\3164Q\031\271\024\242:\276\306\363K\177"
 774      EFCE3451 
 774      19B914A2 
 774      3ABEC6F3 
 774      4B7F
 775 031e BF301DA4 		.ascii	"\2770\035\244\351\371\326\352\206\256\3246\363\265\315"
 775      E9F9D6EA 
 775      86AED436 
 775      F3B5CD
 776 032d 2CB4BA5F 		.ascii	",\264\272_[\242\202\203\035b\030FA\206s\222\312r\375"
 776      5BA28283 
 776      1D621846 
 776      41867392 
 776      CA72FD
 777 0340 104EE823 		.ascii	"\020N\350#?y\021u59\320\012C/?\221lZ\205[tYj'B?_C\302"
 777      3F791175 
 777      3539D00A 
 777      432F3F91 
 777      6C5A855B 
 778 035d F61C1DBD 		.ascii	"\366\034\035\275\300Mr\323\351\001\337R\262\007\010"
 778      C04D72D3 
 778      E901DF52 
 778      B20708
 779 036c 7CE13B50 		.ascii	"|\341;P\312\307\326\323\327I\374N\375V\273\325'vTB\317"
 779      CAC7D6D3 
 779      D749FC4E 
 779      FD56BBD5 
 779      27765442 
 780 0381 912EB2D9 		.ascii	"\221.\262\331\025yf aG\236\035L\331\373{\234Tdp`\257"
 780      15796620 
 780      61479E1D 
 780      4CD9FB7B 
 780      9C546470 
 781 0397 13B323CF 		.ascii	"\023\263#\317\365\330\211\276\215\203\311\376xjc\337"
 781      F5D889BE 
 781      8D83C9FE 
 781      786A63DF 
 782 03a7 CE4877DC 		.ascii	"\316Hw\334IP\330\026\353z\235\370>\333\031\214\330v"
 782      4950D816 
 782      EB7A9DF8 
 782      3EDB198C 
 782      D876
 783 03b9 D2194878 		.ascii	"\322\031Hx\313\216\370\346XWL\310\235{w\255m\364tm\211"
 783      CB8EF8E6 
 783      58574CC8 
 783      9D7B77AD 
 783      6DF4746D 
 784 03ce 6DDAB275 		.ascii	"m\332\262u\323\326\315\302\354\351\355ud\277\275\273"
 784      D3D6CDC2 
 784      ECE9ED75 
 784      64BFBDBB 
 785 03de 35369048 		.ascii	"56\220H\366\333){G\262'\326g\247\220D\334\"\336.\333"
 785      F6DB297B 
 785      47B227D6 
 785      67A79044 
 785      DC22DE2E 
 786 03f3 F90706F5 		.ascii	"\371\007\006\365\364?"
 786      F43F
 787              		.text
 788              		.section	.gnu.lto_eeprom_write_block.287.307f330f9ff98e43,"e",%progbits
 789 0000 789C6D56 		.ascii	"x\234mV]LTG\024\236s\347\356\356\335]\026\024\305\320"
 789      5D4C5447 
 789      149E73E7 
 789      EEEEDD5D 
 789      1614C5D0 
 790 0014 88BA2248 		.ascii	"\210\272\"H\212Q\014\370`\037\032M\232h\323\207>l\322"
 790      8A510CF8 
 790      601F1A4D 
 790      9A68D387 
 790      3E6CD2
 791 0027 F491205C 		.ascii	"\364\221 \\\224*\202\313Z\323\227z\005\204\004\332\262"
 791      942A82CB 
 791      5AD3977A 
 791      058404DA 
 791      B2
 792 0038 5811FF42 		.ascii	"X\021\377B\315\2725\264\017*F+\370CW\021Q\024\020\024"
 792      CDBA35B4 
 792      0F2A462B 
 792      F8435711 
 792      51141014 
 793 004c 29455B23 		.ascii	")E[#\255\025[\314Vkb\010\204\2363swYlM\234\2359\347"
 793      AD155BCC 
 793      566B6208 
 793      849E3373 
 793      77596C4D 
 794 0064 3B7FDF39 		.ascii	";\177\33793\227d\007c\027\030c\343\370\037\342\030\354"
 794      33976407 
 794      63171863 
 794      E3F81FE2 
 794      18EC
 795 0076 ABAF5198 		.ascii	"\253\257Q\230a\030\353m\012\034\332\027\370{dt\003t"
 795      6118EB6D 
 795      0A1CDA17 
 795      F87B6474 
 795      0374
 796 0088 82107068 		.ascii	"\202\020ph\250\257\031\272\257\300\317\362\254BCK\004"
 796      A8AF19BA 
 796      AFC0CFF2 
 796      AC42434B 
 796      04
 797 0099 6C512AEB 		.ascii	"lQ*\353kI\323\3273\230\251\036\361?\206\2263\337'\251"
 797      6B49D3D7 
 797      3398A91E 
 797      F13F8696 
 797      33DF27A9 
 798 00ad 4E68D424 		.ascii	"Nh\324$\300\012\215-\016\261\263)U\004}\000\003\341"
 798      C00A8D2D 
 798      0EB1B329 
 798      55047D00 
 798      03E1
 799 00bf 89B5EA41 		.ascii	"\211\265\352A\204\236\254\333kS5\014wb\251\004\333\225"
 799      849EACDB 
 799      6B53350C 
 799      7762A904 
 799      DB95
 800 00d1 0A82744A 		.ascii	"\012\202tJ\310\341\010\304\001{\352k\376\370N\021\030"
 800      C8E108C4 
 800      017BEA6B 
 800      FEF84E11 
 800      18
 801 00e2 60BB15AE 		.ascii	"`\273\025\256Z\234V\233fw\300n\325\316f\376\331b\366"
 801      5A9C569B 
 801      6677C06E 
 801      D5CE66FE 
 801      D962F6
 802 00f5 16062115 		.ascii	"\026\006!\025\224\231\305\224\177\315\337F?\257\277"
 802      9499C594 
 802      7FCDDF46 
 802      3FAFBF
 803 0104 3D7CB303 		.ascii	"=|\263\003\214\346\020\0049cM\334T\036\345\260\217\007"
 803      8CE61004 
 803      39634DDC 
 803      541EE5B0 
 803      8F07
 804 0116 39806AEE 		.ascii	"9\200j\356\024p\343\216\177\3102B\206q\247\247\3250"
 804      1470E38E 
 804      7FC83242 
 804      8671A7A7 
 804      D530
 805 0128 EC2CC839 		.ascii	"\354,\3109\234\007\264\201\037\000\316\001#\201\347"
 805      9C07B481 
 805      1F00CE01 
 805      2381E7
 806 0137 1110AE48 		.ascii	"\021\020\256H\342\236\2328\025\332f\343T\317_\002\267"
 806      E29E9A38 
 806      15DA66E3 
 806      54CF5F02 
 806      B7
 807 0148 5DE2A64C 		.ascii	"]\342\246L\234\005.\316\306Y<\257Ad\303\275\264\246"
 807      9C052ECE 
 807      C6593CAF 
 807      4164C3BD 
 807      B4A6
 808 015a 23387C7B 		.ascii	"#8|{\264:\336\277G\013r+\\\216E3\3469\252\020\364\363"
 808      B43ADEBF 
 808      470B722B 
 808      5C8E4533 
 808      E639AA10 
 809 0170 08F4F4AD 		.ascii	"\010\364\364\255\212jcN\245;\310m\360\343\033P\277\022"
 809      8A6A634E 
 809      A53BC86D 
 809      F0E31B50 
 809      BF12
 810 0182 ADB11CA2 		.ascii	"\255\261\034\242E\3725rP\015\302\203\037=t\0377\214"
 810      45FA3572 
 810      500DC283 
 810      1F3D741F 
 810      378C
 811 0194 397BD083 		.ascii	"9{\320\203\006\035\302\303U\200+\322C\245bep\015 \004"
 811      061DC2C3 
 811      55802BD2 
 811      43A56265 
 811      700D2004 
 812 01a8 D00E923A 		.ascii	"\320\016\222:\021\276\021\242\361\307\250.7ez\035\215"
 812      11BE11A2 
 812      F1C7A82E 
 812      37657A1D 
 812      8D
 813 01b9 C10C0F5D 		.ascii	"\301\014\017]\350\300SK\324Z\305\201T7\204\025?$\215"
 813      E8C0534B 
 813      D45AC581 
 813      54378415 
 813      3F248D
 814 01cc B133E167 		.ascii	"\2613\341g\227Jo\030j\220\333\341f\254q7\031\0370\215"
 814      974A6F18 
 814      6A90DBE1 
 814      66AC7137 
 814      191F308D 
 815 01e0 F1809670 		.ascii	"\361\200\226p\013<\015$\341Gf\314\037\216\326H\232\354"
 815      0B3C0D24 
 815      E14766CC 
 815      1F8ED648 
 815      9AEC
 816 01f2 70FB8DDA 		.ascii	"p\373\215\332\317\211<\233g\362|\020\341\311\012\275"
 816      CF893C9B 
 816      67F27C10 
 816      E1C90ABD 
 817 0202 6F60BF53 		.ascii	"o`\277Sd\244>\200\036\014\326\011\314\323,\314\317\012"
 817      64A43E80 
 817      1E0CD609 
 817      CCD32CCC 
 817      CF0A
 818 0214 736A5FF8 		.ascii	"sj_\370\351\300\216\367\211\343\376\330<\007p\242l\236"
 818      E9C08EF7 
 818      89E3FED8 
 818      3C0770A2 
 818      6C9E
 819 0226 973CD2B6 		.ascii	"\227<\322\266\233\035;D9\022\306f`r\334\244\243\303"
 819      9B1D3B44 
 819      3912C666 
 819      6072DCA4 
 819      A3C3
 820 0238 55F17EA0 		.ascii	"U\361~\240\271j\213uu\217D\236\351\377\270\342\263\306"
 820      B96A8B75 
 820      758F449E 
 820      E9FFB8E2 
 820      B3C6
 821 024a 0A61D295 		.ascii	"\012a\322\225\025\313o}U\317a\020\340.\312\357\220\257"
 821      15CB6F7D 
 821      55CF6110 
 821      E02ECAEF 
 821      90AF
 822 025c E8F88CB5 		.ascii	"\350\370\214\265KZeOXlO\230,u\010\217\367#\035\371\237"
 822      4B5A654F 
 822      586C4F98 
 822      2C75088F 
 822      F7231DF9 
 823 0271 56B0D856 		.ascii	"V\260\330V04\030\306\375O\324\205h\220?;j]\247\015$"
 823      303418C6 
 823      FD4FD485 
 823      68903F3B 
 823      6A5DA70D 
 824 0286 DF615AE4 		.ascii	"\337aZ\344\300jA\347U\032\232\021\221\024\363\\Q\320"
 824      C06A41E7 
 824      551A9A11 
 824      9114F35C 
 824      51D0
 825 0298 81169D21 		.ascii	"\201\026\235!\3111j\321!&qj\300\0222&\247\353\014\243"
 825      C9316AD1 
 825      2126716A 
 825      C0123226 
 825      A7EB0CA3 
 826 02ac 2FA5A6E3 		.ascii	"/\245\246\343\345~\310\004\274\021N\005\027\340\270"
 826      E57EC804 
 826      BC114E05 
 826      17E0B8
 827 02bb D8545CEC 		.ascii	"\330T\\\354\026\\\342\254\264\263\341\342\322h\241\253"
 827      165CE2AC 
 827      B4B3E1E2 
 827      D268A1AB 
 828 02cb 040E023B 		.ascii	"\004\016\002;\031\\\242W-\004.\206\021\342\031\006H"
 828      195CA257 
 828      2D042E86 
 828      11E21906 
 828      48
 829 02dc A0041201 		.ascii	"\240\004\022\001Za\036\300\005\230O\212$@\\2uy!\201"
 829      5A611EC0 
 829      05984F8A 
 829      24405C32 
 829      75792181 
 830 02f0 5348B688 		.ascii	"SH\266\210l\227\020\330M%.\245\030\251\344y\031\005"
 830      6C9710D8 
 830      4D252EA5 
 830      18A9E479 
 830      1905
 831 0302 4F239ED2 		.ascii	"O#\236\322)\370r\332e\010\026X\035g\247\246'\254`\204"
 831      29F872DA 
 831      65081658 
 831      1D67A7A6 
 831      27AC6084 
 832 0316 18F37345 		.ascii	"\030\363sE\354+p\377\014\214\307\015]\212\370=`\303"
 832      EC2B70FF 
 832      0C8CC70D 
 832      5D8AF83D 
 832      60C3
 833 0328 9FF263EB 		.ascii	"\237\362c\3530N\200'\012\321!T=\207\362\311\352)\024"
 833      304E8027 
 833      0AD12154 
 833      3D87F2C9 
 833      EA2914
 834 033b CD0FF079 		.ascii	"\315\017\360y\204pc\016x\022\200\363]\364l\3719\017"
 834      8470630E 
 834      781280F3 
 834      5DF46CF9 
 834      390F
 835 034d 4F34AF8D 		.ascii	"O4\257\215zl\353\372\002\210\310\347Pq\240\372\241\022"
 835      7A6CEBFA 
 835      0288C8E7 
 835      5071A0FA 
 835      A112
 836 035f E0C901EE 		.ascii	"\340\311\001\356\242\213l\205i&]\364\241\213d\001\276"
 836      A28B6C85 
 836      69265DF4 
 836      A18B6401 
 836      BE
 837 0370 D81547C0 		.ascii	"\330\025G\300\246\252\337m\001y\3351MS[~\354c$\306\240"
 837      A6AADF6D 
 837      0179DD31 
 837      4D535B7E 
 837      EC6324C6 
 838 0385 679D2E0C 		.ascii	"g\235.\014\352\311-Y]\226V/\252\024\026\340\216\000"
 838      EAC92D59 
 838      5D96562F 
 838      AA1416E0 
 838      8E00
 839 0397 77A24EA4 		.ascii	"w\242N\244\212N\342Q\202 \005M\361 \340\3676JC\214|"
 839      8A4EE251 
 839      8220054D 
 839      F120E0F7 
 839      364A438C 
 840 03ac 172AC9DF 		.ascii	"\027*\311\337\323\305A\036O-\226\362c98\225\221@\034"
 840      D3C5411E 
 840      4F2D96F2 
 840      63393895 
 840      91401C
 841 03bf D335038D 		.ascii	"\3235\003\215\366\267\330q\350\204\223\273\037\3414"
 841      F6B7D871 
 841      E88493BB 
 841      1FE134
 842 03ce 991C0DA1 		.ascii	"\231\034\015\241k\227\220\016&\321O\340\234\212\037"
 842      6B97900E 
 842      26D14FE0 
 842      9C8A1F
 843 03dd 19A17C97 		.ascii	"\031\241|\227\306$S\320\242\336\252\271\027fQ^\206t"
 843      C62453D0 
 843      A2DEAAB9 
 843      1766515E 
 843      8674
 844 03ef 59698F35 		.ascii	"Yi\2175\300\227\302\212\000wKv\321W*JHy\246\212\250"
 844      C097C28A 
 844      00774B76 
 844      D1572A4A 
 844      4879A68A 
 845 0404 5E26526C 		.ascii	"^&Rl}\325o\213&\211\020\011\376\365\211+\300\323\003"
 845      7DD56F8B 
 845      26891009 
 845      FEF5892B 
 845      C0D303
 846 0417 3C8D8EE1 		.ascii	"<\215\216\341\232\310\033\211\337\235\0234\207\310\305"
 846      9AC81B89 
 846      DF9D1334 
 846      87C8C5
 847 0426 32180564 		.ascii	"2\030\005d%]\304\034\0261'\253\036\242\207\345hEX;h"
 847      255DC41C 
 847      163127AB 
 847      1EA287E5 
 847      6845583B 
 848 043b 920BAA62 		.ascii	"\222\013\252b\271\254\3422'\334\321*\224d`b\260B\"\206"
 848      B9ACE232 
 848      27DCD12A 
 848      94646062 
 848      B0422286 
 849 044f E92C6AB1 		.ascii	"\351,j\261\\\334;\325\014f-\345\353\231P\271\005\317"
 849      5CDC3BD5 
 849      0C662DE5 
 849      EB9950B9 
 849      05CF
 850 0461 E4264DB0 		.ascii	"\344&M\2600\"X\030\203\312\261\216\005\250\225\301\304"
 850      30225818 
 850      83CAB18E 
 850      05A895C1 
 850      C4
 851 0472 976D02D2 		.ascii	"\227m\002\322\2201\3364\276\021I\304\250j\357\370\006"
 851      9031DE34 
 851      BE1149C4 
 851      A86AEFF8 
 851      06
 852 0483 C44E801B 		.ascii	"\304N\200\0332\371\311\036l[\206:\341\302Au\212Q\002"
 852      32F9C91E 
 852      6C5B863A 
 852      E1C24175 
 852      8A5102
 853 0496 8C68ADDF 		.ascii	"\214h\255\337;\324\305)\"\027\225t}\005\370u\226,\364"
 853      3BD4C529 
 853      22179574 
 853      7D05F875 
 853      962CF4
 854 04a9 BC15E038 		.ascii	"\274\025\3408X\011\2223t\210=\213C\221,b\020\335\251"
 854      58099233 
 854      74883D8B 
 854      43912C62 
 854      10DDA9
 855 04bc 011CA427 		.ascii	"\001\034\244'\002~\260\226\340\226\023f{\221\"N\024"
 855      027EB096 
 855      E0961366 
 855      7B91224E 
 855      14
 856 04cd 4902A76C 		.ascii	"I\002\247l\331(n^Lo\3025t\244b\262\010\226\015\353\312"
 856      D9286E5E 
 856      4C6FC235 
 856      74A462B2 
 856      08960DEB 
 857 04e2 920E3BB1 		.ascii	"\222\016;\261cK0\034\025\344\000s\222F\020\275DpcC\017"
 857      634B301C 
 857      15E40073 
 857      924610BD 
 857      44706343 
 858 04f7 864A9902 		.ascii	"\206J\231\002j\036\015\312\371\247GN\"\007#\233\341"
 858      6A1E0DCA 
 858      F9A7474E 
 858      2207239B 
 858      E1
 859 0508 C8660822 		.ascii	"\310f\010\"4\222\227\0043Z\323L\201SX\220\2254H\346"
 859      34929704 
 859      335AD34C 
 859      81535890 
 859      953448E6 
 860 051c 4847A138 		.ascii	"HG\2418\304K\"\0230\254\265\306%sa\316g\026\314@\233"
 860      C44B2213 
 860      30ACB5C6 
 860      257361CE 
 860      6716CC40 
 861 0531 7501A7A3 		.ascii	"u\001\247\243\027PN\027]\212h{5<\223m\0026&\014\325"
 861      17504E17 
 861      5D8A687B 
 861      353C936D 
 861      0236260C 
 862 0546 6E56094A 		.ascii	"nV\011J\220\317iB\362\230\364yL^\221\346\353\0203~\232"
 862      90CF6942 
 862      F298F479 
 862      4C5E91E6 
 862      EB10337E 
 863 055b B4F90D67 		.ascii	"\264\371\015gl\256\010R\337\035G\277\251r\011C\245\351"
 863      6CAE0852 
 863      DF1D47BF 
 863      A9720943 
 863      A5E9
 864 056d 29B18973 		.ascii	")\261\211s\351i\036d\007\345C!@\217\367;dF\203\3309"
 864      E9691E64 
 864      07E54321 
 864      408FF73B 
 864      644683D8 
 865 0582 BB999268 		.ascii	"\273\231\222h\336B\321<\273\244\206\236\237\205\002"
 865      DE42D13C 
 865      BBA4869E 
 865      9F8502
 866 0591 DFD81D27 		.ascii	"\337\330\035'\263\036G\203\024a\343\232y\201R\344\023"
 866      B31E4783 
 866      1461E39A 
 866      798152E4 
 866      13
 867 05a2 D56D3E1F 		.ascii	"\325m>\037\343(Z$\036\002\323\317%\022\210\366\330\277"
 867      E3285A24 
 867      1E02D3CF 
 867      251288F6 
 867      D8BF
 868 05b4 9938BE2E 		.ascii	"\2318\276.fr\333\315\313\253\210XqbGh\247\371\246}\011"
 868      6672DBCD 
 868      CBAB8858 
 868      71624768 
 868      A7F9A67D 
 869 05c9 F43DA529 		.ascii	"\364=\245)~\017\205T\211E|t\221{t\237\244\2508 \213"
 869      7E0F8554 
 869      89457C74 
 869      917B749F 
 869      A4A83820 
 870 05de B4DEFE7F 		.ascii	"\264\336\376\1774df\0020\365D\245\275mRC+L];\331\337"
 870      34646602 
 870      30F544A5 
 870      BD6D5243 
 870      2B4C5D3B 
 871 05f4 6C170ABC 		.ascii	"l\027\012\274\250\363\225\336\210\"Ek\357?K\012\314"
 871      A8F395DE 
 871      8822456B 
 871      EF3F4B0A 
 871      CC
 872 0605 C8117D81 		.ascii	"\310\021}\201\237\303\325_\346\242\036i~'\025\377\234"
 872      9FC3D55F 
 872      E6A21E69 
 872      7E2715FF 
 872      9C
 873 0616 612F7080 		.ascii	"a/p\200\332>\020\341\3528\010\\y\210N\253\262\266\224"
 873      DA3E10E1 
 873      EA38085C 
 873      79884EAB 
 873      B2B694
 874 0629 14EB599F 		.ascii	"\024\353Y\237\224\371\364]y^_VY\311No\276\236\365Y\236"
 874      94F9F45D 
 874      795E5F56 
 874      59C94E6F 
 874      BE9EF559 
 875 063e 5EBC7565 		.ascii	"^\274ueY\351\266\"\337\312\255\233\2626\024y\213Q\255"
 875      59E9B622 
 875      DFCAAD9B 
 875      B2361479 
 875      8B51AD
 876 0651 B394026F 		.ascii	"\263\224\002o\321\247\272\267,K\327K\275%\305\346On"
 876      D1A7BAB7 
 876      2C4BD74B 
 876      BD25C5E6 
 876      4F6E
 877 0663 5176FEAA 		.ascii	"Qv\376\252|\3067\355,\\\020+Y\225\223\277:g\315\352"
 877      7CC637ED 
 877      2C5C102B 
 877      599593BF 
 877      3A67CDEA 
 878 0677 35D94CCD 		.ascii	"5\331L\315+(\360\362m\372v\247/\317\273Y\367\345\322"
 878      2B28F0F2 
 878      6DFA76A7 
 878      2FCFBB59 
 878      F7E5D2
 879 068a 59F3EA79 		.ascii	"Y\363\352y\005\271h\224\220_R\\\272M\367\351\271\245"
 879      05B96894 
 879      905F525C 
 879      BA4DF7E9 
 879      B9A5
 880 069c 79F95B75 		.ascii	"y\371[u\037\224BQ\334.o\021\012\320d\263o\213\2634o"
 880      1F944251 
 880      DC2E6F11 
 880      0AD064B3 
 880      6F8BB334 
 881 06b1 B39E5B52 		.ascii	"\263\236[RXX\246\373\254hP\250{\377\005F\310\220\360"
 881      5858A6FB 
 881      AC6850A8 
 881      7BFF0546 
 881      C890F0
 882              		.text
 883              		.section	.gnu.lto_.symbol_nodes.307f330f9ff98e43,"e",%progbits
 884 0000 789C75CF 		.ascii	"x\234u\317-\016\302@\020\005\340\2317\335m5\034\200"
 884      2D0EC240 
 884      1005E099 
 884      37DD6D35 
 884      1C80
 885 0012 6B700004 		.ascii	"kp\000\004\347\000\3561\305\325A\202\345\267E\020\004"
 885      E700EE31 
 885      C5D54182 
 885      E5B74510 
 885      04
 886 0023 78743509 		.ascii	"xt5\011\341\012\034\240\226\232\322\355\"\273O\275\344"
 886      E10A1CA0 
 886      969AD2ED 
 886      22BB4FBD 
 886      E4
 887 0034 1B316FCA 		.ascii	"\0331o\312D\204-\224\3226\021\257\237DJ\364H\227L\216"
 887      44842D94 
 887      D23611AF 
 887      9F444AF4 
 887      48974C8E 
 888 0048 5ADC4339 		.ascii	"Z\334C9\333\274\257\334\207\007(\356Mm\373l\007\225"
 888      DBBCAFDC 
 888      870728EE 
 888      4D6DFB6C 
 888      0795
 889 005a ECB6323D 		.ascii	"\354\2662=\306Gh\324\3743\352\016\310}\340\224\013\250"
 889      C64768D4 
 889      FC33EA0E 
 889      C87DE094 
 889      0BA8
 890 006c 09590EB5 		.ascii	"\011Y\016\265!;C\343\220\235\240I\300\204\"\277}\"l"
 890      213B43E3 
 890      909DA049 
 890      C08422BF 
 890      7D226C
 891 007f FDD0CF40 		.ascii	"\375\320\317@\330\370Z\016\005\266\252/c.g\202\330\267"
 891      D8F85A0E 
 891      05B6AA2F 
 891      632E6782 
 891      D8B7
 892 0091 B948D22D 		.ascii	"\271H\322-[\210\340\373\252j\341\334\322\017`\261p\373"
 892      5B88E0FB 
 892      AA6AE1DC 
 892      D20F60B1 
 892      70FB
 893              		.text
 894              		.section	.gnu.lto_.refs.307f330f9ff98e43,"e",%progbits
 895 0000 789C6364 		.ascii	"x\234cd\000\002\000\000\012\000\002"
 895      00020000 
 895      0A0002
 896              		.text
 897              		.section	.gnu.lto_.decls.307f330f9ff98e43,"e",%progbits
 898 0000 789C8D56 		.ascii	"x\234\215Vip\024\307\025\356\327\275\322\256F\253# "
 898      697014C7 
 898      15EED7BD 
 898      D2AE46AB 
 898      2320
 899 0012 8C2BC144 		.ascii	"\214+\301D\241\022KU)X\274PN\374'\245\252T\234\037\256"
 899      A1124B55 
 899      2958BC50 
 899      4EFC27A5 
 899      AA549C1F 
 900 0027 B85C95A4 		.ascii	"\270\\\225\244\022\363g\263\354\014\322\206]\2552;\202"
 900      12F367B3 
 900      EC0CD286 
 900      5DAD323B 
 900      82
 901 0038 383F5283 		.ascii	"8?R\203\220\271\017q\304\200!\262\000\021\260\315\241"
 901      90B90F71 
 901      C48021B2 
 901      0011B0CD 
 901      A1
 902 0049 98186330 		.ascii	"\230\030c0 \004\310:\270\021\030\220\314%P\026I\034"
 902      2004C83A 
 902      B8111890 
 902      CC255016 
 902      491C
 903 005b 02496090 		.ascii	"\002I`\220!\257\273gw\026\264Ie\244\267\335\363\372"
 903      21AFBB67 
 903      7716B449 
 903      65A4B7DD 
 903      F3FA
 904 006d 1DDFF7A6 		.ascii	"\035\337\367\246\257\337e\022\342\246\204<\004B\236"
 904      AFDF6512 
 904      E2A6843C 
 904      04429E
 905 007c E2934608 		.ascii	"\342\223F\0109\205\342D\011\242\354E)F9\200r\004\245"
 905      3985E244 
 905      09A2EC45 
 905      29463980 
 905      7204A5
 906 008f 15A580C8 		.ascii	"\025\245\200\310'\003\345$\3129\224\016\224K(WPzQ\006"
 906      2703E524 
 906      CA39940E 
 906      944B2857 
 906      507A5106 
 907 00a3 50BE45C9 		.ascii	"P\276E\311\0022\354Y\217:\206m\011J6\366OXzj\305\273"
 907      0232EC59 
 907      8F3A866D 
 907      094A36F6 
 907      4F587A6A 
 908 00b9 32DC85EC 		.ascii	"2\334\205\354C\273,\313g\004J\036\312H\324\215\002\211"
 908      43BB2CCB 
 908      67044A1E 
 908      CA48D48D 
 908      0289
 909 00cb EF056C47 		.ascii	"\357\005lG\203\304\353\306\366E\224\366$\254\314\302"
 909      83C4EBC6 
 909      F64594F6 
 909      24ACCCC2 
 910 00db C7F174A4 		.ascii	"\307\361t\244\210\277\015\365#\237\213_\234T\203\357"
 910      88BF0DF5 
 910      239F8B5F 
 910      9C5483EF 
 911 00eb E2F81894 		.ascii	"\342\370\030\224)\330\277\216\3622\312\030\224\227@"
 911      29D8BF8E 
 911      F232CA18 
 911      949740
 912 00fa D6662CC8 		.ascii	"\326f,\310\372\364\243|\037\373=V\\\207U\237\037\202"
 912      FAF4A37C 
 912      1FFB3D56 
 912      5C87559F 
 912      1F82
 913 010c AC496F8A 		.ascii	"\254Io\212\334\237s\036\317\345\016Z\371yn\236\227\347"
 913      DC9F731E 
 913      CFE50E5A 
 913      F9796E9E 
 913      97E7
 914 011e 6C21323F 		.ascii	"l!2?\317\367\266\225\237\343\340\337\344\210\205\201"
 914      CFF7B695 
 914      9FE3E0DF 
 914      E4888581 
 915 012e E7FF1148 		.ascii	"\347\377\021H\336CI\030:\2220|\233\002\303r\006o\003"
 915      DE434918 
 915      3A92307C 
 915      9B02C372 
 915      066F03
 916 0141 9F0039A2 		.ascii	"\237\0009\242G\030%\036S<\0159\004v\311\257X\220\311"
 916      4718251E 
 916      533C0D39 
 916      0476C9AF 
 916      5890C9
 917 0154 7EC62D47 		.ascii	"~\306-G\200\003\177\363 \177-\243\313\357?hJW\352M\363"
 917      80037FF3 
 917      207F2DA3 
 917      CBEF3F68 
 917      4A57EA4D 
 918 0169 AE595F99 		.ascii	"\256Y_\231A`\017\000\362\201\335\200Q>\003\370\024\340"
 918      41600F00 
 918      F281DD80 
 918      513E03F8 
 918      14E0
 919 017b 5F80C663 		.ascii	"_\200\306c\340\251l\010\373\005A\267\243\215\213\233"
 919      E0A96C08 
 919      FB0541B7 
 919      A38D8B9B 
 920 018b 80BBC5CC 		.ascii	"\200\273\305\314\206Y\214\300$\230H`?\240\001:\355\003"
 920      86598CC0 
 920      24984860 
 920      3FA0013A 
 920      ED03
 921 019d F8825BBF 		.ascii	"\370\202[\277\214\210\230h\011\373\225LLE\342\\\214"
 921      8C889868 
 921      09FB954C 
 921      4C45E25C 
 921      8C
 922 01ae F060CE96 		.ascii	"\360`\316\226\352L\036\241\327\254\257H#p\030\340\020"
 922      EA4C1EA1 
 922      D7ACAF48 
 922      237018E0 
 922      10
 923 01bf 266E0034 		.ascii	"&n\0004\307\030\007\001\352A\270\314\002\264\276\330"
 923      C7180701 
 923      EA41B8CC 
 923      02B4BED8 
 924 01cf 3CF4385B 		.ascii	"<\3648[1-\230\250\2258\011|\211>\036h\224\246\025 \302"
 924      312D98A8 
 924      9538097C 
 924      893E1E68 
 924      94A61520 
 925 01e4 57B9D0A3 		.ascii	"W\271\320\243\273\353\340\351\234\021\350Qi\232\177"
 925      BBEBE0E9 
 925      9C11E851 
 925      699A7F
 926 01f3 800300CD 		.ascii	"\200\003\000\315\000M\334\243\005\204\027g\321\337\274"
 926      004DDCA3 
 926      05841767 
 926      D1DFBC
 927 0202 BDC5E516 		.ascii	"\275\305\345\026\344k\032\0348\222\010\333*\015Z\333"
 927      E46B1A1C 
 927      389208DB 
 927      2A0D5ADB 
 928 0212 ABEB326E 		.ascii	"\253\3532n\000\237~\340P\001\340\374\253\370\243\220"
 928      009F7EE0 
 928      5001E0FC 
 928      ABF8A390 
 929 0222 298CE499 		.ascii	")\214\344\231\324\244\331*\243\012S\230\252\234w\344"
 929      D4A4D92A 
 929      A30A5398 
 929      AA9C77E4 
 930 0232 14F6B322 		.ascii	"\024\366\263\"\027-\314Q\\[\016A\256\222\346\2424\346"
 930      172DCC51 
 930      5C5B0E41 
 930      AE92E6A2 
 930      34E6
 931 0244 5495C247 		.ascii	"T\225\302G\260\225\326\244\347\027\231\016u\321\250"
 931      B095D6A4 
 931      E717990E 
 931      75D1A8
 932 0253 98D3A455 		.ascii	"\230\323\244Uo\346M*\302\337\230\263\011T\364z\313\341"
 932      6FE64D2A 
 932      C2DF98B3 
 932      0954F47A 
 932      CBE1
 933 0265 CAC55ECC 		.ascii	"\312\305^\314\251\364\263\232\305\351\3521:\257\000"
 933      A9F4B39A 
 933      C5E9EA31 
 933      3AAF00
 934 0274 B12AAA37 		.ascii	"\261*\2527\017\361\027\271\\c\3076\260\006\306\321\273"
 934      0FF117B9 
 934      5C63C736 
 934      B006C6D1 
 934      BB
 935 0285 5C75DB47 		.ascii	"\\u\333G)1g\016\306(T\363s\325\374\234&HSU%\257\220"
 935      2931670E 
 935      C62854F3 
 935      73D5FC9C 
 935      26485355 
 936 029c 200AD5EB 		.ascii	" \012\325\353-\242\012\206v\270\232\300\313\300\355"
 936      2DA20A86 
 936      76B89AC0 
 936      CBC0ED
 937 02ab 35AFF68C 		.ascii	"5\257\366\214V\322\224\214\261\371\205\204\250\344u"
 937      56D2948C 
 937      B1F98584 
 937      A8E475
 938 02ba 8A81D9D3 		.ascii	"\212\201\331\323\370\003NL\252\332\257\000\205\012\365"
 938      F8034E4C 
 938      AADAAF00 
 938      850AF5
 939 02c9 52F6460C 		.ascii	"R\366F\0147\020J\363\0111\035.\267\033Ll2|o\250oy\025"
 939      37104AF3 
 939      09311D2E 
 939      B71B4C6C 
 939      327C6FA8 
 940 02e0 1273521C 		.ascii	"\022sR\034\312s\200I\301\366T\322\011\300v\206\265\345"
 940      CA738049 
 940      C1F654D2 
 940      09C07686 
 940      B5E5
 941 02f2 7FF81090 		.ascii	"\177\370\020\220=\002\226\220\3444\211qju\010\211k\023"
 941      3D029690 
 941      E4348971 
 941      6A750889 
 941      6B13
 942 0304 0F49B484 		.ascii	"\017I\264\204Z1\370\026\303?\017X-\201x\212\244\340"
 942      5A31F816 
 942      C33F0F58 
 942      2D81788A 
 942      A4E0
 943 0316 C40A47C0 		.ascii	"\304\012G\3002\211\307\261|\345b\210k\342Xx\016aL\343"
 943      3289C7B1 
 943      7CE56288 
 943      6BE25878 
 943      0E614CE3 
 944 032a DAC4330C 		.ascii	"\332\3043\014\3703\217\015\203\307\340\241q\342\254"
 944      F8338F0D 
 944      83C7E0A1 
 944      71E2AC
 945 0339 B8B1B732 		.ascii	"\270\261\2672\243\013\353f^_|\234AvU\021\356a\177\342"
 945      A30BEB66 
 945      5E5F7C9C 
 945      41765511 
 945      EE617FE2 
 946 034d 2373F72E 		.ascii	"#s\367.iUF\233|\336\233yPb\315{\002'0DD\370n\353\\\331"
 946      6955469B 
 946      7CDE9B79 
 946      5062CD7B 
 946      02273044 
 947 0367 91356EF5 		.ascii	"\2215n\365j\363\341\232\226\201\212\261\215\263\315"
 947      6AF3E19A 
 947      96818AB1 
 947      8DB3CD
 948 0376 2D7C1AA0 		.ascii	"-|\032\240\005\034\007\\\033\002\375q4?\006p\024\012"
 948      051C075C 
 948      1B02FD71 
 948      343F0670 
 948      140A
 949 0388 3A193B09 		.ascii	":\031;\011\334o\355\201\3177;\370f\001{\001\"|\221v"
 949      DC6FED81 
 949      CF373BF8 
 949      66017B01 
 949      227C9176 
 950 039c 6DE8C914 		.ascii	"m\350\311\024\212 \234\346\253h\363`eG\206P\024\303"
 950      8A209CE6 
 950      AB68F360 
 950      65478650 
 950      14C3
 951 03ae 19AEA83A 		.ascii	"\031\256\250:\262\343TZ\0120g1z\233\\\002w\256\335\277"
 951      B2E3545A 
 951      0A306731 
 951      7A9B5C02 
 951      77AEDDBF 
 952 03c2 071C4DDD 		.ascii	"\007\034M\335\207\263\347\232\271\025h\354\300q8\225"
 952      87B3E79A 
 952      B91568EC 
 952      C0713895 
 953 03d2 80722A01 		.ascii	"\200r*\001\3452e\327RC\231\273ty+\2632\237\347\231\233"
 953      E53265D7 
 953      524399BB 
 953      74792BB3 
 953      329FE799 
 954 03e7 DAD7EDCA 		.ascii	"\332\327\355\312\260\260]\340\212\375=\0255\316\024"
 954      B0B05DE0 
 954      8AFD3D15 
 954      35CE14
 955 03f6 50DA31FA 		.ascii	"P\3321\372E\011\345\354\337*\253\322\004\224f\033J;"
 955      4509E5EC 
 955      DF2AABD2 
 955      0494661B 
 955      4A3B
 956 0408 C0570928 		.ascii	"\300W\011(_%\240\264\001\033\020P.\357\233\325\235)"
 956      5F25A0B4 
 956      011B1050 
 956      2EEF9BD5 
 956      9D29
 957 041a 9CE6DB4E 		.ascii	"\234\346\333NX\312\257\023N_'\234\26626\237r\247e\355"
 957      58CAAF13 
 957      4E5F279C 
 957      B632369F 
 957      72A765ED 
 958 042e 0B6AB3C7 		.ascii	"\013j\263\307\2556\315\207m\313\367\037r\2563\033(\367"
 958      AD36CD87 
 958      6DCBF71F 
 958      72AE331B 
 958      28F7
 959 0440 B99CF0B9 		.ascii	"\271\234\360\271,\032\266GX\327.\354\357v\012.G$\333"
 959      2C1AB647 
 959      58D72EEC 
 959      EF760A2E 
 959      4724DB
 960 0453 0B7DEF9E 		.ascii	"\013}\357\236\311\216+\256qv\375\207kk3\355\235\346"
 960      C98E2BAE 
 960      7176FD87 
 960      6B6B33ED 
 960      9DE6
 961 0465 80BDD35C 		.ascii	"\200\275\323\\\227\334j>\233\273PV\354:@'w\331x\366"
 961      97DC6A3E 
 961      9BBB5056 
 961      EC3A4027 
 961      77D978F6 
 962 0479 93014568 		.ascii	"\223\001Eh\320\372\006\337\331^\304\231([\323\374+k"
 962      D0FA06DF 
 962      D95EC499 
 962      285BD3FC 
 962      2B6B
 963 048b 14B9ABEB 		.ascii	"\024\271\253\353\227\355U\024\363\371m\364&\240\025"
 963      97ED5514 
 963      F3F96DF4 
 963      26A015
 964 049a 6EA33180 		.ascii	"n\2431\200\177\363`\263\372\3726g'\252\333\015\211\362"
 964      7FF360B3 
 964      FAFA3667 
 964      27AADB0D 
 964      89F2
 965 04ac F6A07197 		.ascii	"\366\240q\227\2040p\355to:'\315\313[\237Kq\014\256&"
 965      843070ED 
 965      746F3A27 
 965      CDCB5B9F 
 965      4B710CAE 
 966 04c1 185F958C 		.ascii	"\030_\225\214\317\374\037\214o\363\214\235Kvt\346\210"
 966      CFFC1F8C 
 966      6FF38C9D 
 966      4B7674E6 
 966      88
 967 04d2 13A2FEBF 		.ascii	"\023\242\376\277\234\020\374\343,9\374\221b\227\345"
 967      9C10FCE3 
 967      2C39FC91 
 967      6297E5
 968 04e1 AE5D963E 		.ascii	"\256]\226>k\366\275\327^\223.\342\366\001\334\341.\377"
 968      6BF6BDD7 
 968      5E932EE2 
 968      F601DCE1 
 968      2EFF
 969 04f3 ACDB7320 		.ascii	"\254\333s -^\226{\"S\354FsV*n\375\310\355\276\214\263"
 969      2D5E967B 
 969      2253EC46 
 969      73562A6E 
 969      FDC8EDBE 
 970 0509 A571DF3C 		.ascii	"\245q\337<*\2705In\375\000\267\022\334nInW(?\244\012"
 970      2AB83549 
 970      6EFD00B7 
 970      12DC6E49 
 970      6E57283F 
 971 051f 12E76801 		.ascii	"\022\347h\001n\374=\202\357\361\246\372\301\354\341"
 971      6EFC3D82 
 971      EFF1A6FA 
 971      C1ECE1
 972 052e A7E43780 		.ascii	"\247\3447\2006H\347!\300\003\216\344\314\216\301\013"
 972      3648E721 
 972      C0038EE4 
 972      CC8EC10B 
 973 053e 2E81ED91 		.ascii	".\201\355\221,\313\345\366\3765\231)&\365\020:?\226"
 973      2CCBE5F6 
 973      FE359929 
 973      26F5103A 
 973      3F96
 974 0550 C836B62D 		.ascii	"\3106\266-ms\210\251vo\325\274\371\351b\252\015\001"
 974      6D7388A9 
 974      766FD5BC 
 974      F9E962AA 
 974      0D01
 975 0562 0C26C00D 		.ascii	"\014&\300\015Jp\033\030a\0372\356Q\267\266\253\205\027"
 975      4A701B18 
 975      611F32EE 
 975      51B7B6AB 
 975      8517
 976 0574 1F8F64D4 		.ascii	"\037\217d\324o\027\272\015\233\252O\363\345\004\263"
 976      6F17BA0D 
 976      9BAA4FF3 
 976      E504B3
 977 0583 28C18D39 		.ascii	"(\301\2159\325\022lko=!\025S`6\267\030\212\275\267!"
 977      D5126C6B 
 977      6F3D2115 
 977      536036B7 
 977      188ABDB7 
 978 0598 CD5A9395 		.ascii	"\315Z\223\225\\qn\366\242\301\354\037\354b\202\362\276"
 978      5C716EF6 
 978      A2C1EC1F 
 978      EC6282F2 
 978      BE
 979 05a9 3537774A 		.ascii	"57wJ\3639\224\260\335\"K\337\007\367\377\301\277\006"
 979      F33994B0 
 979      DD224BDF 
 979      07F7FFC1 
 979      BF06
 980 05bb CCA33017 		.ascii	"\314\2430\027\265\365B\373\361\252\332\223\002\317\002"
 980      B5F542FB 
 980      F1AADA93 
 980      02CF02
 981 05ca CC3D9F07 		.ascii	"\314=\237\007\232\263\352\\\205\275\307\025K\332\260"
 981      9AB3EA5C 
 981      85BDC715 
 981      4BDAB0
 982 05d9 108717A1 		.ascii	"\020\207\027\241\274K\005\361\356\216\247-\270\261\314"
 982      BC4B05F1 
 982      EE8EA72D 
 982      B8B1CC
 983 05e8 331FD65D 		.ascii	"3\037\326]j\366\"\357\012\323\335\311\320\002\236H\356"
 983      6AF622EF 
 983      0AD3DDC9 
 983      D0029E48 
 983      EE
 984 05f9 5081C64F 		.ascii	"P\201\306O\342;jKG\335\343\244\263\372\204=U\226P\""
 984      E23B6A4B 
 984      47DDE3A4 
 984      B3FA843D 
 984      55965022 
 985 060d 2F174FB9 		.ascii	"/\027O\271\335\375\212\243\027\334\251n\012U\224\337"
 985      DDFD8AA3 
 985      17DCA96E 
 985      0A5594DF 
 986 061d 14965261 		.ascii	"\024\226Raj\312\233\202\311o\012\353W\036[\301\222o"
 986      6ACA9B82 
 986      C96F0AEB 
 986      571E5BC1 
 986      926F
 987 062f 0ACB292C 		.ascii	"\012\313),\303\230\260\202\012/\302\272\004\317\336"
 987      C398B082 
 987      0A2FC2BA 
 987      04CFDE
 988 063e 23378F66 		.ascii	"#7\217f\015\237\004+\351\263\223`\347\223\217zsl\240"
 988      0D9F042B 
 988      E9B39360 
 988      E7938F7A 
 988      736CA0
 989 0651 C8278EE0 		.ascii	"\310'\216\340=I|\317\202\025\037\273m\203\025\266\301"
 989      3D497CCF 
 989      82151FBB 
 989      6D8315B6 
 989      C1
 990 0662 2A6970E7 		.ascii	"*ip\347\366\325\007N\333\240\335\246\272Z\032|z{\250"
 990      F6D5074E 
 990      DBA0DDA6 
 990      BA5A1A7C 
 990      7A7BA8
 991 0675 2E2D15C7 		.ascii	".-\025\3075\202\343D4\331\272\273\343\023G2\251\370"
 991      3582E344 
 991      34D9BABB 
 991      E3134732 
 991      A9F8
 992 0687 D47B9F0A 		.ascii	"\324{\237\0123\302\356\010R\233\277\270;\3379\234\324"
 992      33C2EE08 
 992      529BBFB8 
 992      3BDF399C 
 992      D4
 993 0698 5A9A74FF 		.ascii	"Z\232t\377\343\367\257s\333\326%Az\337\306\374w\011"
 993      E3F7AF73 
 993      DBD62541 
 993      7ADFC6FC 
 993      7709
 994 06aa 69E79E27 		.ascii	"i\347\236'\217\222X\367\333\230\253\245A\337\361\201"
 994      8F9258F7 
 994      DB98ABA5 
 994      41DFF181 
 995 06ba CD494BBD 		.ascii	"\315IK\275\3076\370\200\243\371F\240\271xwG\025X\247"
 995      C736F880 
 995      A3F946A0 
 995      B9787747 
 995      1558A7
 996 06cd 029FB35D 		.ascii	"\002\237\263]\233\252\327@|W\\\317\247V\367\326\306"
 996      9BAAD740 
 996      7C575CCF 
 996      A756F7D6 
 996      C6
 997 06de 2F531D13 		.ascii	"/S\035\023\033\221\326\006\0144\256\012\317\315s\013"
 997      1B91D606 
 997      0C34AE0A 
 997      CFCD730B 
 998 06ee 63BF5F87 		.ascii	"c\277_\207\373\241i\036t\340\010\324P\271\230\240\226"
 998      FBA1691E 
 998      74E008D4 
 998      50B998A0 
 998      96
 999 06ff F7E3BB7D 		.ascii	"\367\343\273}\017\343+\373\320\245[\314\2065d\303\332"
 999      0FE32BFB 
 999      D0A55BCC 
 999      863564C3 
 999      DA
 1000 0710 C42F02DF 		.ascii	"\304/\002\337S\365\340\014M\217z4\255L\217\204\255\306"
 1000      53F5E00C 
 1000      4D8F7A34 
 1000      AD4C8F84 
 1000      ADC6
 1001 0722 17F40626 		.ascii	"\027\364\006&\004\\\277|\363\267\371?\177\3555\362B"
 1001      045CBF7C 
 1001      F3B7F93F 
 1001      7FED35F2 
 1001      42
 1002 0733 B276C2A4 		.ascii	"\262v\302\244\300\304I\223'N\366\222\364h\360/\232\317"
 1002      C0C44993 
 1002      274EF692 
 1002      F468F02F 
 1002      9ACF
 1003 0745 7096074B 		.ascii	"p\226\007K\215\237\372\014\027o_y\325g\320\311\304\355"
 1003      8D9FFA0C 
 1003      176F5F79 
 1003      D567D0C9 
 1003      C4ED
 1004 0757 D7C3337E 		.ascii	"\327\3033~\242\215\017\377xZ\031Q\002\021\335\320\376"
 1004      A28D0FFF 
 1004      785A1951 
 1004      0211DDD0 
 1004      FE
 1005 0768 3C3E3C99 		.ascii	"<><\231\214\260\"\311\254\276`i\320\230\340)\211\204"
 1005      8CB022C9 
 1005      ACBE6069 
 1005      D098E029 
 1005      8984
 1006 077a 35CF1FA3 		.ascii	"5\317\037\243\2066\323\257\033\236h\244\\\017h\236w"
 1006      8636D3AF 
 1006      1B9E68A4 
 1006      5C0F689E 
 1006      77
 1007 078b FC5A78FA 		.ascii	"\374Zx\372\370hY(h\214\237>\325\363zP\017\343\260F\306"
 1007      F8685928 
 1007      688C9F3E 
 1007      D5F37A50 
 1007      0FE3B046 
 1008 07a0 FC0FC0E4 		.ascii	"\374\017\300\344;\326\233\256\371U\337\324P$0=\236p"
 1008      3BD69BAE 
 1008      F955DFD4 
 1008      5024303D 
 1008      9E70
 1009 07b2 A61E3434 		.ascii	"\246\03644\251\032\371,\006M\367G5\027\372\0134\005"
 1009      A91AF92C 
 1009      064DF747 
 1009      3517FA0B 
 1009      3405
 1010 07c4 6521BF31 		.ascii	"e!\2771-\242\207\243\236@Ip"
 1010      2DA287A3 
 1010      9E404970 
 1011 07d0 6A3012F5 		.ascii	"j0\022\365\304\023r\223\260\037a\352\023JH&\177\323"
 1011      C4137293 
 1011      B01F61EA 
 1011      134A4826 
 1011      7FD3
 1012 07e2 B5808663 		.ascii	"\265\200\206cn\336\217\032~\243<\3523\304\213\241\373"
 1012      6EDE8F1A 
 1012      7EA33CEA 
 1012      33C48BA1 
 1012      FB
 1013 07f3 4BA3E1A0 		.ascii	"K\243\341\240\241\004J~S\242\376:\204\031\263\242\357"
 1013      A1044A7E 
 1013      53A2FE3A 
 1013      8419B3A2 
 1013      EF
 1014 0804 44B13E9A 		.ascii	"D\261>\232>\303\037\362\031\205\023<\241\340\324D\012"
 1014      3EC31FF2 
 1014      1985133C 
 1014      A1E0D444 
 1014      0A
 1015 0815 FC47E6C1 		.ascii	"\374G\346\301\322@\250\\\325Pk\224p\006Q\314\223\036"
 1015      D240A85C 
 1015      D5506B94 
 1015      700651CC 
 1015      931E
 1016 0827 D6C251CD 		.ascii	"\326\302Q\315p\2044\3774gi\004\007\"3\341\025\347\264"
 1016      708434FF 
 1016      34676904 
 1016      072233E1 
 1016      15E7B4
 1017 083a D2FC6899 		.ascii	"\322\374h\231\026@Miiy(\364\222\247<\252'\374K\265\231"
 1017      16404D69 
 1017      697928F4 
 1017      92A73CAA 
 1017      27FC4BB5 
 1018 084f 3C78D4D0 		.ascii	"<x\324\320\203\245\305\030C|\230I^\237\221\301;e\206"
 1018      83A5C518 
 1018      437C9849 
 1018      5E9F91C1 
 1018      3B6586
 1019 0862 EE33464E 		.ascii	"\3563FN\013\206\020\206_/\326\014\237_Uu-\032\375\017"
 1019      0B861086 
 1019      5F2FD60C 
 1019      9F5F5575 
 1019      2D1AFD0F 
 1020 0876 E4AB358C 		.ascii	"\344\2535\214"
 1021              		.text
 1022              		.section	.gnu.lto_.symtab.307f330f9ff98e43,"e",%progbits
 1023 0000 65657072 		.ascii	"eeprom_driver_init\000"
 1023      6F6D5F64 
 1023      72697665 
 1023      725F696E 
 1023      697400
 1024 0013 00       		.ascii	"\000"
 1025 0014 00       		.ascii	"\000"
 1026 0015 00       		.ascii	"\000"
 1027 0016 00000000 		.ascii	"\000\000\000\000\000\000\000\000"
 1027      00000000 
 1028 001e D0000000 		.ascii	"\320\000\000\000"
 1029 0022 65657072 		.ascii	"eeprom_read_block\000"
 1029      6F6D5F72 
 1029      6561645F 
 1029      626C6F63 
 1029      6B00
 1030 0034 00       		.ascii	"\000"
 1031 0035 00       		.ascii	"\000"
 1032 0036 00       		.ascii	"\000"
 1033 0037 00000000 		.ascii	"\000\000\000\000\000\000\000\000"
 1033      00000000 
 1034 003f D6000000 		.ascii	"\326\000\000\000"
 1035 0043 65657072 		.ascii	"eeprom_write_block\000"
 1035      6F6D5F77 
 1035      72697465 
 1035      5F626C6F 
 1035      636B00
 1036 0056 00       		.ascii	"\000"
 1037 0057 00       		.ascii	"\000"
 1038 0058 00       		.ascii	"\000"
 1039 0059 00000000 		.ascii	"\000\000\000\000\000\000\000\000"
 1039      00000000 
 1040 0061 DC000000 		.ascii	"\334\000\000\000"
 1041 0065 65657072 		.ascii	"eeprom_driver_erase\000"
 1041      6F6D5F64 
 1041      72697665 
 1041      725F6572 
 1041      61736500 
 1042 0079 00       		.ascii	"\000"
 1043 007a 00       		.ascii	"\000"
 1044 007b 00       		.ascii	"\000"
 1045 007c 00000000 		.ascii	"\000\000\000\000\000\000\000\000"
 1045      00000000 
 1046 0084 DE000000 		.ascii	"\336\000\000\000"
 1047 0088 6932635F 		.ascii	"i2c_init\000"
 1047      696E6974 
 1047      00
 1048 0091 00       		.ascii	"\000"
 1049 0092 02       		.ascii	"\002"
 1050 0093 00       		.ascii	"\000"
 1051 0094 00000000 		.ascii	"\000\000\000\000\000\000\000\000"
 1051      00000000 
 1052 009c E0000000 		.ascii	"\340\000\000\000"
 1053 00a0 6932635F 		.ascii	"i2c_receive\000"
 1053      72656365 
 1053      69766500 
 1054 00ac 00       		.ascii	"\000"
 1055 00ad 02       		.ascii	"\002"
 1056 00ae 00       		.ascii	"\000"
 1057 00af 00000000 		.ascii	"\000\000\000\000\000\000\000\000"
 1057      00000000 
 1058 00b7 EC000000 		.ascii	"\354\000\000\000"
 1059 00bb 6932635F 		.ascii	"i2c_transmit\000"
 1059      7472616E 
 1059      736D6974 
 1059      00
 1060 00c8 00       		.ascii	"\000"
 1061 00c9 02       		.ascii	"\002"
 1062 00ca 00       		.ascii	"\000"
 1063 00cb 00000000 		.ascii	"\000\000\000\000\000\000\000\000"
 1063      00000000 
 1064 00d3 F5000000 		.ascii	"\365\000\000\000"
 1065 00d7 63685468 		.ascii	"chThdSleep\000"
 1065      64536C65 
 1065      657000
 1066 00e2 00       		.ascii	"\000"
 1067 00e3 02       		.ascii	"\002"
 1068 00e4 00       		.ascii	"\000"
 1069 00e5 00000000 		.ascii	"\000\000\000\000\000\000\000\000"
 1069      00000000 
 1070 00ed FD000000 		.ascii	"\375\000\000\000"
 1071              		.text
 1072              		.section	.gnu.lto_.ext_symtab.307f330f9ff98e43,"e",%progbits
 1073 0000 01       		.ascii	"\001"
 1074 0001 01       		.ascii	"\001"
 1075 0002 00       		.ascii	"\000"
 1076 0003 01       		.ascii	"\001"
 1077 0004 00       		.ascii	"\000"
 1078 0005 01       		.ascii	"\001"
 1079 0006 00       		.ascii	"\000"
 1080 0007 01       		.ascii	"\001"
 1081 0008 00       		.ascii	"\000"
 1082 0009 01       		.ascii	"\001"
 1083 000a 00       		.ascii	"\000"
 1084 000b 01       		.ascii	"\001"
 1085 000c 00       		.ascii	"\000"
 1086 000d 01       		.ascii	"\001"
 1087 000e 00       		.ascii	"\000"
 1088 000f 01       		.ascii	"\001"
 1089 0010 00       		.ascii	"\000"
 1090              		.text
 1091              		.section	.gnu.lto_.opts,"e",%progbits
 1092 0000 272D666E 		.ascii	"'-fno-openmp' '-fno-openacc' '-fno-pie' '-fcf-prote"
 1092      6F2D6F70 
 1092      656E6D70 
 1092      2720272D 
 1092      666E6F2D 
 1093 0033 6374696F 		.ascii	"ction=none' '-g' '-mcpu=cortex-m4' '-mthumb' '-mno-"
 1093      6E3D6E6F 
 1093      6E652720 
 1093      272D6727 
 1093      20272D6D 
 1094 0066 7468756D 		.ascii	"thumb-interwork' '-mno-unaligned-access' '-mfloat-a"
 1094      622D696E 
 1094      74657277 
 1094      6F726B27 
 1094      20272D6D 
 1095 0099 62693D68 		.ascii	"bi=hard' '-mfpu=fpv4-sp-d16' '-mlibarch=armv7e-m+fp"
 1095      61726427 
 1095      20272D6D 
 1095      6670753D 
 1095      66707634 
 1096 00cc 2720272D 		.ascii	"' '-march=armv7e-m+fp' '-Os' '-Ofast' '-fsingle-pre"
 1096      6D617263 
 1096      683D6172 
 1096      6D763765 
 1096      2D6D2B66 
 1097 00ff 63697369 		.ascii	"cision-constant' '-fomit-frame-pointer' '-ffunction"
 1097      6F6E2D63 
 1097      6F6E7374 
 1097      616E7427 
 1097      20272D66 
 1098 0132 2D736563 		.ascii	"-sections' '-fdata-sections' '-fshort-wchar' '-fcom"
 1098      74696F6E 
 1098      73272027 
 1098      2D666461 
 1098      74612D73 
 1099 0165 6D6F6E27 		.ascii	"mon' '-flto' '-Xassembler' '-adhlns=.build/obj_karl"
 1099      20272D66 
 1099      6C746F27 
 1099      20272D58 
 1099      61737365 
 1100 0198 6B39305F 		.ascii	"k90_yaemk_moonlanderlike/eeprom_i2c.lst'\000"
 1100      7961656D 
 1100      6B5F6D6F 
 1100      6F6E6C61 
 1100      6E646572 
 1101              		.text
 1102              		.comm	__gnu_lto_slim,1,1
 1103              		.ident	"GCC: (15:10.3-2021.07-4) 10.3.1 20210621 (release)"
DEFINED SYMBOLS
                            *ABS*:0000000000000000 eeprom_i2c.c
     /tmp/ccxibA1W.s:20     .gnu.debuglto_.debug_info:0000000000000000 eeprom_i2c.c.3c034042
                            *COM*:0000000000000001 __gnu_lto_slim

NO UNDEFINED SYMBOLS
