   1              		.cpu cortex-m4
   2              		.eabi_attribute 27, 1
   3              		.eabi_attribute 28, 1
   4              		.eabi_attribute 23, 1
   5              		.eabi_attribute 24, 1
   6              		.eabi_attribute 25, 1
   7              		.eabi_attribute 26, 1
   8              		.eabi_attribute 30, 2
   9              		.eabi_attribute 34, 0
  10              		.eabi_attribute 18, 2
  11              		.file	"led_config.c"
  12              		.file 1 "quantum/rgb_matrix/rgb_matrix_types.h"
  13              		.file 2 "/usr/lib/gcc/arm-none-eabi/10.3.1/include/stdint.h"
  14              		.file 3 "quantum/sequencer/sequencer.h"
  15              		.file 4 "quantum/rgb_matrix/rgb_matrix.h"
  16              		.file 5 "keyboards/karlk90/yaemk/led_config.c"
  17              		.section	.gnu.debuglto_.debug_info,"e",%progbits
  18              	.Ldebug_info0:
  19              		.hidden	led_config.c.f700350a
  20              		.weak	led_config.c.f700350a
  21              	led_config.c.f700350a:
  22 0000 79010000 		.4byte	0x179
  23 0004 0400     		.2byte	0x4
  24 0006 00000000 		.4byte	.Ldebug_abbrev0
  25 000a 04       		.byte	0x4
  26 000b 01       		.uleb128 0x1
  27 000c 2A010000 		.4byte	.LASF27
  28 0010 0C       		.byte	0xc
  29 0011 53020000 		.4byte	.LASF28
  30 0015 9A000000 		.4byte	.LASF29
  31 0019 00000000 		.4byte	.Ldebug_line0
  32 001d 02       		.uleb128 0x2
  33 001e 04       		.byte	0x4
  34 001f 05       		.byte	0x5
  35 0020 696E7400 		.ascii	"int\000"
  36 0024 03       		.uleb128 0x3
  37 0025 04       		.byte	0x4
  38 0026 07       		.byte	0x7
  39 0027 2D000000 		.4byte	.LASF0
  40 002b 03       		.uleb128 0x3
  41 002c 02       		.byte	0x2
  42 002d 07       		.byte	0x7
  43 002e 6B000000 		.4byte	.LASF1
  44 0032 03       		.uleb128 0x3
  45 0033 01       		.byte	0x1
  46 0034 06       		.byte	0x6
  47 0035 47000000 		.4byte	.LASF2
  48 0039 03       		.uleb128 0x3
  49 003a 02       		.byte	0x2
  50 003b 05       		.byte	0x5
  51 003c 78020000 		.4byte	.LASF3
  52 0040 03       		.uleb128 0x3
  53 0041 04       		.byte	0x4
  54 0042 05       		.byte	0x5
  55 0043 82020000 		.4byte	.LASF4
  56 0047 03       		.uleb128 0x3
  57 0048 08       		.byte	0x8
  58 0049 05       		.byte	0x5
  59 004a F5000000 		.4byte	.LASF5
  60 004e 04       		.uleb128 0x4
  61 004f 18010000 		.4byte	.LASF21
  62 0053 02       		.byte	0x2
  63 0054 2E       		.byte	0x2e
  64 0055 18       		.byte	0x18
  65 0056 5A000000 		.4byte	0x5a
  66 005a 03       		.uleb128 0x3
  67 005b 01       		.byte	0x1
  68 005c 08       		.byte	0x8
  69 005d 53000000 		.4byte	.LASF6
  70 0061 03       		.uleb128 0x3
  71 0062 04       		.byte	0x4
  72 0063 07       		.byte	0x7
  73 0064 88000000 		.4byte	.LASF7
  74 0068 03       		.uleb128 0x3
  75 0069 08       		.byte	0x8
  76 006a 07       		.byte	0x7
  77 006b A6020000 		.4byte	.LASF8
  78 006f 03       		.uleb128 0x3
  79 0070 01       		.byte	0x1
  80 0071 08       		.byte	0x8
  81 0072 13010000 		.4byte	.LASF9
  82 0076 03       		.uleb128 0x3
  83 0077 01       		.byte	0x1
  84 0078 02       		.byte	0x2
  85 0079 A0020000 		.4byte	.LASF10
  86 007d 05       		.uleb128 0x5
  87 007e 07       		.byte	0x7
  88 007f 01       		.byte	0x1
  89 0080 5A000000 		.4byte	0x5a
  90 0084 03       		.byte	0x3
  91 0085 2D       		.byte	0x2d
  92 0086 0E       		.byte	0xe
  93 0087 C8000000 		.4byte	0xc8
  94 008b 06       		.uleb128 0x6
  95 008c 00000000 		.4byte	.LASF11
  96 0090 00       		.byte	0
  97 0091 06       		.uleb128 0x6
  98 0092 61000000 		.4byte	.LASF12
  99 0096 01       		.byte	0x1
 100 0097 06       		.uleb128 0x6
 101 0098 8B020000 		.4byte	.LASF13
 102 009c 02       		.byte	0x2
 103 009d 06       		.uleb128 0x6
 104 009e 7E000000 		.4byte	.LASF14
 105 00a2 03       		.byte	0x3
 106 00a3 06       		.uleb128 0x6
 107 00a4 13000000 		.4byte	.LASF15
 108 00a8 04       		.byte	0x4
 109 00a9 06       		.uleb128 0x6
 110 00aa EB000000 		.4byte	.LASF16
 111 00ae 05       		.byte	0x5
 112 00af 06       		.uleb128 0x6
 113 00b0 09010000 		.4byte	.LASF17
 114 00b4 06       		.byte	0x6
 115 00b5 06       		.uleb128 0x6
 116 00b6 1C000000 		.4byte	.LASF18
 117 00ba 07       		.byte	0x7
 118 00bb 06       		.uleb128 0x6
 119 00bc 20010000 		.4byte	.LASF19
 120 00c0 08       		.byte	0x8
 121 00c1 06       		.uleb128 0x6
 122 00c2 D5000000 		.4byte	.LASF20
 123 00c6 09       		.byte	0x9
 124 00c7 00       		.byte	0
 125 00c8 07       		.uleb128 0x7
 126 00c9 02       		.byte	0x2
 127 00ca 01       		.byte	0x1
 128 00cb 3E       		.byte	0x3e
 129 00cc 09       		.byte	0x9
 130 00cd E8000000 		.4byte	0xe8
 131 00d1 08       		.uleb128 0x8
 132 00d2 7800     		.ascii	"x\000"
 133 00d4 01       		.byte	0x1
 134 00d5 3F       		.byte	0x3f
 135 00d6 0D       		.byte	0xd
 136 00d7 4E000000 		.4byte	0x4e
 137 00db 00       		.byte	0
 138 00dc 08       		.uleb128 0x8
 139 00dd 7900     		.ascii	"y\000"
 140 00df 01       		.byte	0x1
 141 00e0 40       		.byte	0x40
 142 00e1 0D       		.byte	0xd
 143 00e2 4E000000 		.4byte	0x4e
 144 00e6 01       		.byte	0x1
 145 00e7 00       		.byte	0
 146 00e8 04       		.uleb128 0x4
 147 00e9 94020000 		.4byte	.LASF22
 148 00ed 01       		.byte	0x1
 149 00ee 41       		.byte	0x41
 150 00ef 03       		.byte	0x3
 151 00f0 C8000000 		.4byte	0xc8
 152 00f4 09       		.uleb128 0x9
 153 00f5 4001     		.2byte	0x140
 154 00f7 01       		.byte	0x1
 155 00f8 4F       		.byte	0x4f
 156 00f9 09       		.byte	0x9
 157 00fa 26010000 		.4byte	0x126
 158 00fe 0A       		.uleb128 0xa
 159 00ff 09000000 		.4byte	.LASF23
 160 0103 01       		.byte	0x1
 161 0104 50       		.byte	0x50
 162 0105 11       		.byte	0x11
 163 0106 26010000 		.4byte	0x126
 164 010a 00       		.byte	0
 165 010b 0A       		.uleb128 0xa
 166 010c 27000000 		.4byte	.LASF24
 167 0110 01       		.byte	0x1
 168 0111 51       		.byte	0x51
 169 0112 11       		.byte	0x11
 170 0113 3C010000 		.4byte	0x13c
 171 0117 50       		.byte	0x50
 172 0118 0A       		.uleb128 0xa
 173 0119 03010000 		.4byte	.LASF25
 174 011d 01       		.byte	0x1
 175 011e 52       		.byte	0x52
 176 011f 11       		.byte	0x11
 177 0120 4C010000 		.4byte	0x14c
 178 0124 F0       		.byte	0xf0
 179 0125 00       		.byte	0
 180 0126 0B       		.uleb128 0xb
 181 0127 4E000000 		.4byte	0x4e
 182 012b 3C010000 		.4byte	0x13c
 183 012f 0C       		.uleb128 0xc
 184 0130 24000000 		.4byte	0x24
 185 0134 09       		.byte	0x9
 186 0135 0C       		.uleb128 0xc
 187 0136 24000000 		.4byte	0x24
 188 013a 07       		.byte	0x7
 189 013b 00       		.byte	0
 190 013c 0B       		.uleb128 0xb
 191 013d E8000000 		.4byte	0xe8
 192 0141 4C010000 		.4byte	0x14c
 193 0145 0C       		.uleb128 0xc
 194 0146 24000000 		.4byte	0x24
 195 014a 4F       		.byte	0x4f
 196 014b 00       		.byte	0
 197 014c 0B       		.uleb128 0xb
 198 014d 4E000000 		.4byte	0x4e
 199 0151 5C010000 		.4byte	0x15c
 200 0155 0C       		.uleb128 0xc
 201 0156 24000000 		.4byte	0x24
 202 015a 4F       		.byte	0x4f
 203 015b 00       		.byte	0
 204 015c 04       		.uleb128 0x4
 205 015d 3A000000 		.4byte	.LASF26
 206 0161 01       		.byte	0x1
 207 0162 53       		.byte	0x53
 208 0163 03       		.byte	0x3
 209 0164 F4000000 		.4byte	0xf4
 210 0168 0D       		.uleb128 0xd
 211 0169 C8000000 		.4byte	.LASF30
 212 016d 04       		.byte	0x4
 213 016e DE       		.byte	0xde
 214 016f 15       		.byte	0x15
 215 0170 5C010000 		.4byte	0x15c
 216 0174 0E       		.uleb128 0xe
 217 0175 68010000 		.4byte	0x168
 218 0179 05       		.byte	0x5
 219 017a 71       		.byte	0x71
 220 017b 0E       		.byte	0xe
 221 017c 00       		.byte	0
 222              		.section	.gnu.debuglto_.debug_abbrev,"e",%progbits
 223              	.Ldebug_abbrev0:
 224 0000 01       		.uleb128 0x1
 225 0001 11       		.uleb128 0x11
 226 0002 01       		.byte	0x1
 227 0003 25       		.uleb128 0x25
 228 0004 0E       		.uleb128 0xe
 229 0005 13       		.uleb128 0x13
 230 0006 0B       		.uleb128 0xb
 231 0007 03       		.uleb128 0x3
 232 0008 0E       		.uleb128 0xe
 233 0009 1B       		.uleb128 0x1b
 234 000a 0E       		.uleb128 0xe
 235 000b 10       		.uleb128 0x10
 236 000c 17       		.uleb128 0x17
 237 000d 00       		.byte	0
 238 000e 00       		.byte	0
 239 000f 02       		.uleb128 0x2
 240 0010 24       		.uleb128 0x24
 241 0011 00       		.byte	0
 242 0012 0B       		.uleb128 0xb
 243 0013 0B       		.uleb128 0xb
 244 0014 3E       		.uleb128 0x3e
 245 0015 0B       		.uleb128 0xb
 246 0016 03       		.uleb128 0x3
 247 0017 08       		.uleb128 0x8
 248 0018 00       		.byte	0
 249 0019 00       		.byte	0
 250 001a 03       		.uleb128 0x3
 251 001b 24       		.uleb128 0x24
 252 001c 00       		.byte	0
 253 001d 0B       		.uleb128 0xb
 254 001e 0B       		.uleb128 0xb
 255 001f 3E       		.uleb128 0x3e
 256 0020 0B       		.uleb128 0xb
 257 0021 03       		.uleb128 0x3
 258 0022 0E       		.uleb128 0xe
 259 0023 00       		.byte	0
 260 0024 00       		.byte	0
 261 0025 04       		.uleb128 0x4
 262 0026 16       		.uleb128 0x16
 263 0027 00       		.byte	0
 264 0028 03       		.uleb128 0x3
 265 0029 0E       		.uleb128 0xe
 266 002a 3A       		.uleb128 0x3a
 267 002b 0B       		.uleb128 0xb
 268 002c 3B       		.uleb128 0x3b
 269 002d 0B       		.uleb128 0xb
 270 002e 39       		.uleb128 0x39
 271 002f 0B       		.uleb128 0xb
 272 0030 49       		.uleb128 0x49
 273 0031 13       		.uleb128 0x13
 274 0032 00       		.byte	0
 275 0033 00       		.byte	0
 276 0034 05       		.uleb128 0x5
 277 0035 04       		.uleb128 0x4
 278 0036 01       		.byte	0x1
 279 0037 3E       		.uleb128 0x3e
 280 0038 0B       		.uleb128 0xb
 281 0039 0B       		.uleb128 0xb
 282 003a 0B       		.uleb128 0xb
 283 003b 49       		.uleb128 0x49
 284 003c 13       		.uleb128 0x13
 285 003d 3A       		.uleb128 0x3a
 286 003e 0B       		.uleb128 0xb
 287 003f 3B       		.uleb128 0x3b
 288 0040 0B       		.uleb128 0xb
 289 0041 39       		.uleb128 0x39
 290 0042 0B       		.uleb128 0xb
 291 0043 01       		.uleb128 0x1
 292 0044 13       		.uleb128 0x13
 293 0045 00       		.byte	0
 294 0046 00       		.byte	0
 295 0047 06       		.uleb128 0x6
 296 0048 28       		.uleb128 0x28
 297 0049 00       		.byte	0
 298 004a 03       		.uleb128 0x3
 299 004b 0E       		.uleb128 0xe
 300 004c 1C       		.uleb128 0x1c
 301 004d 0B       		.uleb128 0xb
 302 004e 00       		.byte	0
 303 004f 00       		.byte	0
 304 0050 07       		.uleb128 0x7
 305 0051 13       		.uleb128 0x13
 306 0052 01       		.byte	0x1
 307 0053 0B       		.uleb128 0xb
 308 0054 0B       		.uleb128 0xb
 309 0055 3A       		.uleb128 0x3a
 310 0056 0B       		.uleb128 0xb
 311 0057 3B       		.uleb128 0x3b
 312 0058 0B       		.uleb128 0xb
 313 0059 39       		.uleb128 0x39
 314 005a 0B       		.uleb128 0xb
 315 005b 01       		.uleb128 0x1
 316 005c 13       		.uleb128 0x13
 317 005d 00       		.byte	0
 318 005e 00       		.byte	0
 319 005f 08       		.uleb128 0x8
 320 0060 0D       		.uleb128 0xd
 321 0061 00       		.byte	0
 322 0062 03       		.uleb128 0x3
 323 0063 08       		.uleb128 0x8
 324 0064 3A       		.uleb128 0x3a
 325 0065 0B       		.uleb128 0xb
 326 0066 3B       		.uleb128 0x3b
 327 0067 0B       		.uleb128 0xb
 328 0068 39       		.uleb128 0x39
 329 0069 0B       		.uleb128 0xb
 330 006a 49       		.uleb128 0x49
 331 006b 13       		.uleb128 0x13
 332 006c 38       		.uleb128 0x38
 333 006d 0B       		.uleb128 0xb
 334 006e 00       		.byte	0
 335 006f 00       		.byte	0
 336 0070 09       		.uleb128 0x9
 337 0071 13       		.uleb128 0x13
 338 0072 01       		.byte	0x1
 339 0073 0B       		.uleb128 0xb
 340 0074 05       		.uleb128 0x5
 341 0075 3A       		.uleb128 0x3a
 342 0076 0B       		.uleb128 0xb
 343 0077 3B       		.uleb128 0x3b
 344 0078 0B       		.uleb128 0xb
 345 0079 39       		.uleb128 0x39
 346 007a 0B       		.uleb128 0xb
 347 007b 01       		.uleb128 0x1
 348 007c 13       		.uleb128 0x13
 349 007d 00       		.byte	0
 350 007e 00       		.byte	0
 351 007f 0A       		.uleb128 0xa
 352 0080 0D       		.uleb128 0xd
 353 0081 00       		.byte	0
 354 0082 03       		.uleb128 0x3
 355 0083 0E       		.uleb128 0xe
 356 0084 3A       		.uleb128 0x3a
 357 0085 0B       		.uleb128 0xb
 358 0086 3B       		.uleb128 0x3b
 359 0087 0B       		.uleb128 0xb
 360 0088 39       		.uleb128 0x39
 361 0089 0B       		.uleb128 0xb
 362 008a 49       		.uleb128 0x49
 363 008b 13       		.uleb128 0x13
 364 008c 38       		.uleb128 0x38
 365 008d 0B       		.uleb128 0xb
 366 008e 00       		.byte	0
 367 008f 00       		.byte	0
 368 0090 0B       		.uleb128 0xb
 369 0091 01       		.uleb128 0x1
 370 0092 01       		.byte	0x1
 371 0093 49       		.uleb128 0x49
 372 0094 13       		.uleb128 0x13
 373 0095 01       		.uleb128 0x1
 374 0096 13       		.uleb128 0x13
 375 0097 00       		.byte	0
 376 0098 00       		.byte	0
 377 0099 0C       		.uleb128 0xc
 378 009a 21       		.uleb128 0x21
 379 009b 00       		.byte	0
 380 009c 49       		.uleb128 0x49
 381 009d 13       		.uleb128 0x13
 382 009e 2F       		.uleb128 0x2f
 383 009f 0B       		.uleb128 0xb
 384 00a0 00       		.byte	0
 385 00a1 00       		.byte	0
 386 00a2 0D       		.uleb128 0xd
 387 00a3 34       		.uleb128 0x34
 388 00a4 00       		.byte	0
 389 00a5 03       		.uleb128 0x3
 390 00a6 0E       		.uleb128 0xe
 391 00a7 3A       		.uleb128 0x3a
 392 00a8 0B       		.uleb128 0xb
 393 00a9 3B       		.uleb128 0x3b
 394 00aa 0B       		.uleb128 0xb
 395 00ab 39       		.uleb128 0x39
 396 00ac 0B       		.uleb128 0xb
 397 00ad 49       		.uleb128 0x49
 398 00ae 13       		.uleb128 0x13
 399 00af 3F       		.uleb128 0x3f
 400 00b0 19       		.uleb128 0x19
 401 00b1 3C       		.uleb128 0x3c
 402 00b2 19       		.uleb128 0x19
 403 00b3 00       		.byte	0
 404 00b4 00       		.byte	0
 405 00b5 0E       		.uleb128 0xe
 406 00b6 34       		.uleb128 0x34
 407 00b7 00       		.byte	0
 408 00b8 47       		.uleb128 0x47
 409 00b9 13       		.uleb128 0x13
 410 00ba 3A       		.uleb128 0x3a
 411 00bb 0B       		.uleb128 0xb
 412 00bc 3B       		.uleb128 0x3b
 413 00bd 0B       		.uleb128 0xb
 414 00be 39       		.uleb128 0x39
 415 00bf 0B       		.uleb128 0xb
 416 00c0 00       		.byte	0
 417 00c1 00       		.byte	0
 418 00c2 00       		.byte	0
 419              		.section	.gnu.debuglto_.debug_line,"e",%progbits
 420              	.Ldebug_line0:
 421 0000 D2000000 		.4byte	.LELT0-.LSLT0
 422              	.LSLT0:
 423 0004 0400     		.2byte	0x4
 424 0006 CC000000 		.4byte	.LELTP0-.LASLTP0
 425              	.LASLTP0:
 426 000a 01       		.byte	0x1
 427 000b 01       		.byte	0x1
 428 000c 01       		.byte	0x1
 429 000d F6       		.byte	0xf6
 430 000e F2       		.byte	0xf2
 431 000f 0D       		.byte	0xd
 432 0010 00       		.byte	0
 433 0011 01       		.byte	0x1
 434 0012 01       		.byte	0x1
 435 0013 01       		.byte	0x1
 436 0014 01       		.byte	0x1
 437 0015 00       		.byte	0
 438 0016 00       		.byte	0
 439 0017 00       		.byte	0
 440 0018 01       		.byte	0x1
 441 0019 00       		.byte	0
 442 001a 00       		.byte	0
 443 001b 01       		.byte	0x1
 444 001c 6B657962 		.ascii	"keyboards/karlk90/yaemk"
 444      6F617264 
 444      732F6B61 
 444      726C6B39 
 444      302F7961 
 445 0033 00       		.byte	0
 446 0034 7175616E 		.ascii	"quantum/rgb_matrix"
 446      74756D2F 
 446      7267625F 
 446      6D617472 
 446      6978
 447 0046 00       		.byte	0
 448 0047 7175616E 		.ascii	"quantum/sequencer"
 448      74756D2F 
 448      73657175 
 448      656E6365 
 448      72
 449 0058 00       		.byte	0
 450 0059 2F757372 		.ascii	"/usr/lib/gcc/arm-none-eabi/10.3.1/include"
 450      2F6C6962 
 450      2F676363 
 450      2F61726D 
 450      2D6E6F6E 
 451 0082 00       		.byte	0
 452 0083 00       		.byte	0
 453 0084 7267625F 		.ascii	"rgb_matrix_types.h\000"
 453      6D617472 
 453      69785F74 
 453      79706573 
 453      2E6800
 454 0097 02       		.uleb128 0x2
 455 0098 00       		.uleb128 0
 456 0099 00       		.uleb128 0
 457 009a 73746469 		.ascii	"stdint.h\000"
 457      6E742E68 
 457      00
 458 00a3 04       		.uleb128 0x4
 459 00a4 00       		.uleb128 0
 460 00a5 00       		.uleb128 0
 461 00a6 73657175 		.ascii	"sequencer.h\000"
 461      656E6365 
 461      722E6800 
 462 00b2 03       		.uleb128 0x3
 463 00b3 00       		.uleb128 0
 464 00b4 00       		.uleb128 0
 465 00b5 7267625F 		.ascii	"rgb_matrix.h\000"
 465      6D617472 
 465      69782E68 
 465      00
 466 00c2 02       		.uleb128 0x2
 467 00c3 00       		.uleb128 0
 468 00c4 00       		.uleb128 0
 469 00c5 6C65645F 		.ascii	"led_config.c\000"
 469      636F6E66 
 469      69672E63 
 469      00
 470 00d2 01       		.uleb128 0x1
 471 00d3 00       		.uleb128 0
 472 00d4 00       		.uleb128 0
 473 00d5 00       		.byte	0
 474              	.LELTP0:
 475              	.LELT0:
 476              		.section	.gnu.debuglto_.debug_str,"eMS",%progbits,1
 477              	.LASF11:
 478 0000 53515F52 		.ascii	"SQ_RES_2\000"
 478      45535F32 
 478      00
 479              	.LASF23:
 480 0009 6D617472 		.ascii	"matrix_co\000"
 480      69785F63 
 480      6F00
 481              	.LASF15:
 482 0013 53515F52 		.ascii	"SQ_RES_8\000"
 482      45535F38 
 482      00
 483              	.LASF18:
 484 001c 53515F52 		.ascii	"SQ_RES_16T\000"
 484      45535F31 
 484      365400
 485              	.LASF24:
 486 0027 706F696E 		.ascii	"point\000"
 486      7400
 487              	.LASF0:
 488 002d 756E7369 		.ascii	"unsigned int\000"
 488      676E6564 
 488      20696E74 
 488      00
 489              	.LASF26:
 490 003a 6C65645F 		.ascii	"led_config_t\000"
 490      636F6E66 
 490      69675F74 
 490      00
 491              	.LASF2:
 492 0047 7369676E 		.ascii	"signed char\000"
 492      65642063 
 492      68617200 
 493              	.LASF6:
 494 0053 756E7369 		.ascii	"unsigned char\000"
 494      676E6564 
 494      20636861 
 494      7200
 495              	.LASF12:
 496 0061 53515F52 		.ascii	"SQ_RES_2T\000"
 496      45535F32 
 496      5400
 497              	.LASF1:
 498 006b 73686F72 		.ascii	"short unsigned int\000"
 498      7420756E 
 498      7369676E 
 498      65642069 
 498      6E7400
 499              	.LASF14:
 500 007e 53515F52 		.ascii	"SQ_RES_4T\000"
 500      45535F34 
 500      5400
 501              	.LASF7:
 502 0088 6C6F6E67 		.ascii	"long unsigned int\000"
 502      20756E73 
 502      69676E65 
 502      6420696E 
 502      7400
 503              	.LASF29:
 504 009a 2F686F6D 		.ascii	"/home/jstewart/source/yaemk-split-kb/Firmware\000"
 504      652F6A73 
 504      74657761 
 504      72742F73 
 504      6F757263 
 505              	.LASF30:
 506 00c8 675F6C65 		.ascii	"g_led_config\000"
 506      645F636F 
 506      6E666967 
 506      00
 507              	.LASF20:
 508 00d5 53455155 		.ascii	"SEQUENCER_RESOLUTIONS\000"
 508      454E4345 
 508      525F5245 
 508      534F4C55 
 508      54494F4E 
 509              	.LASF16:
 510 00eb 53515F52 		.ascii	"SQ_RES_8T\000"
 510      45535F38 
 510      5400
 511              	.LASF5:
 512 00f5 6C6F6E67 		.ascii	"long long int\000"
 512      206C6F6E 
 512      6720696E 
 512      7400
 513              	.LASF25:
 514 0103 666C6167 		.ascii	"flags\000"
 514      7300
 515              	.LASF17:
 516 0109 53515F52 		.ascii	"SQ_RES_16\000"
 516      45535F31 
 516      3600
 517              	.LASF9:
 518 0113 63686172 		.ascii	"char\000"
 518      00
 519              	.LASF21:
 520 0118 75696E74 		.ascii	"uint8_t\000"
 520      385F7400 
 521              	.LASF19:
 522 0120 53515F52 		.ascii	"SQ_RES_32\000"
 522      45535F33 
 522      3200
 523              	.LASF27:
 524 012a 474E5520 		.ascii	"GNU C99 10.3.1 20210621 (release) -mcpu=cortex-m4 -"
 524      43393920 
 524      31302E33 
 524      2E312032 
 524      30323130 
 525 015d 6D746875 		.ascii	"mthumb -mno-thumb-interwork -mno-unaligned-access -"
 525      6D62202D 
 525      6D6E6F2D 
 525      7468756D 
 525      622D696E 
 526 0190 6D666C6F 		.ascii	"mfloat-abi=hard -mfpu=fpv4-sp-d16 -march=armv7e-m+f"
 526      61742D61 
 526      62693D68 
 526      61726420 
 526      2D6D6670 
 527 01c3 70202D67 		.ascii	"p -ggdb -Os -Ofast -std=gnu99 -fsingle-precision-co"
 527      67646220 
 527      2D4F7320 
 527      2D4F6661 
 527      7374202D 
 528 01f6 6E737461 		.ascii	"nstant -fomit-frame-pointer -ffunction-sections -fd"
 528      6E74202D 
 528      666F6D69 
 528      742D6672 
 528      616D652D 
 529 0229 6174612D 		.ascii	"ata-sections -fshort-wchar -fcommon -flto\000"
 529      73656374 
 529      696F6E73 
 529      202D6673 
 529      686F7274 
 530              	.LASF28:
 531 0253 6B657962 		.ascii	"keyboards/karlk90/yaemk/led_config.c\000"
 531      6F617264 
 531      732F6B61 
 531      726C6B39 
 531      302F7961 
 532              	.LASF3:
 533 0278 73686F72 		.ascii	"short int\000"
 533      7420696E 
 533      7400
 534              	.LASF4:
 535 0282 6C6F6E67 		.ascii	"long int\000"
 535      20696E74 
 535      00
 536              	.LASF13:
 537 028b 53515F52 		.ascii	"SQ_RES_4\000"
 537      45535F34 
 537      00
 538              	.LASF22:
 539 0294 6C65645F 		.ascii	"led_point_t\000"
 539      706F696E 
 539      745F7400 
 540              	.LASF10:
 541 02a0 5F426F6F 		.ascii	"_Bool\000"
 541      6C00
 542              	.LASF8:
 543 02a6 6C6F6E67 		.ascii	"long long unsigned int\000"
 543      206C6F6E 
 543      6720756E 
 543      7369676E 
 543      65642069 
 544              		.text
 545              		.section	.gnu.lto_.profile.5d0c294a4bf86b56,"e",%progbits
 546 0000 789C6362 		.ascii	"x\234cb\000\001\000\000\022\000\003"
 546      00010000 
 546      120003
 547              		.text
 548              		.section	.gnu.lto_.icf.5d0c294a4bf86b56,"e",%progbits
 549 0000 789CE360 		.ascii	"x\234\343`@\000F\206\267\023N\377\346e\000\000\017Q"
 549      40004686 
 549      B7134EFF 
 549      E6650000 
 549      0F51
 550 0012 035A     		.ascii	"\003Z"
 551              		.text
 552              		.section	.gnu.lto_.ipa_sra.5d0c294a4bf86b56,"e",%progbits
 553 0000 789C6362 		.ascii	"x\234cb@\006\000\000*\000\003"
 553      40060000 
 553      2A0003
 554              		.text
 555              		.section	.gnu.lto_.inline.5d0c294a4bf86b56,"e",%progbits
 556 0000 789C6362 		.ascii	"x\234cb@\006\000\000*\000\003"
 556      40060000 
 556      2A0003
 557              		.text
 558              		.section	.gnu.lto_.jmpfuncs.5d0c294a4bf86b56,"e",%progbits
 559 0000 789C6362 		.ascii	"x\234cb@\006\000\000*\000\003"
 559      40060000 
 559      2A0003
 560              		.text
 561              		.section	.gnu.lto_.pureconst.5d0c294a4bf86b56,"e",%progbits
 562 0000 789C6364 		.ascii	"x\234cd\000\002\000\000\012\000\002"
 562      00020000 
 562      0A0002
 563              		.text
 564              		.section	.gnu.lto_.lto.5d0c294a4bf86b56,"e",%progbits
 565 0000 09000400 		.ascii	"\011\000\004\000\001\000\000\000"
 565      01000000 
 566              		.text
 567              		.section	.gnu.lto_g_led_config.295.5d0c294a4bf86b56,"e",%progbits
 568 0000 789C8D97 		.ascii	"x\234\215\227WpUU\024\206\357\377\357k\270@Bo\202\200"
 568      57705555 
 568      1486EFFF 
 568      EF6BB840 
 568      426F8280 
 569 0014 09BD0886 		.ascii	"\011\275\010\206\336qt\324\261;\343\253\257\316\370"
 569      DE7174D4 
 569      B13BE3AB 
 569      AFCEF8
 570 0023 E4ABAFA1 		.ascii	"\344\253\257\241w\002\301\012\211F\275**vz\017\244\323"
 570      7702C10A 
 570      8946BD2A 
 570      2A767A0F 
 570      A4D3
 571 0035 5BE8BDF7 		.ascii	"[\350\275\367\336\301\3539\347r\367\332\256\354\007"
 571      DEC1EB39 
 571      E772F7DA 
 571      AEEC07
 572 0044 CF249995 		.ascii	"\317$\231\2253\337\277\327:k\257\263\326>}\233\306b"
 572      33DFBFD7 
 572      3A6BAFB3 
 572      D63E7D9B 
 572      C662
 573 0056 8B62E9AB 		.ascii	"\213b\351\253\330 \227L\232\320(2I\0034\266\3261\004"
 573      D820974C 
 573      9AD02832 
 573      490334B6 
 573      D63104
 574 0069 E6F0F153 		.ascii	"\346\360\361S\013\022I\303\022\023\303R\224\004\267"
 574      0B1249C3 
 574      1213C352 
 574      9404B7
 575 0078 97E00961 		.ascii	"\227\340\011a\260Md\215\254\265S\313VF\262\025\"\333"
 575      B04D648D 
 575      ACB553CB 
 575      5646B215 
 575      22DB
 576 008a 2AB2B8B5 		.ascii	"*\262\270\265\312\265lm$[#\262-\"\023k\251\226m\210"
 576      CAB56C6D 
 576      245B23B2 
 576      2D22136B 
 576      A9966D88 
 577 009e 646522DB 		.ascii	"de\"\333,\260\261\326B-\253\214d\025\"\333$\262\371"
 577      2CB0B1D6 
 577      422DAB8C 
 577      641522DB 
 577      24B2F9
 578 00b1 1AAED1A1 		.ascii	"\032\256\321\241\325\012\374\224\265fj\331\226H\266"
 578      D50AFC94 
 578      B5666AD9 
 578      9648B6
 579 00c0 59643522 		.ascii	"Yd5\"\313\366\262\333\205\255\026\266\251\227\335%l"
 579      CBF6B2DB 
 579      85AD16B6 
 579      A997DD25 
 579      6C
 580 00d1 95B04DBC 		.ascii	"\225\260M\274\241\327\011[)l\2167'\373\205\255\0206"
 580      A1D7095B 
 580      296C8E37 
 580      27FB85AD 
 580      1036
 581 00e3 E14DFB21 		.ascii	"\341M\373!a\313c^\302\251\236\215\232X\253c\333 \376"
 581      61CB635E 
 581      C2A99E8D 
 581      9A58AB63 
 581      DB20FE
 582 00f6 5A788BEA 		.ascii	"Zx\213\352\244\260e\302\266\362\262g\204]/lko\215\237"
 582      A4B065C2 
 582      B6F2B267 
 582      845D2F6C 
 582      6B6F8D9F 
 583 010a 1776AC45 		.ascii	"\027v\254E;{\321K\202\216\261h'o\004W\005\035m\321v"
 583      3B7BD14B 
 583      828EB168 
 583      276F0457 
 583      051D6DD1 
 584 011f DE24DC10 		.ascii	"\336$\334\020t\2247\217N\204#\355Zm\275\033xW\320\021"
 584      7494378F 
 584      4E8423ED 
 584      5A6DBD1B 
 584      7857D011 
 585 0133 DE6A709C 		.ascii	"\336jp\234\015\267k=\355-\262G\202\016\263h\236w\325"
 585      0DB76B3D 
 585      ED2DB247 
 585      820EB368 
 585      9E77D5
 586 0146 94A0432D 		.ascii	"\224\240C-\232\353\215p<-:\304\373\264N\222\007{\363"
 586      9AEB8D70 
 586      3C2D3AC4 
 586      FBB44E92 
 586      077BF3
 587 0159 E5381B64 		.ascii	"\3458\033d\235u\363\356\3024q6\320\242=\275\350LA\007"
 587      9D75F3EE 
 587      C2347136 
 587      D0A23DBD 
 587      E84C4107 
 588 016d 58B497B7 		.ascii	"X\264\227\267\014\012\005\315\267hok-\321\275`\036C"
 588      0C0A05CD 
 588      B7686F6B 
 588      2DD1BD60 
 588      1E43
 589 017f 5591A89E 		.ascii	"U\221\250\236\267l_k-\322\252\317#\325g\242\352o\331"
 589      B76C5F6B 
 589      2DD2AACF 
 589      23D567A2 
 589      EA6FD9
 590 0192 62CDCED7 		.ascii	"b\315\316\327l?\313\366\363\242%\202>gQ\331\2729\332"
 590      6C3FCBF6 
 590      F3A22582 
 590      3E6751D9 
 590      BA39DA
 591 01a5 C13791AA 		.ascii	"\3017\221\252TT\022\270\224\367D\255\372>R%E\325\307"
 591      545412B8 
 591      94F744AD 
 591      FA3E5225 
 591      45D5C7
 592 01b8 B292B8BB 		.ascii	"\262\222\270\273\2725\374\024\251\026\212JR;\320\353"
 592      BA35FC14 
 592      A9168A4A 
 592      523BD0EB 
 593 01c8 6091A0BD 		.ascii	"`\221\240\275,:I\007\363;\325\336\351:(\323M\253\207"
 593      2C3A4907 
 593      F33BD5DE 
 593      E93A28D3 
 593      4DAB87
 594 01db 02EAF470 		.ascii	"\002\352\364p\353n\275=\243\013\205jj\350\372,\244\032"
 594      EB6EBD3D 
 594      A30B856A 
 594      6AE8FA2C 
 594      A41A
 595 01ed 5D5D1550 		.ascii	"]]\025PJ5\244\272Xg\025:ck\264\267<\313\356\324\354"
 595      4A35A4BA 
 595      5867153A 
 595      636BB4B7 
 595      3CCBEED4 
 596 0202 7AAAC1A4 		.ascii	"z\252\301\244_\3234\340L\243g\275\2003\202t\263L\207"
 596      5FD334E0 
 596      4CA367BD 
 596      80338274 
 596      B34C87
 597 0215 E3F476DD 		.ascii	"\343\364v\335\"\323\317\346\014\233\216\336\3548\023"
 597      22D3CFE6 
 597      0C9B8EDE 
 597      EC3813
 598 0224 46E7370D 		.ascii	"F\3477\0158{\325\301\273\001N\014\355\275\233\351\014"
 598      387BD5C1 
 598      BB014E0C 
 598      EDBD9BE9 
 598      0C
 599 0235 15DD04EB 		.ascii	"\025\335\004\353\364$\321\335\273L7g\335\222\313t?k"
 599      F424D1DD 
 599      BB4C3767 
 599      DD92CB74 
 599      3F6B
 600 0247 E375E18C 		.ascii	"\343u\341\214\212z\023\212\252g\353q\227\316\203\023"
 600      8A7A138A 
 600      AA67EB71 
 600      97CE8313 
 601 0257 434B6FAA 		.ascii	"CKo\252\235\261\240\207\353\032\355\242\271w\273\235"
 601      9DB1A087 
 601      EB1AEDA2 
 601      B977BB9D 
 602 0267 61D0CCBB 		.ascii	"a\320\314\273\202\323\225\365\231%\035\203\323\370\365"
 602      82D395F5 
 602      99251D83 
 602      D3F8F5
 603 0276 4125FD14 		.ascii	"A%\375\024N\242\364\351d\251v\241\217Pu\272\3357\366"
 603      4EA2F4E9 
 603      64A976A1 
 603      8F5075BA 
 603      DD37F6
 604 0289 024E936F 		.ascii	"\002N\223o\344\335,\247=4\264\357P\037\205\336\374o"
 604      E4DD2CA7 
 604      3D34B4EF 
 604      501F85DE 
 604      FC6F
 605 029b 3F473486 		.ascii	"?G4\206\\\340\266n\307\015,Z\357 tO\263Y^\300i\330r"
 605      5CE0B66E 
 605      C70D2C5A 
 605      EF20744F 
 605      B3595EC0 
 606 02b2 EADCA617 		.ascii	"\352\334\246\027{\254\333\264\234\271\017h\266\300\250"
 606      7BACDBB4 
 606      9CB90F68 
 606      B6C0A8
 607 02c1 E62C27E6 		.ascii	"\346,'\346\363\232\235`TK\226g?\250\331\311\306\366"
 607      F39A9D60 
 607      544B9667 
 607      3FA8D9C9 
 607      C6F6
 608 02d3 E4FAEE0A 		.ascii	"\344\372\356\0123\267Ks\222&\216|L\015\306-\246\030"
 608      33B74B73 
 608      92268E7C 
 608      4C0DC62D 
 608      A618
 609 02e5 4C329868 		.ascii	"L2\230h0\336`\234A\212\370\207xD<$\036\020\367\211\273"
 609      30DE609C 
 609      418AF887 
 609      78443C24 
 609      1E10F789 
 610 02fa C41D6220 		.ascii	"\304\035b n\0217\210\353\3045\342*q\205\270L\\\".\022"
 610      6E113788 
 610      EBC435E2 
 610      2A7185B8 
 610      4C5C222E 
 611 030f 1788F3C4 		.ascii	"\027\210\363\3049\342,q\2068M\234\"N\022'\210\343\304"
 611      39E22C71 
 611      86384D9C 
 611      224E1227 
 611      88E3C4
 612 0322 31E22871 		.ascii	"1\342(q\2048L\034\"\016\022\007\210\375\304>b/QG\354"
 612      84384C1C 
 612      220E1207 
 612      88FDC43E 
 612      622F5147 
 613 0337 217613BB 		.ascii	"!v\023\273\210\235\304\016b;\261\215\330Jl!6\023\233"
 613      889DC40E 
 613      623BB18D 
 613      D84A6C21 
 613      36139B
 614 034a 885AA286 		.ascii	"\210Z\242\206\250&\252\210J\242\202('6\022\033\2102"
 614      A826AA88 
 614      4AA28228 
 614      2736121B 
 614      8832
 615 035c 621DB196 		.ascii	"b\035\261\226XM\254\"V\022+\210\345\3042b\011\261\230"
 615      584DAC22 
 615      56122B88 
 615      E5C43262 
 615      09B198
 616 036f F89BF88B 		.ascii	"\370\233\370\213\370\223\370\203\370\215\370\225\370"
 616      F893F883 
 616      F88DF895 
 616      F8
 617 037c 85F899F8 		.ascii	"\205\370\231\370\221\370\201\370\216\370\226\370\232"
 617      91F881F8 
 617      8EF896F8 
 617      9A
 618 0389 F88A2826 		.ascii	"\370\212(&\026\020_\022_\020\237\022\237\020s\2119\304"
 618      16105F12 
 618      5F109F12 
 618      9F107389 
 618      39C4
 619 039b 6C621631 		.ascii	"lb\0261\203\230NL%\246\020\223\211I\304Db\0021\216("
 619      83984E4C 
 619      25A61093 
 619      8949C444 
 619      6202318E 
 620 03b0 0872063C 		.ascii	"\010r\006<\006\036\002\017\200\373\300=\340\016p\033"
 620      061E020F 
 620      80FBC03D 
 620      E00E701B 
 621 03c0 B805DC04 		.ascii	"\270\005\334\004\256\003\327\200+\300e\340\"p\0018\007"
 621      AE03D780 
 621      2BC065E0 
 621      22700138 
 621      07
 622 03d1 9C054E03 		.ascii	"\234\005N\003\247\200\023\300\361\360+\020G\201#\300"
 622      A78013C0 
 622      F1F02B10 
 622      478123C0 
 623 03e1 E1605F83 		.ascii	"\341`_\203\222\001\366\001{\201=\300\356\360c\017;\202"
 623      9201F601 
 623      7B813DC0 
 623      EEF0630F 
 623      3B82
 624 03f3 9A03B602 		.ascii	"\232\003\266\002\233\200Z\240\032\250\012\277\346\260"
 624      9B805AA0 
 624      1AA80ABF 
 624      E6B0
 625 0401 11580FAC 		.ascii	"\021X\017\254\003V\003\253\200\345\300\262\360]\315"
 625      035603AB 
 625      80E5C0B2 
 625      F05DCD
 626 0410 7D2FF8DC 		.ascii	"}/\370\334\014\3135\367\375\214\361A\306\370(c|\234"
 626      0CCB35F7 
 626      FD8CF141 
 626      C6F82863 
 626      7C9C
 627 0422 310A90B1 		.ascii	"1\012\220\261\246Y\253\310Z\013\254\225\314Xa\035}\230"
 627      A659ABC8 
 627      5A0BAC95 
 627      CC58611D 
 627      7D98
 628 0434 34594119 		.ascii	"4YA\031\315\013\313\250(*\243\271Q\031\315\211\312\250"
 628      CD0BCBA8 
 628      282AA3B9 
 628      5119CD89 
 628      CAA8
 629 0446 D0846534 		.ascii	"\320\204e4\333\204e4\313\204e438\011b\206\011\313h\272"
 629      DB846534 
 629      CB846534 
 629      33380962 
 629      8609CB68 
 630 045b 0917C84E 		.ascii	"\011\027\310N\232\006%&HuP\237\006\323\202\277q,F\354"
 630      9A062526 
 630      4875509F 
 630      06D382BF 
 630      712C46EC 
 631 046f DD38E3F1 		.ascii	"\3358\343\361\3607\375\343\\On\320\371\377\377p\211"
 631      F037FDE3 
 631      5C4F6ED0 
 631      F9FFFF70 
 631      89
 632 0480 3E7DFBF5 		.ascii	">}\373\365O\005W\242w\317\241C\006\017\032\220\237H"
 632      4F0557A2 
 632      77CFA143 
 632      060F1A90 
 632      9F48
 633 0492 0D1B3E62 		.ascii	"\015\033>b\344\250\321c\022\251W_y\371\245\027_\030"
 633      E4A8D163 
 633      12A9575F 
 633      79F9A517 
 633      5F18
 634 04a4 9B48BDF6 		.ascii	"\233H\275\366\372\033o\276\365\366;\211\020l\220\025"
 634      FA1B6FBE 
 634      F5F63B89 
 634      106C9015 
 635 04b4 3789868D 		.ascii	"7\211\206\215\262s\2324\2151\321\246u\253\226-\2327"
 635      B2739A34 
 635      8D31D1A6 
 635      75AB962D 
 635      9A37
 636 04c6 4B25DAB6 		.ascii	"K%\332\266k\337\241c\247\316\251D\217\356\335\272v\311"
 636      6BDFA163 
 636      A7CEA944 
 636      8FEEDDBA 
 636      76C9
 637 04d8 CB4DFD0B 		.ascii	"\313M\375\013\272\177\271U"
 637      BA7FB955 
 638              		.text
 639              		.section	.gnu.lto_.symbol_nodes.5d0c294a4bf86b56,"e",%progbits
 640 0000 789CE366 		.ascii	"x\234\343f\000\002\326\345L\014\215N \026\000\013%\001"
 640      0002D6E5 
 640      4C0C8D4E 
 640      2016000B 
 640      2501
 641 0012 7D       		.ascii	"}"
 642              		.text
 643              		.section	.gnu.lto_.refs.5d0c294a4bf86b56,"e",%progbits
 644 0000 789C6364 		.ascii	"x\234cd\000\002\000\000\012\000\002"
 644      00020000 
 644      0A0002
 645              		.text
 646              		.section	.gnu.lto_.decls.5d0c294a4bf86b56,"e",%progbits
 647 0000 789C8D91 		.ascii	"x\234\215\221KLSA\024\206\347\357\360(\205\010\002q"
 647      4B4C5341 
 647      1486E7EF 
 647      F0288508 
 647      0271
 648 0012 230B628A 		.ascii	"#\013b\212;\2705\304(\013V&\232\270p\245\033cR/\345"
 648      3BB835C4 
 648      280B5626 
 648      9AB870A5 
 648      1B63522F 
 649 0027 02B594D6 		.ascii	"\002\265\224\326\366\022!q1<DID\321\270P\331h0\276V"
 649      F6122171 
 649      313C4449 
 649      44D1B850 
 649      D96830BE 
 650 003c 5DA0F210 		.ascii	"]\240\362\020\254\200\210\274AE\001)\0171\321\035\013"
 650      AC8088BC 
 650      41450129 
 650      0F31D11D 
 650      0B
 651 004d 134834C1 		.ascii	"\023H4\301s\347\362\206\205\223\37493s\276\363\2303"
 651      73E7F286 
 651      8593FC39 
 651      3373BEF3 
 651      9833
 652 005f B59CB1BD 		.ascii	"\265\234\261\275`\3542cl\205\226\205\354(\333\272\310"
 652      60EC3263 
 652      6C859685 
 652      EC28DBBA 
 652      C8
 653 0070 CD7E6CBB 		.ascii	"\315~l\273\353\247K+\331\010)m5&\2254F\232$M\221\026"
 653      EBA74B2B 
 653      D908296D 
 653      35269534 
 653      469A244D 
 654 0086 48D1A421 		.ascii	"H\321\244!\322 i\2064G\232g\273/na\2679\222\021\266"
 654      D2206986 
 654      34479A67 
 654      BB2F6E61 
 654      B7399211 
 655 009b 90498548 		.ascii	"\220I\205H\345\211L\021rU\356gx\005I\345\306Kh\021\322"
 655      E5894C11 
 655      7255EE67 
 655      780549E5 
 655      C64B6811 
 656 00b0 8C30938D 		.ascii	"\2140\223\215\226\247\0070O6~\332L5l\232(y\235\336\300"
 656      96A70730 
 656      4F367EDA 
 656      4C356C9A 
 656      28799DDE 
 657 00c5 2D57A623 		.ascii	"-W\246#}6\033e\\\024\341\3528r\275\005\302\224\030\235"
 657      7D361B65 
 657      5C14E1EA 
 657      3872BD05 
 657      C294189D 
 658 00d9 6050F006 		.ascii	"`P\360\006\374\254\021\222\206\025H\303\3709Fa\003="
 658      FCAC1192 
 658      861548C3 
 658      F8394661 
 658      033D
 659 00eb 75BDB085 		.ascii	"u\275\260\205\205\370):+8C6\034\014= \240\031x\007t"
 659      85F8293A 
 659      2B384336 
 659      1C0C3D20 
 659      A0197807 
 660 0100 83E71B5C 		.ascii	"\203\347\033\\\350\336\322\264-\212\322\365RNY\332|"
 660      E8DED2B4 
 660      2D8AD2F5 
 660      524E59DA 
 660      7C
 661 0111 4B12F790 		.ascii	"K\022\367\220;f\251\352F\215\305nO\241D\313mW#\225\007"
 661      3B66A9EA 
 661      468DC56E 
 661      4FA144CB 
 661      6D572395 
 662 0126 46BB6A44 		.ascii	"F\273jDHp\274\007\006\200a\310\304\324\010)\233\021"
 662      4870BC07 
 662      068061C8 
 662      C4D40829 
 662      9B11
 663 0138 155A6912 		.ascii	"\025Zi\022\202'\030\376\256m\376C\214^Q}MP\367\350\007"
 663      822718FE 
 663      AE6DFE43 
 663      8C5E517D 
 663      4D50F7E8 
 664 014d FA800FB4 		.ascii	"\372\200\017\264#\204:\032\002\006\215i\361.\030]\335"
 664      23843A1A 
 664      02068D69 
 664      F12E185D 
 664      DD
 665 015e EA8DCC58 		.ascii	"\352\215\314XSv\342\030\301\266\000\202+\305\343\345"
 665      5376E218 
 665      C1B60082 
 665      2BC5E3E5 
 666 016e C4640316 		.ascii	"\304d\003\026\342<F\201v\340\2651\2411\310)1>\014\363"
 666      E23C4681 
 666      76E0B531 
 666      A131C829 
 666      313E0CF3 
 667 0182 69714477 		.ascii	"iqDw,\215\267\363\335\346\371Y\316\363\223\371K\261"
 667      2C8DB7F3 
 667      DDE6F959 
 667      CEF393F9 
 667      4BB1
 668 0194 44B68CD7 		.ascii	"D\266\214\327\265\307\357F~\221\344\270IZ\345\270\302"
 668      B5C7EF46 
 668      7E91E4B8 
 668      495AE5B8 
 668      C2
 669 01a5 4623AD55 		.ascii	"F#\255U\223O\342\327\033\241\011L\000_\215\200I\310"
 669      934FE2D7 
 669      1BA1094C 
 669      005F8D80 
 669      49C8
 670 01b7 2083E979 		.ascii	" \203\351y\324]gYg&\2016\240\325`\246 [\330\361'|BN"
 670      D45D6759 
 670      67268136 
 670      A0D560A6 
 670      205BD8F1 
 671 01cf 6462AE6F 		.ascii	"db\256o\304\2669\367Z\\d\365\221\015\334z\347~\255\333"
 671      C4B639F7 
 671      5A5C64F5 
 671      910DDC7A 
 671      E77EADDB 
 672 01e3 9E62B71B 		.ascii	"\236b\267\033-?m<i|\323\024\360\021\230\335\300\267"
 672      2D3F6D3C 
 672      697CD314 
 672      F01198DD 
 672      C0B7
 673 01f5 7FC44BE0 		.ascii	"\177\304K\340\005\360\215v\263r\2563\300\0340o\214\226"
 673      05F08D76 
 673      B372AE33 
 673      C01C306F 
 673      8C96
 674 0207 A0D0B346 		.ascii	"\240\320\263F!\222*\022h\224\350\220y\326f+\223\311"
 674      21922A12 
 674      6894E890 
 674      79D6662B 
 674      93C9
 675 0219 44A1E7AB 		.ascii	"D\241\347\253L\004\230\336R\253\305d\370\214|\301\237"
 675      4C0498DE 
 675      52ABC564 
 675      F88C7CC1 
 675      9F
 676 022a C6877FF7 		.ascii	"\306\207\177\367\244\354\254\214\357\330Y\233\370\372"
 676      A4ECAC8C 
 676      EFD8599B 
 676      F8FA
 677 0238 F1EEEB89 		.ascii	"\361\356\353\211\031w\353\305r\363\315_]\261\025\"\034"
 677      1977EBC5 
 677      72F3CD5F 
 677      5DB11522 
 677      1C
 678 0249 8505A049 		.ascii	"\205\005\240I\2422\230\262\323\251$\367\267\205%\024"
 678      A23298B2 
 678      D3A924F7 
 678      B7852514 
 679 0259 3A8BB57C 		.ascii	":\213\265|\247\313WR\340.\264{\264\362<\237\032\310"
 679      A7CB5752 
 679      E02EB47B 
 679      B4F23C9F 
 679      1AC8
 680 026b 0F2A1E35 		.ascii	"\017*\0365P\354\311q(\345\252\346\365(\033H\226\313"
 680      50ECC971 
 680      28E5AAE6 
 680      F5281B48 
 680      96CB
 681 027d 7AE2D499 		.ascii	"z\342\324\231\364c99l\337\346\333\254\202#\016G\366"
 681      F4633939 
 681      6CDFE6DB 
 681      AC82230E 
 681      47F6
 682 028f 6187CAA2 		.ascii	"a\207\312\242\375>w\211\216\262\330R2G\235z\214_uy\264"
 682      FD3E7789 
 682      8EB2D852 
 682      32479D7A 
 682      8C5F7579 
 683 02a4 7C946729 		.ascii	"|\224g)E>\257\246\\\010\352\332%5\240+A_i\300\245\231"
 683      453EAFA6 
 683      5C08EADA 
 683      2535A02B 
 683      415F69C0 
 684 02ba 153283FE 		.ascii	"\0252\203\376b\267\236\351\311S\216\273\003^rk\354\340"
 684      62B79EE9 
 684      C9538EBB 
 684      035E726B 
 684      ECE0
 685 02cc C552B544 		.ascii	"\305R\265D/\365*\201\302<\247W\325\003\356\262M[\247"
 685      2FF52A81 
 685      C23CA757 
 685      D503EEB2 
 685      4D5BA7
 686 02df 5EEED782 		.ascii	"^\356\327\202YE,\336\350B\226t\352q\253>\227/\272\240"
 686      59452CDE 
 686      E8429674 
 686      EA71AB3E 
 686      972FBAA0 
 687 02f3 582D0C26 		.ascii	"X-\014&lt\350\3243\376\347q\354\037 \325nb"
 687      6C74E8D4 
 687      33FEE771 
 687      EC1F20D5 
 687      6E62
 688              		.text
 689              		.section	.gnu.lto_.symtab.5d0c294a4bf86b56,"e",%progbits
 690 0000 675F6C65 		.ascii	"g_led_config\000"
 690      645F636F 
 690      6E666967 
 690      00
 691 000d 00       		.ascii	"\000"
 692 000e 00       		.ascii	"\000"
 693 000f 00       		.ascii	"\000"
 694 0010 00000000 		.ascii	"\000\000\000\000\000\000\000\000"
 694      00000000 
 695 0018 E5000000 		.ascii	"\345\000\000\000"
 696              		.text
 697              		.section	.gnu.lto_.ext_symtab.5d0c294a4bf86b56,"e",%progbits
 698 0000 01       		.ascii	"\001"
 699 0001 02       		.ascii	"\002"
 700 0002 00       		.ascii	"\000"
 701              		.text
 702              		.section	.gnu.lto_.opts,"e",%progbits
 703 0000 272D666E 		.ascii	"'-fno-openmp' '-fno-openacc' '-fno-pie' '-fcf-prote"
 703      6F2D6F70 
 703      656E6D70 
 703      2720272D 
 703      666E6F2D 
 704 0033 6374696F 		.ascii	"ction=none' '-g' '-mcpu=cortex-m4' '-mthumb' '-mno-"
 704      6E3D6E6F 
 704      6E652720 
 704      272D6727 
 704      20272D6D 
 705 0066 7468756D 		.ascii	"thumb-interwork' '-mno-unaligned-access' '-mfloat-a"
 705      622D696E 
 705      74657277 
 705      6F726B27 
 705      20272D6D 
 706 0099 62693D68 		.ascii	"bi=hard' '-mfpu=fpv4-sp-d16' '-mlibarch=armv7e-m+fp"
 706      61726427 
 706      20272D6D 
 706      6670753D 
 706      66707634 
 707 00cc 2720272D 		.ascii	"' '-march=armv7e-m+fp' '-Os' '-Ofast' '-fsingle-pre"
 707      6D617263 
 707      683D6172 
 707      6D763765 
 707      2D6D2B66 
 708 00ff 63697369 		.ascii	"cision-constant' '-fomit-frame-pointer' '-ffunction"
 708      6F6E2D63 
 708      6F6E7374 
 708      616E7427 
 708      20272D66 
 709 0132 2D736563 		.ascii	"-sections' '-fdata-sections' '-fshort-wchar' '-fcom"
 709      74696F6E 
 709      73272027 
 709      2D666461 
 709      74612D73 
 710 0165 6D6F6E27 		.ascii	"mon' '-flto' '-Xassembler' '-adhlns=.build/obj_karl"
 710      20272D66 
 710      6C746F27 
 710      20272D58 
 710      61737365 
 711 0198 6B39305F 		.ascii	"k90_yaemk_moonlanderlike/led_config.lst'\000"
 711      7961656D 
 711      6B5F6D6F 
 711      6F6E6C61 
 711      6E646572 
 712              		.text
 713              		.comm	__gnu_lto_slim,1,1
 714              		.ident	"GCC: (15:10.3-2021.07-4) 10.3.1 20210621 (release)"
DEFINED SYMBOLS
                            *ABS*:0000000000000000 led_config.c
     /tmp/ccf6zjNa.s:21     .gnu.debuglto_.debug_info:0000000000000000 led_config.c.f700350a
                            *COM*:0000000000000001 __gnu_lto_slim

NO UNDEFINED SYMBOLS
