   1              		.cpu cortex-m4
   2              		.eabi_attribute 27, 1
   3              		.eabi_attribute 28, 1
   4              		.eabi_attribute 23, 1
   5              		.eabi_attribute 24, 1
   6              		.eabi_attribute 25, 1
   7              		.eabi_attribute 26, 1
   8              		.eabi_attribute 30, 2
   9              		.eabi_attribute 34, 0
  10              		.eabi_attribute 18, 2
  11              		.file	"memstreams.c"
  12              		.file 1 "/usr/lib/gcc/arm-none-eabi/10.3.1/include/stddef.h"
  13              		.file 2 "/usr/lib/gcc/arm-none-eabi/10.3.1/include/stdint.h"
  14              		.file 3 "./lib/chibios/os/common/ports/ARMCMx/compilers/GCC/chtypes.h"
  15              		.file 4 "lib/chibios/os/hal/lib/streams/memstreams.h"
  16              		.file 5 "lib/chibios/os/hal/lib/streams/memstreams.c"
  17              		.section	.gnu.debuglto_.debug_info,"e",%progbits
  18              	.Ldebug_info0:
  19              		.hidden	memstreams.c.5e3e39fd
  20              		.weak	memstreams.c.5e3e39fd
  21              	memstreams.c.5e3e39fd:
  22 0000 F8020000 		.4byte	0x2f8
  23 0004 0400     		.2byte	0x4
  24 0006 00000000 		.4byte	.Ldebug_abbrev0
  25 000a 04       		.byte	0x4
  26 000b 01       		.uleb128 0x1
  27 000c 06010000 		.4byte	.LASF25
  28 0010 0C       		.byte	0xc
  29 0011 A1000000 		.4byte	.LASF26
  30 0015 69000000 		.4byte	.LASF27
  31 0019 00000000 		.4byte	.Ldebug_line0
  32 001d 02       		.uleb128 0x2
  33 001e 04       		.byte	0x4
  34 001f 05       		.byte	0x5
  35 0020 696E7400 		.ascii	"int\000"
  36 0024 03       		.uleb128 0x3
  37 0025 00000000 		.4byte	.LASF10
  38 0029 01       		.byte	0x1
  39 002a D1       		.byte	0xd1
  40 002b 17       		.byte	0x17
  41 002c 30000000 		.4byte	0x30
  42 0030 04       		.uleb128 0x4
  43 0031 04       		.byte	0x4
  44 0032 07       		.byte	0x7
  45 0033 DF000000 		.4byte	.LASF0
  46 0037 04       		.uleb128 0x4
  47 0038 02       		.byte	0x2
  48 0039 07       		.byte	0x7
  49 003a 33000000 		.4byte	.LASF1
  50 003e 04       		.uleb128 0x4
  51 003f 01       		.byte	0x1
  52 0040 06       		.byte	0x6
  53 0041 19000000 		.4byte	.LASF2
  54 0045 04       		.uleb128 0x4
  55 0046 01       		.byte	0x1
  56 0047 08       		.byte	0x8
  57 0048 25000000 		.4byte	.LASF3
  58 004c 04       		.uleb128 0x4
  59 004d 02       		.byte	0x2
  60 004e 05       		.byte	0x5
  61 004f 54020000 		.4byte	.LASF4
  62 0053 04       		.uleb128 0x4
  63 0054 04       		.byte	0x4
  64 0055 05       		.byte	0x5
  65 0056 65020000 		.4byte	.LASF5
  66 005a 04       		.uleb128 0x4
  67 005b 04       		.byte	0x4
  68 005c 07       		.byte	0x7
  69 005d CD000000 		.4byte	.LASF6
  70 0061 04       		.uleb128 0x4
  71 0062 08       		.byte	0x8
  72 0063 05       		.byte	0x5
  73 0064 3F020000 		.4byte	.LASF7
  74 0068 04       		.uleb128 0x4
  75 0069 08       		.byte	0x8
  76 006a 07       		.byte	0x7
  77 006b 86020000 		.4byte	.LASF8
  78 006f 05       		.uleb128 0x5
  79 0070 04       		.byte	0x4
  80 0071 04       		.uleb128 0x4
  81 0072 01       		.byte	0x1
  82 0073 08       		.byte	0x8
  83 0074 EC000000 		.4byte	.LASF9
  84 0078 03       		.uleb128 0x3
  85 0079 2F020000 		.4byte	.LASF11
  86 007d 02       		.byte	0x2
  87 007e 28       		.byte	0x28
  88 007f 18       		.byte	0x18
  89 0080 53000000 		.4byte	0x53
  90 0084 03       		.uleb128 0x3
  91 0085 F1000000 		.4byte	.LASF12
  92 0089 02       		.byte	0x2
  93 008a 2E       		.byte	0x2e
  94 008b 18       		.byte	0x18
  95 008c 45000000 		.4byte	0x45
  96 0090 06       		.uleb128 0x6
  97 0091 84000000 		.4byte	0x84
  98 0095 03       		.uleb128 0x3
  99 0096 F9000000 		.4byte	.LASF13
 100 009a 03       		.byte	0x3
 101 009b 2F       		.byte	0x2f
 102 009c 1D       		.byte	0x1d
 103 009d 78000000 		.4byte	0x78
 104 00a1 07       		.uleb128 0x7
 105 00a2 04       		.byte	0x4
 106 00a3 84000000 		.4byte	0x84
 107 00a7 08       		.uleb128 0x8
 108 00a8 24000000 		.4byte	0x24
 109 00ac C0000000 		.4byte	0xc0
 110 00b0 09       		.uleb128 0x9
 111 00b1 6F000000 		.4byte	0x6f
 112 00b5 09       		.uleb128 0x9
 113 00b6 C0000000 		.4byte	0xc0
 114 00ba 09       		.uleb128 0x9
 115 00bb 24000000 		.4byte	0x24
 116 00bf 00       		.byte	0
 117 00c0 07       		.uleb128 0x7
 118 00c1 04       		.byte	0x4
 119 00c2 90000000 		.4byte	0x90
 120 00c6 07       		.uleb128 0x7
 121 00c7 04       		.byte	0x4
 122 00c8 A7000000 		.4byte	0xa7
 123 00cc 08       		.uleb128 0x8
 124 00cd 24000000 		.4byte	0x24
 125 00d1 E5000000 		.4byte	0xe5
 126 00d5 09       		.uleb128 0x9
 127 00d6 6F000000 		.4byte	0x6f
 128 00da 09       		.uleb128 0x9
 129 00db A1000000 		.4byte	0xa1
 130 00df 09       		.uleb128 0x9
 131 00e0 24000000 		.4byte	0x24
 132 00e4 00       		.byte	0
 133 00e5 07       		.uleb128 0x7
 134 00e6 04       		.byte	0x4
 135 00e7 CC000000 		.4byte	0xcc
 136 00eb 08       		.uleb128 0x8
 137 00ec 95000000 		.4byte	0x95
 138 00f0 FF000000 		.4byte	0xff
 139 00f4 09       		.uleb128 0x9
 140 00f5 6F000000 		.4byte	0x6f
 141 00f9 09       		.uleb128 0x9
 142 00fa 84000000 		.4byte	0x84
 143 00fe 00       		.byte	0
 144 00ff 07       		.uleb128 0x7
 145 0100 04       		.byte	0x4
 146 0101 EB000000 		.4byte	0xeb
 147 0105 08       		.uleb128 0x8
 148 0106 95000000 		.4byte	0x95
 149 010a 14010000 		.4byte	0x114
 150 010e 09       		.uleb128 0x9
 151 010f 6F000000 		.4byte	0x6f
 152 0113 00       		.byte	0
 153 0114 07       		.uleb128 0x7
 154 0115 04       		.byte	0x4
 155 0116 05010000 		.4byte	0x105
 156 011a 04       		.uleb128 0x4
 157 011b 01       		.byte	0x1
 158 011c 02       		.byte	0x2
 159 011d 80020000 		.4byte	.LASF14
 160 0121 0A       		.uleb128 0xa
 161 0122 0C000000 		.4byte	.LASF28
 162 0126 14       		.byte	0x14
 163 0127 04       		.byte	0x4
 164 0128 3D       		.byte	0x3d
 165 0129 08       		.byte	0x8
 166 012a 70010000 		.4byte	0x170
 167 012e 0B       		.uleb128 0xb
 168 012f 59000000 		.4byte	.LASF15
 169 0133 04       		.byte	0x4
 170 0134 3E       		.byte	0x3e
 171 0135 03       		.byte	0x3
 172 0136 24000000 		.4byte	0x24
 173 013a 00       		.byte	0
 174 013b 0B       		.uleb128 0xb
 175 013c 46000000 		.4byte	.LASF16
 176 0140 04       		.byte	0x4
 177 0141 3E       		.byte	0x3e
 178 0142 03       		.byte	0x3
 179 0143 C6000000 		.4byte	0xc6
 180 0147 04       		.byte	0x4
 181 0148 0B       		.uleb128 0xb
 182 0149 97000000 		.4byte	.LASF17
 183 014d 04       		.byte	0x4
 184 014e 3E       		.byte	0x3e
 185 014f 03       		.byte	0x3
 186 0150 E5000000 		.4byte	0xe5
 187 0154 08       		.byte	0x8
 188 0155 0C       		.uleb128 0xc
 189 0156 70757400 		.ascii	"put\000"
 190 015a 04       		.byte	0x4
 191 015b 3E       		.byte	0x3e
 192 015c 03       		.byte	0x3
 193 015d FF000000 		.4byte	0xff
 194 0161 0C       		.byte	0xc
 195 0162 0C       		.uleb128 0xc
 196 0163 67657400 		.ascii	"get\000"
 197 0167 04       		.byte	0x4
 198 0168 3E       		.byte	0x3e
 199 0169 03       		.byte	0x3
 200 016a 14010000 		.4byte	0x114
 201 016e 10       		.byte	0x10
 202 016f 00       		.byte	0
 203 0170 06       		.uleb128 0x6
 204 0171 21010000 		.4byte	0x121
 205 0175 0D       		.uleb128 0xd
 206 0176 14       		.byte	0x14
 207 0177 04       		.byte	0x4
 208 0178 46       		.byte	0x46
 209 0179 09       		.byte	0x9
 210 017a C0010000 		.4byte	0x1c0
 211 017e 0C       		.uleb128 0xc
 212 017f 766D7400 		.ascii	"vmt\000"
 213 0183 04       		.byte	0x4
 214 0184 48       		.byte	0x48
 215 0185 1E       		.byte	0x1e
 216 0186 C0010000 		.4byte	0x1c0
 217 018a 00       		.byte	0
 218 018b 0B       		.uleb128 0xb
 219 018c 5E020000 		.4byte	.LASF18
 220 0190 04       		.byte	0x4
 221 0191 49       		.byte	0x49
 222 0192 03       		.byte	0x3
 223 0193 A1000000 		.4byte	0xa1
 224 0197 04       		.byte	0x4
 225 0198 0B       		.uleb128 0xb
 226 0199 7B020000 		.4byte	.LASF19
 227 019d 04       		.byte	0x4
 228 019e 49       		.byte	0x49
 229 019f 03       		.byte	0x3
 230 01a0 24000000 		.4byte	0x24
 231 01a4 08       		.byte	0x8
 232 01a5 0C       		.uleb128 0xc
 233 01a6 656F7300 		.ascii	"eos\000"
 234 01aa 04       		.byte	0x4
 235 01ab 49       		.byte	0x49
 236 01ac 03       		.byte	0x3
 237 01ad 24000000 		.4byte	0x24
 238 01b1 0C       		.byte	0xc
 239 01b2 0B       		.uleb128 0xb
 240 01b3 4D020000 		.4byte	.LASF20
 241 01b7 04       		.byte	0x4
 242 01b8 49       		.byte	0x49
 243 01b9 03       		.byte	0x3
 244 01ba 24000000 		.4byte	0x24
 245 01be 10       		.byte	0x10
 246 01bf 00       		.byte	0
 247 01c0 07       		.uleb128 0x7
 248 01c1 04       		.byte	0x4
 249 01c2 70010000 		.4byte	0x170
 250 01c6 03       		.uleb128 0x3
 251 01c7 6E020000 		.4byte	.LASF21
 252 01cb 04       		.byte	0x4
 253 01cc 4A       		.byte	0x4a
 254 01cd 03       		.byte	0x3
 255 01ce 75010000 		.4byte	0x175
 256 01d2 0E       		.uleb128 0xe
 257 01d3 766D7400 		.ascii	"vmt\000"
 258 01d7 05       		.byte	0x5
 259 01d8 58       		.byte	0x58
 260 01d9 22       		.byte	0x22
 261 01da 70010000 		.4byte	0x170
 262 01de 0F       		.uleb128 0xf
 263 01df 4C000000 		.4byte	.LASF29
 264 01e3 05       		.byte	0x5
 265 01e4 68       		.byte	0x68
 266 01e5 06       		.byte	0x6
 267 01e6 1B020000 		.4byte	0x21b
 268 01ea 10       		.uleb128 0x10
 269 01eb 6D737000 		.ascii	"msp\000"
 270 01ef 05       		.byte	0x5
 271 01f0 68       		.byte	0x68
 272 01f1 21       		.byte	0x21
 273 01f2 1B020000 		.4byte	0x21b
 274 01f6 11       		.uleb128 0x11
 275 01f7 5E020000 		.4byte	.LASF18
 276 01fb 05       		.byte	0x5
 277 01fc 68       		.byte	0x68
 278 01fd 2F       		.byte	0x2f
 279 01fe A1000000 		.4byte	0xa1
 280 0202 11       		.uleb128 0x11
 281 0203 7B020000 		.4byte	.LASF19
 282 0207 05       		.byte	0x5
 283 0208 69       		.byte	0x69
 284 0209 1A       		.byte	0x1a
 285 020a 24000000 		.4byte	0x24
 286 020e 10       		.uleb128 0x10
 287 020f 656F7300 		.ascii	"eos\000"
 288 0213 05       		.byte	0x5
 289 0214 69       		.byte	0x69
 290 0215 27       		.byte	0x27
 291 0216 24000000 		.4byte	0x24
 292 021a 00       		.byte	0
 293 021b 07       		.uleb128 0x7
 294 021c 04       		.byte	0x4
 295 021d C6010000 		.4byte	0x1c6
 296 0221 12       		.uleb128 0x12
 297 0222 9C000000 		.4byte	.LASF22
 298 0226 05       		.byte	0x5
 299 0227 4D       		.byte	0x4d
 300 0228 0E       		.byte	0xe
 301 0229 95000000 		.4byte	0x95
 302 022d 53020000 		.4byte	0x253
 303 0231 10       		.uleb128 0x10
 304 0232 697000   		.ascii	"ip\000"
 305 0235 05       		.byte	0x5
 306 0236 4D       		.byte	0x4d
 307 0237 19       		.byte	0x19
 308 0238 6F000000 		.4byte	0x6f
 309 023c 0E       		.uleb128 0xe
 310 023d 6200     		.ascii	"b\000"
 311 023f 05       		.byte	0x5
 312 0240 4E       		.byte	0x4e
 313 0241 0B       		.byte	0xb
 314 0242 84000000 		.4byte	0x84
 315 0246 0E       		.uleb128 0xe
 316 0247 6D737000 		.ascii	"msp\000"
 317 024b 05       		.byte	0x5
 318 024c 4F       		.byte	0x4f
 319 024d 11       		.byte	0x11
 320 024e 1B020000 		.4byte	0x21b
 321 0252 00       		.byte	0
 322 0253 12       		.uleb128 0x12
 323 0254 07000000 		.4byte	.LASF23
 324 0258 05       		.byte	0x5
 325 0259 43       		.byte	0x43
 326 025a 0E       		.byte	0xe
 327 025b 95000000 		.4byte	0x95
 328 025f 85020000 		.4byte	0x285
 329 0263 10       		.uleb128 0x10
 330 0264 697000   		.ascii	"ip\000"
 331 0267 05       		.byte	0x5
 332 0268 43       		.byte	0x43
 333 0269 19       		.byte	0x19
 334 026a 6F000000 		.4byte	0x6f
 335 026e 10       		.uleb128 0x10
 336 026f 6200     		.ascii	"b\000"
 337 0271 05       		.byte	0x5
 338 0272 43       		.byte	0x43
 339 0273 25       		.byte	0x25
 340 0274 84000000 		.4byte	0x84
 341 0278 0E       		.uleb128 0xe
 342 0279 6D737000 		.ascii	"msp\000"
 343 027d 05       		.byte	0x5
 344 027e 44       		.byte	0x44
 345 027f 11       		.byte	0x11
 346 0280 1B020000 		.4byte	0x21b
 347 0284 00       		.byte	0
 348 0285 12       		.uleb128 0x12
 349 0286 FF000000 		.4byte	.LASF24
 350 028a 05       		.byte	0x5
 351 028b 39       		.byte	0x39
 352 028c 0F       		.byte	0xf
 353 028d 24000000 		.4byte	0x24
 354 0291 C2020000 		.4byte	0x2c2
 355 0295 10       		.uleb128 0x10
 356 0296 697000   		.ascii	"ip\000"
 357 0299 05       		.byte	0x5
 358 029a 39       		.byte	0x39
 359 029b 1C       		.byte	0x1c
 360 029c 6F000000 		.4byte	0x6f
 361 02a0 10       		.uleb128 0x10
 362 02a1 627000   		.ascii	"bp\000"
 363 02a4 05       		.byte	0x5
 364 02a5 39       		.byte	0x39
 365 02a6 29       		.byte	0x29
 366 02a7 A1000000 		.4byte	0xa1
 367 02ab 10       		.uleb128 0x10
 368 02ac 6E00     		.ascii	"n\000"
 369 02ae 05       		.byte	0x5
 370 02af 39       		.byte	0x39
 371 02b0 34       		.byte	0x34
 372 02b1 24000000 		.4byte	0x24
 373 02b5 0E       		.uleb128 0xe
 374 02b6 6D737000 		.ascii	"msp\000"
 375 02ba 05       		.byte	0x5
 376 02bb 3A       		.byte	0x3a
 377 02bc 11       		.byte	0x11
 378 02bd 1B020000 		.4byte	0x21b
 379 02c1 00       		.byte	0
 380 02c2 13       		.uleb128 0x13
 381 02c3 37020000 		.4byte	.LASF30
 382 02c7 05       		.byte	0x5
 383 02c8 2F       		.byte	0x2f
 384 02c9 0F       		.byte	0xf
 385 02ca 24000000 		.4byte	0x24
 386 02ce 10       		.uleb128 0x10
 387 02cf 697000   		.ascii	"ip\000"
 388 02d2 05       		.byte	0x5
 389 02d3 2F       		.byte	0x2f
 390 02d4 1D       		.byte	0x1d
 391 02d5 6F000000 		.4byte	0x6f
 392 02d9 10       		.uleb128 0x10
 393 02da 627000   		.ascii	"bp\000"
 394 02dd 05       		.byte	0x5
 395 02de 2F       		.byte	0x2f
 396 02df 30       		.byte	0x30
 397 02e0 C0000000 		.4byte	0xc0
 398 02e4 10       		.uleb128 0x10
 399 02e5 6E00     		.ascii	"n\000"
 400 02e7 05       		.byte	0x5
 401 02e8 2F       		.byte	0x2f
 402 02e9 3B       		.byte	0x3b
 403 02ea 24000000 		.4byte	0x24
 404 02ee 0E       		.uleb128 0xe
 405 02ef 6D737000 		.ascii	"msp\000"
 406 02f3 05       		.byte	0x5
 407 02f4 30       		.byte	0x30
 408 02f5 11       		.byte	0x11
 409 02f6 1B020000 		.4byte	0x21b
 410 02fa 00       		.byte	0
 411 02fb 00       		.byte	0
 412              		.section	.gnu.debuglto_.debug_abbrev,"e",%progbits
 413              	.Ldebug_abbrev0:
 414 0000 01       		.uleb128 0x1
 415 0001 11       		.uleb128 0x11
 416 0002 01       		.byte	0x1
 417 0003 25       		.uleb128 0x25
 418 0004 0E       		.uleb128 0xe
 419 0005 13       		.uleb128 0x13
 420 0006 0B       		.uleb128 0xb
 421 0007 03       		.uleb128 0x3
 422 0008 0E       		.uleb128 0xe
 423 0009 1B       		.uleb128 0x1b
 424 000a 0E       		.uleb128 0xe
 425 000b 10       		.uleb128 0x10
 426 000c 17       		.uleb128 0x17
 427 000d 00       		.byte	0
 428 000e 00       		.byte	0
 429 000f 02       		.uleb128 0x2
 430 0010 24       		.uleb128 0x24
 431 0011 00       		.byte	0
 432 0012 0B       		.uleb128 0xb
 433 0013 0B       		.uleb128 0xb
 434 0014 3E       		.uleb128 0x3e
 435 0015 0B       		.uleb128 0xb
 436 0016 03       		.uleb128 0x3
 437 0017 08       		.uleb128 0x8
 438 0018 00       		.byte	0
 439 0019 00       		.byte	0
 440 001a 03       		.uleb128 0x3
 441 001b 16       		.uleb128 0x16
 442 001c 00       		.byte	0
 443 001d 03       		.uleb128 0x3
 444 001e 0E       		.uleb128 0xe
 445 001f 3A       		.uleb128 0x3a
 446 0020 0B       		.uleb128 0xb
 447 0021 3B       		.uleb128 0x3b
 448 0022 0B       		.uleb128 0xb
 449 0023 39       		.uleb128 0x39
 450 0024 0B       		.uleb128 0xb
 451 0025 49       		.uleb128 0x49
 452 0026 13       		.uleb128 0x13
 453 0027 00       		.byte	0
 454 0028 00       		.byte	0
 455 0029 04       		.uleb128 0x4
 456 002a 24       		.uleb128 0x24
 457 002b 00       		.byte	0
 458 002c 0B       		.uleb128 0xb
 459 002d 0B       		.uleb128 0xb
 460 002e 3E       		.uleb128 0x3e
 461 002f 0B       		.uleb128 0xb
 462 0030 03       		.uleb128 0x3
 463 0031 0E       		.uleb128 0xe
 464 0032 00       		.byte	0
 465 0033 00       		.byte	0
 466 0034 05       		.uleb128 0x5
 467 0035 0F       		.uleb128 0xf
 468 0036 00       		.byte	0
 469 0037 0B       		.uleb128 0xb
 470 0038 0B       		.uleb128 0xb
 471 0039 00       		.byte	0
 472 003a 00       		.byte	0
 473 003b 06       		.uleb128 0x6
 474 003c 26       		.uleb128 0x26
 475 003d 00       		.byte	0
 476 003e 49       		.uleb128 0x49
 477 003f 13       		.uleb128 0x13
 478 0040 00       		.byte	0
 479 0041 00       		.byte	0
 480 0042 07       		.uleb128 0x7
 481 0043 0F       		.uleb128 0xf
 482 0044 00       		.byte	0
 483 0045 0B       		.uleb128 0xb
 484 0046 0B       		.uleb128 0xb
 485 0047 49       		.uleb128 0x49
 486 0048 13       		.uleb128 0x13
 487 0049 00       		.byte	0
 488 004a 00       		.byte	0
 489 004b 08       		.uleb128 0x8
 490 004c 15       		.uleb128 0x15
 491 004d 01       		.byte	0x1
 492 004e 27       		.uleb128 0x27
 493 004f 19       		.uleb128 0x19
 494 0050 49       		.uleb128 0x49
 495 0051 13       		.uleb128 0x13
 496 0052 01       		.uleb128 0x1
 497 0053 13       		.uleb128 0x13
 498 0054 00       		.byte	0
 499 0055 00       		.byte	0
 500 0056 09       		.uleb128 0x9
 501 0057 05       		.uleb128 0x5
 502 0058 00       		.byte	0
 503 0059 49       		.uleb128 0x49
 504 005a 13       		.uleb128 0x13
 505 005b 00       		.byte	0
 506 005c 00       		.byte	0
 507 005d 0A       		.uleb128 0xa
 508 005e 13       		.uleb128 0x13
 509 005f 01       		.byte	0x1
 510 0060 03       		.uleb128 0x3
 511 0061 0E       		.uleb128 0xe
 512 0062 0B       		.uleb128 0xb
 513 0063 0B       		.uleb128 0xb
 514 0064 3A       		.uleb128 0x3a
 515 0065 0B       		.uleb128 0xb
 516 0066 3B       		.uleb128 0x3b
 517 0067 0B       		.uleb128 0xb
 518 0068 39       		.uleb128 0x39
 519 0069 0B       		.uleb128 0xb
 520 006a 01       		.uleb128 0x1
 521 006b 13       		.uleb128 0x13
 522 006c 00       		.byte	0
 523 006d 00       		.byte	0
 524 006e 0B       		.uleb128 0xb
 525 006f 0D       		.uleb128 0xd
 526 0070 00       		.byte	0
 527 0071 03       		.uleb128 0x3
 528 0072 0E       		.uleb128 0xe
 529 0073 3A       		.uleb128 0x3a
 530 0074 0B       		.uleb128 0xb
 531 0075 3B       		.uleb128 0x3b
 532 0076 0B       		.uleb128 0xb
 533 0077 39       		.uleb128 0x39
 534 0078 0B       		.uleb128 0xb
 535 0079 49       		.uleb128 0x49
 536 007a 13       		.uleb128 0x13
 537 007b 38       		.uleb128 0x38
 538 007c 0B       		.uleb128 0xb
 539 007d 00       		.byte	0
 540 007e 00       		.byte	0
 541 007f 0C       		.uleb128 0xc
 542 0080 0D       		.uleb128 0xd
 543 0081 00       		.byte	0
 544 0082 03       		.uleb128 0x3
 545 0083 08       		.uleb128 0x8
 546 0084 3A       		.uleb128 0x3a
 547 0085 0B       		.uleb128 0xb
 548 0086 3B       		.uleb128 0x3b
 549 0087 0B       		.uleb128 0xb
 550 0088 39       		.uleb128 0x39
 551 0089 0B       		.uleb128 0xb
 552 008a 49       		.uleb128 0x49
 553 008b 13       		.uleb128 0x13
 554 008c 38       		.uleb128 0x38
 555 008d 0B       		.uleb128 0xb
 556 008e 00       		.byte	0
 557 008f 00       		.byte	0
 558 0090 0D       		.uleb128 0xd
 559 0091 13       		.uleb128 0x13
 560 0092 01       		.byte	0x1
 561 0093 0B       		.uleb128 0xb
 562 0094 0B       		.uleb128 0xb
 563 0095 3A       		.uleb128 0x3a
 564 0096 0B       		.uleb128 0xb
 565 0097 3B       		.uleb128 0x3b
 566 0098 0B       		.uleb128 0xb
 567 0099 39       		.uleb128 0x39
 568 009a 0B       		.uleb128 0xb
 569 009b 01       		.uleb128 0x1
 570 009c 13       		.uleb128 0x13
 571 009d 00       		.byte	0
 572 009e 00       		.byte	0
 573 009f 0E       		.uleb128 0xe
 574 00a0 34       		.uleb128 0x34
 575 00a1 00       		.byte	0
 576 00a2 03       		.uleb128 0x3
 577 00a3 08       		.uleb128 0x8
 578 00a4 3A       		.uleb128 0x3a
 579 00a5 0B       		.uleb128 0xb
 580 00a6 3B       		.uleb128 0x3b
 581 00a7 0B       		.uleb128 0xb
 582 00a8 39       		.uleb128 0x39
 583 00a9 0B       		.uleb128 0xb
 584 00aa 49       		.uleb128 0x49
 585 00ab 13       		.uleb128 0x13
 586 00ac 00       		.byte	0
 587 00ad 00       		.byte	0
 588 00ae 0F       		.uleb128 0xf
 589 00af 2E       		.uleb128 0x2e
 590 00b0 01       		.byte	0x1
 591 00b1 3F       		.uleb128 0x3f
 592 00b2 19       		.uleb128 0x19
 593 00b3 03       		.uleb128 0x3
 594 00b4 0E       		.uleb128 0xe
 595 00b5 3A       		.uleb128 0x3a
 596 00b6 0B       		.uleb128 0xb
 597 00b7 3B       		.uleb128 0x3b
 598 00b8 0B       		.uleb128 0xb
 599 00b9 39       		.uleb128 0x39
 600 00ba 0B       		.uleb128 0xb
 601 00bb 27       		.uleb128 0x27
 602 00bc 19       		.uleb128 0x19
 603 00bd 01       		.uleb128 0x1
 604 00be 13       		.uleb128 0x13
 605 00bf 00       		.byte	0
 606 00c0 00       		.byte	0
 607 00c1 10       		.uleb128 0x10
 608 00c2 05       		.uleb128 0x5
 609 00c3 00       		.byte	0
 610 00c4 03       		.uleb128 0x3
 611 00c5 08       		.uleb128 0x8
 612 00c6 3A       		.uleb128 0x3a
 613 00c7 0B       		.uleb128 0xb
 614 00c8 3B       		.uleb128 0x3b
 615 00c9 0B       		.uleb128 0xb
 616 00ca 39       		.uleb128 0x39
 617 00cb 0B       		.uleb128 0xb
 618 00cc 49       		.uleb128 0x49
 619 00cd 13       		.uleb128 0x13
 620 00ce 00       		.byte	0
 621 00cf 00       		.byte	0
 622 00d0 11       		.uleb128 0x11
 623 00d1 05       		.uleb128 0x5
 624 00d2 00       		.byte	0
 625 00d3 03       		.uleb128 0x3
 626 00d4 0E       		.uleb128 0xe
 627 00d5 3A       		.uleb128 0x3a
 628 00d6 0B       		.uleb128 0xb
 629 00d7 3B       		.uleb128 0x3b
 630 00d8 0B       		.uleb128 0xb
 631 00d9 39       		.uleb128 0x39
 632 00da 0B       		.uleb128 0xb
 633 00db 49       		.uleb128 0x49
 634 00dc 13       		.uleb128 0x13
 635 00dd 00       		.byte	0
 636 00de 00       		.byte	0
 637 00df 12       		.uleb128 0x12
 638 00e0 2E       		.uleb128 0x2e
 639 00e1 01       		.byte	0x1
 640 00e2 03       		.uleb128 0x3
 641 00e3 0E       		.uleb128 0xe
 642 00e4 3A       		.uleb128 0x3a
 643 00e5 0B       		.uleb128 0xb
 644 00e6 3B       		.uleb128 0x3b
 645 00e7 0B       		.uleb128 0xb
 646 00e8 39       		.uleb128 0x39
 647 00e9 0B       		.uleb128 0xb
 648 00ea 27       		.uleb128 0x27
 649 00eb 19       		.uleb128 0x19
 650 00ec 49       		.uleb128 0x49
 651 00ed 13       		.uleb128 0x13
 652 00ee 01       		.uleb128 0x1
 653 00ef 13       		.uleb128 0x13
 654 00f0 00       		.byte	0
 655 00f1 00       		.byte	0
 656 00f2 13       		.uleb128 0x13
 657 00f3 2E       		.uleb128 0x2e
 658 00f4 01       		.byte	0x1
 659 00f5 03       		.uleb128 0x3
 660 00f6 0E       		.uleb128 0xe
 661 00f7 3A       		.uleb128 0x3a
 662 00f8 0B       		.uleb128 0xb
 663 00f9 3B       		.uleb128 0x3b
 664 00fa 0B       		.uleb128 0xb
 665 00fb 39       		.uleb128 0x39
 666 00fc 0B       		.uleb128 0xb
 667 00fd 27       		.uleb128 0x27
 668 00fe 19       		.uleb128 0x19
 669 00ff 49       		.uleb128 0x49
 670 0100 13       		.uleb128 0x13
 671 0101 00       		.byte	0
 672 0102 00       		.byte	0
 673 0103 00       		.byte	0
 674              		.section	.gnu.debuglto_.debug_line,"e",%progbits
 675              	.Ldebug_line0:
 676 0000 D9000000 		.4byte	.LELT0-.LSLT0
 677              	.LSLT0:
 678 0004 0400     		.2byte	0x4
 679 0006 D3000000 		.4byte	.LELTP0-.LASLTP0
 680              	.LASLTP0:
 681 000a 01       		.byte	0x1
 682 000b 01       		.byte	0x1
 683 000c 01       		.byte	0x1
 684 000d F6       		.byte	0xf6
 685 000e F2       		.byte	0xf2
 686 000f 0D       		.byte	0xd
 687 0010 00       		.byte	0
 688 0011 01       		.byte	0x1
 689 0012 01       		.byte	0x1
 690 0013 01       		.byte	0x1
 691 0014 01       		.byte	0x1
 692 0015 00       		.byte	0
 693 0016 00       		.byte	0
 694 0017 00       		.byte	0
 695 0018 01       		.byte	0x1
 696 0019 00       		.byte	0
 697 001a 00       		.byte	0
 698 001b 01       		.byte	0x1
 699 001c 6C69622F 		.ascii	"lib/chibios/os/common/ports/ARMCMx/compilers/GCC"
 699      63686962 
 699      696F732F 
 699      6F732F63 
 699      6F6D6D6F 
 700 004c 00       		.byte	0
 701 004d 6C69622F 		.ascii	"lib/chibios/os/hal/lib/streams"
 701      63686962 
 701      696F732F 
 701      6F732F68 
 701      616C2F6C 
 702 006b 00       		.byte	0
 703 006c 2F757372 		.ascii	"/usr/lib/gcc/arm-none-eabi/10.3.1/include"
 703      2F6C6962 
 703      2F676363 
 703      2F61726D 
 703      2D6E6F6E 
 704 0095 00       		.byte	0
 705 0096 00       		.byte	0
 706 0097 73746464 		.ascii	"stddef.h\000"
 706      65662E68 
 706      00
 707 00a0 03       		.uleb128 0x3
 708 00a1 00       		.uleb128 0
 709 00a2 00       		.uleb128 0
 710 00a3 73746469 		.ascii	"stdint.h\000"
 710      6E742E68 
 710      00
 711 00ac 03       		.uleb128 0x3
 712 00ad 00       		.uleb128 0
 713 00ae 00       		.uleb128 0
 714 00af 63687479 		.ascii	"chtypes.h\000"
 714      7065732E 
 714      6800
 715 00b9 01       		.uleb128 0x1
 716 00ba 00       		.uleb128 0
 717 00bb 00       		.uleb128 0
 718 00bc 6D656D73 		.ascii	"memstreams.h\000"
 718      74726561 
 718      6D732E68 
 718      00
 719 00c9 02       		.uleb128 0x2
 720 00ca 00       		.uleb128 0
 721 00cb 00       		.uleb128 0
 722 00cc 6D656D73 		.ascii	"memstreams.c\000"
 722      74726561 
 722      6D732E63 
 722      00
 723 00d9 02       		.uleb128 0x2
 724 00da 00       		.uleb128 0
 725 00db 00       		.uleb128 0
 726 00dc 00       		.byte	0
 727              	.LELTP0:
 728              	.LELT0:
 729              		.section	.gnu.debuglto_.debug_str,"eMS",%progbits,1
 730              	.LASF10:
 731 0000 73697A65 		.ascii	"size_t\000"
 731      5F7400
 732              	.LASF23:
 733 0007 5F707574 		.ascii	"_put\000"
 733      00
 734              	.LASF28:
 735 000c 4D656D53 		.ascii	"MemStreamVMT\000"
 735      74726561 
 735      6D564D54 
 735      00
 736              	.LASF2:
 737 0019 7369676E 		.ascii	"signed char\000"
 737      65642063 
 737      68617200 
 738              	.LASF3:
 739 0025 756E7369 		.ascii	"unsigned char\000"
 739      676E6564 
 739      20636861 
 739      7200
 740              	.LASF1:
 741 0033 73686F72 		.ascii	"short unsigned int\000"
 741      7420756E 
 741      7369676E 
 741      65642069 
 741      6E7400
 742              	.LASF16:
 743 0046 77726974 		.ascii	"write\000"
 743      6500
 744              	.LASF29:
 745 004c 6D734F62 		.ascii	"msObjectInit\000"
 745      6A656374 
 745      496E6974 
 745      00
 746              	.LASF15:
 747 0059 696E7374 		.ascii	"instance_offset\000"
 747      616E6365 
 747      5F6F6666 
 747      73657400 
 748              	.LASF27:
 749 0069 2F686F6D 		.ascii	"/home/jstewart/source/yaemk-split-kb/Firmware\000"
 749      652F6A73 
 749      74657761 
 749      72742F73 
 749      6F757263 
 750              	.LASF17:
 751 0097 72656164 		.ascii	"read\000"
 751      00
 752              	.LASF22:
 753 009c 5F676574 		.ascii	"_get\000"
 753      00
 754              	.LASF26:
 755 00a1 6C69622F 		.ascii	"lib/chibios/os/hal/lib/streams/memstreams.c\000"
 755      63686962 
 755      696F732F 
 755      6F732F68 
 755      616C2F6C 
 756              	.LASF6:
 757 00cd 6C6F6E67 		.ascii	"long unsigned int\000"
 757      20756E73 
 757      69676E65 
 757      6420696E 
 757      7400
 758              	.LASF0:
 759 00df 756E7369 		.ascii	"unsigned int\000"
 759      676E6564 
 759      20696E74 
 759      00
 760              	.LASF9:
 761 00ec 63686172 		.ascii	"char\000"
 761      00
 762              	.LASF12:
 763 00f1 75696E74 		.ascii	"uint8_t\000"
 763      385F7400 
 764              	.LASF13:
 765 00f9 6D73675F 		.ascii	"msg_t\000"
 765      7400
 766              	.LASF24:
 767 00ff 5F726561 		.ascii	"_reads\000"
 767      647300
 768              	.LASF25:
 769 0106 474E5520 		.ascii	"GNU C99 10.3.1 20210621 (release) -mcpu=cortex-m4 -"
 769      43393920 
 769      31302E33 
 769      2E312032 
 769      30323130 
 770 0139 6D746875 		.ascii	"mthumb -mno-thumb-interwork -mno-unaligned-access -"
 770      6D62202D 
 770      6D6E6F2D 
 770      7468756D 
 770      622D696E 
 771 016c 6D666C6F 		.ascii	"mfloat-abi=hard -mfpu=fpv4-sp-d16 -march=armv7e-m+f"
 771      61742D61 
 771      62693D68 
 771      61726420 
 771      2D6D6670 
 772 019f 70202D67 		.ascii	"p -ggdb -Os -Ofast -std=gnu99 -fsingle-precision-co"
 772      67646220 
 772      2D4F7320 
 772      2D4F6661 
 772      7374202D 
 773 01d2 6E737461 		.ascii	"nstant -fomit-frame-pointer -ffunction-sections -fd"
 773      6E74202D 
 773      666F6D69 
 773      742D6672 
 773      616D652D 
 774 0205 6174612D 		.ascii	"ata-sections -fshort-wchar -fcommon -flto\000"
 774      73656374 
 774      696F6E73 
 774      202D6673 
 774      686F7274 
 775              	.LASF11:
 776 022f 696E7433 		.ascii	"int32_t\000"
 776      325F7400 
 777              	.LASF30:
 778 0237 5F777269 		.ascii	"_writes\000"
 778      74657300 
 779              	.LASF7:
 780 023f 6C6F6E67 		.ascii	"long long int\000"
 780      206C6F6E 
 780      6720696E 
 780      7400
 781              	.LASF20:
 782 024d 6F666673 		.ascii	"offset\000"
 782      657400
 783              	.LASF4:
 784 0254 73686F72 		.ascii	"short int\000"
 784      7420696E 
 784      7400
 785              	.LASF18:
 786 025e 62756666 		.ascii	"buffer\000"
 786      657200
 787              	.LASF5:
 788 0265 6C6F6E67 		.ascii	"long int\000"
 788      20696E74 
 788      00
 789              	.LASF21:
 790 026e 4D656D6F 		.ascii	"MemoryStream\000"
 790      72795374 
 790      7265616D 
 790      00
 791              	.LASF19:
 792 027b 73697A65 		.ascii	"size\000"
 792      00
 793              	.LASF14:
 794 0280 5F426F6F 		.ascii	"_Bool\000"
 794      6C00
 795              	.LASF8:
 796 0286 6C6F6E67 		.ascii	"long long unsigned int\000"
 796      206C6F6E 
 796      6720756E 
 796      7369676E 
 796      65642069 
 797              		.text
 798              		.section	.gnu.lto_.profile.e5be29b30a88d05b,"e",%progbits
 799 0000 789C6362 		.ascii	"x\234cb\000\001\000\000\022\000\003"
 799      00010000 
 799      120003
 800              		.text
 801              		.section	.gnu.lto_.icf.e5be29b30a88d05b,"e",%progbits
 802 0000 789C5363 		.ascii	"x\234Sc@\0006\206\236k\373\317\3612\366\257\331\265"
 802      40003686 
 802      9E6BFBCF 
 802      F132F6AF 
 802      D9B5
 803 0012 8D9969DE 		.ascii	"\215\231i\336\326\267s\331\230\317\336\331\370\223\235"
 803      D6B773D9 
 803      98CFDED9 
 803      F8939D
 804 0021 E553EF81 		.ascii	"\345S\357\201\337\034\2547\317\274?\315\301\000\000"
 804      DF1CAC37 
 804      CFBC3FCD 
 804      C10000
 805 0030 651812CC 		.ascii	"e\030\022\314"
 806              		.text
 807              		.section	.gnu.lto_.ipa_sra.e5be29b30a88d05b,"e",%progbits
 808 0000 789C4B66 		.ascii	"x\234Kf@\000V\006&\030\223\231\221\021L11\203\271\034"
 808      40005606 
 808      26189399 
 808      91114C31 
 808      3183B91C 
 809 0014 0CEC602E 		.ascii	"\014\354`.3c#\017D\001#P)#3\232,X\002\244\002,\313\302"
 809      3363230F 
 809      44012350 
 809      2923339A 
 809      2C5802A4 
 810 002c C2800618 		.ascii	"\302\200\006\030\031\000q=\001\325"
 810      1900713D 
 810      01D5
 811              		.text
 812              		.section	.gnu.lto_.inline.e5be29b30a88d05b,"e",%progbits
 813 0000 789CCD91 		.ascii	"x\234\315\221\261\212\0021\020\206\377\314D]\\\005\313"
 813      B18A0231 
 813      1086FFCC 
 813      445D5C05 
 813      CB
 814 0011 2BAED8D2 		.ascii	"+\256\330\322\307\360\011|\206UW\3575\254\204+\004}"
 814      C7F0097C 
 814      865557EF 
 814      35AC842B 
 814      047D
 815 0023 00C542B1 		.ascii	"\000\305B\261\023\013{=\256\263\261\260\261\023_\302"
 815      130B7B3D 
 815      AEB3B1B0 
 815      B1135FC2 
 816 0033 46569D04 		.ascii	"FV\235\004w\263pWh\347\004\302\307d&\363\221,\010i\344"
 816      77B37057 
 816      68E704C2 
 816      C76426F3 
 816      912C0869 
 817 0048 80F2F7EC 		.ascii	"\200\362\367\354r\245\216b\250)\003\\\303\003B\013\012"
 817      72A58E62 
 817      A829035C 
 817      C303420B 
 817      0A
 818 0059 1CA0981F 		.ascii	"\034\240\230\037n\3171E\200\267\374\235\337(\"\020T"
 818      6ECF3145 
 818      80B7FC9D 
 818      DF282210 
 818      54
 819 006a 57829A04 		.ascii	"W\202\232\004\2352\264\313z.\353A[\212P\202\372\351"
 819      9D32B4CB 
 819      7A2EEB41 
 819      5B8A5082 
 819      FAE9
 820 007c 8F636E10 		.ascii	"\217cn\020*\2240* KM|\210\223Bi\264\032\0363Ja\242\324"
 820      2A94302A 
 820      204B4D7C 
 820      88934269 
 820      B41A1E33 
 821 0094 551927B6 		.ascii	"U\031'\266N-\240p8\355\327\317:\361\251\267\273J\327"
 821      4E2DA070 
 821      38EDD7CF 
 821      3AF1A9B7 
 821      BB4AD7
 822 00a7 6B4E7264 		.ascii	"kNrd\252\371K\351\177\234\310\022\234\233\237\334\015"
 822      AAF94BE9 
 822      7F9CC812 
 822      9C9B9FDC 
 822      0D
 823 00b8 CFB6BDFC 		.ascii	"\317\266\275\374^d\251%n\011}\272\312\300U\006\351y"
 823      5E64A925 
 823      6E097DBA 
 823      CAC05506 
 823      E979
 824 00ca 55C6EBB2 		.ascii	"U\306\353\262l<\250\233\305\177\2143\037\373\216\302"
 824      6C3CA89B 
 824      C57F8C33 
 824      1FFB8EC2 
 825 00da DA8EDE70 		.ascii	"\332\216\336p[\3363g\310\330\370\002\023j\033\033\211"
 825      5BDE3367 
 825      C8D8F802 
 825      136A1B1B 
 825      89
 826 00eb 3B325599 		.ascii	";2U\231\311"
 826      C9
 827              		.text
 828              		.section	.gnu.lto_.jmpfuncs.e5be29b30a88d05b,"e",%progbits
 829 0000 789C8D4E 		.ascii	"x\234\215NA\012\200@\020\322\235\331:\356\217\333\317"
 829      410A8040 
 829      10D29DD9 
 829      3AEE8FDB 
 829      CF
 830 0011 EC2B3AF5 		.ascii	"\354+:\365\263\322\010\212\016\221 \3500\212+nT\024"
 830      B3D2088A 
 830      0E9120E8 
 830      308A2B6E 
 830      5414
 831 0023 32FA8822 		.ascii	"2\372\210\"\006\005\353b5[q\204/\230r!\301-\011q\027"
 831      0605EB62 
 831      355B7184 
 831      2F987221 
 831      C12D0971 
 832 0038 9AD2DF3E 		.ascii	"\232\322\337>\236-y\266\274_~\264fzUS\274\366k\214\211"
 832      9E2D79B6 
 832      BC5F7EB4 
 832      667A5553 
 832      BCF66B8C 
 833 004d 031B1B31 		.ascii	"\003\033\0331\245"
 833      A5
 834              		.text
 835              		.section	.gnu.lto_.pureconst.e5be29b30a88d05b,"e",%progbits
 836 0000 789C1360 		.ascii	"x\234\023````e\230\305\3028\213\205i\026\013\363,\026"
 836      60606065 
 836      98C5C238 
 836      8B856916 
 836      0BF32C16 
 837 0014 96592C00 		.ascii	"\226Y,\000\032|\0036"
 837      1A7C0336 
 838              		.text
 839              		.section	.gnu.lto_.lto.e5be29b30a88d05b,"e",%progbits
 840 0000 09000400 		.ascii	"\011\000\004\000\001\000\000\000"
 840      01000000 
 841              		.text
 842              		.section	.gnu.lto__writes.282.e5be29b30a88d05b,"e",%progbits
 843 0000 789C7D92 		.ascii	"x\234}\222Ah\023A\024\206\337?\263\233Ml\2437\275\012"
 843      41681341 
 843      1486DF3F 
 843      B39B4D6C 
 843      A337BD0A 
 844 0014 5244B059 		.ascii	"RD\260Y\241\364\340E<y\363\344]\330\304\225\304fM\310"
 844      A1F4E045 
 844      3C79F3E4 
 844      5DD8C495 
 844      C4664DC8 
 845 0028 4654443A 		.ascii	"FTD:\255\222C.\265\365&1\224\260\026{\022D\261j\253"
 845      AD92432E 
 845      B5F52631 
 845      94B0167B 
 845      1244B16A 
 846 003d 11118AA0 		.ascii	"\021\021\212\240h\301C\005)\210b\365PBA\024,\3247\263"
 846      68C14305 
 846      298862F5 
 846      50424114 
 846      2CD437B3 
 847 0051 81366085 		.ascii	"\2016`\205\335\267\363\336|o\376\177fvU\020)\"\032\340"
 847      DDB7F3DE 
 847      7C6FFE7F 
 847      66765510 
 847      29221AE0 
 848 0065 17923035 		.ascii	"\027\22205Y\027\244\224:\356\010\214M\326\177\315\034"
 848      5917A494 
 848      3AEE088C 
 848      4DD67FCD 
 848      1C
 849 0076 C073981C 		.ascii	"\300s\230\0344*0\212\233\262!1%#f\255\356\010\330\177"
 849      342A308A 
 849      9BB22131 
 849      252366AD 
 849      EE08D87F 
 850 008a A8ADD4EF 		.ascii	"\250\255\324\357;\267V\2165\356\266\255H\012j\362\374"
 850      3BB7568E 
 850      35EEB6AD 
 850      480A6AF2 
 850      FC
 851 009b 43E00178 		.ascii	"C\340\001x]bN\236\246\203\314\274[\230S*E\221\224x\204"
 851      5D624E9E 
 851      A683CCBC 
 851      5B98532A 
 851      45919478 
 852 00b0 6D0C17BC 		.ascii	"m\014\027\274\267\266\346.\305\334j\227\263\360\270"
 852      B7B6E62E 
 852      C5DC6A97 
 852      B3F0B8
 853 00bf 97B3BC65 		.ascii	"\227\263\274e\303]\211\271?]N\340i/'\274/v\254|U\307"
 853      C35D89B9 
 853      3F5D4EE0 
 853      692F27BC 
 853      2F76AC7C 
 854 00d5 01863BAB 		.ascii	"\001\206;\253K\345E\305\366l,\240\307\240\267f'\010"
 854      4BE545C5 
 854      F66C2CA0 
 854      C7A0B766 
 854      2708
 855 00e7 CFA06DEB 		.ascii	"\317\240m\353\203\340\367\336\222\335V\033\233\023J"
 855      83E0F7DE 
 855      92DD561B 
 855      9B134A
 856 00f6 6D7EC5B7 		.ascii	"m~\305\267\025{\017x\321\204\320A\352`\021\346a\363"
 856      157B0F78 
 856      D184D041 
 856      EA6011E6 
 856      61F3
 857 0108 C849E8E0 		.ascii	"\310I\350\340\350ZR\207\0240\207>\360l?\360\204\227"
 857      E85A5287 
 857      1430873E 
 857      F06C3FF0 
 857      8497
 858 011a 9A90FA40 		.ascii	"\232\220\372@\225\005\325&\272!E\234\214q\362\003\352"
 858      9505D526 
 858      BA21459C 
 858      8C71F203 
 858      EA
 859 012b F3FB347F 		.ascii	"\363\3734\177\306\247O\261zK\246L\351C\232\3260>?\233"
 859      C6A74FB1 
 859      7A4BA64C 
 859      E9439AD6 
 859      303E3F9B 
 860 013f 6E49748F 		.ascii	"nIt\217\330\206\336\304\214\276\211d$\223L\242\015:"
 860      D886DEC4 
 860      8CBE8964 
 860      24934CA2 
 860      0D3A
 861 0151 12A7022F 		.ascii	"\022\247\002/p\333\0307m\373ZR\374\017~\3110\014|\255"
 861      70DB1837 
 861      6DFB5A52 
 861      FC0F7EC9 
 861      300C7CAD 
 862 0165 597B235A 		.ascii	"Y{#ZR\262\016\367\350\302zMPKZ\246\326\307f\004o\203"
 862      52B20EF7 
 862      E8C27A4D 
 862      504B5AA6 
 862      D6C76604 
 863 017b 73636BF9 		.ascii	"sck\371$\377\012F\342\373\356\226\264w\226p\360\212"
 863      24FF0A46 
 863      E2FBEE96 
 863      B4779670 
 863      F08A
 864 018d 25442C71 		.ascii	"%D,q\277\366\223%\022\334\240%:\250M;t\035\"\222\251"
 864      BFF69325 
 864      12DCA025 
 864      3AA84D3B 
 864      741D2292 
 865 01a2 A67661A6 		.ascii	"\246va\246\372Y\"\222\273\214\312\307Xb\226%\234\177"
 865      FA592292 
 865      BB8CCAC7 
 865      58629625 
 865      9C7F
 866 01b4 4998BB5E 		.ascii	"I\230\273^\334\332B\243\306\006\223\306\263\243;;u\354"
 866      DCDA42A3 
 866      C60693C6 
 866      B3A33B3B 
 866      75EC
 867 01c6 D8F63A6E 		.ascii	"\330\366:nc\336H}J\323:\037\375\260\336 \351{\302\326"
 867      63DE487D 
 867      4AD33A1F 
 867      FDB0DE20 
 867      E97BC2D6 
 868 01da 3D1165DC 		.ascii	"=\021e\334|)\360\335sa\325\277\350U\252nX\272P\311\371"
 868      7C29F0DD 
 868      7361D5BF 
 868      E855AA6E 
 868      58BA50C9 
 869 01ef EE65CF0F 		.ascii	"\356e\317\017F\006\303r\261P\035\034\311\272'\012\225"
 869      4606C372 
 869      B1501D1C 
 869      C9BA270A 
 869      95
 870 0200 80A77D3A 		.ascii	"\200\247}:\\,d\335\\\276\220-\224B\227\237\274Wtu)\254"
 870      5C2C64DD 
 870      5CBE902D 
 870      9442979F 
 870      BC577475 
 871 0216 567C2F08 		.ascii	"V|/\010\335\300\017\272\303L\216D\241\274w{!3\354\017"
 871      DDC00FBA 
 871      C34C8E44 
 871      A1BC777B 
 871      2133EC0F 
 872 022a F94347CF 		.ascii	"\371CG\317\236!\221-\343\274\014\302\362_\016\306\010"
 872      9E21912D 
 872      E3BC0CC2 
 872      F25F0EC6 
 872      08
 873 023b 18       		.ascii	"\030"
 874              		.text
 875              		.section	.gnu.lto__reads.283.e5be29b30a88d05b,"e",%progbits
 876 0000 789C7D92 		.ascii	"x\234}\222Oh\023A\024\306\3377\263\233MhC/\322\263\027"
 876      4F681341 
 876      14C6DF37 
 876      B39B4D68 
 876      432FD2B3 
 877 0015 15C16685 		.ascii	"\025\301f\205\322\203\027\361\324\233'\357\302&\256"
 877      D28317F1 
 877      D49B27EF 
 877      C226AE
 878 0024 24366B42 		.ascii	"$6kB6\242\"\322i\225\034r\251i\021Db\010K\024\305\203"
 878      36A222D2 
 878      69951C72 
 878      A9691144 
 878      62084B14 
 879 003a 202D568D 		.ascii	" -V\215\032\221j\361\242\024<x\365 TDBA\264\342\277"
 879      1A916AF1 
 879      A2143C78 
 879      F5205444 
 879      4241B4E2 
 880 004f 37BB0B6D 		.ascii	"7\273\013m\300\012\331\227\2357\2777\337\367\346\355"
 880      C00AD997 
 880      9D37BF37 
 880      DFF7E6ED 
 881 005f BA205244 		.ascii	"\272 RD\264\227\037H\302|\243.H)u\304\022\230i\324_"
 881      B4971F48 
 881      C27CA32E 
 881      482975C4 
 881      129869D4 
 882 0074 5D5B34F0 		.ascii	"][4\360\014a\0024-0\215\005\331\224\230\227\035\206"
 882      0C610234 
 882      2D308D05 
 882      D9949897 
 882      1D86
 883 0086 8DF80DD8 		.ascii	"\215\370\015\330\275\277\247\324\367\233\3277\0177o"
 883      BDBFA7D4 
 883      F79BD737 
 883      0F376F
 884 0095 F78C8E14 		.ascii	"\367\214\216\024\324\342\375%`\021|01'\217\323>f\336"
 884      D4E2FD25 
 884      60117C30 
 884      31278FD3 
 884      3E66DE
 885 00a8 7697954A 		.ascii	"v\227\225JQGJ<\3006\206\023\316USs\347\"\356}\314\031"
 885      51474A3C 
 885      C0368613 
 885      CE555373 
 885      E722EE7D 
 886 00be 7838C819 		.ascii	"x8\310\031N;\344.D\334\347\230\023x<\310\011\347\256"
 886      4E3BE42E 
 886      44DCE798 
 886      13783CC8 
 886      09E7AE
 887 00d1 19295FD4 		.ascii	"\031)_\324q\017\303\375\037k\345U\305\366L<\301\200"
 887      710FC3FD 
 887      1F6BE555 
 887      C5F64C3C 
 887      C180
 888 00e3 4167C94C 		.ascii	"Ag\311L\020\236B\333\3267\301\317\2755\263\247~\376"
 888      109E42DB 
 888      D637C1CF 
 888      BD35B3A7 
 888      7EFE
 889 00f5 9953EACD 		.ascii	"\231S\352\3157|\\\230\034\001\037\232\020:H\035\014"
 889      377C5C98 
 889      1C011F9A 
 889      103A481D 
 889      0C
 890 0106 4217A636 		.ascii	"B\027\2466\224\320\301\322\271\244\016)`\031C\340\335"
 890      94D0C1D2 
 890      B9A40E29 
 890      601943E0 
 890      DD
 891 0117 61E0111F 		.ascii	"a\340\021\0375'\365\215*\003\252GtE\212h1\303\213OP"
 891      3527F58D 
 891      2A03AA47 
 891      74458A68 
 891      31C38B4F 
 892 012c 1FBEA6F9 		.ascii	"\037\276\246\371o\266}\214\325\003\231\012S\233i\372"
 892      6FB67D8C 
 892      D503990A 
 892      539B69FA 
 893 013c 82D9EE9D 		.ascii	"\202\331\356\235t \021_\261\011\335\304-=\211dGZL\242"
 893      7420115F 
 893      B109DDC4 
 893      2D3D8964 
 893      475A4CA2 
 894 0150 073A182D 		.ascii	"\007:\030-\005\236\343Fh\\\227\255\217\006R\374\017"
 894      059EE346 
 894      685C97AD 
 894      8F0652FC 
 894      0F
 895 0161 7EC13042 		.ascii	"~\3010B\370R\253\266\"\002)Y\207ktb\243&(\220F\230\033"
 895      F852ABB6 
 895      22022959 
 895      876B7462 
 895      A3262890 
 896 0178 623382DB 		.ascii	"b3\202\333\340uh\353\327Q\376\024\"\211]\2014w\2260"
 896      E07568EB 
 896      D751FE14 
 896      22895D81 
 896      34779630 
 897 018c B0C21222 		.ascii	"\260\302\022\"\222\270_{\307g%\270@K\364Qk[t\031\242"
 897      92B85F7B 
 897      C76725B8 
 897      404BF451 
 897      6B5B7419 
 898 01a1 23932DED 		.ascii	"#\223-\355\"\220\303\341.O%j\376w,1\022H\353_\022\341"
 898      2290C3E1 
 898      2E4F256A 
 898      FE772C31 
 898      1248EB5F 
 899 01b7 AC57B75A 		.ascii	"\254W\267Zh\326\330`2\364l\351\312~\035;\226\275\216"
 899      68D6D860 
 899      32F46CE9 
 899      CA7E1D3B 
 899      96BD8E
 900 01ca CA980FA5 		.ascii	"\312\230\017\245\032/A\033|\367\023\272C\322\203\302"
 900      1A2F411B 
 900      7CF713BA 
 900      43D283C2 
 901 01da D6A08832 		.ascii	"\326\240\2102v\276\344\271\366)\277\352\236u*U\333/"
 901      76BEE4B9 
 901      F629BFEA 
 901      9E752A55 
 901      DB2F
 902 01ec 9DA9E45C 		.ascii	"\235\251\344\\\373\274\343zSc~\271X\250\216Me\355\311"
 902      FBBCE37A 
 902      53637EB9 
 902      58A88E4D 
 902      65EDC9
 903 01ff 42C5E36D 		.ascii	"B\305\343m\227\016\024\013Y;\227/d\013%\337\346_\336"
 903      970E140B 
 903      593B972F 
 903      640B25DF 
 903      E65FDE
 904 0212 29DA3AE5 		.ascii	")\332:\345W+\256\343\371\266\347z\361k&G\242P\036\335"
 904      572BAEE3 
 904      F9B6E77A 
 904      F16B2647 
 904      A2501EDD 
 905 0226 9EC84CB8 		.ascii	"\236\310L\270\343\356\370\241\223'Hd\3138-=\277\374"
 905      E3EEF8A1 
 905      93274864 
 905      CB382D3D 
 905      BFFC
 906 0238 17FE5C08 		.ascii	"\027\376\\\010\275"
 906      BD
 907              		.text
 908              		.section	.gnu.lto__put.284.e5be29b30a88d05b,"e",%progbits
 909 0000 789C7D52 		.ascii	"x\234}R\315KTQ\024\277\277{\356\314\233\301\232eE\213"
 909      CD4B5451 
 909      14BFBF7B 
 909      EECC9BC1 
 909      9A65458B 
 910 0014 681311A8 		.ascii	"h\023\021\250O\260\026\255rS\377@\373\340\215\275\230"
 910      4FB016AD 
 910      7253FF40 
 910      FBE08DBD 
 910      98
 911 0025 491FCABC 		.ascii	"I\037\312\274\211>\240\274~\340b,t\254\215\242\022\257"
 911      893EA0BC 
 911      7EE0622C 
 911      74AC8DA2 
 911      12AF
 912 0037 296C5368 		.ascii	")lShJZV#\222A D-r\027%\204\272\020i%a\037\347\2767\251"
 912      4A5A5623 
 912      92412044 
 912      2D721725 
 912      84BA1069 
 913 0052 4106EF1E 		.ascii	"A\006\357\036\3569\367\367q\356\271oI\012q]\010q\232"
 913      EE39F7F7 
 913      71EEB96F 
 913      490A715D 
 913      08719A
 914 0065 176202FD 		.ascii	"\027b\002\375\305\202\024Z\353\006K\312\256b\217\304"
 914      C582145A 
 914      EB064BCA 
 914      AE628FC4 
 915 0075 0B8C8E54 		.ascii	"\013\214\216T\253\316bj\361\363\207S\212p\247X\3708"
 915      ABCE626A 
 915      F1F38753 
 915      8A70A758 
 915      F838
 916 0087 703C4428 		.ascii	"p<D(\264o\241!\332$)\264\3416\015\021\372\251D\002\252"
 916      B46FA121 
 916      DA2429B4 
 916      E1360D11 
 916      FAA94402 
 917 009c B2030E1F 		.ascii	"\262\003\016\037c\320\306\375\301\2369kh\264\254J$\305"
 917      63D0C6FD 
 917      C19E396B 
 917      68B4AC4A 
 917      24C5
 918 00ae 08032681 		.ascii	"\010\003&\201\011\260\261` \235\023G\313Z\277\233\236"
 918      09B0B160 
 918      209D1347 
 918      CB5ABF9B 
 918      9E
 919 00bf D23A294A 		.ascii	"\322:)JDx\212\035\030.8KF\220\256D\270\205\011\255\211"
 919      44788A1D 
 919      182E384B 
 919      4690AE44 
 919      B88509AD 
 920 00d4 CB0AD321 		.ascii	"\313\012\323!\256\036u\006\245\2345\025\351]3\361\010"
 920      AE1E7506 
 920      A59C3515 
 920      E95D33F1 
 920      08
 921 00e5 43D76FDE 		.ascii	"C\327o\336+\244\372\332\023%\212\3419\376\362u6T\\`"
 921      2BA4FADA 
 921      13258AE1 
 921      39FEF275 
 921      36545C60 
 922 00f9 06A61B33 		.ascii	"\006\246\0333\000^\217\337\307\312z\363W\257\326\237"
 922      005E8FDF 
 922      C7CA7AF3 
 922      57AFD69F 
 923 0109 0E2C6E7E 		.ascii	"\016,n~M\244\300\252qi\202\261\263\224\0111\223\306"
 923      4DA4C0AA 
 923      716982B1 
 923      B3940931 
 923      93C6
 924 011b 4DB038C8 		.ascii	"M\2608\310$0\205*\340\031\013\364\222\031\210V\320e"
 924      2430852A 
 924      E0190BF4 
 924      92198856 
 924      D065
 925 012d 21FA4846 		.ascii	"!\372HFI;'\253\320_\006\346\223<Q\336v\334=\313\276"
 925      493B27AB 
 925      D05F06E6 
 925      933C51DE 
 925      76DC3DCB 
 926 0142 0125C3F2 		.ascii	"\001%\303\362\360<\304\032:f\036\356\015\010\225\251"
 926      F03CC41A 
 926      3A661EEE 
 926      0D0895A9 
 927 0152 C5602EF0 		.ascii	"\305`.\360\000\314\347\326\023\014\305K\210\272(M\342"
 927      00CCE7D6 
 927      130CC54B 
 927      88BA284D 
 927      E2
 928 0163 1586C39E 		.ascii	"\025\206\303\236C\332\376\200\344\377\300\263\0146\227"
 928      43DAFE80 
 928      E4FFC0B3 
 928      0C3697
 929 0172 5B41D7F2 		.ascii	"[A\327\362\334A\366`\274!s\2034{k\344\007m58\366\247"
 929      DC41F660 
 929      BC217383 
 929      347B6BE4 
 929      076D3538 
 930 0188 933D01D1 		.ascii	"\223=\001\321\356\222\026\346XR\206\376\235\343\335"
 930      EE9216E6 
 930      585286FE 
 930      9DE3DD
 931 0197 0B3220C5 		.ascii	"\0132 \305\004#\313\354\301\225C\225K\360\177\021*,"
 931      0423CBEC 
 931      C1954395 
 931      4BF07F11 
 931      2A2C
 932 01a9 A364000A 		.ascii	"\243d\000\012\257!\002\252\012\255\306\343\221S*\240"
 932      AF2102AA 
 932      0AADC6E3 
 932      91532AA0 
 933 01b9 D8BF9C84 		.ascii	"\330\277\234\204\351\374M\245s\266\031\352\346\266\343"
 933      E9FC4DA5 
 933      73B619EA 
 933      E6B6E3
 934 01c8 0C36C23C 		.ascii	"\0146\302<r\303^/`W\352\333\210\312\234\320nr\036\341"
 934      72C35E2F 
 934      6057EADB 
 934      88CA9CD0 
 934      6E721EE1 
 935 01dc 85D5F68B 		.ascii	"\205\325\366\213|CG\003\237[\\\377\016\313\310J\334"
 935      7C434703 
 935      9F5B5CFF 
 935      0ECBC84A 
 935      DC
 936 01ed 903FC7D6 		.ascii	"\220?\307\326\023\374HQ*\350\321\223\014?*\266\037U"
 936      13FC4851 
 936      2AE8D193 
 936      0C3F2AB6 
 936      1F55
 937 01ff 885A3BD3 		.ascii	"\210Z;\323\342\271\366E?\357^vry\333o\271\224kt\355"
 937      E2B9F645 
 937      3FEF5E76 
 937      7279DB6F 
 937      B9946B74 
 938 0214 AB8EEB35 		.ascii	"\253\216\3535\325\370\255\315\331|MS\332>\223\315y|"
 938      D5F8ADCD 
 938      D97C4D53 
 938      DA3E93CD 
 938      797C
 939 0226 EC8AEAE6 		.ascii	"\354\212\352\346l\332n\314d\323\331\026\337\346/\343"
 939      6CDA6ECC 
 939      64D3D916 
 939      DFE62FE3 
 940 0236 34DBA6E4 		.ascii	"4\333\246\344\347s\256\343\371\266\347z\225mm\243\220"
 940      E773AEE3 
 940      F9B6E77A 
 940      956D6DA3 
 940      90
 941 0247 D9D67D3B 		.ascii	"\331\326};\013\265'\334z\267\376\344\205\363\002i\362"
 941      0BB527DC 
 941      7AB7FEE4 
 941      85F30269 
 941      F2
 942 0258 FCD6DF7F 		.ascii	"\374\326\337\177%\021\340"
 942      2511E0
 943              		.text
 944              		.section	.gnu.lto__get.285.e5be29b30a88d05b,"e",%progbits
 945 0000 789C7D92 		.ascii	"x\234}\222\317KTQ\024\307\317\367\336;\277L]\012\265"
 945      CF4B5451 
 945      14C7CFF7 
 945      DE3BBF4C 
 945      5D0AB5
 946 0013 6A1311A8 		.ascii	"j\023\021\250O\260\026\255rS\377@\373`\306^\314\244"
 946      4FB016AD 
 946      7253FF40 
 946      FB60C65E 
 946      CCA4
 947 0025 0F65DE44 		.ascii	"\017e\336D\005\225wT\014FB\307Z\204\350\024\257)l\323"
 947      05957754 
 947      0C4642C7 
 947      5A84E814 
 947      AF296CD3 
 948 0039 2F92B4D4 		.ascii	"/\222\264\324F$i\031IT\024\201\265\321\244\224V\021"
 948      46246919 
 948      49541481 
 948      B5D1A494 
 948      5611
 949 004b 4A9D7B67 		.ascii	"J\235{gR\203\012\336;\357\2363\237s\316\367\234;\213"
 949      52830ADE 
 949      3BEF9E33 
 949      9F73CEF7 
 949      9C3B8B
 950 005e 82E83C11 		.ascii	"\202\350<\021\035\346\027!\302P>'Hk\335\022\021\242"
 950      1DE61721 
 950      C2503E27 
 950      486BDD12 
 950      11A2
 951 0070 37DF2F30 		.ascii	"7\337/0\215\261B\275\352\311\327\276Y\\8\244$\256\344"
 951      8DB142BD 
 951      EAC9D7BE 
 951      595C38A4 
 951      24AEE4
 952 0083 73ABC3FB 		.ascii	"s\253\303\373-\241\220\335\244A]B*t\341\262\034\221"
 952      2DA190DD 
 952      A4415D42 
 952      2A74E1B2 
 952      1C91
 953 0095 18924549 		.ascii	"\030\222EIP\225\023\260{\037C\337o\016\217\316EF\306"
 953      509513B0 
 953      7B1F43DF 
 953      6F0E8FCE 
 953      4546C6
 954 00a8 4AAA2805 		.ascii	"J\252(\005\025\030\030\007\036\202\033\023\203\362\030"
 954      15181807 
 954      1E821B13 
 954      83F218
 955 00b7 ED2D69FD 		.ascii	"\355-i\375brB\353\030\025\245\304#lc8\020\277\257\312"
 955      627242EB 
 955      1815A5C4 
 955      236C6338 
 955      10BFAFCA 
 956 00cb E41963F7 		.ascii	"\344\031c\3670\274v\355F\256v0\033-r\347I\374Q1>o\272"
 956      30BC76ED 
 956      46AE7630 
 956      1B2D72E7 
 956      49FC5131 
 957 00e2 CB739B68 		.ascii	"\313s\233h\341S_\315=\315h\010O,\332\214&\013N\2510"
 957      E1535FCD 
 957      3DCD6808 
 957      4F2CDA8C 
 957      260B4EA9 
 958 00f7 610A780C 		.ascii	"a\012x\014\243\311\254\201\037\016\334}\031*\351\365"
 958      A3C9AC81 
 958      1F0EDC7D 
 958      192AE9F5 
 959 0107 9F035AAF 		.ascii	"\237\003Z\257\356\234~\277\022\255\001\213\010\013c"
 959      EE9C7EBF 
 959      12AD018B 
 959      080B63
 960 0116 249B8832 		.ascii	"$\233\2102&d\3340\033\021\005&Pe*U\033\227h@\232\315"
 960      2664DC30 
 960      1B110526 
 960      50652A55 
 960      1B976840 
 961 012c 68055D22 		.ascii	"h\005]\"\032\224\242\354d\331\371\014\375qz>\306\253"
 961      1A94A2EC 
 961      64D9F90C 
 961      FD717A3E 
 961      C6AB
 962 013e B5C79930 		.ascii	"\265\307\2310\177\272\257\037e\005\201\214\332\320\302"
 962      7FBAAF1F 
 962      6505818C 
 962      DAD0C2
 963 014d 3CE82BBA 		.ascii	"<\350+\272\247n\327\004\022\225-*\230Yn\201\313\360"
 963      A76ED704 
 963      12952D2A 
 963      98596E81 
 963      CBF0
 964 015f 14514631 		.ascii	"\024QF1\003j*\2731<\305\250Uo\322\226\353\002)\376\007"
 964      036A2ABB 
 964      313CC5A8 
 964      556FD296 
 964      EB0229FE 
 965 0174 CF326CD6 		.ascii	"\3172l\326\264\214\336\245\271]\334#0\212\311\350\224"
 965      B48CDEA5 
 965      B95DDC23 
 965      308AC9E8 
 965      94
 966 0185 B3970A1B 		.ascii	"\263\227\012\033rS\347\353\337Jj\003)\377]2\2029.)l"
 966      7253E7EB 
 966      DF4A6A03 
 966      29FF5D32 
 966      82392E29 
 967 019a FF9E077D 		.ascii	"\377\236\007}_D \025'\230\262\234}\265\277!\220U\225"
 967      5F442015 
 967      2798B29C 
 967      7DB5BF21 
 967      905595
 968 01ad 39F8AF62 		.ascii	"9\370\257b\213,\3619\304\030\236\201\354\002v\360\356"
 968      8B2CF139 
 968      C4189E81 
 968      EC0276F0 
 968      EE
 969 01be 18B36DDF 		.ascii	"\030\263m\337\332\266=#}\033\034bJ\230\314\030\254\226"
 969      DAB63D23 
 969      7D1B1C62 
 969      4A98CC18 
 969      AC96
 970 01d0 B51CFE26 		.ascii	"\265\034\376&\204\014\360\274<\030\347\3302\357\312"
 970      840CF0BC 
 970      3C18E7D8 
 970      32EFCA
 971 01df EAD72FBE 		.ascii	"\352\327/\276\3422\325\246\270\031Qm]\3057t\2670\035"
 971      E232D5A6 
 971      B819516D 
 971      5DC53774 
 971      B7301D
 972 01f2 E6F80F84 		.ascii	"\346\370\017\204M\023\201\013\342\316\370Z\224o\207"
 972      4D13810B 
 972      E2CEF85A 
 972      946F87
 973 0201 53E487F1 		.ascii	"S\344\207\361$\337$\266n\222\250\321Ivx\256s\322\317"
 973      24DF24B6 
 973      6E92A8D1 
 973      497678AE 
 973      73D2CF
 974 0214 B8A7E3E9 		.ascii	"\270\247\343\351\214\343w\234J\267\272\316\331\270\353"
 974      8CE3779C 
 974      4AB7BACE 
 974      D9B8EB
 975 0223 B535F89D 		.ascii	"\2655\370\235\355\251LC[\3029\222J{\374\263K\365\355"
 975      EDA94C43 
 975      5BC23992 
 975      4A7BFCB3 
 975      4BF5ED
 976 0236 A984D39A 		.ascii	"\251\204\323\232L%R\035\276\303O2\336\356\230\220\237"
 976      4C25521D 
 976      BEC34F32 
 976      DEEE9890 
 976      9F
 977 0247 49BB71CF 		.ascii	"I\273q\317w<\327\253\034\033[I\244:\353\266\007\032"
 977      773CD7AB 
 977      1C1B5B49 
 977      A43AEBB6 
 977      071A
 978 0259 0FB8CD6E 		.ascii	"\017\270\315n\363\301\023\307Iz~'\022\277\000\325(\026"
 978      F3C113C7 
 978      497A7E27 
 978      12BF00D5 
 978      2816
 979 026b 98       		.ascii	"\230"
 980              		.text
 981              		.section	.gnu.lto_vmt.286.e5be29b30a88d05b,"e",%progbits
 982 0000 789C45C9 		.ascii	"x\234E\311;\012\302@\020\200\341\231L<\201\036\303d"
 982      3B0AC240 
 982      1080E199 
 982      4C3C811E 
 982      C364
 983 0012 3AC1C6D2 		.ascii	":\301\306\322[X$a!\253Y\"\331\210h\025\202\205\215M"
 983      5B582461 
 983      21AB5922 
 983      D9886815 
 983      82858D4D 
 984 0026 6A936A0B 		.ascii	"j\223j\013[\301\327\011<\205\007\360\020\026\256(f\030"
 984      5BC1D709 
 984      3C8507F0 
 984      1016AE28 
 984      6618
 985 0038 7E866FD6 		.ascii	"~\206o\326\0000\201\357\354\0117X\026\305\253\332=\216"
 985      003081EF 
 985      EC093758 
 985      16C5ABDA 
 985      3D8E
 986 004a 5D34040D 		.ascii	"]4\004\015\265\372\274[\301\206\260\225\221!\247!\347"
 986      B5FABC5B 
 986      C186B095 
 986      9121A721 
 986      E7
 987 005b 0F878121 		.ascii	"\017\207\201!j\210>P\221!\027aXn\213\236\241NM\2007"
 987      6A883E50 
 987      91211761 
 987      586E8B9E 
 987      A14E4D80 
 988 0070 AC09F16A 		.ascii	"\254\011\361j\353\340\305\226\360l\353\342\011\301\347"
 988      EBE0C596 
 988      F06CEBE2 
 988      09C1E7
 989 007f 385582A7 		.ascii	"8U\202\247:\027\313 \313Y\247\213,\022\274\012\204\232"
 989      3A17CB20 
 989      CB59A78B 
 989      2C12BC0A 
 989      849A
 990 0091 797A9EC8 		.ascii	"yz\236\310\334\233\205<\226\231\262o\001\375D\206\034"
 990      DC9B853C 
 990      9699B26F 
 990      01FD4486 
 990      1C
 991 00a2 C53294A9 		.ascii	"\3052\224\251f\273q\220\360\207t\236\211@iVB\375N?\202"
 991      66BB7190 
 991      F087749E 
 991      89406956 
 991      42FD4E3F 
 992 00b7 3788AB45 		.ascii	"7\210\253E\035"
 992      1D
 993              		.text
 994              		.section	.gnu.lto_msObjectInit.287.e5be29b30a88d05b,"e",%progbits
 995 0000 789C8D92 		.ascii	"x\234\215\222Ak\324P\024\205\357\311M2S\004\335\210"
 995      416BD450 
 995      1485EFC9 
 995      4D325304 
 995      DD88
 996 0012 6BA10B11 		.ascii	"k\241\013\021\354D(.\334\271\322\177!L\3067L\354\204"
 996      EC44282E 
 996      DCB9D27F 
 996      214CC637 
 996      4CEC84
 997 0025 29932952 		.ascii	")\223)R7}\035\252\310,:muU\324E\2112;W\332\326Z;2J)"
 997      377D1DAA 
 997      C82C3A6D 
 997      7555D445 
 997      89323B57 
 998 0040 225657BA 		.ascii	"\"VW\272R\204\302\330\205H\027\342B\321\373\222H[\027"
 998      5284C2D8 
 998      854817E2 
 998      42D1FB92 
 998      485B17
 999 0053 A5210FEE 		.ascii	"\245!\017\356\2719_\356\313\311kYD\267\210hP\026\230"
 999      B9395FEE 
 999      CBC96B59 
 999      44B78868 
 999      501698
 1000 0066 3037DBB2 		.ascii	"07\333\262Hk}!gar\2665\2005$\0124aa\002\267\371\264"
 1000      486B7D21 
 1000      676172B6 
 1000      35803524 
 1000      0A346161 
 1001 007e C89F0FE6 		.ascii	"\310\237\017\346?\364\240;]\304Lt_Vr\335e\314q\314\200"
 1001      3FF4A03B 
 1001      5DC44C74 
 1001      5F5672DD 
 1001      65CC71CC 
 1002 0093 9D55164E 		.ascii	"\235U\026NJ\305\227\351TW\353\315\215%\255\007(f\306"
 1002      4AC597E9 
 1002      5457EBCD 
 1002      8D25AD07 
 1002      2866C6
 1003 00a6 2284C113 		.ascii	"\"\204\301\023\3401\3104\374m6\276\361\324\367)\363"
 1003      E031C834 
 1003      FC6D36BE 
 1003      F1D4F729 
 1003      F3
 1004 00b7 D958DEEF 		.ascii	"\331X\336\357\263\375\037\211O#1~\377\330\233>:#[p\260"
 1004      B3FD1F89 
 1004      4F23317E 
 1004      FFD89B3E 
 1004      3A235B70 
 1005 00cc B2DFE8F8 		.ascii	"\262\337\350\370M\263\005\276\221\0327\337fot\260\372"
 1005      4DB305BE 
 1005      911A37DF 
 1005      666F74B0 
 1005      FA
 1006 00dd BF71DA26 		.ascii	"\277q\332&r\377}\203\364\350\321{\247\253\177\375ik"
 1006      72FF7D83 
 1006      F4E8D17B 
 1006      A7AB7FFD 
 1006      696B
 1007 00ef BDB585FE 		.ascii	"\275\265\205\376\340\021\013X\202\015<\205\013<C\036"
 1007      E0110B58 
 1007      820D3C85 
 1007      0B3C431E 
 1008 00ff 782EB636 		.ascii	"x.\2666\233\220\264\015\335%\232a+\025\223\"\266\241"
 1008      9B90B40D 
 1008      DD259A61 
 1008      2B159322 
 1008      B6A1
 1009 0111 BF2CAE83 		.ascii	"\277,\256\203\276\241y\247\365\033Y\022\014\223\316"
 1009      BEA179A7 
 1009      F51B5912 
 1009      0C93CE
 1010 0120 43936547 		.ascii	"C\223eG\244\273 \331tAgE\347c\316\341\005\356\361n\202"
 1010      A4BB20D9 
 1010      74416745 
 1010      E763CEE1 
 1010      05EEF16E 
 1011 0135 B9C43D05 		.ascii	"\271\304=\005W\312\016S\212\3321\347\361\022\350\201"
 1011      57CA0E53 
 1011      8ADA31E7 
 1011      F112E881 
 1012 0145 A67053EB 		.ascii	"\246pS\353\376qc|\205t\344r:r\376\353\261\003\346\330"
 1012      FE71637C 
 1012      8574E472 
 1012      3A72FEEB 
 1012      B103E6D8 
 1013 0159 58973942 		.ascii	"X\2279B,\260\235P+\207\241\034l\010e\031\312M\250\325"
 1013      2CB09D50 
 1013      2B87A11C 
 1013      6C086519 
 1013      CA4DA8D5 
 1014 016d C351AF85 		.ascii	"\303Q\257\205bC\345\023j-\245v\372\007So\204\222\177"
 1014      6243E513 
 1014      6A2DA576 
 1014      FA07536F 
 1014      84927F
 1015 0180 62627064 		.ascii	"bbpd\247;h~~w)9^m\306n\346D\005\257R\013\225w5j\250"
 1015      A73B687E 
 1015      7E772939 
 1015      5E6DC66E 
 1015      E64405AF 
 1016 019b 6BC57AC3 		.ascii	"k\305z\303\213jc\365\222\362\306\213*\034\031\212F\253"
 1016      8B6A63F5 
 1016      92F2C68B 
 1016      2A1C198A 
 1016      46AB
 1017 01ad 416368C4 		.ascii	"Ach\304\367.\006\365P\036+:S\015|\257T\011\374\240\026"
 1017      F72E06F5 
 1017      501E2B3A 
 1017      530D7CAF 
 1017      5409FCA0 
 1018 01c2 7972578A 		.ascii	"yrW\212U\317\264\242F]\025\303\310\013U\230\225\205"
 1018      55CFB4A2 
 1018      465D15C3 
 1018      C80B5598 
 1018      9585
 1019 01d4 1271188D 		.ascii	"\022q\030\215\236\330\333)\234S\303j\370|\371\012\271"
 1019      9ED8DB29 
 1019      9C53C36A 
 1019      F87CF90A 
 1019      B9
 1020 01e5 FE58B9AC 		.ascii	"\376X\271\254\352v\024\\W\254j\321_+\300\365d"
 1020      EA76145C 
 1020      57AC6AD1 
 1020      5F2BC0F5 
 1020      64
 1021              		.text
 1022              		.section	.gnu.lto_.symbol_nodes.e5be29b30a88d05b,"e",%progbits
 1023 0000 789C75CE 		.ascii	"x\234u\316\313\011\200@\014\004\320\311\304O\031\266"
 1023      CB098040 
 1023      0C04D0C9 
 1023      C44F19B6 
 1024 0010 600D3696 		.ascii	"`\0156\226]\260\000\317\376\313\020\213\360`C~V\021"
 1024      5DB000CF 
 1024      FECB108B 
 1024      F060437E 
 1024      5611
 1025 0022 3CEC9C02 		.ascii	"<\354\234\002o\006\262\343\012{\032\334\225D\232\015"
 1025      6F06B2E3 
 1025      0A7B1ADC 
 1025      95449A0D 
 1026 0032 306099BD 		.ascii	"0`\231\275/!\010:\320$\256\035\215qmi\032\327\211\226"
 1026      2F21083A 
 1026      D024AE1D 
 1026      8D716D69 
 1026      1AD78996 
 1027 0046 FC74755E 		.ascii	"\374tu^^LG\302U\200\312LK\2177Eh\342\376\366\256)\263"
 1027      5E4C47C2 
 1027      5580CA4C 
 1027      4B8F3745 
 1027      68E2FEF6 
 1028 005d 675FE7AA 		.ascii	"g_\347\252\337\211\0238\2358\213"
 1028      DF891338 
 1028      9D388B
 1029              		.text
 1030              		.section	.gnu.lto_.refs.e5be29b30a88d05b,"e",%progbits
 1031 0000 789C1364 		.ascii	"x\234\023d```dabeb`aebfbbb`bd\000\000\002\375\0007"
 1031      60606064 
 1031      61626562 
 1031      60616562 
 1031      66626262 
 1032              		.text
 1033              		.section	.gnu.lto_.decls.e5be29b30a88d05b,"e",%progbits
 1034 0000 789C9556 		.ascii	"x\234\225V{PT\327\031?\3379w_\327\015K\005k\332&\226"
 1034      7B5054D7 
 1034      193FDF39 
 1034      775FD70D 
 1034      4B056BDA 
 1035 0016 384DC34C 		.ascii	"8M\303L\252[1\255\365?:\235I\247\223\211\315L\233\316"
 1035      AA5B31AD 
 1035      F53F3A9D 
 1035      49A79389 
 1035      CD4C9BCE 
 1036 002a A4331D06 		.ascii	"\2443\035\006v/\260\206\335%\273K\214\375\243sE4F\021"
 1036      762FB086 
 1036      DD25BB4B 
 1036      8CFDA373 
 1036      45344611 
 1037 003e 57F18181 		.ascii	"W\361\201\201\210A|\214\246\221(4&4\262,\306n|T\303"
 1037      88417C8C 
 1037      A6912834 
 1037      2634B22C 
 1037      C66E7C54 
 1038 0053 43497C4B 		.ascii	"CI|K\300%\370@A\202y@\277s\357\335\275\273\260\316\244"
 1038      C025F840 
 1038      41827940 
 1038      BF73EFDD 
 1038      BDBBB0CE 
 1039 0068 07BE7BEF 		.ascii	"\007\276{\357~\367\367\375\276\337\371\316\353\216\314"
 1039      7EF7F7FD 
 1039      BEDFF9CE 
 1039      EB8ECC
 1040 0077 20240284 		.ascii	" $\002\204\310\224\220Il&B\310\247hF\264V\264\020Z\021"
 1040      C8949049 
 1040      6C2642C8 
 1040      A76846B4 
 1040      56B4105A 
 1041 008c 5A1B5A18 		.ascii	"Z\033Z\030\255\227\250\215\277\357G\033D\273\203v\037"
 1041      AD97A88D 
 1041      BFEF471B 
 1041      44BB8376 
 1041      1F
 1042 009d 6D12CD86 		.ascii	"m\022\315\206\\\370O\262\200$\265!\374\215\251\310L"
 1042      5CF84FB2 
 1042      8024B521 
 1042      FC8DA9C8 
 1042      4C
 1043 00ae B44C8DBB 		.ascii	"\264L\215\273(\201\363%-\327y\264'\020\373\024\032\303"
 1043      2881F325 
 1043      2DD779B4 
 1043      2710FB14 
 1043      1AC3
 1044 00c0 E74E4D4F 		.ascii	"\347NMO\017\032\325\362\330\246p\363v\005}b\012\376"
 1044      0F1AD5F2 
 1044      D8A670F3 
 1044      76057D62 
 1044      0AFE
 1045 00d2 5002FF54 		.ascii	"P\002\377Tn\316\333\225\300}\347!\334'\247p\367%\324"
 1045      6ECEDB95 
 1045      C07DE721 
 1045      DC27A770 
 1045      F725D4
 1046 00e5 64AA769E 		.ascii	"d\252v\236w\252n\320j5\265u=\204\267W\343N\305\233\250"
 1046      77AA6ED0 
 1046      6A35B575 
 1046      3D84B757 
 1046      E34EC59B 
 1047 00fa 99F30EA6 		.ascii	"\231\363\016\246\340\375-U\307\347Q\004\374\000-\003"
 1047      E0FD2D55 
 1047      C7E75104 
 1047      FC002D03 
 1048 010a 6D16A87C 		.ascii	"m\026\250|?\305\273\001\357?\306\373ch\217\243\375\004"
 1048      3FC5BB01 
 1048      EF3FC6FB 
 1048      63688FA3 
 1048      FD04
 1049 011c ED476882 		.ascii	"\355Gh\202\306\327O\3641\235\332&\021g\301{q\202\356"
 1049      C6D74FF4 
 1049      319DDA26 
 1049      1167C17B 
 1049      7182EE
 1050 012f 5E4D67AB 		.ascii	"^Mg\253\2465\033\364<\335\232\326X=\2724\335\223$\365"
 1050      A6351BF4 
 1050      3CDD9AD6 
 1050      583DBA34 
 1050      DD9324F5 
 1051 0143 3CD9C4E0 		.ascii	"<\331\304\340%\340\023\321\246<\021F\211]VZx6\201\177"
 1051      25E013D1 
 1051      A63C1146 
 1051      895D565A 
 1051      7836817F 
 1052 0157 A9E84533 		.ascii	"\251\350E3\330\022\216\234\011\002^3!\253\226\321M#"
 1052      D8128E9C 
 1052      09025E33 
 1052      21AB96D1 
 1052      4D23
 1053 0169 5F458C62 		.ascii	"_E\214bH\226\207\345P\205\205\300\207\000\037\000\201"
 1053      489687E5 
 1053      508585C0 
 1053      87001F00 
 1053      81
 1054 017a 23802CEF 		.ascii	"#\200,\357\003\264\0004\003\202\037\203I\365F\330\213"
 1054      03B40034 
 1054      03821F83 
 1054      49F546D8 
 1054      8B
 1055 018b 04C34E1D 		.ascii	"\004\303N\035_\037\001\036\026\225\303+\030\201\205"
 1055      5F1F011E 
 1055      1695C32B 
 1055      188185
 1056 019a F04B0247 		.ascii	"\360K\002G\001\001\030\364\021\300\277\001A\243\307"
 1056      010118F4 
 1056      11C0BF01 
 1056      41A3C7
 1057 01a9 1A1B6758 		.ascii	"\032\033gX\025\356\235a\001\332@c'\020\302\013\002\372"
 1057      15EE9D61 
 1057      01DA4063 
 1057      2710C20B 
 1057      02FA
 1058 01bb AA0EF6D9 		.ascii	"\252\016\366\331\024\226\320\303Y\256T\035\333/\352"
 1058      1496D0C3 
 1058      59AE541D 
 1058      DB2FEA
 1059 01ca 2CED3A4B 		.ascii	",\355:K\030\210\332\235t\345jf\177#,\237\260B\302\334"
 1059      1888DA9D 
 1059      74E56A66 
 1059      7F232C9F 
 1059      B042C2DC 
 1060 01de 84BDC213 		.ascii	"\204\275\302\023\034\336\360\317Q!C-DH)\002|\002p\002"
 1060      1CDEF0CF 
 1060      5121432D 
 1060      44482902 
 1060      7C027002 
 1061 01f2 909F280A 		.ascii	"\220\237(\012\332\357\335oW\001\241\324\200\335k\267"
 1061      DAEFDD6F 
 1061      5701A1D4 
 1061      80DD6BB7 
 1062 0202 BDFB889E 		.ascii	"\275\373\210\236\375\244\236\375T,{\246R\314\235\300"
 1062      FDA49EFD 
 1062      542C7BA6 
 1062      52CC9DC0 
 1063 0212 FE8101D6 		.ascii	"\376\201\001\326\325\023\253X\306\317xC\322\012\344"
 1063      D513AB58 
 1063      C6CF7843 
 1063      D20AE4
 1064 0221 1508FC17 		.ascii	"\025\010\374\027\3404\0179\313y\241\033\240\007\240"
 1064      E0340F39 
 1064      CB79A11B 
 1064      A007A0
 1065 0230 13E05300 		.ascii	"\023\340S\000>\227\011\262\217\327\256\035k\370\371"
 1065      3E9709B2 
 1065      8FD7AE1D 
 1065      6BF8F9
 1066 023f 7B4764F9 		.ascii	"{Gd\371\215G\241\025\340c\340\340X\252c\374\362!p`\260"
 1066      8D47A115 
 1066      E063E0E0 
 1066      58AA63FC 
 1066      F2217060 
 1067 0254 0E198D1C 		.ascii	"\016\031\215\034r|:dA2\342L\022\242#\216\030\256\351"
 1067      727C3A64 
 1067      4132E24C 
 1067      12A2238E 
 1067      18AEE9
 1068 0267 D890165C 		.ascii	"\330\220\026\\\301\260\013\020I\302\330\343\220\355"
 1068      C1B00B10 
 1068      49C2D8E3 
 1068      90ED
 1069 0275 7DA59110 		.ascii	"}\245\221\020\340@\301\177\246!P\011\273\006\274:\335"
 1069      E040C17F 
 1069      A6215009 
 1069      BB06BC3A 
 1069      DD
 1070 0286 A7BFD9FD 		.ascii	"\247\277\331\375H\306\324\216\3029xXW1\346\\h\313~\203"
 1070      48C6D48E 
 1070      C2397858 
 1070      5731E65C 
 1070      68CB7E83 
 1071 029a 5ED1F33A 		.ascii	"^\321\363:w\257:+N^\330\321d\351\007\276nAp\002@\357"
 1071      77AF3A2B 
 1071      4E5ED8D1 
 1071      64E907BE 
 1071      6E417002 
 1072 02b0 AFF12292 		.ascii	"\257\361\"\222\2772\222)S\231\2469\031\025\231\310\234"
 1072      BF329229 
 1072      5399A639 
 1072      191599C8 
 1072      9C
 1073 02c1 62AF60CB 		.ascii	"b\257`\313\036e\271f\232m\023\315\373: ]4\230)\215\232"
 1073      1E65B966 
 1073      9A6D13CD 
 1073      FB3A205D 
 1073      3498298D 
 1074 02d6 9C62F6D7 		.ascii	"\234b\366\327\360\016\335i\314\312\225\005g\345\254"
 1074      F00EDD69 
 1074      CCCA9505 
 1074      67E5AC
 1075 02e5 A849A6C1 		.ascii	"\250I\246\301%\231\013s\361\0325E\300\211Q/\010\346"
 1075      25990B73 
 1075      F11A3545 
 1075      C089512F 
 1075      08E6
 1076 02f7 747C8A9A 		.ascii	"t|\212\232\304Q\266s\275\321y\232\256y\012\253!:s2\261"
 1076      C451B673 
 1076      BDD1799A 
 1076      AE790AAB 
 1076      213A7332 
 1077 030c 3FB966F3 		.ascii	"?\271f\363\2349a\026f|\2237\233\233\336\235%FM6\344"
 1077      9C396116 
 1077      667C9337 
 1077      9B9BDE9D 
 1077      25464D36 
 1078 0321 C87666A5 		.ascii	"\310vf\245;\263l\02108\235bf6A\025\316\234\234\\*\""
 1078      3BB36C11 
 1078      30389D62 
 1078      66364115 
 1078      CE9C9C5C 
 1079 0337 B5608E40 		.ascii	"\265`\216@\016\003k\216|mh\266h\020-s\262\262\011q\222"
 1079      0E036B8E 
 1079      7C6D68B6 
 1079      68102D73 
 1079      B2B20971 
 1080 034c 672912B3 		.ascii	"g)\022\263\311X\003\023&u\352?\001\262E\232C\331sQ<"
 1080      C9580313 
 1080      2675EA3F 
 1080      01B2459A 
 1080      43D97351 
 1081 0361 4528CDC2 		.ascii	"E(\315\302SE0[\255 \343\315\222\367\234\363\205\034"
 1081      5345305B 
 1081      AD20E3CD 
 1081      92F79CF3 
 1081      851C
 1082 0373 91444D14 		.ascii	"\221DM\024_e\012 S\320#E#\001\270l\302\212\363?l\004"
 1082      5F650A20 
 1082      53D02345 
 1082      2301B86C 
 1082      C28AF33F 
 1083 0389 D427029A 		.ascii	"\324'\002\232\221\3044\361\367T{ $\346\2157\022\277"
 1083      91C434F1 
 1083      F7547B20 
 1083      24E68D37 
 1083      12BF
 1084 039b 13AA7150 		.ascii	"\023\252qPu\317\001\320\356\004b)\022\310\211FG@\203"
 1084      75CF01D0 
 1084      EE046229 
 1084      12C88946 
 1084      474083
 1085 03ae C478B458 		.ascii	"\304x\264Xu\007\212ybZx\016\005Lc\336x\233&<\251\351"
 1085      75078A79 
 1085      625A780E 
 1085      054C63DE 
 1085      789B263C 
 1086 03c4 32380751 		.ascii	"28\007QgVu\177k\205e\000\353&7\326O\230 -\230\213\233"
 1086      6756757F 
 1086      6B856500 
 1086      EB2637D6 
 1086      4F98202D 
 1087 03db FF1B94BF 		.ascii	"\377\033\224\277\252\275W\337d\345\0335\337\205\274"
 1087      AABD57DF 
 1087      64E51B35 
 1087      DF85BC
 1088 03ea E8D8B065 		.ascii	"\350\330\260ec\263Aq\024\301EP\3261U\3261\337K\214J"
 1088      63B34171 
 1088      14C14550 
 1088      D63155D6 
 1088      31DF4B8C 
 1089 03ff 7693F2C4 		.ascii	"v\223\362\304\367\206\327X\225\302r\347\\O\330(\312"
 1089      F786D758 
 1089      95C272E7 
 1089      5C4FD828 
 1089      CA
 1090 0410 5337CBEB 		.ascii	"S7\313\353\2008\234\355\327\000\256\362\035+\362Ig\017"
 1090      80389CED 
 1090      D700AEF2 
 1090      1D2BF249 
 1090      670F
 1091 0422 CC46D84D 		.ascii	"\314F\330MY\316\204>\200+8J\\\362\027\010\276\204\017"
 1091      59CE843E 
 1091      802B384A 
 1091      5CF21708 
 1091      BE840F
 1092 0435 738335F2 		.ascii	"s\2035\362x\357\246u\035&\\\253\345\010\024\360\025"
 1092      78EFA675 
 1092      1D265CAB 
 1092      E50814F0 
 1092      15
 1093 0446 5CD0761D 		.ascii	"\\\320v\035\202O\004>\007\370\014\026u\011\254]I=8^"
 1093      824F043E 
 1093      07F80C16 
 1093      7509AC5D 
 1093      493D385E 
 1094 045a 3164D3F4 		.ascii	"1d\323\364r\375-\237u?`\251rD1\366\206\226\243\351\255"
 1094      72FD2D9F 
 1094      753F60A9 
 1094      724431F6 
 1094      8696A3E9 
 1095 046f 95AFCBE9 		.ascii	"\225\257\313\351j\202(\300@<\301@<\301\333\002;\256"
 1095      6A8228C0 
 1095      403CC140 
 1095      3CC1DB02 
 1095      3BAE
 1096 0481 56A8ED83 		.ascii	"V\250\355\203\275\202\222\240U\255\320\245\233\203["
 1096      BD8292A0 
 1096      55ADD0A5 
 1096      9B835B
 1097 0490 A9E2C04D 		.ascii	"\251\342\300M`\210\367k\270/x\336\250i\270\311\035\255"
 1097      6088F76B 
 1097      B82F78DE 
 1097      A869B8C9 
 1097      1DAD
 1098 04a2 3DBB3A85 		.ascii	"=\273:\205\270\210V]\304m\344\277\245\211\030~p\264"
 1098      B888565D 
 1098      C46DE4BF 
 1098      A589187E 
 1098      70B4
 1099 04b4 741F5F52 		.ascii	"t\037_R\350\205/\343\022\276\214KXe`\247SK\270\276y"
 1099      E8852FE3 
 1099      12BE8C4B 
 1099      586560A7 
 1099      534BB8BE 
 1100 04c9 ACDDAC38 		.ascii	"\254\335\2548\302\000wy\306\346\350\272CL\223p\217;"
 1100      C2007779 
 1100      C6E6E8BA 
 1100      434C9370 
 1100      8F3B
 1101 04db AAAF759C 		.ascii	"\252\257u\234I)a\024\371Gbu\270\202\033\253A)\303(\300"
 1101      49296114 
 1101      F9476275 
 1101      B8821BAB 
 1101      4129C328 
 1102 04f0 705CC370 		.ascii	"p\\\303p\\C\330\300zRk\270u#<d\2119\276\342)\017\276"
 1102      5C43D8C0 
 1102      7A526BB8 
 1102      75233C64 
 1102      8939BEE2 
 1103 0507 591E34C5 		.ascii	"Y\0364\305\0123\316=\027V\275W\005I\307\014\201\257"
 1103      0A33CE3D 
 1103      1756BD57 
 1103      0549C70C 
 1103      81AF
 1104 0519 F533646D 		.ascii	"\3653dm\370\300.C\362)\204;d\002\340\342\251C\335\011"
 1104      F8C02E43 
 1104      F229843B 
 1104      6402E0E2 
 1104      A943DD09 
 1105 052d 07E537FA 		.ascii	"\007\3457\372\226\370\255\272%\266l\254>\244\216\305"
 1105      96F8ADBA 
 1105      25B66CAC 
 1105      3EA48EC5 
 1106 053d B7000F78 		.ascii	"\267\000\017x\312\211\246\372\2534\336\357\342x\267"
 1106      CA89A6FA 
 1106      AB34DEEF 
 1106      E278B7
 1107 054c 27B04BDF 		.ascii	"'\260K\337\251AG\033\336o\262\316\255\301\021\350\355"
 1107      A941471B 
 1107      DE6FB2CE 
 1107      ADC111E8 
 1107      ED
 1108 055d 78451D81 		.ascii	"xE\035\201\011\200\261x\357\307\342\275\277\314\330"
 1108      0980B178 
 1108      EFC7E2BD 
 1108      BFCCD8
 1109 056c 754AD8A0 		.ascii	"uJ\330\240R\201\246\332\201\023\274{\260\002\027%\273"
 1109      5281A6DA 
 1109      8113BC7B 
 1109      B0021725 
 1109      BB
 1110 057d ADF81A76 		.ascii	"\255\370\032v\357\350\344E\200\225\224@9MU\247S\003"
 1110      EFE8E445 
 1110      80959440 
 1110      394D55A7 
 1110      5303
 1111 058f 0D433314 		.ascii	"\015C3\024\207\013Vq\304\336\261\212\213\026m\250Vs"
 1111      870B5671 
 1111      C4DEB18A 
 1111      8B166DA8 
 1111      5673
 1112 05a1 C7B99595 		.ascii	"\307\271\225\225ciO\214Q\205\361\243\355\203\207\325"
 1112      63694F8C 
 1112      5185F1A3 
 1112      ED8387D5 
 1113 05b1 F8359879 		.ascii	"\3705\230y\\\361\335\255\037\331\303\347\027\254\245"
 1113      5CF1DDAD 
 1113      1FD9C3E7 
 1113      17ACA5
 1114 05c0 80CB96C9 		.ascii	"\200\313\226\311\214{\017lk<\253\350\251\304\334\353"
 1114      8C7B0F6C 
 1114      6B3CABE8 
 1114      A9C4DCEB 
 1115 05d0 38D1E8A5 		.ascii	"8\321\350\245\357\316\352\353\253H\355;\254\307\327"
 1115      EFCEEAEB 
 1115      AB48ED3B 
 1115      ACC7D7
 1116 05df B84CE175 		.ascii	"\270L\341u\252\364\276\253\345\366\011\230[\263F\036"
 1116      AAF4BEAB 
 1116      E5F60998 
 1116      5BB3461E 
 1117 05ef 6FFABC2D 		.ascii	"o\372\274-\247N\016\227\313\326\253\014\021|\013\345"
 1117      A74E0E97 
 1117      CBD6AB0C 
 1117      117C0BE5 
 1118 05ff 15800A04 		.ascii	"\025\200\012\004\363\357w\354\345\036%S\303\231\007"
 1118      F3EF77EC 
 1118      E51E2553 
 1118      C39907
 1119 060e 5B993E0C 		.ascii	"[\231>\014_\350\303\260\221\227b\277\002:\334_\331\234"
 1119      5FE8C3B0 
 1119      919762BF 
 1119      023ADC5F 
 1119      D99C
 1120 0620 3056B775 		.ascii	"0V\267uP5\007\035T@\365\221\366\2524\0354\252\203\266"
 1120      5035071D 
 1120      5440F591 
 1120      F6AA341D 
 1120      34AA83B6 
 1121 0634 70500B23 		.ascii	"pP\013#\354c\005\370N\355\341N\252\003\243:\260F\351"
 1121      EC6305F8 
 1121      4EEDE14E 
 1121      AA03A33A 
 1121      B046E9
 1122 0647 86B5AE7C 		.ascii	"\206\265\256|\350\256I\371\234\310\340\237\011\275\353"
 1122      E8AE49F9 
 1122      9CC8E09F 
 1122      09BDEB
 1123 0656 26569B64 		.ascii	"&V\233d~2\327P\330Fa\007Mq\276\353_\000[\223\020\366"
 1123      7E32D750 
 1123      D8466107 
 1123      4D71BEEB 
 1123      5F005B93 
 1124 066c 29808D14 		.ascii	")\200\215\024\202I\200\351\337\031[(l\236\306\221\204"
 1124      824980E9 
 1124      DF195B28 
 1124      6C9EC691 
 1124      84
 1125 067d A8A6B069 		.ascii	"\250\246\260i:\311\0022\355\243\000\277\253v\360\312"
 1125      3AC90232 
 1125      EDA300BF 
 1125      AB76F0CA 
 1126 068d C39B14EA 		.ascii	"\303\233\024\352(\274E\241\226\302v\252\256\200\216"
 1126      28BC45A1 
 1126      96C276AA 
 1126      AE808E
 1127 069c AACA2A8B 		.ascii	"\252\312*\213\362!\021\372~1On\016\362-\364H\307\314"
 1127      F22111FA 
 1127      7E314F6E 
 1127      0EF22DF4 
 1127      48C7CC
 1128 06af 151800F5 		.ascii	"\025\030\000\365\374\210\345\300\330\247\026\376\362"
 1128      FC88E5C0 
 1128      D8A716FE 
 1128      F2
 1129 06bc 2CEA6448 		.ascii	",\352dH]\261m\370\244M/q\225\256\364mu\246L\233\312"
 1129      5DB16DF8 
 1129      A44D2F71 
 1129      95AEF46D 
 1129      75A64C9B 
 1130 06d1 23076A27 		.ascii	"#\007j'\214JD\220G,\215\007\270\024\374\345c{;E\005"
 1130      8C4A4490 
 1130      472C8D07 
 1130      B814FCE5 
 1130      637B3B45 
 1131 06e6 BF8B4203 		.ascii	"\277\213B\003\237\220\315u\025W\023\002\212\343\001"
 1131      9F90CD75 
 1131      15571302 
 1131      8AE301
 1132 06f5 457CA621 		.ascii	"E|\246!`|x\327}5d7\205Fe\375\334\250k\263\244\234\303"
 1132      607C78D7 
 1132      7D356437 
 1132      854665FD 
 1132      DCA86BB3 
 1133 070c 7BD1F6A8 		.ascii	"{\321\366\250\312Zn\255|RW^\257+\337\307K\360t\211\253"
 1133      CA5A6EAD 
 1133      7C52575E 
 1133      AF2BDFC7 
 1133      4BF07489 
 1134 0721 C0EE2876 		.ascii	"\300\356(v\025\270\274~;\376\027\347\227\330\271\313"
 1134      15B8BC7E 
 1134      3BFE17E7 
 1134      97D8B9CB 
 1135 0731 1FF049F9 		.ascii	"\037\360I\371n\277\335-\271\265\307\371\016\363\357"
 1135      6EBFDD2D 
 1135      B9B5C7F9 
 1135      0EF3EF
 1136 0740 97BC98F5 		.ascii	"\227\274\230\365\273\305\213\311\017\023\275\363\177"
 1136      BBC58BC9 
 1136      0F13BDF3 
 1136      7F
 1137 074d 252D9416 		.ascii	"%-\224\026..t\022\243\337\365w)/`*sy\002\277\311\013"
 1137      2E2E7412 
 1137      A3DFF577 
 1137      292F602A 
 1137      737902BF 
 1138 0763 30C9EB17 		.ascii	"0\311\353\027\270\313XPVX(\371\330\253\356\200\365y"
 1138      B8CB5850 
 1138      565828F9 
 1138      D8ABEE80 
 1138      F579
 1139 0775 C9FD2725 		.ascii	"\311\375'%\362/\317\377\331\350-,\364K\201\371\366b"
 1139      F22FCFFF 
 1139      D9E82D2C 
 1139      F44B81F9 
 1139      F662
 1140 0787 AF5BB22F 		.ascii	"\257[\262/\365\007\244e\371\276\200\335\357-\3639$\373"
 1140      F507A465 
 1140      F9BE80DD 
 1140      EF2DF339 
 1140      24FB
 1141 0799 F27CC9FD 		.ascii	"\362|\311\375\362<\177i\211+0\357\345\002\373\263.\237"
 1141      F23C7F69 
 1141      892B30EF 
 1141      E502FBB3 
 1141      2E9F
 1142 07ab 1B5F4BE4 		.ascii	"\033_K\344\027\337_q1\341\371\274\276\345jJ\372\014"
 1142      17DF5F71 
 1142      31E1F9BC 
 1142      BEE56A4A 
 1142      FA0C
 1143 07bd B1E6FBDC 		.ascii	"\261\346\373\334\257.\222\346\271\237.,%\242\303\353"
 1143      AF2E92E6 
 1143      B99F2E2C 
 1143      25A2C3EB 
 1144 07cd 0B48AF   		.ascii	"\013H\257"
 1145 07d0 CD733F43 		.ascii	"\315s?C\204\274\322\262\200\301\355/\312\013\374\037"
 1145      84BCD2B2 
 1145      80C1ED2F 
 1145      CA0BFC1F 
 1146 07e0 FC0E8C2B 		.ascii	"\374\016\214+\222\002\306<\374\351\364\233\362\226\371"
 1146      9202C63C 
 1146      FCE9F49B 
 1146      F296F9
 1147 07ef 5C01C96F 		.ascii	"\\\001\311ou\373\377X\260Tr\004\376\340q\005\214\010"
 1147      75FBFF58 
 1147      B0547204 
 1147      FEE07105 
 1147      8C08
 1148 0801 77942E17 		.ascii	"w\224.\027J\244\374B\223\307\033(\366y\227\301\002S"
 1148      4AA4FC42 
 1148      93C71B28 
 1148      F67997C1 
 1148      0253
 1149 0813 A127CB5F 		.ascii	"\241'\313_*9\320\343\361\224\225\224<n/\363\373\354"
 1149      2A39D0E3 
 1149      F1949594 
 1149      3C6E2FF3 
 1149      FBEC
 1150 0825 2E8FA3A4 		.ascii	".\217\243\244\314)\331=\3222-\241\313S\204\235`\250"
 1150      CC29D93D 
 1150      D2322DA1 
 1150      CB53849D 
 1150      60A8
 1151 0837 4DE0290C 		.ascii	"M\340)\014J\002\233\313\343\017\344{\034R\236Z?\206"
 1151      4A029BCB 
 1151      E30FE47B 
 1151      1C529E5A 
 1151      3F86
 1152 0849 12FE0758 		.ascii	"\022\376\007X\037E\015"
 1152      1F450D
 1153              		.text
 1154              		.section	.gnu.lto_.symtab.e5be29b30a88d05b,"e",%progbits
 1155 0000 6D734F62 		.ascii	"msObjectInit\000"
 1155      6A656374 
 1155      496E6974 
 1155      00
 1156 000d 00       		.ascii	"\000"
 1157 000e 00       		.ascii	"\000"
 1158 000f 00       		.ascii	"\000"
 1159 0010 00000000 		.ascii	"\000\000\000\000\000\000\000\000"
 1159      00000000 
 1160 0018 FF000000 		.ascii	"\377\000\000\000"
 1161              		.text
 1162              		.section	.gnu.lto_.ext_symtab.e5be29b30a88d05b,"e",%progbits
 1163 0000 01       		.ascii	"\001"
 1164 0001 01       		.ascii	"\001"
 1165 0002 00       		.ascii	"\000"
 1166              		.text
 1167              		.section	.gnu.lto_.opts,"e",%progbits
 1168 0000 272D666E 		.ascii	"'-fno-openmp' '-fno-openacc' '-fno-pie' '-fcf-prote"
 1168      6F2D6F70 
 1168      656E6D70 
 1168      2720272D 
 1168      666E6F2D 
 1169 0033 6374696F 		.ascii	"ction=none' '-g' '-mcpu=cortex-m4' '-mthumb' '-mno-"
 1169      6E3D6E6F 
 1169      6E652720 
 1169      272D6727 
 1169      20272D6D 
 1170 0066 7468756D 		.ascii	"thumb-interwork' '-mno-unaligned-access' '-mfloat-a"
 1170      622D696E 
 1170      74657277 
 1170      6F726B27 
 1170      20272D6D 
 1171 0099 62693D68 		.ascii	"bi=hard' '-mfpu=fpv4-sp-d16' '-mlibarch=armv7e-m+fp"
 1171      61726427 
 1171      20272D6D 
 1171      6670753D 
 1171      66707634 
 1172 00cc 2720272D 		.ascii	"' '-march=armv7e-m+fp' '-Os' '-Ofast' '-fsingle-pre"
 1172      6D617263 
 1172      683D6172 
 1172      6D763765 
 1172      2D6D2B66 
 1173 00ff 63697369 		.ascii	"cision-constant' '-fomit-frame-pointer' '-ffunction"
 1173      6F6E2D63 
 1173      6F6E7374 
 1173      616E7427 
 1173      20272D66 
 1174 0132 2D736563 		.ascii	"-sections' '-fdata-sections' '-fshort-wchar' '-fcom"
 1174      74696F6E 
 1174      73272027 
 1174      2D666461 
 1174      74612D73 
 1175 0165 6D6F6E27 		.ascii	"mon' '-flto' '-Xassembler' '-adhlns=.build/obj_karl"
 1175      20272D66 
 1175      6C746F27 
 1175      20272D58 
 1175      61737365 
 1176 0198 6B39305F 		.ascii	"k90_yaemk/lib/chibios/os/hal/lib/streams/memstreams"
 1176      7961656D 
 1176      6B2F6C69 
 1176      622F6368 
 1176      6962696F 
 1177 01cb 2E6C7374 		.ascii	".lst'\000"
 1177      2700
 1178              		.text
 1179              		.comm	__gnu_lto_slim,1,1
 1180              		.ident	"GCC: (15:10.3-2021.07-4) 10.3.1 20210621 (release)"
DEFINED SYMBOLS
                            *ABS*:0000000000000000 memstreams.c
     /tmp/ccQu5k1p.s:21     .gnu.debuglto_.debug_info:0000000000000000 memstreams.c.5e3e39fd
                            *COM*:0000000000000001 __gnu_lto_slim

NO UNDEFINED SYMBOLS
