   1              		.cpu cortex-m4
   2              		.eabi_attribute 27, 1
   3              		.eabi_attribute 28, 1
   4              		.eabi_attribute 23, 1
   5              		.eabi_attribute 24, 1
   6              		.eabi_attribute 25, 1
   7              		.eabi_attribute 26, 1
   8              		.eabi_attribute 30, 2
   9              		.eabi_attribute 34, 0
  10              		.eabi_attribute 18, 2
  11              		.file	"nullstreams.c"
  12              		.file 1 "/usr/lib/gcc/arm-none-eabi/10.3.1/include/stddef.h"
  13              		.file 2 "/usr/lib/gcc/arm-none-eabi/10.3.1/include/stdint.h"
  14              		.file 3 "./lib/chibios/os/common/ports/ARMCMx/compilers/GCC/chtypes.h"
  15              		.file 4 "lib/chibios/os/hal/lib/streams/nullstreams.h"
  16              		.file 5 "lib/chibios/os/hal/lib/streams/nullstreams.c"
  17              		.section	.gnu.debuglto_.debug_info,"e",%progbits
  18              	.Ldebug_info0:
  19              		.hidden	nullstreams.c.70ab3cb4
  20              		.weak	nullstreams.c.70ab3cb4
  21              	nullstreams.c.70ab3cb4:
  22 0000 66020000 		.4byte	0x266
  23 0004 0400     		.2byte	0x4
  24 0006 00000000 		.4byte	.Ldebug_abbrev0
  25 000a 04       		.byte	0x4
  26 000b 01       		.uleb128 0x1
  27 000c E4000000 		.4byte	.LASF20
  28 0010 0C       		.byte	0xc
  29 0011 23020000 		.4byte	.LASF21
  30 0015 91000000 		.4byte	.LASF22
  31 0019 00000000 		.4byte	.Ldebug_line0
  32 001d 02       		.uleb128 0x2
  33 001e 04       		.byte	0x4
  34 001f 05       		.byte	0x5
  35 0020 696E7400 		.ascii	"int\000"
  36 0024 03       		.uleb128 0x3
  37 0025 00000000 		.4byte	.LASF4
  38 0029 01       		.byte	0x1
  39 002a D1       		.byte	0xd1
  40 002b 17       		.byte	0x17
  41 002c 30000000 		.4byte	0x30
  42 0030 04       		.uleb128 0x4
  43 0031 04       		.byte	0x4
  44 0032 07       		.byte	0x7
  45 0033 C4000000 		.4byte	.LASF0
  46 0037 04       		.uleb128 0x4
  47 0038 02       		.byte	0x2
  48 0039 07       		.byte	0x7
  49 003a 48000000 		.4byte	.LASF1
  50 003e 04       		.uleb128 0x4
  51 003f 01       		.byte	0x1
  52 0040 06       		.byte	0x6
  53 0041 6E020000 		.4byte	.LASF2
  54 0045 04       		.uleb128 0x4
  55 0046 02       		.byte	0x2
  56 0047 05       		.byte	0x5
  57 0048 50020000 		.4byte	.LASF3
  58 004c 03       		.uleb128 0x3
  59 004d 0D020000 		.4byte	.LASF5
  60 0051 02       		.byte	0x2
  61 0052 28       		.byte	0x28
  62 0053 18       		.byte	0x18
  63 0054 58000000 		.4byte	0x58
  64 0058 04       		.uleb128 0x4
  65 0059 04       		.byte	0x4
  66 005a 05       		.byte	0x5
  67 005b 65020000 		.4byte	.LASF6
  68 005f 04       		.uleb128 0x4
  69 0060 08       		.byte	0x8
  70 0061 05       		.byte	0x5
  71 0062 15020000 		.4byte	.LASF7
  72 0066 03       		.uleb128 0x3
  73 0067 D6000000 		.4byte	.LASF8
  74 006b 02       		.byte	0x2
  75 006c 2E       		.byte	0x2e
  76 006d 18       		.byte	0x18
  77 006e 77000000 		.4byte	0x77
  78 0072 05       		.uleb128 0x5
  79 0073 66000000 		.4byte	0x66
  80 0077 04       		.uleb128 0x4
  81 0078 01       		.byte	0x1
  82 0079 08       		.byte	0x8
  83 007a 61000000 		.4byte	.LASF9
  84 007e 04       		.uleb128 0x4
  85 007f 04       		.byte	0x4
  86 0080 07       		.byte	0x7
  87 0081 6F000000 		.4byte	.LASF10
  88 0085 04       		.uleb128 0x4
  89 0086 08       		.byte	0x8
  90 0087 07       		.byte	0x7
  91 0088 2B000000 		.4byte	.LASF11
  92 008c 03       		.uleb128 0x3
  93 008d DE000000 		.4byte	.LASF12
  94 0091 03       		.byte	0x3
  95 0092 2F       		.byte	0x2f
  96 0093 1D       		.byte	0x1d
  97 0094 4C000000 		.4byte	0x4c
  98 0098 06       		.uleb128 0x6
  99 0099 04       		.byte	0x4
 100 009a 04       		.uleb128 0x4
 101 009b 01       		.byte	0x1
 102 009c 08       		.byte	0x8
 103 009d D1000000 		.4byte	.LASF13
 104 00a1 07       		.uleb128 0x7
 105 00a2 04       		.byte	0x4
 106 00a3 66000000 		.4byte	0x66
 107 00a7 08       		.uleb128 0x8
 108 00a8 24000000 		.4byte	0x24
 109 00ac C0000000 		.4byte	0xc0
 110 00b0 09       		.uleb128 0x9
 111 00b1 98000000 		.4byte	0x98
 112 00b5 09       		.uleb128 0x9
 113 00b6 C0000000 		.4byte	0xc0
 114 00ba 09       		.uleb128 0x9
 115 00bb 24000000 		.4byte	0x24
 116 00bf 00       		.byte	0
 117 00c0 07       		.uleb128 0x7
 118 00c1 04       		.byte	0x4
 119 00c2 72000000 		.4byte	0x72
 120 00c6 07       		.uleb128 0x7
 121 00c7 04       		.byte	0x4
 122 00c8 A7000000 		.4byte	0xa7
 123 00cc 08       		.uleb128 0x8
 124 00cd 24000000 		.4byte	0x24
 125 00d1 E5000000 		.4byte	0xe5
 126 00d5 09       		.uleb128 0x9
 127 00d6 98000000 		.4byte	0x98
 128 00da 09       		.uleb128 0x9
 129 00db A1000000 		.4byte	0xa1
 130 00df 09       		.uleb128 0x9
 131 00e0 24000000 		.4byte	0x24
 132 00e4 00       		.byte	0
 133 00e5 07       		.uleb128 0x7
 134 00e6 04       		.byte	0x4
 135 00e7 CC000000 		.4byte	0xcc
 136 00eb 08       		.uleb128 0x8
 137 00ec 8C000000 		.4byte	0x8c
 138 00f0 FF000000 		.4byte	0xff
 139 00f4 09       		.uleb128 0x9
 140 00f5 98000000 		.4byte	0x98
 141 00f9 09       		.uleb128 0x9
 142 00fa 66000000 		.4byte	0x66
 143 00fe 00       		.byte	0
 144 00ff 07       		.uleb128 0x7
 145 0100 04       		.byte	0x4
 146 0101 EB000000 		.4byte	0xeb
 147 0105 08       		.uleb128 0x8
 148 0106 8C000000 		.4byte	0x8c
 149 010a 14010000 		.4byte	0x114
 150 010e 09       		.uleb128 0x9
 151 010f 98000000 		.4byte	0x98
 152 0113 00       		.byte	0
 153 0114 07       		.uleb128 0x7
 154 0115 04       		.byte	0x4
 155 0116 05010000 		.4byte	0x105
 156 011a 04       		.uleb128 0x4
 157 011b 01       		.byte	0x1
 158 011c 02       		.byte	0x2
 159 011d 7A020000 		.4byte	.LASF14
 160 0121 0A       		.uleb128 0xa
 161 0122 07000000 		.4byte	.LASF23
 162 0126 14       		.byte	0x14
 163 0127 04       		.byte	0x4
 164 0128 35       		.byte	0x35
 165 0129 08       		.byte	0x8
 166 012a 70010000 		.4byte	0x170
 167 012e 0B       		.uleb128 0xb
 168 012f 81000000 		.4byte	.LASF15
 169 0133 04       		.byte	0x4
 170 0134 36       		.byte	0x36
 171 0135 03       		.byte	0x3
 172 0136 24000000 		.4byte	0x24
 173 013a 00       		.byte	0
 174 013b 0B       		.uleb128 0xb
 175 013c 5B000000 		.4byte	.LASF16
 176 0140 04       		.byte	0x4
 177 0141 36       		.byte	0x36
 178 0142 03       		.byte	0x3
 179 0143 C6000000 		.4byte	0xc6
 180 0147 04       		.byte	0x4
 181 0148 0B       		.uleb128 0xb
 182 0149 BF000000 		.4byte	.LASF17
 183 014d 04       		.byte	0x4
 184 014e 36       		.byte	0x36
 185 014f 03       		.byte	0x3
 186 0150 E5000000 		.4byte	0xe5
 187 0154 08       		.byte	0x8
 188 0155 0C       		.uleb128 0xc
 189 0156 70757400 		.ascii	"put\000"
 190 015a 04       		.byte	0x4
 191 015b 36       		.byte	0x36
 192 015c 03       		.byte	0x3
 193 015d FF000000 		.4byte	0xff
 194 0161 0C       		.byte	0xc
 195 0162 0C       		.uleb128 0xc
 196 0163 67657400 		.ascii	"get\000"
 197 0167 04       		.byte	0x4
 198 0168 36       		.byte	0x36
 199 0169 03       		.byte	0x3
 200 016a 14010000 		.4byte	0x114
 201 016e 10       		.byte	0x10
 202 016f 00       		.byte	0
 203 0170 05       		.uleb128 0x5
 204 0171 21010000 		.4byte	0x121
 205 0175 0D       		.uleb128 0xd
 206 0176 04       		.byte	0x4
 207 0177 04       		.byte	0x4
 208 0178 3E       		.byte	0x3e
 209 0179 09       		.byte	0x9
 210 017a 8C010000 		.4byte	0x18c
 211 017e 0C       		.uleb128 0xc
 212 017f 766D7400 		.ascii	"vmt\000"
 213 0183 04       		.byte	0x4
 214 0184 40       		.byte	0x40
 215 0185 1F       		.byte	0x1f
 216 0186 8C010000 		.4byte	0x18c
 217 018a 00       		.byte	0
 218 018b 00       		.byte	0
 219 018c 07       		.uleb128 0x7
 220 018d 04       		.byte	0x4
 221 018e 70010000 		.4byte	0x170
 222 0192 03       		.uleb128 0x3
 223 0193 5A020000 		.4byte	.LASF18
 224 0197 04       		.byte	0x4
 225 0198 42       		.byte	0x42
 226 0199 03       		.byte	0x3
 227 019a 75010000 		.4byte	0x175
 228 019e 0E       		.uleb128 0xe
 229 019f 766D7400 		.ascii	"vmt\000"
 230 01a3 05       		.byte	0x5
 231 01a4 4D       		.byte	0x4d
 232 01a5 23       		.byte	0x23
 233 01a6 70010000 		.4byte	0x170
 234 01aa 0F       		.uleb128 0xf
 235 01ab 1C000000 		.4byte	.LASF24
 236 01af 05       		.byte	0x5
 237 01b0 58       		.byte	0x58
 238 01b1 06       		.byte	0x6
 239 01b2 C3010000 		.4byte	0x1c3
 240 01b6 10       		.uleb128 0x10
 241 01b7 6E737000 		.ascii	"nsp\000"
 242 01bb 05       		.byte	0x5
 243 01bc 58       		.byte	0x58
 244 01bd 21       		.byte	0x21
 245 01be C3010000 		.4byte	0x1c3
 246 01c2 00       		.byte	0
 247 01c3 07       		.uleb128 0x7
 248 01c4 04       		.byte	0x4
 249 01c5 92010000 		.4byte	0x192
 250 01c9 11       		.uleb128 0x11
 251 01ca 67657400 		.ascii	"get\000"
 252 01ce 05       		.byte	0x5
 253 01cf 46       		.byte	0x46
 254 01d0 0E       		.byte	0xe
 255 01d1 8C000000 		.4byte	0x8c
 256 01d5 E5010000 		.4byte	0x1e5
 257 01d9 10       		.uleb128 0x10
 258 01da 697000   		.ascii	"ip\000"
 259 01dd 05       		.byte	0x5
 260 01de 46       		.byte	0x46
 261 01df 18       		.byte	0x18
 262 01e0 98000000 		.4byte	0x98
 263 01e4 00       		.byte	0
 264 01e5 11       		.uleb128 0x11
 265 01e6 70757400 		.ascii	"put\000"
 266 01ea 05       		.byte	0x5
 267 01eb 3E       		.byte	0x3e
 268 01ec 0E       		.byte	0xe
 269 01ed 8C000000 		.4byte	0x8c
 270 01f1 0B020000 		.4byte	0x20b
 271 01f5 10       		.uleb128 0x10
 272 01f6 697000   		.ascii	"ip\000"
 273 01f9 05       		.byte	0x5
 274 01fa 3E       		.byte	0x3e
 275 01fb 18       		.byte	0x18
 276 01fc 98000000 		.4byte	0x98
 277 0200 10       		.uleb128 0x10
 278 0201 6200     		.ascii	"b\000"
 279 0203 05       		.byte	0x5
 280 0204 3E       		.byte	0x3e
 281 0205 24       		.byte	0x24
 282 0206 66000000 		.4byte	0x66
 283 020a 00       		.byte	0
 284 020b 12       		.uleb128 0x12
 285 020c 42000000 		.4byte	.LASF19
 286 0210 05       		.byte	0x5
 287 0211 35       		.byte	0x35
 288 0212 0F       		.byte	0xf
 289 0213 24000000 		.4byte	0x24
 290 0217 3C020000 		.4byte	0x23c
 291 021b 10       		.uleb128 0x10
 292 021c 697000   		.ascii	"ip\000"
 293 021f 05       		.byte	0x5
 294 0220 35       		.byte	0x35
 295 0221 1B       		.byte	0x1b
 296 0222 98000000 		.4byte	0x98
 297 0226 10       		.uleb128 0x10
 298 0227 627000   		.ascii	"bp\000"
 299 022a 05       		.byte	0x5
 300 022b 35       		.byte	0x35
 301 022c 28       		.byte	0x28
 302 022d A1000000 		.4byte	0xa1
 303 0231 10       		.uleb128 0x10
 304 0232 6E00     		.ascii	"n\000"
 305 0234 05       		.byte	0x5
 306 0235 35       		.byte	0x35
 307 0236 33       		.byte	0x33
 308 0237 24000000 		.4byte	0x24
 309 023b 00       		.byte	0
 310 023c 13       		.uleb128 0x13
 311 023d 15000000 		.4byte	.LASF25
 312 0241 05       		.byte	0x5
 313 0242 2D       		.byte	0x2d
 314 0243 0F       		.byte	0xf
 315 0244 24000000 		.4byte	0x24
 316 0248 10       		.uleb128 0x10
 317 0249 697000   		.ascii	"ip\000"
 318 024c 05       		.byte	0x5
 319 024d 2D       		.byte	0x2d
 320 024e 1C       		.byte	0x1c
 321 024f 98000000 		.4byte	0x98
 322 0253 10       		.uleb128 0x10
 323 0254 627000   		.ascii	"bp\000"
 324 0257 05       		.byte	0x5
 325 0258 2D       		.byte	0x2d
 326 0259 2F       		.byte	0x2f
 327 025a C0000000 		.4byte	0xc0
 328 025e 10       		.uleb128 0x10
 329 025f 6E00     		.ascii	"n\000"
 330 0261 05       		.byte	0x5
 331 0262 2D       		.byte	0x2d
 332 0263 3A       		.byte	0x3a
 333 0264 24000000 		.4byte	0x24
 334 0268 00       		.byte	0
 335 0269 00       		.byte	0
 336              		.section	.gnu.debuglto_.debug_abbrev,"e",%progbits
 337              	.Ldebug_abbrev0:
 338 0000 01       		.uleb128 0x1
 339 0001 11       		.uleb128 0x11
 340 0002 01       		.byte	0x1
 341 0003 25       		.uleb128 0x25
 342 0004 0E       		.uleb128 0xe
 343 0005 13       		.uleb128 0x13
 344 0006 0B       		.uleb128 0xb
 345 0007 03       		.uleb128 0x3
 346 0008 0E       		.uleb128 0xe
 347 0009 1B       		.uleb128 0x1b
 348 000a 0E       		.uleb128 0xe
 349 000b 10       		.uleb128 0x10
 350 000c 17       		.uleb128 0x17
 351 000d 00       		.byte	0
 352 000e 00       		.byte	0
 353 000f 02       		.uleb128 0x2
 354 0010 24       		.uleb128 0x24
 355 0011 00       		.byte	0
 356 0012 0B       		.uleb128 0xb
 357 0013 0B       		.uleb128 0xb
 358 0014 3E       		.uleb128 0x3e
 359 0015 0B       		.uleb128 0xb
 360 0016 03       		.uleb128 0x3
 361 0017 08       		.uleb128 0x8
 362 0018 00       		.byte	0
 363 0019 00       		.byte	0
 364 001a 03       		.uleb128 0x3
 365 001b 16       		.uleb128 0x16
 366 001c 00       		.byte	0
 367 001d 03       		.uleb128 0x3
 368 001e 0E       		.uleb128 0xe
 369 001f 3A       		.uleb128 0x3a
 370 0020 0B       		.uleb128 0xb
 371 0021 3B       		.uleb128 0x3b
 372 0022 0B       		.uleb128 0xb
 373 0023 39       		.uleb128 0x39
 374 0024 0B       		.uleb128 0xb
 375 0025 49       		.uleb128 0x49
 376 0026 13       		.uleb128 0x13
 377 0027 00       		.byte	0
 378 0028 00       		.byte	0
 379 0029 04       		.uleb128 0x4
 380 002a 24       		.uleb128 0x24
 381 002b 00       		.byte	0
 382 002c 0B       		.uleb128 0xb
 383 002d 0B       		.uleb128 0xb
 384 002e 3E       		.uleb128 0x3e
 385 002f 0B       		.uleb128 0xb
 386 0030 03       		.uleb128 0x3
 387 0031 0E       		.uleb128 0xe
 388 0032 00       		.byte	0
 389 0033 00       		.byte	0
 390 0034 05       		.uleb128 0x5
 391 0035 26       		.uleb128 0x26
 392 0036 00       		.byte	0
 393 0037 49       		.uleb128 0x49
 394 0038 13       		.uleb128 0x13
 395 0039 00       		.byte	0
 396 003a 00       		.byte	0
 397 003b 06       		.uleb128 0x6
 398 003c 0F       		.uleb128 0xf
 399 003d 00       		.byte	0
 400 003e 0B       		.uleb128 0xb
 401 003f 0B       		.uleb128 0xb
 402 0040 00       		.byte	0
 403 0041 00       		.byte	0
 404 0042 07       		.uleb128 0x7
 405 0043 0F       		.uleb128 0xf
 406 0044 00       		.byte	0
 407 0045 0B       		.uleb128 0xb
 408 0046 0B       		.uleb128 0xb
 409 0047 49       		.uleb128 0x49
 410 0048 13       		.uleb128 0x13
 411 0049 00       		.byte	0
 412 004a 00       		.byte	0
 413 004b 08       		.uleb128 0x8
 414 004c 15       		.uleb128 0x15
 415 004d 01       		.byte	0x1
 416 004e 27       		.uleb128 0x27
 417 004f 19       		.uleb128 0x19
 418 0050 49       		.uleb128 0x49
 419 0051 13       		.uleb128 0x13
 420 0052 01       		.uleb128 0x1
 421 0053 13       		.uleb128 0x13
 422 0054 00       		.byte	0
 423 0055 00       		.byte	0
 424 0056 09       		.uleb128 0x9
 425 0057 05       		.uleb128 0x5
 426 0058 00       		.byte	0
 427 0059 49       		.uleb128 0x49
 428 005a 13       		.uleb128 0x13
 429 005b 00       		.byte	0
 430 005c 00       		.byte	0
 431 005d 0A       		.uleb128 0xa
 432 005e 13       		.uleb128 0x13
 433 005f 01       		.byte	0x1
 434 0060 03       		.uleb128 0x3
 435 0061 0E       		.uleb128 0xe
 436 0062 0B       		.uleb128 0xb
 437 0063 0B       		.uleb128 0xb
 438 0064 3A       		.uleb128 0x3a
 439 0065 0B       		.uleb128 0xb
 440 0066 3B       		.uleb128 0x3b
 441 0067 0B       		.uleb128 0xb
 442 0068 39       		.uleb128 0x39
 443 0069 0B       		.uleb128 0xb
 444 006a 01       		.uleb128 0x1
 445 006b 13       		.uleb128 0x13
 446 006c 00       		.byte	0
 447 006d 00       		.byte	0
 448 006e 0B       		.uleb128 0xb
 449 006f 0D       		.uleb128 0xd
 450 0070 00       		.byte	0
 451 0071 03       		.uleb128 0x3
 452 0072 0E       		.uleb128 0xe
 453 0073 3A       		.uleb128 0x3a
 454 0074 0B       		.uleb128 0xb
 455 0075 3B       		.uleb128 0x3b
 456 0076 0B       		.uleb128 0xb
 457 0077 39       		.uleb128 0x39
 458 0078 0B       		.uleb128 0xb
 459 0079 49       		.uleb128 0x49
 460 007a 13       		.uleb128 0x13
 461 007b 38       		.uleb128 0x38
 462 007c 0B       		.uleb128 0xb
 463 007d 00       		.byte	0
 464 007e 00       		.byte	0
 465 007f 0C       		.uleb128 0xc
 466 0080 0D       		.uleb128 0xd
 467 0081 00       		.byte	0
 468 0082 03       		.uleb128 0x3
 469 0083 08       		.uleb128 0x8
 470 0084 3A       		.uleb128 0x3a
 471 0085 0B       		.uleb128 0xb
 472 0086 3B       		.uleb128 0x3b
 473 0087 0B       		.uleb128 0xb
 474 0088 39       		.uleb128 0x39
 475 0089 0B       		.uleb128 0xb
 476 008a 49       		.uleb128 0x49
 477 008b 13       		.uleb128 0x13
 478 008c 38       		.uleb128 0x38
 479 008d 0B       		.uleb128 0xb
 480 008e 00       		.byte	0
 481 008f 00       		.byte	0
 482 0090 0D       		.uleb128 0xd
 483 0091 13       		.uleb128 0x13
 484 0092 01       		.byte	0x1
 485 0093 0B       		.uleb128 0xb
 486 0094 0B       		.uleb128 0xb
 487 0095 3A       		.uleb128 0x3a
 488 0096 0B       		.uleb128 0xb
 489 0097 3B       		.uleb128 0x3b
 490 0098 0B       		.uleb128 0xb
 491 0099 39       		.uleb128 0x39
 492 009a 0B       		.uleb128 0xb
 493 009b 01       		.uleb128 0x1
 494 009c 13       		.uleb128 0x13
 495 009d 00       		.byte	0
 496 009e 00       		.byte	0
 497 009f 0E       		.uleb128 0xe
 498 00a0 34       		.uleb128 0x34
 499 00a1 00       		.byte	0
 500 00a2 03       		.uleb128 0x3
 501 00a3 08       		.uleb128 0x8
 502 00a4 3A       		.uleb128 0x3a
 503 00a5 0B       		.uleb128 0xb
 504 00a6 3B       		.uleb128 0x3b
 505 00a7 0B       		.uleb128 0xb
 506 00a8 39       		.uleb128 0x39
 507 00a9 0B       		.uleb128 0xb
 508 00aa 49       		.uleb128 0x49
 509 00ab 13       		.uleb128 0x13
 510 00ac 00       		.byte	0
 511 00ad 00       		.byte	0
 512 00ae 0F       		.uleb128 0xf
 513 00af 2E       		.uleb128 0x2e
 514 00b0 01       		.byte	0x1
 515 00b1 3F       		.uleb128 0x3f
 516 00b2 19       		.uleb128 0x19
 517 00b3 03       		.uleb128 0x3
 518 00b4 0E       		.uleb128 0xe
 519 00b5 3A       		.uleb128 0x3a
 520 00b6 0B       		.uleb128 0xb
 521 00b7 3B       		.uleb128 0x3b
 522 00b8 0B       		.uleb128 0xb
 523 00b9 39       		.uleb128 0x39
 524 00ba 0B       		.uleb128 0xb
 525 00bb 27       		.uleb128 0x27
 526 00bc 19       		.uleb128 0x19
 527 00bd 01       		.uleb128 0x1
 528 00be 13       		.uleb128 0x13
 529 00bf 00       		.byte	0
 530 00c0 00       		.byte	0
 531 00c1 10       		.uleb128 0x10
 532 00c2 05       		.uleb128 0x5
 533 00c3 00       		.byte	0
 534 00c4 03       		.uleb128 0x3
 535 00c5 08       		.uleb128 0x8
 536 00c6 3A       		.uleb128 0x3a
 537 00c7 0B       		.uleb128 0xb
 538 00c8 3B       		.uleb128 0x3b
 539 00c9 0B       		.uleb128 0xb
 540 00ca 39       		.uleb128 0x39
 541 00cb 0B       		.uleb128 0xb
 542 00cc 49       		.uleb128 0x49
 543 00cd 13       		.uleb128 0x13
 544 00ce 00       		.byte	0
 545 00cf 00       		.byte	0
 546 00d0 11       		.uleb128 0x11
 547 00d1 2E       		.uleb128 0x2e
 548 00d2 01       		.byte	0x1
 549 00d3 03       		.uleb128 0x3
 550 00d4 08       		.uleb128 0x8
 551 00d5 3A       		.uleb128 0x3a
 552 00d6 0B       		.uleb128 0xb
 553 00d7 3B       		.uleb128 0x3b
 554 00d8 0B       		.uleb128 0xb
 555 00d9 39       		.uleb128 0x39
 556 00da 0B       		.uleb128 0xb
 557 00db 27       		.uleb128 0x27
 558 00dc 19       		.uleb128 0x19
 559 00dd 49       		.uleb128 0x49
 560 00de 13       		.uleb128 0x13
 561 00df 01       		.uleb128 0x1
 562 00e0 13       		.uleb128 0x13
 563 00e1 00       		.byte	0
 564 00e2 00       		.byte	0
 565 00e3 12       		.uleb128 0x12
 566 00e4 2E       		.uleb128 0x2e
 567 00e5 01       		.byte	0x1
 568 00e6 03       		.uleb128 0x3
 569 00e7 0E       		.uleb128 0xe
 570 00e8 3A       		.uleb128 0x3a
 571 00e9 0B       		.uleb128 0xb
 572 00ea 3B       		.uleb128 0x3b
 573 00eb 0B       		.uleb128 0xb
 574 00ec 39       		.uleb128 0x39
 575 00ed 0B       		.uleb128 0xb
 576 00ee 27       		.uleb128 0x27
 577 00ef 19       		.uleb128 0x19
 578 00f0 49       		.uleb128 0x49
 579 00f1 13       		.uleb128 0x13
 580 00f2 01       		.uleb128 0x1
 581 00f3 13       		.uleb128 0x13
 582 00f4 00       		.byte	0
 583 00f5 00       		.byte	0
 584 00f6 13       		.uleb128 0x13
 585 00f7 2E       		.uleb128 0x2e
 586 00f8 01       		.byte	0x1
 587 00f9 03       		.uleb128 0x3
 588 00fa 0E       		.uleb128 0xe
 589 00fb 3A       		.uleb128 0x3a
 590 00fc 0B       		.uleb128 0xb
 591 00fd 3B       		.uleb128 0x3b
 592 00fe 0B       		.uleb128 0xb
 593 00ff 39       		.uleb128 0x39
 594 0100 0B       		.uleb128 0xb
 595 0101 27       		.uleb128 0x27
 596 0102 19       		.uleb128 0x19
 597 0103 49       		.uleb128 0x49
 598 0104 13       		.uleb128 0x13
 599 0105 00       		.byte	0
 600 0106 00       		.byte	0
 601 0107 00       		.byte	0
 602              		.section	.gnu.debuglto_.debug_line,"e",%progbits
 603              	.Ldebug_line0:
 604 0000 DB000000 		.4byte	.LELT0-.LSLT0
 605              	.LSLT0:
 606 0004 0400     		.2byte	0x4
 607 0006 D5000000 		.4byte	.LELTP0-.LASLTP0
 608              	.LASLTP0:
 609 000a 01       		.byte	0x1
 610 000b 01       		.byte	0x1
 611 000c 01       		.byte	0x1
 612 000d F6       		.byte	0xf6
 613 000e F2       		.byte	0xf2
 614 000f 0D       		.byte	0xd
 615 0010 00       		.byte	0
 616 0011 01       		.byte	0x1
 617 0012 01       		.byte	0x1
 618 0013 01       		.byte	0x1
 619 0014 01       		.byte	0x1
 620 0015 00       		.byte	0
 621 0016 00       		.byte	0
 622 0017 00       		.byte	0
 623 0018 01       		.byte	0x1
 624 0019 00       		.byte	0
 625 001a 00       		.byte	0
 626 001b 01       		.byte	0x1
 627 001c 6C69622F 		.ascii	"lib/chibios/os/common/ports/ARMCMx/compilers/GCC"
 627      63686962 
 627      696F732F 
 627      6F732F63 
 627      6F6D6D6F 
 628 004c 00       		.byte	0
 629 004d 6C69622F 		.ascii	"lib/chibios/os/hal/lib/streams"
 629      63686962 
 629      696F732F 
 629      6F732F68 
 629      616C2F6C 
 630 006b 00       		.byte	0
 631 006c 2F757372 		.ascii	"/usr/lib/gcc/arm-none-eabi/10.3.1/include"
 631      2F6C6962 
 631      2F676363 
 631      2F61726D 
 631      2D6E6F6E 
 632 0095 00       		.byte	0
 633 0096 00       		.byte	0
 634 0097 73746464 		.ascii	"stddef.h\000"
 634      65662E68 
 634      00
 635 00a0 03       		.uleb128 0x3
 636 00a1 00       		.uleb128 0
 637 00a2 00       		.uleb128 0
 638 00a3 73746469 		.ascii	"stdint.h\000"
 638      6E742E68 
 638      00
 639 00ac 03       		.uleb128 0x3
 640 00ad 00       		.uleb128 0
 641 00ae 00       		.uleb128 0
 642 00af 63687479 		.ascii	"chtypes.h\000"
 642      7065732E 
 642      6800
 643 00b9 01       		.uleb128 0x1
 644 00ba 00       		.uleb128 0
 645 00bb 00       		.uleb128 0
 646 00bc 6E756C6C 		.ascii	"nullstreams.h\000"
 646      73747265 
 646      616D732E 
 646      6800
 647 00ca 02       		.uleb128 0x2
 648 00cb 00       		.uleb128 0
 649 00cc 00       		.uleb128 0
 650 00cd 6E756C6C 		.ascii	"nullstreams.c\000"
 650      73747265 
 650      616D732E 
 650      6300
 651 00db 02       		.uleb128 0x2
 652 00dc 00       		.uleb128 0
 653 00dd 00       		.uleb128 0
 654 00de 00       		.byte	0
 655              	.LELTP0:
 656              	.LELT0:
 657              		.section	.gnu.debuglto_.debug_str,"eMS",%progbits,1
 658              	.LASF4:
 659 0000 73697A65 		.ascii	"size_t\000"
 659      5F7400
 660              	.LASF23:
 661 0007 4E756C6C 		.ascii	"NullStreamVMT\000"
 661      53747265 
 661      616D564D 
 661      5400
 662              	.LASF25:
 663 0015 77726974 		.ascii	"writes\000"
 663      657300
 664              	.LASF24:
 665 001c 6E756C6C 		.ascii	"nullObjectInit\000"
 665      4F626A65 
 665      6374496E 
 665      697400
 666              	.LASF11:
 667 002b 6C6F6E67 		.ascii	"long long unsigned int\000"
 667      206C6F6E 
 667      6720756E 
 667      7369676E 
 667      65642069 
 668              	.LASF19:
 669 0042 72656164 		.ascii	"reads\000"
 669      7300
 670              	.LASF1:
 671 0048 73686F72 		.ascii	"short unsigned int\000"
 671      7420756E 
 671      7369676E 
 671      65642069 
 671      6E7400
 672              	.LASF16:
 673 005b 77726974 		.ascii	"write\000"
 673      6500
 674              	.LASF9:
 675 0061 756E7369 		.ascii	"unsigned char\000"
 675      676E6564 
 675      20636861 
 675      7200
 676              	.LASF10:
 677 006f 6C6F6E67 		.ascii	"long unsigned int\000"
 677      20756E73 
 677      69676E65 
 677      6420696E 
 677      7400
 678              	.LASF15:
 679 0081 696E7374 		.ascii	"instance_offset\000"
 679      616E6365 
 679      5F6F6666 
 679      73657400 
 680              	.LASF22:
 681 0091 2F686F6D 		.ascii	"/home/jstewart/source/yaemk-split-kb/Firmware\000"
 681      652F6A73 
 681      74657761 
 681      72742F73 
 681      6F757263 
 682              	.LASF17:
 683 00bf 72656164 		.ascii	"read\000"
 683      00
 684              	.LASF0:
 685 00c4 756E7369 		.ascii	"unsigned int\000"
 685      676E6564 
 685      20696E74 
 685      00
 686              	.LASF13:
 687 00d1 63686172 		.ascii	"char\000"
 687      00
 688              	.LASF8:
 689 00d6 75696E74 		.ascii	"uint8_t\000"
 689      385F7400 
 690              	.LASF12:
 691 00de 6D73675F 		.ascii	"msg_t\000"
 691      7400
 692              	.LASF20:
 693 00e4 474E5520 		.ascii	"GNU C99 10.3.1 20210621 (release) -mcpu=cortex-m4 -"
 693      43393920 
 693      31302E33 
 693      2E312032 
 693      30323130 
 694 0117 6D746875 		.ascii	"mthumb -mno-thumb-interwork -mno-unaligned-access -"
 694      6D62202D 
 694      6D6E6F2D 
 694      7468756D 
 694      622D696E 
 695 014a 6D666C6F 		.ascii	"mfloat-abi=hard -mfpu=fpv4-sp-d16 -march=armv7e-m+f"
 695      61742D61 
 695      62693D68 
 695      61726420 
 695      2D6D6670 
 696 017d 70202D67 		.ascii	"p -ggdb -Os -Ofast -std=gnu99 -fsingle-precision-co"
 696      67646220 
 696      2D4F7320 
 696      2D4F6661 
 696      7374202D 
 697 01b0 6E737461 		.ascii	"nstant -fomit-frame-pointer -ffunction-sections -fd"
 697      6E74202D 
 697      666F6D69 
 697      742D6672 
 697      616D652D 
 698 01e3 6174612D 		.ascii	"ata-sections -fshort-wchar -fcommon -flto\000"
 698      73656374 
 698      696F6E73 
 698      202D6673 
 698      686F7274 
 699              	.LASF5:
 700 020d 696E7433 		.ascii	"int32_t\000"
 700      325F7400 
 701              	.LASF7:
 702 0215 6C6F6E67 		.ascii	"long long int\000"
 702      206C6F6E 
 702      6720696E 
 702      7400
 703              	.LASF21:
 704 0223 6C69622F 		.ascii	"lib/chibios/os/hal/lib/streams/nullstreams.c\000"
 704      63686962 
 704      696F732F 
 704      6F732F68 
 704      616C2F6C 
 705              	.LASF3:
 706 0250 73686F72 		.ascii	"short int\000"
 706      7420696E 
 706      7400
 707              	.LASF18:
 708 025a 4E756C6C 		.ascii	"NullStream\000"
 708      53747265 
 708      616D00
 709              	.LASF6:
 710 0265 6C6F6E67 		.ascii	"long int\000"
 710      20696E74 
 710      00
 711              	.LASF2:
 712 026e 7369676E 		.ascii	"signed char\000"
 712      65642063 
 712      68617200 
 713              	.LASF14:
 714 027a 5F426F6F 		.ascii	"_Bool\000"
 714      6C00
 715              		.text
 716              		.section	.gnu.lto_.profile.c1dacef0a36d23c,"e",%progbits
 717 0000 789C6362 		.ascii	"x\234cb\000\001\000\000\022\000\003"
 717      00010000 
 717      120003
 718              		.text
 719              		.section	.gnu.lto_.icf.c1dacef0a36d23c,"e",%progbits
 720 0000 789C5363 		.ascii	"x\234Sc@\0006\206\263\263\267\257\345d<\371\344\313"
 720      40003686 
 720      B3B3B7AF 
 720      E5643CF9 
 720      E4CB
 721 0012 4A3EA6B6 		.ascii	"J>\246\266\011\255\223\270\231\377^\350\233\314\310"
 721      09AD93B8 
 721      99FF5EE8 
 721      9BCCC8
 722 0021 F2AB61C2 		.ascii	"\362\253a\302\027n\326\233g\336\237\346`\000\000\\o"
 722      176ED69B 
 722      67DE9FE6 
 722      6000005C 
 722      6F
 723 0032 1200     		.ascii	"\022\000"
 724              		.text
 725              		.section	.gnu.lto_.ipa_sra.c1dacef0a36d23c,"e",%progbits
 726 0000 789CB364 		.ascii	"x\234\263d@\000V\006f0\311\301\300\016\34223\"s\031"
 726      40005606 
 726      6630C9C1 
 726      C00EE232 
 726      33227319 
 727 0014 999998C0 		.ascii	"\231\231\230\300\\\020\223\231\021\304df\001Q\014\214"
 727      5C109399 
 727      11C46466 
 727      01510C8C 
 728 0024 0C001B25 		.ascii	"\014\000\033%\000\224"
 728      0094
 729              		.text
 730              		.section	.gnu.lto_.inline.c1dacef0a36d23c,"e",%progbits
 731 0000 789C5BC3 		.ascii	"x\234[\303\200\000\254\014\014\314\015@\300\224\302"
 731      8000AC0C 
 731      0CCC0D40 
 731      C094C2
 732 000f C8C0C4C0 		.ascii	"\310\300\304\300\320\010d\32610\260A\204\230@B\014\214"
 732      D00864D6 
 732      3130B041 
 732      84984042 
 732      0C8C
 733 0021 04553011 		.ascii	"\004U0\021T\301LP\005\013\003\013\210\313\014R\301\010"
 733      54C14C50 
 733      050B030B 
 733      88CB0C52 
 733      C108
 734 0033 96486260 		.ascii	"\226Hb``\007\322\007`*\030\000'\244%\254"
 734      6007D207 
 734      602A1800 
 734      27A425AC 
 735              		.text
 736              		.section	.gnu.lto_.jmpfuncs.c1dacef0a36d23c,"e",%progbits
 737 0000 789C458A 		.ascii	"x\234E\212\201\011\0000\010\303Z\253\227\355\260=\343"
 737      81090030 
 737      08C35AAB 
 737      97EDB03D 
 737      E3
 738 0011 A1EB40B0 		.ascii	"\241\353@\260\020(!\007\273\202H&Z0\274\255\3407\030"
 738      10282107 
 738      BB824826 
 738      5A30BCAD 
 738      E03718
 739 0024 2313112B 		.ascii	"#\023\021+R\363\323\225\363\302\003\0243\010\001"
 739      52F3D395 
 739      F3C20314 
 739      330801
 740              		.text
 741              		.section	.gnu.lto_.pureconst.c1dacef0a36d23c,"e",%progbits
 742 0000 789C1360 		.ascii	"x\234\023````eh`al`aj`an`a\231\305\002\000\026\240\002"
 742      60606065 
 742      6860616C 
 742      60616A60 
 742      616E6061 
 743 001b CE       		.ascii	"\316"
 744              		.text
 745              		.section	.gnu.lto_.lto.c1dacef0a36d23c,"e",%progbits
 746 0000 09000400 		.ascii	"\011\000\004\000\001\000\000\000"
 746      01000000 
 747              		.text
 748              		.section	.gnu.lto_writes.282.c1dacef0a36d23c,"e",%progbits
 749 0000 789C558F 		.ascii	"x\234U\2171K\003A\020\205\347\355\236\212\205\265\205"
 749      314B0341 
 749      1085E7ED 
 749      9E8A85B5 
 749      85
 750 0011 8D202216 		.ascii	"\215 \"\026\311\012*vb\345\337\220\333\343 g\356\222"
 750      C90A2A76 
 750      62E5DF90 
 750      DBE32067 
 750      EE92
 751 0023 70774114 		.ascii	"pwA\0244\033\31341\261\023\021\221(v6\212\212\021SZ"
 751      341BCB34 
 751      31B11311 
 751      91287636 
 751      8A8A1153 
 752 0038 0615AC54 		.ascii	"\006\025\254T\260\021\024\033+\021A\367.\007\032\330"
 752      B011141B 
 752      2B1141F7 
 752      2E071AD8 
 753 0048 6166DE7C 		.ascii	"af\336|;\314\033\002\321\032\021\215\352\000'\324k\025"
 753      3BCC1B02 
 753      D11A118D 
 753      EA0027D4 
 753      6B15
 754 005a 464AA9B9 		.ascii	"FJ\251\271>\206r\255r\1770\202K\304=\250\304P\302&\337"
 754      3E8672AD 
 754      727F3082 
 754      4BC43DA8 
 754      C450C226 
 755 006f E6A8F386 		.ascii	"\346\250\363\206f\215\244\002\206\307[J}\356o=\314n"
 755      668DA402 
 755      86C75B4A 
 755      7DEE6F3D 
 755      CC6E
 756 0081 1FB68C06 		.ascii	"\037\266\214\006g\264\243\347'\300\261^O\2449\276@c"
 756      67B4A3E7 
 756      27C0B15E 
 756      4FA439BE 
 756      4063
 757 0093 9A6937CF 		.ascii	"\232i7\317\224\352\247\006\3478\305?F\013\362:\332\307"
 757      94EAA706 
 757      E738C53F 
 757      460BF23A 
 757      DAC7
 758 00a5 573ADC53 		.ascii	"W:\334S\302\0318\357\346\014y\033s\253\035\356+\341"
 758      C21938EF 
 758      E60C791B 
 758      73AB1DEE 
 758      2BE1
 759 00b7 182EBA39 		.ascii	"\030.\2729&\037\015\242^\212.\211\274\3518\272\351i"
 759      261F0DA2 
 759      5E8A2E89 
 759      BCE938BA 
 759      E969
 760 00c9 A9EF9FAA 		.ascii	"\251\357\237\252R\357/xc\372n4\265^\345\221ae@\265\210"
 760      52EF2F78 
 760      63FA6E34 
 760      B55EE591 
 760      616540B5 
 761 00de 3638EB34 		.ascii	"68\3534e\335\274B=_\015\304\251\2158\335\201>\260\276"
 761      65DDBC42 
 761      3D5F0DC4 
 761      A98D38DD 
 761      813EB0BE 
 762 00f2 3BBDC763 		.ascii	";\275\307ccU\216\277\257Di\221\311{\266X\014B{\311\364"
 762      63558EBF 
 762      AF446991 
 762      C97BB658 
 762      0C427BC9 
 763 0107 4311E48B 		.ascii	"C\021\344\213\276e\213e\323\366\262\251\240\340:a*+"
 763      BE658B65 
 763      D3F6B2A9 
 763      A0E03A61 
 763      2A2B
 764 0119 C5BCE37B 		.ascii	"\305\274\343{zlS\312u\244\2602\216t\362\201\320/c\272"
 764      7A6C53CA 
 764      75A4B032 
 764      8E74F281 
 764      D02F63BA 
 765 012d 229282D0 		.ascii	"\"\222\202\320\267M/\020\271\242\353&u\332\"\346\024"
 765      B74D2F10 
 765      B9A2EB26 
 765      75DA22E6 
 765      14
 766 013e 06BB94F4 		.ascii	"\006\273\224\364\314\204)'-9EL\026\220\373\005\324\007"
 766      CC842927 
 766      2D39454C 
 766      1690FB05 
 766      D407
 767 0150 8B69     		.ascii	"\213i"
 768              		.text
 769              		.section	.gnu.lto_reads.283.c1dacef0a36d23c,"e",%progbits
 770 0000 789C558F 		.ascii	"x\234U\217=K\003A\020\206gvO\305\302\332V\021\021\213"
 770      3D4B0341 
 770      10866776 
 770      4FC5C2DA 
 770      5611118B 
 771 0014 6405153B 		.ascii	"d\005\025;\261\362o\310\355q\2203w\271pwA\0244\023\313"
 771      B1F26FC8 
 771      ED719033 
 771      77B97077 
 771      41143413 
 772 0029 3431B1D3 		.ascii	"41\261\323 \026\361\243\023AQ\011\302\375\004\261\262"
 772      2016F1A3 
 772      13415109 
 772      C2FD04B1 
 772      B2
 773 003a 0B585828 		.ascii	"\013XX(\202\004\024\213\200\356}\200\036\3540\363\316"
 773      8204148B 
 773      80EE7D80 
 773      1EEC30F3 
 773      CE
 774 004b 3CBCEC3B 		.ascii	"<\274\354;\211\000;\0000\255\0129`\253Yg@D+#\014k\315"
 774      89003B00 
 774      30AD0A39 
 774      60AB5967 
 774      40442B23 
 775 0062 7AEF6C0A 		.ascii	"z\357l\012\3571\326\010U\206U\334\347m\216-\336Q\254"
 775      EF31D608 
 775      558655DC 
 775      E76D8E2D 
 775      DE51AC
 776 0075 964E8813 		.ascii	"\226N\210\023\263!\321\367\311\301\373r\373<\324:\234"
 776      B321D1F7 
 776      C9C1FB72 
 776      FB3CD43A 
 776      9C
 777 0086 C191BA5F 		.ascii	"\301\221\272_#^){\000\305\3615\230Q\314C\367\226h\024"
 777      235E297B 
 777      00C5F135 
 777      9851CC43 
 777      F7966814 
 778 009a 3A9CE30D 		.ascii	":\234\343\015\376c\324B\036F~|+\341\236RN\303\273,\247"
 778      FE63D442 
 778      1E467E7C 
 778      2BE19E52 
 778      4EC3BB2C 
 779 00af C9D398DB 		.ascii	"\311\323\230\333N\270\267\224c\330\315rL^j\000\303\020"
 779      4EB8B794 
 779      63D8CD72 
 779      4C5E6A00 
 779      C310
 780 00c1 FD24CAA6 		.ascii	"\375$\312\246\352\342q(\244\301O\203\350\363\005\007"
 780      EAE27128 
 780      A4C14F83 
 780      E8F30507 
 781 00d1 8C013478 		.ascii	"\214\0014x\224\2254\244\020`\217\263D\324\224xEz\356"
 781      949534A4 
 781      10608FB3 
 781      44D49478 
 781      457AEE
 782 00e4 8DC5ED03 		.ascii	"\215\305\355\003\343\326O\332\027B\037w\217\027\243"
 782      E3D64FDA 
 782      17421F77 
 782      8F17A3
 783 00f3 E02C4EA7 		.ascii	"\340,N\247\\\360\317\005 /\012\256c\212u?07t/\020\276"
 783      5CF0CF05 
 783      202F0AAE 
 783      638A753F 
 783      3037742F 
 784 0109 5BF10C53 		.ascii	"[\361\014Sl\352\246S\314\371e\333\012rE)V-\317Qg\023"
 784      6CEAA653 
 784      CCF965DB 
 784      0A724529 
 784      562DCF51 
 785 011f 72B62585 		.ascii	"r\266%\205Q\260\244\345\372B\275\202n\213h\345\007\236"
 785      51B0A4E5 
 785      FA42BD82 
 785      6E8B68E5 
 785      079E
 786 0131 A93BBE28 		.ascii	"\251;\276(Ul;\235\363\0060\253<\236\331\344\227\346"
 786      556C3B9D 
 786      F30630AB 
 786      3C9ED9E4 
 786      97E6
 787 0143 74396FC8 		.ascii	"t9o\310\005`\262\214\245_\344\202\216|"
 787      0560B28C 
 787      A55FE482 
 787      8E7C
 788              		.text
 789              		.section	.gnu.lto_put.284.c1dacef0a36d23c,"e",%progbits
 790 0000 789C558F 		.ascii	"x\234U\217\277K\003Q\014\307\223\367\236\025\377\002"
 790      BF4B0351 
 790      0CC793F7 
 790      9E15FF02 
 791 0010 5741501C 		.ascii	"WAP\034\256\257P\305\305\301\311\177C\356\035\007={"
 791      AEAF50C5 
 791      C5C1C97F 
 791      43EE1D07 
 791      3D7B
 792 0022 67CBDD15 		.ascii	"g\313\335\025Q\207\246\216E\250\255 \"E\034*\270\271"
 792      5187A68E 
 792      45A8AD20 
 792      22451C2A 
 792      B8B9
 793 0034 54ACB8DC 		.ascii	"T\254\270\334\344\344 \376\003\2028\271)\010\016\376"
 793      E4E420FE 
 793      038238B9 
 793      29080EFE 
 794 0044 CA5D0B2A 		.ascii	"\312]\013*$$\371\346\223\220\274\000\3006\373\014;J"
 794      2424F9E6 
 794      9390BC00 
 794      C036FB0C 
 794      3B4A
 795 0056 C04EBB29 		.ascii	"\300N\273)\200\210\226\307\0056\332\315\207\303\276"
 795      808896C7 
 795      0536DACD 
 795      87C3BE
 796 0065 C26BCC04 		.ascii	"\302k\314\004\204\272\300:\356\313\256\304\216\3541"
 796      84BAC03A 
 796      EECBAEC4 
 796      8EEC31
 797 0074 AC4619E2 		.ascii	"\254F\031\342\324\034#\357\247G_K\335\263D\365\244\200"
 797      D41C23EF 
 797      A7475F4B 
 797      DDB344F5 
 797      A480
 798 0086 63EE5F20 		.ascii	"c\356_ \366\221\027\003sr\025f\023\242\273\301\200h"
 798      F6911703 
 798      73721566 
 798      13A2BBC1 
 798      8068
 799 0098 027A52E2 		.ascii	"\002zR\342%\376aX0o\351f\2715\344n\373D\222e\205W\031"
 799      25FE6158 
 799      306FE966 
 799      B935E46E 
 799      FB449265 
 800 00af 57C4424A 		.ascii	"W\304BJ)C\012 \007\351\376\364d\366\363\373\261\204"
 800      29430A20 
 800      07E9FEF4 
 800      64F6F3FB 
 800      B184
 801 00c1 3EBE5B44 		.ascii	">\276[D\237O\270;-\000Z2}\201\024R\002\260'\305\260"
 801      9F4FB83B 
 801      2D005A32 
 801      7D811452 
 801      02B027C5 
 802 00d6 6870F18C 		.ascii	"hp\361\214\364\330\276\301,vrY8\310\301+\356\234,\244"
 802      F4D8BEC1 
 802      2C767259 
 802      38C8C12B 
 802      EE9C2CA4 
 803 00ea 8F88EC5A 		.ascii	"\217\210\354Z\236\307\337y\200\274.U\002W\257E\261\273"
 803      9EC7DF79 
 803      80BC2E55 
 803      0257AF45 
 803      B1BB
 804 00fc 6187B18E 		.ascii	"a\207\261\216*\265\320q\365\246\355\006e+\252\372^l"
 804      2AB5D071 
 804      F5A6ED06 
 804      652BAAFA 
 804      5E6C
 805 010e 958D5EF1 		.ascii	"\225\215^\361\302\200\333.X\276g\264S\362\214W\2114"
 805      C280DB2E 
 805      58BE67B4 
 805      53F28C57 
 805      8934
 806 0120 5BC9F675 		.ascii	"[\311\366u*Eq\350\332A\244\327k\276?\312\363\016\010"
 806      2A4571E8 
 806      DA41A4D7 
 806      6BBE3FCA 
 806      F30E08
 807 0133 AF3AF94F 		.ascii	"\257:\371O\311/\026lSt\314<\240\371\001\017+~F"
 807      C92F166C 
 807      5374CC3C 
 807      A0F9010F 
 807      2B7E46
 808              		.text
 809              		.section	.gnu.lto_get.285.c1dacef0a36d23c,"e",%progbits
 810 0000 789C558E 		.ascii	"x\234U\216\261K\303@\024\306\337\273\213-\376\005\256"
 810      B14BC340 
 810      14C6DFBB 
 810      8B2DFE05 
 810      AE
 811 0011 82A03824 		.ascii	"\202\2408$'\250\270:\371oH\022\016r61%\227\"\235\372"
 811      27A8B83A 
 811      F96F4812 
 811      0E723631 
 811      2597229D 
 812 0026 EAD8C1D8 		.ascii	"\352\330\301\330:\251E\034Zp\023!b\335\002\242\263\270"
 812      3AA9451C 
 812      5A701321 
 812      62DD02A2 
 812      B3B8
 813 0038 88ABE2E2 		.ascii	"\210\253\342\342\350\344 \350\245\026T\270\217{\357"
 813      E8E420E8 
 813      A51654B8 
 813      8F7BEF
 814 0047 7BBFF7F8 		.ascii	"{\277\367\370n\001\240i4o\204\034\260\327\3550 \242"
 814      6E01A069 
 814      346F841C 
 814      B0D7ED30 
 814      20A2
 815 0059 F52AC376 		.ascii	"\365*\303v\267\363x\230[x\215c\003\241\305\260\205\007"
 815      B7F37898 
 815      5B788D63 
 815      03A1C5B0 
 815      8507
 816 006b BCCFB1C7 		.ascii	"\274\317\261\307\007\006\266&\025\342\354\242A>\206"
 816      0706B626 
 816      15E2ECA2 
 816      413E86
 817 007a 477B37D5 		.ascii	"G{7\325\376Ya\0158\203\023\003\\\"\346h.\203\001\371"
 817      FE59610D 
 817      38831303 
 817      5C22E668 
 817      2E8301F9 
 818 008e 262C1444 		.ascii	"&,\024D\367\243\021\3214\0148\307+\374\303\030\303{"
 818      F7A311D1 
 818      340C38C7 
 818      2BFCC318 
 818      C37B
 819 00a0 E2001528 		.ascii	"\342\000\025(7\3134F\347\017S\005}~eD\257/x<\307\000"
 819      37CB3446 
 819      E70F5305 
 819      7D7E6544 
 819      AF2F783C 
 820 00b6 325EA623 		.ascii	"2^\246#\013\251\000\330\347\354\247i\233\346\015\351"
 820      0BA900D8 
 820      E7ECA769 
 820      9BE60DE9 
 821 00c6 F9E20EC7 		.ascii	"\371\342\016\307\177^\201w\334=]-\3031\264\312s\031"
 821      7F5E8177 
 821      DC3D5D2D 
 821      C331B4CA 
 821      7319
 822 00d8 C7DF4500 		.ascii	"\307\337E\000G\004q$\305\226N\345\216\233\244B\307\215"
 822      47047124 
 822      C5964EE5 
 822      8E9BA442 
 822      C78D
 823 00ea C497A2E9 		.ascii	"\304\227\242\351\312\250f\353z\250R\273\346\211\015"
 823      CAA866EB 
 823      7AA852BB 
 823      E6890D
 824 00f9 9544662C 		.ascii	"\225Df,\301\016\225'\374@y*\326\302\274\300\015Ei\351"
 824      C10E9527 
 824      FC40792A 
 824      D6C2BCC0 
 824      0D4569E9 
 825 010d 34916EA4 		.ascii	"4\221n\244\305v#\014'\265\343\003S\365\231\177\216\263"
 825      C576230C 
 825      27B5E303 
 825      53F5997F 
 825      8EB3
 826 011f B6E47ACB 		.ascii	"\266\344z\313\276\267\002\337\230?p\255"
 826      BEB702DF 
 826      983F70AD 
 827              		.text
 828              		.section	.gnu.lto_vmt.286.c1dacef0a36d23c,"e",%progbits
 829 0000 789C45C9 		.ascii	"x\234E\311;\012\302@\020\200\341\231L<\201^#\231N\260"
 829      3B0AC240 
 829      1080E199 
 829      4C3C815E 
 829      23994EB0 
 830 0014 B1F418C2 		.ascii	"\261\364\030\302&,d\315\306H6\"Z\005\261\260\325\332"
 830      262C64CD 
 830      C6483622 
 830      5A05B1B0 
 830      D5DA
 831 0026 A4DAC203 		.ascii	"\244\332\302\003\370:\201\235\236\303CX\270\242\350"
 831      F83A819D 
 831      9EC34358 
 831      B8A2E8
 832 0035 30FC0CDF 		.ascii	"0\374\014\337,\000`\010\237\331\021\256pYU\317\355\355"
 832      2C006008 
 832      9FD911AE 
 832      705955CF 
 832      EDED
 833 0047 BE69A325 		.ascii	"\276i\243%h\350\257\373\253\023l\010\177\362\350[\362"
 833      68E8AFFB 
 833      AB136C08 
 833      7FF2E85B 
 833      F2
 834 0058 1AF2FED0 		.ascii	"\032\362\376\320\265D\015\321\033\266d\311G\350-\327"
 834      B5440DD1 
 834      1BB664C9 
 834      47E82DD7 
 835 0068 55C752AB 		.ascii	"U\307R\253&\300\013\326\204xv\365\360\344Jxt\365\361"
 835      26C00BD6 
 835      847876F5 
 835      F0E44A78 
 835      74F5F1
 836 007b 80107292 		.ascii	"\200\020r\222g\222G\246\2243Q\224l\362i\021K\236\013"
 836      679247A6 
 836      94335194 
 836      6CF26911 
 836      4B9E0B
 837 008e 99A58199 		.ascii	"\231\245\201\231hU\006i\304\003Ud\356-!\320*\3428Q\221"
 837      68550669 
 837      C4035564 
 837      EE2D21D0 
 837      2AE23851 
 838 00a3 CA0DBB4D 		.ascii	"\312\015\273M\204\3467\231\262\220\"3<\236j\375\275"
 838      84E63799 
 838      B2902233 
 838      3C9E6AFD 
 838      BD
 839 00b4 C3185ED6 		.ascii	"\303\030^\326\306E\255"
 839      C645AD
 840              		.text
 841              		.section	.gnu.lto_nullObjectInit.287.c1dacef0a36d23c,"e",%progbits
 842 0000 789C554F 		.ascii	"x\234UO=K\003A\020\235ws\211\246\262\264\025D\304\""
 842      3D4B0341 
 842      109D7773 
 842      89A6B2B4 
 842      1544C422 
 843 0014 D98082AD 		.ascii	"\331\200\202\255\225\177C\356\216\203\234^>\310%\210"
 843      957F43EE 
 843      8E839C5E 
 843      3EC82588 
 844 0024 3659452C 		.ascii	"6YE,\322\304\250\225\250\205\234\222\316J\215\0065 "
 844      D2C4A895 
 844      A8859C92 
 844      CE4A8D06 
 844      3520
 845 0036 0876E22F 		.ascii	"\010v\342/\020\321\306\302B\010Z\010:\227D\304e\007"
 845      10D1C6C2 
 845      42085A08 
 845      3A9744C4 
 845      6507
 846 0048 DE7B3BF3 		.ascii	"\336{;\363\366\315\030\210\226\211hT\012L\330\254W\015"
 846      F6CD1888 
 846      96896854 
 846      0A4CD8AC 
 846      570D
 847 005a D25ACF0C 		.ascii	"\322Z\317\014\030X\251W\0238G\227\201*\006*\330\342"
 847      1858A957 
 847      13384797 
 847      812A062A 
 847      D8E2
 848 006c 09A19F87 		.ascii	"\011\241\237\207;\315\033\350F\033!\023\355Ku\317.c"
 848      3BCD1BE8 
 848      461B2113 
 848      ED4B75CF 
 848      2E63
 849 007e 934306CC 		.ascii	"\223C\006\314>20\"\210\347h\274\255\365\375]S\353\004"
 849      3E323022 
 849      88E768BC 
 849      ADF5FD5D 
 849      53EB04
 850 0091 85CC3883 		.ascii	"\205\3148\203\314\340\0248\221\337EpN\305\"\376\353"
 850      CCE01438 
 850      91DF4570 
 850      4EC522FE 
 850      EB
 851 00a2 241A1D3F 		.ascii	"$\032\035?\304\332\372\353\273\246u\347\031\255Q\323"
 851      C4DAFAEB 
 851      BBA675E7 
 851      19AD51D3 
 852 00b2 009AA2D7 		.ascii	"\000\232\242\3278\312\246M\3506\321\006\033=\262\"\344"
 852      38CAA64D 
 852      E836D106 
 852      1B3DB222 
 852      E4
 853 00c3 15FAA973 		.ascii	"\025\372\251s\013z\303\352v\365\005\375\000\214(\324"
 853      0B7AC3EA 
 853      76F505FD 
 853      008C28D4 
 854 00d3 51B44243 		.ascii	"Q\264BC\250y \221.@i\341\203!\307\320\302\036\377\005"
 854      A8792091 
 854      2E4069E1 
 854      8321C7D0 
 854      C21EFF05 
 855 00e7 8F75BBD7 		.ascii	"\217u\273\327\020\027\330`\352\215\232!\307q\005\\\202"
 855      1017D860 
 855      EA8D9A21 
 855      C771055C 
 855      82
 856 00f8 D6B02E3E 		.ascii	"\326\260.>CQ\343\265\204y\307\352\343\307lw\363\032"
 856      4351E3B5 
 856      8479C7EA 
 856      E3C76C77 
 856      F31A
 857 010a E32F1751 		.ascii	"\343/\027QJe\362YW\315\007%w\321*\226T\220/\027\035"
 857      4A65F259 
 857      57CD0725 
 857      77D12A96 
 857      54902F17 
 858 011f 572D596E 		.ascii	"W-Ynv!\031\024|\257\224\\\260\325\254W\314\312\263K"
 858      76211914 
 858      7CAF945C 
 858      B0D5AC57 
 858      CCCAB34B 
 859 0133 49DFB395 		.ascii	"I\337\263\225\223\361l/\037(\271\031\313W\221\024\224"
 859      93F16C2F 
 859      1F28B919 
 859      CB579114 
 859      94
 860 0144 8AAE950D 		.ascii	"\212\256\225\015T\256\354\373}\234r\210sAa\370\237\224"
 860      54AEECFB 
 860      7D9C7288 
 860      734161F8 
 860      9F94
 861 0156 9A4E5BF6 		.ascii	"\232N[\366\244cO\321\017\2575\205\301"
 861      A4634FD1 
 861      0FAF3585 
 861      C1
 862              		.text
 863              		.section	.gnu.lto_.symbol_nodes.c1dacef0a36d23c,"e",%progbits
 864 0000 789C75C9 		.ascii	"x\234u\3111\021\2000\020\004\300\373K\360\203\006\214"
 864      31118030 
 864      1004C0FB 
 864      4BF08306 
 864      8C
 865 0011 DDBF036A 		.ascii	"\335\277\003j \020\031\014\"\320D\206\241\241\310\266"
 865      2010190C 
 865      22D04486 
 865      A1A1C8B6 
 866 0021 5BD170A1 		.ascii	"[\321p\241\340M\266\371\006\004\2345b\204\341\335\225"
 866      E04DB6F9 
 866      06049C35 
 866      6284E1DD 
 866      95
 867 0032 B2FE6E14 		.ascii	"\262\376n\024\373[\250\324\337\203\312\277\275<\354"
 867      FB5BA8D4 
 867      DF83CABF 
 867      BD3CEC
 868 0041 CB61277C 		.ascii	"\313a'|\002\022\036Ca'\004"
 868      02121E43 
 868      612704
 869              		.text
 870              		.section	.gnu.lto_.refs.c1dacef0a36d23c,"e",%progbits
 871 0000 789C1364 		.ascii	"x\234\023d```dabeb`\001b&F&&&f\006\000\002\353\0007"
 871      60606064 
 871      61626562 
 871      60016226 
 871      46262626 
 872              		.text
 873              		.section	.gnu.lto_.decls.c1dacef0a36d23c,"e",%progbits
 874 0000 789C9555 		.ascii	"x\234\225UkLTG\024\236s\347\356\353\272u\211\256\341"
 874      6B4C5447 
 874      149E73E7 
 874      EEEBBA75 
 874      89AEE1
 875 0013 4F6388B1 		.ascii	"Oc\210\261)I\213\253h*\376iH\232\330\264\246\326\244"
 875      29498BAB 
 875      682AFE69 
 875      489AD8B4 
 875      A6D6A4
 876 0026 8FD4FE21 		.ascii	"\217\324\376!\260w\225U\026(\273\250\355\257\013\322"
 876      B0779555 
 876      1628BBA8 
 876      EDAF0BD2 
 877 0036 D206C5AD 		.ascii	"\322\006\305\255Uc\212\257T\033\037\261J\353\243*(\313"
 877      55638AAF 
 877      541B1FB1 
 877      4AEBA32A 
 877      28CB
 878 0048 6A7515D4 		.ascii	"ju\025\324\212\002Z\240\026\021\273\370DE\021\237=3"
 878      8A025AA0 
 878      1611BBF8 
 878      4445119F 
 878      3D33
 879 005a F7EEBDBB 		.ascii	"\367\356\275\273\262&u\340\314\235\235\373\235\357|"
 879      B22675E0 
 879      CC9D9DFB 
 879      9DEF7C
 880 0069 33F7CC99 		.ascii	"3\367\314\231\367m\204\314\001B\316\241=\303f!\204\234"
 880      F76D84CC 
 880      0142CEA1 
 880      3DC36621 
 880      849C
 881 007b 4133A3CD 		.ascii	"A3\243\315E\253G\013\241\205\321\032\321\232\211\332"
 881      45AB470B 
 881      A185D11A 
 881      D19A89DA 
 882 008b 4C686D68 		.ascii	"Lhmh\235h\275h}h\375hHC(\220\204\366\013\250\370QhN"
 882      9D68BD68 
 882      7D68FD68 
 882      48432890 
 882      84F60BA8 
 883 00a3 8D2FC64D 		.ascii	"\215/\306M4\23762\274\355\177\201_8\316\2573\211_\323"
 883      349F3632 
 883      BCED7F81 
 883      5F38CEAF 
 883      33895FD3 
 884 00b7 737E3D9A 		.ascii	"s~=\232_c\234_o\022\277\263\370BL\342\027\363\351K\342"
 884      5F639C5F 
 884      6F12BFB3 
 884      F8424CE2 
 884      17F3E94B 
 885 00cc 6311D4BD 		.ascii	"c\021\324\275z\204v\017m\020m\010m6\232\240\351x\202"
 885      7A84760F 
 885      6D106D08 
 885      6D369AA0 
 885      E97882
 886 00df F64C2379 		.ascii	"\366L#y\212\217\307D\215\323\247\351\350|\301\372\273"
 886      8A8FC744 
 886      8DD3A7E9 
 886      E87CC1FA 
 886      BB
 887 00f0 11CFBE47 		.ascii	"\021\317\276G~\234&\266\377M\314\037T~\246\353\270\246"
 887      7E9C26B6 
 887      FF4DCC1F 
 887      547EA6EB 
 887      B8A6
 888 0102 EF45FBBF 		.ascii	"\357E\373\277\234\302(\020\261wB\032\366\257\3023\340"
 888      9CC22810 
 888      B177421A 
 888      F6AFC233 
 888      E0
 889 0113 0F4205E2 		.ascii	"\017B\005\342Rx\273\224J`\237\352\2265\202\316\"5T\350"
 889      5278BB94 
 889      4A609FEA 
 889      963582CE 
 889      223554E8 
 890 0127 A9DED9E3 		.ascii	"\251\336\331\343\220B\212\022\015\205\313(\201\3110"
 890      90428A12 
 890      0D85CB28 
 890      81C930
 891 0136 91C00140 		.ascii	"\221\300\001@\277\375\000\277\003\354\005\004]\254>"
 891      BFFD00BF 
 891      03EC0504 
 891      5DAC3E
 892 0145 B24DB223 		.ascii	"\262M\262#\250_\331\020\026\241\016`\017\300n\246\253"
 892      A85FD910 
 892      16A10E60 
 892      0FC06EA6 
 892      AB
 893 0156 1E78E0D9 		.ascii	"\036x\340\331\300\262\312\301G\204~\306\210\227\337"
 893      C0B2CAC1 
 893      47847EC6 
 893      8897DF
 894 0165 1D8C9825 		.ascii	"\035\214\230%\356\023\252\260\021\315\003\032\000!H"
 894      EE13AAB0 
 894      11CD031A 
 894      002148
 895 0174 7D08E020 		.ascii	"}\010\340 \243n>\2724\002<\276\362\342\370\003G6m\032"
 895      A36E3EBA 
 895      34023CBE 
 895      F2E2F803 
 895      47366D1A 
 896 0188 61C46F34 		.ascii	"a\304o4\342\207\261\2439\204\272Y\310\310\262\362k0"
 896      E287B1A3 
 896      3984BA59 
 896      C8C8B2F2 
 896      6B30
 897 019a 5A5D6A88 		.ascii	"Z]j\210/\023\216\000\374\001\300R\214\0016\3676\355"
 897      2F138E00 
 897      FC01C052 
 897      8C0136F7 
 897      36ED
 898 01ac B5734028 		.ascii	"\265s@(9\240i\375\366C\016#\320Q#\3201`\000\361\376"
 898      39A069FD 
 898      F6430E23 
 898      D05123D0 
 898      316000F1 
 899 01c1 E223076C 		.ascii	"\342#\007l\243\307+\014\241\204D\242\277\2170\0228\316"
 899      A3C72B0C 
 899      A18444A2 
 899      BF8F3012 
 899      38CE
 900 01d3 78D0FDC1 		.ascii	"x\320\375\301\331\312\313\345\343nWV*\3012\212\276p"
 900      D9CACBE5 
 900      E36E5756 
 900      2AC1328A 
 900      BE70
 901 01e5 18182206 		.ascii	"\030\030\"\006v\241M\"\364\024\260\230\301\215\253\267"
 901      76A14D22 
 901      F414B098 
 901      C18DABB7 
 902 01f5 72D5098C 		.ascii	"r\325\011\214p\002\3429\021\267\247\243\252\323fhk2"
 902      7002E239 
 902      11B7A7A3 
 902      AAD36668 
 902      6B32
 903 0207 E89A4115 		.ascii	"\350\232A\025\337\261\256\326\326\213\373\217S\242\014"
 903      DFB1AED6 
 903      D68BFB8F 
 903      53A20C
 904 0216 00E7DFC2 		.ascii	"\000\347\337\302N\"\237S\342T\004E\030)SA\242\022\225"
 904      4E229F53 
 904      E2540445 
 904      18295341 
 904      A21295
 905 0229 A5F3A223 		.ascii	"\245\363\242#}\200f[\205t\207d\335r\030R$\223U\020\242"
 905      7D80665B 
 905      85748764 
 905      DD721852 
 905      24935510 
 906 023e 16594A7F 		.ascii	"\026YJ\177\010\333\205\015\346\264lE\224\227\214\211"
 906      08DB850D 
 906      E6B46C45 
 906      94978C89 
 907 024e 5A142138 		.ascii	"Z\024!8\32399\033\373\250%\0022z\315\022\255)8\212Z"
 907      D339391B 
 907      FBA82502 
 907      327ACD12 
 907      AD29388A 
 908 0263 A401BA61 		.ascii	"\244\001\272a\251Y>)|\373:*\225\344L'\256!\333j\035"
 908      A9593E29 
 908      7CFB3A2A 
 908      95E44C27 
 908      AE21DB6A 
 909 0278 3B364CC3 		.ascii	";6L\3034\202\232\254\326\332\035c\244\250\305\201\034"
 909      34829AAC 
 909      D6DA1D63 
 909      A4A8C581 
 909      1C
 910 0289 E9725A8A 		.ascii	"\351rZ\212\234\346\210\200I\226%g:A\025rff\266 !\265"
 910      9CE68880 
 910      49962567 
 910      3A411572 
 910      6666B620 
 911 029f 688D4026 		.ascii	"h\215@&\005{\246\322}-U2I\266\261i\351\204\310d\272"
 911      057BA6D2 
 911      7D2D5532 
 911      49B6B169 
 911      E984C864 
 912 02b4 80C4F459 		.ascii	"\200\304\364Y\254\201\005\203\312\306O\200tI\310\024"
 912      AC810583 
 912      CAC64F80 
 912      7449C814 
 913 02c4 E88C281E 		.ascii	"\350\214(\036\037AH#D\021\255v;(\370\260\345\314\220"
 913      1F414823 
 913      4411AD76 
 913      3B28F8B0 
 913      E5CC90
 914 02d7 67654A24 		.ascii	"geJ$\212'W\020\234\"(\002\030\236\222\231\340\326Zp"
 914      8A275710 
 914      9C222802 
 914      189E9299 
 914      E0D65A70 
 915 02eb 97D91F36 		.ascii	"\227\331\0376\002\352\210\200f$>\214\376^\320\006\204"
 915      02EA8880 
 915      66243E8C 
 915      FE5ED006 
 915      84
 916 02fc C466F546 		.ascii	"\304f\365F\364'\036X\225CP\017*\200\366$\020\013\021"
 916      F4271E58 
 916      9543500F 
 916      2A80F624 
 916      100B11
 917 030f 474E343A 		.ascii	"GN4:\002\032$\306\243\371\252\24756\023\323\302bp\260"
 917      021A24C6 
 917      A3F9AAA7 
 917      353613D3 
 917      C26270B0 
 918 0323 109BD5DB 		.ascii	"\020\233\325\3330\341\011\315\220\241\026\026\2368?"
 918      30E109CD 
 918      90A11616 
 918      9E383F
 919 0332 F4D655D8 		.ascii	"\364\326U\330\256\000K\301\265\027,02\230\215\207j\200"
 919      AE004BC1 
 919      B5172C30 
 919      32988D87 
 919      6A80
 920 0344 27674DC3 		.ascii	"'gM\303\376\315\"\253b\020\002(\302\211K+\3567Z\371"
 920      FECD22AB 
 920      62100228 
 920      C2894B2B 
 920      EE375AF9 
 921 0358 443DC09F 		.ascii	"D=\300\237\354p\356\216V\375F\371\314\\8\003\274\012"
 921      EC70EE8E 
 921      56FD46F9 
 921      CC5C3803 
 921      BC0A
 922 036a 09BC0AA5 		.ascii	"\011\274\012\2450\352\356\303\247\305Td\276\256(N\306"
 922      30EAEEC3 
 922      A7C55464 
 922      BEAE284E 
 922      C6
 923 037b 710E8015 		.ascii	"q\016\200\025`hE\021-8\030\267b\265\362\340\376\262"
 923      60684511 
 923      2D3818B7 
 923      62B5F2E0 
 923      FEB2
 924 038d AEB7D728 		.ascii	"\256\267\327(\241r\304\211\370\006Nk'\222\340\210\300"
 924      A172C489 
 924      F8064E6B 
 924      2792E088 
 924      C0
 925 039e 29809390 		.ascii	")\200\223\220U/\322\255BRI]\327\373V\011|\"\2149\317"
 925      552FD2AD 
 925      4252495D 
 925      D7FB5609 
 925      7C228C39 
 926 03b3 24F5F704 		.ascii	"$\365\367\004\333\315\232\244\013l\242\256ucKR\031\035"
 926      DBCD9AA4 
 926      0B6CA2AE 
 926      75634B52 
 926      191D
 927 03c5 C8FF9726 		.ascii	"\310\377\227&\243\366\306>E1q\015\035\000\355\272\206"
 927      A3F6C63E 
 927      4531710D 
 927      1D00EDBA 
 927      86
 928 03d6 765D4395 		.ascii	"v]C\225Hw\252\032\356\254\257\265\363\000\215\252\206"
 928      4877AA1A 
 928      EEACAFB5 
 928      F3008DAA 
 928      86
 929 03e7 652BBFDF 		.ascii	"e+\277\337m\322\"\376\3156\301\314?\204\205\217X\301"
 929      6DD222FE 
 929      CD36C1CC 
 929      3F84858F 
 929      58C1
 930 03f9 59447771 		.ascii	"YDwq\317[m\255a\263\244<_\026/\001\342\360\260w\003"
 930      CF5B6DAD 
 930      61B3A43C 
 930      5F162F01 
 930      E2F0B077 
 931 040e FCC30447 		.ascii	"\374\303\004G\216\267\264\202.\270\307\020|\031\301"
 931      8EB7B482 
 931      2EB8C710 
 931      7C19C1
 932 041d 1735C1FD 		.ascii	"\0275\301\375O\353\213\267\260C\207\263\320\245\353"
 932      4FEB8BB7 
 932      B04387B3 
 932      D0A5EB
 933 042c EDD2F5F6 		.ascii	"\355\322\365\366R\272\237G\355{Pq\315\241\311cr\367"
 933      52BA9F47 
 933      ED7B5071 
 933      CDA1C963 
 933      72F7
 934 043e 5C383744 		.ascii	"\\87D\223\321G\321\367\337\330~T/\256TR\324\217\022"
 934      93D147D1 
 934      F7DFD87E 
 934      542FAE54 
 934      52D48F12 
 935 0452 05B8A207 		.ascii	"\005\270\242\007\270\242\0078N\351A\036\240\343\353"
 935      B8A20738 
 935      4EE9411E 
 935      A0E3EB
 936 0461 5FAB134B 		.ascii	"_\253\023K/\201kF]\375\261\375\330Fsbe\306\372\026\007"
 936      2F816B46 
 936      5DFDB1FD 
 936      D8467362 
 936      65C6FA16 
 937 0476 B8B9E440 		.ascii	"\270\271\344@\233\325(n\327\215\342vC-nkN\016\256TW"
 937      9BD5286E 
 937      D78DE276 
 937      432D6E6B 
 937      4E0EAE54 
 938 048b 7043DDF1 		.ascii	"pC\335\361\035\007\266u\233\364%\344\353+\270\205\342"
 938      1D07B675 
 938      9BF425E4 
 938      EB2BB885 
 938      E2
 939 049c 6EAA3E77 		.ascii	"n\252>w\352\272\032,\343V\343F\355;\374\205\272Q\267"
 939      EABA1A2C 
 939      E356E346 
 939      ED3BFC85 
 939      BA51B7
 940 04af 00AEEAEB 		.ascii	"\000\256\352\353\270\252\257c\033\345y\353\344y\273"
 940      B8AAAF63 
 940      1BE579EB 
 940      E479BB
 941 04be 414DE214 		.ascii	"AM\342\024\336[\221\347\247\323C\253\250!\356\262!\356"
 941      DE5B91E7 
 941      A7D343AB 
 941      A821EEB2 
 941      21EE
 942 04d0 1EBB7E9A 		.ascii	"\036\273~\232\371\016\354\352]\262;\356\216\3520@\203"
 942      F90EECEA 
 942      5DB23BEE 
 942      8EEA3040 
 942      83
 943 04e1 0C748683 		.ascii	"\014t\206\203\326G\032\253G\032\240V\0034\304@\355\034"
 943      D6471AAB 
 943      471AA056 
 943      0334C440 
 943      ED1C
 944 04f3 B4BD6657 		.ascii	"\264\275fW\213`\200\242\006\350\021_\227}\250\362\304"
 944      8B6080A2 
 944      06E8115F 
 944      977DA8F2 
 944      C4
 945 0504 59FB78D6 		.ascii	"Y\373x\326F\263\273&Xu\363\033\213\022\301\254~\304"
 945      46B3BB26 
 945      5875F31B 
 945      8B12C1AC 
 945      7EC4
 946 0516 BF5299A0 		.ascii	"\277R\231\240;\334\005~\323 *\210\347K4\263\324\177"
 946      3BDC057E 
 946      D3202A88 
 946      E74B34B3 
 946      D47F
 947 0528 9880703D 		.ascii	"\230\200p=\007\270\3073)\0160\300\272=\020\007\031\002"
 947      07B8C733 
 947      290E30C0 
 947      BA3D1007 
 947      1902
 948 053a 78308C23 		.ascii	"x0\214#\0011\010p\1778\311$\202\237\240B\275\344\356"
 948      01310870 
 948      7F38C924 
 948      829FA042 
 948      BDE4EE
 949 054d 00DC067E 		.ascii	"\000\334\006~\373\"\012\363\376\011\026.`E\372)\300"
 949      FB220AF3 
 949      FE09162E 
 949      6045FA29 
 949      C0
 950 055e 632D271A 		.ascii	"c-'\032\276\353\354\031\301\222\246\"\364\377|^[\021"
 950      BEEBEC19 
 950      C192A622 
 950      F4FF7C5E 
 950      5B11
 951 0570 64B5646D 		.ascii	"d\265dm\317\2502t\200r\201]\273\010T\035\011\373U\230"
 951      CFA83274 
 951      8072815D 
 951      BB08541D 
 951      09FB5598 
 952 0584 B58E22F5 		.ascii	"\265\216\"\365\316\237kk\342\276C\271\241\264\202U\324"
 952      CE9F6B6B 
 952      E2BE43B9 
 952      A1B48255 
 952      D4
 953 0595 370BBC79 		.ascii	"7\013\274y.w\2767\317[\344w\341\177~n\201\213M\371\003"
 953      2E77BE37 
 953      CF5BE477 
 953      E17F7E6E 
 953      818B4DF9 
 954 05aa 259E5C9F 		.ascii	"%\236\\\237\337UXZP\240\215'\270\255\357\316\374$\355"
 954      DF55585A 
 954      50A08D27 
 954      B8ADEFCE 
 954      FC24ED
 955 05bd 9D69D348 		.ascii	"\235i\323Hj\302\364\204\251\023s\363&\273\363\246\020"
 955      6AC2F484 
 955      A91373F3 
 955      26BBF3A6 
 955      10
 956 05ce 4BA9B730 		.ascii	"K\251\2670\220\225\0230\373\275_yr\002t\201/\360\312"
 956      90951330 
 956      FBBD5F79 
 956      72027481 
 956      2FF0CA
 957 05e1 4C847EC4 		.ascii	"L\204~\304\241\237~\360\361\004W~\221\317\343\232\347"
 957      A19F7EF0 
 957      F104577E 
 957      91CFE39A 
 957      E7
 958 05f2 0F7816E6 		.ascii	"\017x\026\346\226\004\\\376\242\322\022\267\307\365"
 958      96045CFE 
 958      A2D212B7 
 958      C7F5
 959 0600 65AEC737 		.ascii	"e\256\3077?\303_\\\340\015d\314\317sM\367\226\370\360"
 959      3FC35F5C 
 959      E00D64CC 
 959      CF734DF7 
 959      96F8F0
 960 0613 B58764BC 		.ascii	"\265\207d\274\204\272|\"\031\241\204)\304\236[\342["
 960      84BA7C22 
 960      19A18429 
 960      C49E5BE2 
 960      5B
 961 0624 30D593E1 		.ascii	"0\325\223\341{cN1\221\334E%\001\317\242\014\337\024"
 961      7B634E31 
 961      91DC4525 
 961      01CFA20C 
 961      DF14
 962 0636 625E58E2 		.ascii	"b^X\342\015x\374/C\355&&\034\310~Z\\\0320\371\374sq"
 962      0D78FC2F 
 962      43ED2626 
 962      1CC87E5A 
 962      5C1A30F9 
 963 064d 65733D81 		.ascii	"es=\201\221\014\362a\336<\217;\360^\2417 2\210\211\223"
 963      910CF261 
 963      DE3C8F3B 
 963      F05EA137 
 963      20328889 
 964 0662 3BBC85FE 		.ascii	";\274\205\376@n\241\333\223S4g\216\337\023\370\017\314"
 964      406EA1DB 
 964      93533467 
 964      8EDF13F8 
 964      0FCC
 965 0674 684C5F   		.ascii	"hL_"
 966              		.text
 967              		.section	.gnu.lto_.symtab.c1dacef0a36d23c,"e",%progbits
 968 0000 6E756C6C 		.ascii	"nullObjectInit\000"
 968      4F626A65 
 968      6374496E 
 968      697400
 969 000f 00       		.ascii	"\000"
 970 0010 00       		.ascii	"\000"
 971 0011 00       		.ascii	"\000"
 972 0012 00000000 		.ascii	"\000\000\000\000\000\000\000\000"
 972      00000000 
 973 001a F0000000 		.ascii	"\360\000\000\000"
 974              		.text
 975              		.section	.gnu.lto_.ext_symtab.c1dacef0a36d23c,"e",%progbits
 976 0000 01       		.ascii	"\001"
 977 0001 01       		.ascii	"\001"
 978 0002 00       		.ascii	"\000"
 979              		.text
 980              		.section	.gnu.lto_.opts,"e",%progbits
 981 0000 272D666E 		.ascii	"'-fno-openmp' '-fno-openacc' '-fno-pie' '-fcf-prote"
 981      6F2D6F70 
 981      656E6D70 
 981      2720272D 
 981      666E6F2D 
 982 0033 6374696F 		.ascii	"ction=none' '-g' '-mcpu=cortex-m4' '-mthumb' '-mno-"
 982      6E3D6E6F 
 982      6E652720 
 982      272D6727 
 982      20272D6D 
 983 0066 7468756D 		.ascii	"thumb-interwork' '-mno-unaligned-access' '-mfloat-a"
 983      622D696E 
 983      74657277 
 983      6F726B27 
 983      20272D6D 
 984 0099 62693D68 		.ascii	"bi=hard' '-mfpu=fpv4-sp-d16' '-mlibarch=armv7e-m+fp"
 984      61726427 
 984      20272D6D 
 984      6670753D 
 984      66707634 
 985 00cc 2720272D 		.ascii	"' '-march=armv7e-m+fp' '-Os' '-Ofast' '-fsingle-pre"
 985      6D617263 
 985      683D6172 
 985      6D763765 
 985      2D6D2B66 
 986 00ff 63697369 		.ascii	"cision-constant' '-fomit-frame-pointer' '-ffunction"
 986      6F6E2D63 
 986      6F6E7374 
 986      616E7427 
 986      20272D66 
 987 0132 2D736563 		.ascii	"-sections' '-fdata-sections' '-fshort-wchar' '-fcom"
 987      74696F6E 
 987      73272027 
 987      2D666461 
 987      74612D73 
 988 0165 6D6F6E27 		.ascii	"mon' '-flto' '-Xassembler' '-adhlns=.build/obj_karl"
 988      20272D66 
 988      6C746F27 
 988      20272D58 
 988      61737365 
 989 0198 6B39305F 		.ascii	"k90_yaemk/lib/chibios/os/hal/lib/streams/nullstream"
 989      7961656D 
 989      6B2F6C69 
 989      622F6368 
 989      6962696F 
 990 01cb 732E6C73 		.ascii	"s.lst'\000"
 990      742700
 991              		.text
 992              		.comm	__gnu_lto_slim,1,1
 993              		.ident	"GCC: (15:10.3-2021.07-4) 10.3.1 20210621 (release)"
DEFINED SYMBOLS
                            *ABS*:0000000000000000 nullstreams.c
     /tmp/cc96P0ym.s:21     .gnu.debuglto_.debug_info:0000000000000000 nullstreams.c.70ab3cb4
                            *COM*:0000000000000001 __gnu_lto_slim

NO UNDEFINED SYMBOLS
