   1              		.cpu cortex-m4
   2              		.eabi_attribute 27, 1
   3              		.eabi_attribute 28, 1
   4              		.eabi_attribute 23, 1
   5              		.eabi_attribute 24, 1
   6              		.eabi_attribute 25, 1
   7              		.eabi_attribute 26, 1
   8              		.eabi_attribute 30, 2
   9              		.eabi_attribute 34, 0
  10              		.eabi_attribute 18, 2
  11              		.file	"bootloader.c"
  12              		.file 1 "/usr/lib/gcc/arm-none-eabi/10.3.1/include/stdint.h"
  13              		.file 2 "./lib/chibios/os/common/ext/ARM/CMSIS/Core/Include/core_cm4.h"
  14              		.file 3 "tmk_core/common/chibios/bootloader.c"
  15              		.file 4 "./lib/chibios/os/common/ext/ARM/CMSIS/Core/Include/cmsis_gcc.h"
  16              		.section	.gnu.debuglto_.debug_info,"e",%progbits
  17              	.Ldebug_info0:
  18              		.hidden	bootloader.c.0577e950
  19              		.weak	bootloader.c.0577e950
  20              	bootloader.c.0577e950:
  21 0000 E8020000 		.4byte	0x2e8
  22 0004 0400     		.2byte	0x4
  23 0006 00000000 		.4byte	.Ldebug_abbrev0
  24 000a 04       		.byte	0x4
  25 000b 01       		.uleb128 0x1
  26 000c 66010000 		.4byte	.LASF38
  27 0010 0C       		.byte	0xc
  28 0011 58000000 		.4byte	.LASF39
  29 0015 F8000000 		.4byte	.LASF40
  30 0019 00000000 		.4byte	.Ldebug_line0
  31 001d 02       		.uleb128 0x2
  32 001e 04       		.byte	0x4
  33 001f 05       		.byte	0x5
  34 0020 696E7400 		.ascii	"int\000"
  35 0024 03       		.uleb128 0x3
  36 0025 04       		.byte	0x4
  37 0026 07       		.byte	0x7
  38 0027 34010000 		.4byte	.LASF0
  39 002b 03       		.uleb128 0x3
  40 002c 02       		.byte	0x2
  41 002d 07       		.byte	0x7
  42 002e D3000000 		.4byte	.LASF1
  43 0032 03       		.uleb128 0x3
  44 0033 01       		.byte	0x1
  45 0034 06       		.byte	0x6
  46 0035 F6020000 		.4byte	.LASF2
  47 0039 03       		.uleb128 0x3
  48 003a 02       		.byte	0x2
  49 003b 05       		.byte	0x5
  50 003c 88000000 		.4byte	.LASF3
  51 0040 03       		.uleb128 0x3
  52 0041 04       		.byte	0x4
  53 0042 05       		.byte	0x5
  54 0043 DA020000 		.4byte	.LASF4
  55 0047 03       		.uleb128 0x3
  56 0048 08       		.byte	0x8
  57 0049 05       		.byte	0x5
  58 004a 97020000 		.4byte	.LASF5
  59 004e 04       		.uleb128 0x4
  60 004f 8F020000 		.4byte	.LASF7
  61 0053 01       		.byte	0x1
  62 0054 2E       		.byte	0x2e
  63 0055 18       		.byte	0x18
  64 0056 5F000000 		.4byte	0x5f
  65 005a 05       		.uleb128 0x5
  66 005b 4E000000 		.4byte	0x4e
  67 005f 03       		.uleb128 0x3
  68 0060 01       		.byte	0x1
  69 0061 08       		.byte	0x8
  70 0062 B3000000 		.4byte	.LASF6
  71 0066 04       		.uleb128 0x4
  72 0067 D1020000 		.4byte	.LASF8
  73 006b 01       		.byte	0x1
  74 006c 34       		.byte	0x34
  75 006d 19       		.byte	0x19
  76 006e 7C000000 		.4byte	0x7c
  77 0072 05       		.uleb128 0x5
  78 0073 66000000 		.4byte	0x66
  79 0077 06       		.uleb128 0x6
  80 0078 72000000 		.4byte	0x72
  81 007c 03       		.uleb128 0x3
  82 007d 04       		.byte	0x4
  83 007e 07       		.byte	0x7
  84 007f C1000000 		.4byte	.LASF9
  85 0083 03       		.uleb128 0x3
  86 0084 08       		.byte	0x8
  87 0085 07       		.byte	0x7
  88 0086 0D030000 		.4byte	.LASF10
  89 008a 07       		.uleb128 0x7
  90 008b 8C       		.byte	0x8c
  91 008c 02       		.byte	0x2
  92 008d B801     		.2byte	0x1b8
  93 008f 09       		.byte	0x9
  94 0090 BB010000 		.4byte	0x1bb
  95 0094 08       		.uleb128 0x8
  96 0095 A5020000 		.4byte	.LASF11
  97 0099 02       		.byte	0x2
  98 009a BA01     		.2byte	0x1ba
  99 009c 12       		.byte	0x12
 100 009d 77000000 		.4byte	0x77
 101 00a1 00       		.byte	0
 102 00a2 08       		.uleb128 0x8
 103 00a3 4B010000 		.4byte	.LASF12
 104 00a7 02       		.byte	0x2
 105 00a8 BB01     		.2byte	0x1bb
 106 00aa 12       		.byte	0x12
 107 00ab 72000000 		.4byte	0x72
 108 00af 04       		.byte	0x4
 109 00b0 08       		.uleb128 0x8
 110 00b1 83000000 		.4byte	.LASF13
 111 00b5 02       		.byte	0x2
 112 00b6 BC01     		.2byte	0x1bc
 113 00b8 12       		.byte	0x12
 114 00b9 72000000 		.4byte	0x72
 115 00bd 08       		.byte	0x8
 116 00be 08       		.uleb128 0x8
 117 00bf 50010000 		.4byte	.LASF14
 118 00c3 02       		.byte	0x2
 119 00c4 BD01     		.2byte	0x1bd
 120 00c6 12       		.byte	0x12
 121 00c7 72000000 		.4byte	0x72
 122 00cb 0C       		.byte	0xc
 123 00cc 09       		.uleb128 0x9
 124 00cd 53435200 		.ascii	"SCR\000"
 125 00d1 02       		.byte	0x2
 126 00d2 BE01     		.2byte	0x1be
 127 00d4 12       		.byte	0x12
 128 00d5 72000000 		.4byte	0x72
 129 00d9 10       		.byte	0x10
 130 00da 09       		.uleb128 0x9
 131 00db 43435200 		.ascii	"CCR\000"
 132 00df 02       		.byte	0x2
 133 00e0 BF01     		.2byte	0x1bf
 134 00e2 12       		.byte	0x12
 135 00e3 72000000 		.4byte	0x72
 136 00e7 14       		.byte	0x14
 137 00e8 09       		.uleb128 0x9
 138 00e9 53485000 		.ascii	"SHP\000"
 139 00ed 02       		.byte	0x2
 140 00ee C001     		.2byte	0x1c0
 141 00f0 12       		.byte	0x12
 142 00f1 CB010000 		.4byte	0x1cb
 143 00f5 18       		.byte	0x18
 144 00f6 08       		.uleb128 0x8
 145 00f7 45000000 		.4byte	.LASF15
 146 00fb 02       		.byte	0x2
 147 00fc C101     		.2byte	0x1c1
 148 00fe 12       		.byte	0x12
 149 00ff 72000000 		.4byte	0x72
 150 0103 24       		.byte	0x24
 151 0104 08       		.uleb128 0x8
 152 0105 EE000000 		.4byte	.LASF16
 153 0109 02       		.byte	0x2
 154 010a C201     		.2byte	0x1c2
 155 010c 12       		.byte	0x12
 156 010d 72000000 		.4byte	0x72
 157 0111 28       		.byte	0x28
 158 0112 08       		.uleb128 0x8
 159 0113 F3000000 		.4byte	.LASF17
 160 0117 02       		.byte	0x2
 161 0118 C301     		.2byte	0x1c3
 162 011a 12       		.byte	0x12
 163 011b 72000000 		.4byte	0x72
 164 011f 2C       		.byte	0x2c
 165 0120 08       		.uleb128 0x8
 166 0121 41010000 		.4byte	.LASF18
 167 0125 02       		.byte	0x2
 168 0126 C401     		.2byte	0x1c4
 169 0128 12       		.byte	0x12
 170 0129 72000000 		.4byte	0x72
 171 012d 30       		.byte	0x30
 172 012e 08       		.uleb128 0x8
 173 012f C1020000 		.4byte	.LASF19
 174 0133 02       		.byte	0x2
 175 0134 C501     		.2byte	0x1c5
 176 0136 12       		.byte	0x12
 177 0137 72000000 		.4byte	0x72
 178 013b 34       		.byte	0x34
 179 013c 08       		.uleb128 0x8
 180 013d 08030000 		.4byte	.LASF20
 181 0141 02       		.byte	0x2
 182 0142 C601     		.2byte	0x1c6
 183 0144 12       		.byte	0x12
 184 0145 72000000 		.4byte	0x72
 185 0149 38       		.byte	0x38
 186 014a 08       		.uleb128 0x8
 187 014b B1020000 		.4byte	.LASF21
 188 014f 02       		.byte	0x2
 189 0150 C701     		.2byte	0x1c7
 190 0152 12       		.byte	0x12
 191 0153 72000000 		.4byte	0x72
 192 0157 3C       		.byte	0x3c
 193 0158 09       		.uleb128 0x9
 194 0159 50465200 		.ascii	"PFR\000"
 195 015d 02       		.byte	0x2
 196 015e C801     		.2byte	0x1c8
 197 0160 12       		.byte	0x12
 198 0161 E5010000 		.4byte	0x1e5
 199 0165 40       		.byte	0x40
 200 0166 09       		.uleb128 0x9
 201 0167 44465200 		.ascii	"DFR\000"
 202 016b 02       		.byte	0x2
 203 016c C901     		.2byte	0x1c9
 204 016e 12       		.byte	0x12
 205 016f 77000000 		.4byte	0x77
 206 0173 48       		.byte	0x48
 207 0174 09       		.uleb128 0x9
 208 0175 41445200 		.ascii	"ADR\000"
 209 0179 02       		.byte	0x2
 210 017a CA01     		.2byte	0x1ca
 211 017c 12       		.byte	0x12
 212 017d 77000000 		.4byte	0x77
 213 0181 4C       		.byte	0x4c
 214 0182 08       		.uleb128 0x8
 215 0183 40000000 		.4byte	.LASF22
 216 0187 02       		.byte	0x2
 217 0188 CB01     		.2byte	0x1cb
 218 018a 12       		.byte	0x12
 219 018b FF010000 		.4byte	0x1ff
 220 018f 50       		.byte	0x50
 221 0190 08       		.uleb128 0x8
 222 0191 26010000 		.4byte	.LASF23
 223 0195 02       		.byte	0x2
 224 0196 CC01     		.2byte	0x1cc
 225 0198 12       		.byte	0x12
 226 0199 19020000 		.4byte	0x219
 227 019d 60       		.byte	0x60
 228 019e 08       		.uleb128 0x8
 229 019f 92000000 		.4byte	.LASF24
 230 01a3 02       		.byte	0x2
 231 01a4 CD01     		.2byte	0x1cd
 232 01a6 12       		.byte	0x12
 233 01a7 1E020000 		.4byte	0x21e
 234 01ab 74       		.byte	0x74
 235 01ac 08       		.uleb128 0x8
 236 01ad AB020000 		.4byte	.LASF25
 237 01b1 02       		.byte	0x2
 238 01b2 CE01     		.2byte	0x1ce
 239 01b4 12       		.byte	0x12
 240 01b5 72000000 		.4byte	0x72
 241 01b9 88       		.byte	0x88
 242 01ba 00       		.byte	0
 243 01bb 0A       		.uleb128 0xa
 244 01bc 5A000000 		.4byte	0x5a
 245 01c0 CB010000 		.4byte	0x1cb
 246 01c4 0B       		.uleb128 0xb
 247 01c5 24000000 		.4byte	0x24
 248 01c9 0B       		.byte	0xb
 249 01ca 00       		.byte	0
 250 01cb 05       		.uleb128 0x5
 251 01cc BB010000 		.4byte	0x1bb
 252 01d0 0A       		.uleb128 0xa
 253 01d1 77000000 		.4byte	0x77
 254 01d5 E0010000 		.4byte	0x1e0
 255 01d9 0B       		.uleb128 0xb
 256 01da 24000000 		.4byte	0x24
 257 01de 01       		.byte	0x1
 258 01df 00       		.byte	0
 259 01e0 06       		.uleb128 0x6
 260 01e1 D0010000 		.4byte	0x1d0
 261 01e5 05       		.uleb128 0x5
 262 01e6 E0010000 		.4byte	0x1e0
 263 01ea 0A       		.uleb128 0xa
 264 01eb 77000000 		.4byte	0x77
 265 01ef FA010000 		.4byte	0x1fa
 266 01f3 0B       		.uleb128 0xb
 267 01f4 24000000 		.4byte	0x24
 268 01f8 03       		.byte	0x3
 269 01f9 00       		.byte	0
 270 01fa 06       		.uleb128 0x6
 271 01fb EA010000 		.4byte	0x1ea
 272 01ff 05       		.uleb128 0x5
 273 0200 FA010000 		.4byte	0x1fa
 274 0204 0A       		.uleb128 0xa
 275 0205 77000000 		.4byte	0x77
 276 0209 14020000 		.4byte	0x214
 277 020d 0B       		.uleb128 0xb
 278 020e 24000000 		.4byte	0x24
 279 0212 04       		.byte	0x4
 280 0213 00       		.byte	0
 281 0214 06       		.uleb128 0x6
 282 0215 04020000 		.4byte	0x204
 283 0219 05       		.uleb128 0x5
 284 021a 14020000 		.4byte	0x214
 285 021e 0A       		.uleb128 0xa
 286 021f 66000000 		.4byte	0x66
 287 0223 2E020000 		.4byte	0x22e
 288 0227 0B       		.uleb128 0xb
 289 0228 24000000 		.4byte	0x24
 290 022c 04       		.byte	0x4
 291 022d 00       		.byte	0
 292 022e 0C       		.uleb128 0xc
 293 022f 2B010000 		.4byte	.LASF26
 294 0233 02       		.byte	0x2
 295 0234 CF01     		.2byte	0x1cf
 296 0236 03       		.byte	0x3
 297 0237 8A000000 		.4byte	0x8a
 298 023b 03       		.uleb128 0x3
 299 023c 01       		.byte	0x1
 300 023d 08       		.byte	0x8
 301 023e 46010000 		.4byte	.LASF27
 302 0242 03       		.uleb128 0x3
 303 0243 01       		.byte	0x1
 304 0244 02       		.byte	0x2
 305 0245 02030000 		.4byte	.LASF28
 306 0249 0D       		.uleb128 0xd
 307 024a 4B000000 		.4byte	.LASF41
 308 024e 03       		.byte	0x3
 309 024f 4B       		.byte	0x4b
 310 0250 11       		.byte	0x11
 311 0251 66000000 		.4byte	0x66
 312 0255 0E       		.uleb128 0xe
 313 0256 0F000000 		.4byte	.LASF42
 314 025a 03       		.byte	0x3
 315 025b 52       		.byte	0x52
 316 025c 06       		.byte	0x6
 317 025d 88020000 		.4byte	0x288
 318 0261 0F       		.uleb128 0xf
 319 0262 24030000 		.4byte	.LASF30
 320 0266 03       		.byte	0x3
 321 0267 53       		.byte	0x53
 322 0268 14       		.byte	0x14
 323 0269 88020000 		.4byte	0x288
 324 026d 10       		.uleb128 0x10
 325 026e 04       		.uleb128 0x4
 326 026f B6020000 		.4byte	.LASF29
 327 0273 03       		.byte	0x3
 328 0274 5A       		.byte	0x5a
 329 0275 18       		.byte	0x18
 330 0276 8E020000 		.4byte	0x28e
 331 027a 0F       		.uleb128 0xf
 332 027b C7020000 		.4byte	.LASF31
 333 027f 03       		.byte	0x3
 334 0280 5B       		.byte	0x5b
 335 0281 14       		.byte	0x14
 336 0282 6E020000 		.4byte	0x26e
 337 0286 00       		.byte	0
 338 0287 00       		.byte	0
 339 0288 11       		.uleb128 0x11
 340 0289 04       		.byte	0x4
 341 028a 7C000000 		.4byte	0x7c
 342 028e 11       		.uleb128 0x11
 343 028f 04       		.byte	0x4
 344 0290 94020000 		.4byte	0x294
 345 0294 12       		.uleb128 0x12
 346 0295 13       		.uleb128 0x13
 347 0296 56010000 		.4byte	.LASF43
 348 029a 03       		.byte	0x3
 349 029b 4D       		.byte	0x4d
 350 029c 1C       		.byte	0x1c
 351 029d 14       		.uleb128 0x14
 352 029e E3020000 		.4byte	.LASF44
 353 02a2 02       		.byte	0x2
 354 02a3 9307     		.2byte	0x793
 355 02a5 22       		.byte	0x22
 356 02a6 15       		.uleb128 0x15
 357 02a7 7D000000 		.4byte	.LASF36
 358 02ab 04       		.byte	0x4
 359 02ac 6D03     		.2byte	0x36d
 360 02ae 1B       		.byte	0x1b
 361 02af 16       		.uleb128 0x16
 362 02b0 9C000000 		.4byte	.LASF32
 363 02b4 04       		.byte	0x4
 364 02b5 4B01     		.2byte	0x14b
 365 02b7 1B       		.byte	0x1b
 366 02b8 CA020000 		.4byte	0x2ca
 367 02bc 17       		.uleb128 0x17
 368 02bd 00000000 		.4byte	.LASF34
 369 02c1 04       		.byte	0x4
 370 02c2 4B01     		.2byte	0x14b
 371 02c4 2E       		.byte	0x2e
 372 02c5 66000000 		.4byte	0x66
 373 02c9 00       		.byte	0
 374 02ca 18       		.uleb128 0x18
 375 02cb 32000000 		.4byte	.LASF33
 376 02cf 04       		.byte	0x4
 377 02d0 B5       		.byte	0xb5
 378 02d1 1B       		.byte	0x1b
 379 02d2 E3020000 		.4byte	0x2e3
 380 02d6 19       		.uleb128 0x19
 381 02d7 E6000000 		.4byte	.LASF35
 382 02db 04       		.byte	0x4
 383 02dc B5       		.byte	0xb5
 384 02dd 32       		.byte	0x32
 385 02de 66000000 		.4byte	0x66
 386 02e2 00       		.byte	0
 387 02e3 1A       		.uleb128 0x1a
 388 02e4 A6000000 		.4byte	.LASF37
 389 02e8 04       		.byte	0x4
 390 02e9 81       		.byte	0x81
 391 02ea 1B       		.byte	0x1b
 392 02eb 00       		.byte	0
 393              		.section	.gnu.debuglto_.debug_abbrev,"e",%progbits
 394              	.Ldebug_abbrev0:
 395 0000 01       		.uleb128 0x1
 396 0001 11       		.uleb128 0x11
 397 0002 01       		.byte	0x1
 398 0003 25       		.uleb128 0x25
 399 0004 0E       		.uleb128 0xe
 400 0005 13       		.uleb128 0x13
 401 0006 0B       		.uleb128 0xb
 402 0007 03       		.uleb128 0x3
 403 0008 0E       		.uleb128 0xe
 404 0009 1B       		.uleb128 0x1b
 405 000a 0E       		.uleb128 0xe
 406 000b 10       		.uleb128 0x10
 407 000c 17       		.uleb128 0x17
 408 000d 00       		.byte	0
 409 000e 00       		.byte	0
 410 000f 02       		.uleb128 0x2
 411 0010 24       		.uleb128 0x24
 412 0011 00       		.byte	0
 413 0012 0B       		.uleb128 0xb
 414 0013 0B       		.uleb128 0xb
 415 0014 3E       		.uleb128 0x3e
 416 0015 0B       		.uleb128 0xb
 417 0016 03       		.uleb128 0x3
 418 0017 08       		.uleb128 0x8
 419 0018 00       		.byte	0
 420 0019 00       		.byte	0
 421 001a 03       		.uleb128 0x3
 422 001b 24       		.uleb128 0x24
 423 001c 00       		.byte	0
 424 001d 0B       		.uleb128 0xb
 425 001e 0B       		.uleb128 0xb
 426 001f 3E       		.uleb128 0x3e
 427 0020 0B       		.uleb128 0xb
 428 0021 03       		.uleb128 0x3
 429 0022 0E       		.uleb128 0xe
 430 0023 00       		.byte	0
 431 0024 00       		.byte	0
 432 0025 04       		.uleb128 0x4
 433 0026 16       		.uleb128 0x16
 434 0027 00       		.byte	0
 435 0028 03       		.uleb128 0x3
 436 0029 0E       		.uleb128 0xe
 437 002a 3A       		.uleb128 0x3a
 438 002b 0B       		.uleb128 0xb
 439 002c 3B       		.uleb128 0x3b
 440 002d 0B       		.uleb128 0xb
 441 002e 39       		.uleb128 0x39
 442 002f 0B       		.uleb128 0xb
 443 0030 49       		.uleb128 0x49
 444 0031 13       		.uleb128 0x13
 445 0032 00       		.byte	0
 446 0033 00       		.byte	0
 447 0034 05       		.uleb128 0x5
 448 0035 35       		.uleb128 0x35
 449 0036 00       		.byte	0
 450 0037 49       		.uleb128 0x49
 451 0038 13       		.uleb128 0x13
 452 0039 00       		.byte	0
 453 003a 00       		.byte	0
 454 003b 06       		.uleb128 0x6
 455 003c 26       		.uleb128 0x26
 456 003d 00       		.byte	0
 457 003e 49       		.uleb128 0x49
 458 003f 13       		.uleb128 0x13
 459 0040 00       		.byte	0
 460 0041 00       		.byte	0
 461 0042 07       		.uleb128 0x7
 462 0043 13       		.uleb128 0x13
 463 0044 01       		.byte	0x1
 464 0045 0B       		.uleb128 0xb
 465 0046 0B       		.uleb128 0xb
 466 0047 3A       		.uleb128 0x3a
 467 0048 0B       		.uleb128 0xb
 468 0049 3B       		.uleb128 0x3b
 469 004a 05       		.uleb128 0x5
 470 004b 39       		.uleb128 0x39
 471 004c 0B       		.uleb128 0xb
 472 004d 01       		.uleb128 0x1
 473 004e 13       		.uleb128 0x13
 474 004f 00       		.byte	0
 475 0050 00       		.byte	0
 476 0051 08       		.uleb128 0x8
 477 0052 0D       		.uleb128 0xd
 478 0053 00       		.byte	0
 479 0054 03       		.uleb128 0x3
 480 0055 0E       		.uleb128 0xe
 481 0056 3A       		.uleb128 0x3a
 482 0057 0B       		.uleb128 0xb
 483 0058 3B       		.uleb128 0x3b
 484 0059 05       		.uleb128 0x5
 485 005a 39       		.uleb128 0x39
 486 005b 0B       		.uleb128 0xb
 487 005c 49       		.uleb128 0x49
 488 005d 13       		.uleb128 0x13
 489 005e 38       		.uleb128 0x38
 490 005f 0B       		.uleb128 0xb
 491 0060 00       		.byte	0
 492 0061 00       		.byte	0
 493 0062 09       		.uleb128 0x9
 494 0063 0D       		.uleb128 0xd
 495 0064 00       		.byte	0
 496 0065 03       		.uleb128 0x3
 497 0066 08       		.uleb128 0x8
 498 0067 3A       		.uleb128 0x3a
 499 0068 0B       		.uleb128 0xb
 500 0069 3B       		.uleb128 0x3b
 501 006a 05       		.uleb128 0x5
 502 006b 39       		.uleb128 0x39
 503 006c 0B       		.uleb128 0xb
 504 006d 49       		.uleb128 0x49
 505 006e 13       		.uleb128 0x13
 506 006f 38       		.uleb128 0x38
 507 0070 0B       		.uleb128 0xb
 508 0071 00       		.byte	0
 509 0072 00       		.byte	0
 510 0073 0A       		.uleb128 0xa
 511 0074 01       		.uleb128 0x1
 512 0075 01       		.byte	0x1
 513 0076 49       		.uleb128 0x49
 514 0077 13       		.uleb128 0x13
 515 0078 01       		.uleb128 0x1
 516 0079 13       		.uleb128 0x13
 517 007a 00       		.byte	0
 518 007b 00       		.byte	0
 519 007c 0B       		.uleb128 0xb
 520 007d 21       		.uleb128 0x21
 521 007e 00       		.byte	0
 522 007f 49       		.uleb128 0x49
 523 0080 13       		.uleb128 0x13
 524 0081 2F       		.uleb128 0x2f
 525 0082 0B       		.uleb128 0xb
 526 0083 00       		.byte	0
 527 0084 00       		.byte	0
 528 0085 0C       		.uleb128 0xc
 529 0086 16       		.uleb128 0x16
 530 0087 00       		.byte	0
 531 0088 03       		.uleb128 0x3
 532 0089 0E       		.uleb128 0xe
 533 008a 3A       		.uleb128 0x3a
 534 008b 0B       		.uleb128 0xb
 535 008c 3B       		.uleb128 0x3b
 536 008d 05       		.uleb128 0x5
 537 008e 39       		.uleb128 0x39
 538 008f 0B       		.uleb128 0xb
 539 0090 49       		.uleb128 0x49
 540 0091 13       		.uleb128 0x13
 541 0092 00       		.byte	0
 542 0093 00       		.byte	0
 543 0094 0D       		.uleb128 0xd
 544 0095 34       		.uleb128 0x34
 545 0096 00       		.byte	0
 546 0097 03       		.uleb128 0x3
 547 0098 0E       		.uleb128 0xe
 548 0099 3A       		.uleb128 0x3a
 549 009a 0B       		.uleb128 0xb
 550 009b 3B       		.uleb128 0x3b
 551 009c 0B       		.uleb128 0xb
 552 009d 39       		.uleb128 0x39
 553 009e 0B       		.uleb128 0xb
 554 009f 49       		.uleb128 0x49
 555 00a0 13       		.uleb128 0x13
 556 00a1 3F       		.uleb128 0x3f
 557 00a2 19       		.uleb128 0x19
 558 00a3 3C       		.uleb128 0x3c
 559 00a4 19       		.uleb128 0x19
 560 00a5 00       		.byte	0
 561 00a6 00       		.byte	0
 562 00a7 0E       		.uleb128 0xe
 563 00a8 2E       		.uleb128 0x2e
 564 00a9 01       		.byte	0x1
 565 00aa 3F       		.uleb128 0x3f
 566 00ab 19       		.uleb128 0x19
 567 00ac 03       		.uleb128 0x3
 568 00ad 0E       		.uleb128 0xe
 569 00ae 3A       		.uleb128 0x3a
 570 00af 0B       		.uleb128 0xb
 571 00b0 3B       		.uleb128 0x3b
 572 00b1 0B       		.uleb128 0xb
 573 00b2 39       		.uleb128 0x39
 574 00b3 0B       		.uleb128 0xb
 575 00b4 27       		.uleb128 0x27
 576 00b5 19       		.uleb128 0x19
 577 00b6 01       		.uleb128 0x1
 578 00b7 13       		.uleb128 0x13
 579 00b8 00       		.byte	0
 580 00b9 00       		.byte	0
 581 00ba 0F       		.uleb128 0xf
 582 00bb 34       		.uleb128 0x34
 583 00bc 00       		.byte	0
 584 00bd 03       		.uleb128 0x3
 585 00be 0E       		.uleb128 0xe
 586 00bf 3A       		.uleb128 0x3a
 587 00c0 0B       		.uleb128 0xb
 588 00c1 3B       		.uleb128 0x3b
 589 00c2 0B       		.uleb128 0xb
 590 00c3 39       		.uleb128 0x39
 591 00c4 0B       		.uleb128 0xb
 592 00c5 49       		.uleb128 0x49
 593 00c6 13       		.uleb128 0x13
 594 00c7 00       		.byte	0
 595 00c8 00       		.byte	0
 596 00c9 10       		.uleb128 0x10
 597 00ca 0B       		.uleb128 0xb
 598 00cb 01       		.byte	0x1
 599 00cc 00       		.byte	0
 600 00cd 00       		.byte	0
 601 00ce 11       		.uleb128 0x11
 602 00cf 0F       		.uleb128 0xf
 603 00d0 00       		.byte	0
 604 00d1 0B       		.uleb128 0xb
 605 00d2 0B       		.uleb128 0xb
 606 00d3 49       		.uleb128 0x49
 607 00d4 13       		.uleb128 0x13
 608 00d5 00       		.byte	0
 609 00d6 00       		.byte	0
 610 00d7 12       		.uleb128 0x12
 611 00d8 15       		.uleb128 0x15
 612 00d9 00       		.byte	0
 613 00da 27       		.uleb128 0x27
 614 00db 19       		.uleb128 0x19
 615 00dc 00       		.byte	0
 616 00dd 00       		.byte	0
 617 00de 13       		.uleb128 0x13
 618 00df 2E       		.uleb128 0x2e
 619 00e0 00       		.byte	0
 620 00e1 3F       		.uleb128 0x3f
 621 00e2 19       		.uleb128 0x19
 622 00e3 03       		.uleb128 0x3
 623 00e4 0E       		.uleb128 0xe
 624 00e5 3A       		.uleb128 0x3a
 625 00e6 0B       		.uleb128 0xb
 626 00e7 3B       		.uleb128 0x3b
 627 00e8 0B       		.uleb128 0xb
 628 00e9 39       		.uleb128 0x39
 629 00ea 0B       		.uleb128 0xb
 630 00eb 27       		.uleb128 0x27
 631 00ec 19       		.uleb128 0x19
 632 00ed 00       		.byte	0
 633 00ee 00       		.byte	0
 634 00ef 14       		.uleb128 0x14
 635 00f0 2E       		.uleb128 0x2e
 636 00f1 00       		.byte	0
 637 00f2 03       		.uleb128 0x3
 638 00f3 0E       		.uleb128 0xe
 639 00f4 3A       		.uleb128 0x3a
 640 00f5 0B       		.uleb128 0xb
 641 00f6 3B       		.uleb128 0x3b
 642 00f7 05       		.uleb128 0x5
 643 00f8 39       		.uleb128 0x39
 644 00f9 0B       		.uleb128 0xb
 645 00fa 27       		.uleb128 0x27
 646 00fb 19       		.uleb128 0x19
 647 00fc 8701     		.uleb128 0x87
 648 00fe 19       		.uleb128 0x19
 649 00ff 00       		.byte	0
 650 0100 00       		.byte	0
 651 0101 15       		.uleb128 0x15
 652 0102 2E       		.uleb128 0x2e
 653 0103 00       		.byte	0
 654 0104 03       		.uleb128 0x3
 655 0105 0E       		.uleb128 0xe
 656 0106 3A       		.uleb128 0x3a
 657 0107 0B       		.uleb128 0xb
 658 0108 3B       		.uleb128 0x3b
 659 0109 05       		.uleb128 0x5
 660 010a 39       		.uleb128 0x39
 661 010b 0B       		.uleb128 0xb
 662 010c 27       		.uleb128 0x27
 663 010d 19       		.uleb128 0x19
 664 010e 00       		.byte	0
 665 010f 00       		.byte	0
 666 0110 16       		.uleb128 0x16
 667 0111 2E       		.uleb128 0x2e
 668 0112 01       		.byte	0x1
 669 0113 03       		.uleb128 0x3
 670 0114 0E       		.uleb128 0xe
 671 0115 3A       		.uleb128 0x3a
 672 0116 0B       		.uleb128 0xb
 673 0117 3B       		.uleb128 0x3b
 674 0118 05       		.uleb128 0x5
 675 0119 39       		.uleb128 0x39
 676 011a 0B       		.uleb128 0xb
 677 011b 27       		.uleb128 0x27
 678 011c 19       		.uleb128 0x19
 679 011d 01       		.uleb128 0x1
 680 011e 13       		.uleb128 0x13
 681 011f 00       		.byte	0
 682 0120 00       		.byte	0
 683 0121 17       		.uleb128 0x17
 684 0122 05       		.uleb128 0x5
 685 0123 00       		.byte	0
 686 0124 03       		.uleb128 0x3
 687 0125 0E       		.uleb128 0xe
 688 0126 3A       		.uleb128 0x3a
 689 0127 0B       		.uleb128 0xb
 690 0128 3B       		.uleb128 0x3b
 691 0129 05       		.uleb128 0x5
 692 012a 39       		.uleb128 0x39
 693 012b 0B       		.uleb128 0xb
 694 012c 49       		.uleb128 0x49
 695 012d 13       		.uleb128 0x13
 696 012e 00       		.byte	0
 697 012f 00       		.byte	0
 698 0130 18       		.uleb128 0x18
 699 0131 2E       		.uleb128 0x2e
 700 0132 01       		.byte	0x1
 701 0133 03       		.uleb128 0x3
 702 0134 0E       		.uleb128 0xe
 703 0135 3A       		.uleb128 0x3a
 704 0136 0B       		.uleb128 0xb
 705 0137 3B       		.uleb128 0x3b
 706 0138 0B       		.uleb128 0xb
 707 0139 39       		.uleb128 0x39
 708 013a 0B       		.uleb128 0xb
 709 013b 27       		.uleb128 0x27
 710 013c 19       		.uleb128 0x19
 711 013d 01       		.uleb128 0x1
 712 013e 13       		.uleb128 0x13
 713 013f 00       		.byte	0
 714 0140 00       		.byte	0
 715 0141 19       		.uleb128 0x19
 716 0142 05       		.uleb128 0x5
 717 0143 00       		.byte	0
 718 0144 03       		.uleb128 0x3
 719 0145 0E       		.uleb128 0xe
 720 0146 3A       		.uleb128 0x3a
 721 0147 0B       		.uleb128 0xb
 722 0148 3B       		.uleb128 0x3b
 723 0149 0B       		.uleb128 0xb
 724 014a 39       		.uleb128 0x39
 725 014b 0B       		.uleb128 0xb
 726 014c 49       		.uleb128 0x49
 727 014d 13       		.uleb128 0x13
 728 014e 00       		.byte	0
 729 014f 00       		.byte	0
 730 0150 1A       		.uleb128 0x1a
 731 0151 2E       		.uleb128 0x2e
 732 0152 00       		.byte	0
 733 0153 03       		.uleb128 0x3
 734 0154 0E       		.uleb128 0xe
 735 0155 3A       		.uleb128 0x3a
 736 0156 0B       		.uleb128 0xb
 737 0157 3B       		.uleb128 0x3b
 738 0158 0B       		.uleb128 0xb
 739 0159 39       		.uleb128 0x39
 740 015a 0B       		.uleb128 0xb
 741 015b 27       		.uleb128 0x27
 742 015c 19       		.uleb128 0x19
 743 015d 00       		.byte	0
 744 015e 00       		.byte	0
 745 015f 00       		.byte	0
 746              		.section	.gnu.debuglto_.debug_line,"e",%progbits
 747              	.Ldebug_line0:
 748 0000 C6000000 		.4byte	.LELT0-.LSLT0
 749              	.LSLT0:
 750 0004 0400     		.2byte	0x4
 751 0006 C0000000 		.4byte	.LELTP0-.LASLTP0
 752              	.LASLTP0:
 753 000a 01       		.byte	0x1
 754 000b 01       		.byte	0x1
 755 000c 01       		.byte	0x1
 756 000d F6       		.byte	0xf6
 757 000e F2       		.byte	0xf2
 758 000f 0D       		.byte	0xd
 759 0010 00       		.byte	0
 760 0011 01       		.byte	0x1
 761 0012 01       		.byte	0x1
 762 0013 01       		.byte	0x1
 763 0014 01       		.byte	0x1
 764 0015 00       		.byte	0
 765 0016 00       		.byte	0
 766 0017 00       		.byte	0
 767 0018 01       		.byte	0x1
 768 0019 00       		.byte	0
 769 001a 00       		.byte	0
 770 001b 01       		.byte	0x1
 771 001c 6C69622F 		.ascii	"lib/chibios/os/common/ext/ARM/CMSIS/Core/Include"
 771      63686962 
 771      696F732F 
 771      6F732F63 
 771      6F6D6D6F 
 772 004c 00       		.byte	0
 773 004d 746D6B5F 		.ascii	"tmk_core/common/chibios"
 773      636F7265 
 773      2F636F6D 
 773      6D6F6E2F 
 773      63686962 
 774 0064 00       		.byte	0
 775 0065 2F757372 		.ascii	"/usr/lib/gcc/arm-none-eabi/10.3.1/include"
 775      2F6C6962 
 775      2F676363 
 775      2F61726D 
 775      2D6E6F6E 
 776 008e 00       		.byte	0
 777 008f 00       		.byte	0
 778 0090 73746469 		.ascii	"stdint.h\000"
 778      6E742E68 
 778      00
 779 0099 03       		.uleb128 0x3
 780 009a 00       		.uleb128 0
 781 009b 00       		.uleb128 0
 782 009c 636F7265 		.ascii	"core_cm4.h\000"
 782      5F636D34 
 782      2E6800
 783 00a7 01       		.uleb128 0x1
 784 00a8 00       		.uleb128 0
 785 00a9 00       		.uleb128 0
 786 00aa 626F6F74 		.ascii	"bootloader.c\000"
 786      6C6F6164 
 786      65722E63 
 786      00
 787 00b7 02       		.uleb128 0x2
 788 00b8 00       		.uleb128 0
 789 00b9 00       		.uleb128 0
 790 00ba 636D7369 		.ascii	"cmsis_gcc.h\000"
 790      735F6763 
 790      632E6800 
 791 00c6 01       		.uleb128 0x1
 792 00c7 00       		.uleb128 0
 793 00c8 00       		.uleb128 0
 794 00c9 00       		.byte	0
 795              	.LELTP0:
 796              	.LELT0:
 797              		.section	.gnu.debuglto_.debug_str,"eMS",%progbits,1
 798              	.LASF34:
 799 0000 746F704F 		.ascii	"topOfMainStack\000"
 799      664D6169 
 799      6E537461 
 799      636B00
 800              	.LASF42:
 801 000f 656E7465 		.ascii	"enter_bootloader_mode_if_requested\000"
 801      725F626F 
 801      6F746C6F 
 801      61646572 
 801      5F6D6F64 
 802              	.LASF33:
 803 0032 5F5F7365 		.ascii	"__set_CONTROL\000"
 803      745F434F 
 803      4E54524F 
 803      4C00
 804              	.LASF22:
 805 0040 4D4D4652 		.ascii	"MMFR\000"
 805      00
 806              	.LASF15:
 807 0045 53484353 		.ascii	"SHCSR\000"
 807      5200
 808              	.LASF41:
 809 004b 5F5F7261 		.ascii	"__ram0_end__\000"
 809      6D305F65 
 809      6E645F5F 
 809      00
 810              	.LASF39:
 811 0058 746D6B5F 		.ascii	"tmk_core/common/chibios/bootloader.c\000"
 811      636F7265 
 811      2F636F6D 
 811      6D6F6E2F 
 811      63686962 
 812              	.LASF36:
 813 007d 5F5F4453 		.ascii	"__DSB\000"
 813      4200
 814              	.LASF13:
 815 0083 56544F52 		.ascii	"VTOR\000"
 815      00
 816              	.LASF3:
 817 0088 73686F72 		.ascii	"short int\000"
 817      7420696E 
 817      7400
 818              	.LASF24:
 819 0092 52455345 		.ascii	"RESERVED0\000"
 819      52564544 
 819      3000
 820              	.LASF32:
 821 009c 5F5F7365 		.ascii	"__set_MSP\000"
 821      745F4D53 
 821      5000
 822              	.LASF37:
 823 00a6 5F5F656E 		.ascii	"__enable_irq\000"
 823      61626C65 
 823      5F697271 
 823      00
 824              	.LASF6:
 825 00b3 756E7369 		.ascii	"unsigned char\000"
 825      676E6564 
 825      20636861 
 825      7200
 826              	.LASF9:
 827 00c1 6C6F6E67 		.ascii	"long unsigned int\000"
 827      20756E73 
 827      69676E65 
 827      6420696E 
 827      7400
 828              	.LASF1:
 829 00d3 73686F72 		.ascii	"short unsigned int\000"
 829      7420756E 
 829      7369676E 
 829      65642069 
 829      6E7400
 830              	.LASF35:
 831 00e6 636F6E74 		.ascii	"control\000"
 831      726F6C00 
 832              	.LASF16:
 833 00ee 43465352 		.ascii	"CFSR\000"
 833      00
 834              	.LASF17:
 835 00f3 48465352 		.ascii	"HFSR\000"
 835      00
 836              	.LASF40:
 837 00f8 2F686F6D 		.ascii	"/home/jstewart/source/yaemk-split-kb/Firmware\000"
 837      652F6A73 
 837      74657761 
 837      72742F73 
 837      6F757263 
 838              	.LASF23:
 839 0126 49534152 		.ascii	"ISAR\000"
 839      00
 840              	.LASF26:
 841 012b 5343425F 		.ascii	"SCB_Type\000"
 841      54797065 
 841      00
 842              	.LASF0:
 843 0134 756E7369 		.ascii	"unsigned int\000"
 843      676E6564 
 843      20696E74 
 843      00
 844              	.LASF18:
 845 0141 44465352 		.ascii	"DFSR\000"
 845      00
 846              	.LASF27:
 847 0146 63686172 		.ascii	"char\000"
 847      00
 848              	.LASF12:
 849 014b 49435352 		.ascii	"ICSR\000"
 849      00
 850              	.LASF14:
 851 0150 41495243 		.ascii	"AIRCR\000"
 851      5200
 852              	.LASF43:
 853 0156 626F6F74 		.ascii	"bootloader_jump\000"
 853      6C6F6164 
 853      65725F6A 
 853      756D7000 
 854              	.LASF38:
 855 0166 474E5520 		.ascii	"GNU C99 10.3.1 20210621 (release) -mcpu=cortex-m4 -"
 855      43393920 
 855      31302E33 
 855      2E312032 
 855      30323130 
 856 0199 6D746875 		.ascii	"mthumb -mno-thumb-interwork -mno-unaligned-access -"
 856      6D62202D 
 856      6D6E6F2D 
 856      7468756D 
 856      622D696E 
 857 01cc 6D666C6F 		.ascii	"mfloat-abi=hard -mfpu=fpv4-sp-d16 -march=armv7e-m+f"
 857      61742D61 
 857      62693D68 
 857      61726420 
 857      2D6D6670 
 858 01ff 70202D67 		.ascii	"p -ggdb -Os -Ofast -std=gnu99 -fsingle-precision-co"
 858      67646220 
 858      2D4F7320 
 858      2D4F6661 
 858      7374202D 
 859 0232 6E737461 		.ascii	"nstant -fomit-frame-pointer -ffunction-sections -fd"
 859      6E74202D 
 859      666F6D69 
 859      742D6672 
 859      616D652D 
 860 0265 6174612D 		.ascii	"ata-sections -fshort-wchar -fcommon -flto\000"
 860      73656374 
 860      696F6E73 
 860      202D6673 
 860      686F7274 
 861              	.LASF7:
 862 028f 75696E74 		.ascii	"uint8_t\000"
 862      385F7400 
 863              	.LASF5:
 864 0297 6C6F6E67 		.ascii	"long long int\000"
 864      206C6F6E 
 864      6720696E 
 864      7400
 865              	.LASF11:
 866 02a5 43505549 		.ascii	"CPUID\000"
 866      4400
 867              	.LASF25:
 868 02ab 43504143 		.ascii	"CPACR\000"
 868      5200
 869              	.LASF21:
 870 02b1 41465352 		.ascii	"AFSR\000"
 870      00
 871              	.LASF29:
 872 02b6 426F6F74 		.ascii	"BootJump_t\000"
 872      4A756D70 
 872      5F7400
 873              	.LASF19:
 874 02c1 4D4D4641 		.ascii	"MMFAR\000"
 874      5200
 875              	.LASF31:
 876 02c7 626F6F74 		.ascii	"boot_jump\000"
 876      5F6A756D 
 876      7000
 877              	.LASF8:
 878 02d1 75696E74 		.ascii	"uint32_t\000"
 878      33325F74 
 878      00
 879              	.LASF4:
 880 02da 6C6F6E67 		.ascii	"long int\000"
 880      20696E74 
 880      00
 881              	.LASF44:
 882 02e3 5F5F4E56 		.ascii	"__NVIC_SystemReset\000"
 882      49435F53 
 882      79737465 
 882      6D526573 
 882      657400
 883              	.LASF2:
 884 02f6 7369676E 		.ascii	"signed char\000"
 884      65642063 
 884      68617200 
 885              	.LASF28:
 886 0302 5F426F6F 		.ascii	"_Bool\000"
 886      6C00
 887              	.LASF20:
 888 0308 42464152 		.ascii	"BFAR\000"
 888      00
 889              	.LASF10:
 890 030d 6C6F6E67 		.ascii	"long long unsigned int\000"
 890      206C6F6E 
 890      6720756E 
 890      7369676E 
 890      65642069 
 891              	.LASF30:
 892 0324 63686563 		.ascii	"check\000"
 892      6B00
 893              		.text
 894              		.section	.gnu.lto_.profile.1afe0a609bf61544,"e",%progbits
 895 0000 789C6361 		.ascii	"x\234ca\000\002Ff\006\000\0001\000\011"
 895      00024666 
 895      06000031 
 895      0009
 896              		.text
 897              		.section	.gnu.lto_.icf.1afe0a609bf61544,"e",%progbits
 898 0000 789C1361 		.ascii	"x\234\023a@\000f\2065\373\026_`a\374u\356\320\013~\346"
 898      40006686 
 898      35FB165F 
 898      6061FC75 
 898      EED00B7E 
 899 0015 0BE76E7E 		.ascii	"\013\347n~\345d\000\000fM\011\363"
 899      E5640000 
 899      664D09F3 
 900              		.text
 901              		.section	.gnu.lto_.ipa_sra.1afe0a609bf61544,"e",%progbits
 902 0000 789CE367 		.ascii	"x\234\343g@\000f\006\006FF\006 d\006\021\014\000\002"
 902      40006606 
 902      06464606 
 902      20640611 
 902      0C0002
 903 0013 1C001C   		.ascii	"\034\000\034"
 904              		.text
 905              		.section	.gnu.lto_.inline.1afe0a609bf61544,"e",%progbits
 906 0000 789C2B61 		.ascii	"x\234+a@\000f\006\006\316}\377\377\257f\316dd`\342\203"
 906      40006606 
 906      06CE7DFF 
 906      FFAF66CE 
 906      646460E2 
 907 0015 B0181858 		.ascii	"\260\030\030X\030\032\033\032\032\352\230\030\230\200"
 907      181A1B1A 
 907      1AEA9818 
 907      9880
 908 0023 4A181958 		.ascii	"J\030\031X\200\234\007Li@\025L@V\003S2\272\012.\210"
 908      809C074C 
 908      6940154C 
 908      40560353 
 908      32BA0A2E 
 909 0038 51FC27A6 		.ascii	"Q\374'\246\334y\007V'\324{\375\370!\246T\006\006\266"
 909      DC790756 
 909      27D47BFD 
 909      F821A654 
 909      0606B6
 910 004b 390FBF5E 		.ascii	"9\017\277^dJ\206\250c\346\007\333\011\000l\345\035U"
 910      644A86A8 
 910      63E607DB 
 910      09006CE5 
 910      1D55
 911              		.text
 912              		.section	.gnu.lto_.jmpfuncs.1afe0a609bf61544,"e",%progbits
 913 0000 789CE367 		.ascii	"x\234\343g@\000f f\204\322\365\012\014\000\003\272\000"
 913      40006620 
 913      6684D2F5 
 913      0A0C0003 
 913      BA00
 914 0012 B6       		.ascii	"\266"
 915              		.text
 916              		.section	.gnu.lto_.pureconst.1afe0a609bf61544,"e",%progbits
 917 0000 789CE362 		.ascii	"x\234\343b```f\330\312\3128\213\205y\027+\000\013\035"
 917      60606066 
 917      D8CACA38 
 917      8B857917 
 917      2B000B1D 
 918 0014 0229     		.ascii	"\002)"
 919              		.text
 920              		.section	.gnu.lto_.lto.1afe0a609bf61544,"e",%progbits
 921 0000 09000400 		.ascii	"\011\000\004\000\001\000\000\000"
 921      01000000 
 922              		.text
 923              		.section	.gnu.lto___NVIC_SystemReset.142.1afe0a609bf61544,"e",%progbits
 924 0000 789C9D50 		.ascii	"x\234\235P\317K\024a\030~\237\371f]\363\340\245K\235"
 924      CF4B1461 
 924      187E9FF9 
 924      665DF3E0 
 924      A54B9D
 925 0013 FA21441E 		.ascii	"\372!D\036\334\317\240\263\025\202` B\376\001\342\216"
 925      DCCFA0B3 
 925      15826020 
 925      42FE01E2 
 925      8E
 926 0024 433BB9B3 		.ascii	"C;\271\263#3+\351\251/\3262$X\335\215\220\250\300e\255"
 926      23332BE9 
 926      A92FD632 
 926      2458DD8D 
 926      90A8C065 
 927 0039 A04311F4 		.ascii	"\240C\021\364c\267\\\327\314K\227\240\260\"\252\203"
 927      63B75CD7 
 927      CC4B97A0 
 927      B022AA83 
 928 0049 97620F1A 		.ascii	"\227b\017\032IXKb\3377c\272\207N\0153/\357\373>\357"
 928      49584B62 
 928      DF3763BA 
 928      874E0D33 
 928      2FEFFB3E 
 929 005e F3BCF3BC 		.ascii	"\363\274\363\274\2074\242E\":)?\204\010\231\311q\215"
 929      8734A245 
 929      223A293F 
 929      840899C9 
 929      718D
 930 0070 8410C7C3 		.ascii	"\204\020\307\303\032\262\223/S\263\345\317M(\302\357"
 930      1AB2932F 
 930      53B3E5CF 
 930      4D28C2EF 
 931 0080 305CD946 		.ascii	"0\\\331Fud\217\370\011\350\234\306t\310@;O\2265K\360"
 931      75648FF8 
 931      09E89CC6 
 931      74C8403B 
 931      4F96354B 
 932 0095 E7CCB5BB 		.ascii	"\347\314\265\273\033\207G\305\205=y\011\336\334\031"
 932      1B8747C5 
 932      853D7909 
 932      DEDC19
 933 00a4 A8DBAAB4 		.ascii	"\250\333\252\264\353\014~\016<\002\251B\261\336\226"
 933      EB0C7E0E 
 933      3C02A942 
 933      B1DE96
 934 00b3 EA080F21 		.ascii	"\352\010\017!\273j\020\217k\301\251Om\265X\301\307 "
 934      BB6A108F 
 934      6BC1A94F 
 934      6DB558C1 
 934      C720
 935 00c5 A5EEBD0E 		.ascii	"\245\356\275\016\225\305\357\315\264\020_*\310^~\260"
 935      95C5EFCD 
 935      B4105F2A 
 935      C85E7EB0 
 936 00d5 AF019467 		.ascii	"\257\001\224g\320T`*\020\245\031\275X\275\024\202(\023"
 936      D054602A 
 936      10A519BD 
 936      58BD1482 
 936      2813
 937 00e7 4D30CDCF 		.ascii	"M0\315\317S2\257@|\237y\263\364j\227\024V\305\332t\272"
 937      5332AF40 
 937      7C9F79B3 
 937      F46A9714 
 937      56C5DA74 
 938 00fc B8FE7EB7 		.ascii	"\270\376~\267\\\254\252\345\271\365)\340\011h\025\347"
 938      5CACAAE5 
 938      B9F529E0 
 938      096815E7 
 939 010c 0FCA9574 		.ascii	"\017\312\225t\037\362_\016\024p\261>\3174]\235\355)"
 939      1FF25F0E 
 939      1470B13E 
 939      CF345D9D 
 939      ED29
 940 011e 0291FCDA 		.ascii	"\002\221\374\332R\267\322X\301\363g\205\217\245\011"
 940      52B7D258 
 940      C1F36785 
 940      8FA509
 941 012d E4989ACD 		.ascii	"\344\230\232\315\260<c\276\203 \023\037R\242QV\267\324"
 941      B03C63BE 
 941      8320131F 
 941      52A25156 
 941      B7D4
 942 013f 55A5888E 		.ascii	"U\245\210\216\0220\013j\235\366\313\020\346p\303\277"
 942      12300B6A 
 942      9DF6CB10 
 942      E670C3BF 
 943 014f D50A5257 		.ascii	"\325\012RW\307\026C9\246\345\002. \032U73\266Y\271\335"
 943      C7164339 
 943      A6E5022E 
 943      201A5537 
 943      33B659B9 
 944 0164 90634C42 		.ascii	"\220cLBA\177T|\345j\357\267\361\015\374\225\276\303"
 944      417F547C 
 944      E56AEFB7 
 944      F10DFC95 
 944      BEC3
 945 0176 FEA1BD10 		.ascii	"\376\241\275\020hK\256o\356Guo\255\345B\215\345b\255"
 945      684BAE6F 
 945      EE47756F 
 945      ADE5428D 
 945      E562AD
 946 0189 E56D9FEA 		.ascii	"\345m\237\352tL\212\013]\335\016\276\355\205w\335[\247"
 946      744C8A0B 
 946      5DDD0EBE 
 946      ED8577DD 
 946      5BA7
 947 019b 5BDEA836 		.ascii	"[\336\2506K\226hR\203\363A\353Wu^\361\322L\017h\220"
 947      4B966852 
 947      83F341EB 
 947      57755EF1 
 947      D24C0F68 
 948 01b0 2928AC26 		.ascii	")(\254&\"<\346\330&?\343%\315\263}n\222{\316\220k\230"
 948      223CE6D8 
 948      263FE325 
 948      CDB37D6E 
 948      927BCE90 
 949 01c6 7CA4CFB4 		.ascii	"|\244\317\264\007Z\274\301\270\225l\031\210\362\016"
 949      075ABCC1 
 949      B8956C19 
 949      88F20E
 950 01d5 CBB5256C 		.ascii	"\313\265%lR[\204\307\255(7bV\324r<._\303\261m'\301\315"
 950      525B84C7 
 950      AD283762 
 950      56D4723C 
 950      2E5FC3B1 
 951 01ed E1243F71 		.ascii	"\341$?q\252\213\267w\365t\366\360v\3075yg\302\210\017"
 951      AA8BB777 
 951      F574F6F0 
 951      76C73579 
 951      67C2880F 
 952 0201 F59B72C2 		.ascii	"\365\233r\3025{\015\373h$F\307\376\207n{\226\327{\332"
 952      357B0DFB 
 952      682446C7 
 952      FE876E7B 
 952      96D77BDA 
 953 0215 3024BFBE 		.ascii	"0$\277\276\337\213\356o\035\356\240\260m\332\216;Bz"
 953      DF8BEE6F 
 953      1DEEA0B0 
 953      6DDA8E3B 
 953      427A
 954 0227 C219A43F 		.ascii	"\302\031\244?\205E\002]"
 954      8545025D 
 955              		.text
 956              		.section	.gnu.lto_bootloader_jump.283.1afe0a609bf61544,"e",%progbits
 957 0000 789C3550 		.ascii	"x\2345P\273J\003Q\020\235so\036\"H\032\301\017\020A"
 957      BB4A0351 
 957      109D736F 
 957      1E22481A 
 957      C10F1041 
 958 0014 8B642B7B 		.ascii	"\213d+{\033\375\004[I\326\205\254\311zewE\254rM\202"
 958      1BFD045B 
 958      49D685AC 
 958      C97A6577 
 958      45AC724D 
 959 0029 8A4D3476 		.ascii	"\212M4v\022S\204\030\322Y\031\005QR\371\001\202?`!\301"
 959      12538418 
 959      D2591905 
 959      5152F901 
 959      823F6021 
 960 003e 228A2058 		.ascii	"\"\212 XD\326\331l\2740\303\234y\2349s\027A\264NDsl"
 960      44D6D96C 
 960      BC30C39C 
 960      799C3973 
 960      1741B44E 
 961 0055 9084FAD9 		.ascii	"\220\204\372\331\211 \255\365JR\020\250$P\302\271\\"
 961      8920ADF5 
 961      4A5210A8 
 961      2450C2B9 
 961      5C
 962 0066 E2C4CFD5 		.ascii	"\342\304\317\325\305e%\245\273}\264%Q\223m\362\022\377"
 962      C56525A5 
 962      BB7DB425 
 962      51936DF2 
 962      12FF
 963 0078 8899E8FA 		.ascii	"\210\231\350\3729\336\327\243\240\246\365\313\033\272"
 963      39DED7A3 
 963      A0A6F5CB 
 963      1BBA
 964 0086 F309505B 		.ascii	"\363\011P[B\204N\262\023D5\031\262\353\030t\237\350"
 964      42844EB2 
 964      13443519 
 964      B2EB1874 
 964      9FE8
 965 0098 548A081C 		.ascii	"T\212\010\0340x\207~}x\232\306\015h\210\362\350h\271"
 965      3078877E 
 965      7D789AC6 
 965      0D6888F2 
 965      E868B9
 966 00ab 25D190A8 		.ascii	"%\321\220\250\313\266\224 \216\252\020\034vy\027\203"
 966      CBB69420 
 966      8EAA101C 
 966      76791783 
 967 00bb 4EC81CC3 		.ascii	"N\310\034\303-\320\003UQ\326z*\354\273c\021CT\032\207"
 967      2DD00355 
 967      51D67A2A 
 967      ECBB6311 
 967      43541A87 
 968 00cf 6849D18A 		.ascii	"hI\321\212\246\201Q\020\004\251\210\225\363\222K!\370"
 968      A6815110 
 968      04A98895 
 968      F3924B21 
 968      F8
 969 00e0 1ACC4EF8 		.ascii	"\032\314N\370\005\250\003\0262\340\005a\003\356A\321"
 969      05A80316 
 969      32E00561 
 969      03EE41D1 
 970 00f0 E4C76FEF 		.ascii	"\344\307o\357{f,\3551A\237\250\034\257\322XF\274\311"
 970      7B662CED 
 970      31419FA8 
 970      1CAFD258 
 970      46BCC9
 971 0103 9A58011F 		.ascii	"\232X\001\037\317'\201\222\341\007d\214\274r,c\313\363"
 971      CF278192 
 971      E107648C 
 971      BC722C63 
 971      CBF3
 972 0115 ADBDACEB 		.ascii	"\255\275\254\353\033\236\332uM\313\330\317ZN!\355\355"
 972      1B9EDA75 
 972      4DCBD8CF 
 972      5A4E21ED 
 972      ED
 973 0126 146D3F5D 		.ascii	"\024m?]\310\031k\266\353p\331\242\005\337)l\230\312"
 973      C8196BB6 
 973      EB70D9A2 
 973      05DF296C 
 973      98CA
 974 0138 B50C5339 		.ascii	"\265\014S9\216\3326\314\274\235\263\225g\344\224\362"
 974      8EDA36CC 
 974      BC9DB395 
 974      67E494F2 
 975 0148 8B2ABB69 		.ascii	"\213*\273i\271\031\223\376\0006syg"
 975      B91993FE 
 975      00367379 
 975      67
 976              		.text
 977              		.section	.gnu.lto_enter_bootloader_mode_if_requested.284.1afe0a609bf61544,"e",%progbits
 978 0000 789C6D54 		.ascii	"x\234mT]l\024U\024\276\337\334\231\331]\\\012\017\376"
 978      5D6C1455 
 978      14BEDFDC 
 978      99D95D5C 
 978      0A0FFE
 979 0013 243C2DC4 		.ascii	"$<-\304\306hd\247>\020\364I\015\211\011\017\215\011"
 979      C66864A7 
 979      3E10F449 
 979      0D89090F 
 979      8D09
 980 0025 7D303E34 		.ascii	"}0>4M;\214vi\267\323\354n\243\274\310t\267\202iI\350"
 980      4D3B8C76 
 980      69B7D3EC 
 980      6EA3BCC8 
 980      74B78269 
 981 003b D6461BAC 		.ascii	"\326F\033\254D\313\2264\372 /\224bQV\332n\241\025\023"
 981      44CB9634 
 981      FA202F94 
 981      625156DA 
 981      6EA11513 
 982 004f 486C15AB 		.ascii	"Hl\025\253\205\012\006Th-j*\026\327s\357\235n\033\302"
 982      850A0654 
 982      682D6A2A 
 982      16D773EF 
 982      9D6E1BC2 
 983 0063 663373E6 		.ascii	"f3s\346\234\363}\347;\347\236\231g\015\306L0V\317\030"
 983      9CF37DE7 
 983      3BE79E99 
 983      670DC64C 
 983      3056CF18 
 984 0077 4380A12B 		.ascii	"C\200\241+\333\2561\317\363^\010hZ&\333\241\341\024"
 984      DBAE31CF 
 984      F35E0868 
 984      5A26DBA1 
 984      E114
 985 0089 7E3F7AF5 		.ascii	"~?z\365\021\375\355lY\367\314\221\247t\216\356R\206"
 985      11FDED6C 
 985      59F7CC91 
 985      A7748EEE 
 985      5286
 986 009b 8EF7B2EB 		.ascii	"\216\367\262\353\244e\242\373\031i\030h\315\266\207"
 986      A465A2FB 
 986      19691868 
 986      CDB687
 987 00aa 08249FC0 		.ascii	"\010$\237\300\366i\\7\015\354\323t\266\372{\227?I\341"
 987      F6695C37 
 987      0DECD374 
 987      B6FA7B97 
 987      3F49E1
 988 00bd A5FEC39F 		.ascii	"\245\376\303\237\214\300\033\310#\307\031;\302K\341"
 988      8CC01BC8 
 988      23C7193B 
 988      C24BE1
 989 00cc 5E8E2E9E 		.ascii	"^\216.\236\343\200\356[\032\"d\361WD\244<\357y\013\237"
 989      E380EE5B 
 989      1A2264F1 
 989      5744A43C 
 989      EF790B9F 
 990 00e0 663ACA3A 		.ascii	"f:\312:[\2039\316q\022\204\304 p\002\002[}U7\031\206"
 990      5B8339CE 
 990      711284C4 
 990      20700202 
 990      5B7D5537 
 991 00f6 A0F83801 		.ascii	"\240\3708\001L\301\015|\016\201\346\251\025\216\343"
 991      4CC10D7C 
 991      0E81E6A9 
 991      158EE3
 992 0105 C39903DE 		.ascii	"\303\231\003\336\306\266H\216\353\030\276\217\343\256"
 992      C6B6488E 
 992      EB18BE8F 
 992      E3AE
 993 0113 2E71380D 		.ascii	".q8\015F\235\260\352[\342\231\277%\240O\020t\251\267"
 993      469DB0EA 
 993      5BE299BF 
 993      25A04F10 
 993      74A9B7
 994 0126 FDD6D8A6 		.ascii	"\375\326\330\246^/\257\347\270\201/!\350\025\030g\250"
 994      5E2FAFE7 
 994      B8812F21 
 994      E8151867 
 994      A8
 995 0137 17A37ACA 		.ascii	"\027\243z\312\360\213,]\272x\370`\300;\347\2252\331"
 995      F08B2C5D 
 995      BA78F860 
 995      C03BE795 
 995      32D9
 996 0149 6AA6EAD4 		.ascii	"j\246\352\324\244I\014Mg9\362\344\374Bp1R\214\257V\024"
 996      A4490C4D 
 996      6739F2E4 
 996      FC427031 
 996      528CAF56 
 997 015e 4BF91A46 		.ascii	"K\371\032F\224\374\002\326\210\370`\362\261\025\021"
 997      94FC02D6 
 997      88F860F2 
 997      B11511
 998 016d A310493E 		.ascii	"\243\020I>\365\230\024q\372\301\"F\327\212\030[#bI\210"
 998      F5981471 
 998      FAC12246 
 998      D78A185B 
 998      23624988 
 999 0181 28F82234 		.ascii	"(\370\"4)b\034~])\202\343<V\222{f\374D.\023' bD\246"
 999      29621C7E 
 999      5D2982E3 
 999      3C56927B 
 999      66FC442E 
 1000 019b D1E8696C 		.ascii	"\321\350il\237]2\362\336r\361\220\347Mo\232\355]\014"
 1000      9F5D32F2 
 1000      DE72F190 
 1000      E74D6F9A 
 1000      ED5D0C
 1001 01ae 86C172DC 		.ascii	"\206\301r\334\324\304\205\213\213..\2068\247\240\234"
 1001      D4C4858B 
 1001      8B2E2E86 
 1001      38A7A09C 
 1002 01be 323BC4D9 		.ascii	"2;\304\331\362\320\237e\360\362\214urM\332\031\262\177"
 1002      F2D09F65 
 1002      F0F28C75 
 1002      724DDA19 
 1002      B27F
 1003 01d0 8537375D 		.ascii	"\20577]\320\330m\244\227\017\\\347}\034\376J\004\244"
 1003      D0D86DA4 
 1003      970F5CE7 
 1003      7D1CFE4A 
 1003      04A4
 1004 01e2 94366864 		.ascii	"\2246hd\016p\331\3041Q\304\300\005\340k\2606\244=/("
 1004      0E70D9C4 
 1004      3151C4C0 
 1004      05E06BB0 
 1004      36A43D2F 
 1005 01f7 F2BE21FA 		.ascii	"\362\276!\372\333\310\364\356G\037\327\372\024\332\304"
 1005      DBC8F4EE 
 1005      471FD7FA 
 1005      14DAC4
 1006 0206 72B158DC 		.ascii	"r\261X\334\340\323\222\327\240\030\025KGH\022=\311\272"
 1006      E0D392D7 
 1006      A018154B 
 1006      4748123D 
 1006      C9BA
 1007 0218 DFABBA3D 		.ascii	"\337\253\272=\035\027\310\305\375\272t<\307\304n\023"
 1007      1D17C8C5 
 1007      FDBA743C 
 1007      C7C46E13 
 1008 0228 B54989B8 		.ascii	"\265I\211\270H\3547\321vc\244\216r\024\365\374\275\301"
 1008      48EC37D1 
 1008      7663A48E 
 1008      7214F5FC 
 1008      BDC1
 1009 023a BFD6CB45 		.ascii	"\277\326\313E\356\344|t\376\035\243\324\311\017\205"
 1009      EEE47C74 
 1009      FE1DA3D4 
 1009      C90F85
 1010 0249 83A0A909 		.ascii	"\203\240\251\011\326\305\201\207%\317\215\360*\221\202"
 1010      D6C58187 
 1010      25CF8DF0 
 1010      2A9182
 1011 0258 ABD41953 		.ascii	"\253\324\031S\311\311\313\252\206\362\3369\325}y\362"
 1011      C9C9CBAA 
 1011      86F2DE39 
 1011      D57D79F2 
 1012 0268 43D072C8 		.ascii	"C\320r\310\234\331\311\020\316\202\315#\275E\014\377"
 1012      9CD9C910 
 1012      CE82CD23 
 1012      BD450CFF 
 1013 0278 5B319BCD 		.ascii	"[1\233\315\277`?i\013\222)\3368L\203\321\035\337\001"
 1013      BF603F69 
 1013      0B9229DE 
 1013      384C83D1 
 1013      1DDF01
 1014 028b 5372629B 		.ascii	"Srb\233o\312xH\006/K\332\364B\377\317'\256\005I\230"
 1014      6FCA7848 
 1014      062F4BDA 
 1014      F442FFCF 
 1014      27AE0549 
 1015 02a0 D841C9FC 		.ascii	"\330A\311\374\223I\032\317\366tP\343+\357\340:\260\222"
 1015      93491ACF 
 1015      F67450E3 
 1015      2BEFE03A 
 1015      B092
 1016 02b2 E51D2F16 		.ascii	"\345\035/\026i\334\037\3131<\204\037\201\031\305\024"
 1016      69DC1FCB 
 1016      313C841F 
 1016      8119C514 
 1017 02c2 A1052288 		.ascii	"\241\005\"\210\257up\212\264\216+\255\303S!\234\023"
 1017      AF75708A 
 1017      B48E2BAD 
 1017      C353219C 
 1017      13
 1018 02d3 5A5BB788 		.ascii	"Z[\267\210\235\373\343AZg\225\326+\222B\011\273\343"
 1018      9DFBE341 
 1018      5A6795D6 
 1018      2B924209 
 1018      BBE3
 1019 02e5 0B2BF8C2 		.ascii	"\013+\370\302\026L\237\273k\202\270'\024\367\373\023"
 1019      164C9FBB 
 1019      6B82B827 
 1019      14F7FB13 
 1020 02f5 214C2A6E 		.ascii	"!L*n\202\263\377p\177\237s\012\275\330\177\364\244\244"
 1020      82B3FF70 
 1020      7F9F730A 
 1020      BDD87FF4 
 1020      A4A4
 1021 0307 93A8BF4D 		.ascii	"\223\250\277Mu\272\342\370\203~k\341R\223a\264\251&"
 1021      75BAE2F8 
 1021      837E6BE1 
 1021      529361B4 
 1021      A926
 1022 0319 E98C061E 		.ascii	"\351\214\006\036\027\037\211\353\3005\325\345G\257\322"
 1022      171F89EB 
 1022      C035D5E5 
 1022      47AFD2
 1023 0328 CE1248D2 		.ascii	"\316\022H\322\374S\010\263\005d\"L8r|\275<v\235P\236"
 1023      FC5308B3 
 1023      0564224C 
 1023      38727CBD 
 1023      3C769D50 
 1024 033d 2ECE1D22 		.ascii	".\316\035\"\347\256T=w\257P&\357\377\02660\261\362\246"
 1024      E7AE543D 
 1024      77AF5026 
 1024      EFFF1636 
 1024      30B1F2A6 
 1025 0351 CA02018C 		.ascii	"\312\002\001\214\241\363\277\205\344\236,\"}%;\036\024"
 1025      A1F3BF85 
 1025      E49E2C22 
 1025      7D253B1E 
 1025      14
 1026 0362 DF1D26B3 		.ascii	"\337\035&\263 C\351\274x\212Z\365n\334\261\366$S\316"
 1026      2043E9BC 
 1026      788A5AF5 
 1026      6EDCB1F6 
 1026      2453CE
 1027 0375 1BB58994 		.ascii	"\033\265\211\224\225t[\022\266c\355\255u\342\015[\223"
 1027      95745B12 
 1027      B663EDAD 
 1027      75E20D5B 
 1027      93
 1028 0386 CD8DB1D4 		.ascii	"\315\215\261\324\326\206:\353\245X\"Na\207\225\247\342"
 1028      D6863AEB 
 1028      A558224E 
 1028      618795A7 
 1028      E2
 1029 0397 0D35B69B 		.ascii	"\0155\266\233p,\333\215\307\335&\313\256\217\325\305"
 1029      702CDB8D 
 1029      C7DD26CB 
 1029      AE8FD5C5 
 1030 03a7 DCA455E7 		.ascii	"\334\244U\347\272\251F\267v\267\223\210\332\314\260"
 1030      BAA946B7 
 1030      76B79388 
 1030      DACCB0
 1031 03b6 EB1DBBE1 		.ascii	"\353\035\273\341\321\265\276h\305\266\355\333\235\347"
 1031      D1B5BE68 
 1031      C5B6EDDB 
 1031      9DE7
 1032 03c4 B655B090 		.ascii	"\266U\260\220p\327\354i\2117\007l\267)\225p\033\237"
 1032      70D7EC69 
 1032      8937076C 
 1032      B7299570 
 1032      1B9F
 1033 03d6 8F5A8DB1 		.ascii	"\217Z\215\261\272\022\025\375}r\347\315\224\365\342"
 1033      BA1215FD 
 1033      7D72E7CD 
 1033      94F5E2
 1034 03e5 AE4A6B47 		.ascii	"\256JkGe\325\316*k\207(\273\263\311nl\331M\345\343\311"
 1034      65D5CE2A 
 1034      6B8728BB 
 1034      B3C96E6C 
 1034      D94DE5E3 
 1035 03fa 58B2E675 		.ascii	"X\262\346u\333\216\326\263\262\224\333\374\362k\225"
 1035      DB8ED6B3 
 1035      B294DBFC 
 1035      F26B95
 1036 0409 B5B1A6AA 		.ascii	"\265\261\246\252T\255\335\260\261\262jW\304\247~:R^"
 1036      54ADDDB0 
 1036      B1B26A57 
 1036      C4A77E3A 
 1036      525E
 1037 041b C1B4040B 		.ascii	"\301\264\004\013\304\235\270\233\330\313\302\"\026O"
 1037      C49DB89B 
 1037      D8CBC222 
 1037      164F
 1038 0429 364B7FD0 		.ascii	"6K\177\320nN\306\234H\214\375\017wG\010\\"
 1038      6E4EC69C 
 1038      488CFD0F 
 1038      7747085C 
 1039              		.text
 1040              		.section	.gnu.lto_.symbol_nodes.1afe0a609bf61544,"e",%progbits
 1041 0000 789C2B61 		.ascii	"x\234+a\000\002\246>\306z\206#\357;X\031'\234c`\250"
 1041      0002A63E 
 1041      C67A8623 
 1041      EF3B5819 
 1041      279C6360 
 1042 0015 6760D8D9 		.ascii	"g`\330\331p\260\301\200\201\221\001,9\233\251\236\261"
 1042      70B0C180 
 1042      8191012C 
 1042      399BA99E 
 1042      B1
 1043 0026 01085860 		.ascii	"\001\010X`\262\273\032\032\031\241\222\254s\231\030"
 1043      B2BB1A1A 
 1043      19A192AC 
 1043      739918
 1044 0035 14408AE6 		.ascii	"\024@\212\3460\3253\375\331\361\205\017\213\032fF\006"
 1044      30D533FD 
 1044      D9F1850F 
 1044      8B1A6646 
 1044      06
 1045 0046 88F6478C 		.ascii	"\210\366G\214,\314`[\266\0121\000\000\362\246\035="
 1045      2CCC605B 
 1045      B60A3100 
 1045      00F2A61D 
 1045      3D
 1046              		.text
 1047              		.section	.gnu.lto_.refs.1afe0a609bf61544,"e",%progbits
 1048 0000 789CE365 		.ascii	"x\234\343e```ddbbb`d\006\221\014\000\001t\000 "
 1048      60606064 
 1048      64626262 
 1048      60640691 
 1048      0C000174 
 1049              		.text
 1050              		.section	.gnu.lto_.decls.1afe0a609bf61544,"e",%progbits
 1051 0000 789CAD57 		.ascii	"x\234\255WmTT\307\031\236w\346.\273\\W\341\030\254="
 1051      6D5454C7 
 1051      199E77E6 
 1051      2EBB5C57 
 1051      E118AC3D 
 1052 0014 A78DE578 		.ascii	"\247\215\345x\222#\247Q\027Q\243\366G\003.Ri\252rv\215"
 1052      9223A751 
 1052      1751A3F6 
 1052      47032E52 
 1052      69AA7276 
 1053 0029 3FFAE716 		.ascii	"?\372\347\026\331\253\020YV\227\245\306\037=\347\242"
 1053      D9AB1059 
 1053      5697A5C6 
 1053      1F3DE7A2 
 1054 0039 A0A0A2C4 		.ascii	"\240\240\242\304h\212\342\007\326$Z\023u\233\030\215"
 1054      688AE207 
 1054      D6245A13 
 1054      759B188D 
 1055 0049 E0072E6A 		.ascii	"\340\007.jP4\361\003\252\365+*A\227\370\235jT\204\330"
 1055      5034F103 
 1055      AAF52B2A 
 1055      4197F89D 
 1055      6A5484D8 
 1056 005d 77EEBDBB 		.ascii	"w\356\275\273w\327\305\234\236\236\016;3w\346>\363\274"
 1056      77D7C59C 
 1056      9E9E0E3B 
 1056      3377E63E 
 1056      F3BC
 1057 006f CFFBCEBB 		.ascii	"\317\373\316\273\263CW_BfPB\206\002!\317\260\010\204"
 1057      B343575F 
 1057      42665042 
 1057      860221CF 
 1057      B00884
 1058 0082 9053C428 		.ascii	"\220S\304(\014\353~\254\001\254\207\260\"\214\034'\321"
 1058      0CEB7EAC 
 1058      01AC87B0 
 1058      228C1C27 
 1058      D1
 1059 0093 E52F3819 		.ascii	"\345/8\031\207}>\326!X\333\260\016\003\215\363\241\276"
 1059      877D3ED6 
 1059      2158DBB0 
 1059      0E038DF3 
 1059      A1BE
 1060 00a5 E6656CA8 		.ascii	"\346el\250\3165\002HL)\3079s\004G\032\216Gbm\301\347"
 1060      CE350248 
 1060      4C29C739 
 1060      7304471A 
 1060      8E47626D 
 1061 00bb 51D88FD6 		.ascii	"Q\330\217\326\327P]\313\376\027h\251\304\311~:O\177"
 1061      D7505DCB 
 1061      FE1768A9 
 1061      C4C97E3A 
 1061      4F7F
 1062 00cd AC493AD7 		.ascii	"\254I:\327\030\235\213ss\336\261\240\351\034\247k\374"
 1062      189D8B73 
 1062      73DEB1A0 
 1062      E91CA76B 
 1062      FC
 1063 00de 0DF6FB74 		.ascii	"\015\366\373t\016A\367\365\015\234\033\217u\002\364"
 1063      0E41F7F5 
 1063      0D9C1B8F 
 1063      7502F4
 1064 00ed 6EAB96D1 		.ascii	"n\253\226\321\226\013\353\375\361\035\300\303\004\202"
 1064      960BEBFD 
 1064      F11DC0C3 
 1064      0482
 1065 00fb 0B00CEBD 		.ascii	"\013\000\316\275\216\215H\376\310H\222B\025\332\317"
 1065      8E8D48FE 
 1065      C8489242 
 1065      15DACF
 1066 010a C5A8C844 		.ascii	"\305\250\310D\346\022\317\011\011)\017X\272\205\246"
 1066      E612CF09 
 1066      09290F58 
 1066      BA85A6
 1067 0119 2488962D 		.ascii	"$\210\226-M\220(\232,\224\006\315.1\245\013>\241uq\311"
 1067      4D90289A 
 1067      2C9406CD 
 1067      2E31A50B 
 1067      3EA17571 
 1068 012e E98AE05A 		.ascii	"\351\212\340Z: hVh\365\344\244\221\351\330\006\315\315"
 1068      3A206856 
 1068      68F5E4A4 
 1068      91E9D806 
 1068      CDCD
 1069 0140 E0C25539 		.ascii	"\340\302U9\202%\021\237\202f\361\001\253\253\212s\235"
 1069      8225119F 
 1069      8266F101 
 1069      ABAB8A73 
 1069      9D
 1070 0151 A01543A0 		.ascii	"\240\025C\240\031DWZ\222\242(\351\026\313\240A\001\026"
 1070      1944575A 
 1070      92A228E9 
 1070      16CBA041 
 1070      0116
 1071 0163 60CD28D2 		.ascii	"`\315(\322b\361o\037 \006\315\011\310\221\342JNt%'4"
 1071      62F16F1F 
 1071      2006CD09 
 1071      C891E24A 
 1071      4E742527 
 1072 0178 83C9E512 		.ascii	"\203\311\345\022\223R\010\252p\245\245\245S\021\251"
 1072      935208AA 
 1072      70A5A5A5 
 1072      5311A9
 1073 0187 054B33A4 		.ascii	"\005K3\2441\260\246)Wo\016\024Mb\374\240\344\024B\\"
 1073      31B0A629 
 1073      576F0E14 
 1073      4D62FCA0 
 1073      E414425C 
 1074 019b 248B2231 		.ascii	"$\213\"1{\026*`F\243.c\010\220\"\3224\312\336\014\342"
 1074      7B162A60 
 1074      46A32E63 
 1074      089022D2 
 1074      34CADE0C 
 1075 01b0 66519A4C 		.ascii	"fQ\232L\210\"X\254VP\260\213\227\336t\345\244\211$h"
 1075      882258AC 
 1075      5650B08B 
 1075      97DE74E5 
 1075      A4892468 
 1076 01c4 A6F82A49 		.ascii	"\246\370*I\000\205\202\261R\214#\000\024\210\372\207"
 1076      008582B1 
 1076      528C2300 
 1076      1488FA87 
 1077 01d4 8580F644 		.ascii	"\205\200\366D@\257$\322J\370=\325\037\010\011\315\206"
 1077      40AF24D2 
 1077      4AF83DD5 
 1077      1F0809CD 
 1077      86
 1078 01e5 0B09F784 		.ascii	"\013\011\367\204\352\034T\313\012\000\275'\0202\021"
 1078      EA1C54CB 
 1078      0A00BD27 
 1078      103211
 1079 01f4 414E743A 		.ascii	"ANt:\002:$\304\243\257\3252-4\023\322\302m\250`\032"
 1079      023A24C4 
 1079      A3AFD532 
 1079      2D3413D2 
 1079      C26DA860 
 1080 0209 9A0D9718 		.ascii	"\232\015\227\030\341Q\305\220\3019\364\274y\257\243"
 1080      E151C590 
 1080      C139F4BC 
 1080      79AFA3
 1081 0218 A12CFE3A 		.ascii	"\241,\376:\206MY9\000\372U\247\343\027\355e\302R\371"
 1081      864D5939 
 1081      00FA55A7 
 1081      E317ED65 
 1081      C252F9
 1082 022b ABCE60EB 		.ascii	"\253\316`\353\205\004LA\330\215`6\216\330\024\265\004"
 1082      85044C41 
 1082      D88D6036 
 1082      8ED814B5 
 1082      04
 1083 023c 3C04F668 		.ascii	"<\004\366h\322f\366Y\301\240?Pl\223 \021\227,jX\326"
 1083      D266F659 
 1083      C1A03F50 
 1083      6C932011 
 1083      972C6A58 
 1084 0251 220E44D0 		.ascii	"\"\016D\320-EI\202|\330\013\320\300\355\356C\263\036"
 1084      2D454982 
 1084      7CD80BD0 
 1084      C0EDEE43 
 1084      B31E
 1085 0263 4206FB6B 		.ascii	"B\006\373k\224\307=_\336\271\366\353\375+\357+\212x"
 1085      94C73D5F 
 1085      DEB9F6EB 
 1085      FD2BEF2B 
 1085      8A78
 1086 0275 14F00DEC 		.ascii	"\024\360\015\354\002\250\347\240/\020\264\013\353\347"
 1086      02A8E7A0 
 1086      2F10B40B 
 1086      EBE7
 1087 0283 003B61E6 		.ascii	"\000;a\346:\023\273\205\351\334\015\\\212\177m\367)"
 1087      3A13BB85 
 1087      E9DC0D5C 
 1087      8A7F6DF7 
 1087      29
 1088 0294 0B97D208 		.ascii	"\013\227\322\010\252\352'\033\313\253`pM\265\362x\305"
 1088      AAEA271B 
 1088      CBAB6070 
 1088      4DB5F278 
 1088      C5
 1089 02a5 8A750B12 		.ascii	"\212u\013\022\326*\215\363Kq\3479\333\001\235\355 2"
 1089      D62A8DF3 
 1089      4B71E739 
 1089      DB019DED 
 1089      2032
 1090 02b7 1D08B3AD 		.ascii	"\035\010\263\2552\261\315\224\257\274\361\303\266Gl"
 1090      32B1CD94 
 1090      AFBCF1C3 
 1090      B6476C
 1091 02c6 704D8D72 		.ascii	"pM\215rok\323\234-<i\371\242&m\021.k\012/i\023\3301"
 1091      6F6BD39C 
 1091      2D3C69F9 
 1091      A2266D11 
 1091      2E6B0A2F 
 1092 02de 4A540705 		.ascii	"JT\007\005\325\301dl\207\2501NP\237\010;\253R\336:\334"
 1092      D5C1646C 
 1092      87A8314E 
 1092      509F083B 
 1092      AB52DE3A 
 1093 02f3 79BCAFD8 		.ascii	"y\274\257\330\250(\367\224\306\262x\002_\002\034A\226"
 1093      A828F794 
 1093      C6B27802 
 1093      5F021C41 
 1093      96
 1094 0304 6380987A 		.ascii	"c\200\230z\000t\262\031\020\266\276\341Q\215\365\325"
 1094      0074B219 
 1094      10B6BEE1 
 1094      518DF5D5 
 1095 0314 7308ABDD 		.ascii	"s\010\253\335\264x\231\002\325\245\000-\000\207\271"
 1095      B4789902 
 1095      D5A5002D 
 1095      0087B9
 1096 0323 697D0DC1 		.ascii	"i}\015\301\021\231yTP\215\306\341\232\315{*Z\342EE\247"
 1096      11997954 
 1096      508DC6E1 
 1096      9ACD7B2A 
 1096      5AE24545 
 1097 0338 C6C910EE 		.ascii	"\306\311\020\356+4`\203\023\240\"\315\252\274\261\354"
 1097      2B346083 
 1097      13A022CD 
 1097      AABCB1EC 
 1098 0348 0A9713D7 		.ascii	"\012\227\023\327\323\332v\322,\376\002\000?(*\250\004"
 1098      D3DA76D2 
 1098      2CFE0200 
 1098      3F282AA8 
 1098      04
 1099 0359 4A198191 		.ascii	"J\031\201\221\220J\340\024\300i\\x\006\240\025\363\371"
 1099      904AE014 
 1099      C0695C78 
 1099      06A015F3 
 1099      F9
 1100 036a 34CC5794 		.ascii	"4\314W\224\356_a\217\226\316\264_\017$\364GKe\212\362"
 1100      EE5F618F 
 1100      96CEB45F 
 1100      0F24F447 
 1100      4B658AF2 
 1101 037e 279C8293 		.ascii	"'\234\202\223\000_sKm\240Z\323\002Q\241\031\274\247"
 1101      005F734B 
 1101      6DA05AD3 
 1101      0251A119 
 1101      BCA7
 1102 0390 8D9254BB 		.ascii	"\215\222T\273u\300:\3248\004kO\035\261\366&\366\202"
 1102      75C03AD4 
 1102      38046B4F 
 1102      1DB1F626 
 1102      F682
 1103 03a2 2AF60837 		.ascii	"*\366\0107\323tea\235\250\233\251\243\334\377\177\341"
 1103      D3746561 
 1103      9DA89BA9 
 1103      A3DCFF7F 
 1103      E1
 1104 03b3 51C54117 		.ascii	"Q\305A\027A\005j\314W\010\273\253r>\331\324u\223\211"
 1104      41056ACC 
 1104      5708BBAB 
 1104      723ED9D4 
 1104      759389
 1105 03c6 5790B3F1 		.ascii	"W\220\263\361\247b\333\336\335q\240\217A\373\315\013"
 1105      A762DBDE 
 1105      DD71A08F 
 1105      41FBCD0B 
 1106 03d6 684F6A5D 		.ascii	"hOj]\242\252[\001\366@\337_\306\277\010\337=\335\321"
 1106      A2AA5B01 
 1106      F640DF5F 
 1106      C6BF08DF 
 1106      3DDDD1
 1107 03e9 ABFAEBAA 		.ascii	"\253\372\353\252\372\016nf\373\232\013\225\020\245\276"
 1107      FA0E6E66 
 1107      FB9A0B95 
 1107      10A5BE
 1108 03f8 1DE01A07 		.ascii	"\035\340\032\007\335\000\025\310%\267\257;[n\216\322"
 1108      DD0015C8 
 1108      25B7AF3B 
 1108      5B6E8ED2 
 1109 0408 F23C48B5 		.ascii	"\362<H\265\331L\330\023JX\217.\241Q\353,\252\264F\302"
 1109      D94CD813 
 1109      4A588F2E 
 1109      A151EB2C 
 1109      AAB446C2 
 1110 041c 70CF90EB 		.ascii	"p\317\220\353\363;\335~So\242\356\251\242R\021\262\263"
 1110      F33BDD7E 
 1110      536FA2EE 
 1110      A9A25211 
 1110      B2B3
 1111 042e A1650B8D 		.ascii	"\241e\013\215\322t\007\3406\307\334\007\025\307y\256"
 1111      D27407E0 
 1111      36C7DC07 
 1111      15C779AE 
 1112 043e 9D7E7C17 		.ascii	"\235~|\027\2424=\017R\255\217e\345\252\331\205\2157"
 1112      A2343D0F 
 1112      52AD8F65 
 1112      E5AAD985 
 1112      8D37
 1113 0450 4E5AD4A8 		.ascii	"NZ\324\250\2778\243\331b\246-Je\313\031a\253\364Q\012"
 1113      BF38A3D9 
 1113      62A62D4A 
 1113      65CB1961 
 1113      ABF4510A 
 1114 0464 5B83A30D 		.ascii	"[\203\243\015\372(\231}\240?\375\\m\255\252{\270\273"
 1114      FA28997D 
 1114      A03FFD5C 
 1114      6DADAA7B 
 1114      B8BB
 1115 0476 5BF5E93E 		.ascii	"[\365\351>h\255\265\355\314\267\275:YF\271\223\013\370"
 1115      68ADB5ED 
 1115      CCB7BD3A 
 1115      5946B993 
 1115      0BF8
 1116 0488 F1F24B78 		.ascii	"\361\362Kx\006jG\330vU\342\361#U\370\273\363\\~/\242"
 1116      066A47D8 
 1116      7655E2F1 
 1116      2355F8BB 
 1116      F35C7E2F 
 1117 049d 8840810B 		.ascii	"\210@\201\013)\224S\004\335_\364i\251\030N\352\012\012"
 1117      29945304 
 1117      DD5FF469 
 1117      A9184EEA 
 1117      0A0A
 1118 04af A5147F0B 		.ascii	"\245\024\177\013\220\271\222\252\354\234h\351\345\253"
 1118      90B992AA 
 1118      EC9C68E9 
 1118      E5AB
 1119 04bd 5D09DCD7 		.ascii	"]\011\334\327\237\":}\264\272,>L\2648\226\210\355B\257"
 1119      9F223A7D 
 1119      B4BA2C3E 
 1119      4CB43896 
 1119      88ED42AF 
 1120 04d1 EBB1EEC7 		.ascii	"\353\261\356\307z\010\353Q\254_\351N.\005\315m\013k"
 1120      7A08EB51 
 1120      AC5FE94E 
 1120      2E05CD6D 
 1120      0B6B
 1121 04e3 E5DA877E 		.ascii	"\345\332\207~\022XQ\232\360Jdy)\364pUQ\036\327/yzB\304"
 1121      1258519A 
 1121      F04A6479 
 1121      29F47055 
 1121      511ED72F 
 1122 04fb 23ADCC0A 		.ascii	"#\255\314\012\017\001\252)\374\215\206Cb#|7\310\207"
 1122      0F01AA29 
 1122      FC8D8643 
 1122      62237C37 
 1122      C887
 1123 050d 8AE25FBB 		.ascii	"\212\342_\273CQ\022\021s\005\3402pL(\345/\361f\004A"
 1123      43511211 
 1123      7305E032 
 1123      704C28E5 
 1123      2FF16604 
 1124 0522 2A7FE5F2 		.ascii	"*\177\345\362E*\006y~\204H\236\036\320\210:\020\264"
 1124      452A0679 
 1124      7E84489E 
 1124      1ED0883A 
 1124      10B4
 1125 0534 46076156 		.ascii	"F\007aV|\027\005\352\324A\234i\251\301\364$\012\364"
 1125      7C1705EA 
 1125      D4419C69 
 1125      A9C1F424 
 1125      0AF4
 1126 0546 48B3C689 		.ascii	"H\263\306\211\272\252\302D\357\306\250\326\004-6h\272"
 1126      BAAAC244 
 1126      EFC6A8D6 
 1126      042D3668 
 1126      BA
 1127 0557 A368BA0C 		.ascii	"\243h\272\014\321K\014\314\323X\214\256\247\247*\014"
 1127      D14B0CCC 
 1127      D3588CAE 
 1127      A7A72A0C 
 1128 0567 5A1665EB 		.ascii	"Z\026e\353v\004h\275\301\2642\012\364O\303\3322\003"
 1128      760468BD 
 1128      C1B4320A 
 1128      F44FC3DA 
 1128      3203
 1129 0579 F34394B5 		.ascii	"\363C\224\265\177\033\230g\206\261\245Q<\327\"\302\270"
 1129      7F1B9867 
 1129      86B1A551 
 1129      3CD722C2 
 1129      B8
 1130 058a DA08E3CD 		.ascii	"\332\010\343\315\3300\216 Z\3664\012\004\336\243\260"
 1130      D8308E20 
 1130      5AF6340A 
 1130      04DEA3B0 
 1131 059a 82270F62 		.ascii	"\202'\017b0\307\326PXEa\023\205u\024\376N\001\277\236"
 1131      30C7D650 
 1131      58456113 
 1131      857514FE 
 1131      4E01BF9E 
 1132 05ae 1F50F82B 		.ascii	"\037P\370+\205Z\012k)\254\246\360!\205\015\024\266R"
 1132      855A0A6B 
 1132      29ACA6F0 
 1132      21850D14 
 1132      B652
 1133 05c0 D84C6123 		.ascii	"\330La#\205\032\012[(\274O\341#\012\353\371\035\200"
 1133      851A0A5B 
 1133      28BC4FE1 
 1133      230AEBF9 
 1133      1D80
 1134 05d2 2BEC3614 		.ascii	"+\3546\024.\217\015\307\010\262\0211\025<aJ\255\260"
 1134      2E8F0DC7 
 1134      08B21131 
 1134      153C614A 
 1134      ADB0
 1135 05e4 84C27C15 		.ascii	"\204\302|\025\023J\342g\206\247UF4\036\307n3z\212^\370"
 1135      134AE267 
 1135      86A75546 
 1135      341EC76E 
 1135      337A8A5E 
 1136 05f9 D7E99977 		.ascii	"\327\351\231w\021\340|T\346\235\005#=kt\320\367\000"
 1136      11E07C54 
 1136      E69D0523 
 1136      3D6B74D0 
 1136      F700
 1137 060b 775550E8 		.ascii	"wUP\350\304\271\245Y\343\230Z\035\023\004\370V\305\204"
 1137      C4B9A559 
 1137      E3985A1D 
 1137      1304F856 
 1137      C584
 1138 061d 4ECAAB86 		.ascii	"N\312\253\206\242\037\015\317\252bc\257a\226\033\252"
 1138      A21F0DCF 
 1138      AA6263AF 
 1138      61961BAA 
 1139 062d 1FC4EE21 		.ascii	"\037\304\356!\012b\347\325C\243zU\3175\372\322\363\033"
 1139      0A62E7D5 
 1139      43A37A55 
 1139      CF35FAD2 
 1139      F31B
 1140 063f 011FD3FF 		.ascii	"\001\037\323\377\327V\3603\347\375\362F\263U\275\015"
 1140      D756F033 
 1140      E7FDF246 
 1140      B355BD0D 
 1141 064f D40504BC 		.ascii	"\324\005\004\274P\207\305l\343\347D;\236\013\235\252"
 1141      5087C56C 
 1141      E3E7443B 
 1141      9E0B9DAA 
 1142 065f 982581A6 		.ascii	"\230%\201\246\265q\374N\263\003\347\007W\343\315\350"
 1142      B571FC4E 
 1142      B303E707 
 1142      57E3CDE8 
 1143 066f F2864B0D 		.ascii	"\362\206K\015C\233\026(x-\251n\246\374^\262\235j\227"
 1143      439B1628 
 1143      782DA96E 
 1143      A6FC5EB2 
 1143      9D6A97
 1144 0682 193F857F 		.ascii	"\031?\205\177P\034\205\356&\037\231\220\240fo\3637\202"
 1144      501C85EE 
 1144      261F9990 
 1144      A0666FF3 
 1144      3782
 1145 0694 616948D8 		.ascii	"aiH\330\320\247\332\311V\337\375\365\367q\306\373\026"
 1145      D0A7DAC9 
 1145      56DFFDF5 
 1145      F771C6FB 
 1145      16
 1146 06a5 E396F199 		.ascii	"\343\226\361\231\0068v\321\377\324b\000\366\031\200"
 1146      063876D1 
 1146      FFD46200 
 1146      F61980
 1147 06b4 9D1A60F3 		.ascii	"\235\032`\363\321\013\213\205\201u/\272\316\261\335"
 1147      D10B8B85 
 1147      81752FBA 
 1147      CEB1DD
 1148 06c3 02479DDF 		.ascii	"\002G\235\337\266\345V\337^h`\027\015\021\265m\352\332"
 1148      B6E556DF 
 1148      5E686017 
 1148      0D11B56D 
 1148      EADA
 1149 06d5 CB226F17 		.ascii	"\313\"o\027!\246/h\3707\252\376\335\316\335\021r\037"
 1149      21A62F68 
 1149      F837AAFE 
 1149      DDCEDD11 
 1149      721F
 1150 06e7 1A6AF668 		.ascii	"\032j\366h$\227>[\336i5\000\273\215\310\326\363\310"
 1150      24973E5B 
 1150      DE693500 
 1150      BB8DC8D6 
 1150      F3C8
 1151 06f9 068498A8 		.ascii	"\006\204\230\250\362-\257h}\235\377\033\305\335\367"
 1151      F22DAF68 
 1151      7D9DFF1B 
 1151      C5DDF7
 1152 0708 70B155AB 		.ascii	"p\261U\253+\315\275\334P\367\243\220}\372F\370o\227"
 1152      2BCDBDDC 
 1152      50F7A390 
 1152      7DFA46F8 
 1152      6F97
 1153 071a 633EE1E5 		.ascii	"c>\341\345\350`\022\316C\203\276\011{)\034\340\243\320"
 1153      E86012CE 
 1153      4383BE09 
 1153      7B291CE0 
 1153      A3D0
 1154 072c 261C33B1 		.ascii	"&\0343\261\223\2616U\202\332%\221\004\215:\301A\012"
 1154      93B13655 
 1154      82DA2591 
 1154      048D3AC1 
 1154      410A
 1155 073e 013E0A11 		.ascii	"\001>\012\021\3540\261\363/ \2504\024\360\353\251Np"
 1155      EC30B1F3 
 1155      2F20A834 
 1155      14F0EBA9 
 1155      4E70
 1156 0750 88C2618A 		.ascii	"\210\302a\212\243\020A\273\211\320Q\304\232\353u\377"
 1156      A31041BB 
 1156      89D051C4 
 1156      9AEB75FF 
 1157 0760 798C3CCC 		.ascii	"y\214<\314\375\332\214\331D\314\363x}\362;\303\334\243"
 1157      FDDA8CD9 
 1157      44CCF378 
 1157      7DF23BC3 
 1157      DCA3
 1158 0772 487F499A 		.ascii	"H\177I\232<-\333.9\347\025\373d\267C.\226}\226\"\217"
 1158      3C2DDB2E 
 1158      39E715FB 
 1158      64B7432E 
 1158      967D9622 
 1159 0787 57F69578 		.ascii	"W\366\225x\213^\361\271gI\010\225my\036\267\333Sd\313"
 1159      8B5EF1B9 
 1159      67490895 
 1159      6D791EB7 
 1159      DB5364CB 
 1160 079b CB2F985E 		.ascii	"\313/\230^\340)\266M\367x|\205\236\\\227\354\035\236"
 1160      E029B64D 
 1160      F7787C85 
 1160      9E5C97EC 
 1160      1D9E
 1161 07ad 67F9DDE4 		.ascii	"g\371\335\344\267\222\355\343\306\221\237E\316\016O"
 1161      B792EDE3 
 1161      C6919F45 
 1161      CE0E4F
 1162 07bc 1D3D668C 		.ascii	"\035=f\214<nt*\031n\313\367\270e\333\333H?7\327"
 1162      3C6E742A 
 1162      196ECBF7 
 1162      B865DBDB 
 1162      483F37D7 
 1163 07d0 EBB3157B 		.ascii	"\353\263\025{J\274y\262m^\256\354\2365\254xva\201o\330"
 1163      4ABC79B2 
 1163      6D5EAEEC 
 1163      9E35AC78 
 1163      7661816F 
 1164 07e5 ACE9B6AC 		.ascii	"\254\351\266\254\002\257\033_\313\344\267\303m\205\005"
 1164      02AF1B5F 
 1164      CBE4B7C3 
 1164      6D8505
 1165 07f4 D3C396F0 		.ascii	"\323\303\226\360\243\333\226\337\361\3312\034\223l\366"
 1165      A3DB96DF 
 1165      F1D9321C 
 1165      936CF6
 1166 0803 49CE6CA7 		.ascii	"I\316l\247\315\316Ue\027\345\025\226\270\270:\257,\345"
 1166      CDCE5565 
 1166      17E51596 
 1166      B8B83AAF 
 1166      2CE5
 1167 0815 B9470DCF 		.ascii	"\271G\015\317'\011\206\010\351\355\022\367la\256\234"
 1167      27098608 
 1167      E9ED12F7 
 1167      6C61AE9C 
 1168 0825 3BEBD5FF 		.ascii	";\353\325\377\306\0172X.\362\341\252\010\002\267\307"
 1168      C60F3258 
 1168      2EF2E1AA 
 1168      0802B7C7 
 1169 0835 254B0533 		.ascii	"%K\0053$\257<\247DF\375.\253$ys\335\251\222\\\344\222"
 1169      24AF3CA7 
 1169      4446FD2E 
 1169      AB247973 
 1169      DDA9925C 
 1170 084b 244B4941 		.ascii	"$KIA\221od\232\344\023\362\362s\275\361\216\011\316"
 1170      916F649A 
 1170      E413F2F2 
 1170      73BDF18E 
 1170      09CE
 1171 085d 098E6913 		.ascii	"\011\216i\0232S\205lg\206C\2304)\313\30122\035,\023"
 1171      3253856C 
 1171      67864398 
 1171      3429CBC1 
 1171      32321D2C 
 1172 0872 FB9C2C87 		.ascii	"\373\234,\207\220\221\345t\010\343\2632\034&|\205\200"
 1172      9091E574 
 1172      08E3B332 
 1172      1C267C85 
 1172      80
 1173 0883 4C3E9EC8 		.ascii	"L>\236\310\033;6&\347D\273\323\301\234\023s\314\234"
 1173      1B3B3626 
 1173      E744BBD3 
 1173      C19C1373 
 1173      CC9C
 1174 0895 76ACE463 		.ascii	"v\254\344cv;\216\355\016SF\266\303\356\020\246M\235"
 1174      763B8EED 
 1174      0E5346B6 
 1174      C3EE10A6 
 1174      4D9D
 1175 08a7 E210B211 		.ascii	"\342\020\262\021c\262\347\274\225\235\211m\206\335a"
 1175      63B2E7BC 
 1175      959D896D 
 1175      86DD61
 1176 08b6 71DAC74B 		.ascii	"q\332\307KS\347\315\226M\222\224\351\034\3377\267pn"
 1176      53E7CD96 
 1176      4D9294E9 
 1176      1CDF37B7 
 1176      706E
 1177 08c8 EEBC62A9 		.ascii	"\356\274b\251\240\250\260\240H~\343\177\211\244\273"
 1177      A0A8B0A0 
 1177      487EE37F 
 1177      89A4BB
 1178 08d7 B8A0589A 		.ascii	"\270\240X\232\231\227\207\241\024\307c$~\2171\224|}"
 1178      999787A1 
 1178      14C76324 
 1178      7E8F3194 
 1178      7C7D
 1179 08e9 2509F342 		.ascii	"%\011\363B\262O\231<\3251\345\017\361\332h\2223\007"
 1179      B24F993C 
 1179      D531E50F 
 1179      F1DA6892 
 1179      3307
 1180 08fb E32117E5 		.ascii	"\343!\027\345N/\304(y\347\374\007\372\010\303\370"
 1180      4E2FC428 
 1180      79E7FC07 
 1180      FA08C3F8 
 1181              		.text
 1182              		.section	.gnu.lto_.symtab.1afe0a609bf61544,"e",%progbits
 1183 0000 626F6F74 		.ascii	"bootloader_jump\000"
 1183      6C6F6164 
 1183      65725F6A 
 1183      756D7000 
 1184 0010 00       		.ascii	"\000"
 1185 0011 01       		.ascii	"\001"
 1186 0012 00       		.ascii	"\000"
 1187 0013 00000000 		.ascii	"\000\000\000\000\000\000\000\000"
 1187      00000000 
 1188 001b C2000000 		.ascii	"\302\000\000\000"
 1189 001f 656E7465 		.ascii	"enter_bootloader_mode_if_requested\000"
 1189      725F626F 
 1189      6F746C6F 
 1189      61646572 
 1189      5F6D6F64 
 1190 0042 00       		.ascii	"\000"
 1191 0043 00       		.ascii	"\000"
 1192 0044 00       		.ascii	"\000"
 1193 0045 00000000 		.ascii	"\000\000\000\000\000\000\000\000"
 1193      00000000 
 1194 004d C4000000 		.ascii	"\304\000\000\000"
 1195 0051 5F5F7261 		.ascii	"__ram0_end__\000"
 1195      6D305F65 
 1195      6E645F5F 
 1195      00
 1196 005e 00       		.ascii	"\000"
 1197 005f 02       		.ascii	"\002"
 1198 0060 00       		.ascii	"\000"
 1199 0061 00000000 		.ascii	"\000\000\000\000\000\000\000\000"
 1199      00000000 
 1200 0069 CC000000 		.ascii	"\314\000\000\000"
 1201              		.text
 1202              		.section	.gnu.lto_.ext_symtab.1afe0a609bf61544,"e",%progbits
 1203 0000 01       		.ascii	"\001"
 1204 0001 01       		.ascii	"\001"
 1205 0002 00       		.ascii	"\000"
 1206 0003 01       		.ascii	"\001"
 1207 0004 00       		.ascii	"\000"
 1208 0005 02       		.ascii	"\002"
 1209 0006 01       		.ascii	"\001"
 1210              		.text
 1211              		.section	.gnu.lto_.opts,"e",%progbits
 1212 0000 272D666E 		.ascii	"'-fno-openmp' '-fno-openacc' '-fno-pie' '-fcf-prote"
 1212      6F2D6F70 
 1212      656E6D70 
 1212      2720272D 
 1212      666E6F2D 
 1213 0033 6374696F 		.ascii	"ction=none' '-g' '-mcpu=cortex-m4' '-mthumb' '-mno-"
 1213      6E3D6E6F 
 1213      6E652720 
 1213      272D6727 
 1213      20272D6D 
 1214 0066 7468756D 		.ascii	"thumb-interwork' '-mno-unaligned-access' '-mfloat-a"
 1214      622D696E 
 1214      74657277 
 1214      6F726B27 
 1214      20272D6D 
 1215 0099 62693D68 		.ascii	"bi=hard' '-mfpu=fpv4-sp-d16' '-mlibarch=armv7e-m+fp"
 1215      61726427 
 1215      20272D6D 
 1215      6670753D 
 1215      66707634 
 1216 00cc 2720272D 		.ascii	"' '-march=armv7e-m+fp' '-Os' '-Ofast' '-fsingle-pre"
 1216      6D617263 
 1216      683D6172 
 1216      6D763765 
 1216      2D6D2B66 
 1217 00ff 63697369 		.ascii	"cision-constant' '-fomit-frame-pointer' '-ffunction"
 1217      6F6E2D63 
 1217      6F6E7374 
 1217      616E7427 
 1217      20272D66 
 1218 0132 2D736563 		.ascii	"-sections' '-fdata-sections' '-fshort-wchar' '-fcom"
 1218      74696F6E 
 1218      73272027 
 1218      2D666461 
 1218      74612D73 
 1219 0165 6D6F6E27 		.ascii	"mon' '-flto' '-Xassembler' '-adhlns=.build/obj_karl"
 1219      20272D66 
 1219      6C746F27 
 1219      20272D58 
 1219      61737365 
 1220 0198 6B39305F 		.ascii	"k90_yaemk_moonlanderlike/common/chibios/bootloader."
 1220      7961656D 
 1220      6B5F6D6F 
 1220      6F6E6C61 
 1220      6E646572 
 1221 01cb 6C737427 		.ascii	"lst'\000"
 1221      00
 1222              		.text
 1223              		.comm	__gnu_lto_slim,1,1
 1224              		.ident	"GCC: (15:10.3-2021.07-4) 10.3.1 20210621 (release)"
DEFINED SYMBOLS
                            *ABS*:0000000000000000 bootloader.c
     /tmp/ccbWmH1v.s:20     .gnu.debuglto_.debug_info:0000000000000000 bootloader.c.0577e950
                            *COM*:0000000000000001 __gnu_lto_slim

NO UNDEFINED SYMBOLS
