   1              		.cpu cortex-m4
   2              		.eabi_attribute 27, 1
   3              		.eabi_attribute 28, 1
   4              		.eabi_attribute 23, 1
   5              		.eabi_attribute 24, 1
   6              		.eabi_attribute 25, 1
   7              		.eabi_attribute 26, 1
   8              		.eabi_attribute 30, 2
   9              		.eabi_attribute 34, 0
  10              		.eabi_attribute 18, 2
  11              		.file	"platform.c"
  12              		.file 1 "tmk_core/common/chibios/platform.c"
  13              		.section	.gnu.debuglto_.debug_info,"e",%progbits
  14              	.Ldebug_info0:
  15              		.hidden	platform.c.0e37f174
  16              		.weak	platform.c.0e37f174
  17              	platform.c.0e37f174:
  18 0000 76000000 		.4byte	0x76
  19 0004 0400     		.2byte	0x4
  20 0006 00000000 		.4byte	.Ldebug_abbrev0
  21 000a 04       		.byte	0x4
  22 000b 01       		.uleb128 0x1
  23 000c 44000000 		.4byte	.LASF11
  24 0010 0C       		.byte	0xc
  25 0011 80010000 		.4byte	.LASF12
  26 0015 A3010000 		.4byte	.LASF13
  27 0019 00000000 		.4byte	.Ldebug_line0
  28 001d 02       		.uleb128 0x2
  29 001e 04       		.byte	0x4
  30 001f 05       		.byte	0x5
  31 0020 696E7400 		.ascii	"int\000"
  32 0024 03       		.uleb128 0x3
  33 0025 04       		.byte	0x4
  34 0026 07       		.byte	0x7
  35 0027 0E000000 		.4byte	.LASF0
  36 002b 03       		.uleb128 0x3
  37 002c 02       		.byte	0x2
  38 002d 07       		.byte	0x7
  39 002e EF010000 		.4byte	.LASF1
  40 0032 03       		.uleb128 0x3
  41 0033 01       		.byte	0x1
  42 0034 06       		.byte	0x6
  43 0035 02020000 		.4byte	.LASF2
  44 0039 03       		.uleb128 0x3
  45 003a 02       		.byte	0x2
  46 003b 05       		.byte	0x5
  47 003c 0E020000 		.4byte	.LASF3
  48 0040 03       		.uleb128 0x3
  49 0041 04       		.byte	0x4
  50 0042 05       		.byte	0x5
  51 0043 D1010000 		.4byte	.LASF4
  52 0047 03       		.uleb128 0x3
  53 0048 08       		.byte	0x8
  54 0049 05       		.byte	0x5
  55 004a 00000000 		.4byte	.LASF5
  56 004e 03       		.uleb128 0x3
  57 004f 01       		.byte	0x1
  58 0050 08       		.byte	0x8
  59 0051 6D010000 		.4byte	.LASF6
  60 0055 03       		.uleb128 0x3
  61 0056 04       		.byte	0x4
  62 0057 07       		.byte	0x7
  63 0058 1B000000 		.4byte	.LASF7
  64 005c 03       		.uleb128 0x3
  65 005d 08       		.byte	0x8
  66 005e 07       		.byte	0x7
  67 005f 2D000000 		.4byte	.LASF8
  68 0063 03       		.uleb128 0x3
  69 0064 01       		.byte	0x1
  70 0065 08       		.byte	0x8
  71 0066 7B010000 		.4byte	.LASF9
  72 006a 03       		.uleb128 0x3
  73 006b 01       		.byte	0x1
  74 006c 02       		.byte	0x2
  75 006d E9010000 		.4byte	.LASF10
  76 0071 04       		.uleb128 0x4
  77 0072 DA010000 		.4byte	.LASF14
  78 0076 01       		.byte	0x1
  79 0077 13       		.byte	0x13
  80 0078 06       		.byte	0x6
  81 0079 00       		.byte	0
  82              		.section	.gnu.debuglto_.debug_abbrev,"e",%progbits
  83              	.Ldebug_abbrev0:
  84 0000 01       		.uleb128 0x1
  85 0001 11       		.uleb128 0x11
  86 0002 01       		.byte	0x1
  87 0003 25       		.uleb128 0x25
  88 0004 0E       		.uleb128 0xe
  89 0005 13       		.uleb128 0x13
  90 0006 0B       		.uleb128 0xb
  91 0007 03       		.uleb128 0x3
  92 0008 0E       		.uleb128 0xe
  93 0009 1B       		.uleb128 0x1b
  94 000a 0E       		.uleb128 0xe
  95 000b 10       		.uleb128 0x10
  96 000c 17       		.uleb128 0x17
  97 000d 00       		.byte	0
  98 000e 00       		.byte	0
  99 000f 02       		.uleb128 0x2
 100 0010 24       		.uleb128 0x24
 101 0011 00       		.byte	0
 102 0012 0B       		.uleb128 0xb
 103 0013 0B       		.uleb128 0xb
 104 0014 3E       		.uleb128 0x3e
 105 0015 0B       		.uleb128 0xb
 106 0016 03       		.uleb128 0x3
 107 0017 08       		.uleb128 0x8
 108 0018 00       		.byte	0
 109 0019 00       		.byte	0
 110 001a 03       		.uleb128 0x3
 111 001b 24       		.uleb128 0x24
 112 001c 00       		.byte	0
 113 001d 0B       		.uleb128 0xb
 114 001e 0B       		.uleb128 0xb
 115 001f 3E       		.uleb128 0x3e
 116 0020 0B       		.uleb128 0xb
 117 0021 03       		.uleb128 0x3
 118 0022 0E       		.uleb128 0xe
 119 0023 00       		.byte	0
 120 0024 00       		.byte	0
 121 0025 04       		.uleb128 0x4
 122 0026 2E       		.uleb128 0x2e
 123 0027 00       		.byte	0
 124 0028 3F       		.uleb128 0x3f
 125 0029 19       		.uleb128 0x19
 126 002a 03       		.uleb128 0x3
 127 002b 0E       		.uleb128 0xe
 128 002c 3A       		.uleb128 0x3a
 129 002d 0B       		.uleb128 0xb
 130 002e 3B       		.uleb128 0x3b
 131 002f 0B       		.uleb128 0xb
 132 0030 39       		.uleb128 0x39
 133 0031 0B       		.uleb128 0xb
 134 0032 27       		.uleb128 0x27
 135 0033 19       		.uleb128 0x19
 136 0034 00       		.byte	0
 137 0035 00       		.byte	0
 138 0036 00       		.byte	0
 139              		.section	.gnu.debuglto_.debug_line,"e",%progbits
 140              	.Ldebug_line0:
 141 0000 40000000 		.4byte	.LELT0-.LSLT0
 142              	.LSLT0:
 143 0004 0400     		.2byte	0x4
 144 0006 3A000000 		.4byte	.LELTP0-.LASLTP0
 145              	.LASLTP0:
 146 000a 01       		.byte	0x1
 147 000b 01       		.byte	0x1
 148 000c 01       		.byte	0x1
 149 000d F6       		.byte	0xf6
 150 000e F2       		.byte	0xf2
 151 000f 0D       		.byte	0xd
 152 0010 00       		.byte	0
 153 0011 01       		.byte	0x1
 154 0012 01       		.byte	0x1
 155 0013 01       		.byte	0x1
 156 0014 01       		.byte	0x1
 157 0015 00       		.byte	0
 158 0016 00       		.byte	0
 159 0017 00       		.byte	0
 160 0018 01       		.byte	0x1
 161 0019 00       		.byte	0
 162 001a 00       		.byte	0
 163 001b 01       		.byte	0x1
 164 001c 746D6B5F 		.ascii	"tmk_core/common/chibios"
 164      636F7265 
 164      2F636F6D 
 164      6D6F6E2F 
 164      63686962 
 165 0033 00       		.byte	0
 166 0034 00       		.byte	0
 167 0035 706C6174 		.ascii	"platform.c\000"
 167      666F726D 
 167      2E6300
 168 0040 01       		.uleb128 0x1
 169 0041 00       		.uleb128 0
 170 0042 00       		.uleb128 0
 171 0043 00       		.byte	0
 172              	.LELTP0:
 173              	.LELT0:
 174              		.section	.gnu.debuglto_.debug_str,"eMS",%progbits,1
 175              	.LASF5:
 176 0000 6C6F6E67 		.ascii	"long long int\000"
 176      206C6F6E 
 176      6720696E 
 176      7400
 177              	.LASF0:
 178 000e 756E7369 		.ascii	"unsigned int\000"
 178      676E6564 
 178      20696E74 
 178      00
 179              	.LASF7:
 180 001b 6C6F6E67 		.ascii	"long unsigned int\000"
 180      20756E73 
 180      69676E65 
 180      6420696E 
 180      7400
 181              	.LASF8:
 182 002d 6C6F6E67 		.ascii	"long long unsigned int\000"
 182      206C6F6E 
 182      6720756E 
 182      7369676E 
 182      65642069 
 183              	.LASF11:
 184 0044 474E5520 		.ascii	"GNU C99 10.3.1 20210621 (release) -mcpu=cortex-m4 -"
 184      43393920 
 184      31302E33 
 184      2E312032 
 184      30323130 
 185 0077 6D746875 		.ascii	"mthumb -mno-thumb-interwork -mno-unaligned-access -"
 185      6D62202D 
 185      6D6E6F2D 
 185      7468756D 
 185      622D696E 
 186 00aa 6D666C6F 		.ascii	"mfloat-abi=hard -mfpu=fpv4-sp-d16 -march=armv7e-m+f"
 186      61742D61 
 186      62693D68 
 186      61726420 
 186      2D6D6670 
 187 00dd 70202D67 		.ascii	"p -ggdb -Os -Ofast -std=gnu99 -fsingle-precision-co"
 187      67646220 
 187      2D4F7320 
 187      2D4F6661 
 187      7374202D 
 188 0110 6E737461 		.ascii	"nstant -fomit-frame-pointer -ffunction-sections -fd"
 188      6E74202D 
 188      666F6D69 
 188      742D6672 
 188      616D652D 
 189 0143 6174612D 		.ascii	"ata-sections -fshort-wchar -fcommon -flto\000"
 189      73656374 
 189      696F6E73 
 189      202D6673 
 189      686F7274 
 190              	.LASF6:
 191 016d 756E7369 		.ascii	"unsigned char\000"
 191      676E6564 
 191      20636861 
 191      7200
 192              	.LASF9:
 193 017b 63686172 		.ascii	"char\000"
 193      00
 194              	.LASF12:
 195 0180 746D6B5F 		.ascii	"tmk_core/common/chibios/platform.c\000"
 195      636F7265 
 195      2F636F6D 
 195      6D6F6E2F 
 195      63686962 
 196              	.LASF13:
 197 01a3 2F686F6D 		.ascii	"/home/jstewart/source/yaemk-split-kb/Firmware\000"
 197      652F6A73 
 197      74657761 
 197      72742F73 
 197      6F757263 
 198              	.LASF4:
 199 01d1 6C6F6E67 		.ascii	"long int\000"
 199      20696E74 
 199      00
 200              	.LASF14:
 201 01da 706C6174 		.ascii	"platform_setup\000"
 201      666F726D 
 201      5F736574 
 201      757000
 202              	.LASF10:
 203 01e9 5F426F6F 		.ascii	"_Bool\000"
 203      6C00
 204              	.LASF1:
 205 01ef 73686F72 		.ascii	"short unsigned int\000"
 205      7420756E 
 205      7369676E 
 205      65642069 
 205      6E7400
 206              	.LASF2:
 207 0202 7369676E 		.ascii	"signed char\000"
 207      65642063 
 207      68617200 
 208              	.LASF3:
 209 020e 73686F72 		.ascii	"short int\000"
 209      7420696E 
 209      7400
 210              		.text
 211              		.section	.gnu.lto_.profile.41f7fc8e3b13b013,"e",%progbits
 212 0000 789C6362 		.ascii	"x\234cb\000\001\000\000\022\000\003"
 212      00010000 
 212      120003
 213              		.text
 214              		.section	.gnu.lto_.icf.41f7fc8e3b13b013,"e",%progbits
 215 0000 789CE360 		.ascii	"x\234\343`@\000F\206G\033\316\364r3\000\000\016e\003"
 215      40004686 
 215      471BCEF4 
 215      72330000 
 215      0E6503
 216 0013 00       		.ascii	"\000"
 217              		.text
 218              		.section	.gnu.lto_.ipa_sra.41f7fc8e3b13b013,"e",%progbits
 219 0000 789CE364 		.ascii	"x\234\343d@\000F\020\002A\000\000\347\000\016"
 219      40004610 
 219      02410000 
 219      E7000E
 220              		.text
 221              		.section	.gnu.lto_.inline.41f7fc8e3b13b013,"e",%progbits
 222 0000 789C3360 		.ascii	"x\2343`@\000F\006\006\326\206\206\206\007L\351\214\014"
 222      40004606 
 222      06D68686 
 222      86074CE9 
 222      8C0C
 223 0012 4C0C0C8D 		.ascii	"L\014\014\215@v\035\003\003\033\220j`Ja\002\01110r1"
 223      40761D03 
 223      031B906A 
 223      604A6102 
 223      09313072 
 224 0027 C0490600 		.ascii	"\300I\006\000\007x\010\010"
 224      07780808 
 225              		.text
 226              		.section	.gnu.lto_.jmpfuncs.41f7fc8e3b13b013,"e",%progbits
 227 0000 789C6367 		.ascii	"x\234cg@\000F\010\005\000\000\237\000\011"
 227      40004608 
 227      0500009F 
 227      0009
 228              		.text
 229              		.section	.gnu.lto_.pureconst.41f7fc8e3b13b013,"e",%progbits
 230 0000 789C6361 		.ascii	"x\234ca```d\230\301\002\000\001`\000\242"
 230      60606064 
 230      98C10200 
 230      016000A2 
 231              		.text
 232              		.section	.gnu.lto_.lto.41f7fc8e3b13b013,"e",%progbits
 233 0000 09000400 		.ascii	"\011\000\004\000\001\000\000\000"
 233      01000000 
 234              		.text
 235              		.section	.gnu.lto_platform_setup.282.41f7fc8e3b13b013,"e",%progbits
 236 0000 789C5BCC 		.ascii	"x\234[\314\300\300\020\002\304\312@\314\310\314\300"
 236      C0C01002 
 236      C4CA40CC 
 236      C8CCC0
 237 000f 38696217 		.ascii	"8ib\027\023CCC\203\003;\023c\343\304.N\306\255\214`"
 237      13434343 
 237      83033B13 
 237      63E3C42E 
 237      4EC6AD8C 
 238 0024 1E23433D 		.ascii	"\036#C=\023c=\343dfM \367\307\322Y\253yZ%\226030\314"
 238      13633DE3 
 238      64664D20 
 238      F7C7D259 
 238      AB795A25 
 239 003d 03622860 		.ascii	"\003b(`\203\361\030\201x\375%\326\003\015\177\376\367"
 239      83F11881 
 239      78FD25D6 
 239      030D7FFE 
 239      F7
 240 004e 3734DC7D 		.ascii	"74\334}\314\270\216\211\205\201\241\237\031dn\003\013"
 240      CCB88E89 
 240      8581A19F 
 240      19646E03 
 240      0B
 241 005f 63C30106 		.ascii	"c\303\001\006\206\011\314L\020N#\220\363\212\261\341"
 241      8609CC4C 
 241      104E2390 
 241      F38AB1E1 
 242 006f D14D1186 		.ascii	"\321M\021\206\017\214\315\012\014-\214LK\230\031\347"
 242      0F8CCD0A 
 242      0C2D8C4C 
 242      4B9819E7 
 243 007f 3103CD58 		.ascii	"1\003\315X\302\314\004\226\212B\225a\202\310|blzp\227"
 243      C2CC0496 
 243      8A429561 
 243      82C87C62 
 243      6C7A7097 
 244 0093 056C713F 		.ascii	"\005lq?3#\302d\006\006=\375\214\374\334T\375\254\342"
 244      3323C264 
 244      06063DFD 
 244      8CFCDC54 
 244      FDACE2
 245 00a6 92D4F2C4 		.ascii	"\222\324\362\304\242\022\375\342\374\322\242\344T\375"
 245      A212FDE2 
 245      FCD2A2E4 
 245      54FD
 246 00b4 CAC4D4DC 		.ascii	"\312\304\324\334l\335\342\202\234\314\022\335\354$}"
 246      6CDDE282 
 246      9CCC12DD 
 246      EC247D
 247 00c3 B7CCA25C 		.ascii	"\267\314\242\\\240t*\203rInv|r~Q\252~r~nn~\236~rFfR"
 247      A0742A83 
 247      72496E76 
 247      7C727E51 
 247      AA7E727E 
 248 00e0 667EB17E 		.ascii	"f~\261~ANbIZ~Q\256^2\003\000\001\376U\316"
 248      414E6249 
 248      5A7E51AE 
 248      5E320300 
 248      01FE55CE 
 249              		.text
 250              		.section	.gnu.lto_.symbol_nodes.41f7fc8e3b13b013,"e",%progbits
 251 0000 789CCB61 		.ascii	"x\234\313a\000\002\246YL\365\014\015@\300\3028\341\034"
 251      0002A659 
 251      4CF50C0D 
 251      40C0C238 
 251      E11C
 252 0012 03433D03 		.ascii	"\003C=\003\303\256\206FF\006F\220\034\003\343\034\246"
 252      C3AE8646 
 252      46064690 
 252      1C03E31C 
 252      A6
 253 0023 7AC6FF50 		.ascii	"z\306\377P \017V\300\000R\014\222e\234\315T\317\204"
 253      200F56C0 
 253      00520C92 
 253      659CCD54 
 253      CF84
 254 0035 438E9981 		.ascii	"C\216\231\201\011b\244\0133\003#\204\325\302\310\000"
 254      0962A40B 
 254      33032384 
 254      D5C2C800 
 255 0045 00008324 		.ascii	"\000\000\203$1"
 255      31
 256              		.text
 257              		.section	.gnu.lto_.refs.41f7fc8e3b13b013,"e",%progbits
 258 0000 789C6364 		.ascii	"x\234cd\000\002\000\000\012\000\002"
 258      00020000 
 258      0A0002
 259              		.text
 260              		.section	.gnu.lto_.decls.41f7fc8e3b13b013,"e",%progbits
 261 0000 789C8552 		.ascii	"x\234\205RMh\023A\024~of\333\335\214\241-\222\"\010"
 261      4D681341 
 261      147E6F66 
 261      DBDD8CA1 
 261      2D922208 
 262 0014 96D00A06 		.ascii	"\226\320\012\006\264Y\215\305\342- T\244P\013\"\210"
 262      B4598DC5 
 262      E22D2054 
 262      A4500B22 
 262      88
 263 0025 979266B6 		.ascii	"\227\222f\266&6\333\324$U{\033P\251E\255E=\024\025\351"
 263      2636DBD4 
 263      24557B1B 
 263      50A945AD 
 263      453D1415 
 264 003a B107911E 		.ascii	"\261\007\221\036\374\217\332\232\242\004k\017\342\245"
 264      FC8FDA9A 
 264      A2046B0F 
 264      E2A5
 265 0048 A0081695 		.ascii	"\240\010\026\225\200\202\202=\210\036\352\333\355&Q"
 265      8082823D 
 265      881EEADB 
 265      ED2651
 266 0057 7BF04B66 		.ascii	"{\360Kf\336\313\274\357\373\336\313\356\354\347\000"
 266      DECBBCEF 
 266      FBDECBEE 
 266      ECE700
 267 0066 1B112001 		.ascii	"\033\021 \001\000+\004F\361\025TAexD\353\011\255YX\213"
 267      002B0446 
 267      F1155441 
 267      657844EB 
 267      09AD5958 
 268 007b 615CE538 		.ascii	"a\\\3458\3729Z\371\177t\263\236\366_\\\343l\376\315"
 268      FA395AF9 
 268      7F74B39E 
 268      F65F5CE3 
 268      6CFECD
 269 008e 8D69DF47 		.ascii	"\215i\337Gt\250\250ID\\\334E\233\200\303\034\002\212"
 269      74A8A849 
 269      445CDC45 
 269      9B80C31C 
 269      028A
 270 00a0 29562739 		.ascii	")V'9\023\\p)\026\265\372\3202\217\032,T/\214\2519l\020"
 270      135C7029 
 270      16B5FAD0 
 270      328F1A2C 
 270      542F8CA9 
 271 00b7 35066325 		.ascii	"5\006c%]\212\320O\274\311&k\203Q\245\311\363\215%]\261"
 271      5D8AD04F 
 271      BCC9266B 
 271      8351A5C9 
 271      F38D255D 
 272 00cc F1AEC0CE 		.ascii	"\361\256\300\316(\355%\275\210\222T\335\232\321@YI\027"
 272      28ED25BD 
 272      889254DD 
 272      9AD14059 
 272      4917
 273 00de CB7CF242 		.ascii	"\313|\362B\255\\`g\267`\021\205\214\004\224RQ\303hj"
 273      AD5C6067 
 273      B7601185 
 273      8C049452 
 273      51C3686A 
 274 00f2 2AF0022F 		.ascii	"*\360\002/\322\3770\214\351[\215\242\244\327\223GH\006"
 274      D2FF308C 
 274      E95B8DA2 
 274      A4D79347 
 274      4806
 275 0104 1B64B0BE 		.ascii	"\033d\260\276\2105R\212@\010h\012\031\211D\231 k\315"
 275      8835528A 
 275      4008680A 
 275      19894499 
 275      206BCD
 276 0117 286284A3 		.ascii	"(b\204\243?\242\336\177\336 j\204\257)\030\002\220\320"
 276      3FA2DE7F 
 276      DE206A84 
 276      AF291802 
 276      90D0
 277 0129 C1C898AF 		.ascii	"\301\310\230\257\224\201:5\225\325\237\210!\301\"\214"
 277      94813A35 
 277      95D59F88 
 277      21C1228C 
 278 0139 77967400 		.ascii	"w\226t\000\306\202\000J3\374~T\024|=\235\262;\"\240"
 278      C682004A 
 278      33FC7E54 
 278      147C3D9D 
 278      B23B22A0 
 279 014d A4332A05 		.ascii	"\2443*\0054T\014\253JQ\013\210\014\301\375\020\000W"
 279      34540CAB 
 279      4A510B88 
 279      0CC1FD10 
 279      0057
 280 015f 33406FC1 		.ascii	"3@o\301\237]*u\346%\000\345\323\012\240\022\201y\036"
 280      9F5D2A75 
 280      E62500E5 
 280      D30AA012 
 280      81791E
 281 0172 CE9B4787 		.ascii	"\316\233G\207\352E\300r\213?\314\301\263\003\364(e\037"
 281      EA45C072 
 281      8B3FCCC1 
 281      B303F428 
 281      651F
 282 0184 4F8BEECB 		.ascii	"O\213\356\313-\237\224gqz\270dV>\255`\315\340\177\241"
 282      2D9F9467 
 282      717AB864 
 282      563EAD60 
 282      CDE07FA1 
 283 0198 3A86E3E1 		.ascii	":\206\343\341\335\233\313\037\363\247}\237\350\261\251"
 283      DD9BCB1F 
 283      F3A77D9F 
 283      E8B1A9
 284 01a7 2B8D5837 		.ascii	"+\215X7\036\245\313\266\011\37060\225\213\245#\200\367"
 284      1EA5CBB6 
 284      09F83630 
 284      958BA523 
 284      80F7
 285 01b9 56E738B4 		.ascii	"V\3478\264\356\022\307\365\310h\017`\003IG\362c\363"
 285      EE12C7F5 
 285      C8680F60 
 285      034947F2 
 285      63F3
 286 01cb 620391BE 		.ascii	"b\003\221\276(\025\300\004>D|\3404\311S\217\264k\376"
 286      2815C004 
 286      3E447CE0 
 286      34C9538F 
 286      B46BFE
 287 01de FED98795 		.ascii	"\376\331\207\225\272\346\211\011\365#?\362nI<?\245\246"
 287      BAE68909 
 287      F5233FF2 
 287      6E493C3F 
 287      A5A6
 288 01f0 9C6B420C 		.ascii	"\234kB\014\274\213x\337\365\245\014\360\016\342m<t\214"
 288      BC8B78DF 
 288      F5A50CF0 
 288      0EE26D3C 
 288      748C
 289 0202 CFA2237B 		.ascii	"\317\242#{yf\351;k\236P\352\307\355\261\231\321\332"
 289      7966E93B 
 289      6B9E50EA 
 289      C7EDB199 
 289      D1DA
 290 0214 EBAAC01C 		.ascii	"\353\252\300\034\311\343\212\344\261\033\370W\227=\362"
 290      C9E38AE4 
 290      B11BF857 
 290      973DF2
 291 0223 FADC82CB 		.ascii	"\372\334\202\313\276\377\356\342\325Q}2\344pg*\334\031"
 291      BEFFEEE2 
 291      D5517D32 
 291      E470672A 
 291      DC19
 292 0235 37B8A36B 		.ascii	"7\270\243k\356\350A\322\274x;\375\313\360\317*\365M"
 292      EEE841D2 
 292      BC783BFD 
 292      CBF0CF2A 
 292      F54D
 293 0247 4D163447 		.ascii	"M\0264GP@|\352\014?\347>\2356\360\3072\366\361v\253"
 293      50407CEA 
 293      0C3FE73E 
 293      9D36F0C7 
 293      32F6F176 
 294 025c D5DEDA37 		.ascii	"\325\336\3327\010\"\236\316\344\254\223\255v\033\324"
 294      08229ECE 
 294      E4AC93AD 
 294      761BD4
 295 026b 0DA662B9 		.ascii	"\015\246b\271\276t\306\356\311Z\271\241\301\346\234"
 295      BE74C6EE 
 295      C95AB9A1 
 295      C1E69C
 296 027a DDDF4355 		.ascii	"\335\337CU\313\214\247m;=`\306\023\311\336d:k\226i\341"
 296      CB8CA76D 
 296      3B3D60C6 
 296      13C9DE64 
 296      3A6B9669 
 297 028f B8B1B7EB 		.ascii	"\270\261\267\353`p\317\356\335\020\250\236\205\267["
 297      6070CFEE 
 297      DD10A89E 
 297      85B75B
 298 029e 3BDBFB76 		.ascii	";\333\373v\264\267A\330L\244m\313<\232\315Y'b\231\234"
 298      B4B741D8 
 298      4CA46DCB 
 298      3C9ACD59 
 298      2762999C 
 299 02b2 994D0F65 		.ascii	"\231M\017e\342\2269\034\263\354\376\326\354`*\231k\355"
 299      E296391C 
 299      B3ECFED6 
 299      EC602A99 
 299      6BED
 300 02c4 EF353B92 		.ascii	"\3575;\222\031\233\312\026\264\374\277\037\370\342\211"
 300      199BCA16 
 300      B4FCBF1F 
 300      F8E289
 301 02d3 03C3D97D 		.ascii	"\003\303\331}\003\311\334\346\260\231J\366V8\364\245"
 301      03C9DCE6 
 301      B0994AF6 
 301      5638F4A5 
 302 02e3 0EC98178 		.ascii	"\016\311\201xjH\222A\";\234\015'@O\304R\016\271e\015"
 302      6A489241 
 302      223B9C0D 
 302      27404FC4 
 302      520EB965 
 303 02f8 990A1536 		.ascii	"\231\012\0256\345\304\375\015\352\0215\360"
 303      E5C4FD0D 
 303      EA1135F0 
 304              		.text
 305              		.section	.gnu.lto_.symtab.41f7fc8e3b13b013,"e",%progbits
 306 0000 706C6174 		.ascii	"platform_setup\000"
 306      666F726D 
 306      5F736574 
 306      757000
 307 000f 00       		.ascii	"\000"
 308 0010 00       		.ascii	"\000"
 309 0011 00       		.ascii	"\000"
 310 0012 00000000 		.ascii	"\000\000\000\000\000\000\000\000"
 310      00000000 
 311 001a BC000000 		.ascii	"\274\000\000\000"
 312 001e 63685379 		.ascii	"chSysInit\000"
 312      73496E69 
 312      7400
 313 0028 00       		.ascii	"\000"
 314 0029 02       		.ascii	"\002"
 315 002a 00       		.ascii	"\000"
 316 002b 00000000 		.ascii	"\000\000\000\000\000\000\000\000"
 316      00000000 
 317 0033 BE000000 		.ascii	"\276\000\000\000"
 318 0037 68616C49 		.ascii	"halInit\000"
 318      6E697400 
 319 003f 00       		.ascii	"\000"
 320 0040 02       		.ascii	"\002"
 321 0041 00       		.ascii	"\000"
 322 0042 00000000 		.ascii	"\000\000\000\000\000\000\000\000"
 322      00000000 
 323 004a C0000000 		.ascii	"\300\000\000\000"
 324              		.text
 325              		.section	.gnu.lto_.ext_symtab.41f7fc8e3b13b013,"e",%progbits
 326 0000 01       		.ascii	"\001"
 327 0001 01       		.ascii	"\001"
 328 0002 00       		.ascii	"\000"
 329 0003 01       		.ascii	"\001"
 330 0004 00       		.ascii	"\000"
 331 0005 01       		.ascii	"\001"
 332 0006 00       		.ascii	"\000"
 333              		.text
 334              		.section	.gnu.lto_.opts,"e",%progbits
 335 0000 272D666E 		.ascii	"'-fno-openmp' '-fno-openacc' '-fno-pie' '-fcf-prote"
 335      6F2D6F70 
 335      656E6D70 
 335      2720272D 
 335      666E6F2D 
 336 0033 6374696F 		.ascii	"ction=none' '-g' '-mcpu=cortex-m4' '-mthumb' '-mno-"
 336      6E3D6E6F 
 336      6E652720 
 336      272D6727 
 336      20272D6D 
 337 0066 7468756D 		.ascii	"thumb-interwork' '-mno-unaligned-access' '-mfloat-a"
 337      622D696E 
 337      74657277 
 337      6F726B27 
 337      20272D6D 
 338 0099 62693D68 		.ascii	"bi=hard' '-mfpu=fpv4-sp-d16' '-mlibarch=armv7e-m+fp"
 338      61726427 
 338      20272D6D 
 338      6670753D 
 338      66707634 
 339 00cc 2720272D 		.ascii	"' '-march=armv7e-m+fp' '-Os' '-Ofast' '-fsingle-pre"
 339      6D617263 
 339      683D6172 
 339      6D763765 
 339      2D6D2B66 
 340 00ff 63697369 		.ascii	"cision-constant' '-fomit-frame-pointer' '-ffunction"
 340      6F6E2D63 
 340      6F6E7374 
 340      616E7427 
 340      20272D66 
 341 0132 2D736563 		.ascii	"-sections' '-fdata-sections' '-fshort-wchar' '-fcom"
 341      74696F6E 
 341      73272027 
 341      2D666461 
 341      74612D73 
 342 0165 6D6F6E27 		.ascii	"mon' '-flto' '-Xassembler' '-adhlns=.build/obj_karl"
 342      20272D66 
 342      6C746F27 
 342      20272D58 
 342      61737365 
 343 0198 6B39305F 		.ascii	"k90_yaemk_moonlanderlike/common/chibios/platform.ls"
 343      7961656D 
 343      6B5F6D6F 
 343      6F6E6C61 
 343      6E646572 
 344 01cb 742700   		.ascii	"t'\000"
 345              		.text
 346              		.comm	__gnu_lto_slim,1,1
 347              		.ident	"GCC: (15:10.3-2021.07-4) 10.3.1 20210621 (release)"
DEFINED SYMBOLS
                            *ABS*:0000000000000000 platform.c
     /tmp/ccbODSXM.s:17     .gnu.debuglto_.debug_info:0000000000000000 platform.c.0e37f174
                            *COM*:0000000000000001 __gnu_lto_slim

NO UNDEFINED SYMBOLS
