   1              		.cpu cortex-m4
   2              		.eabi_attribute 27, 1
   3              		.eabi_attribute 28, 1
   4              		.eabi_attribute 23, 1
   5              		.eabi_attribute 24, 1
   6              		.eabi_attribute 25, 1
   7              		.eabi_attribute 26, 1
   8              		.eabi_attribute 30, 2
   9              		.eabi_attribute 34, 0
  10              		.eabi_attribute 18, 2
  11              		.file	"suspend.c"
  12              		.file 1 "/usr/lib/gcc/arm-none-eabi/10.3.1/include/stdint.h"
  13              		.file 2 "./lib/chibios/os/rt/include/chtime.h"
  14              		.file 3 "tmk_core/common/report.h"
  15              		.file 4 "tmk_core/common/chibios/suspend.c"
  16              		.file 5 "quantum/action_util.h"
  17              		.section	.gnu.debuglto_.debug_info,"e",%progbits
  18              	.Ldebug_info0:
  19              		.hidden	suspend.c.86a662df
  20              		.weak	suspend.c.86a662df
  21              	suspend.c.86a662df:
  22 0000 ED010000 		.4byte	0x1ed
  23 0004 0400     		.2byte	0x4
  24 0006 00000000 		.4byte	.Ldebug_abbrev0
  25 000a 04       		.byte	0x4
  26 000b 01       		.uleb128 0x1
  27 000c BA010000 		.4byte	.LASF30
  28 0010 0C       		.byte	0xc
  29 0011 E0000000 		.4byte	.LASF31
  30 0015 12010000 		.4byte	.LASF32
  31 0019 00000000 		.4byte	.Ldebug_line0
  32 001d 02       		.uleb128 0x2
  33 001e 04       		.byte	0x4
  34 001f 05       		.byte	0x5
  35 0020 696E7400 		.ascii	"int\000"
  36 0024 03       		.uleb128 0x3
  37 0025 04       		.byte	0x4
  38 0026 07       		.byte	0x7
  39 0027 82010000 		.4byte	.LASF0
  40 002b 03       		.uleb128 0x3
  41 002c 02       		.byte	0x2
  42 002d 07       		.byte	0x7
  43 002e BB000000 		.4byte	.LASF1
  44 0032 03       		.uleb128 0x3
  45 0033 01       		.byte	0x1
  46 0034 06       		.byte	0x6
  47 0035 24030000 		.4byte	.LASF2
  48 0039 03       		.uleb128 0x3
  49 003a 02       		.byte	0x2
  50 003b 05       		.byte	0x5
  51 003c 08030000 		.4byte	.LASF3
  52 0040 03       		.uleb128 0x3
  53 0041 04       		.byte	0x4
  54 0042 05       		.byte	0x5
  55 0043 1B030000 		.4byte	.LASF4
  56 0047 03       		.uleb128 0x3
  57 0048 08       		.byte	0x8
  58 0049 05       		.byte	0x5
  59 004a F0020000 		.4byte	.LASF5
  60 004e 04       		.uleb128 0x4
  61 004f 94010000 		.4byte	.LASF7
  62 0053 01       		.byte	0x1
  63 0054 2E       		.byte	0x2e
  64 0055 18       		.byte	0x18
  65 0056 5A000000 		.4byte	0x5a
  66 005a 03       		.uleb128 0x3
  67 005b 01       		.byte	0x1
  68 005c 08       		.byte	0x8
  69 005d 91000000 		.4byte	.LASF6
  70 0061 04       		.uleb128 0x4
  71 0062 12030000 		.4byte	.LASF8
  72 0066 01       		.byte	0x1
  73 0067 34       		.byte	0x34
  74 0068 19       		.byte	0x19
  75 0069 6D000000 		.4byte	0x6d
  76 006d 03       		.uleb128 0x3
  77 006e 04       		.byte	0x4
  78 006f 07       		.byte	0x7
  79 0070 9F000000 		.4byte	.LASF9
  80 0074 04       		.uleb128 0x4
  81 0075 4B000000 		.4byte	.LASF10
  82 0079 01       		.byte	0x1
  83 007a 37       		.byte	0x37
  84 007b 19       		.byte	0x19
  85 007c 80000000 		.4byte	0x80
  86 0080 03       		.uleb128 0x3
  87 0081 08       		.byte	0x8
  88 0082 07       		.byte	0x7
  89 0083 66000000 		.4byte	.LASF11
  90 0087 04       		.uleb128 0x4
  91 0088 9C010000 		.4byte	.LASF12
  92 008c 02       		.byte	0x2
  93 008d 79       		.byte	0x79
  94 008e 12       		.byte	0x12
  95 008f 61000000 		.4byte	0x61
  96 0093 04       		.uleb128 0x4
  97 0094 3F000000 		.4byte	.LASF13
  98 0098 02       		.byte	0x2
  99 0099 96       		.byte	0x96
 100 009a 12       		.byte	0x12
 101 009b 74000000 		.4byte	0x74
 102 009f 03       		.uleb128 0x3
 103 00a0 01       		.byte	0x1
 104 00a1 08       		.byte	0x8
 105 00a2 8F010000 		.4byte	.LASF14
 106 00a6 03       		.uleb128 0x3
 107 00a7 01       		.byte	0x1
 108 00a8 02       		.byte	0x2
 109 00a9 3A030000 		.4byte	.LASF15
 110 00ad 05       		.uleb128 0x5
 111 00ae 4E000000 		.4byte	0x4e
 112 00b2 BD000000 		.4byte	0xbd
 113 00b6 06       		.uleb128 0x6
 114 00b7 24000000 		.4byte	0x24
 115 00bb 07       		.byte	0x7
 116 00bc 00       		.byte	0
 117 00bd 05       		.uleb128 0x5
 118 00be 4E000000 		.4byte	0x4e
 119 00c2 CD000000 		.4byte	0xcd
 120 00c6 06       		.uleb128 0x6
 121 00c7 24000000 		.4byte	0x24
 122 00cb 05       		.byte	0x5
 123 00cc 00       		.byte	0
 124 00cd 07       		.uleb128 0x7
 125 00ce 08       		.byte	0x8
 126 00cf 03       		.byte	0x3
 127 00d0 AF       		.byte	0xaf
 128 00d1 05       		.byte	0x5
 129 00d2 FE000000 		.4byte	0xfe
 130 00d6 08       		.uleb128 0x8
 131 00d7 FE020000 		.4byte	.LASF16
 132 00db 03       		.byte	0x3
 133 00dc B3       		.byte	0xb3
 134 00dd 11       		.byte	0x11
 135 00de 4E000000 		.4byte	0x4e
 136 00e2 00       		.byte	0
 137 00e3 08       		.uleb128 0x8
 138 00e4 1F000000 		.4byte	.LASF17
 139 00e8 03       		.byte	0x3
 140 00e9 B4       		.byte	0xb4
 141 00ea 11       		.byte	0x11
 142 00eb 4E000000 		.4byte	0x4e
 143 00ef 01       		.byte	0x1
 144 00f0 08       		.uleb128 0x8
 145 00f1 35030000 		.4byte	.LASF18
 146 00f5 03       		.byte	0x3
 147 00f6 B5       		.byte	0xb5
 148 00f7 11       		.byte	0x11
 149 00f8 BD000000 		.4byte	0xbd
 150 00fc 02       		.byte	0x2
 151 00fd 00       		.byte	0
 152 00fe 09       		.uleb128 0x9
 153 00ff 13000000 		.4byte	.LASF33
 154 0103 20       		.byte	0x20
 155 0104 03       		.byte	0x3
 156 0105 B8       		.byte	0xb8
 157 0106 0C       		.byte	0xc
 158 0107 33010000 		.4byte	0x133
 159 010b 08       		.uleb128 0x8
 160 010c B1000000 		.4byte	.LASF19
 161 0110 03       		.byte	0x3
 162 0111 BA       		.byte	0xba
 163 0112 11       		.byte	0x11
 164 0113 4E000000 		.4byte	0x4e
 165 0117 00       		.byte	0
 166 0118 08       		.uleb128 0x8
 167 0119 FE020000 		.4byte	.LASF16
 168 011d 03       		.byte	0x3
 169 011e BC       		.byte	0xbc
 170 011f 11       		.byte	0x11
 171 0120 4E000000 		.4byte	0x4e
 172 0124 01       		.byte	0x1
 173 0125 08       		.uleb128 0x8
 174 0126 03030000 		.4byte	.LASF20
 175 012a 03       		.byte	0x3
 176 012b BD       		.byte	0xbd
 177 012c 11       		.byte	0x11
 178 012d 33010000 		.4byte	0x133
 179 0131 02       		.byte	0x2
 180 0132 00       		.byte	0
 181 0133 05       		.uleb128 0x5
 182 0134 4E000000 		.4byte	0x4e
 183 0138 43010000 		.4byte	0x143
 184 013c 06       		.uleb128 0x6
 185 013d 24000000 		.4byte	0x24
 186 0141 1D       		.byte	0x1d
 187 0142 00       		.byte	0
 188 0143 0A       		.uleb128 0xa
 189 0144 20       		.byte	0x20
 190 0145 03       		.byte	0x3
 191 0146 AD       		.byte	0xad
 192 0147 09       		.byte	0x9
 193 0148 6A010000 		.4byte	0x16a
 194 014c 0B       		.uleb128 0xb
 195 014d 72617700 		.ascii	"raw\000"
 196 0151 03       		.byte	0x3
 197 0152 AE       		.byte	0xae
 198 0153 0D       		.byte	0xd
 199 0154 AD000000 		.4byte	0xad
 200 0158 0C       		.uleb128 0xc
 201 0159 CD000000 		.4byte	0xcd
 202 015d 0D       		.uleb128 0xd
 203 015e 30030000 		.4byte	.LASF21
 204 0162 03       		.byte	0x3
 205 0163 BE       		.byte	0xbe
 206 0164 07       		.byte	0x7
 207 0165 FE000000 		.4byte	0xfe
 208 0169 00       		.byte	0
 209 016a 04       		.uleb128 0x4
 210 016b CE000000 		.4byte	.LASF22
 211 016f 03       		.byte	0x3
 212 0170 C0       		.byte	0xc0
 213 0171 1B       		.byte	0x1b
 214 0172 43010000 		.4byte	0x143
 215 0176 0E       		.uleb128 0xe
 216 0177 40010000 		.4byte	.LASF34
 217 017b 05       		.byte	0x5
 218 017c 2D       		.byte	0x2d
 219 017d 27       		.byte	0x27
 220 017e 6A010000 		.4byte	0x16a
 221 0182 0F       		.uleb128 0xf
 222 0183 7D000000 		.4byte	.LASF23
 223 0187 04       		.byte	0x4
 224 0188 46       		.byte	0x46
 225 0189 06       		.byte	0x6
 226 018a 0F       		.uleb128 0xf
 227 018b 28000000 		.4byte	.LASF24
 228 018f 04       		.byte	0x4
 229 0190 3F       		.byte	0x3f
 230 0191 1C       		.byte	0x1c
 231 0192 0F       		.uleb128 0xf
 232 0193 50010000 		.4byte	.LASF25
 233 0197 04       		.byte	0x4
 234 0198 39       		.byte	0x39
 235 0199 1C       		.byte	0x1c
 236 019a 10       		.uleb128 0x10
 237 019b 69010000 		.4byte	.LASF35
 238 019f 04       		.byte	0x4
 239 01a0 2B       		.byte	0x2b
 240 01a1 1C       		.byte	0x1c
 241 01a2 A6000000 		.4byte	0xa6
 242 01a6 B7010000 		.4byte	0x1b7
 243 01aa 11       		.uleb128 0x11
 244 01ab 12       		.uleb128 0x12
 245 01ac 7200     		.ascii	"r\000"
 246 01ae 04       		.byte	0x4
 247 01af 2F       		.byte	0x2f
 248 01b0 12       		.byte	0x12
 249 01b1 4E000000 		.4byte	0x4e
 250 01b5 00       		.byte	0
 251 01b6 00       		.byte	0
 252 01b7 0F       		.uleb128 0xf
 253 01b8 54000000 		.4byte	.LASF26
 254 01bc 04       		.byte	0x4
 255 01bd 2A       		.byte	0x2a
 256 01be 1C       		.byte	0x1c
 257 01bf 0F       		.uleb128 0xf
 258 01c0 02010000 		.4byte	.LASF27
 259 01c4 04       		.byte	0x4
 260 01c5 29       		.byte	0x29
 261 01c6 1C       		.byte	0x1c
 262 01c7 0F       		.uleb128 0xf
 263 01c8 00000000 		.4byte	.LASF28
 264 01cc 04       		.byte	0x4
 265 01cd 1D       		.byte	0x1d
 266 01ce 06       		.byte	0x6
 267 01cf 13       		.uleb128 0x13
 268 01d0 E3020000 		.4byte	.LASF36
 269 01d4 04       		.byte	0x4
 270 01d5 14       		.byte	0x14
 271 01d6 06       		.byte	0x6
 272 01d7 E8010000 		.4byte	0x1e8
 273 01db 14       		.uleb128 0x14
 274 01dc B5010000 		.4byte	.LASF37
 275 01e0 04       		.byte	0x4
 276 01e1 14       		.byte	0x14
 277 01e2 1B       		.byte	0x1b
 278 01e3 4E000000 		.4byte	0x4e
 279 01e7 00       		.byte	0
 280 01e8 0F       		.uleb128 0xf
 281 01e9 AA010000 		.4byte	.LASF29
 282 01ed 05       		.byte	0x5
 283 01ee 3B       		.byte	0x3b
 284 01ef 0D       		.byte	0xd
 285 01f0 00       		.byte	0
 286              		.section	.gnu.debuglto_.debug_abbrev,"e",%progbits
 287              	.Ldebug_abbrev0:
 288 0000 01       		.uleb128 0x1
 289 0001 11       		.uleb128 0x11
 290 0002 01       		.byte	0x1
 291 0003 25       		.uleb128 0x25
 292 0004 0E       		.uleb128 0xe
 293 0005 13       		.uleb128 0x13
 294 0006 0B       		.uleb128 0xb
 295 0007 03       		.uleb128 0x3
 296 0008 0E       		.uleb128 0xe
 297 0009 1B       		.uleb128 0x1b
 298 000a 0E       		.uleb128 0xe
 299 000b 10       		.uleb128 0x10
 300 000c 17       		.uleb128 0x17
 301 000d 00       		.byte	0
 302 000e 00       		.byte	0
 303 000f 02       		.uleb128 0x2
 304 0010 24       		.uleb128 0x24
 305 0011 00       		.byte	0
 306 0012 0B       		.uleb128 0xb
 307 0013 0B       		.uleb128 0xb
 308 0014 3E       		.uleb128 0x3e
 309 0015 0B       		.uleb128 0xb
 310 0016 03       		.uleb128 0x3
 311 0017 08       		.uleb128 0x8
 312 0018 00       		.byte	0
 313 0019 00       		.byte	0
 314 001a 03       		.uleb128 0x3
 315 001b 24       		.uleb128 0x24
 316 001c 00       		.byte	0
 317 001d 0B       		.uleb128 0xb
 318 001e 0B       		.uleb128 0xb
 319 001f 3E       		.uleb128 0x3e
 320 0020 0B       		.uleb128 0xb
 321 0021 03       		.uleb128 0x3
 322 0022 0E       		.uleb128 0xe
 323 0023 00       		.byte	0
 324 0024 00       		.byte	0
 325 0025 04       		.uleb128 0x4
 326 0026 16       		.uleb128 0x16
 327 0027 00       		.byte	0
 328 0028 03       		.uleb128 0x3
 329 0029 0E       		.uleb128 0xe
 330 002a 3A       		.uleb128 0x3a
 331 002b 0B       		.uleb128 0xb
 332 002c 3B       		.uleb128 0x3b
 333 002d 0B       		.uleb128 0xb
 334 002e 39       		.uleb128 0x39
 335 002f 0B       		.uleb128 0xb
 336 0030 49       		.uleb128 0x49
 337 0031 13       		.uleb128 0x13
 338 0032 00       		.byte	0
 339 0033 00       		.byte	0
 340 0034 05       		.uleb128 0x5
 341 0035 01       		.uleb128 0x1
 342 0036 01       		.byte	0x1
 343 0037 49       		.uleb128 0x49
 344 0038 13       		.uleb128 0x13
 345 0039 01       		.uleb128 0x1
 346 003a 13       		.uleb128 0x13
 347 003b 00       		.byte	0
 348 003c 00       		.byte	0
 349 003d 06       		.uleb128 0x6
 350 003e 21       		.uleb128 0x21
 351 003f 00       		.byte	0
 352 0040 49       		.uleb128 0x49
 353 0041 13       		.uleb128 0x13
 354 0042 2F       		.uleb128 0x2f
 355 0043 0B       		.uleb128 0xb
 356 0044 00       		.byte	0
 357 0045 00       		.byte	0
 358 0046 07       		.uleb128 0x7
 359 0047 13       		.uleb128 0x13
 360 0048 01       		.byte	0x1
 361 0049 0B       		.uleb128 0xb
 362 004a 0B       		.uleb128 0xb
 363 004b 3A       		.uleb128 0x3a
 364 004c 0B       		.uleb128 0xb
 365 004d 3B       		.uleb128 0x3b
 366 004e 0B       		.uleb128 0xb
 367 004f 39       		.uleb128 0x39
 368 0050 0B       		.uleb128 0xb
 369 0051 01       		.uleb128 0x1
 370 0052 13       		.uleb128 0x13
 371 0053 00       		.byte	0
 372 0054 00       		.byte	0
 373 0055 08       		.uleb128 0x8
 374 0056 0D       		.uleb128 0xd
 375 0057 00       		.byte	0
 376 0058 03       		.uleb128 0x3
 377 0059 0E       		.uleb128 0xe
 378 005a 3A       		.uleb128 0x3a
 379 005b 0B       		.uleb128 0xb
 380 005c 3B       		.uleb128 0x3b
 381 005d 0B       		.uleb128 0xb
 382 005e 39       		.uleb128 0x39
 383 005f 0B       		.uleb128 0xb
 384 0060 49       		.uleb128 0x49
 385 0061 13       		.uleb128 0x13
 386 0062 38       		.uleb128 0x38
 387 0063 0B       		.uleb128 0xb
 388 0064 00       		.byte	0
 389 0065 00       		.byte	0
 390 0066 09       		.uleb128 0x9
 391 0067 13       		.uleb128 0x13
 392 0068 01       		.byte	0x1
 393 0069 03       		.uleb128 0x3
 394 006a 0E       		.uleb128 0xe
 395 006b 0B       		.uleb128 0xb
 396 006c 0B       		.uleb128 0xb
 397 006d 3A       		.uleb128 0x3a
 398 006e 0B       		.uleb128 0xb
 399 006f 3B       		.uleb128 0x3b
 400 0070 0B       		.uleb128 0xb
 401 0071 39       		.uleb128 0x39
 402 0072 0B       		.uleb128 0xb
 403 0073 01       		.uleb128 0x1
 404 0074 13       		.uleb128 0x13
 405 0075 00       		.byte	0
 406 0076 00       		.byte	0
 407 0077 0A       		.uleb128 0xa
 408 0078 17       		.uleb128 0x17
 409 0079 01       		.byte	0x1
 410 007a 0B       		.uleb128 0xb
 411 007b 0B       		.uleb128 0xb
 412 007c 3A       		.uleb128 0x3a
 413 007d 0B       		.uleb128 0xb
 414 007e 3B       		.uleb128 0x3b
 415 007f 0B       		.uleb128 0xb
 416 0080 39       		.uleb128 0x39
 417 0081 0B       		.uleb128 0xb
 418 0082 01       		.uleb128 0x1
 419 0083 13       		.uleb128 0x13
 420 0084 00       		.byte	0
 421 0085 00       		.byte	0
 422 0086 0B       		.uleb128 0xb
 423 0087 0D       		.uleb128 0xd
 424 0088 00       		.byte	0
 425 0089 03       		.uleb128 0x3
 426 008a 08       		.uleb128 0x8
 427 008b 3A       		.uleb128 0x3a
 428 008c 0B       		.uleb128 0xb
 429 008d 3B       		.uleb128 0x3b
 430 008e 0B       		.uleb128 0xb
 431 008f 39       		.uleb128 0x39
 432 0090 0B       		.uleb128 0xb
 433 0091 49       		.uleb128 0x49
 434 0092 13       		.uleb128 0x13
 435 0093 00       		.byte	0
 436 0094 00       		.byte	0
 437 0095 0C       		.uleb128 0xc
 438 0096 0D       		.uleb128 0xd
 439 0097 00       		.byte	0
 440 0098 49       		.uleb128 0x49
 441 0099 13       		.uleb128 0x13
 442 009a 00       		.byte	0
 443 009b 00       		.byte	0
 444 009c 0D       		.uleb128 0xd
 445 009d 0D       		.uleb128 0xd
 446 009e 00       		.byte	0
 447 009f 03       		.uleb128 0x3
 448 00a0 0E       		.uleb128 0xe
 449 00a1 3A       		.uleb128 0x3a
 450 00a2 0B       		.uleb128 0xb
 451 00a3 3B       		.uleb128 0x3b
 452 00a4 0B       		.uleb128 0xb
 453 00a5 39       		.uleb128 0x39
 454 00a6 0B       		.uleb128 0xb
 455 00a7 49       		.uleb128 0x49
 456 00a8 13       		.uleb128 0x13
 457 00a9 00       		.byte	0
 458 00aa 00       		.byte	0
 459 00ab 0E       		.uleb128 0xe
 460 00ac 34       		.uleb128 0x34
 461 00ad 00       		.byte	0
 462 00ae 03       		.uleb128 0x3
 463 00af 0E       		.uleb128 0xe
 464 00b0 3A       		.uleb128 0x3a
 465 00b1 0B       		.uleb128 0xb
 466 00b2 3B       		.uleb128 0x3b
 467 00b3 0B       		.uleb128 0xb
 468 00b4 39       		.uleb128 0x39
 469 00b5 0B       		.uleb128 0xb
 470 00b6 49       		.uleb128 0x49
 471 00b7 13       		.uleb128 0x13
 472 00b8 3F       		.uleb128 0x3f
 473 00b9 19       		.uleb128 0x19
 474 00ba 3C       		.uleb128 0x3c
 475 00bb 19       		.uleb128 0x19
 476 00bc 00       		.byte	0
 477 00bd 00       		.byte	0
 478 00be 0F       		.uleb128 0xf
 479 00bf 2E       		.uleb128 0x2e
 480 00c0 00       		.byte	0
 481 00c1 3F       		.uleb128 0x3f
 482 00c2 19       		.uleb128 0x19
 483 00c3 03       		.uleb128 0x3
 484 00c4 0E       		.uleb128 0xe
 485 00c5 3A       		.uleb128 0x3a
 486 00c6 0B       		.uleb128 0xb
 487 00c7 3B       		.uleb128 0x3b
 488 00c8 0B       		.uleb128 0xb
 489 00c9 39       		.uleb128 0x39
 490 00ca 0B       		.uleb128 0xb
 491 00cb 27       		.uleb128 0x27
 492 00cc 19       		.uleb128 0x19
 493 00cd 00       		.byte	0
 494 00ce 00       		.byte	0
 495 00cf 10       		.uleb128 0x10
 496 00d0 2E       		.uleb128 0x2e
 497 00d1 01       		.byte	0x1
 498 00d2 3F       		.uleb128 0x3f
 499 00d3 19       		.uleb128 0x19
 500 00d4 03       		.uleb128 0x3
 501 00d5 0E       		.uleb128 0xe
 502 00d6 3A       		.uleb128 0x3a
 503 00d7 0B       		.uleb128 0xb
 504 00d8 3B       		.uleb128 0x3b
 505 00d9 0B       		.uleb128 0xb
 506 00da 39       		.uleb128 0x39
 507 00db 0B       		.uleb128 0xb
 508 00dc 27       		.uleb128 0x27
 509 00dd 19       		.uleb128 0x19
 510 00de 49       		.uleb128 0x49
 511 00df 13       		.uleb128 0x13
 512 00e0 01       		.uleb128 0x1
 513 00e1 13       		.uleb128 0x13
 514 00e2 00       		.byte	0
 515 00e3 00       		.byte	0
 516 00e4 11       		.uleb128 0x11
 517 00e5 0B       		.uleb128 0xb
 518 00e6 01       		.byte	0x1
 519 00e7 00       		.byte	0
 520 00e8 00       		.byte	0
 521 00e9 12       		.uleb128 0x12
 522 00ea 34       		.uleb128 0x34
 523 00eb 00       		.byte	0
 524 00ec 03       		.uleb128 0x3
 525 00ed 08       		.uleb128 0x8
 526 00ee 3A       		.uleb128 0x3a
 527 00ef 0B       		.uleb128 0xb
 528 00f0 3B       		.uleb128 0x3b
 529 00f1 0B       		.uleb128 0xb
 530 00f2 39       		.uleb128 0x39
 531 00f3 0B       		.uleb128 0xb
 532 00f4 49       		.uleb128 0x49
 533 00f5 13       		.uleb128 0x13
 534 00f6 00       		.byte	0
 535 00f7 00       		.byte	0
 536 00f8 13       		.uleb128 0x13
 537 00f9 2E       		.uleb128 0x2e
 538 00fa 01       		.byte	0x1
 539 00fb 3F       		.uleb128 0x3f
 540 00fc 19       		.uleb128 0x19
 541 00fd 03       		.uleb128 0x3
 542 00fe 0E       		.uleb128 0xe
 543 00ff 3A       		.uleb128 0x3a
 544 0100 0B       		.uleb128 0xb
 545 0101 3B       		.uleb128 0x3b
 546 0102 0B       		.uleb128 0xb
 547 0103 39       		.uleb128 0x39
 548 0104 0B       		.uleb128 0xb
 549 0105 27       		.uleb128 0x27
 550 0106 19       		.uleb128 0x19
 551 0107 01       		.uleb128 0x1
 552 0108 13       		.uleb128 0x13
 553 0109 00       		.byte	0
 554 010a 00       		.byte	0
 555 010b 14       		.uleb128 0x14
 556 010c 05       		.uleb128 0x5
 557 010d 00       		.byte	0
 558 010e 03       		.uleb128 0x3
 559 010f 0E       		.uleb128 0xe
 560 0110 3A       		.uleb128 0x3a
 561 0111 0B       		.uleb128 0xb
 562 0112 3B       		.uleb128 0x3b
 563 0113 0B       		.uleb128 0xb
 564 0114 39       		.uleb128 0x39
 565 0115 0B       		.uleb128 0xb
 566 0116 49       		.uleb128 0x49
 567 0117 13       		.uleb128 0x13
 568 0118 00       		.byte	0
 569 0119 00       		.byte	0
 570 011a 00       		.byte	0
 571              		.section	.gnu.debuglto_.debug_line,"e",%progbits
 572              	.Ldebug_line0:
 573 0000 D0000000 		.4byte	.LELT0-.LSLT0
 574              	.LSLT0:
 575 0004 0400     		.2byte	0x4
 576 0006 CA000000 		.4byte	.LELTP0-.LASLTP0
 577              	.LASLTP0:
 578 000a 01       		.byte	0x1
 579 000b 01       		.byte	0x1
 580 000c 01       		.byte	0x1
 581 000d F6       		.byte	0xf6
 582 000e F2       		.byte	0xf2
 583 000f 0D       		.byte	0xd
 584 0010 00       		.byte	0
 585 0011 01       		.byte	0x1
 586 0012 01       		.byte	0x1
 587 0013 01       		.byte	0x1
 588 0014 01       		.byte	0x1
 589 0015 00       		.byte	0
 590 0016 00       		.byte	0
 591 0017 00       		.byte	0
 592 0018 01       		.byte	0x1
 593 0019 00       		.byte	0
 594 001a 00       		.byte	0
 595 001b 01       		.byte	0x1
 596 001c 6C69622F 		.ascii	"lib/chibios/os/rt/include"
 596      63686962 
 596      696F732F 
 596      6F732F72 
 596      742F696E 
 597 0035 00       		.byte	0
 598 0036 746D6B5F 		.ascii	"tmk_core/common/chibios"
 598      636F7265 
 598      2F636F6D 
 598      6D6F6E2F 
 598      63686962 
 599 004d 00       		.byte	0
 600 004e 746D6B5F 		.ascii	"tmk_core/common"
 600      636F7265 
 600      2F636F6D 
 600      6D6F6E
 601 005d 00       		.byte	0
 602 005e 7175616E 		.ascii	"quantum"
 602      74756D
 603 0065 00       		.byte	0
 604 0066 2F757372 		.ascii	"/usr/lib/gcc/arm-none-eabi/10.3.1/include"
 604      2F6C6962 
 604      2F676363 
 604      2F61726D 
 604      2D6E6F6E 
 605 008f 00       		.byte	0
 606 0090 00       		.byte	0
 607 0091 73746469 		.ascii	"stdint.h\000"
 607      6E742E68 
 607      00
 608 009a 05       		.uleb128 0x5
 609 009b 00       		.uleb128 0
 610 009c 00       		.uleb128 0
 611 009d 63687469 		.ascii	"chtime.h\000"
 611      6D652E68 
 611      00
 612 00a6 01       		.uleb128 0x1
 613 00a7 00       		.uleb128 0
 614 00a8 00       		.uleb128 0
 615 00a9 7265706F 		.ascii	"report.h\000"
 615      72742E68 
 615      00
 616 00b2 03       		.uleb128 0x3
 617 00b3 00       		.uleb128 0
 618 00b4 00       		.uleb128 0
 619 00b5 73757370 		.ascii	"suspend.c\000"
 619      656E642E 
 619      6300
 620 00bf 02       		.uleb128 0x2
 621 00c0 00       		.uleb128 0
 622 00c1 00       		.uleb128 0
 623 00c2 61637469 		.ascii	"action_util.h\000"
 623      6F6E5F75 
 623      74696C2E 
 623      6800
 624 00d0 04       		.uleb128 0x4
 625 00d1 00       		.uleb128 0
 626 00d2 00       		.uleb128 0
 627 00d3 00       		.byte	0
 628              	.LELTP0:
 629              	.LELT0:
 630              		.section	.gnu.debuglto_.debug_str,"eMS",%progbits,1
 631              	.LASF28:
 632 0000 73757370 		.ascii	"suspend_power_down\000"
 632      656E645F 
 632      706F7765 
 632      725F646F 
 632      776E00
 633              	.LASF33:
 634 0013 6E6B726F 		.ascii	"nkro_report\000"
 634      5F726570 
 634      6F727400 
 635              	.LASF17:
 636 001f 72657365 		.ascii	"reserved\000"
 636      72766564 
 636      00
 637              	.LASF24:
 638 0028 73757370 		.ascii	"suspend_wakeup_init_kb\000"
 638      656E645F 
 638      77616B65 
 638      75705F69 
 638      6E69745F 
 639              	.LASF13:
 640 003f 74696D65 		.ascii	"time_conv_t\000"
 640      5F636F6E 
 640      765F7400 
 641              	.LASF10:
 642 004b 75696E74 		.ascii	"uint64_t\000"
 642      36345F74 
 642      00
 643              	.LASF26:
 644 0054 6D617472 		.ascii	"matrix_power_down\000"
 644      69785F70 
 644      6F776572 
 644      5F646F77 
 644      6E00
 645              	.LASF11:
 646 0066 6C6F6E67 		.ascii	"long long unsigned int\000"
 646      206C6F6E 
 646      6720756E 
 646      7369676E 
 646      65642069 
 647              	.LASF23:
 648 007d 73757370 		.ascii	"suspend_wakeup_init\000"
 648      656E645F 
 648      77616B65 
 648      75705F69 
 648      6E697400 
 649              	.LASF6:
 650 0091 756E7369 		.ascii	"unsigned char\000"
 650      676E6564 
 650      20636861 
 650      7200
 651              	.LASF9:
 652 009f 6C6F6E67 		.ascii	"long unsigned int\000"
 652      20756E73 
 652      69676E65 
 652      6420696E 
 652      7400
 653              	.LASF19:
 654 00b1 7265706F 		.ascii	"report_id\000"
 654      72745F69 
 654      6400
 655              	.LASF1:
 656 00bb 73686F72 		.ascii	"short unsigned int\000"
 656      7420756E 
 656      7369676E 
 656      65642069 
 656      6E7400
 657              	.LASF22:
 658 00ce 7265706F 		.ascii	"report_keyboard_t\000"
 658      72745F6B 
 658      6579626F 
 658      6172645F 
 658      7400
 659              	.LASF31:
 660 00e0 746D6B5F 		.ascii	"tmk_core/common/chibios/suspend.c\000"
 660      636F7265 
 660      2F636F6D 
 660      6D6F6E2F 
 660      63686962 
 661              	.LASF27:
 662 0102 6D617472 		.ascii	"matrix_power_up\000"
 662      69785F70 
 662      6F776572 
 662      5F757000 
 663              	.LASF32:
 664 0112 2F686F6D 		.ascii	"/home/jstewart/source/yaemk-split-kb/Firmware\000"
 664      652F6A73 
 664      74657761 
 664      72742F73 
 664      6F757263 
 665              	.LASF34:
 666 0140 6B657962 		.ascii	"keyboard_report\000"
 666      6F617264 
 666      5F726570 
 666      6F727400 
 667              	.LASF25:
 668 0150 73757370 		.ascii	"suspend_wakeup_init_user\000"
 668      656E645F 
 668      77616B65 
 668      75705F69 
 668      6E69745F 
 669              	.LASF35:
 670 0169 73757370 		.ascii	"suspend_wakeup_condition\000"
 670      656E645F 
 670      77616B65 
 670      75705F63 
 670      6F6E6469 
 671              	.LASF0:
 672 0182 756E7369 		.ascii	"unsigned int\000"
 672      676E6564 
 672      20696E74 
 672      00
 673              	.LASF14:
 674 018f 63686172 		.ascii	"char\000"
 674      00
 675              	.LASF7:
 676 0194 75696E74 		.ascii	"uint8_t\000"
 676      385F7400 
 677              	.LASF12:
 678 019c 73797369 		.ascii	"sysinterval_t\000"
 678      6E746572 
 678      76616C5F 
 678      7400
 679              	.LASF29:
 680 01aa 636C6561 		.ascii	"clear_keys\000"
 680      725F6B65 
 680      797300
 681              	.LASF37:
 682 01b5 74696D65 		.ascii	"time\000"
 682      00
 683              	.LASF30:
 684 01ba 474E5520 		.ascii	"GNU C99 10.3.1 20210621 (release) -mcpu=cortex-m4 -"
 684      43393920 
 684      31302E33 
 684      2E312032 
 684      30323130 
 685 01ed 6D746875 		.ascii	"mthumb -mno-thumb-interwork -mno-unaligned-access -"
 685      6D62202D 
 685      6D6E6F2D 
 685      7468756D 
 685      622D696E 
 686 0220 6D666C6F 		.ascii	"mfloat-abi=hard -mfpu=fpv4-sp-d16 -march=armv7e-m+f"
 686      61742D61 
 686      62693D68 
 686      61726420 
 686      2D6D6670 
 687 0253 70202D67 		.ascii	"p -ggdb -Os -Ofast -std=gnu99 -fsingle-precision-co"
 687      67646220 
 687      2D4F7320 
 687      2D4F6661 
 687      7374202D 
 688 0286 6E737461 		.ascii	"nstant -fomit-frame-pointer -ffunction-sections -fd"
 688      6E74202D 
 688      666F6D69 
 688      742D6672 
 688      616D652D 
 689 02b9 6174612D 		.ascii	"ata-sections -fshort-wchar -fcommon -flto\000"
 689      73656374 
 689      696F6E73 
 689      202D6673 
 689      686F7274 
 690              	.LASF36:
 691 02e3 73757370 		.ascii	"suspend_idle\000"
 691      656E645F 
 691      69646C65 
 691      00
 692              	.LASF5:
 693 02f0 6C6F6E67 		.ascii	"long long int\000"
 693      206C6F6E 
 693      6720696E 
 693      7400
 694              	.LASF16:
 695 02fe 6D6F6473 		.ascii	"mods\000"
 695      00
 696              	.LASF20:
 697 0303 62697473 		.ascii	"bits\000"
 697      00
 698              	.LASF3:
 699 0308 73686F72 		.ascii	"short int\000"
 699      7420696E 
 699      7400
 700              	.LASF8:
 701 0312 75696E74 		.ascii	"uint32_t\000"
 701      33325F74 
 701      00
 702              	.LASF4:
 703 031b 6C6F6E67 		.ascii	"long int\000"
 703      20696E74 
 703      00
 704              	.LASF2:
 705 0324 7369676E 		.ascii	"signed char\000"
 705      65642063 
 705      68617200 
 706              	.LASF21:
 707 0330 6E6B726F 		.ascii	"nkro\000"
 707      00
 708              	.LASF18:
 709 0335 6B657973 		.ascii	"keys\000"
 709      00
 710              	.LASF15:
 711 033a 5F426F6F 		.ascii	"_Bool\000"
 711      6C00
 712              		.text
 713              		.section	.gnu.lto_.profile.a1ae2132b0590a76,"e",%progbits
 714 0000 789C6362 		.ascii	"x\234cb\000\001\000\000\022\000\003"
 714      00010000 
 714      120003
 715              		.text
 716              		.section	.gnu.lto_.icf.a1ae2132b0590a76,"e",%progbits
 717 0000 789CB360 		.ascii	"x\234\263`@\000N\206\355\227Z7\26326L\270\376\220\227"
 717      40004E86 
 717      ED975A37 
 717      B332364C 
 717      B8FE9097 
 718 0014 A9E3DFBF 		.ascii	"\251\343\337\277\275<\314\317\337\335\235\317\313\002"
 718      BD3CCCCF 
 718      DFDD9DCF 
 718      CB02
 719 0022 2659BB3F 		.ascii	"&Y\273?\277<\317\305\006f\263\317X\265\3710+\307\371"
 719      BF3CCFC5 
 719      0666B3CF 
 719      58B5F930 
 719      2BC7F9
 720 0035 DDFB6F70 		.ascii	"\335\373op1\000\000-\357\034\220"
 720      3100002D 
 720      EF1C90
 721              		.text
 722              		.section	.gnu.lto_.ipa_sra.a1ae2132b0590a76,"e",%progbits
 723 0000 789C4D89 		.ascii	"x\234M\211\211\011\000 \014\003s\326w:\367\337\306\226"
 723      89090020 
 723      0C0373D6 
 723      773AF7DF 
 723      C696
 724 0012 0A9A40DE 		.ascii	"\012\232@\336\255\207%\\q\244\305\306\015\224\210\302"
 724      AD87255C 
 724      71A4C5C6 
 724      0D9488C2 
 725 0022 44154D96 		.ascii	"D\025M\226\237\350b\204\317\254\037\017(\247\000\237"
 725      9FE86284 
 725      CFAC1F0F 
 725      28A7009F 
 726              		.text
 727              		.section	.gnu.lto_.inline.a1ae2132b0590a76,"e",%progbits
 728 0000 789C7BCC 		.ascii	"x\234{\314\310\000\007\234\014\014\034\015@\300\224"
 728      C800079C 
 728      0C0C1C0D 
 728      40C094
 729 000f CEC8C8C0 		.ascii	"\316\310\310\300\270\204\031$\006$\032\201Bu\014\014"
 729      B8841924 
 729      06241A81 
 729      42750C0C 
 730 001f 6C60A914 		.ascii	"l`\251\024&\006&\010\2239\205\201\005\250\200\211\033"
 730      26062608 
 730      93398581 
 730      05A88089 
 730      1B
 731 0030 48304EF0 		.ascii	"H0N\360cd\340\004*|\300\234\306\310\314P\010\324;\211"
 731      6364E004 
 731      2A7CC09C 
 731      C6C8CC50 
 731      08D43B89 
 732 0044 1948800D 		.ascii	"\031H\200\015/\0001\266\200\230\370\314d\2010\031\004"
 732      2F0031B6 
 732      8098F8CC 
 732      64813019 
 732      04
 733 0055 A0667200 		.ascii	"\240fr\0005\203h\026\220\341\020+?\000\035\006T\211"
 733      35836816 
 733      90E1102B 
 733      3F001D06 
 733      5489
 734 0067 4533CC19 		.ascii	"E3\314\031\014\214\\\020\013\230!r8\225\263\020T\301"
 734      0C8C5C10 
 734      0B982172 
 734      3895B310 
 734      54C1
 735 0079 CAC0B7F2 		.ascii	"\312\300\267\362\303\274\271LY@\025\\]\273Ot2e\240\251"
 735      C3BCB94C 
 735      5940155C 
 735      5DBB4F74 
 735      3265A0A9 
 736 008d 60E66184 		.ascii	"`\346a\204\370\034l'2\311F\320tv\210\177\201\241\205"
 736      F81C6C27 
 736      32C946D0 
 736      7476887F 
 736      81A185
 737 00a0 4B05C424 		.ascii	"K\005\304$\016\006^\240\330\032\246L\002\352\240\336"
 737      0E065EA0 
 737      D81AA64C 
 737      02EAA0DE 
 738 00b0 47090514 		.ascii	"G\011\005\024\016\204d\000\000\322\306S\273"
 738      0E846400 
 738      00D2C653 
 738      BB
 739              		.text
 740              		.section	.gnu.lto_.jmpfuncs.a1ae2132b0590a76,"e",%progbits
 741 0000 789C4D8E 		.ascii	"x\234M\216\273\021\302@\014D\337J\307\307N\010(\200"
 741      BB11C240 
 741      0C44DF4A 
 741      C7C74E08 
 741      2880
 742 0012 4E710FD4 		.ascii	"Nq\017\324\340\200q\011\216(\211\210\024\344\0237>\315"
 742      E0807109 
 742      8E288988 
 742      14E41337 
 742      3ECD
 743 0024 DCEC48F7 		.ascii	"\334\354H\367v\2457{\015H\232f\307@\257\"\342}o\262"
 743      76A5377B 
 743      0D489A66 
 743      C740AF22 
 743      E27D6FB2 
 744 0038 87CF2E8D 		.ascii	"\207\317.\215)\237\253\032U?L\252p5`\345Ng\326\026\325"
 744      299FAB1A 
 744      553F4CAA 
 744      703560E5 
 744      4E67D616 
 745 004d B825C125 		.ascii	"\270%\301%I\034\012\034\350\267]r\031\"e\014\356\010"
 745      491C0A1C 
 745      E8B75D72 
 745      1922650C 
 745      EE08
 746 005f A790332D 		.ascii	"\247\2203-\311\265\033\266\231Vu=\346O\357N\210\372"
 746      C9B51BB6 
 746      9956753D 
 746      E64FEF4E 
 746      88FA
 747 0071 A7C68D29 		.ascii	"\247\306\215)u\026\344\017vf)\304"
 747      7516E40F 
 747      766629C4 
 748              		.text
 749              		.section	.gnu.lto_.pureconst.a1ae2132b0590a76,"e",%progbits
 750 0000 789C05C1 		.ascii	"x\234\005\301\011\001\000 \014\304\260\203\225g\036"
 750      09010020 
 750      0CC4B083 
 750      95671E
 751 000f 105EB924 		.ascii	"\020^\271$/IG\206L)A\226l9r\345\003R\250\005\306"
 751      2F494786 
 751      4C294196 
 751      6C3972E5 
 751      0352A805 
 752              		.text
 753              		.section	.gnu.lto_.lto.a1ae2132b0590a76,"e",%progbits
 754 0000 09000400 		.ascii	"\011\000\004\000\001\000\000\000"
 754      01000000 
 755              		.text
 756              		.section	.gnu.lto_suspend_idle.291.a1ae2132b0590a76,"e",%progbits
 757 0000 789C458E 		.ascii	"x\234E\216\277/\004Q\020\307\347\373\346\355\371\021"
 757      BF2F0451 
 757      10C7E7FB 
 757      E6EDF911 
 758 0010 D1502885 		.ascii	"\321P(\205B\024n\205\344\242\224H\324\012\215J\316Z"
 758      42146E85 
 758      E4A29448 
 758      D40A8D4A 
 758      CE5A
 759 0022 B1CEDECA 		.ascii	"\261\316\336\312\355\212\250\274\3434\024g\211F\344"
 759      ED8AA8BC 
 759      E3341467 
 759      8946E4
 760 0031 0A399D44 		.ascii	"\0129\235D\343G\241\271\177@\"Z\021\"\032\252\213J!"
 760      E347A1B9 
 760      7F40225A 
 760      11221AAA 
 760      8B4A21
 761 0044 E1EDDBE0 		.ascii	"\341\355\333\340%\223y\337\231\317\314|\373A\264LDS"
 761      259379DF 
 761      99CFCC7C 
 761      FB41B44C 
 761      4453
 762 0056 3A9021EC 		.ascii	":\220!\354\307;\202\224R\343-Bl\305\273\002\327\320"
 762      C73B8294 
 762      52E32D42 
 762      6CC5BB02 
 762      D7D0
 763 0068 AA5756E2 		.ascii	"\252WV\342N\223\031\207\255i_\3420n7?\013\345x\247-"
 763      4E931987 
 763      AD695FE2 
 763      306E373F 
 763      0BE578A7 
 764 007d 25C75B40 		.ascii	"%\307[@\033\202\245\205\015\034\360\240\256|\236\036"
 764      1B82A585 
 764      0D1CF0A0 
 764      AE7C9E1E 
 765 008d 9D756CF7 		.ascii	"\235ul\367\324\231\250\246\303\274c\006O\323@C\251\273"
 765      D499A8A6 
 765      C3BC6306 
 765      4FD34043 
 765      A9BB
 766 009f 9B0BA598 		.ascii	"\233\013\245\230\352\014\\B\3671\212a\302\025ta\346"
 766      EA0C5C42 
 766      F7318A61 
 766      C2157461 
 766      E6
 767 00b0 41E31933 		.ascii	"A\343\0313\245wk{z\360\374\336j\250\257\357\252R\267"
 767      A5776B7B 
 767      7AF0FCDE 
 767      6AA8AFEF 
 767      AA52B7
 768 00c3 AF381719 		.ascii	"\2578\027\031@\263DUN<)\011\325 \332c\221\212\262\026"
 768      40B34455 
 768      4E3C2909 
 768      D520DA63 
 768      918AB216 
 769 00d7 EF502F8F 		.ascii	"\357P/\217\335I\352\2437T\336&N\030\373\234\234K\235"
 769      DD49EAA3 
 769      3754DE26 
 769      4E18FB9C 
 769      9C4B9D
 770 00ea EC3127B0 		.ascii	"\3541'\260H`4!\251\002QgQc\335\327h\235\331@\262\374"
 770      48603421 
 770      A9025167 
 770      5163DDD7 
 770      689DD940 
 771 0100 0B09B3AA 		.ascii	"\013\011\263\252\211Jo\212\312\032\013\242d\245\005"
 771      894A6F8A 
 771      CA1A0BA2 
 771      64A505
 772 010f 8D670C6E 		.ascii	"\215g\014n\375\031\220\006\377\300\346\363\2234\007"
 772      FD199006 
 772      FFC0E6F3 
 772      933407
 773 011e AB8C7FAB 		.ascii	"\253\214\177\253DY{1\360]{)\214\334\265|)\262\303`\265"
 773      44597B31 
 773      F05D7B29 
 773      8CDCB57C 
 773      29B2C360 
 774 0133 E4B8F67A 		.ascii	"\344\270\366z\336\365\013C\341\312\262\027\015\025\346"
 774      DEF50B43 
 774      E1CAB217 
 774      0D15E6
 775 0142 EC49AFE4 		.ascii	"\354I\257\344\353\266K}\221_\230u\202\222k;\201\357"
 775      EBB64B7D 
 775      915F9875 
 775      82926B3B 
 775      81EF
 776 0154 0745DB59 		.ascii	"\007E\333Y\364\346\274 \264\303\325p\305-\316g\035\222"
 776      F4E6BC20 
 776      B4C3D570 
 776      C52DCE67 
 776      1D92
 777 0166 91E7BB5D 		.ascii	"\221\347\273]\177:;\226\313\347r#\363\013\364\003\030"
 777      7F3A3B96 
 777      CBE77223 
 777      F30BF403 
 777      18
 778 0177 618926   		.ascii	"a\211&"
 779              		.text
 780              		.section	.gnu.lto_suspend_power_down.292.a1ae2132b0590a76,"e",%progbits
 781 0000 789CDBCD 		.ascii	"x\234\333\315\300\300\020\014\304\312@\314\310\314\300"
 781      C0C0100C 
 781      C4CA40CC 
 781      C8CCC0
 782 000f 38696217 		.ascii	"8ib\027\023CCC\203\003;\023c\343\304.N\306\255\214`"
 782      13434343 
 782      83033B13 
 782      63E3C42E 
 782      4EC6AD8C 
 783 0024 1E23433D 		.ascii	"\036#C=\023c=\343dfM \367\307\322Y{yZ%\226030\314\003"
 783      13633DE3 
 783      64664D20 
 783      F7C7D259 
 783      7B795A25 
 784 003e 62286083 		.ascii	"b(`\203\361\030\201x\375%\326\003\015\177\376\36774"
 784      F1188178 
 784      FD25D603 
 784      0D7FFEF7 
 784      3734
 785 0050 FC7DCC78 		.ascii	"\374}\314x\232\211\205\201\241\237\031dn\003\013c\303"
 785      9A898581 
 785      A19F1964 
 785      6E030B63 
 785      C3
 786 0061 01068609 		.ascii	"\001\006\206\011\314L\020N#\220\363\212\261\341\321"
 786      CC4C104E 
 786      2390F38A 
 786      B1E1D1
 787 0070 5F11860F 		.ascii	"_\021\206\017\214\315\012\014-\214LK\230\031\3471\003"
 787      8CCD0A0C 
 787      2D8C4C4B 
 787      9819E731 
 787      03
 788 0081 CD58C2CC 		.ascii	"\315X\302\314\004\226\232\302\010\242\224 \304\007\306"
 788      04969AC2 
 788      08A29420 
 788      C407C6
 789 0090 16A822E6 		.ascii	"\026\250\"\346y@y\206I\314K\230Y\030W1.af\205(\370\304"
 789      79407986 
 789      49CC4B98 
 789      59185731 
 789      2E616685 
 790 00a7 D8F4603A 		.ascii	"\330\364`:+\330A\375\314\214\010\033\031\030\364\364"
 790      2BD841FD 
 790      CC8C081B 
 790      1918F4F4 
 791 00b7 33F27353 		.ascii	"3\362sS\365\263\212KR\313\023\213J\364\213\363K\213"
 791      F5B38A4B 
 791      52CB138B 
 791      4AF48BF3 
 791      4B8B
 792 00c9 9253F52B 		.ascii	"\222S\365+\023Ss\263u\213\013r2Kt\263\223\364\3352\213"
 792      135373B3 
 792      758B0B72 
 792      324B74B3 
 792      93F4DD32 
 793 00de 7281D2A9 		.ascii	"r\201\322\251\014J%\271\331\361\311\371E\251\372\311"
 793      0C4A25B9 
 793      D9F1C9F9 
 793      45A9FAC9 
 794 00ee F9B9B9F9 		.ascii	"\371\271\271\371y\372\311\031\231I\231\371\305\372\305"
 794      79FAC919 
 794      994999F9 
 794      C5FAC5
 795 00fd A5C505A9 		.ascii	"\245\305\005\251y)z\311\014\000\341\263\\\203"
 795      79297AC9 
 795      0C00E1B3 
 795      5C83
 796              		.text
 797              		.section	.gnu.lto_matrix_power_up.293.a1ae2132b0590a76,"e",%progbits
 798 0000 789C2B62 		.ascii	"x\234+b``\010\006be fdf`\2344\261\213\211\241\241\241"
 798      60600806 
 798      62652066 
 798      6466609C 
 798      34B18B89 
 799 0017 C1819D89 		.ascii	"\301\201\235\211\261qb\027'\343VF0\217\221\241\236\211"
 799      B1716217 
 799      27E35646 
 799      308F91A1 
 799      9E89
 800 0029 B19E7132 		.ascii	"\261\236q2\263&\220\373c\351\254\233\025\015+\0160."
 800      B32690FB 
 800      63E9AC9B 
 800      150D2B0E 
 800      302E
 801 003b 61666098 		.ascii	"af`\230\007\304P\300\006\3431\002\361\372K\254\007\032"
 801      07C450C0 
 801      06E33102 
 801      F1FA4BAC 
 801      071A
 802 004d FEFCEF6F 		.ascii	"\376\374\357oh\270\272\2141\233\211\201\241\237\031"
 802      68B8BA8C 
 802      319B8981 
 802      A19F19
 803 005c 6470030B 		.ascii	"dp\003\013c\303\001\006\206\011\314L\020N#\220\363\212"
 803      63C30106 
 803      8609CC4C 
 803      104E2390 
 803      F38A
 804 006e B14189E1 		.ascii	"\261A\211\341\023c\223\002\330\224~fF\204:\006\006="
 804      13639302 
 804      D8947E66 
 804      46843A06 
 804      063D
 805 0080 FD8CFCDC 		.ascii	"\375\214\374\334T\375\254\342\222\324\362\304\242\022"
 805      54FDACE2 
 805      92D4F2C4 
 805      A212
 806 008e FDE2FCD2 		.ascii	"\375\342\374\322\242\344T\375\312\304\324\334l\335\342"
 806      A2E454FD 
 806      CAC4D4DC 
 806      6CDDE2
 807 009d 829CCC12 		.ascii	"\202\234\314\022\335\354$}\267\314\242\\\240t*\203R"
 807      DDEC247D 
 807      B7CCA25C 
 807      A0742A83 
 807      52
 808 00ae 496E767C 		.ascii	"Inv|r~Q\252~r~nn~\236~rFfRf~\261~qiqAj^\212^2\003\000"
 808      727E51AA 
 808      7E727E6E 
 808      6E7E9E7E 
 808      72466652 
 809 00d1 4E954880 		.ascii	"N\225H\200"
 810              		.text
 811              		.section	.gnu.lto_matrix_power_down.294.a1ae2132b0590a76,"e",%progbits
 812 0000 789C2B62 		.ascii	"x\234+b``\010\006be fdf`\2344\261\213\211\241\241\241"
 812      60600806 
 812      62652066 
 812      6466609C 
 812      34B18B89 
 813 0017 C1819D89 		.ascii	"\301\201\235\211\261qb\027'\343VF0\217\221\241\236\211"
 813      B1716217 
 813      27E35646 
 813      308F91A1 
 813      9E89
 814 0029 B19E7132 		.ascii	"\261\236q2\263&\220\373c\351\254[\025\015+\0160.af`"
 814      B32690FB 
 814      63E9AC5B 
 814      150D2B0E 
 814      302E6166 
 815 003e 9807C450 		.ascii	"\230\007\304P\300\006\3431\002\361\372K\254\007\032"
 815      C006E331 
 815      02F1FA4B 
 815      AC071A
 816 004d FEFCEF6F 		.ascii	"\376\374\357ohx\272\2141\227\211\201\241\237\031dp\003"
 816      6878BA8C 
 816      31978981 
 816      A19F1964 
 816      7003
 817 005f 0B63C301 		.ascii	"\013c\303\001\006\206\011\314L\020N#\220\363\212\261"
 817      068609CC 
 817      4C104E23 
 817      90F38AB1 
 818 006f 4189E113 		.ascii	"A\211\341\023c\223\002\330\224~fF\204:\006\006=\375"
 818      639302D8 
 818      947E6646 
 818      843A0606 
 818      3DFD
 819 0081 8CFCDC54 		.ascii	"\214\374\334T\375\254\342\222\324\362\304\242\022\375"
 819      FDACE292 
 819      D4F2C4A2 
 819      12FD
 820 008f E2FCD2A2 		.ascii	"\342\374\322\242\344T\375\312\304\324\334l\335\342\202"
 820      E454FDCA 
 820      C4D4DC6C 
 820      DDE282
 821 009e 9CCC12DD 		.ascii	"\234\314\022\335\354$}\267\314\242\\\240t*\203RInv|"
 821      EC247DB7 
 821      CCA25CA0 
 821      742A8352 
 821      496E767C 
 822 00b2 727E51AA 		.ascii	"r~Q\252~r~nn~\236~rFfRf~\261~qiqAj^\212^2\003\000Yk"
 822      7E727E6E 
 822      6E7E9E7E 
 822      72466652 
 822      667EB17E 
 823 00d3 4893     		.ascii	"H\223"
 824              		.text
 825              		.section	.gnu.lto_suspend_wakeup_condition.295.a1ae2132b0590a76,"e",%progbits
 826 0000 789C5D51 		.ascii	"x\234]QMk\023Q\024\275\367\3357\0235\322\215\340\272"
 826      4D6B1351 
 826      14BDF7DD 
 826      371335D2 
 826      8DE0BA
 827 0013 882E5C34 		.ascii	"\210.\\4#\012A\324EW\372\003\324n%MG\022\343t\312L\212"
 827      230A41D4 
 827      4557FA03 
 827      D46E254D 
 827      4712E374 
 828 002a BA904E4D 		.ascii	"\272\220NM\210P\321d\"E)%\224\020A\253(.bc\250\032t"
 828      8850D164 
 828      22452925 
 828      941041AB 
 828      282E6263 
 829 0041 5171573F 		.ascii	"QqW?\350B\244\240\013\215P)\272)\242\324\373^4-\016"
 829      E842A4A0 
 829      0B8D5029 
 829      BA29A2D4 
 829      FB5E342D 
 830 0056 CC9B77E6 		.ascii	"\314\233w\346\334s\356\327n\001\220\006\200\213\374"
 830      DC73EED7 
 830      6E019006 
 830      808BFC
 831 0065 6204B01C 		.ascii	"b\004\260\034N\010\010\202\240?\"p2\234X\177'\260\201"
 831      4E080882 
 831      A03F2270 
 831      329C587F 
 831      27B081
 832 0078 1A932884 		.ascii	"\032\223(\204\321\245\205\347$\363a\317\235\306\223"
 832      D1A585E7 
 832      24F361CF 
 832      9DC693
 833 0087 2352E2E4 		.ascii	"#R\342\344\303\177\321\206\310\205WT\354\343{7\016\311"
 833      C37FD186 
 833      C8855754 
 833      ECE37B37 
 833      0EC9
 834 0099 42D8B3F0 		.ascii	"B\330\263\360\346\213!M\034\357\372!\214\011\222\206"
 834      E68B214D 
 834      1CEFFA21 
 834      8C099286 
 835 00a9 8963C200 		.ascii	"\211c\302\000lI\334\246\017\370\373\\\247\275\255 X"
 835      6C49DCA6 
 835      0FF8FB5C 
 835      A7BDAD20 
 835      58
 836 00ba BB35F5FE 		.ascii	"\2735\365\376\374\324\355\026\326\010\240B\200\007p"
 836      FCD4ED16 
 836      D608A042 
 836      800770
 837 00c9 5F873735 		.ascii	"_\20775\346\"\247\011\351\004\360\271\207\343W\227\337"
 837      E622A709 
 837      E904F0B9 
 837      87E35797 
 837      DF
 838 00da A66E06B2 		.ascii	"\246n\006\262F\210\217pS\374\300]2\001\347\020\260\216"
 838      46888F70 
 838      53FCC05D 
 838      3201E710 
 838      B08E
 839 00ec 30304BC8 		.ascii	"00K\310B\206\017^\033\255\340\327z1\010\226\353\370"
 839      42860F5E 
 839      1BADE0D7 
 839      7A310896 
 839      EBF8
 840 00fe 79C9D88E 		.ascii	"y\311\330\216P#!T$\361\015\242Z\003E\202\374\345\362"
 840      50232154 
 840      24F10DA2 
 840      5A034582 
 840      FCE5F2
 841 0111 4BC0A005 		.ascii	"K\300\240\005P\"\321\001\343\014\276b\360\261a(\323"
 841      5022D101 
 841      E30CBE62 
 841      F0B16128 
 841      D3
 842 0122 55CCF542 		.ascii	"U\314\365B\036E\215\250\242\354k$5\333\334L\031\025"
 842      1E458DA8 
 842      A2EC6B24 
 842      35DBDC4C 
 842      1915
 843 0134 128A3235 		.ascii	"\022\212255\377\237\2126TOQ}\252u\311\023\344\333\245"
 843      35FF9F8A 
 843      36544F51 
 843      7DAA75C9 
 843      13E4DBA5 
 844 0148 99935C48 		.ascii	"\231\223\\H\231T_\252\235\022\321\253O\315E\352\326"
 844      99545FAA 
 844      9D12D1AB 
 844      4FCD45EA 
 844      D6
 845 0159 B068B355 		.ascii	"\260h\263U~\346p\225P\273E*l\004U\342\353\026hc\276"
 845      7EE67095 
 845      50BB452A 
 845      6C0455E2 
 845      EB166863 
 846 016e FDC2634A 		.ascii	"\375\302cJ\031l\305\316\374J$\177\257\255\314i\013\241"
 846      196CC5CE 
 846      FC4A247F 
 846      AFADCC69 
 846      0BA1
 847 0180 2C9EB505 		.ascii	",\236\265\005|\303\334t\341\203Q\245(K;\351t\372^\316"
 847      7CC3DC74 
 847      E18351A5 
 847      284B3BE9 
 847      74FA5ECE 
 848 0194 CE3FB5CC 		.ascii	"\316?\265\314\340\355\005R\311\220\231~\320\224\320"
 848      E0ED0552 
 848      C990997E 
 848      D094D0
 849 01a3 E5FED0E5 		.ascii	"\345\376\320\345\352t;\273\006z\243?Q\340<\212Ye-\233"
 849      EA743BBB 
 849      067AA33F 
 849      51E03C8A 
 849      59652D9B 
 850 01b7 51B63137 		.ascii	"Q\26617\206\370]\331TU\373\034GJ\305\313\241k+\307\331"
 850      86F85DD9 
 850      5455FB1C 
 850      474AC5CB 
 850      A16B2BC7 
 851 01cc AD83C0B8 		.ascii	"\255\203\300\270\177\365\230\232r\221\373\353n\002 "
 851      7FF5989A 
 851      7291FBEB 
 851      6E0220
 852 01db 66A55CC7 		.ascii	"f\245\\\307\266\316\370Y\373\\\302\313Z\276;\352%m\353"
 852      B6CEF859 
 852      FB5CC2CB 
 852      5ABE3BEA 
 852      256DEB
 853 01ee 42C27632 		.ascii	"B\302v2}\376\310\331t\266/3h\035M{\016\3236\354\312"
 853      7DFEC8D9 
 853      74B62F33 
 853      681D4D7B 
 853      0ED336EC 
 854 0203 3A995349 		.ascii	":\231SI\327\263\255\244\3538\356\260\225L\245\007\323"
 854      D7B3ADA4 
 854      EB38EEB0 
 854      954CA507 
 854      D3
 855 0214 AE6FF9A3 		.ascii	"\256o\371\243\376\210=<\024K\002z;\272 v0\236\210\307"
 855      FE883D3C 
 855      144B027A 
 855      3BBA2076 
 855      309E88C7 
 856 0228 F70F9D86 		.ascii	"\367\017\235\206?\272\335\344\236"
 856      3FBADDE4 
 856      9E
 857              		.text
 858              		.section	.gnu.lto_suspend_wakeup_init_user.296.a1ae2132b0590a76,"e",%progbits
 859 0000 789C2B62 		.ascii	"x\234+b``\010\006be fdf`\2344\261\213\211\241\241\241"
 859      60600806 
 859      62652066 
 859      6466609C 
 859      34B18B89 
 860 0017 C1819D89 		.ascii	"\301\201\235\211\261qb\027'\343VF0\217\221\241\236\211"
 860      B1716217 
 860      27E35646 
 860      308F91A1 
 860      9E89
 861 0029 B19E7132 		.ascii	"\261\236q2\263&\220\373c\351\254\237\025\015+\0160."
 861      B32690FB 
 861      63E9AC9F 
 861      150D2B0E 
 861      302E
 862 003b 61666098 		.ascii	"af`\230\007\304P\300\006\3431\002\361\372K\254\007\032"
 862      07C450C0 
 862      06E33102 
 862      F1FA4BAC 
 862      071A
 863 004d FEFCEF6F 		.ascii	"\376\374\357oh\270\273\234\261\206\211\201\241\237\031"
 863      68B8BB9C 
 863      B1868981 
 863      A19F19
 864 005c 6470030B 		.ascii	"dp\003\013c\303\001\006\206\011\314L\020N#\220\363\212"
 864      63C30106 
 864      8609CC4C 
 864      104E2390 
 864      F38A
 865 006e B14189E1 		.ascii	"\261A\211\341\023c\223\002\330\224~fF\204:\006\006="
 865      13639302 
 865      D8947E66 
 865      46843A06 
 865      063D
 866 0080 FD8CFCDC 		.ascii	"\375\214\374\334T\375\254\342\222\324\362\304\242\022"
 866      54FDACE2 
 866      92D4F2C4 
 866      A212
 867 008e FDE2FCD2 		.ascii	"\375\342\374\322\242\344T\375\312\304\324\334l\335\342"
 867      A2E454FD 
 867      CAC4D4DC 
 867      6CDDE2
 868 009d 829CCC12 		.ascii	"\202\234\314\022\335\354$}\267\314\242\\\240t*\203R"
 868      DDEC247D 
 868      B7CCA25C 
 868      A0742A83 
 868      52
 869 00ae 496E767C 		.ascii	"Inv|r~Q\252~r~nn~\236~rFfRf~\261~qiqAj^\212^2\003\000"
 869      727E51AA 
 869      7E727E6E 
 869      6E7E9E7E 
 869      72466652 
 870 00d1 748148BA 		.ascii	"t\201H\272"
 871              		.text
 872              		.section	.gnu.lto_suspend_wakeup_init_kb.297.a1ae2132b0590a76,"e",%progbits
 873 0000 789C458C 		.ascii	"x\234E\214\261N\002A\020\206\347\337Q\210oa\264\262"
 873      B14E0241 
 873      1086E7DF 
 873      51886F61 
 873      B4B2
 874 0012 807D052A 		.ascii	"\200}\005*_\300\0070\260n\302y.Kn\217\250\025\203Za"
 874      5FC00730 
 874      B06EC279 
 874      2E4B6E8F 
 874      A815835A 
 875 0027 71A29D05 		.ascii	"q\242\235\0051\346\214vT\364\367\0026\276\200\275\225"
 875      31E68C76 
 875      54F4F702 
 875      36BE80BD 
 875      95
 876 0038 B1D1C204 		.ascii	"\261\321\302\004W\3248\311W|3\231\357\234\210v\"\233"
 876      57D438C9 
 876      577C3399 
 876      EF9C8876 
 876      229B
 877 004a 1130E172 		.ascii	"\0210\341r2V$\"\255\272\302h2^\303\034K\003\015\025"
 877      32562422 
 877      ADBAC268 
 877      325EC31C 
 877      4B030D15 
 878 005e 86B8E2AD 		.ascii	"\206\270\342\255\250\037w\327\213#y\250P2\3214\362;"
 878      A81F77D7 
 878      8B2379A8 
 878      5032D134 
 878      F23B
 879 0070 B53F4364 		.ascii	"\265?Cd\366\264Z\311\347\242\020y\274\307\214\343\276"
 879      F6B45AC9 
 879      E7A21079 
 879      BCC78CE3 
 879      BE
 880 0081 E0EFB2AC 		.ascii	"\340\357\262\254@*\242\013V?2\212\362\002\271}\007\275"
 880      402AA20B 
 880      563F328A 
 880      F202B97D 
 880      07BD
 881 0093 E2749DCE 		.ascii	"\342t\235\316\240J\306\224c\243dEo8\271y\256-\363\005"
 881      A04AC694 
 881      63A36445 
 881      6F38B979 
 881      AE2DF305 
 882 00a7 E3FF9FA8 		.ascii	"\343\377\237\250\251\273\336Y\275\037r{\330\316r\035"
 882      A9BBDE59 
 882      BD1F727B 
 882      D8CE721D 
 883 00b7 FC203356 		.ascii	"\374 3V\037\267\255K\033\241\177\220\344\215\264\243"
 883      1FB7AD4B 
 883      1BA17F90 
 883      E48DB4A3 
 884 00c7 B793CCC5 		.ascii	"\267\223\314\305\263\245\215\334\245\273\306gV\033\357"
 884      B3A58DDC 
 884      A5BBC667 
 884      561BEF
 885 00d6 9CEF69D3 		.ascii	"\234\357i\323M:\211\017:\014B\337\366\366\232\206\276"
 885      4D3A890F 
 885      3A0C42DF 
 885      F6F69A86 
 885      BE
 886 00e7 007F754F 		.ascii	"\000\177uO\353"
 886      EB
 887              		.text
 888              		.section	.gnu.lto_suspend_wakeup_init.298.a1ae2132b0590a76,"e",%progbits
 889 0000 789C5D51 		.ascii	"x\234]Q=K\303P\024\2757\257i\323? \216\242\223C\373"
 889      3D4BC350 
 889      14BD37AF 
 889      69D33F20 
 889      8EA29343 
 890 0015 FE8293BB 		.ascii	"\376\202\223\273\340.1\006\232\326$\232\017\304\251"
 890      E02E3106 
 890      9AD6249A 
 890      0FC4A9
 891 0024 CFDAA9A0 		.ascii	"\317\332\251\240\265\272\211t\220T\272\211\203V\360"
 891      B5BA8974 
 891      9054BA89 
 891      8356F0
 892 0033 83A0206E 		.ascii	"\203\240 n\202?@\304\321EQ\254\012\202\336\227V\374"
 892      823F40C4 
 892      D14551AC 
 892      0A82DE97 
 892      56FC
 893 0045 08BCE49E 		.ascii	"\010\274\344\236\234{\316\271\357\275\016\002\024\001"
 893      9C7BCEB9 
 893      EFBD0E02 
 893      1401
 894 0053 60841632 		.ascii	"`\204\0262\300\365FM\001!\304XF\301\245F-\213\373\230"
 894      C0F5464D 
 894      0121C458 
 894      46C1A546 
 894      2D8BFB98 
 895 0067 2084B282 		.ascii	" \204\262\202e\334`\243\004\337Z\233\253\347(\3321F"
 895      65DC60A3 
 895      04DF5A9B 
 895      ABE728DA 
 895      3146
 896 0079 0CA049AB 		.ascii	"\014\240I\253\377\244\373\010\267\030&5\342\001\202"
 896      FFA4FB08 
 896      B7182635 
 896      E20182
 897 0088 04527535 		.ascii	"\004Ru5\001dG?e\037v\022\216\342a\367Z\215\305\307g"
 897      0164473F 
 897      651F7612 
 897      8EE261F7 
 897      5A8DC5C7 
 898 009d 5D88D7C1 		.ascii	"]\210\327\301\313\255\007-\013Pgr\010\221B\021\003\254"
 898      CBAD072D 
 898      0B506772 
 898      08914211 
 898      03AC
 899 00af 31A50796 		.ascii	"1\245\007\226\011\334\243\270;\272P\340\021\227\207"
 899      09DCA3B8 
 899      3BBA50E0 
 899      119787
 900 00be A08A4AC4 		.ascii	"\240\212J\304\310Q\001\210\350%\271\343\364_\212\375"
 900      C8510188 
 900      E825B9E3 
 900      F45F8AFD 
 901 00ce 50A769F9 		.ascii	"P\247i\371y\336[\351\276h\024/\301vC\305C$E\265\257"
 901      79DE5BE9 
 901      BE68142F 
 901      C17643C5 
 901      432445B5 
 902 00e3 604D9692 		.ascii	"`M\226\222\034\315\274\316\"\252e\2250\2516Y\021\330"
 902      1CCDBCCE 
 902      22AA6595 
 902      30A93659 
 902      11D8
 903 00f5 413254F1 		.ascii	"A2T\361\004\361\030IS\021B\223}\247HF\021K\"\236Z\033"
 903      04F11849 
 903      53114293 
 903      7DA74846 
 903      114B229E 
 904 010b FB93B4D5 		.ascii	"\373\223\264\325\277\223\250?\223\334\244\177Ef\232"
 904      BF93A83F 
 904      93DCA47F 
 904      45669A
 905 011a A40299A6 		.ascii	"\244\002\231\246I\353l\322\361\370\257#C'v\206\337l"
 905      49EB6CD2 
 905      F1F8AF23 
 905      43277686 
 905      DF6C
 906 012c F7DF26B5 		.ascii	"\367\337&\265\236\365\023Vn\337\307\223\233\2503\354"
 906      9EF51356 
 906      6EDFC793 
 906      9BA833EC 
 907 013c 9D592596 		.ascii	"\235Y%\2260\317\013\256m\362\242\037\230\013\272\027"
 907      30CF0BAE 
 907      6DF2A21F 
 907      980BBA17 
 908 014c 70DF0D3D 		.ascii	"p\337\015=\303\344\213\272i\227r\376\334\254\025\344"
 908      C3E48BBA 
 908      699772FE 
 908      DCAC15E4 
 909 015c 4AD37CDC 		.ascii	"J\323|\334\362l\242M\030\016\354\322\224\341z&7\\\333"
 909      F26CA24D 
 909      180EECD2 
 909      94E17A26 
 909      375CDB
 910 016f 761D6E14 		.ascii	"v\035n\024\254i\313\365\271\037\372s\2463\2237``>\324"
 910      AC69CBF5 
 910      B91FFA73 
 910      A6339337 
 910      60603ED4 
 911 0183 9D20B4B9 		.ascii	"\235 \264\271n\004\226\353L\205\2015\233/\300\027\206"
 911      6E0496EB 
 911      4C858135 
 911      9B2FC017 
 911      86
 912 0194 60AA7A   		.ascii	"`\252z"
 913              		.text
 914              		.section	.gnu.lto_suspend_idle.part.0.311.a1ae2132b0590a76,"e",%progbits
 915 0000 789C4D90 		.ascii	"x\234M\220=K\034Q\024\206\317{\317\335\335\210V\211"
 915      3D4B1C51 
 915      1486CF7B 
 915      CFDDDD88 
 915      5689
 916 0012 85A56C13 		.ascii	"\205\245l\023,\334\011\006\006\313T\371\0056V\262\216"
 916      2CDC0906 
 916      06CB54F9 
 916      053656B2 
 916      8E
 917 0023 1376B28E 		.ascii	"\023v\262\216#;#!\2257j\022X\204\035?*\021\013Y\301"
 917      233B2321 
 917      95376A12 
 917      58841D3F 
 917      2A110B59 
 918 0038 22A0C562 		.ascii	"\"\240\305bVm\374\005\"\266\022\"6\006\013\021+\013"
 918      566DFC05 
 918      22B61222 
 918      36060B11 
 918      2B0B
 919 004a 21397786 		.ascii	"!9w\206\210\003\367\314{\236\367\236\217\231e\020M\023"
 919      8803F7CC 
 919      7B9EF79E 
 919      8F996510 
 919      4D13
 920 005c 912B0705 		.ascii	"\221+\007\005\302\372\0132\306\274+i\274\314\336\012"
 920      C2FA0B32 
 920      C6BC2B69 
 920      BCCCDE0A 
 921 006c 6B2B4D85 		.ascii	"k+M\205#d\031\343\313J3\227\240y\255\030\363X\343M\306"
 921      236419E3 
 921      CB4A3397 
 921      A079AD18 
 921      F358E34D 
 922 0081 90B0879D 		.ascii	"\220\260\207\235\215\037}_\007\332L\264%'{,O\315\356"
 922      8D1F7D5F 
 922      07DA4CB4 
 922      25277B2C 
 922      4FCDEE
 923 0094 09720A3B 		.ascii	"\011r\012;\245#QJx\314\306\327'\306\234\035w\214aj3"
 923      A523514A 
 923      78CCC6D7 
 923      27C69C1D 
 923      778C616A 
 924 00a9 700029C5 		.ascii	"p\000)\305[\274!\374\224\032\214_\260\275\221n\030\333"
 924      5BBC21FC 
 924      941A8C5F 
 924      B0BD916E 
 924      18DB
 925 00bb 22F7F1CC 		.ascii	"\"\367\361\314\247\254U1\233\210CP\246`\025Yo\357\274"
 925      A7AC5531 
 925      9B884350 
 925      A6601559 
 925      6FEFBC
 926 00ce 60CCE3DF 		.ascii	"`\314\343\337\226\204^\364\000\350B\311\034e\207)mC"
 926      96845EF4 
 926      00E842C9 
 926      1C658729 
 926      6D43
 927 00e0 C186A204 		.ascii	"\301\206\242\004\331\257\305\366\333\215\206\225:\227"
 927      D9AFC5F6 
 927      DB8D8695 
 927      3A97
 928 00ee 4C29ABFF 		.ascii	"L)\253\377\362\006\346\352W?\335b\341\361;\266Ym\313"
 928      F206E6EA 
 928      573FDD62 
 928      E1F13BB6 
 928      596DCB
 929 0101 02B758DC 		.ascii	"\002\267X\334\377&\011K\276\312\322\014\351)Y\272i\251"
 929      FF26094B 
 929      BECAD20C 
 929      E92959BA 
 929      69A9
 930 0113 1623A7D7 		.ascii	"\026#\247\327%\013\273\026\026\204\347\360O\351\251"
 930      250BBB16 
 930      1684E7F0 
 930      4FE9A9
 931 0122 595138DD 		.ascii	"YQ8\335ai\220\226\240\332\254\267X\021\011n\013&Y\202"
 931      61699096 
 931      A0DAACB7 
 931      5811096E 
 931      0B265982 
 932 0136 9F2D51A6 		.ascii	"\237-Q\246{,\\\376\326\331/n1rK\356S\305\251E\241\357"
 932      7B2C5CFE 
 932      D6D92F6E 
 932      31724BEE 
 932      53C5A945 
 933 014c 7C8C13FF 		.ascii	"|\214\023\377S\265\2218q4\327\360|\347s\325\017\353"
 933      53B59138 
 933      7134D7F0 
 933      7CE773D5 
 933      0FEB
 934 015e C3F1EC74 		.ascii	"\303\361\354t\220\014\327'\235\367A#\024\333\247r\022"
 934      900CD727 
 934      9DF74123 
 934      14DBA772 
 934      12
 935 016f D627BCA8 		.ascii	"\326'\274\250\341;^\024\206\321\214\343\325\202\311"
 935      E13B5E14 
 935      86D18CE3 
 935      D582C9
 936 017e 208A9D78 		.ascii	" \212\235x.\236\365g\246*\036\351$\010\375WOye\324\255"
 936      2E9EF567 
 936      A62A1EE9 
 936      2408FD57 
 936      4F7965D4 
 937 0193 BAEEC8D4 		.ascii	"\272\356\310\324\007\372\007\235\344\231\321"
 937      07FA079D 
 937      E499D1
 938              		.text
 939              		.section	.gnu.lto_.symbol_nodes.a1ae2132b0590a76,"e",%progbits
 940 0000 789C7592 		.ascii	"x\234u\222IN\003A\014E\355\357\036\212\316\234\260\207"
 940      494E0341 
 940      0C45EDEF 
 940      1E8ACE9C 
 940      B087
 941 0012 B344DCCB 		.ascii	"\263D\334\313\335\250%\266\021W\2000\317\243\310\022"
 941      DDA825B6 
 941      11578030 
 941      CFA3C812 
 942 0022 B1402C90 		.ascii	"\261@,\2208\0039\006\022TwU\026H\2617\365\364\237]\213"
 942      38033906 
 942      12547755 
 942      1648B137 
 942      F5F49F5D 
 943 0037 72FD8088 		.ascii	"r\375\200\210\360\014\245\322W\302\263O\"%z\251\253"
 943      F00CA5D2 
 943      57C2B34F 
 943      22257AA9 
 943      AB
 944 0048 AA043135 		.ascii	"\252\00415\205\003(\377\323\213\262\342\225<\204\302"
 944      850328FF 
 944      D38BB2E2 
 944      953C84C2 
 945 0058 9473A898 		.ascii	"\224s\250\230\362\010\232\230\362\030\232\326{\373\357"
 945      F2089A98 
 945      F2189AD6 
 945      7BFBEF
 946 0067 B44E9E40 		.ascii	"\264N\236@3s\362\024\232\233\362\014\352,\231>\201\266"
 946      3373F214 
 946      9A9BF20C 
 946      EA2C993E 
 946      81B6
 947 0079 FDC9E7D0 		.ascii	"\375\311\347\320\215\337X[m#5\317\323t\361\005\264\260"
 947      8DDF585B 
 947      6D2335CF 
 947      D374F105 
 947      B4B0
 948 008b DC15B463 		.ascii	"\334\025\264c\271Kh\327r\017\320\236\345\356\241}\313"
 948      B94B68D7 
 948      720FD09E 
 948      E5EEA17D 
 948      CB
 949 009c DD410796 		.ascii	"\335A\007\226\273\205\016-\367\010\035Y\356\006:\266"
 949      BB850E2D 
 949      F7081D59 
 949      EE063AB6 
 950 00ac DC357462 		.ascii	"\3345tb8\241\"<\353\222\205\333\277\004\336\365XT-\276"
 950      38A1223C 
 950      EB9285DB 
 950      BF04DEF5 
 950      58542DBE 
 951 00c0 B1A0131A 		.ascii	"\261\240\023\032v\004\261\325\207\251\204\035O%\355"
 951      7604B1D5 
 951      87A9841D 
 951      4F25ED
 952 00cf 05AA7D98 		.ascii	"\005\252}\230\004|\365\330\375\370^|\011/3\311\343\306"
 952      047CF5D8 
 952      FDF85E7C 
 952      092F33C9 
 952      E3C6
 953 00e1 A7E23657 		.ascii	"\247\3426W7\271I ?\344\306\0213q\243x\277\307aLsq\203"
 953      37B94920 
 953      3FE4C611 
 953      3371A378 
 953      BFC7614C 
 954 00f8 987AECC7 		.ascii	"\230z\354\307\264\240?\035F\366\313"
 954      B4A03F1D 
 954      46F6CB
 955              		.text
 956              		.section	.gnu.lto_.refs.a1ae2132b0590a76,"e",%progbits
 957 0000 789C6367 		.ascii	"x\234cg```\344`\342\344``\000\000\000\325\000$"
 957      606060E4 
 957      60E2E460 
 957      60000000 
 957      D50024
 958              		.text
 959              		.section	.gnu.lto_.decls.a1ae2132b0590a76,"e",%progbits
 960 0000 789C8D57 		.ascii	"x\234\215W{PT\327\031?\3379\313\356rY\001\225h\253\306"
 960      7B5054D7 
 960      193FDF39 
 960      CBEE7259 
 960      019568AB 
 961 0015 A0A3954C 		.ascii	"\240\243\225L\007\326\240c4m\247\244\235I\332\311L&"
 961      07D6A063 
 961      346DA7A4 
 961      9D49DAC9 
 961      4C26
 962 0027 336DA733 		.ascii	"3m\2473\375g\263r\257\335-,Kv\227\020\377\273\"\276"
 962      FD67B372 
 962      AFDD2D2C 
 962      4B769710 
 962      FFBB22BE 
 963 003b 45F035C1 		.ascii	"E\3605\301 H|\020\214QW\215\365\211\">\243\361m\342"
 963      20487C10 
 963      8C51578D 
 963      F589223E 
 963      A3F16DE2 
 964 004f 2B3E1375 		.ascii	"+>\023u}\021T@P\243\375\3169w\357n`;\355\221o\357\275"
 964      7D115440 
 964      50A3FDCE 
 964      3977EF6E 
 964      603BED91 
 965 0066 E7FCBEDF 		.ascii	"\347\374\276\337\367\274\347\\\007\244\022R\312\010"
 965      F7BCE75C 
 965      07A41252 
 965      CA08
 966 0074 39430979 		.ascii	"9C\011y\201C!\204\234DIB\331\206\262\033e\024\312~\224"
 966      81432184 
 966      9C444942 
 966      D986B21B 
 966      6514CA7E 
 967 0089 1F891C19 		.ascii	"\037\211\034\031(\217Q:Q\236\240<G\001 \304\216\222"
 967      288F513A 
 967      519EA03C 
 967      470120C4 
 967      8E92
 968 009b 82928A92 		.ascii	"\202\222\212\222\216\222\2012\000e\010\312+(\303PF\242"
 968      8E928132 
 968      006508CA 
 968      2B28C350 
 968      46A2
 969 00ad 8C427915 		.ascii	"\214By\025e4J.\312X\024\374#\343\200\374l\334\307g\033"
 969      65344A2E 
 969      CA5814FC 
 969      23E380FC 
 969      6CDCC767 
 970 00c2 5E3D862F 		.ascii	"^=\206/\257\343s\007^\307\203\364\251\277\201g\206/"
 970      AFE37307 
 970      5EC783F4 
 970      A9BF8167 
 970      862F
 971 00d4 DCA78C1E 		.ascii	"\334\247\214\036\034|t\340\234\325\340\231\200\367\335"
 971      1C7C74E0 
 971      9CD5E099 
 971      80F7DD
 972 00e3 FF8583C7 		.ascii	"\377\205\203\3072\000\022s\374d\370\3501\236\301\210"
 972      32001273 
 972      FC64F8E8 
 972      319EC188 
 973 00f3 BBE760B4 		.ascii	"\273\347`\2647\016\022\360\365E\034\317\265\025dlC\342"
 973      370E12F0 
 973      F5451CCF 
 973      B515646C 
 973      43E2
 974 0105 7C7B03AF 		.ascii	"|{\003\257CQ~\2032\030e\220\241\317k\302s\314\355\362"
 974      43517E83 
 974      32186590 
 974      A1CF6BC2 
 974      73CCEDF2 
 975 0119 7C8291DB 		.ascii	"|\202\221\333\236c`\002\037R\022\340^\2462\356\370\274"
 975      9E636002 
 975      1F5212E0 
 975      5EA632EE 
 975      F8BC
 976 012b F081D3A2 		.ascii	"\360\201\323\242\206\211t\206\031~\307\353\374\026d"
 976      86897486 
 976      197EC7EB 
 976      FC1664
 977 013a 6FB4A238 		.ascii	"o\264\2428\361\376w \373e\204\241\237Ld?\374\336\250"
 977      F1FE7720 
 977      FB6584A1 
 977      9F4C643F 
 977      FCDEA8
 978 014d 75AE51FB 		.ascii	"u\256Q\373W\215^\030i\364F\242\036\3701\256v<OYD\326"
 978      578D5E18 
 978      69F446A2 
 978      1EF831AE 
 978      763C4F59 
 979 0163 8DD7EFFF 		.ascii	"\215\327\357\377\255\377\002\006C\340\005\210\013/\220"
 979      ADFF0206 
 979      43E00588 
 979      0B2F90
 980 0172 5317A3AC 		.ascii	"S\027\243\254?\201\177Kxv\012{\223\3240\372\365\201"
 980      3F817F4B 
 980      78760A7B 
 980      93D430FA 
 980      F581
 981 0184 8A43A034 		.ascii	"\212C\2404\353zDo\231\302\010\214\201\321\004\266\002"
 981      EB7A446F 
 981      99C2088C 
 981      81D104B6 
 981      02
 982 0195 EA6D01D8 		.ascii	"\352m\001\330\014\360%'\031\005\374EI\023w\204\375\231"
 982      0CF02527 
 982      1905FC45 
 982      49137784 
 982      FD99
 983 01a7 D3F7030B 		.ascii	"\323\367\003\013\376f@&r\034;\324\334\231\3129\332\364"
 983      FE664026 
 983      721C3BD4 
 983      DC99CA39 
 983      DAF4
 984 01b9 E6F26402 		.ascii	"\346\362d\002\273\000\232\200\300N@8\262\354\000\330"
 984      BB009A80 
 984      C04E4038 
 984      B2EC00D8 
 985 01c9 CE597E85 		.ascii	"\316Y~\205,L\\\011\373\273\344\240\202#\0359\036Oo\254"
 985      2C4C5C09 
 985      FBBBE4A0 
 985      82231D39 
 985      1E4F6FAC 
 986 01dd 4BE11CF7 		.ascii	"K\341\034\367\364\346\262$\002\373\000\366\"G\013 \034"
 986      F4E6B224 
 986      02FB00F6 
 986      22470B20 
 986      1C
 987 01ee 39F60034 		.ascii	"9\366\0004\203P\311\024*:\025\017v\361\320,\311\254"
 987      8350C914 
 987      2A3A150F 
 987      76F1D02C 
 987      C9AC
 988 0200 E261347B 		.ascii	"\342a4{_>&!\353\316i\353;-\212nx\206\223\3225\002\307"
 988      5F3E2621 
 988      EBCE69EB 
 988      3B2D8A6E 
 988      788693D2 
 989 0217 90DB0947 		.ascii	"\220\333\011G\0011\247\232\272n(\375\020S\256\353\357"
 989      0131A79A 
 989      BA6E28FD 
 989      1053AEEB 
 989      EF
 990 0228 C3368023 		.ascii	"\3036\200#\000\2079\3468\010\034a\032aE\230+\373\306"
 990      008739E6 
 990      38081C61 
 990      1A614598 
 990      2BFBC6
 991 023b DB471A2D 		.ascii	"\333G\032-#F\214\350\217nv\235\235q\343\372\033\013"
 991      23468CE8 
 991      8F6E769D 
 991      9D71E3FA 
 991      1B0B
 992 024d F64FD7C3 		.ascii	"\366O\327\303:\343Z'\001\276\001\221>dFy\215 *|\017"
 992      3AE35A27 
 992      01BE0191 
 992      3E644679 
 992      8D202A7C 
 993 0262 01E9531C 		.ascii	"\001\351S\034\034p\242\007`\014A\233\341\373\253t\001"
 993      1C70A207 
 993      600C419B 
 993      E1FBAB74 
 993      01
 994 0273 380EF0B5 		.ascii	"8\016\360\265\000D\255s\310> \322\257ft\345+\200C|\001"
 994      0044AD73 
 994      C83E20D2 
 994      AF6674E5 
 994      2B80437C 
 995 0288 31989053 		.ascii	"1\230\220S\000\247\001\316\360b\262\235 #\266a4\333"
 995      00A701CE 
 995      F062B29D 
 995      2023B661 
 995      34DB
 996 029a BEAD684A 		.ascii	"\276\255hJI\024\3619\021\361Y\036\361\366\251\027>K"
 996      4914F139 
 996      11F1591E 
 996      F1F6A917 
 996      3E4B
 997 02ac 898F384A 		.ascii	"\211\2178J}\036\004\2160\264\207\270\360\222\307\227"
 997      7D1E048E 
 997      30B487B8 
 997      F092C797 
 998 02bc 140BCE5F 		.ascii	"\024\013\316_\340s\007\015+CE\232\333\200}mL\274\314"
 998      E073070D 
 998      2B43459A 
 998      DB807D6D 
 998      4CBCCC
 999 02cf 93D8BA73 		.ascii	"\223\330\272s\221-\221\331k\302\354Un\366\332\322}c"
 999      912D91D9 
 999      6BC2EC55 
 999      6EF6DAD2 
 999      7D63
 1000 02e1 E2AD5E06 		.ascii	"\342\255^\006\270\304!\327A\300\010;\211\215q\221[\266"
 1000      B8C421D7 
 1000      41C0083B 
 1000      898D7191 
 1000      5BB6
 1001 02f3 9FEDB83D 		.ascii	"\237\355\270=/\315\310t\370I,\207\337\003Dz'\371Y\014"
 1001      2FCDC874 
 1001      F8492C87 
 1001      DF03447A 
 1001      27F9590C 
 1002 0307 70B20740 		.ascii	"p\262\007@&\371'#\311\327\001\256\010@\324t\257$\037"
 1002      26F92723 
 1002      C9D701AE 
 1002      0840D474 
 1002      AF241F
 1003 031a 04388097 		.ascii	"\0048\200\227\037\004\012\323|\003\340&\300-\236ft+"
 1003      1F040AD3 
 1003      7C03E026 
 1003      C02D9E66 
 1003      742B
 1004 032c D2B4707D 		.ascii	"\322\264p}\037t+\203\007zy\325\333\274\364\347\001\276"
 1004      1F742B83 
 1004      077A79D5 
 1004      DBBCF4E7 
 1004      01BE
 1005 033e 05B8174B 		.ascii	"\005\270\027K\242\364\213#ZW%U7\363\242\222\304\353"
 1005      A2F48B23 
 1005      5A572555 
 1005      37F3A292 
 1005      C4EB
 1006 0350 CF6F8875 		.ascii	"\317o\210u\264\364\235`\220\306\343\020\3453cN\301E"
 1006      B4F49D60 
 1006      90C6E310 
 1006      E533634E 
 1006      C145
 1007 0362 49834EDD 		.ascii	"I\203N\335\006\270\003pW\324\376\226\250\324\261\332"
 1007      06B80370 
 1007      57D4FE96 
 1007      A8D4B1DA 
 1008 0372 3B6F66F4 		.ascii	";of\364V\200\373\320[\005\341\233\247\355\012+\016\361"
 1008      5680FBD0 
 1008      5B05E19B 
 1008      A7ED0A2B 
 1008      0EF1
 1009 0384 C2D6B758 		.ascii	"\302\326\267X\240\025\314r\361\315\007\001G.\326\205"
 1009      A015CC72 
 1009      F1CD0701 
 1009      472ED685 
 1010 0394 936F00DF 		.ascii	"\223o\000\337g\300\242\002\300\271q\370\243\220\177"
 1010      67C0A202 
 1010      C0B971F8 
 1010      A3907F
 1011 03a3 3092A153 		.ascii	"0\222\241S\235\246\252\214*La\252r\316\222\226\325\316"
 1011      9DA6AA8C 
 1011      2A4C61AA 
 1011      72CE9296 
 1011      D5CE
 1012 03b5 F2EC342B 		.ascii	"\362\3544+M\2617\356\205t%\311Ni\304\246*YO\340\013"
 1012      4DB137EE 
 1012      857425C9 
 1012      4E69C4A6 
 1012      2A594FE0 
 1013 03ca 5A6FCDCC 		.ascii	"Zo\315\314\323-\352\334\227\"6\235V\275\2331&\017\177"
 1013      D32DEADC 
 1013      9722369D 
 1013      56BD9B31 
 1013      260F7F
 1014 03dd 23B643A0 		.ascii	"#\266C\240\242\326{\026{:\336ElJ;\253\257\260\252G\351"
 1014      A2D67B16 
 1014      7B3ADE45 
 1014      6C4A3BAB 
 1014      AFB0AA47 
 1015 03f2 CC519823 		.ascii	"\314Q\230#E\315\345\261\344\331\355C\207\266\260\026"
 1015      45CDE5B1 
 1015      E4D9ED43 
 1015      87B6B016 
 1016 0402 C6B366B7 		.ascii	"\306\263f\267\207\327\275\244Dli\310\221\245f\246\253"
 1016      87D7BDA4 
 1016      446C69C8 
 1016      91A566A6 
 1016      AB
 1017 0413 99698720 		.ascii	"\231i\207 IU\225\214,\202^\250\271\271yTAj\213\375\020"
 1017      4955958C 
 1017      2C825EA8 
 1017      B9B97954 
 1017      416A8BFD 
 1018 0428 E43270E4 		.ascii	"\3442p\344\352\327\356\016T\222\224\344\241\231\270"
 1018      EAD7EE0E 
 1018      549294E4 
 1018      A199B8
 1019 0437 7FAAE42D 		.ascii	"\177\252\344-\212\304\354Et\200\015\215\252\261G\200"
 1019      8AC4EC45 
 1019      74800D8D 
 1019      AAB14780 
 1020 0447 2C85E652 		.ascii	",\205\346R\366N\004O_J3\011\321-v\207\003t\274$\273"
 1020      F64E044F 
 1020      5F4A3309 
 1020      D12D7687 
 1020      0374BC24 
 1021 045c DE51DFCB 		.ascii	"\336Q\337\313UH\304Fq)\303\202{\017\3044\025+\036J\335"
 1021      5548C446 
 1021      7129C382 
 1021      7B0FC434 
 1021      152B1E4A 
 1022 0471 364C3AFF 		.ascii	"6L:\377\207\203\237Q\362\307\020\022o\306\\\247\306"
 1022      87839F51 
 1022      F2C71012 
 1022      6FC65CA7 
 1022      C6
 1023 0482 0D21D159 		.ascii	"\015!\321Ys\020\363J\250\301A\345\231&\216Uql@\324D"
 1023      7310F34A 
 1023      A8C141E5 
 1023      99268E55 
 1023      716C40D4 
 1024 0497 1CB979F4 		.ascii	"\034\271y\364\202\001\211\362\030\272r\343\217\316D"
 1024      820189F2 
 1024      18BA72E3 
 1024      8FCE44
 1025 04a6 7DE13604 		.ascii	"}\3416\004\230Fg\315\321\313\361\237\215\230\033\234"
 1025      984667CD 
 1025      D1CBF19F 
 1025      8D981B9C 
 1026 04b6 83C8CE5A 		.ascii	"\203\310\316ZxcGy\362M\340\335\275lI2\244V\345a\217"
 1026      78634779 
 1026      F24DE0DD 
 1026      BD6C4932 
 1026      A456E561 
 1027 04cb 2EA28435 		.ascii	".\242\2045R\276\\\363pY\330a\341\206\360]\365\343\304"
 1027      52BE5CF3 
 1027      7059D861 
 1027      E186F05D 
 1027      F5E3C4
 1028 04de ED4F9774 		.ascii	"\355O\227t\364\031\250\363m_\317\000\217\261\355\023"
 1028      F419A8F3 
 1028      6D5FCF00 
 1028      8FB1ED13 
 1029 04ee C00F1868 		.ascii	"\300\017\030h\227\275\270\342\341\334\007\216\341\325"
 1029      97BDB8E2 
 1029      E1DC078E 
 1029      E1D5
 1030 04fc D57AD785 		.ascii	"\325z\327\205\205_\314\265\351\215\272^\225\207\000"
 1030      855FCCB5 
 1030      E98DBA5E 
 1030      958700
 1031 050b 78C43B9B 		.ascii	"x\304;\233su\362{\002\017\000w\245\354\343lxU\265^\265"
 1031      7375F27B 
 1031      020F0077 
 1031      A5ECE36C 
 1031      7855B55E 
 1032 0520 B4BE99EA 		.ascii	"\264\276\231\352\370z\"\356a\034\356a\024G\3309\341"
 1032      F87A22EE 
 1032      611CEE61 
 1032      1447D839 
 1032      E1
 1033 0531 D18C1DF3 		.ascii	"\321\214\035\363\216(\011\034\350F\240_\330?x\375IY"
 1033      8E28091C 
 1033      E846A05F 
 1033      D83F78FD 
 1033      4959
 1034 0543 1F6E3FDC 		.ascii	"\037n?\334\264U\327\223\020j\301U\3502X\011\336Em\037"
 1034      B455D793 
 1034      106AC155 
 1034      E8325809 
 1034      DE456D1F 
 1035 0557 64EC2EC6 		.ascii	"d\354.\306\372T0\207\227>;i\347\273\3473\031\307\247"
 1035      FA543087 
 1035      973E3B69 
 1035      E7BBE733 
 1035      19C7A7
 1036 056a 0D7B0EA4 		.ascii	"\015{\016\244\014\257\256\322\333\316w\0257Va\203s\232"
 1036      0CAFAED2 
 1036      DBCE7715 
 1036      37566183 
 1036      739A
 1037 057c A79206F0 		.ascii	"\247\222\006\360k\013\357\243D\273\031\323Y\"\222\355"
 1037      6B0BEFA3 
 1037      44BB19D3 
 1037      592292ED 
 1038 058c B7B694D9 		.ascii	"\267\266\224\3319I\370\002wf\212\341\314\013\203E\247"
 1038      3949F802 
 1038      77668AE1 
 1038      CC0B8345 
 1038      A7
 1039 059d 04EFA32C 		.ascii	"\004\357\243,[\030\036\267\204\255\341L\326\355\263"
 1039      5B181EB7 
 1039      84ADE14C 
 1039      D6EDB3
 1040 05ac BF5C6119 		.ascii	"\277\\a\031\014\200\177\311\024\246\3232\256:\235\212"
 1040      0C807FC9 
 1040      14A6D332 
 1040      AE3A9D8A 
 1041 05bc 93BFDC61 		.ascii	"\223\277\334a\034\374S\371\012\201r\012\323(Zkh\256"
 1041      1CFC53F9 
 1041      0A81720A 
 1041      D3285A6B 
 1041      68AE
 1042 05ce B90A6672 		.ascii	"\271\012fr\246S3;3h4;\015?<\333#\252\023\276hfg\006"
 1042      A653333B 
 1042      3368343B 
 1042      0D3F3CDB 
 1042      23AA13BE 
 1043 05e6 85321ACD 		.ascii	"\2052\032\315N\031\215\272\363\011c\033\022\006\025"
 1043      4E198DBA 
 1043      F309631B 
 1043      120615
 1044 05f5 59D979C1 		.ascii	"Y\331y\301&\202\352\216\017j\226\344\200\331\3100\313"
 1044      2682EA8E 
 1044      0F6A96E4 
 1044      80D9C830 
 1044      CB
 1045 0606 6459C0D8 		.ascii	"dY\300\330\341\204,\313\333\016\352T\260\274\210g\231"
 1045      E1842CCB 
 1045      DB0EEA54 
 1045      B0BC8867 
 1045      99
 1046 0617 6BB05420 		.ascii	"k\260T \303\\\223e6c\327\004K\373\314\232\243\012\367"
 1046      C35C9365 
 1046      3663D704 
 1046      4BFBCC9A 
 1046      A30AF7
 1047 062a BF6DDEDE 		.ascii	"\277m\336\336\017\032u\243*\225\246\373\225\246J\031"
 1047      0F1A75A3 
 1047      2A95A6FB 
 1047      95A64A19 
 1048 063a 631D42E5 		.ascii	"c\035B\345\364\372\316\363v\321\304\273e\023_\271\330"
 1048      F4FACEF3 
 1048      76D1C4BB 
 1048      65135FB9 
 1048      D8
 1049 064b BE242541 		.ascii	"\276$%A\017-D\335\005T6\361\231\3123\226\341\325\370"
 1049      0F2D44DD 
 1049      055436F1 
 1049      99CA3396 
 1049      E1D5F8
 1050 065e DD50755D 		.ascii	"\335Pu]\237?l\317\324\372,\\\206\371\246\235\371T|\327"
 1050      9F3F6CCF 
 1050      D4FA2C5C 
 1050      86F9A69D 
 1050      F9547CD7 
 1051 0672 ADB670F4 		.ascii	"\255\266p\364\224\323\247*\230@W\337\324\367\303R\275"
 1051      94D3A72A 
 1051      984057DF 
 1051      D4F7C352 
 1051      BD
 1052 0683 8572AF16 		.ascii	"\205r\257\026\233\350\305\022}\305\322\373\245b\255"
 1052      9BE8C512 
 1052      7DC5D2FB 
 1052      A562AD
 1053 0692 627277D9 		.ascii	"brw\331\341\317{}\327-\241q\337u\010\372~\361\221\316"
 1053      E1CF7B7D 
 1053      D72DA171 
 1053      DF7508FA 
 1053      7EF191CE 
 1054 06a6 54D3F14F 		.ascii	"T\323\361Ob\365\255A\317\253\245\347g\352N/\007\341"
 1054      62F5AD41 
 1054      CFABA5E7 
 1054      67EA4E2F 
 1054      07E1
 1055 06b8 4BE7ADAB 		.ascii	"K\347\255\253Gm\302\227\032\012\037\233\276|,}\251H"
 1055      476DC297 
 1055      1A0A1F9B 
 1055      BE7C2C7D 
 1055      A948
 1056 06ca E2E8BB27 		.ascii	"\342\350\273'\256\317\214\245\002\375\2112\326\231\035"
 1056      AECF8CA5 
 1056      02FD8932 
 1056      D6991D
 1057 06d9 7366F5AA 		.ascii	"sf\365\252J\312\011\333\"\033\333t{\026.A\255\311V+"
 1057      4ACA09DB 
 1057      221BDB74 
 1057      7B162E41 
 1057      ADC9562B 
 1058 06ed D99608B6 		.ascii	"\331\226\010\266Y\265\333\3268\214<\234\330k\346\241"
 1058      59B5DBD6 
 1058      388C3C9C 
 1058      D86BE6A1 
 1059 06fd DE44D74B 		.ascii	"\336D\327K\364f\201^9\247\375\216M\344a\277\254\313"
 1059      F466815E 
 1059      39A7FD8E 
 1059      4DE461BF 
 1059      ACCB
 1060 070f AE6F9EBE 		.ascii	"\256o\236\276\260%\250\313J\364e\205\214\356\366\274"
 1060      B025A8CB 
 1060      4AF46585 
 1060      8CEEF6BC 
 1061 071f 5DF76CC2 		.ascii	"]\367l\302B\270\265j\255UXXIa\271ia\271\264pUXx\270"
 1061      42B8B56A 
 1061      AD555858 
 1061      4961B969 
 1061      61B9B470 
 1062 0737 65EDB414 		.ascii	"e\355\264\024\216\016G\266\352\345I\234\011\032Lh\203"
 1062      8E0E47B6 
 1062      EAE5499C 
 1062      091A4C68 
 1062      83
 1063 0748 843E10D0 		.ascii	"\204>\020\320\231\225e\265\262\204U\017\257^\314l\341"
 1063      999565B5 
 1063      B284550F 
 1063      AF5ECC6C 
 1063      E1
 1064 0759 0547D71B 		.ascii	"\005G\327\033Mt\243D/\262r\364\374\366\265n~\346\351"
 1064      4D74A344 
 1064      2FB272F4 
 1064      FCF6B56E 
 1064      7EE6E9
 1065 076c E2FCC655 		.ascii	"\342\374\306U~\330\2571\260\270\336\325\322\020Qz\000"
 1065      7ED8AF31 
 1065      B0B8DED5 
 1065      D210517A 
 1065      00
 1066 077d F8E11E07 		.ascii	"\370\341\036\0079\365\250\262=9v\246\177A\3153}\255"
 1066      39F5A8B2 
 1066      3D3976A6 
 1066      7F41CD33 
 1066      7DAD
 1067 078f 0CB5B2A2 		.ascii	"\014\265\262\242{\023\210\364\254\245\"=;\313>kM\224"
 1067      7B1388F4 
 1067      ACA5223D 
 1067      3BCB3E6B 
 1067      4D94
 1068 07a1 9EF5989E 		.ascii	"\236\365\230\236uR\247\341\326\2765V\021\305\2429\263"
 1068      7552A7E1 
 1068      D6BE3556 
 1068      11C5A239 
 1068      B3
 1069 07b2 8EC802AC 		.ascii	"\216\310\002\254\247\360\271\031\305\3472\2125\"\212"
 1069      A7F0B919 
 1069      C5E7328A 
 1069      35228A
 1070 07c1 8EF3B79F 		.ascii	"\216\363\267\237\313\230;\037Um\032\261\307\210y"
 1070      CB983B1F 
 1070      556D1AB1 
 1070      C78879
 1071 07d0 8389DE20 		.ascii	"\203\211\336 \321\247\004zfx\361\011\321X\341\331Sg"
 1071      D1A7047A 
 1071      6678F109 
 1071      D158E1D9 
 1071      5367
 1072 07e2 34A78BCA 		.ascii	"4\247\213\312n2\241\233$\364\222\200\3169\275\354\270"
 1072      6E32A19B 
 1072      24F49280 
 1072      CE39BDEC 
 1072      B8
 1073 07f3 75246F99 		.ascii	"u$o\231Ku\323t{u\036\377d\331\314\261\3467\323fJ\262"
 1073      4B75D374 
 1073      7B751EFF 
 1073      64D9CCB1 
 1073      E637D366 
 1074 0809 3BF99EF5 		.ascii	";\371\236\365\315\235\347\373\222by\350\210}\333l\221"
 1074      CD9DE7FB 
 1074      926279E8 
 1074      887DDB6C 
 1074      91
 1075 081a 311DDB7B 		.ascii	"1\035\333{\371>\213\001\026\306\022\265U\002\016\177"
 1075      F93E8B01 
 1075      16C612B5 
 1075      55020E7F 
 1076 082a 177E6A8F 		.ascii	"\027~j\217\001\272c\014\333$`U\355\245rG\014P\027c\330"
 1076      01BA630C 
 1076      DB246055 
 1076      EDA57247 
 1076      0C501763 
 1077 083f 2E01A7E6 		.ascii	".\001\247\346^\276\032\307P\023\003\354\220\200\332"
 1077      5EBE1AC7 
 1077      501303EC 
 1077      9080DA
 1078 084e 05FB9B52 		.ascii	"\005\373\233Rc\200\3651\300N\011\330\370\325\232y\020"
 1078      6380F531 
 1078      C04E09D8 
 1078      F8D59A79 
 1078      10
 1079 085f 03AC8C01 		.ascii	"\003\254\214\001\232\370\177a\357\213\264\254\353\352"
 1079      9AF87F61 
 1079      EF8BB4AC 
 1079      EBEA
 1080 086d 5E6D157B 		.ascii	"^m\025{\327\323\355\370&\361\203\361O\302]#\213\260"
 1080      D7D3EDF8 
 1080      26F183F1 
 1080      4FC25D23 
 1080      8BB0
 1081 087f 1BD5CCFD 		.ascii	"\033\325\314\375+\302\310\260\220\257\300\225\357\017"
 1081      2BC2C8B0 
 1081      90AFC095 
 1081      EF0F
 1082 088d 68CE7CBF 		.ascii	"h\316|\277\317\347/r\346{\274\023\275\376\2403X\022"
 1082      CFE72F72 
 1082      E67BBC13 
 1082      BDFEA033 
 1082      5812
 1083 089f 2CD68AD4 		.ascii	",\326\212\324\234|\373\333\357\376-\363\217\023&\220"
 1083      9C7CFBDB 
 1083      EFFE2DF3 
 1083      8F132690 
 1084 08af FEE654CE 		.ascii	"\376\346T\316\370q\356q\343r\325I\304V\342-\012\215"
 1084      F871EE71 
 1084      E372D549 
 1084      C456E22D 
 1084      0A8D
 1085 08c1 7785FA04 		.ascii	"w\205\372\004'\007\361N\013|\350.t\205\354|\366\265"
 1085      2707F14E 
 1085      0B7CE82E 
 1085      7485EC7C 
 1085      F6B5
 1086 08d3 71AE90A5 		.ascii	"q\256\220\245@\233\034\264\007\264 .h\252\305\347W\203"
 1086      409B1CB4 
 1086      07B4202E 
 1086      68AAC5E7 
 1086      5783
 1087 08e5 394E8FDF 		.ascii	"9N\217\337\2479\377\025\014i\245\356@\310\031\364\227"
 1087      A739FF15 
 1087      0C69A5EE 
 1087      40C819F4 
 1087      97
 1088 08f6 04F235E7 		.ascii	"\004\3625\347d\267\346+\310\016\026\027zC\331\005\023"
 1088      64B7E62B 
 1088      C80E1617 
 1088      7A43D905 
 1088      13
 1089 0907 9D6F7903 		.ascii	"\235oy\003>\\\326\310/{\372\027\320\212\375\201P\216"
 1089      3E5CD6C8 
 1089      2F7BFA17 
 1089      D08AFD81 
 1089      508E
 1090 0919 87B080BB 		.ascii	"\207\260\200\273\324Z\354\316/@\342\242\202\200\337"
 1090      D45AECCE 
 1090      2F40E2A2 
 1090      8280DF
 1091 0928 32D11B0A 		.ascii	"2\321\033\012&\313e\227WM\341s.\371\330\327\230Eo&\372"
 1091      26CB6597 
 1091      574DE173 
 1091      2EF9D8D7 
 1091      98456F26 
 1092 093d DD01D515 		.ascii	"\335\001\325\025\242c\211\303\035\360}\370\272\226\355"
 1092      A26389C3 
 1092      1DF07DF8 
 1092      BA96ED
 1093 094c FBF5A462 		.ascii	"\373\365\244b\242\240\211\220\366Q\266o\254\031&r\024"
 1093      A2A08990 
 1093      F651B66F 
 1093      AC192672 
 1093      14
 1094 095d 6A39C5E8 		.ascii	"j9\305\350c\316hG\374\334\360\377\2312\322/\212/\366"
 1094      63CE6847 
 1094      FCDCF0FF 
 1094      9932D22F 
 1094      8A2FF6
 1095 0970 976A0197 		.ascii	"\227j\001\227\352/-J\363\271C\001\357G\306LI\261\245"
 1095      EA2F2D4A 
 1095      F3B94301 
 1095      EF47C64C 
 1095      49B1A5
 1096 0983 547317F4 		.ascii	"Ts\027\364\375\331$\207\375\"\252Y\352.\320J\212\321"
 1096      FDD92487 
 1096      FD22AA59 
 1096      EA2ED04A 
 1096      8AD1
 1097 0995 4E91EA0D 		.ascii	"N\221\352\015y\375EI\256?\370\375\205=\227\275E\336"
 1097      79FD4549 
 1097      AE3FF8FD 
 1097      853D97BD 
 1097      45DE
 1098 09a7 90AB04D3 		.ascii	"\220\253\004\323; \321B\301\304\376\011\246\225|\317"
 1098      3B20D142 
 1098      C1C4FE09 
 1098      A6957CCF 
 1099 09b7 5F3DEA5F 		.ascii	"_=\352_\0125\2558+\307Y\350\235h\006\200\177X\021oQ"
 1099      0A35AD38 
 1099      2BC759E8 
 1099      9D680680 
 1099      7F58116F 
 1100 09cc 7E61898A 		.ascii	"~a\211\212\321yB\236\200\346\306\222y\310\240\336\001"
 1100      D179429E 
 1100      80E6C692 
 1100      79C8A0DE 
 1100      01
 1101 09dd B93E2871 		.ascii	"\271>(q\027\205J|\203z\246#\232\006\017I5\302\373\247"
 1101      17854A7C 
 1101      837AA623 
 1101      9A060F49 
 1101      35C2FBA7 
 1102 09f1 167205FC 		.ascii	"\026r\005\374\245\016\343\021o]\241\276\206\272SN\""
 1102      A50EE311 
 1102      6F5DA1BE 
 1102      86BA534E 
 1102      22
 1103 0a02 3AC5580E 		.ascii	":\305X\016\346\273\213\006'\012\307\320\350\347\361"
 1103      E6BB8B06 
 1103      270AC7D0 
 1103      E8E7F1
 1104 0a11 07433C31 		.ascii	"\007C<1\301\022\037\372\022D\330\300\236>p\010R\246"
 1104      C1121FFA 
 1104      1244D8C0 
 1104      9E3E7008 
 1104      52A6
 1105 0a23 0B28F666 		.ascii	"\013(\366fH\363\011`\252\317\217\331\302>p\345\027j"
 1105      48F30960 
 1105      AACF8FD9 
 1105      C23E70E5 
 1105      176A
 1106 0a35 EE407FD3 		.ascii	"\356@\177\323\011c\032u\006\210\025\336+A\327\244\200"
 1106      09631A75 
 1106      068815DE 
 1106      2B41D7A4 
 1106      80
 1107 0a46 DF67F450 		.ascii	"\337g\364P\232\234\346Us\361>\036\020Uu\347\363\362"
 1107      9A9CE655 
 1107      73F13E1E 
 1107      105575E7 
 1107      F3F2
 1108 0a58 B84A42DE 		.ascii	"\270JB\336B\324V$\214#\322\314v\223\014J\214\370?P\327"
 1108      42D45624 
 1108      8C23D2CC 
 1108      76930C4A 
 1108      8CF83F50 
 1109 0a6d 8ED7     		.ascii	"\216\327"
 1110              		.text
 1111              		.section	.gnu.lto_.symtab.a1ae2132b0590a76,"e",%progbits
 1112 0000 73757370 		.ascii	"suspend_idle\000"
 1112      656E645F 
 1112      69646C65 
 1112      00
 1113 000d 00       		.ascii	"\000"
 1114 000e 00       		.ascii	"\000"
 1115 000f 00       		.ascii	"\000"
 1116 0010 00000000 		.ascii	"\000\000\000\000\000\000\000\000"
 1116      00000000 
 1117 0018 F6000000 		.ascii	"\366\000\000\000"
 1118 001c 73757370 		.ascii	"suspend_power_down\000"
 1118      656E645F 
 1118      706F7765 
 1118      725F646F 
 1118      776E00
 1119 002f 00       		.ascii	"\000"
 1120 0030 00       		.ascii	"\000"
 1121 0031 00       		.ascii	"\000"
 1122 0032 00000000 		.ascii	"\000\000\000\000\000\000\000\000"
 1122      00000000 
 1123 003a FA000000 		.ascii	"\372\000\000\000"
 1124 003e 6D617472 		.ascii	"matrix_power_up\000"
 1124      69785F70 
 1124      6F776572 
 1124      5F757000 
 1125 004e 00       		.ascii	"\000"
 1126 004f 01       		.ascii	"\001"
 1127 0050 00       		.ascii	"\000"
 1128 0051 00000000 		.ascii	"\000\000\000\000\000\000\000\000"
 1128      00000000 
 1129 0059 FE000000 		.ascii	"\376\000\000\000"
 1130 005d 6D617472 		.ascii	"matrix_power_down\000"
 1130      69785F70 
 1130      6F776572 
 1130      5F646F77 
 1130      6E00
 1131 006f 00       		.ascii	"\000"
 1132 0070 01       		.ascii	"\001"
 1133 0071 00       		.ascii	"\000"
 1134 0072 00000000 		.ascii	"\000\000\000\000\000\000\000\000"
 1134      00000000 
 1135 007a 01010000 		.ascii	"\001\001\000\000"
 1136 007e 73757370 		.ascii	"suspend_wakeup_condition\000"
 1136      656E645F 
 1136      77616B65 
 1136      75705F63 
 1136      6F6E6469 
 1137 0097 00       		.ascii	"\000"
 1138 0098 00       		.ascii	"\000"
 1139 0099 00       		.ascii	"\000"
 1140 009a 00000000 		.ascii	"\000\000\000\000\000\000\000\000"
 1140      00000000 
 1141 00a2 08010000 		.ascii	"\010\001\000\000"
 1142 00a6 73757370 		.ascii	"suspend_wakeup_init_user\000"
 1142      656E645F 
 1142      77616B65 
 1142      75705F69 
 1142      6E69745F 
 1143 00bf 00       		.ascii	"\000"
 1144 00c0 01       		.ascii	"\001"
 1145 00c1 00       		.ascii	"\000"
 1146 00c2 00000000 		.ascii	"\000\000\000\000\000\000\000\000"
 1146      00000000 
 1147 00ca 0B010000 		.ascii	"\013\001\000\000"
 1148 00ce 73757370 		.ascii	"suspend_wakeup_init_kb\000"
 1148      656E645F 
 1148      77616B65 
 1148      75705F69 
 1148      6E69745F 
 1149 00e5 00       		.ascii	"\000"
 1150 00e6 01       		.ascii	"\001"
 1151 00e7 00       		.ascii	"\000"
 1152 00e8 00000000 		.ascii	"\000\000\000\000\000\000\000\000"
 1152      00000000 
 1153 00f0 0E010000 		.ascii	"\016\001\000\000"
 1154 00f4 73757370 		.ascii	"suspend_wakeup_init\000"
 1154      656E645F 
 1154      77616B65 
 1154      75705F69 
 1154      6E697400 
 1155 0108 00       		.ascii	"\000"
 1156 0109 00       		.ascii	"\000"
 1157 010a 00       		.ascii	"\000"
 1158 010b 00000000 		.ascii	"\000\000\000\000\000\000\000\000"
 1158      00000000 
 1159 0113 10010000 		.ascii	"\020\001\000\000"
 1160 0117 6B657962 		.ascii	"keyboard_report\000"
 1160      6F617264 
 1160      5F726570 
 1160      6F727400 
 1161 0127 00       		.ascii	"\000"
 1162 0128 02       		.ascii	"\002"
 1163 0129 00       		.ascii	"\000"
 1164 012a 00000000 		.ascii	"\000\000\000\000\000\000\000\000"
 1164      00000000 
 1165 0132 36010000 		.ascii	"6\001\000\000"
 1166 0136 63685468 		.ascii	"chThdSleep\000"
 1166      64536C65 
 1166      657000
 1167 0141 00       		.ascii	"\000"
 1168 0142 02       		.ascii	"\002"
 1169 0143 00       		.ascii	"\000"
 1170 0144 00000000 		.ascii	"\000\000\000\000\000\000\000\000"
 1170      00000000 
 1171 014c 14010000 		.ascii	"\024\001\000\000"
 1172 0150 73757370 		.ascii	"suspend_power_down_quantum\000"
 1172      656E645F 
 1172      706F7765 
 1172      725F646F 
 1172      776E5F71 
 1173 016b 00       		.ascii	"\000"
 1174 016c 02       		.ascii	"\002"
 1175 016d 00       		.ascii	"\000"
 1176 016e 00000000 		.ascii	"\000\000\000\000\000\000\000\000"
 1176      00000000 
 1177 0176 16010000 		.ascii	"\026\001\000\000"
 1178 017a 6D617472 		.ascii	"matrix_get_row\000"
 1178      69785F67 
 1178      65745F72 
 1178      6F7700
 1179 0189 00       		.ascii	"\000"
 1180 018a 02       		.ascii	"\002"
 1181 018b 00       		.ascii	"\000"
 1182 018c 00000000 		.ascii	"\000\000\000\000\000\000\000\000"
 1182      00000000 
 1183 0194 1C010000 		.ascii	"\034\001\000\000"
 1184 0198 6D617472 		.ascii	"matrix_scan\000"
 1184      69785F73 
 1184      63616E00 
 1185 01a4 00       		.ascii	"\000"
 1186 01a5 02       		.ascii	"\002"
 1187 01a6 00       		.ascii	"\000"
 1188 01a7 00000000 		.ascii	"\000\000\000\000\000\000\000\000"
 1188      00000000 
 1189 01af 1F010000 		.ascii	"\037\001\000\000"
 1190 01b3 73757370 		.ascii	"suspend_wakeup_init_quantum\000"
 1190      656E645F 
 1190      77616B65 
 1190      75705F69 
 1190      6E69745F 
 1191 01cf 00       		.ascii	"\000"
 1192 01d0 02       		.ascii	"\002"
 1193 01d1 00       		.ascii	"\000"
 1194 01d2 00000000 		.ascii	"\000\000\000\000\000\000\000\000"
 1194      00000000 
 1195 01da 21010000 		.ascii	"!\001\000\000"
 1196 01de 686F7374 		.ascii	"host_consumer_send\000"
 1196      5F636F6E 
 1196      73756D65 
 1196      725F7365 
 1196      6E6400
 1197 01f1 00       		.ascii	"\000"
 1198 01f2 02       		.ascii	"\002"
 1199 01f3 00       		.ascii	"\000"
 1200 01f4 00000000 		.ascii	"\000\000\000\000\000\000\000\000"
 1200      00000000 
 1201 01fc 25010000 		.ascii	"%\001\000\000"
 1202 0200 686F7374 		.ascii	"host_system_send\000"
 1202      5F737973 
 1202      74656D5F 
 1202      73656E64 
 1202      00
 1203 0211 00       		.ascii	"\000"
 1204 0212 02       		.ascii	"\002"
 1205 0213 00       		.ascii	"\000"
 1206 0214 00000000 		.ascii	"\000\000\000\000\000\000\000\000"
 1206      00000000 
 1207 021c 27010000 		.ascii	"'\001\000\000"
 1208 0220 6D6F7573 		.ascii	"mousekey_clear\000"
 1208      656B6579 
 1208      5F636C65 
 1208      617200
 1209 022f 00       		.ascii	"\000"
 1210 0230 02       		.ascii	"\002"
 1211 0231 00       		.ascii	"\000"
 1212 0232 00000000 		.ascii	"\000\000\000\000\000\000\000\000"
 1212      00000000 
 1213 023a 29010000 		.ascii	")\001\000\000"
 1214 023e 636C6561 		.ascii	"clear_keys_from_report\000"
 1214      725F6B65 
 1214      79735F66 
 1214      726F6D5F 
 1214      7265706F 
 1215 0255 00       		.ascii	"\000"
 1216 0256 02       		.ascii	"\002"
 1217 0257 00       		.ascii	"\000"
 1218 0258 00000000 		.ascii	"\000\000\000\000\000\000\000\000"
 1218      00000000 
 1219 0260 30010000 		.ascii	"0\001\000\000"
 1220 0264 636C6561 		.ascii	"clear_weak_mods\000"
 1220      725F7765 
 1220      616B5F6D 
 1220      6F647300 
 1221 0274 00       		.ascii	"\000"
 1222 0275 02       		.ascii	"\002"
 1223 0276 00       		.ascii	"\000"
 1224 0277 00000000 		.ascii	"\000\000\000\000\000\000\000\000"
 1224      00000000 
 1225 027f 32010000 		.ascii	"2\001\000\000"
 1226 0283 636C6561 		.ascii	"clear_mods\000"
 1226      725F6D6F 
 1226      647300
 1227 028e 00       		.ascii	"\000"
 1228 028f 02       		.ascii	"\002"
 1229 0290 00       		.ascii	"\000"
 1230 0291 00000000 		.ascii	"\000\000\000\000\000\000\000\000"
 1230      00000000 
 1231 0299 34010000 		.ascii	"4\001\000\000"
 1232              		.text
 1233              		.section	.gnu.lto_.ext_symtab.a1ae2132b0590a76,"e",%progbits
 1234 0000 01       		.ascii	"\001"
 1235 0001 01       		.ascii	"\001"
 1236 0002 00       		.ascii	"\000"
 1237 0003 01       		.ascii	"\001"
 1238 0004 00       		.ascii	"\000"
 1239 0005 01       		.ascii	"\001"
 1240 0006 00       		.ascii	"\000"
 1241 0007 01       		.ascii	"\001"
 1242 0008 00       		.ascii	"\000"
 1243 0009 01       		.ascii	"\001"
 1244 000a 00       		.ascii	"\000"
 1245 000b 01       		.ascii	"\001"
 1246 000c 00       		.ascii	"\000"
 1247 000d 01       		.ascii	"\001"
 1248 000e 00       		.ascii	"\000"
 1249 000f 01       		.ascii	"\001"
 1250 0010 00       		.ascii	"\000"
 1251 0011 02       		.ascii	"\002"
 1252 0012 01       		.ascii	"\001"
 1253 0013 01       		.ascii	"\001"
 1254 0014 00       		.ascii	"\000"
 1255 0015 01       		.ascii	"\001"
 1256 0016 00       		.ascii	"\000"
 1257 0017 01       		.ascii	"\001"
 1258 0018 00       		.ascii	"\000"
 1259 0019 01       		.ascii	"\001"
 1260 001a 00       		.ascii	"\000"
 1261 001b 01       		.ascii	"\001"
 1262 001c 00       		.ascii	"\000"
 1263 001d 01       		.ascii	"\001"
 1264 001e 00       		.ascii	"\000"
 1265 001f 01       		.ascii	"\001"
 1266 0020 00       		.ascii	"\000"
 1267 0021 01       		.ascii	"\001"
 1268 0022 00       		.ascii	"\000"
 1269 0023 01       		.ascii	"\001"
 1270 0024 00       		.ascii	"\000"
 1271 0025 01       		.ascii	"\001"
 1272 0026 00       		.ascii	"\000"
 1273 0027 01       		.ascii	"\001"
 1274 0028 00       		.ascii	"\000"
 1275              		.text
 1276              		.section	.gnu.lto_.opts,"e",%progbits
 1277 0000 272D666E 		.ascii	"'-fno-openmp' '-fno-openacc' '-fno-pie' '-fcf-prote"
 1277      6F2D6F70 
 1277      656E6D70 
 1277      2720272D 
 1277      666E6F2D 
 1278 0033 6374696F 		.ascii	"ction=none' '-g' '-mcpu=cortex-m4' '-mthumb' '-mno-"
 1278      6E3D6E6F 
 1278      6E652720 
 1278      272D6727 
 1278      20272D6D 
 1279 0066 7468756D 		.ascii	"thumb-interwork' '-mno-unaligned-access' '-mfloat-a"
 1279      622D696E 
 1279      74657277 
 1279      6F726B27 
 1279      20272D6D 
 1280 0099 62693D68 		.ascii	"bi=hard' '-mfpu=fpv4-sp-d16' '-mlibarch=armv7e-m+fp"
 1280      61726427 
 1280      20272D6D 
 1280      6670753D 
 1280      66707634 
 1281 00cc 2720272D 		.ascii	"' '-march=armv7e-m+fp' '-Os' '-Ofast' '-fsingle-pre"
 1281      6D617263 
 1281      683D6172 
 1281      6D763765 
 1281      2D6D2B66 
 1282 00ff 63697369 		.ascii	"cision-constant' '-fomit-frame-pointer' '-ffunction"
 1282      6F6E2D63 
 1282      6F6E7374 
 1282      616E7427 
 1282      20272D66 
 1283 0132 2D736563 		.ascii	"-sections' '-fdata-sections' '-fshort-wchar' '-fcom"
 1283      74696F6E 
 1283      73272027 
 1283      2D666461 
 1283      74612D73 
 1284 0165 6D6F6E27 		.ascii	"mon' '-flto' '-Xassembler' '-adhlns=.build/obj_karl"
 1284      20272D66 
 1284      6C746F27 
 1284      20272D58 
 1284      61737365 
 1285 0198 6B39305F 		.ascii	"k90_yaemk_moonlanderlike/common/chibios/suspend.lst"
 1285      7961656D 
 1285      6B5F6D6F 
 1285      6F6E6C61 
 1285      6E646572 
 1286 01cb 2700     		.ascii	"'\000"
 1287              		.text
 1288              		.comm	__gnu_lto_slim,1,1
 1289              		.ident	"GCC: (15:10.3-2021.07-4) 10.3.1 20210621 (release)"
DEFINED SYMBOLS
                            *ABS*:0000000000000000 suspend.c
     /tmp/ccmiNhQ0.s:21     .gnu.debuglto_.debug_info:0000000000000000 suspend.c.86a662df
                            *COM*:0000000000000001 __gnu_lto_slim

NO UNDEFINED SYMBOLS
