   1              		.cpu cortex-m4
   2              		.eabi_attribute 27, 1
   3              		.eabi_attribute 28, 1
   4              		.eabi_attribute 23, 1
   5              		.eabi_attribute 24, 1
   6              		.eabi_attribute 25, 1
   7              		.eabi_attribute 26, 1
   8              		.eabi_attribute 30, 2
   9              		.eabi_attribute 34, 0
  10              		.eabi_attribute 18, 2
  11              		.file	"timer.c"
  12              		.file 1 "/usr/lib/gcc/arm-none-eabi/10.3.1/include/stdint.h"
  13              		.file 2 "./lib/chibios/os/rt/include/chtime.h"
  14              		.file 3 "tmk_core/common/chibios/timer.c"
  15              		.file 4 "./lib/chibios/os/rt/include/chvt.h"
  16              		.file 5 "./lib/chibios/os/common/ports/ARMCMx/chcore_timer.h"
  17              		.file 6 "./lib/chibios/os/rt/include/chsys.h"
  18              		.file 7 "./lib/chibios/os/common/ports/ARMCMx/chcore_v7m.h"
  19              		.file 8 "./lib/chibios/os/common/ext/ARM/CMSIS/Core/Include/cmsis_gcc.h"
  20              		.section	.gnu.debuglto_.debug_info,"e",%progbits
  21              	.Ldebug_info0:
  22              		.hidden	timer.c.e97d8982
  23              		.weak	timer.c.e97d8982
  24              	timer.c.e97d8982:
  25 0000 EA010000 		.4byte	0x1ea
  26 0004 0400     		.2byte	0x4
  27 0006 00000000 		.4byte	.Ldebug_abbrev0
  28 000a 04       		.byte	0x4
  29 000b 01       		.uleb128 0x1
  30 000c 68010000 		.4byte	.LASF33
  31 0010 0C       		.byte	0xc
  32 0011 D0020000 		.4byte	.LASF34
  33 0015 B9000000 		.4byte	.LASF35
  34 0019 00000000 		.4byte	.Ldebug_line0
  35 001d 02       		.uleb128 0x2
  36 001e 04       		.byte	0x4
  37 001f 05       		.byte	0x5
  38 0020 696E7400 		.ascii	"int\000"
  39 0024 03       		.uleb128 0x3
  40 0025 04       		.byte	0x4
  41 0026 07       		.byte	0x7
  42 0027 1F010000 		.4byte	.LASF0
  43 002b 03       		.uleb128 0x3
  44 002c 02       		.byte	0x2
  45 002d 07       		.byte	0x7
  46 002e 96000000 		.4byte	.LASF1
  47 0032 03       		.uleb128 0x3
  48 0033 01       		.byte	0x1
  49 0034 06       		.byte	0x6
  50 0035 26030000 		.4byte	.LASF2
  51 0039 03       		.uleb128 0x3
  52 003a 02       		.byte	0x2
  53 003b 05       		.byte	0x5
  54 003c C6020000 		.4byte	.LASF3
  55 0040 03       		.uleb128 0x3
  56 0041 04       		.byte	0x4
  57 0042 05       		.byte	0x5
  58 0043 1D030000 		.4byte	.LASF4
  59 0047 03       		.uleb128 0x3
  60 0048 08       		.byte	0x8
  61 0049 05       		.byte	0x5
  62 004a 91020000 		.4byte	.LASF5
  63 004e 04       		.uleb128 0x4
  64 004f 45010000 		.4byte	.LASF7
  65 0053 01       		.byte	0x1
  66 0054 2E       		.byte	0x2e
  67 0055 18       		.byte	0x18
  68 0056 5A000000 		.4byte	0x5a
  69 005a 03       		.uleb128 0x3
  70 005b 01       		.byte	0x1
  71 005c 08       		.byte	0x8
  72 005d 11010000 		.4byte	.LASF6
  73 0061 04       		.uleb128 0x4
  74 0062 FE020000 		.4byte	.LASF8
  75 0066 01       		.byte	0x1
  76 0067 31       		.byte	0x31
  77 0068 19       		.byte	0x19
  78 0069 2B000000 		.4byte	0x2b
  79 006d 04       		.uleb128 0x4
  80 006e 14030000 		.4byte	.LASF9
  81 0072 01       		.byte	0x1
  82 0073 34       		.byte	0x34
  83 0074 19       		.byte	0x19
  84 0075 79000000 		.4byte	0x79
  85 0079 03       		.uleb128 0x3
  86 007a 04       		.byte	0x4
  87 007b 07       		.byte	0x7
  88 007c 84000000 		.4byte	.LASF10
  89 0080 04       		.uleb128 0x4
  90 0081 22000000 		.4byte	.LASF11
  91 0085 01       		.byte	0x1
  92 0086 37       		.byte	0x37
  93 0087 19       		.byte	0x19
  94 0088 8C000000 		.4byte	0x8c
  95 008c 03       		.uleb128 0x3
  96 008d 08       		.byte	0x8
  97 008e 07       		.byte	0x7
  98 008f 49000000 		.4byte	.LASF12
  99 0093 04       		.uleb128 0x4
 100 0094 0C000000 		.4byte	.LASF13
 101 0098 02       		.byte	0x2
 102 0099 6F       		.byte	0x6f
 103 009a 12       		.byte	0x12
 104 009b 61000000 		.4byte	0x61
 105 009f 04       		.uleb128 0x4
 106 00a0 AF020000 		.4byte	.LASF14
 107 00a4 02       		.byte	0x2
 108 00a5 89       		.byte	0x89
 109 00a6 12       		.byte	0x12
 110 00a7 6D000000 		.4byte	0x6d
 111 00ab 04       		.uleb128 0x4
 112 00ac 16000000 		.4byte	.LASF15
 113 00b0 02       		.byte	0x2
 114 00b1 96       		.byte	0x96
 115 00b2 12       		.byte	0x12
 116 00b3 80000000 		.4byte	0x80
 117 00b7 03       		.uleb128 0x3
 118 00b8 01       		.byte	0x1
 119 00b9 08       		.byte	0x8
 120 00ba 9F020000 		.4byte	.LASF16
 121 00be 05       		.uleb128 0x5
 122 00bf B7000000 		.4byte	0xb7
 123 00c3 06       		.uleb128 0x6
 124 00c4 00000000 		.4byte	.LASF17
 125 00c8 03       		.byte	0x3
 126 00c9 05       		.byte	0x5
 127 00ca 11       		.byte	0x11
 128 00cb 6D000000 		.4byte	0x6d
 129 00cf 06       		.uleb128 0x6
 130 00d0 07030000 		.4byte	.LASF18
 131 00d4 03       		.byte	0x3
 132 00d5 07       		.byte	0x7
 133 00d6 11       		.byte	0x11
 134 00d7 6D000000 		.4byte	0x6d
 135 00db 06       		.uleb128 0x6
 136 00dc 37000000 		.4byte	.LASF19
 137 00e0 03       		.byte	0x3
 138 00e1 08       		.byte	0x8
 139 00e2 11       		.byte	0x11
 140 00e3 6D000000 		.4byte	0x6d
 141 00e7 07       		.uleb128 0x7
 142 00e8 A9000000 		.4byte	.LASF20
 143 00ec 03       		.byte	0x3
 144 00ed 2F       		.byte	0x2f
 145 00ee 0A       		.byte	0xa
 146 00ef 6D000000 		.4byte	0x6d
 147 00f3 04010000 		.4byte	0x104
 148 00f7 08       		.uleb128 0x8
 149 00f8 40010000 		.4byte	.LASF22
 150 00fc 03       		.byte	0x3
 151 00fd 2F       		.byte	0x2f
 152 00fe 23       		.byte	0x23
 153 00ff 6D000000 		.4byte	0x6d
 154 0103 00       		.byte	0
 155 0104 07       		.uleb128 0x7
 156 0105 F0020000 		.4byte	.LASF21
 157 0109 03       		.byte	0x3
 158 010a 2D       		.byte	0x2d
 159 010b 0A       		.byte	0xa
 160 010c 61000000 		.4byte	0x61
 161 0110 21010000 		.4byte	0x121
 162 0114 08       		.uleb128 0x8
 163 0115 40010000 		.4byte	.LASF22
 164 0119 03       		.byte	0x3
 165 011a 2D       		.byte	0x2d
 166 011b 21       		.byte	0x21
 167 011c 61000000 		.4byte	0x61
 168 0120 00       		.byte	0
 169 0121 07       		.uleb128 0x7
 170 0122 6B000000 		.4byte	.LASF23
 171 0126 03       		.byte	0x3
 172 0127 17       		.byte	0x17
 173 0128 0A       		.byte	0xa
 174 0129 6D000000 		.4byte	0x6d
 175 012d 3E010000 		.4byte	0x13e
 176 0131 06       		.uleb128 0x6
 177 0132 32030000 		.4byte	.LASF24
 178 0136 03       		.byte	0x3
 179 0137 18       		.byte	0x18
 180 0138 0E       		.byte	0xe
 181 0139 6D000000 		.4byte	0x6d
 182 013d 00       		.byte	0
 183 013e 09       		.uleb128 0x9
 184 013f A4020000 		.4byte	.LASF36
 185 0143 03       		.byte	0x3
 186 0144 15       		.byte	0x15
 187 0145 0A       		.byte	0xa
 188 0146 61000000 		.4byte	0x61
 189 014a 0A       		.uleb128 0xa
 190 014b 78000000 		.4byte	.LASF25
 191 014f 03       		.byte	0x3
 192 0150 0D       		.byte	0xd
 193 0151 06       		.byte	0x6
 194 0152 0A       		.uleb128 0xa
 195 0153 60000000 		.4byte	.LASF26
 196 0157 03       		.byte	0x3
 197 0158 0B       		.byte	0xb
 198 0159 06       		.byte	0x6
 199 015a 0B       		.uleb128 0xb
 200 015b E7000000 		.4byte	.LASF37
 201 015f 04       		.byte	0x4
 202 0160 87       		.byte	0x87
 203 0161 19       		.byte	0x19
 204 0162 93000000 		.4byte	0x93
 205 0166 77010000 		.4byte	0x177
 206 016a 06       		.uleb128 0x6
 207 016b 32030000 		.4byte	.LASF24
 208 016f 04       		.byte	0x4
 209 0170 88       		.byte	0x88
 210 0171 0D       		.byte	0xd
 211 0172 93000000 		.4byte	0x93
 212 0176 00       		.byte	0
 213 0177 0C       		.uleb128 0xc
 214 0178 4D010000 		.4byte	.LASF27
 215 017c 04       		.byte	0x4
 216 017d 74       		.byte	0x74
 217 017e 19       		.byte	0x19
 218 017f 93000000 		.4byte	0x93
 219 0183 0D       		.uleb128 0xd
 220 0184 3A030000 		.4byte	.LASF38
 221 0188 06       		.byte	0x6
 222 0189 6F01     		.2byte	0x16f
 223 018b 14       		.byte	0x14
 224 018c 9A010000 		.4byte	0x19a
 225 0190 0E       		.uleb128 0xe
 226 0191 40000000 		.4byte	.LASF39
 227 0195 AA010000 		.4byte	0x1aa
 228 0199 00       		.byte	0
 229 019a 0F       		.uleb128 0xf
 230 019b BE000000 		.4byte	0xbe
 231 019f AA010000 		.4byte	0x1aa
 232 01a3 10       		.uleb128 0x10
 233 01a4 24000000 		.4byte	0x24
 234 01a8 0B       		.byte	0xb
 235 01a9 00       		.byte	0
 236 01aa 05       		.uleb128 0x5
 237 01ab 9A010000 		.4byte	0x19a
 238 01af 11       		.uleb128 0x11
 239 01b0 BC020000 		.4byte	.LASF29
 240 01b4 06       		.byte	0x6
 241 01b5 6301     		.2byte	0x163
 242 01b7 14       		.byte	0x14
 243 01b8 0C       		.uleb128 0xc
 244 01b9 2C010000 		.4byte	.LASF28
 245 01bd 05       		.byte	0x5
 246 01be 72       		.byte	0x72
 247 01bf 19       		.byte	0x19
 248 01c0 93000000 		.4byte	0x93
 249 01c4 11       		.uleb128 0x11
 250 01c5 2B000000 		.4byte	.LASF30
 251 01c9 07       		.byte	0x7
 252 01ca B502     		.2byte	0x2b5
 253 01cc 1B       		.byte	0x1b
 254 01cd 11       		.uleb128 0x11
 255 01ce 07010000 		.4byte	.LASF31
 256 01d2 07       		.byte	0x7
 257 01d3 9D02     		.2byte	0x29d
 258 01d5 1B       		.byte	0x1b
 259 01d6 12       		.uleb128 0x12
 260 01d7 F9000000 		.4byte	.LASF40
 261 01db 08       		.byte	0x8
 262 01dc EB01     		.2byte	0x1eb
 263 01de 1B       		.byte	0x1b
 264 01df 13       		.uleb128 0x13
 265 01e0 60010000 		.4byte	.LASF32
 266 01e4 08       		.byte	0x8
 267 01e5 EB01     		.2byte	0x1eb
 268 01e7 32       		.byte	0x32
 269 01e8 6D000000 		.4byte	0x6d
 270 01ec 00       		.byte	0
 271 01ed 00       		.byte	0
 272              		.section	.gnu.debuglto_.debug_abbrev,"e",%progbits
 273              	.Ldebug_abbrev0:
 274 0000 01       		.uleb128 0x1
 275 0001 11       		.uleb128 0x11
 276 0002 01       		.byte	0x1
 277 0003 25       		.uleb128 0x25
 278 0004 0E       		.uleb128 0xe
 279 0005 13       		.uleb128 0x13
 280 0006 0B       		.uleb128 0xb
 281 0007 03       		.uleb128 0x3
 282 0008 0E       		.uleb128 0xe
 283 0009 1B       		.uleb128 0x1b
 284 000a 0E       		.uleb128 0xe
 285 000b 10       		.uleb128 0x10
 286 000c 17       		.uleb128 0x17
 287 000d 00       		.byte	0
 288 000e 00       		.byte	0
 289 000f 02       		.uleb128 0x2
 290 0010 24       		.uleb128 0x24
 291 0011 00       		.byte	0
 292 0012 0B       		.uleb128 0xb
 293 0013 0B       		.uleb128 0xb
 294 0014 3E       		.uleb128 0x3e
 295 0015 0B       		.uleb128 0xb
 296 0016 03       		.uleb128 0x3
 297 0017 08       		.uleb128 0x8
 298 0018 00       		.byte	0
 299 0019 00       		.byte	0
 300 001a 03       		.uleb128 0x3
 301 001b 24       		.uleb128 0x24
 302 001c 00       		.byte	0
 303 001d 0B       		.uleb128 0xb
 304 001e 0B       		.uleb128 0xb
 305 001f 3E       		.uleb128 0x3e
 306 0020 0B       		.uleb128 0xb
 307 0021 03       		.uleb128 0x3
 308 0022 0E       		.uleb128 0xe
 309 0023 00       		.byte	0
 310 0024 00       		.byte	0
 311 0025 04       		.uleb128 0x4
 312 0026 16       		.uleb128 0x16
 313 0027 00       		.byte	0
 314 0028 03       		.uleb128 0x3
 315 0029 0E       		.uleb128 0xe
 316 002a 3A       		.uleb128 0x3a
 317 002b 0B       		.uleb128 0xb
 318 002c 3B       		.uleb128 0x3b
 319 002d 0B       		.uleb128 0xb
 320 002e 39       		.uleb128 0x39
 321 002f 0B       		.uleb128 0xb
 322 0030 49       		.uleb128 0x49
 323 0031 13       		.uleb128 0x13
 324 0032 00       		.byte	0
 325 0033 00       		.byte	0
 326 0034 05       		.uleb128 0x5
 327 0035 26       		.uleb128 0x26
 328 0036 00       		.byte	0
 329 0037 49       		.uleb128 0x49
 330 0038 13       		.uleb128 0x13
 331 0039 00       		.byte	0
 332 003a 00       		.byte	0
 333 003b 06       		.uleb128 0x6
 334 003c 34       		.uleb128 0x34
 335 003d 00       		.byte	0
 336 003e 03       		.uleb128 0x3
 337 003f 0E       		.uleb128 0xe
 338 0040 3A       		.uleb128 0x3a
 339 0041 0B       		.uleb128 0xb
 340 0042 3B       		.uleb128 0x3b
 341 0043 0B       		.uleb128 0xb
 342 0044 39       		.uleb128 0x39
 343 0045 0B       		.uleb128 0xb
 344 0046 49       		.uleb128 0x49
 345 0047 13       		.uleb128 0x13
 346 0048 00       		.byte	0
 347 0049 00       		.byte	0
 348 004a 07       		.uleb128 0x7
 349 004b 2E       		.uleb128 0x2e
 350 004c 01       		.byte	0x1
 351 004d 3F       		.uleb128 0x3f
 352 004e 19       		.uleb128 0x19
 353 004f 03       		.uleb128 0x3
 354 0050 0E       		.uleb128 0xe
 355 0051 3A       		.uleb128 0x3a
 356 0052 0B       		.uleb128 0xb
 357 0053 3B       		.uleb128 0x3b
 358 0054 0B       		.uleb128 0xb
 359 0055 39       		.uleb128 0x39
 360 0056 0B       		.uleb128 0xb
 361 0057 27       		.uleb128 0x27
 362 0058 19       		.uleb128 0x19
 363 0059 49       		.uleb128 0x49
 364 005a 13       		.uleb128 0x13
 365 005b 01       		.uleb128 0x1
 366 005c 13       		.uleb128 0x13
 367 005d 00       		.byte	0
 368 005e 00       		.byte	0
 369 005f 08       		.uleb128 0x8
 370 0060 05       		.uleb128 0x5
 371 0061 00       		.byte	0
 372 0062 03       		.uleb128 0x3
 373 0063 0E       		.uleb128 0xe
 374 0064 3A       		.uleb128 0x3a
 375 0065 0B       		.uleb128 0xb
 376 0066 3B       		.uleb128 0x3b
 377 0067 0B       		.uleb128 0xb
 378 0068 39       		.uleb128 0x39
 379 0069 0B       		.uleb128 0xb
 380 006a 49       		.uleb128 0x49
 381 006b 13       		.uleb128 0x13
 382 006c 00       		.byte	0
 383 006d 00       		.byte	0
 384 006e 09       		.uleb128 0x9
 385 006f 2E       		.uleb128 0x2e
 386 0070 00       		.byte	0
 387 0071 3F       		.uleb128 0x3f
 388 0072 19       		.uleb128 0x19
 389 0073 03       		.uleb128 0x3
 390 0074 0E       		.uleb128 0xe
 391 0075 3A       		.uleb128 0x3a
 392 0076 0B       		.uleb128 0xb
 393 0077 3B       		.uleb128 0x3b
 394 0078 0B       		.uleb128 0xb
 395 0079 39       		.uleb128 0x39
 396 007a 0B       		.uleb128 0xb
 397 007b 27       		.uleb128 0x27
 398 007c 19       		.uleb128 0x19
 399 007d 49       		.uleb128 0x49
 400 007e 13       		.uleb128 0x13
 401 007f 00       		.byte	0
 402 0080 00       		.byte	0
 403 0081 0A       		.uleb128 0xa
 404 0082 2E       		.uleb128 0x2e
 405 0083 00       		.byte	0
 406 0084 3F       		.uleb128 0x3f
 407 0085 19       		.uleb128 0x19
 408 0086 03       		.uleb128 0x3
 409 0087 0E       		.uleb128 0xe
 410 0088 3A       		.uleb128 0x3a
 411 0089 0B       		.uleb128 0xb
 412 008a 3B       		.uleb128 0x3b
 413 008b 0B       		.uleb128 0xb
 414 008c 39       		.uleb128 0x39
 415 008d 0B       		.uleb128 0xb
 416 008e 27       		.uleb128 0x27
 417 008f 19       		.uleb128 0x19
 418 0090 00       		.byte	0
 419 0091 00       		.byte	0
 420 0092 0B       		.uleb128 0xb
 421 0093 2E       		.uleb128 0x2e
 422 0094 01       		.byte	0x1
 423 0095 03       		.uleb128 0x3
 424 0096 0E       		.uleb128 0xe
 425 0097 3A       		.uleb128 0x3a
 426 0098 0B       		.uleb128 0xb
 427 0099 3B       		.uleb128 0x3b
 428 009a 0B       		.uleb128 0xb
 429 009b 39       		.uleb128 0x39
 430 009c 0B       		.uleb128 0xb
 431 009d 27       		.uleb128 0x27
 432 009e 19       		.uleb128 0x19
 433 009f 49       		.uleb128 0x49
 434 00a0 13       		.uleb128 0x13
 435 00a1 01       		.uleb128 0x1
 436 00a2 13       		.uleb128 0x13
 437 00a3 00       		.byte	0
 438 00a4 00       		.byte	0
 439 00a5 0C       		.uleb128 0xc
 440 00a6 2E       		.uleb128 0x2e
 441 00a7 00       		.byte	0
 442 00a8 03       		.uleb128 0x3
 443 00a9 0E       		.uleb128 0xe
 444 00aa 3A       		.uleb128 0x3a
 445 00ab 0B       		.uleb128 0xb
 446 00ac 3B       		.uleb128 0x3b
 447 00ad 0B       		.uleb128 0xb
 448 00ae 39       		.uleb128 0x39
 449 00af 0B       		.uleb128 0xb
 450 00b0 27       		.uleb128 0x27
 451 00b1 19       		.uleb128 0x19
 452 00b2 49       		.uleb128 0x49
 453 00b3 13       		.uleb128 0x13
 454 00b4 00       		.byte	0
 455 00b5 00       		.byte	0
 456 00b6 0D       		.uleb128 0xd
 457 00b7 2E       		.uleb128 0x2e
 458 00b8 01       		.byte	0x1
 459 00b9 03       		.uleb128 0x3
 460 00ba 0E       		.uleb128 0xe
 461 00bb 3A       		.uleb128 0x3a
 462 00bc 0B       		.uleb128 0xb
 463 00bd 3B       		.uleb128 0x3b
 464 00be 05       		.uleb128 0x5
 465 00bf 39       		.uleb128 0x39
 466 00c0 0B       		.uleb128 0xb
 467 00c1 27       		.uleb128 0x27
 468 00c2 19       		.uleb128 0x19
 469 00c3 01       		.uleb128 0x1
 470 00c4 13       		.uleb128 0x13
 471 00c5 00       		.byte	0
 472 00c6 00       		.byte	0
 473 00c7 0E       		.uleb128 0xe
 474 00c8 34       		.uleb128 0x34
 475 00c9 00       		.byte	0
 476 00ca 03       		.uleb128 0x3
 477 00cb 0E       		.uleb128 0xe
 478 00cc 49       		.uleb128 0x49
 479 00cd 13       		.uleb128 0x13
 480 00ce 34       		.uleb128 0x34
 481 00cf 19       		.uleb128 0x19
 482 00d0 00       		.byte	0
 483 00d1 00       		.byte	0
 484 00d2 0F       		.uleb128 0xf
 485 00d3 01       		.uleb128 0x1
 486 00d4 01       		.byte	0x1
 487 00d5 49       		.uleb128 0x49
 488 00d6 13       		.uleb128 0x13
 489 00d7 01       		.uleb128 0x1
 490 00d8 13       		.uleb128 0x13
 491 00d9 00       		.byte	0
 492 00da 00       		.byte	0
 493 00db 10       		.uleb128 0x10
 494 00dc 21       		.uleb128 0x21
 495 00dd 00       		.byte	0
 496 00de 49       		.uleb128 0x49
 497 00df 13       		.uleb128 0x13
 498 00e0 2F       		.uleb128 0x2f
 499 00e1 0B       		.uleb128 0xb
 500 00e2 00       		.byte	0
 501 00e3 00       		.byte	0
 502 00e4 11       		.uleb128 0x11
 503 00e5 2E       		.uleb128 0x2e
 504 00e6 00       		.byte	0
 505 00e7 03       		.uleb128 0x3
 506 00e8 0E       		.uleb128 0xe
 507 00e9 3A       		.uleb128 0x3a
 508 00ea 0B       		.uleb128 0xb
 509 00eb 3B       		.uleb128 0x3b
 510 00ec 05       		.uleb128 0x5
 511 00ed 39       		.uleb128 0x39
 512 00ee 0B       		.uleb128 0xb
 513 00ef 27       		.uleb128 0x27
 514 00f0 19       		.uleb128 0x19
 515 00f1 00       		.byte	0
 516 00f2 00       		.byte	0
 517 00f3 12       		.uleb128 0x12
 518 00f4 2E       		.uleb128 0x2e
 519 00f5 01       		.byte	0x1
 520 00f6 03       		.uleb128 0x3
 521 00f7 0E       		.uleb128 0xe
 522 00f8 3A       		.uleb128 0x3a
 523 00f9 0B       		.uleb128 0xb
 524 00fa 3B       		.uleb128 0x3b
 525 00fb 05       		.uleb128 0x5
 526 00fc 39       		.uleb128 0x39
 527 00fd 0B       		.uleb128 0xb
 528 00fe 27       		.uleb128 0x27
 529 00ff 19       		.uleb128 0x19
 530 0100 00       		.byte	0
 531 0101 00       		.byte	0
 532 0102 13       		.uleb128 0x13
 533 0103 05       		.uleb128 0x5
 534 0104 00       		.byte	0
 535 0105 03       		.uleb128 0x3
 536 0106 0E       		.uleb128 0xe
 537 0107 3A       		.uleb128 0x3a
 538 0108 0B       		.uleb128 0xb
 539 0109 3B       		.uleb128 0x3b
 540 010a 05       		.uleb128 0x5
 541 010b 39       		.uleb128 0x39
 542 010c 0B       		.uleb128 0xb
 543 010d 49       		.uleb128 0x49
 544 010e 13       		.uleb128 0x13
 545 010f 00       		.byte	0
 546 0110 00       		.byte	0
 547 0111 00       		.byte	0
 548              		.section	.gnu.debuglto_.debug_line,"e",%progbits
 549              	.Ldebug_line0:
 550 0000 33010000 		.4byte	.LELT0-.LSLT0
 551              	.LSLT0:
 552 0004 0400     		.2byte	0x4
 553 0006 2D010000 		.4byte	.LELTP0-.LASLTP0
 554              	.LASLTP0:
 555 000a 01       		.byte	0x1
 556 000b 01       		.byte	0x1
 557 000c 01       		.byte	0x1
 558 000d F6       		.byte	0xf6
 559 000e F2       		.byte	0xf2
 560 000f 0D       		.byte	0xd
 561 0010 00       		.byte	0
 562 0011 01       		.byte	0x1
 563 0012 01       		.byte	0x1
 564 0013 01       		.byte	0x1
 565 0014 01       		.byte	0x1
 566 0015 00       		.byte	0
 567 0016 00       		.byte	0
 568 0017 00       		.byte	0
 569 0018 01       		.byte	0x1
 570 0019 00       		.byte	0
 571 001a 00       		.byte	0
 572 001b 01       		.byte	0x1
 573 001c 6C69622F 		.ascii	"lib/chibios/os/common/ext/ARM/CMSIS/Core/Include"
 573      63686962 
 573      696F732F 
 573      6F732F63 
 573      6F6D6D6F 
 574 004c 00       		.byte	0
 575 004d 6C69622F 		.ascii	"lib/chibios/os/common/ports/ARMCMx"
 575      63686962 
 575      696F732F 
 575      6F732F63 
 575      6F6D6D6F 
 576 006f 00       		.byte	0
 577 0070 6C69622F 		.ascii	"lib/chibios/os/rt/include"
 577      63686962 
 577      696F732F 
 577      6F732F72 
 577      742F696E 
 578 0089 00       		.byte	0
 579 008a 746D6B5F 		.ascii	"tmk_core/common/chibios"
 579      636F7265 
 579      2F636F6D 
 579      6D6F6E2F 
 579      63686962 
 580 00a1 00       		.byte	0
 581 00a2 2F757372 		.ascii	"/usr/lib/gcc/arm-none-eabi/10.3.1/include"
 581      2F6C6962 
 581      2F676363 
 581      2F61726D 
 581      2D6E6F6E 
 582 00cb 00       		.byte	0
 583 00cc 00       		.byte	0
 584 00cd 73746469 		.ascii	"stdint.h\000"
 584      6E742E68 
 584      00
 585 00d6 05       		.uleb128 0x5
 586 00d7 00       		.uleb128 0
 587 00d8 00       		.uleb128 0
 588 00d9 63687469 		.ascii	"chtime.h\000"
 588      6D652E68 
 588      00
 589 00e2 03       		.uleb128 0x3
 590 00e3 00       		.uleb128 0
 591 00e4 00       		.uleb128 0
 592 00e5 74696D65 		.ascii	"timer.c\000"
 592      722E6300 
 593 00ed 04       		.uleb128 0x4
 594 00ee 00       		.uleb128 0
 595 00ef 00       		.uleb128 0
 596 00f0 63687674 		.ascii	"chvt.h\000"
 596      2E6800
 597 00f7 03       		.uleb128 0x3
 598 00f8 00       		.uleb128 0
 599 00f9 00       		.uleb128 0
 600 00fa 6368636F 		.ascii	"chcore_timer.h\000"
 600      72655F74 
 600      696D6572 
 600      2E6800
 601 0109 02       		.uleb128 0x2
 602 010a 00       		.uleb128 0
 603 010b 00       		.uleb128 0
 604 010c 63687379 		.ascii	"chsys.h\000"
 604      732E6800 
 605 0114 03       		.uleb128 0x3
 606 0115 00       		.uleb128 0
 607 0116 00       		.uleb128 0
 608 0117 6368636F 		.ascii	"chcore_v7m.h\000"
 608      72655F76 
 608      376D2E68 
 608      00
 609 0124 02       		.uleb128 0x2
 610 0125 00       		.uleb128 0
 611 0126 00       		.uleb128 0
 612 0127 636D7369 		.ascii	"cmsis_gcc.h\000"
 612      735F6763 
 612      632E6800 
 613 0133 01       		.uleb128 0x1
 614 0134 00       		.uleb128 0
 615 0135 00       		.uleb128 0
 616 0136 00       		.byte	0
 617              	.LELTP0:
 618              	.LELT0:
 619              		.section	.gnu.debuglto_.debug_str,"eMS",%progbits,1
 620              	.LASF17:
 621 0000 72657365 		.ascii	"reset_point\000"
 621      745F706F 
 621      696E7400 
 622              	.LASF13:
 623 000c 73797374 		.ascii	"systime_t\000"
 623      696D655F 
 623      7400
 624              	.LASF15:
 625 0016 74696D65 		.ascii	"time_conv_t\000"
 625      5F636F6E 
 625      765F7400 
 626              	.LASF11:
 627 0022 75696E74 		.ascii	"uint64_t\000"
 627      36345F74 
 627      00
 628              	.LASF30:
 629 002b 706F7274 		.ascii	"port_unlock\000"
 629      5F756E6C 
 629      6F636B00 
 630              	.LASF19:
 631 0037 6F766572 		.ascii	"overflow\000"
 631      666C6F77 
 631      00
 632              	.LASF39:
 633 0040 5F5F6675 		.ascii	"__func__\000"
 633      6E635F5F 
 633      00
 634              	.LASF12:
 635 0049 6C6F6E67 		.ascii	"long long unsigned int\000"
 635      206C6F6E 
 635      6720756E 
 635      7369676E 
 635      65642069 
 636              	.LASF26:
 637 0060 74696D65 		.ascii	"timer_init\000"
 637      725F696E 
 637      697400
 638              	.LASF23:
 639 006b 74696D65 		.ascii	"timer_read32\000"
 639      725F7265 
 639      61643332 
 639      00
 640              	.LASF25:
 641 0078 74696D65 		.ascii	"timer_clear\000"
 641      725F636C 
 641      65617200 
 642              	.LASF10:
 643 0084 6C6F6E67 		.ascii	"long unsigned int\000"
 643      20756E73 
 643      69676E65 
 643      6420696E 
 643      7400
 644              	.LASF1:
 645 0096 73686F72 		.ascii	"short unsigned int\000"
 645      7420756E 
 645      7369676E 
 645      65642069 
 645      6E7400
 646              	.LASF20:
 647 00a9 74696D65 		.ascii	"timer_elapsed32\000"
 647      725F656C 
 647      61707365 
 647      64333200 
 648              	.LASF35:
 649 00b9 2F686F6D 		.ascii	"/home/jstewart/source/yaemk-split-kb/Firmware\000"
 649      652F6A73 
 649      74657761 
 649      72742F73 
 649      6F757263 
 650              	.LASF37:
 651 00e7 63685654 		.ascii	"chVTGetSystemTime\000"
 651      47657453 
 651      79737465 
 651      6D54696D 
 651      6500
 652              	.LASF40:
 653 00f9 5F5F7365 		.ascii	"__set_BASEPRI\000"
 653      745F4241 
 653      53455052 
 653      4900
 654              	.LASF31:
 655 0107 706F7274 		.ascii	"port_lock\000"
 655      5F6C6F63 
 655      6B00
 656              	.LASF6:
 657 0111 756E7369 		.ascii	"unsigned char\000"
 657      676E6564 
 657      20636861 
 657      7200
 658              	.LASF0:
 659 011f 756E7369 		.ascii	"unsigned int\000"
 659      676E6564 
 659      20696E74 
 659      00
 660              	.LASF28:
 661 012c 706F7274 		.ascii	"port_timer_get_time\000"
 661      5F74696D 
 661      65725F67 
 661      65745F74 
 661      696D6500 
 662              	.LASF22:
 663 0140 6C617374 		.ascii	"last\000"
 663      00
 664              	.LASF7:
 665 0145 75696E74 		.ascii	"uint8_t\000"
 665      385F7400 
 666              	.LASF27:
 667 014d 63685654 		.ascii	"chVTGetSystemTimeX\000"
 667      47657453 
 667      79737465 
 667      6D54696D 
 667      655800
 668              	.LASF32:
 669 0160 62617365 		.ascii	"basePri\000"
 669      50726900 
 670              	.LASF33:
 671 0168 474E5520 		.ascii	"GNU C99 10.3.1 20210621 (release) -mcpu=cortex-m4 -"
 671      43393920 
 671      31302E33 
 671      2E312032 
 671      30323130 
 672 019b 6D746875 		.ascii	"mthumb -mno-thumb-interwork -mno-unaligned-access -"
 672      6D62202D 
 672      6D6E6F2D 
 672      7468756D 
 672      622D696E 
 673 01ce 6D666C6F 		.ascii	"mfloat-abi=hard -mfpu=fpv4-sp-d16 -march=armv7e-m+f"
 673      61742D61 
 673      62693D68 
 673      61726420 
 673      2D6D6670 
 674 0201 70202D67 		.ascii	"p -ggdb -Os -Ofast -std=gnu99 -fsingle-precision-co"
 674      67646220 
 674      2D4F7320 
 674      2D4F6661 
 674      7374202D 
 675 0234 6E737461 		.ascii	"nstant -fomit-frame-pointer -ffunction-sections -fd"
 675      6E74202D 
 675      666F6D69 
 675      742D6672 
 675      616D652D 
 676 0267 6174612D 		.ascii	"ata-sections -fshort-wchar -fcommon -flto\000"
 676      73656374 
 676      696F6E73 
 676      202D6673 
 676      686F7274 
 677              	.LASF5:
 678 0291 6C6F6E67 		.ascii	"long long int\000"
 678      206C6F6E 
 678      6720696E 
 678      7400
 679              	.LASF16:
 680 029f 63686172 		.ascii	"char\000"
 680      00
 681              	.LASF36:
 682 02a4 74696D65 		.ascii	"timer_read\000"
 682      725F7265 
 682      616400
 683              	.LASF14:
 684 02af 74696D65 		.ascii	"time_msecs_t\000"
 684      5F6D7365 
 684      63735F74 
 684      00
 685              	.LASF29:
 686 02bc 63685379 		.ascii	"chSysLock\000"
 686      734C6F63 
 686      6B00
 687              	.LASF3:
 688 02c6 73686F72 		.ascii	"short int\000"
 688      7420696E 
 688      7400
 689              	.LASF34:
 690 02d0 746D6B5F 		.ascii	"tmk_core/common/chibios/timer.c\000"
 690      636F7265 
 690      2F636F6D 
 690      6D6F6E2F 
 690      63686962 
 691              	.LASF21:
 692 02f0 74696D65 		.ascii	"timer_elapsed\000"
 692      725F656C 
 692      61707365 
 692      6400
 693              	.LASF8:
 694 02fe 75696E74 		.ascii	"uint16_t\000"
 694      31365F74 
 694      00
 695              	.LASF18:
 696 0307 6C617374 		.ascii	"last_systime\000"
 696      5F737973 
 696      74696D65 
 696      00
 697              	.LASF9:
 698 0314 75696E74 		.ascii	"uint32_t\000"
 698      33325F74 
 698      00
 699              	.LASF4:
 700 031d 6C6F6E67 		.ascii	"long int\000"
 700      20696E74 
 700      00
 701              	.LASF2:
 702 0326 7369676E 		.ascii	"signed char\000"
 702      65642063 
 702      68617200 
 703              	.LASF24:
 704 0332 73797374 		.ascii	"systime\000"
 704      696D6500 
 705              	.LASF38:
 706 033a 63685379 		.ascii	"chSysUnlock\000"
 706      73556E6C 
 706      6F636B00 
 707              		.text
 708              		.section	.gnu.lto_.profile.f5f8c0890b9a0b2b,"e",%progbits
 709 0000 789C6362 		.ascii	"x\234cb\000\001\000\000\022\000\003"
 709      00010000 
 709      120003
 710              		.text
 711              		.section	.gnu.lto_.icf.f5f8c0890b9a0b2b,"e",%progbits
 712 0000 789CB360 		.ascii	"x\234\263`@\000N\206Y?\247\237\342a|\265\371\303E\016"
 712      40004E86 
 712      593FA79F 
 712      E2617CB5 
 712      F9C3450E 
 713 0014 2630C90C 		.ascii	"&0\311\014&Y\300\342\254\373\326\356\274\313\314\266"
 713      2659C0E2 
 713      ACFBD6EE 
 713      BCCBCCB6 
 714 0024 7CC2C305 		.ascii	"|\302\303\005<\354\355\013\237\337\347\343\370\377t"
 714      3CECED0B 
 714      9FDFE7E3 
 714      F8FF74
 715 0033 DB2A3606 		.ascii	"\333*6\006\000Bz\034\246"
 715      00427A1C 
 715      A6
 716              		.text
 717              		.section	.gnu.lto_.ipa_sra.f5f8c0890b9a0b2b,"e",%progbits
 718 0000 789CD360 		.ascii	"x\234\323`@\0006\006\006F\006\006\026\020\301\312\300"
 718      40003606 
 718      06460606 
 718      1610C1CA 
 718      C0
 719 0011 0CE23333 		.ascii	"\014\342330\2613\202\244\200\014\016\030\203\001\000"
 719      30B13382 
 719      A4800C0E 
 719      18830100 
 720 0021 0D2A0063 		.ascii	"\015*\000c"
 721              		.text
 722              		.section	.gnu.lto_.inline.f5f8c0890b9a0b2b,"e",%progbits
 723 0000 789CFBC4 		.ascii	"x\234\373\304\200\000l\014\014\\\015\015\015\013\230"
 723      80006C0C 
 723      0C5C0D0D 
 723      0D0B98
 724 000f D2191998 		.ascii	"\322\031\031\230@\254\003L\251@Q \243\201)\205\211\201"
 724      40AC034C 
 724      A9405120 
 724      A3812985 
 724      8981
 725 0021 09A88489 		.ascii	"\011\250\204\211\033\244\220\205Hu\254\014\242@\261"
 725      1BA49085 
 725      4875AC0C 
 725      A240B1
 726 0030 1DCC2075 		.ascii	"\035\314 u\012@\326\005\3464\254\352\330\030XA\3461"
 726      0A40D605 
 726      E634ACEA 
 726      D8185841 
 726      E631
 727 0042 A7318204 		.ascii	"\2471\202\004\033\201\354:\254\352\330\301\202\007\300"
 727      1B81EC3A 
 727      ACEAD8C1 
 727      8207C0
 728 0051 EA98C0D2 		.ascii	"\352\230\300\322\311X\325q\020\251\216\001\000\005\244"
 728      C958D571 
 728      10A98E01 
 728      0005A4
 729 0060 2F68     		.ascii	"/h"
 730              		.text
 731              		.section	.gnu.lto_.jmpfuncs.f5f8c0890b9a0b2b,"e",%progbits
 732 0000 789C5361 		.ascii	"x\234Sa@\0006\020\301\002\304\254P\016;##c\375\022f"
 732      40003610 
 732      C102C4AC 
 732      500E3B23 
 732      2363FD12 
 733 0015 06060E08 		.ascii	"\006\006\016\010\203\221\201\001\000!B\002\234"
 733      83918101 
 733      00214202 
 733      9C
 734              		.text
 735              		.section	.gnu.lto_.pureconst.f5f8c0890b9a0b2b,"e",%progbits
 736 0000 789C1366 		.ascii	"x\234\023f```c\330\305\312\262\213\225u\027+\333\014"
 736      60606063 
 736      D8C5CAB2 
 736      8B957517 
 736      2BDB0C
 737 0013 16F6192C 		.ascii	"\026\366\031,\0343X\000+\215\004I"
 737      1C335800 
 737      2B8D0449 
 738              		.text
 739              		.section	.gnu.lto_.lto.f5f8c0890b9a0b2b,"e",%progbits
 740 0000 09000400 		.ascii	"\011\000\004\000\001\000\000\000"
 740      01000000 
 741              		.text
 742              		.section	.gnu.lto_timer_init.248.f5f8c0890b9a0b2b,"e",%progbits
 743 0000 789C9554 		.ascii	"x\234\225TmL[e\024>\347\276-\245\235&3~\306_\335\007"
 743      6D4C5B65 
 743      143EE7BE 
 743      2DA59D26 
 743      337EC65F 
 744 0016 3126ACD7 		.ascii	"1&\254\327\020\315\266\037F\015\211\311LH\014\370\303"
 744      10CDB61F 
 744      460D89C9 
 744      4C480CF8 
 744      C3
 745 0027 7F04BA1B 		.ascii	"\177\004\272\033{\205\273\222\336n\216?\333\265\270"
 745      7B85BB92 
 745      DE6E8E3F 
 745      DBB5B8
 746 0036 FDC060DD 		.ascii	"\375\300`\335\314\326\005*\010\351\014\211&j\"\214\015"
 746      CCD6052A 
 746      08E90C89 
 746      266A228C 
 746      0D
 747 0047 989D6C16 		.ascii	"\230\235l\026q\035\003\206l.\031\023\222E\300\017>f"
 747      711D0386 
 747      6C2E1913 
 747      9245C00F 
 747      3E66
 748 0059 B210A29E 		.ascii	"\262\020\242\236\363\336\333\017c\\\264\241\267\347"
 748      F3DEDB0F 
 748      635CB4A1 
 748      B7E7
 749 0067 E339CF39 		.ascii	"\3439\3179\347y_n\320\015`!\3006\000@\001x\374X\253"
 749      E7795F6E 
 749      D00D6021 
 749      C0360040 
 749      0178FC58 
 750 007c 029665BD 		.ascii	"\002\226e\275\350Q\360\355c\255^\354C\351!\034V\360"
 750      E851F0ED 
 750      63AD5EEC 
 750      43E9211C 
 750      56F0
 751 008e 307E209E 		.ascii	"0~ \236&\367\336\351\366\216\007\216<\221\022\000\235"
 751      26F7DEE9 
 751      F68E078E 
 751      3C911200 
 751      9D
 752 009f F4753E25 		.ascii	"\364u>%\216'\222\002\245\215\330\217@\316q\221\"[q,"
 752      8E279202 
 752      A58DD88F 
 752      40CE7191 
 752      225B712C 
 753 00b3 05379325 		.ascii	"\0057\223%\2529S\226&\262\273GO\235\366tX\351\230?%"
 753      AA395396 
 753      26B2BB47 
 753      4F9DF674 
 753      58E9983F 
 754 00c8 049EC54E 		.ascii	"\004\236\305N\202\014 \236A\300s4\331\241EE\022\262"
 754      820C209E 
 754      41C07334 
 754      D9A14545 
 754      12B2
 755 00da C3A941C9 		.ascii	"\303\251A\311)\033\010\034\262\035\232ih\341\347Q\232"
 755      291B081C 
 755      B21D9A69 
 755      68E1E751 
 755      9A
 756 00eb BF8FCA85 		.ascii	"\277\217\312\205\003\300a,\002\014\304\237\007<\317"
 756      03C0612C 
 756      020CC49F 
 756      073CCF
 757 00fa ECF7E90C 		.ascii	"\354\367\351\014\305\235m\032L\223\373\025\346\3722"
 757      C59D6D1A 
 757      4C93FB15 
 757      E6FA32
 758 0109 53B602F0 		.ascii	"S\266\002\360\002\241]\271H\262\367\322\0357\340\327"
 758      02A15DB9 
 758      48B2F7D2 
 758      1D37E0D7 
 759 0119 14731736 		.ascii	"\024s\0276v\3457\366\363\306}\222\340)n\274\376\356"
 759      76E537F6 
 759      F3C67D92 
 759      E0296EBC 
 759      FEEE
 760 012b CDF12793 		.ascii	"\315\361'\223V\332\225\022.\374\006Y\252K\210\027\251"
 760      56DA9512 
 760      2EFC0659 
 760      AA4B8817 
 760      A9
 761 013c 51062974 		.ascii	"Q\006)thV\344F\\\217\017\367\225\217\264X\243V\036\013"
 761      6856E446 
 761      5C8F0FF7 
 761      958FB458 
 761      A3561E0B 
 762 0150 05AC3323 		.ascii	"\005\2543#\037\311\235\366\022\034\245\340\010\263\361"
 762      1FC99DF6 
 762      121CA5E0 
 762      08B3F1
 763 015f 59E0B739 		.ascii	"Y\340\2679\375\245V%\370]A\253s#\331Ia\357\340\3113"
 763      FDA55625 
 763      F85D41AB 
 763      7323D949 
 763      61EFE0C9 
 764 0174 6C7453E8 		.ascii	"ltS\3502\205Jdy\026\213*\006\2568+\227\026V>\362\007"
 764      32854A64 
 764      79168B2A 
 764      06AE382B 
 764      9716563E 
 765 018a AD3C4E31 		.ascii	"\255<N1/\024\246\375\345?M;\260A\323NP\360j~\332I9-"
 765      2F14A6FD 
 765      E53F4D3B 
 765      B041D34E 
 765      50F06A7E 
 766 01a2 633E9B74 		.ascii	"c>\233t\247\255\215?\343V:\361`\307\255\336r\237\002"
 766      A7AD8D3F 
 766      E3563AF1 
 766      60C7ADDE 
 766      729F02
 767 01b5 29E116F4 		.ascii	")\341\026\364 \\\\\360\355\264\\h\245\001\336\027\212"
 767      205C5CF0 
 767      EDB45C68 
 767      A501DE17 
 767      8A
 768 01c6 EDB490B3 		.ascii	"\355\264\220\263\210V\217\311\317\371\301\327\351\344"
 768      88568FC9 
 768      CFF9C1D7 
 768      E9E4
 769 01d4 D99A1B7E 		.ascii	"\331\232\033~\215N\234\255\265\205\266\316\261$\322"
 769      8D4E9CAD 
 769      B585B6CE 
 769      B124D2
 770 01e3 39CAF817 		.ascii	"9\312\370\027c^\332F\232_\372d\276\373\304\311\304I"
 770      635EDA46 
 770      9A5FFA64 
 770      BEFBC4C9 
 770      C449
 771 01f5 A41394C1 		.ascii	"\244\023\224\301\216\031\257$\\\373\275k}\361\372\303"
 771      8E19AF24 
 771      5CFBBD6B 
 771      7DF1FAC3 
 772 0205 24AA1D5E 		.ascii	"$\252\035^:\205\034\217\371Ij>Y\027\372mX\242\177\366"
 772      3A851C8F 
 772      F9496A3E 
 772      5917FA6D 
 772      58A27FF6 
 773 0219 4324C525 		.ascii	"C$\305%lp\326\213c\010\277al+o\3649\337\337-\027\224"
 773      6C70D68B 
 773      6308BF61 
 773      6C2B6FF4 
 773      39DFDF2D 
 774 022f A3A529E1 		.ascii	"\243\245)\341!\323\305\377j\323\010\364\213\337#^\223"
 774      21D3C5FF 
 774      6AD308F4 
 774      8BDF235E 
 774      93
 775 0240 226FB928 		.ascii	"\"o\271(\363\2452y\335\356\262|\267\253}\251\024\370"
 775      F3A53279 
 775      DDEEB27C 
 775      B7AB7DA9 
 775      14F8
 776 0252 589977B5 		.ascii	"X\231w\265\373D2Q&;t%\036\223\221\205\266\376\374&\363"
 776      FB443251 
 776      263B7425 
 776      1E939185 
 776      B6FEFC26 
 777 0267 3732B4E0 		.ascii	"72\264\340e{\204\265\214\263\300\312\247\3278\234\265"
 777      657B84B5 
 777      8CB3C0CA 
 777      A7D7389C 
 777      B5
 778 0278 C337325E 		.ascii	"\30372^\274\202\260\214-\037=\327#\224wPI\011o\247\360"
 778      BC82B08C 
 778      2D1F3DD7 
 778      23947750 
 778      49096FA7 
 779 028d 713E257C 		.ascii	"q>%|\262)s\276\207DJ\027\2370\262\356\354\030:*\235"
 779      B22973BE 
 779      87444A17 
 779      9F30B2EE 
 779      EC183A2A 
 780 02a2 6795C66D 		.ascii	"g\225\306m\266\251D\302\236lnzf\273\374]\231\221\231"
 780      B6A944C2 
 780      9E6C6E7A 
 780      66BBFC5D 
 780      999199
 781 02b5 ADF9C7DC 		.ascii	"\255\371\307\334\275\307\035\035\177X\"\035\257\332"
 781      BDC71D1D 
 781      7F58221D 
 781      AFDA
 782 02c3 852B051D 		.ascii	"\205+\005\035'\034\035\241X\307\311\202\216S\305::\212"
 782      271C1DA1 
 782      58C7C982 
 782      8E53C53A 
 782      3A8A
 783 02d5 DD94DA15 		.ascii	"\335\224\332\025\313\264\3142M82\375\3246\364\012k\362"
 783      CBB4CC32 
 783      4D3832FD 
 783      D436F40A 
 783      6BF2
 784 02e7 2BC63632 		.ascii	"+\30662\211\266\370'\012]\202\036!x\031\212-\267fs\257"
 784      89B6F827 
 784      0A5D821E 
 784      2178198A 
 784      2DB76673 
 785 02fc A24D527A 		.ascii	"\242MRz\251\302\246^zu}\314*\270p\026\361\026\002U\310"
 785      A9C2A65E 
 785      7A757DCC 
 785      2AB87016 
 785      F1160255 
 786 0311 29261EB1 		.ascii	")&\036\261\253\246\225\",\346\260?\376\015;%\261\253"
 786      ABA69522 
 786      2CE6B03F 
 786      FE0D3B25 
 786      B1AB
 787 0323 BD8F1641 		.ascii	"\275\217\026A\225\034t^By\372U\214\335>s\333G/+\371"
 787      951C745E 
 787      4279FA55 
 787      8CDD3E73 
 787      DB472F2B 
 788 0338 E28C0BB4 		.ascii	"\342\214\013\264\257q,\315n@\015\205\015M}\323\214j"
 788      AF712CCD 
 788      6E400D85 
 788      0D4D7DD3 
 788      8C6A
 789 034a 6FD545A2 		.ascii	"o\325E\242\252\031\336\037\011jjs\235f4\3540\233\032"
 789      AA19DE1F 
 789      096A6A73 
 789      9D6634EC 
 789      309B1A
 790 035d F5E88E86 		.ascii	"\365\350\216\206z\365e=bPZ\003\177\324h\250\015\206"
 790      7AF5653D 
 790      62505A03 
 790      7FD468A8 
 790      0D86
 791 036f 239A1A0C 		.ascii	"#\232\032\014\033Fx\237\032\014\351\365z\330T\243\272"
 791      1B46789F 
 791      1A0CE9F5 
 791      7AD854A3 
 791      BA
 792 0380 A1450241 		.ascii	"\241E\002A\360\230\315&\333\333\002j\243^\237O\323\037"
 792      F098CD26 
 792      DBDB026A 
 792      A35E9F4F 
 792      D31F
 793 0392 91EBFB82 		.ascii	"\221\353\373\202\215\373\367Rm\350@4\020\202\207\234"
 793      8DFBF752 
 793      6DE84034 
 793      1082879C 
 794 03a2 A280B67B 		.ascii	"\242\200\266{\347\336]\273wU\300\366\373W\0217\225y"
 794      E7DE5DBB 
 794      7755C0F6 
 794      FB571137 
 794      9579
 795 03b4 EAEB4CED 		.ascii	"\352\353L\355\325\210\376\302?\300\316L\332\301\250"
 795      D588FEC2 
 795      3FC0CE4C 
 795      DAC1A8
 796 03c3 FA527595 		.ascii	"\372Ru\225ZYU\263\247F\255\344i\367\3448\014S7k\337"
 796      5A5955B3 
 796      A746ADE4 
 796      69F7E438 
 796      0C53376B 
 797 03d8 080689A7 		.ascii	"\010\006\211\247\342\337\352\233\302\221\250\311\014"
 797      E2DFEA9B 
 797      C291A8C9 
 797      0C
 798 03e5 95550729 		.ascii	"\225U\007)\315\353\326\036\330iP\311\346\252\232j?\267"
 798      CDEBD61E 
 798      D86950C9 
 798      E6AA9A6A 
 798      3FB7
 799 03f7 6F8AE8E5 		.ascii	"o\212\350\345\376\262g@\211\200\307\320\214p\244\031"
 799      FEB26740 
 799      8980C7D0 
 799      8C70A419 
 800 0407 9EFD3F74 		.ascii	"\236\375?t\366\346!\370\013(\334L\311"
 800      F6E621F8 
 800      0B28DC4C 
 800      C9
 801              		.text
 802              		.section	.gnu.lto_timer_clear.249.f5f8c0890b9a0b2b,"e",%progbits
 803 0000 789C9554 		.ascii	"x\234\225Tmk\024W\024>g\356\354n6V\260\324\326\322O"
 803      6D6B1457 
 803      143E67EE 
 803      EC6E3656 
 803      B0D4D6D2 
 804 0015 AB319482 		.ascii	"\2531\224\202\356\224`Q?i\011\024,\004J\362\003B\262"
 804      EE946051 
 804      3F690914 
 804      2C044AF2 
 804      0342B2
 805 0028 0EDD6932 		.ascii	"\016\335i2n\230Y_\362E\307\215\372!\222n\265\304\225"
 805      6E98595F 
 805      F245C78D 
 805      FA21926E 
 805      B5C495
 806 003b B8491A59 		.ascii	"\270I\032YK\240B[hb\324\304\256\215v5u\223\232\030\342"
 806      4BA0425B 
 806      6862D4C4 
 806      AE8D7635 
 806      75939A18 
 807 0050 1B462288 		.ascii	"\033F\"\210I\250n\022\205\020B\333s\357\314\276H\251"
 807      49A86E12 
 807      851042DB 
 807      73EFCCBE 
 807      48A9
 808 0062 E8B2BB73 		.ascii	"\350\262\273s\317s\316y\356s\236;3%.\000\013\001J\000"
 808      CF73CE79 
 808      EE739E3B 
 808      33252E00 
 808      0B014A00 
 809 0076 0019E0F1 		.ascii	"\000\031\340\361c\315\022X\226\265\335#\341\301c\315"
 809      63CD1258 
 809      96B5DD23 
 809      E1C163CD 
 810 0086 5EEC4111 		.ascii	"^\354A\021!\034\220\360\000~\313>\242p\361L[\373[\207"
 810      211C90F0 
 810      007ECB3E 
 810      A270F14C 
 810      5BFB5B87 
 811 009a DF4F3080 		.ascii	"\337O0\200\016\3729\037\267\210\250\001X\234\241\210"
 811      0EFA391F 
 811      B788A801 
 811      589CA188 
 812 00aa 107B1128 		.ascii	"\020{\021(8\316\022\264\226\234\225\204\253h\305*y\246"
 812      38CE12B4 
 812      969C9584 
 812      AB68C52A 
 812      79A6
 813 00bc 344974CF 		.ascii	"4It\317\217\234<\3439e%#\276\004cx\036;\250\244\017"
 813      8F9C3CE3 
 813      39652523 
 813      BE046378 
 813      1E3BA8A4 
 814 00d1 F11C025E 		.ascii	"\361\034\002^ m\373g$A\310\003\236\272(8\335$\244\177"
 814      206DFB67 
 814      2441C803 
 814      9EBA2838 
 814      DD24A47F 
 815 00e5 7AF189D8 		.ascii	"z\361\211\330\222\340W\260A!\033\330\\\003\024\366c"
 815      92E057B0 
 815      41211BD8 
 815      5C0314F6 
 815      63
 816 00f6 01575FBA 		.ascii	"\001W_\272\014\360\022U\263,\022\357\276\372\330\005"
 816      0CF01255 
 816      B32C12EF 
 816      BEFAD805 
 817 0106 F82B6172 		.ascii	"\370+ar~\01297\205\217O\321#\010>\344\033/\035\2757"
 817      7E0A3937 
 817      858F4FD1 
 817      23083EE4 
 817      1B2F1DBD 
 818 011b F241DC4A 		.ascii	"\362A\334J\312\011&\343 \362\361\177C\274L\033]A\202"
 818      CA0926E3 
 818      20F2F17F 
 818      43BC4C1B 
 818      5D4182
 819 012e F64FB2AC 		.ascii	"\366O\262\254\304\245\350@\317\206\301&\353\232\225"
 819      C4A5E840 
 819      CF86C126 
 819      EB9A95
 820 013d AB857CAD 		.ascii	"\253\205|\255\243\221\033\375\270\315\215W\011Lr6\356"
 820      A3911BFD 
 820      B8CD8D57 
 820      094C7236 
 820      EE
 821 014e 30FE9EF5 		.ascii	"0\376\236\365T\030\354\302ky3.\014\246G\231=\203;\307"
 821      5418ECC2 
 821      6B79332E 
 821      0CA64799 
 821      3D833BC7 
 822 0162 B0DC45D0 		.ascii	"\260\334E\320u\202\\\242}\010\013:\372\206\235\221="
 822      75825CA2 
 822      7D080B3A 
 822      FA869D91 
 822      3D
 823 0173 F9910FFF 		.ascii	"\371\221\017\377M#\337 \254\010\362j\377z-\265}\313"
 823      4D23DF20 
 823      AC08F26A 
 823      FF7A2DB5 
 823      7DCB
 824 0185 A47698C0 		.ascii	"\244v\230\300tN\355\210P\313k~\034u%\255\345\177\242"
 824      744EED88 
 824      50CB6B7E 
 824      1C7525AD 
 824      E57FA2
 825 0198 5632B6B2 		.ascii	"V2\266\262=\263\330\212\305\010\011\346r\323\037\025"
 825      3DB3D88A 
 825      C50809E6 
 825      72D31F15 
 826 01a8 4619BFE9 		.ascii	"F\031\277\351,\031\255$\3007L\262\203&\012f\320\232"
 826      2C19AD24 
 826      C0374CB2 
 826      83260A66 
 826      D09A
 827 01ba 1A58CD2F 		.ascii	"\032X\315/\013\323-\035Cq\244S\023\340\317C^\322.\226"
 827      0BD32D1D 
 827      4371A453 
 827      13E0CF43 
 827      5ED22E96 
 828 01ce BF148B7C 		.ascii	"\277\024\213|W\353\211\330\011\244\363\022\340\251\011"
 828      57EB89D8 
 828      09A4F312 
 828      E0A909
 829 01dd AFE85E78 		.ascii	"\257\350^x\321\2714s\373\035\262\320\206gO\"\307#>2"
 829      D1B93473 
 829      FB1DB2D0 
 829      86674F22 
 829      C7233E32 
 830 01f1 969FA38C 		.ascii	"\226\237\243\214>\273,\326;\331\216\344\257(\2738\351"
 830      3EBB2CD6 
 830      3BD98EE4 
 830      AF28BB38 
 830      E9
 831 0202 C514C233 		.ascii	"\305\024\3023\214\254\343\372\177\342w\340\332\313\322"
 831      8CACE3FA 
 831      7FE277E0 
 831      DACBD2
 832 0211 91A204F3 		.ascii	"\221\242\004\363\320R\346\217\313(\002]q\014\361\246"
 832      D052E68F 
 832      CB28025D 
 832      710CF1A6 
 833 0221 B074ED15 		.ascii	"\260t\355\025\221/\022\311q{\227\314\363\316\266\331"
 833      912F12C9 
 833      717B97CC 
 833      F3CEB6D9 
 834 0231 22E087C8 		.ascii	"\"\340\207\310y\347\273Z\343\261R\261Cg\354=\201L\267"
 834      79E7BB5A 
 834      E3B152B1 
 834      4367EC3D 
 834      814CB7
 835 0244 F4E62679 		.ascii	"\364\346&yt'E\003^\267%,\244\234\001\346\316\336\342"
 835      74274503 
 835      5EB7252C 
 835      A49C01E6 
 835      CEDEE2
 836 0257 F0900DDF 		.ascii	"\360\220\015\337Iy\361\017\204\0146}\367\311i\346>\204"
 836      4979F10F 
 836      840C367D 
 836      F7C969E6 
 836      3E84
 837 0269 5282793B 		.ascii	"R\202y;\230\227\347\023\254Xl\3129\277F\"\245\333\234"
 837      9897E713 
 837      AC586CCA 
 837      39BF4622 
 837      A5DB9C
 838 027c 6A44DF79 		.ascii	"jD\337y\273\237\\\272\304]\272a\263\215\305b\266\262"
 838      BB9F5CBA 
 838      C45DBA61 
 838      B38DC562 
 838      B6B2
 839 028e A9F189F5 		.ascii	"\251\361\211\365\342:7!2\353r\177S\213k\034\037\357"
 839      E23A3721 
 839      32EB727F 
 839      538B6B1C 
 839      1FEF
 840 02a0 CE928F69 		.ascii	"\316\222\217i\273q.\357\343\260\343#\024\3728\222\367"
 840      BB712EEF 
 840      E3B0E323 
 840      14FA3892 
 840      F7
 841 02b1 F1CF421F 		.ascii	"\361\317B\037\035\307n\013\357\012m\312p\233\206\035"
 841      1DC76E0B 
 841      EF0A6DCA 
 841      709B861D 
 842 02c1 9B9EB4F4 		.ascii	"\233\236\264\364\177\316=y\212\221\345T\254%\372\203"
 842      7FCE3D79 
 842      8A91E554 
 842      AC25FA83 
 843 02d1 440FF969 		.ascii	"D\017\371i&\206!,\323\234\316\276LV\010\353\205\013"
 843      2686212C 
 843      D39CCEBE 
 843      4C5608EB 
 843      850B
 844 02e3 2BBAE965 		.ascii	"+\272\351e\364=wA\306\373\210\367\020\250C\250\270\271"
 844      F43D7741 
 844      C6FB88F7 
 844      10A843A8 
 844      B8B9
 845 02f5 DAEE1A97 		.ascii	"\332\356\032\227\012j1[\373\340\245\3321Q;\337\375n"
 845      0A6A315B 
 845      FBE0A5DA 
 845      31513BDF 
 845      FD6E
 846 0307 41A9942D 		.ascii	"A\251\224-}(J\271\372y\214<\234\220\305\213/\312\320"
 846      7D284AB9 
 846      FA798C3C 
 846      9C90C58B 
 846      2FCAD0
 847 031a BE5F2349 		.ascii	"\276_#I\036\372\225`HW\225\257\314\260\272\267\306\010"
 847      1EFA9560 
 847      485795AF 
 847      CCB0BAB7 
 847      C608
 848 032c 2B6668B7 		.ascii	"+fh\267\021P\225\306\032U\257\333h6\324k\341\215u\265"
 848      115095C6 
 848      1A55AFDB 
 848      6836D46B 
 848      E18D75B5 
 849 0340 CA679AA1 		.ascii	"\312g\232\241SZ\005_X\257\253\016\204\014U\011\204t"
 849      535A055F 
 849      58AFAB0E 
 849      840C5509 
 849      8474
 850 0352 3DB44B09 		.ascii	"=\264K\011\004\265Z-d*aMW\015\177\000<f\243\311\327"
 850      04B55A2D 
 850      642A614D 
 850      570D7F00 
 850      3C66A3C9 
 851 0367 257EA55E 		.ascii	"%~\245^\253\315\245\351K\344\332\256@\375\356\235\324"
 851      ABCDA5E9 
 851      4BE4DAAE 
 851      40FDEE9D 
 851      D4
 852 0378 1BDC13F6 		.ascii	"\033\334\023\366\007\341m\247\311\257n\335\274s\313"
 852      07E16DA7 
 852      C9AF6EDD 
 852      BC73CB
 853 0387 D62D65B0 		.ascii	"\326-e\260\376\325]\304Mm\236\332\032S\375\302\320\266"
 853      FED55DC4 
 853      4D6D9EDA 
 853      1A53FDC2 
 853      D0B6
 854 0399 FDA7D8D1 		.ascii	"\375\247\330\321\244\356\013+\237VV(\345\025U;\252\224"
 854      A4EE0B2B 
 854      9F565628 
 854      E515553B 
 854      AA94
 855 03ab 72AE7647 		.ascii	"r\256vG\226C75\263\372\313@\200x\312\376\257\277!d\204"
 855      96433735 
 855      B3FACB40 
 855      8078CAFE 
 855      AFBF2164 
 856 03c0 4DCE505E 		.ascii	"M\316P^\261\217\322|\334\352=\233ujYUQU\351\343\333"
 856      B18FD27C 
 856      DCEA3D9B 
 856      756A5955 
 856      5155E9E3 
 857 03d5 3718DA06 		.ascii	"7\030\332\006_\351\307 \031\340\321U=d4\302\2467\241"
 857      5FE9C720 
 857      19E0D155 
 857      3D6434C2 
 857      A637A1
 858 03e8 B3270FC2 		.ascii	"\263'\017\302\277\256\326;\032"
 858      BFAED63B 
 858      1A
 859              		.text
 860              		.section	.gnu.lto_timer_read.250.f5f8c0890b9a0b2b,"e",%progbits
 861 0000 789C454D 		.ascii	"x\234EM\261J\003A\020\235\267s\247\255\205\037\220\302"
 861      B14A0341 
 861      109DB773 
 861      A7AD851F 
 861      90C2
 862 0012 C622D9C6 		.ascii	"\306\"\331\306\017\260\262\367\013$9\026r\236\353\312"
 862      0FB0B2F7 
 862      0B243916 
 862      729EEBCA 
 863 0022 DD898860 		.ascii	"\335\211\210`6Q\020\322\234\211\235J\220x\202\215\330"
 863      365110D2 
 863      9C899D4A 
 863      9078828D 
 863      D8
 864 0033 28A9C4FB 		.ascii	"(\251\304\373\006{\3134\026\"V\026\001\335;\005\207"
 864      067BCB34 
 864      16225616 
 864      01DD3B05 
 864      87
 865 0044 1978EFCD 		.ascii	"\031x\357\315\314{\317D\264\356f\311\015\2300\034\364"
 865      CC7BCF44 
 865      B4EE66C9 
 865      0D98301C 
 865      F4
 866 0055 05596B57 		.ascii	"\005YkW\347\005\272\203\376t\021\023T\024\324\021\350"
 866      E705BA83 
 866      FE741113 
 866      5414D411 
 866      E8
 867 0066 E08C2F19 		.ascii	"\340\214/\031C\316\335\251\370C\300\302ra\355\327\315"
 867      43CEDDA9 
 867      F843C0C2 
 867      7261EDD7 
 867      CD
 868 0077 F9DDCAC5 		.ascii	"\371\335\312\305m!r\0264r\373G\340\001T\325\034U\312"
 868      6D217216 
 868      3472FB47 
 868      E00154D5 
 868      1C55CA
 869 008a C4D152B9 		.ascii	"\304\321R\271\177\361\013;\373\316\254}\275\306\241"
 869      7FF10B3B 
 869      FBCEAC7D 
 869      BDC6A1
 870 0099 0FCA993D 		.ascii	"\017\312\231=*\377(\3432\335z\260\005\321)\213_\322"
 870      2AFF28E3 
 870      32DD7AB0 
 870      05D1298B 
 870      5FD2
 871 00ab 75E40D76 		.ascii	"u\344\015v|@\0378\272z\302\230q\014\027\344\215\330"
 871      7C401F38 
 871      BA7AC298 
 871      710C17E4 
 871      8DD8
 872 00bd F9E5ECD3 		.ascii	"\371\345\354\323;z\263\223\2517f\327\240O\364j\016\226"
 872      3B7AB393 
 872      A93766D7 
 872      A04FF46A 
 872      0E96
 873 00cf D119E3DF 		.ascii	"\321\031\343\337\220\250!\333F+\271\231\244j\257\031"
 873      90A821DB 
 873      462BB999 
 873      A46AAF19 
 874 00df A73231BB 		.ascii	"\24721\273q\240\344~S\351\250\236\354l\205i=j\311\265"
 874      71A0E47E 
 874      53E9A89E 
 874      EC6C8569 
 874      3D6AC9B5 
 875 00f3 30D66EAD 		.ascii	"0\326n\255\250\226\352h#0\261\222\201\321\332l\313\240"
 875      A896EA68 
 875      2330B192 
 875      81D1DA6C 
 875      CBA0
 876 0105 1DB64293 		.ascii	"\035\266B\223\3104\324*n\004\364\003u\263\\\367"
 876      C834D42A 
 876      6E04F403 
 876      75B35CF7 
 877              		.text
 878              		.section	.gnu.lto_timer_read32.251.f5f8c0890b9a0b2b,"e",%progbits
 879 0000 789C9554 		.ascii	"x\234\225T]L\024W\024\276g\356\354\316.\244D\254h\322"
 879      5D4C1457 
 879      14BE67EE 
 879      ECCE2EA4 
 879      44AC68D2 
 880 0014 A7F58734 		.ascii	"\247\365\2074M\224i\210\215\372T\033\222&4!i\340\215"
 880      4D946988 
 880      8DFA541B 
 880      92263421 
 880      69E08D
 881 0027 1702EBA4 		.ascii	"\027\002\353\244la\\\262\273Zyr\004\252\011\246\374"
 881      6C615CB2 
 881      BB5A7972 
 881      04AA09A6 
 881      FC
 882 0038 D8C21A5C 		.ascii	"\330\302\032\\\227\262Y\033\232\264A\023\261kE\273\026"
 882      97B2591B 
 882      9AB44113 
 882      B16B45BB 
 882      16
 883 0049 2C160B28 		.ascii	",\026\013(\332RZ\015\015m\211Hj\027i\023BH\3559wf\207"
 883      DA525A0D 
 883      0D6D8948 
 883      6A176913 
 883      4248ED39 
 884 0060 25C5A6DD 		.ascii	"%\305\246\335l\316\334\373\235s\276s\316w\357\314\230"
 884      6CCEDCFB 
 884      9D73BE73 
 884      CE77EFCC 
 884      98
 885 0071 93310318 		.ascii	"\2231\003\030+f\214\201\203\301\251\366f\211\031\206"
 885      2B668C81 
 885      83C1A9F6 
 885      66891986 
 886 0081 B15F91A4 		.ascii	"\261_\221\244\306\366\223\022\\\006\334y\344\246\366"
 886      C6F69312 
 886      5C06DC79 
 886      E4A6F6
 887 0090 1CF1E4F0 		.ascii	"\034\361\344\360\201\035!\303\261\366\346\247C\333\315"
 887      811D21C3 
 887      B1F6E6A7 
 887      43DBCD
 888 009f 98FD0AB0 		.ascii	"\230\375\012\260\243\022\227\341(\274\317#\034N\361"
 888      A31297E1 
 888      28BCCF23 
 888      1C4EF1
 889 00ae 3867205B 		.ascii	"8g [+\000\317KI\303X:\327\325\267;\322\233\224\343\\"
 889      2B00CF4B 
 889      49C3583A 
 889      D7D5B73B 
 889      D29B94E3 
 890 00c3 6251F4F7 		.ascii	"bQ\364\367\003\\\304\362\364\303H^J6\037\003S\211\201"
 890      035CC4F2 
 890      F4C3485E 
 890      4A361F03 
 890      538981
 891 00d6 BA9B0685 		.ascii	"\272\233\006\205\301g\260&\260\374\202\344d\220\000"
 891      C167B026 
 891      B0FC82E4 
 891      649000
 892 00e5 4A678C2A 		.ascii	"Jg\214*\341\010Q,\36090\273\254d\227\335`\021.%N\234"
 892      E108512C 
 892      F03930BB 
 892      AC6497DD 
 892      60112E25 
 893 00fb 3EA79C31 		.ascii	">\247\2341\222\015\2368\347\202T\202\001\200+\300\340"
 893      920D9E38 
 893      E7825482 
 893      01802BC0 
 893      E0
 894 010c 2A12973F 		.ascii	"*\022\227?\222\004\025m\310uM\2609q\260\201\271\237"
 894      9204156D 
 894      C8754DB0 
 894      3971B081 
 894      B99F
 895 011e EEC80C87 		.ascii	"\356\310\014\207D\230=\233\215e\2621\223+\211\333/ "
 895      44983D9B 
 895      8D65B231 
 895      932B89DB 
 895      2F20
 896 0130 832B315A 		.ascii	"\203+1Z\310\340:F\3634\022\351\2751\213\272\177\211"
 896      C8E03A46 
 896      F33412E9 
 896      BD318BBA 
 896      7F89
 897 0142 982C24E8 		.ascii	"\230,$\350\027\301/R\221\345\223?\216\277\0201\204Z"
 897      17C12F52 
 897      91E5933F 
 897      8EBF1031 
 897      845A
 898 0154 300434A4 		.ascii	"0\0044\244)\003\334\000\204\312\247y\272\235\345\326"
 898      2903DC00 
 898      84CAA779 
 898      BA9DE5D6 
 899 0164 ABFD3B07 		.ascii	"\253\375;\007\033\015K\262\241\014\3110\326\352\007"
 899      1B0D4BB2 
 899      A10CC930 
 899      D6EA07
 900 0173 AB2DCD76 		.ascii	"\253-\315v9\341+\004\007\211\215\241r0\234VN\310\350"
 900      39E12B04 
 900      07898DA1 
 900      72309C56 
 900      4EC8E8
 901 0186 80AF5707 		.ascii	"\200\257W\007\277?8:\301\315~\2356\303J\017B#\0109D"
 901      BF3F383A 
 901      C1CD7E9D 
 901      36C34A0F 
 901      42230839 
 902 019b FA2DC8C8 		.ascii	"\372-\310\310H\214Y\343)\253\343\275\373\027\2167\212"
 902      488C59E3 
 902      29ABE3BD 
 902      FB178E37 
 902      8A
 903 01ac 988BAD76 		.ascii	"\230\213\255v\373\333\177\3526\261\202\335\216#8fw{"
 903      FBDB7FEA 
 903      36B182DD 
 903      8E233866 
 903      777B
 904 01be 5B748B31 		.ascii	"[t\2131\200W\240o\302\2214V\236\266\032\311\360s}\313"
 904      8057A06F 
 904      C2913456 
 904      9EB61AC9 
 904      F0737DCB 
 905 01d2 4B9FC266 		.ascii	"K\237\302f`q.Kd8\031\231\214\203\214\223\214B\306\205"
 905      60712E4B 
 905      64381999 
 905      8C838C93 
 905      8C42C685 
 906 01e6 C6E12693 		.ascii	"\306\341&\223E&\233L\016]\250\\\\I\033\321`\235VNW\334"
 906      45269B4C 
 906      0E5DA85C 
 906      5C491BD1 
 906      609D564E 
 907 01fc 90C14832 		.ascii	"\220\301H2\326\306%s\323\210\233G`\314,l\242\307\342"
 907      D6C62573 
 907      D3889B47 
 907      60CC2C6C 
 907      A2C7E2
 908 020f 424B7424 		.ascii	"BKt$\002x\300\002\2740\342\306\321\305\362b\226\360"
 908      0278C002 
 908      BC30E2C6 
 908      D1C5F262 
 908      96F0
 909 0221 F7747486 		.ascii	"\367tt\206;\001\217V\200g&\335\"{\361\317\356\345G\337"
 909      3B018F56 
 909      806726DD 
 909      227BF1CF 
 909      EEE547DF 
 910 0235 3F8F2760 		.ascii	"?\217'`\302\363\247\201\360\006\017\236\013]Y\011<f"
 910      C2F3A781 
 910      F0060F9E 
 910      0B5D5909 
 910      3C66
 911 0247 58F8D2F4 		.ascii	"X\370\322\364Y\300\343\021aW\246\335p\023\330\357\320"
 911      59C0E311 
 911      6157A6DD 
 911      7013D8EF 
 911      D0
 912 0258 B08DC63F 		.ascii	"\260\215\306?O\227u\353u\351\270+\316\025\\\312\364"
 912      4F9775EB 
 912      75E9B82B 
 912      CE155CCA 
 912      F4
 913 0269 FADE0586 		.ascii	"\372\336\005\206O\270\0070!Nd\353\220\360\273\204\363"
 913      4FB80730 
 913      214E64EB 
 913      90F0BB84 
 913      F3
 914 027a 3BB34AEA 		.ascii	";\263J\352\217\356\256y\027\243;@\274Oz:\"\341|Q\241"
 914      8FEEAE79 
 914      17A33B40 
 914      BC4F7A3A 
 914      22E17C51 
 915 028f 3BBC5920 		.ascii	";\274Y \013-\227\354I~\236\032\306\001G\314\026\026"
 915      0B2D97EC 
 915      497E9E1A 
 915      C60147CC 
 915      1616
 916 02a1 87AD0116 		.ascii	"\207\255\001\026>\271G\360-\023\236\032v\3037\300R\320"
 916      3EB947F0 
 916      2D139E1A 
 916      76C337C0 
 916      52D0
 917 02b3 F8E12B31 		.ascii	"\370\341+1\276\261\011\2448wG\271\233\374q\236%\212"
 917      BEB109A4 
 917      387747B9 
 917      9BFC719E 
 917      258A
 918 02c5 12670B20 		.ascii	"\022g\013 )\276\021\030#\362.\233\264\250\3225Ri\324"
 918      29BE1118 
 918      23F22E9B 
 918      B4A8D235 
 918      5269D4
 919 02d8 64BB1B0E 		.ascii	"d\273\033\016\233\235\315|;\271\303\024{Rx\266\331f"
 919      9B9DCD7C 
 919      3BB9C314 
 919      7B5278B6 
 919      D966
 920 02ea 66698BA5 		.ascii	"fi\213\245\343\017\363\250\343\230\231\270\260\252\343"
 920      E30FF3A8 
 920      E39899B8 
 920      B0AAE3
 921 02f9 B8A523CB 		.ascii	"\270\245#\313\324\361\366\252\216w2u\264\024\233\022"
 921      D4F1F6AA 
 921      8E773275 
 921      B4149B12 
 922 0309 DA65CA94 		.ascii	"\332e\312\224\"\231\306-\231R-\003o\220&\217\241ae8"
 922      2299C62D 
 922      99522D03 
 922      6F90268F 
 922      A1616538 
 923 031d FC5E244A 		.ascii	"\374^$J\037\306\030\3171\207\301\232\011\332\211\012"
 923      1FC618CF 
 923      3187C19A 
 923      09DA890A 
 924 032d 1D7914D5 		.ascii	"\035y\024\3259\267)\306\301\372\012e\213\343\020\312"
 924      39B729C6 
 924      C1FA0A65 
 924      8BE310CA 
 925 033d 64F7E257 		.ascii	"d\367\342W\353#RF\202\007\000\367\221\177\016\232\036"
 925      EB235246 
 925      820700F7 
 925      917F0E9A 
 925      1E
 926 034e 0C566134 		.ascii	"\014Va41\320\257\215\363cx\337$\373\276\2055A\371q^"
 926      31D0AF8D 
 926      F36378DF 
 926      24FBBE85 
 926      3541F971 
 927 0363 8C4B1944 		.ascii	"\214K\031D\220&\2326\211\036Cc\3448\262p\014\243\262"
 927      90269A36 
 927      891E4363 
 927      E438B270 
 927      0CA3B2
 928 0376 787B0D99 		.ascii	"x{\015\2312S\315\260^\332\214H\303xQS^{\307\317\346"
 928      3253CDB0 
 928      5EDA8C48 
 928      C3785153 
 928      5E7BC7CF 
 929 038b 5935D7EB 		.ascii	"Y5\327\353\374\027+\323\234\270\333\012\335\022\343"
 929      FC172BD3 
 929      9CB8DB0A 
 929      DD12E3
 930 039a 7246B494 		.ascii	"rF\264\224\216\236\265\333\213R{\016\241\233h\254\323"
 930      8E9EB5DB 
 930      8B527B0E 
 930      A19B68AC 
 930      D3
 931 03ab 1DE3CEF5 		.ascii	"\035\343\316\365Z{\270v\"Ed9\205\374'p\357B\210\234"
 931      5A7BB876 
 931      22456439 
 931      85FC2770 
 931      EF42889C 
 932 03bf E7C9891C 		.ascii	"\347\311\211\034.\032\327\001\017\025;#\013q\023l\035"
 932      2E1AD701 
 932      0F153B23 
 932      0B71136C 
 932      1D
 933 03d0 133C0942 		.ascii	"\023<\011B\263\321a\242m\002E\266_\021\316E\017{\202"
 933      B3D161A2 
 933      6D0245B6 
 933      5F11CE45 
 933      0F7B82
 934 03e3 C7884B3A 		.ascii	"\307\210K:\200V\016\246\030\015I\332\026\250\325~]S"
 934      80560EA6 
 934      180D49DA 
 934      16A8D57E 
 934      5D53
 935 03f5 DF0E86B4 		.ascii	"\337\016\206\264w*\003!5\350?\024\360jj}\245\246\327"
 935      772A0321 
 935      35E83F14 
 935      F06A6A7D 
 935      A5A6D7
 936 0408 EC0AD6D5 		.ascii	"\354\012\326\325\372B\273j\252\324\327}\001\035\335"
 936      FA42BB6A 
 936      AAD4D77D 
 936      011DDD
 937 0417 1AF384F4 		.ascii	"\032\363\204\364\232\012\257?\240\251^\277\256\373\017"
 937      9A0AAF3F 
 937      A0A95EBF 
 937      AEFB0F
 938 0426 AADE6A5F 		.ascii	"\252\336j_\225\317\037TC>]\013\024x\231\022\254\017"
 938      95CF1F54 
 938      433E5D0B 
 938      14789912 
 938      AC0F
 939 0438 D23AD702 		.ascii	"\322:\327\002\012\264}{\016\354\335\267\267\220m/Pk"
 939      0AB47D7B 
 939      0EECDDB7 
 939      B7906D2F 
 939      506B
 940 044a 7D557602 		.ascii	"}Uv\002\376\261\234\357\240\267\366\320\001d\253>\034"
 940      FEB19CEF 
 940      A0B7F6D0 
 940      0164AB3E 
 940      1C
 941 045b 2AA8663B 		.ascii	"*\250f;\376=\006\2711H\251\252\014jo\006|\257\376#\330"
 941      FE3D06B9 
 941      3148A9AA 
 941      0C6A6F06 
 941      7CAFFE23 
 942 0470 EA493B12 		.ascii	"\352I;\022R_+-Q\213J\312\212\313\324\"\352\2668\315"
 942      525F2B2D 
 942      518B4ACA 
 942      8ACBD422 
 942      EAB638CD 
 943 0484 A1077DC1 		.ascii	"\241\007}\301\212\267\274^\344)|V~\235?\020\012\022"
 943      8AB7BC5E 
 943      E4297C56 
 943      7E9D3F10 
 943      0A12
 944 0496 4351C911 		.ascii	"CQ\311\021t\323\270\025\207\367\350\230\262\241\244"
 944      74D3B815 
 944      87F7E898 
 944      B2A1A4
 945 04a5 ACD443E5 		.ascii	"\254\324C\345\353\002\276\235\236\374\227\231\024`\212"
 945      EB02BE9D 
 945      9EFC9799 
 945      14608A
 946 04b4 AEE9FE40 		.ascii	"\256\351\376@=\333\375\177\350Lu\252\331\337 S\271%"
 946      3DDBFD7F 
 946      E84C75AA 
 946      D9DF2053 
 946      B925
 947              		.text
 948              		.section	.gnu.lto_timer_elapsed.252.f5f8c0890b9a0b2b,"e",%progbits
 949 0000 789C4D50 		.ascii	"x\234MP=K\003A\020\235\267{\211\226\332X[\010b\221\034"
 949      3D4B0341 
 949      109DB77B 
 949      8996DA58 
 949      5B086291 
 950 0015 8860D2D9 		.ascii	"\210`\322\331\350\017\260\261\224x\036\344\214\347\311"
 950      E80FB0B1 
 950      94781EE4 
 950      8CE7C9
 951 0024 DD8958B9 		.ascii	"\335\211X\271&~\200M4Z\251\004\011\021\004\013\013\277"
 951      267E804D 
 951      345AA904 
 951      0911040B 
 951      0BBF
 952 0036 BFE01A0B 		.ascii	"\277\340\032\013;\261\025+\021\304B\305JP\321\331\323"
 952      3BB1152B 
 952      11C442C5 
 952      4A50D1D9 
 952      D3
 953 0047 C26277E7 		.ascii	"\302bw\347\315{3\363f{A\224'\2426>\220\204\312\362\242"
 953      CD7B33F3 
 953      667B4194 
 953      27A2363E 
 953      9084CAF2 
 954 005c 20A5544F 		.ascii	" \245TO\203\300\314\362\342e\013N\020C\320\264\3004"
 954      83C0CCF2 
 954      E2650B4E 
 954      1043D0B4 
 954      C034
 955 006e 56E48644 		.ascii	"V\344\206DE\326Y*\376\"\240\251#R\352}k\355\256k};\022"
 955      45D6592A 
 955      FE22A0A9 
 955      2352EA7D 
 955      6BEDAE6B 
 956 0085 7529A8CA 		.ascii	"u)\250\312\374\001\260\317\335\211X'\373\251\2355\327"
 956      FC01B0CF 
 956      DD895827 
 956      FBA99D35 
 956      D7
 957 0096 57874A25 		.ascii	"W\207J%\210\0258\302?\015'\006V\005Q\222t%;\341\222"
 957      881538C2 
 957      3F0D2706 
 957      56055192 
 957      74253BE1 
 958 00ab 38064EA1 		.ascii	"8\006N\241\353\223\354a\273\213\330\014\347\264\014"
 958      EB93EC61 
 958      BB8BD80C 
 958      E7B40C
 959 00ba 6731A5FB 		.ascii	"g1\245\373\357\336$\"\365\371]V\352\253\216\035\311"
 959      EFDE2422 
 959      F5F95D56 
 959      EAAB8E1D 
 959      C9
 960 00cb C671CCAB 		.ascii	"\306q\314\253pO\203/\251\307\031De\251\327R\006TD\264"
 960      704F832F 
 960      A9C71944 
 960      65A9D752 
 960      065444B4 
 961 00df 24C52F28 		.ascii	"$\305/(1x\202\252\355A?\367\267\217\215\3348\316|\030"
 961      317882AA 
 961      ED413FF7 
 961      B78F8DDC 
 961      38CE7C18 
 962 00f3 3807BDA2 		.ascii	"8\007\275\242\264y\201\2324f\301{%\252l\234\371\272"
 962      B479819A 
 962      3466C17B 
 962      25AA6C9C 
 962      F9BA
 963 0105 4CD2338A 		.ascii	"L\3223\212\237\013\017FM&\230eT\252\316\277\314\245"
 963      9F0B0F46 
 963      4D269865 
 963      54AACEBF 
 963      CCA5
 964 0117 D8604DCA 		.ascii	"\330`M\3128)\350\015\305VF\372\013\312\022\277\003\213"
 964      3829E80D 
 964      C55646FA 
 964      0BCA12BF 
 964      038B
 965 0129 91866933 		.ascii	"\221\206i3\357\271\2669\022\204\366d\316\017\315\300"
 965      EFB9B639 
 965      1284F664 
 965      CE0FCDC0 
 966 0139 9BF02DDB 		.ascii	"\233\360-\333\234\312\331n!\025\214\217:a\2520d\366"
 966      9CCAD96E 
 966      21158C8F 
 966      3A61AA30 
 966      64F6
 967 014b 39BECBB4 		.ascii	"9\276\313\264M\255\241[\030\264<\3376-\317u\2751\323"
 967      4DADA15B 
 967      18B43CDF 
 967      362DCF75 
 967      BD31D3
 968 015e CA3B438E 		.ascii	"\312;C\216\027\230\241\343\332~\332\"c4\027\204\315"
 968      1798A1E3 
 968      DA7EDA22 
 968      63341784 
 968      CD
 969 016f 7F286D67 		.ascii	"\177(mg\273\2073\331L'\375\000i/\210\026"
 969      BB8733D9 
 969      4C27FD00 
 969      692F8816 
 970              		.text
 971              		.section	.gnu.lto_timer_elapsed32.253.f5f8c0890b9a0b2b,"e",%progbits
 972 0000 789C4D8E 		.ascii	"x\234M\216\275K\003A\020\305\347\335\336E,m\254S\010"
 972      BD4B0341 
 972      10C5E7DD 
 972      DE452C6D 
 972      AC5308
 973 0013 62912C88 		.ascii	"b\221,\210`\322Y\371\007\330XJr.\344L\326\223\273\023"
 973      60D259F9 
 973      07D8584A 
 973      722EE44C 
 973      D693BB13 
 974 0027 B1CAC688 		.ascii	"\261\312\306\210E\232\230\330I\010\022\022\260K\243"
 974      459A98D8 
 974      49081212 
 974      B04BA3
 975 0036 2476D78B 		.ascii	"$v\327\213 Bj{\213 6Z\010:\027\005-\036\273o\336o>\246"
 975      20426A7B 
 975      8B20365A 
 975      083A1705 
 975      2D1EBB6F 
 976 004e 4454622D 		.ascii	"DTb-\261 \010\355V\303\"c\314\306\234\205Z\2531Y\304"
 976      B12008ED 
 976      56C32263 
 976      CCC69C85 
 976      5AAB3159 
 977 0063 1D661654 		.ascii	"\035f\026T\265P\305\205\350\010\264E\237Q\373\367\007"
 977      B550C585 
 977      E808B445 
 977      9F51FBF7 
 977      07
 978 0074 A4576263 		.ascii	"\244Wbc>\006\227\317k\235\353\330\356\013\213\272\234"
 978      3E0697CF 
 978      6B9DEBD8 
 978      EE0B8BBA 
 978      9C
 979 0085 DF0237E0 		.ascii	"\337\0027\340\261\304\234\330\242ef\036\357\307\306"
 979      B1C49CD8 
 979      A265661E 
 979      EFC7C6
 980 0094 CC131318 		.ascii	"\314\023\023\030\341\037\303\205\355w~S\224t&\247\260"
 980      E11FC385 
 980      ED777E53 
 980      947426A7 
 980      B0
 981 00a5 864F4E6C 		.ascii	"\206ONl>\277\232\306<\0140\024)0&l`\014'i j\212\344"
 981      3EBF9AC6 
 981      3C0C3014 
 981      2930266C 
 981      600C2769 
 982 00bd 5263C3C4 		.ascii	"Rc\303\304D\347\302\372156/0\275\021\350\025\365\253"
 982      44E7C2FA 
 982      3135362F 
 982      30BD11E8 
 982      15F5AB
 983 00d0 097A02A7 		.ascii	"\011z\002\247\260\372\302\356\212\331*\207\246\250w"
 983      B0FAC2EE 
 983      8AD92A87 
 983      A6A877
 984 00df CFB8EE70 		.ascii	"\317\270\356p\324\0236\275\341$\315.Y\334\024\370\233"
 984      D41336BD 
 984      E124CD2E 
 984      59DC14F8 
 984      9B
 985 00f0 49949525 		.ascii	"I\224\225%_+\271\027F\352\250\020D2\364\017\003W\311"
 985      5F2BB917 
 985      46EAA810 
 985      4432F40F 
 985      0357C9
 986 0103 E382D2E5 		.ascii	"\343\202\322\345LxP\361\242L\271(7\275@s\254(\035\351"
 986      4C7850F1 
 986      A24CB928 
 986      37BD4073 
 986      AC281DE9 
 987 0117 F28EEB07 		.ascii	"\362\216\353\007J\272\276\326\376\276tK^\321\363C\031"
 987      4ABABED6 
 987      FEBE744B 
 987      5ED1F343 
 987      19
 988 0128 795A0559 		.ascii	"yZ\005Y\227\354J!\214\026~]V\345\327ws\371\334*}\003"
 988      97EC4A21 
 988      8C167E5D 
 988      56E5D777 
 988      73F9DC2A 
 989 013e 4ACC6FBD 		.ascii	"J\314o\275"
 990              		.text
 991              		.section	.gnu.lto_.symbol_nodes.f5f8c0890b9a0b2b,"e",%progbits
 992 0000 789C758F 		.ascii	"x\234u\217\335\021\202@\014\204w\223;\304\241\010\037"
 992      DD118240 
 992      0C847793 
 992      3BC4A108 
 992      1F
 993 0011 ED83C672 		.ascii	"\355\203\306rZ\001EP\205EX\205-\200\277\210\036\234"
 993      5A014550 
 993      85455885 
 993      2D80BF88 
 993      1E9C
 994 0023 E353F6E9 		.ascii	"\343S\366\351\233|\331\314dO\000r\243!}\023\330\235"
 994      9B7CD9CC 
 994      644F0072 
 994      A3217D13 
 994      D89D
 995 0035 01034EE9 		.ascii	"\001\003N\351@d\005\304\201H-\240q$W\270R\026\220;\215"
 995      406405C4 
 995      81482DA0 
 995      712457B8 
 995      5216903B 
 996 004a 5E4F9E34 		.ascii	"^O\2364q\345\203\246\256|\321\202+'Z\364$\337\264j."
 996      71E583A6 
 996      AE7CD182 
 996      2B275AF4 
 996      24DFB46A 
 997 005f D92D0BC8 		.ascii	"\331-\013\310\217e\253\330\256\265K\243\241`\337h\374"
 997      8F65ABD8 
 997      AEB54BA3 
 997      A160DF68 
 997      FC
 998 0070 6355EEB6 		.ascii	"cU\356\266\272)t\244\326\277!>\013\370Lk"
 998      BA2974A4 
 998      D6BF213E 
 998      0BF84C6B 
 999              		.text
 1000              		.section	.gnu.lto_.refs.f5f8c0890b9a0b2b,"e",%progbits
 1001 0000 789C0DC8 		.ascii	"x\234\015\310\301\015\2000\024\303P\207Pf\251\320\007"
 1001      C10D8030 
 1001      14C35087 
 1001      5066A9D0 
 1001      07
 1002 0011 5455A8FB 		.ascii	"TU\250\373o\326\334\374\274\000#\335\350(\344\027\237"
 1002      6FD6DCFC 
 1002      BC0023DD 
 1002      E828E417 
 1002      9F
 1003 0022 528F725C 		.ascii	"R\217r\\\\\215\024~\242/w\200f\374\303\006I\341\002"
 1003      5C8D147E 
 1003      A22F7780 
 1003      66FCC306 
 1003      49E102
 1004 0035 90       		.ascii	"\220"
 1005              		.text
 1006              		.section	.gnu.lto_.decls.f5f8c0890b9a0b2b,"e",%progbits
 1007 0000 789C9D55 		.ascii	"x\234\235U}pT\325\025\277\347\336\375|\331\020L\327"
 1007      7D7054D5 
 1007      15BFE7DE 
 1007      FD7CD910 
 1007      4CD7
 1008 0012 F18FCE60 		.ascii	"\361\217\316`\206\266\020\207\201\325\015\003\2443\235"
 1008      86B61087 
 1008      81D50D03 
 1008      A4339D
 1009 0021 46334518 		.ascii	"F3E\030\213\303\210v:\376\263]\366=\334\225\335lf\367"
 1009      8BC38876 
 1009      3AFEB35D 
 1009      F63DDC95 
 1009      DD6C66F7 
 1010 0035 858FFF2E 		.ascii	"\205\217\377.$@\034\300F\372\225*\230t(S\246\305\232"
 1010      24401CC0 
 1010      46FA952A 
 1010      98742853 
 1010      A6C59A
 1011 0048 191183B1 		.ascii	"\031\021\203\261\232,(!\021\203|\004L\370(\010q\301"
 1011      9A2C2821 
 1011      11837C04 
 1011      4CF82808 
 1011      71C1
 1012 005a 0851C044 		.ascii	"\010Q\300D\014\304s\357\373\330|\000\326\336\344\354"
 1012      0CC473EF 
 1012      FBD87C00 
 1012      D6DEE4EC 
 1013 006a BBEFDEDF 		.ascii	"\273\357\336\337\371\235\3379\357\274\373J\275\204\354"
 1013      F99DDF39 
 1013      EFBCFB4A 
 1013      BD84EC
 1014 0079 A184EC42 		.ascii	"\241\204\354B\033\301\341&\204|\214\206\267\244\005"
 1014      1BC1E126 
 1014      847C8C86 
 1014      B7A405
 1015 0088 AD8D1843 		.ascii	"\255\215\030C\254\177\200\326\216\326\211\366\021\332"
 1015      AC7F80D6 
 1015      8ED689F6 
 1015      11DA
 1016 0096 11B46EB4 		.ascii	"\021\264n\264^4\206v\006\355\277h\347\311\330\261\031"
 1016      5E348676 
 1016      06EDBF68 
 1016      E7C9D8B1 
 1016      19
 1017 00a7 08F1E135 		.ascii	"\010\361\3415\212V\210\346G\373\304\344\236\2066\035"
 1017      8A5688E6 
 1017      47FBC4E4 
 1017      9E86361D 
 1018 00b7 2D8BF605 		.ascii	"-\213\366\005\332\025\264\036\264\253\246o\236\031\367"
 1018      DA15B41E 
 1018      B4ABA66F 
 1018      9E19F7
 1019 00c6 06DAA019 		.ascii	"\006\332\240\031\377\033\264a\264\333\002\200\334\024"
 1019      FF1BB461 
 1019      B4DB0280 
 1019      DC14
 1020 00d4 CD09DFAF 		.ascii	"\315\011\337\257\343\245{\350\230nj\271\233\016\305"
 1020      E3A57BE8 
 1020      986E6AB9 
 1020      9B0EC5
 1021 00e3 8C6DE9F8 		.ascii	"\214m\351\370\1775lC\214kT\374\0263\266\013\327;L\014"
 1021      7F356C43 
 1021      8C6B54FC 
 1021      1633B60B 
 1021      D73B4C0C 
 1022 00f7 35EBDB49 		.ascii	"5\353\333I&\216\277\2309X\376mf\016\202\243\370\177"
 1022      268EBF98 
 1022      3958FE6D 
 1022      660E82A3 
 1022      F87F
 1023 0109 C8A1F307 		.ascii	"\310\241\363\007\344`\351?3N\303\0160\372a|\016\323"
 1023      E460E93F 
 1023      334EC30E 
 1023      30FA617C 
 1023      0ED3
 1024 011b C6E52138 		.ascii	"\306\345!8\216\334#\227\327\306\325\302z\016\343k\321"
 1024      8EDC2397 
 1024      D7C6D5C2 
 1024      7A0EE36B 
 1024      D1
 1025 012c 7D17FF2D 		.ascii	"}\027\377-\014\246\301\310\010\223W\302(\011p92\205"
 1025      0CA6C1C8 
 1025      089357C2 
 1025      28097039 
 1025      3285
 1026 013e 04F68084 		.ascii	"\004\366\200\204\314\310c\277\020\270B\240\370\353\207"
 1026      CCC863BF 
 1026      10B842A0 
 1026      F8EB87
 1027 014d C9AF303A 		.ascii	"\311\2570:\270~\347\253yJ+\347\375\274u\255\223\300"
 1027      B87EE7AB 
 1027      794A2BE7 
 1027      FDBC75AD 
 1027      93C0
 1028 015f DB007B81 		.ascii	"\333\000{\201@3 \313[\000o\002\354\006\004O\007\361"
 1028      403320CB 
 1028      5B006F02 
 1028      EC06044F 
 1028      07F1
 1029 0171 3E14C819 		.ascii	">\024\310\031a\363\015\026\207d)B\226\376\367/}\230"
 1029      61F30D16 
 1029      87642942 
 1029      96FEF72F 
 1029      7D98
 1030 0183 2F580678 		.ascii	"/X\006xk\215\227@+\300{\310\362. \034Y\376\003\360\016"
 1030      6B8D9740 
 1030      2BC07BC8 
 1030      F22E201C 
 1030      59FE03F0 
 1031 0198 20ACB3F7 		.ascii	" \254\263\367\325&\357E\020\265\000\207\012\000'\347"
 1031      D526EF45 
 1031      10B50087 
 1031      0A0027E7 
 1032 01a8 E08F429E 		.ascii	"\340\217B\236e\304\317)\247\223TF\025\2460U9\351((\276"
 1032      65C4CF29 
 1032      A7935446 
 1032      15A63055 
 1032      39E92828 
 1033 01bd CECA3CB4 		.ascii	"\316\312<\264\270@\361\354\334\007\223\025\247\207\322"
 1033      B840F1EC 
 1033      DC079315 
 1033      A787D2
 1034 01cc AC5B558A 		.ascii	"\254[U\212o\302.\332\350**\343\016u\323\375Y7\247uO"
 1034      6FC22EDA 
 1034      E82A2AE3 
 1034      0E75D3FD 
 1034      5937A775 
 1035 01e1 FA4BCAF0 		.ascii	"\372K\312\3607\353n\007\025\275\026;<\223q\226u+\327"
 1035      37EB6E07 
 1035      15BD163B 
 1035      3C937196 
 1035      752BD7
 1036 01f4 59E36697 		.ascii	"Y\343f\227z\210\326N\207vP\324\240\037\353Q\346\361"
 1036      7A88D64E 
 1036      877650D4 
 1036      A01FEB51 
 1036      E6F1
 1037 0206 4C999261 		.ascii	"L\231\222a\031\326\216E\361x\232\376}\277\222u\027 "
 1037      19D68E45 
 1037      F1789AFE 
 1037      7DBF9275 
 1037      1720
 1038 0218 47B15A34 		.ascii	"G\261Z4Y-*h\007\247\252*\376b\202*\324`\260\214*H\355"
 1038      592D2A68 
 1038      07A7AA2A 
 1038      FE62822A 
 1038      D460B08C 
 1039 022f F0B44390 		.ascii	"\360\264C\220\201/\310\317}\376\200\342T\274S\212\260"
 1039      812FC8CF 
 1039      7DFE80E2 
 1039      54BC538A 
 1039      B0
 1040 0240 BF54329F 		.ascii	"\277T2\237\"1\033\261\006\2701\250\232\273\005(Vh\220"
 1040      22311BB1 
 1040      06B831A8 
 1040      9ABB0528 
 1040      566890
 1041 0253 B227B2D8 		.ascii	"\262'\262\330!\224\026\021\302\035\036\237\0178^\274"
 1041      21941611 
 1041      C21D1E9F 
 1041      0F385EBC 
 1042 0263 A127D4C5 		.ascii	"\241'\324\305A\205d\335\024\267\374\016\340\024r\236"
 1042      418564DD 
 1042      14B7FC0E 
 1042      E014729E 
 1043 0273 8A8B0034 		.ascii	"\212\213\00040\254\241\370\303A\300\230\0210\215\214"
 1043      30ACA1F8 
 1043      C341C098 
 1043      11308D8C 
 1044 0283 0E63EF53 		.ascii	"\016c\357SsB\210\265j\017b_\261\267\015\016j\264:\200"
 1044      734288B5 
 1044      6A0F625F 
 1044      B1B70D0E 
 1044      6AB43A80 
 1045 0297 79256085 		.ascii	"y%`\205\030ENL:\002&\304\3421}\215\336\262V,-\"\206"
 1045      18454E4C 
 1045      3A0226C4 
 1045      E2317D8D 
 1045      DEB2562C 
 1046 02ae 04536BD5 		.ascii	"\004Sk\325\036\023\204\217\0319\031\306;H\0106\316\037"
 1046      1E13848F 
 1046      193919C6 
 1046      3B480836 
 1046      CE1F
 1047 02c0 2EB6D478 		.ascii	".\266\324x\373\260n|\347\346\367\030L\252+\303\027\352"
 1047      FBB06E7C 
 1047      E7E6F718 
 1047      4CAA2BC3 
 1047      17EA
 1048 02d2 79B1B3A1 		.ascii	"y\261\263\241\345\305N\345\001.\372\227\373!j\366/\201"
 1048      E5C54EE5 
 1048      012EFA97 
 1048      FB216AF6 
 1048      2F81
 1049 02e4 F7912229 		.ascii	"\367\221\")}\217|\371\342\006\317\324\372z>\324\273"
 1049      7D8F7CF9 
 1049      E206CFD4 
 1049      FA7A3ED4 
 1049      BB
 1050 02f5 A1EFBCEB 		.ascii	"\241\357\274\353\203j\276S\264\001\"`?`wJ\365\373\021"
 1050      836ABE53 
 1050      B4012260 
 1050      3F60774A 
 1050      F5FB11
 1051 0308 BE0F2003 		.ascii	"\276\017 \0033\216P\206\276\350\227\355>|\300+\374\232"
 1051      338E5086 
 1051      BEE897ED 
 1051      3E7CC02B 
 1051      FC9A
 1052 031a B63573EE 		.ascii	"\2665s\356\344|\215C\370\0340}\360\301\343\334\362\352"
 1052      E47C8D43 
 1052      F81C307D 
 1052      F0C1E3DC 
 1052      F2EA
 1053 032c A0EC63E9 		.ascii	"\240\354c\351u|\313\355\016j\353i\003[P\207-h\367\305"
 1053      757CCBED 
 1053      0E6AEB69 
 1053      035B5087 
 1053      2D68F7C5 
 1054 0340 8641493C 		.ascii	"\206AI<\360\372\356JCK\007\300A[\313A\233\365o\224\235"
 1054      F0FAEE4A 
 1054      434B07C0 
 1054      415BCB41 
 1054      9BF56F94 
 1055 0355 91ACA71A 		.ascii	"\221\254\247\032w\274\222cm\311\261\036\262Y\327\017"
 1055      77BC9263 
 1055      6DC9B11E 
 1055      B259D70F 
 1056 0365 BE70305F 		.ascii	"\276p0_\312}\315\226{\010\340CK\356Gbn\021\277K\331"
 1056      CA7DCD96 
 1056      7B08E043 
 1056      4BEE4762 
 1056      6E11BF4B 
 1057 037a 2549FCF7 		.ascii	"%I\374\367\215\327/\273\035b\037I\223\270\320\370\322"
 1057      8DD72FBB 
 1057      1D621F49 
 1057      93B8D0F8 
 1057      D2
 1058 038b 1B177C77 		.ascii	"\033\027|w\212\204\351\301a\220\241\372\367lk\236$C"
 1058      8A84E9C1 
 1058      6190A1FA 
 1058      F76C6B9E 
 1058      2443
 1059 039d 9D364271 		.ascii	"\2356Bq\007nC\227\235A\227\035\250\206\262A\031\250"
 1059      076E4397 
 1059      9D41971D 
 1059      A886B241 
 1059      19A8
 1060 03af AEF6D81C 		.ascii	"\256\366\330\034\031\247\315\210s\240k\3735\367\235"
 1060      19A7CD88 
 1060      73A06BFB 
 1060      35F79D
 1061 03be EA741C7D 		.ascii	"\352t\034}\217\031qv\325^X&\303\234\265\303\034\007"
 1061      8F197176 
 1061      D55E5826 
 1061      C39CB5C3 
 1061      1C07
 1062 03d0 386A8739 		.ascii	"8j\2079j\207\371\014\330\006J\330\037\251p\333S\333"
 1062      6A87F90C 
 1062      D8064AD8 
 1062      1FA970DB 
 1062      53DB
 1063 03e2 3E40271E 		.ascii	">@'\036i'G\037i\242\247\376Y\323\237g+\370$\247\240"
 1063      6927471F 
 1063      69A2A7FE 
 1063      59D39F67 
 1063      2BF824A7 
 1064 03f7 C7AEE9C6 		.ascii	"\307\256\351\306\352\221m\276\251\365\234\017\015o\271"
 1064      EA916DBE 
 1064      A9F59C0F 
 1064      0D6FB9
 1065 0406 F5F3AD3C 		.ascii	"\365\363\255<Cq\023N\330\002N\200y\362\242~\302\216"
 1065      4371134E 
 1065      D8024E80 
 1065      79F2A27E 
 1065      C28E
 1066 0418 52F2B3D6 		.ascii	"R\362\263\326:>T\277\361O\353\334|\201X<-\240\346iH"
 1066      3A3E54BF 
 1066      F14FEBDC 
 1066      7C81583C 
 1066      2DA0E669 
 1067 042d C4DD2998 		.ascii	"\304\335)\230\261\017\330Y\003\331t\240\232/\220\025"
 1067      B10FD859 
 1067      03D974A0 
 1067      9A2F9015 
 1068 043d 393B0677 		.ascii	"9;\006wV\342\272\200\365\233\270z\314\337+\201\347\306"
 1068      56E2BA80 
 1068      F59BB87A 
 1068      CCDF2B81 
 1068      E7C6
 1069 044f 00CF4960 		.ascii	"\000\317I`\257\310\346\315+\303MN\205\233'0\036\316"
 1069      AFC8E6CD 
 1069      2BC34D4E 
 1069      859B2730 
 1069      1ECE
 1070 0461 16E653CC 		.ascii	"\026\346S\314&\000\017\263\033\2426\256[\307\216\037"
 1070      26000FB3 
 1070      1BA236AE 
 1070      5BC78E1F 
 1071 0471 762B3F06 		.ascii	"v+?\006\300\177\254P\226g\3260\002%\3600\201\013\000"
 1071      C07FAC50 
 1071      9667D630 
 1071      0225F030 
 1071      810B00
 1072 0484 7834431F 		.ascii	"x4C\037\300gx\214\\\204\265\234\017?\210W\321\324\333"
 1072      C067788C 
 1072      5C84B59C 
 1072      0F3F8857 
 1072      D1D4DB
 1073 0497 6FBEC30A 		.ascii	"o\276\303\012\221\274\206\363\337\341\222]\252,\310"
 1073      91BC86F3 
 1073      DFE1925D 
 1073      AA2CC8
 1074 04a6 00C6E7C0 		.ascii	"\000\306\347\300\205\310\177\354\255\355\364\336I\306"
 1074      85C87FEC 
 1074      ADEDF4DE 
 1074      49C6
 1075 04b4 6529E312 		.ascii	"e)\343\022H\244[~8\346!\376\350\247}\231\202\321\314"
 1075      48A45B7E 
 1075      38E621FE 
 1075      E8A77D99 
 1075      82D1CC
 1076 04c7 FD009F0B 		.ascii	"\375\000\237\013\374\027 }\304S\270\322\263\2775\337"
 1076      FC17207D 
 1076      C453B8D2 
 1076      B3BF35DF 
 1077 04d7 273F2E8D 		.ascii	"'?.\215\031\207x\002\026\351\025\003\360\366p\327W\256"
 1077      19877802 
 1077      16E91503 
 1077      F0F670D7 
 1077      57AE
 1078 04e9 1CA02D07 		.ascii	"\034\240-\007\270\212?\354&vF-\223\3173\263o\253\013"
 1078      B88A3FEC 
 1078      2676462D 
 1078      93CF33B3 
 1078      6FAB0B
 1079 04fc BB10BE34 		.ascii	"\273\020\2764\034\3077e\317\346\277\276\340\276\303"
 1079      1CC73765 
 1079      CFE6BFBE 
 1079      E0BEC3
 1080 050b 61721DC5 		.ascii	"ar\035\305\\\303\311\324:<EN\275\334{u\322Vl-\316\333"
 1080      5CC3C9D4 
 1080      3A3C454E 
 1080      BDDC7B75 
 1080      D2566C2D 
 1081 0521 FCB80503 		.ascii	"\374\270\005\003F?\300W\0007\304\235\325\224\335\214"
 1081      463FC057 
 1081      0037C49D 
 1081      D594DD8C 
 1082 0531 7533C3A7 		.ascii	"u3\303\247\251\341\367;,\037\231\301\327\326k9(\346"
 1082      A9E1F73B 
 1082      2C1F99C1 
 1082      D7D66B39 
 1082      28E6
 1083 0543 96470F65 		.ascii	"\226G\017e\233\034f\224\363M{\037\311\310\263\252n\201"
 1083      9B1C6694 
 1083      F34D7B1F 
 1083      C9C8B3AA 
 1083      6E81
 1084 0555 3877862C 		.ascii	"8w\206,\217o\304\334\362x\235\261\026\307\204\324$\303"
 1084      8F6FC4DC 
 1084      F2789DB1 
 1084      16C784D4 
 1084      24C3
 1085 0567 CB7D874F 		.ascii	"\313}\207O\270Z\260s\326q\276\366!q\"\302MS\351\267"
 1085      B85AB073 
 1085      D671BEF6 
 1085      217122C2 
 1085      4D53E9B7 
 1086 057b 00C3E2CE 		.ascii	"\000\303\342\316b9\304\330\220\031wx\313\345\355c\224"
 1086      6239C4D8 
 1086      90197778 
 1086      CBE5ED63 
 1086      94
 1087 058c DEB2E2DE 		.ascii	"\336\262\342\336\026s\313\243\231\261MN\351\321\334"
 1087      1673CBA3 
 1087      99B14D4E 
 1087      E9D1DC
 1088 059b D4D05FED 		.ascii	"\324\320_\3556u\"~\304\302\213\357\231\215\037\244\254"
 1088      3675227E 
 1088      C4C28BEF 
 1088      998D1FA4 
 1088      AC
 1089 05ac C1696536 		.ascii	"\301ie6\3202&\2635\324\364XKqnyT3\366/\347]3;=.\263"
 1089      D03226B3 
 1089      35D4F458 
 1089      4B716E79 
 1089      5433F62F 
 1090 05c7 6A83036A 		.ascii	"j\203\003j(\254\243xg\261\354g\242\201n\377\371\032"
 1090      28ACA378 
 1090      67B1EC67 
 1090      A2816EFF 
 1090      F91A
 1091 05d9 CBF54747 		.ascii	"\313\365GG\256?\326\213\257\323\203zby(\222Li\201H2"
 1091      AE3FD68B 
 1091      AFD3837A 
 1091      62792892 
 1091      4C698148 
 1092 05ee 91485604 		.ascii	"\221HV\004\"\321\330\322X2\035\320c\011-5+\342y\374"
 1092      22D1D8D2 
 1092      58321DD0 
 1092      63092D35 
 1092      2BE279FC 
 1093 0602 C9678ACA 		.ascii	"\311g\212\312KK\311}\346\302,\255t\256:\257t^\220x\252"
 1093      4B4BC97D 
 1093      E6C22CAD 
 1093      74AE3AAF 
 1093      745E9078 
 1094 0617 6215FA23 		.ascii	"b\025\372#sB\272\234\224\004C:\235M|\341Tb\305\\mfb"
 1094      7342BA9C 
 1094      9404433A 
 1094      9D4D7CE1 
 1094      5462C55C 
 1095 062e C6B24AA2 		.ascii	"\306\262J\242 \261\256\255\232\231\230M\024\351\036"
 1095      20B1AEAD 
 1095      9A99984D 
 1095      14E91E
 1096 063d 8A55C4F4 		.ascii	"\212U\304\364Y\201h2\241\005\236O\353\332\312pJ\017"
 1096      59816832 
 1096      A1059E4F 
 1096      EBDACA70 
 1096      4A0F
 1097 064f A49355A9 		.ascii	"\244\223U\251\210\026X\035\326\022\313g\246+\3431}\346"
 1097      8816581D 
 1097      D612CB67 
 1097      A62BE331 
 1097      7DE6
 1098 0661 F2A581F9 		.ascii	"\362\245\201\371\261T\002\2675R\364=\012I\236A\035\211"
 1098      B15402B7 
 1098      3552F43D 
 1098      0A499E41 
 1098      1D89
 1099 0673 6BE194CF 		.ascii	"k\341\224\317\230\247\264\260Z\022Tr7\371\306T\213\207"
 1099      98A7B4B0 
 1099      5A125472 
 1099      37F9C654 
 1099      8B87
 1100 0685 2BD39A5A 		.ascii	"+\323\232Z0\346\256$\350K\353\217kzy\262\252B\327R\336"
 1100      30E6AE24 
 1100      E84BEB8F 
 1100      6B7A79B2 
 1100      AA42D752 
 1101 069a F4EAB4D8 		.ascii	"\364\352\264\330\017\351\263g\005\342\261\245v<\374"
 1101      0FE9B367 
 1101      05E2B1A5 
 1101      763CFC
 1102 06a9 37155462 		.ascii	"7\025TbZ\351\300\243O-*_\264\012\267\205\270\220\241"
 1102      5AE9C0A3 
 1102      4F2D2A5F 
 1102      B40AB785 
 1102      B890A1
 1103 06bc 264AF252 		.ascii	"&J\362RZZ\323C\225I\254\211/\036N\353!\223\317\223\\"
 1103      5A5AD343 
 1103      9549AC89 
 1103      2F1E4EEB 
 1103      2193CF93 
 1104 06d1 A1A596C5 		.ascii	"\241\245\226\305\223+\035\221h8\225\037\012\011\330"
 1104      932B1D91 
 1104      6838951F 
 1104      0A09D8
 1105 06e0 638F2EF9 		.ascii	"c\217.\371\325\342\247\026\346\207\343+\303\253\323"
 1105      D5E2A716 
 1105      E687E32B 
 1105      C3ABD3
 1106 06ef 589E78AC 		.ascii	"X\236x\254B\373\345\335\342j\253t\0215P\276h\311\302"
 1106      42FBE5DD 
 1106      E26AAB74 
 1106      113550BE 
 1106      68C9C2
 1107 0702 25817251 		.ascii	"%\201rQ\223\205\025\221x\225\212\265I\244c\351\320s"
 1107      93851591 
 1107      78958AB5 
 1107      49A463E9 
 1107      D073
 1108 0714 91084AB8 		.ascii	"\221\010J\270/\022\375\315\323\230\320\022\014\254%"
 1108      2F12FDCD 
 1108      D398D012 
 1108      0CAC25
 1109 0723 9EC6D83F 		.ascii	"\236\306\330?\231\300\210u\217Y\256\321\025:zy#Qt\370"
 1109      99C08875 
 1109      8F59AED1 
 1109      153A7A79 
 1109      235174F8 
 1110 0737 7532B2FC 		.ascii	"u2\262\374\247\367Fc>\002.\212\020\212#<\370C\312\264"
 1110      A7F74663 
 1110      3E022E8A 
 1110      108A233C 
 1110      F843CAB4 
 1111 074b 626E029D 		.ascii	"bn\002\235\177$\235\215\247\360\234f\314\012'\250\376"
 1111      7F249D8D 
 1111      A7F09C66 
 1111      CC0A27A8 
 1111      FE
 1112 075c 6D9E94F4 		.ascii	"m\236\224\364L\205\210\222']\252\344\374;\255\263\363"
 1112      4C858892 
 1112      275DAAE4 
 1112      FC3BADB3 
 1112      F3
 1113 076d A9       		.ascii	"\251"
 1114              		.text
 1115              		.section	.gnu.lto_.symtab.f5f8c0890b9a0b2b,"e",%progbits
 1116 0000 74696D65 		.ascii	"timer_init\000"
 1116      725F696E 
 1116      697400
 1117 000b 00       		.ascii	"\000"
 1118 000c 00       		.ascii	"\000"
 1119 000d 00       		.ascii	"\000"
 1120 000e 00000000 		.ascii	"\000\000\000\000\000\000\000\000"
 1120      00000000 
 1121 0016 C6000000 		.ascii	"\306\000\000\000"
 1122 001a 74696D65 		.ascii	"timer_clear\000"
 1122      725F636C 
 1122      65617200 
 1123 0026 00       		.ascii	"\000"
 1124 0027 00       		.ascii	"\000"
 1125 0028 00       		.ascii	"\000"
 1126 0029 00000000 		.ascii	"\000\000\000\000\000\000\000\000"
 1126      00000000 
 1127 0031 C8000000 		.ascii	"\310\000\000\000"
 1128 0035 74696D65 		.ascii	"timer_read32\000"
 1128      725F7265 
 1128      61643332 
 1128      00
 1129 0042 00       		.ascii	"\000"
 1130 0043 00       		.ascii	"\000"
 1131 0044 00       		.ascii	"\000"
 1132 0045 00000000 		.ascii	"\000\000\000\000\000\000\000\000"
 1132      00000000 
 1133 004d CB000000 		.ascii	"\313\000\000\000"
 1134 0051 74696D65 		.ascii	"timer_read\000"
 1134      725F7265 
 1134      616400
 1135 005c 00       		.ascii	"\000"
 1136 005d 00       		.ascii	"\000"
 1137 005e 00       		.ascii	"\000"
 1138 005f 00000000 		.ascii	"\000\000\000\000\000\000\000\000"
 1138      00000000 
 1139 0067 CE000000 		.ascii	"\316\000\000\000"
 1140 006b 74696D65 		.ascii	"timer_elapsed\000"
 1140      725F656C 
 1140      61707365 
 1140      6400
 1141 0079 00       		.ascii	"\000"
 1142 007a 00       		.ascii	"\000"
 1143 007b 00       		.ascii	"\000"
 1144 007c 00000000 		.ascii	"\000\000\000\000\000\000\000\000"
 1144      00000000 
 1145 0084 D2000000 		.ascii	"\322\000\000\000"
 1146 0088 74696D65 		.ascii	"timer_elapsed32\000"
 1146      725F656C 
 1146      61707365 
 1146      64333200 
 1147 0098 00       		.ascii	"\000"
 1148 0099 00       		.ascii	"\000"
 1149 009a 00       		.ascii	"\000"
 1150 009b 00000000 		.ascii	"\000\000\000\000\000\000\000\000"
 1150      00000000 
 1151 00a3 D6000000 		.ascii	"\326\000\000\000"
 1152 00a7 73744765 		.ascii	"stGetCounter\000"
 1152      74436F75 
 1152      6E746572 
 1152      00
 1153 00b4 00       		.ascii	"\000"
 1154 00b5 02       		.ascii	"\002"
 1155 00b6 00       		.ascii	"\000"
 1156 00b7 00000000 		.ascii	"\000\000\000\000\000\000\000\000"
 1156      00000000 
 1157 00bf DB000000 		.ascii	"\333\000\000\000"
 1158              		.text
 1159              		.section	.gnu.lto_.ext_symtab.f5f8c0890b9a0b2b,"e",%progbits
 1160 0000 01       		.ascii	"\001"
 1161 0001 01       		.ascii	"\001"
 1162 0002 00       		.ascii	"\000"
 1163 0003 01       		.ascii	"\001"
 1164 0004 00       		.ascii	"\000"
 1165 0005 01       		.ascii	"\001"
 1166 0006 00       		.ascii	"\000"
 1167 0007 01       		.ascii	"\001"
 1168 0008 00       		.ascii	"\000"
 1169 0009 01       		.ascii	"\001"
 1170 000a 00       		.ascii	"\000"
 1171 000b 01       		.ascii	"\001"
 1172 000c 00       		.ascii	"\000"
 1173 000d 01       		.ascii	"\001"
 1174 000e 00       		.ascii	"\000"
 1175              		.text
 1176              		.section	.gnu.lto_.opts,"e",%progbits
 1177 0000 272D666E 		.ascii	"'-fno-openmp' '-fno-openacc' '-fno-pie' '-fcf-prote"
 1177      6F2D6F70 
 1177      656E6D70 
 1177      2720272D 
 1177      666E6F2D 
 1178 0033 6374696F 		.ascii	"ction=none' '-g' '-mcpu=cortex-m4' '-mthumb' '-mno-"
 1178      6E3D6E6F 
 1178      6E652720 
 1178      272D6727 
 1178      20272D6D 
 1179 0066 7468756D 		.ascii	"thumb-interwork' '-mno-unaligned-access' '-mfloat-a"
 1179      622D696E 
 1179      74657277 
 1179      6F726B27 
 1179      20272D6D 
 1180 0099 62693D68 		.ascii	"bi=hard' '-mfpu=fpv4-sp-d16' '-mlibarch=armv7e-m+fp"
 1180      61726427 
 1180      20272D6D 
 1180      6670753D 
 1180      66707634 
 1181 00cc 2720272D 		.ascii	"' '-march=armv7e-m+fp' '-Os' '-Ofast' '-fsingle-pre"
 1181      6D617263 
 1181      683D6172 
 1181      6D763765 
 1181      2D6D2B66 
 1182 00ff 63697369 		.ascii	"cision-constant' '-fomit-frame-pointer' '-ffunction"
 1182      6F6E2D63 
 1182      6F6E7374 
 1182      616E7427 
 1182      20272D66 
 1183 0132 2D736563 		.ascii	"-sections' '-fdata-sections' '-fshort-wchar' '-fcom"
 1183      74696F6E 
 1183      73272027 
 1183      2D666461 
 1183      74612D73 
 1184 0165 6D6F6E27 		.ascii	"mon' '-flto' '-Xassembler' '-adhlns=.build/obj_karl"
 1184      20272D66 
 1184      6C746F27 
 1184      20272D58 
 1184      61737365 
 1185 0198 6B39305F 		.ascii	"k90_yaemk_moonlanderlike/common/chibios/timer.lst'\000"
 1185      7961656D 
 1185      6B5F6D6F 
 1185      6F6E6C61 
 1185      6E646572 
 1186              		.text
 1187              		.comm	__gnu_lto_slim,1,1
 1188              		.ident	"GCC: (15:10.3-2021.07-4) 10.3.1 20210621 (release)"
DEFINED SYMBOLS
                            *ABS*:0000000000000000 timer.c
     /tmp/cc1npuvt.s:24     .gnu.debuglto_.debug_info:0000000000000000 timer.c.e97d8982
                            *COM*:0000000000000001 __gnu_lto_slim

NO UNDEFINED SYMBOLS
